0.0	8.665000
0.317	8.665000
0.317	8.493000
0.635	8.493000
0.635	8.503000
0.953	8.503000
0.953	7.006000
1.305	7.006000
1.305	6.401000
1.657	6.401000
1.657	6.393000
2.009	6.393000
2.009	8.367000
2.325	8.367000
2.325	8.184000
2.642	8.184000
2.642	8.029000
2.959	8.029000
2.959	7.556000
3.276	7.556000
3.276	7.438000
3.593	7.438000
3.593	6.952000
3.91	6.952000
3.91	7.784000
4.262	7.784000
4.262	7.742000
4.613	7.742000
4.613	7.536000
4.965	7.536000
4.965	9.016000
5.28	9.016000
5.28	8.871000
5.596	8.871000
5.596	8.817000
5.913	8.817000
5.913	8.073000
6.23	8.073000
6.23	8.106000
6.545	8.106000
6.545	8.035000
6.861	8.035000
6.861	8.617000
7.177	8.617000
7.177	8.313000
7.494	8.313000
7.494	7.804000
7.811	7.804000
7.811	8.752000
8.124	8.752000
8.124	8.827000
8.441	8.827000
8.441	8.585000
8.758	8.585000
8.758	8.266000
9.076	8.266000
9.076	8.265000
9.394	8.265000
9.394	8.066000
9.712	8.066000
9.712	8.431000
10.029	8.431000
10.029	8.593000
10.346	8.593000
10.346	8.158000
10.663	8.158000
10.663	9.074000
10.98	9.074000
10.98	8.827000
11.296	8.827000
11.296	8.552000
11.613	8.552000
11.613	7.563000
11.965	7.563000
11.965	7.711000
12.315	7.711000
12.315	7.533000
12.667	7.533000
12.667	7.949000
13.019	7.949000
13.019	8.174000
13.371	8.174000
13.371	7.601000
13.723	7.601000
13.723	8.734000
14.04	8.734000
14.04	8.691000
14.358	8.691000
14.358	8.360000
14.676	8.360000
14.676	8.595000
14.993	8.595000
14.993	8.409000
15.31	8.409000
15.31	8.397000
15.625	8.397000
15.625	7.117000
15.977	7.117000
15.977	7.082000
16.328	7.082000
16.328	6.633000
16.68	6.633000
16.68	8.703000
16.994	8.703000
16.994	8.688000
17.312	8.688000
17.312	8.658000
17.63	8.658000
17.63	6.221000
17.982	6.221000
17.982	6.415000
18.334	6.415000
18.334	5.887000
18.687	5.887000
18.687	7.546000
19.003	7.546000
19.003	7.392000
19.32	7.392000
19.32	7.399000
19.637	7.399000
19.637	7.461000
19.988	7.461000
19.988	7.489000
20.34	7.489000
20.34	7.444000
20.692	7.444000
20.692	8.669000
21.009	8.669000
21.009	8.622000
21.326	8.622000
21.326	8.289000
21.643	8.289000
21.643	9.234000
21.959	9.234000
21.959	9.114000
22.276	9.114000
22.276	8.928000
22.593	8.928000
22.593	8.637000
22.91	8.637000
22.91	8.483000
23.227	8.483000
23.227	8.571000
23.543	8.571000
23.543	8.348000
23.86	8.348000
23.86	8.437000
24.177	8.437000
24.177	7.900000
24.494	7.900000
24.494	9.399000
24.81	9.399000
24.81	9.327000
25.127	9.327000
25.127	9.279000
25.443	9.279000
25.443	8.327000
25.761	8.327000
25.761	8.052000
26.076	8.052000
26.076	8.051000
26.394	8.051000
26.394	8.179000
26.711	8.179000
26.711	8.151000
27.028	8.151000
27.028	7.890000
27.346	7.890000
27.346	8.839000
27.663	8.839000
27.663	9.024000
27.98	9.024000
27.98	8.753000
28.297	8.753000
28.297	8.637000
28.614	8.637000
28.614	8.835000
28.932	8.835000
28.932	8.228000
29.25	8.228000
29.25	7.731000
29.602	7.731000
29.602	7.844000
29.953	7.844000
29.953	7.842000
30.305	7.842000
30.305	8.636000
30.622	8.636000
30.622	8.486000
30.938	8.486000
30.938	8.245000
31.256	8.245000
31.256	7.126000
31.608	7.126000
31.608	7.051000
31.96	7.051000
31.96	6.629000
32.312	6.629000
32.312	7.414000
32.665	7.414000
32.665	7.509000
33.018	7.509000
33.018	7.376000
33.371	7.376000
33.371	9.253000
33.686	9.253000
33.686	9.164000
34.003	9.164000
34.003	9.248000
34.32	9.248000
34.32	8.920000
34.637	8.920000
34.637	8.778000
34.951	8.778000
34.951	9.017000
35.268	9.017000
35.268	8.432000
35.586	8.432000
35.586	8.852000
35.902	8.852000
35.902	8.116000
36.22	8.116000
36.22	9.346000
36.537	9.346000
36.537	9.203000
36.854	9.203000
36.854	9.289000
37.171	9.289000
37.171	8.160000
37.487	8.160000
37.487	8.273000
37.803	8.273000
37.803	8.207000
38.12	8.207000
38.12	8.099000
38.436	8.099000
38.436	8.185000
38.751	8.185000
38.751	7.627000
39.068	7.627000
39.068	9.364000
39.382	9.364000
39.382	8.988000
39.699	8.988000
39.699	9.080000
40.016	9.080000
40.016	8.343000
40.333	8.343000
40.333	8.176000
40.649	8.176000
40.649	8.064000
40.966	8.064000
40.966	8.958000
41.283	8.958000
41.283	9.324000
41.598	9.324000
41.598	9.320000
41.914	9.320000
41.914	8.088000
42.23	8.088000
42.23	8.204000
42.547	8.204000
42.547	8.219000
42.864	8.219000
42.864	7.310000
43.216	7.310000
43.216	7.614000
43.567	7.614000
43.567	6.742000
43.919	6.742000
43.919	9.768000
44.234	9.768000
44.234	9.073000
44.551	9.073000
44.551	9.278000
44.869	9.278000
44.869	9.459000
45.187	9.459000
45.187	7.171000
45.539	7.171000
45.539	7.956000
45.89	7.956000
45.89	6.865000
46.243	6.865000
46.243	6.860000
46.56	6.860000
46.56	6.529000
46.877	6.529000
46.877	8.119000
47.194	8.119000
47.194	7.922000
47.51	7.922000
47.51	8.126000
47.827	8.126000
47.827	7.886000
48.144	7.886000
48.144	6.117000
48.497	6.117000
48.497	6.152000
48.849	6.152000
48.849	5.612000
49.202	5.612000
49.202	7.312000
49.519	7.312000
49.519	6.796000
49.835	6.796000
49.835	7.051000
50.152	7.051000
50.152	8.481000
50.469	8.481000
50.469	8.137000
50.786	8.137000
50.786	8.457000
51.103	8.457000
51.103	6.446000
51.455	6.446000
51.455	6.742000
51.807	6.742000
51.807	6.301000
52.16	6.301000
52.16	8.945000
52.477	8.945000
52.477	8.758000
52.792	8.758000
52.792	8.628000
53.109	8.628000
53.109	9.078000
53.423	9.078000
53.423	8.664000
53.74	8.664000
53.74	8.992000
54.057	8.992000
54.057	8.118000
54.374	8.118000
54.374	7.702000
54.691	7.702000
54.691	8.008000
55.008	8.008000
55.008	8.420000
55.291	8.420000
55.291	8.338000
55.574	8.338000
55.574	8.233000
55.857	8.233000
55.857	9.510000
56.206	9.510000
56.206	9.387000
56.559	9.387000
56.559	9.622000
56.912	9.622000
56.912	9.951000
57.264	9.951000
57.264	9.868000
57.615	9.868000
57.615	9.863000
57.967	9.863000
57.967	9.867000
58.319	9.867000
58.319	9.416000
58.671	9.416000
58.671	9.697000
58.947	9.697000
58.947	9.421000
59.223	9.421000
59.223	9.403000
59.499	9.403000
59.499	7.311000
59.852	7.311000
59.852	7.220000
60.204	7.220000
60.204	7.270000
60.557	7.270000
60.557	6.260000
60.874	6.260000
60.874	5.925000
61.191	5.925000
61.191	5.861000
61.506	5.861000
61.506	8.845000
61.822	8.845000
61.822	8.418000
62.139	8.418000
62.139	9.136000
62.456	9.136000
62.456	7.011000
62.773	7.011000
62.773	6.701000
63.09	6.701000
63.09	6.793000
63.407	6.793000
63.407	9.035000
63.725	9.035000
63.725	8.820000
64.043	8.820000
64.043	8.797000
64.361	8.797000
64.361	7.651000
64.712	7.651000
64.712	7.513000
65.064	7.513000
65.064	7.591000
65.416	7.591000
65.416	7.565000
65.733	7.565000
65.733	7.947000
66.05	7.947000
66.05	7.552000
66.366	7.552000
66.366	8.081000
66.684	8.081000
66.684	8.421000
67.001	8.421000
67.001	8.409000
67.319	8.409000
67.319	7.584000
67.636	7.584000
67.636	7.338000
67.953	7.338000
67.953	7.456000
68.27	7.456000
68.27	7.625000
68.623	7.625000
68.623	7.289000
68.975	7.289000
68.975	7.486000
69.327	7.486000
69.327	9.080000
69.645	9.080000
69.645	9.016000
69.963	9.016000
69.963	8.894000
70.281	8.894000
70.281	8.268000
70.598	8.268000
70.598	7.543000
70.915	7.543000
70.915	7.992000
71.231	7.992000
71.231	8.251000
71.548	8.251000
71.548	8.203000
71.865	8.203000
71.865	7.778000
72.182	7.778000
72.182	8.623000
72.5	8.623000
72.5	9.004000
72.818	9.004000
72.818	8.748000
73.136	8.748000
73.136	8.175000
73.452	8.175000
73.452	7.595000
73.769	7.595000
73.769	8.100000
74.085	8.100000
74.085	8.653000
74.437	8.653000
74.437	8.234000
74.788	8.234000
74.788	8.178000
75.14	8.178000
75.14	8.345000
75.458	8.345000
75.458	8.712000
75.775	8.712000
75.775	8.679000
76.093	8.679000
76.093	8.038000
76.409	8.038000
76.409	7.998000
76.726	7.998000
76.726	7.694000
77.043	7.694000
77.043	8.754000
77.36	8.754000
77.36	8.628000
77.676	8.628000
77.676	9.031000
77.993	9.031000
77.993	8.064000
78.309	8.064000
78.309	8.482000
78.625	8.482000
78.625	8.281000
78.942	8.281000
78.942	7.699000
79.259	7.699000
79.259	7.695000
79.576	7.695000
79.576	7.525000
79.892	7.525000
79.892	6.871000
80.241	6.871000
80.241	6.884000
80.589	6.884000
80.589	6.759000
80.937	6.759000
80.937	8.675000
81.253	8.675000
81.253	8.674000
81.57	8.674000
81.57	8.663000
81.887	8.663000
81.887	7.270000
82.204	7.270000
82.204	7.321000
82.521	7.321000
82.521	7.164000
82.838	7.164000
82.838	8.148000
83.156	8.148000
83.156	7.918000
83.474	7.918000
83.474	7.428000
83.792	7.428000
83.792	7.595000
84.106	7.595000
84.106	7.448000
84.423	7.448000
84.423	7.791000
84.739	7.791000
84.739	5.779000
85.09	5.779000
85.09	5.534000
85.442	5.534000
85.442	6.490000
85.793	6.490000
85.793	8.206000
86.106	8.206000
86.106	7.954000
86.423	7.954000
86.423	8.366000
86.739	8.366000
86.739	7.614000
87.091	7.614000
87.091	7.573000
87.443	7.573000
87.443	7.190000
87.794	7.190000
87.794	8.600000
88.111	8.600000
88.111	8.333000
88.428	8.333000
88.428	8.419000
88.744	8.419000
88.744	7.505000
89.061	7.505000
89.061	7.027000
89.378	7.027000
89.378	7.382000
89.694	7.382000
89.694	6.607000
90.01	6.607000
90.01	6.598000
90.327	6.598000
90.327	6.556000
90.643	6.556000
90.643	8.644000
90.96	8.644000
90.96	8.551000
91.278	8.551000
91.278	8.541000
91.596	8.541000
91.596	6.894000
91.913	6.894000
91.913	6.866000
92.23	6.866000
92.23	7.048000
92.547	7.048000
92.547	6.866000
92.898	6.866000
92.898	7.022000
93.249	7.022000
93.249	7.073000
93.6	7.073000
93.6	8.812000
93.916	8.812000
93.916	8.621000
94.233	8.621000
94.233	8.576000
94.55	8.576000
94.55	7.240000
94.868	7.240000
94.868	7.156000
95.186	7.156000
95.186	6.962000
95.502	6.962000
95.502	5.503000
95.817	5.503000
95.817	5.970000
96.133	5.970000
96.133	5.807000
96.448	5.807000
96.448	8.227000
96.764	8.227000
96.764	8.018000
97.081	8.018000
97.081	7.952000
97.398	7.952000
97.398	6.803000
97.75	6.803000
97.75	6.351000
98.102	6.351000
98.102	6.449000
98.453	6.449000
98.453	8.447000
98.77	8.447000
98.77	8.319000
99.087	8.319000
99.087	8.268000
99.404	8.268000
99.404	7.824000
99.757	7.824000
99.757	7.760000
100.11	7.760000
100.11	7.444000
100.462	7.444000
100.462	8.270000
100.779	8.270000
100.779	7.566000
101.096	7.566000
101.096	8.220000
101.413	8.220000
101.413	8.362000
101.731	8.362000
101.731	8.329000
102.049	8.329000
102.049	8.464000
102.367	8.464000
102.367	8.265000
102.684	8.265000
102.684	7.700000
103.001	7.700000
103.001	7.718000
103.318	7.718000
103.318	7.896000
103.635	7.896000
103.635	7.563000
103.952	7.563000
103.952	7.896000
104.269	7.896000
104.269	8.643000
104.586	8.643000
104.586	8.875000
104.903	8.875000
104.903	8.741000
105.22	8.741000
105.22	4.885000
105.572	4.885000
105.572	4.618000
105.924	4.618000
105.924	4.781000
106.277	4.781000
106.277	6.908000
106.629	6.908000
106.629	6.561000
106.979	6.561000
106.979	6.821000
107.33	6.821000
107.33	7.004000
107.644	7.004000
107.644	6.754000
107.96	6.754000
107.96	6.769000
108.276	6.769000
108.276	4.140000
108.628	4.140000
108.628	3.920000
108.979	3.920000
108.979	3.980000
109.33	3.980000
109.33	6.314000
109.683	6.314000
109.683	6.488000
110.035	6.488000
110.035	6.360000
110.387	6.360000
110.387	8.857000
110.704	8.857000
110.704	8.899000
111.021	8.899000
111.021	8.692000
111.338	8.692000
111.338	7.535000
111.655	7.535000
111.655	7.653000
111.972	7.653000
111.972	7.367000
112.289	7.367000
112.289	7.175000
112.641	7.175000
112.641	7.015000
112.993	7.015000
112.993	6.832000
113.345	6.832000
113.345	7.809000
113.661	7.809000
113.661	7.739000
113.978	7.739000
113.978	7.633000
114.295	7.633000
114.295	5.712000
114.613	5.712000
114.613	5.762000
114.93	5.762000
114.93	5.382000
115.247	5.382000
115.247	8.465000
115.564	8.465000
115.564	8.038000
115.881	8.038000
115.881	8.300000
116.198	8.300000
116.198	8.544000
116.515	8.544000
116.515	8.609000
116.832	8.609000
116.832	8.515000
117.149	8.515000
117.149	8.753000
117.466	8.753000
117.466	8.245000
117.782	8.245000
117.782	8.334000
118.099	8.334000
118.099	7.850000
118.416	7.850000
118.416	7.572000
118.733	7.572000
118.733	7.685000
119.05	7.685000
119.05	8.210000
119.367	8.210000
119.367	8.422000
119.685	8.422000
119.685	8.273000
120.003	8.273000
120.003	7.253000
120.32	7.253000
120.32	7.356000
120.636	7.356000
120.636	6.923000
120.951	6.923000
120.951	6.683000
121.304	6.683000
121.304	6.263000
121.656	6.263000
121.656	6.755000
122.009	6.755000
122.009	7.274000
122.362	7.274000
122.362	7.902000
122.713	7.902000
122.713	7.857000
123.065	7.857000
123.065	6.514000
123.38	6.514000
123.38	6.662000
123.695	6.662000
123.695	6.872000
124.012	6.872000
124.012	1.572000
124.362	1.572000
124.362	2.083000
124.711	2.083000
124.711	1.928000
125.061	1.928000
125.061	2.177000
125.377	2.177000
125.377	2.502000
125.69	2.502000
125.69	2.134000
126.002	2.134000
126.002	8.465000
126.317	8.465000
126.317	8.803000
126.633	8.803000
126.633	8.964000
126.95	8.964000
126.95	7.350000
127.267	7.350000
127.267	7.262000
127.583	7.262000
127.583	7.195000
127.9	7.195000
127.9	7.168000
128.217	7.168000
128.217	6.756000
128.533	6.756000
128.533	6.956000
128.85	6.956000
128.85	7.931000
129.165	7.931000
129.165	8.470000
129.48	8.470000
129.48	8.814000
129.796	8.814000
129.796	7.389000
130.113	7.389000
130.113	7.211000
130.43	7.211000
130.43	7.109000
130.747	7.109000
130.747	6.807000
131.099	6.807000
131.099	6.312000
131.451	6.312000
131.451	6.404000
131.803	6.404000
131.803	8.304000
132.124	8.304000
132.124	8.570000
132.445	8.570000
132.445	8.972000
132.766	8.972000
132.766	7.655000
133.083	7.655000
133.083	7.150000
133.4	7.150000
133.4	7.379000
133.717	7.379000
133.717	7.253000
134.033	7.253000
134.033	7.256000
134.35	7.256000
134.35	7.471000
134.667	7.471000
134.667	6.349000
134.984	6.349000
134.984	6.756000
135.301	6.756000
135.301	6.623000
135.618	6.623000
135.618	6.405000
135.968	6.405000
135.968	6.093000
136.32	6.093000
136.32	6.143000
136.67	6.143000
136.67	6.756000
137.021	6.756000
137.021	6.057000
137.367	6.057000
137.367	6.422000
137.716	6.422000
137.716	8.576000
138.033	8.576000
138.033	8.727000
138.35	8.727000
138.35	9.041000
138.667	9.041000
138.667	7.922000
138.983	7.922000
138.983	7.704000
139.299	7.704000
139.299	7.916000
139.615	7.916000
139.615	7.981000
139.932	7.981000
139.932	7.814000
140.249	7.814000
140.249	7.862000
140.566	7.862000
140.566	8.303000
140.882	8.303000
140.882	8.704000
141.199	8.704000
141.199	8.833000
141.516	8.833000
141.516	8.416000
141.832	8.416000
141.832	8.017000
142.149	8.017000
142.149	8.217000
142.466	8.217000
142.466	7.820000
142.783	7.820000
142.783	7.296000
143.1	7.296000
143.1	7.321000
143.417	7.321000
143.417	9.228000
143.732	9.228000
143.732	9.213000
144.049	9.213000
144.049	9.366000
144.366	9.366000
144.366	9.299000
144.682	9.299000
144.682	8.897000
144.999	8.897000
144.999	9.071000
145.316	9.071000
145.316	7.826000
145.633	7.826000
145.633	7.328000
145.95	7.328000
145.95	7.649000
146.267	7.649000
146.267	8.583000
146.585	8.583000
146.585	8.804000
146.903	8.804000
146.903	9.093000
147.221	9.093000
147.221	8.384000
147.538	8.384000
147.538	7.786000
147.855	7.786000
147.855	8.188000
148.172	8.188000
148.172	8.834000
148.489	8.834000
148.489	8.505000
148.806	8.505000
148.806	8.699000
149.123	8.699000
149.123	8.431000
149.44	8.431000
149.44	8.853000
149.756	8.853000
149.756	8.976000
150.073	8.976000
150.073	7.720000
150.39	7.720000
150.39	7.776000
150.707	7.776000
150.707	7.784000
151.024	7.784000
151.024	6.818000
151.342	6.818000
151.342	7.231000
151.66	7.231000
151.66	7.220000
151.977	7.220000
151.977	7.892000
152.295	7.892000
152.295	8.155000
152.613	8.155000
152.613	8.100000
152.93	8.100000
152.93	7.783000
153.248	7.783000
153.248	7.491000
153.566	7.491000
153.566	7.729000
153.884	7.729000
153.884	7.226000
154.2	7.226000
154.2	7.120000
154.517	7.120000
154.517	7.126000
154.834	7.126000
154.834	8.732000
155.152	8.732000
155.152	8.830000
155.469	8.830000
155.469	8.757000
155.786	8.757000
155.786	8.472000
156.104	8.472000
156.104	7.810000
156.422	7.810000
156.422	8.235000
156.736	8.235000
156.736	7.363000
157.012	7.363000
157.012	7.322000
157.289	7.322000
157.289	7.136000
157.566	7.136000
157.566	6.586000
157.882	6.586000
157.882	6.316000
158.198	6.316000
158.198	7.204000
158.514	7.204000
158.514	8.306000
158.825	8.306000
158.825	8.248000
159.135	8.248000
159.135	8.355000
159.445	8.355000
159.445	8.645000
159.761	8.645000
159.761	8.526000
160.078	8.526000
160.078	8.702000
160.395	8.702000
160.395	8.670000
160.712	8.670000
160.712	8.454000
161.028	8.454000
161.028	8.386000
161.345	8.386000
161.345	8.545000
161.661	8.545000
161.661	8.741000
161.978	8.741000
161.978	8.870000
162.295	8.870000
162.295	7.538000
162.646	7.538000
162.646	7.346000
162.995	7.346000
162.995	7.283000
163.346	7.283000
163.346	7.763000
163.664	7.763000
163.664	7.683000
163.982	7.683000
163.982	7.573000
164.3	7.573000
164.3	7.831000
164.616	7.831000
164.616	7.755000
164.933	7.755000
164.933	7.874000
165.25	7.874000
165.25	8.202000
165.567	8.202000
165.567	7.905000
165.882	7.905000
165.882	7.448000
166.199	7.448000
166.199	8.291000
166.473	8.291000
166.473	8.509000
166.749	8.509000
166.749	7.771000
167.025	7.771000
167.025	8.763000
167.341	8.763000
167.341	8.660000
167.658	8.660000
167.658	8.713000
167.975	8.713000
167.975	9.269000
168.292	9.269000
168.292	9.192000
168.604	9.192000
168.604	8.730000
168.921	8.730000
168.921	6.327000
169.273	6.327000
169.273	6.282000
169.625	6.282000
169.625	6.255000
169.977	6.255000
169.977	8.239000
170.293	8.239000
170.293	8.336000
170.61	8.336000
170.61	8.424000
170.927	8.424000
170.927	8.094000
171.244	8.094000
171.244	8.476000
171.558	8.476000
171.558	7.819000
171.875	7.819000
171.875	7.420000
172.191	7.420000
172.191	7.646000
172.507	7.646000
172.507	7.399000
172.824	7.399000
172.824	8.287000
173.139	8.287000
173.139	8.408000
173.454	8.408000
173.454	8.416000
173.768	8.416000
173.768	6.488000
174.121	6.488000
174.121	6.623000
174.474	6.623000
174.474	6.568000
174.827	6.568000
174.827	5.709000
175.178	5.709000
175.178	6.020000
175.53	6.020000
175.53	5.421000
175.882	5.421000
175.882	9.088000
176.198	9.088000
176.198	8.896000
176.515	8.896000
176.515	9.052000
176.832	9.052000
176.832	7.938000
177.149	7.938000
177.149	7.742000
177.465	7.742000
177.465	7.913000
177.782	7.913000
177.782	7.924000
178.1	7.924000
178.1	7.890000
178.418	7.890000
178.418	7.431000
178.736	7.431000
178.736	8.471000
179.054	8.471000
179.054	8.264000
179.372	8.264000
179.372	8.451000
179.69	8.451000
179.69	7.949000
180.008	7.949000
180.008	7.914000
180.326	7.914000
180.326	7.742000
180.644	7.742000
180.644	8.547000
180.959	8.547000
180.959	8.610000
181.273	8.610000
181.273	8.116000
181.587	8.116000
181.587	8.320000
181.902	8.320000
181.902	8.359000
182.219	8.359000
182.219	8.447000
182.536	8.447000
182.536	7.060000
182.854	7.060000
182.854	6.858000
183.168	6.858000
183.168	7.028000
183.486	7.028000
183.486	8.316000
183.803	8.316000
183.803	8.253000
184.12	8.253000
184.12	7.767000
184.437	7.767000
184.437	8.480000
184.754	8.480000
184.754	8.592000
185.071	8.592000
185.071	8.667000
185.388	8.667000
185.388	8.318000
185.705	8.318000
185.705	8.436000
186.02	8.436000
186.02	7.915000
186.337	7.915000
186.337	6.922000
186.654	6.922000
186.654	6.969000
186.971	6.969000
186.971	6.542000
187.287	6.542000
187.287	7.388000
187.605	7.388000
187.605	7.453000
187.922	7.453000
187.922	7.670000
188.237	7.670000
188.237	7.098000
188.588	7.098000
188.588	7.394000
188.94	7.394000
188.94	6.721000
189.292	6.721000
189.292	6.850000
189.609	6.850000
189.609	6.936000
189.925	6.936000
189.925	6.765000
190.242	6.765000
190.242	7.775000
190.559	7.775000
190.559	8.150000
190.877	8.150000
190.877	7.980000
191.194	7.980000
191.194	5.431000
191.544	5.431000
191.544	5.522000
191.894	5.522000
191.894	5.190000
192.244	5.190000
192.244	8.431000
192.56	8.431000
192.56	8.354000
192.875	8.354000
192.875	8.149000
193.191	8.149000
193.191	8.595000
193.508	8.595000
193.508	8.399000
193.825	8.399000
193.825	8.417000
194.142	8.417000
194.142	8.291000
194.459	8.291000
194.459	8.144000
194.776	8.144000
194.776	8.105000
195.093	8.105000
195.093	6.987000
195.492	6.987000
195.492	7.592000
195.893	7.592000
195.893	7.195000
196.294	7.195000
196.294	8.862000
196.607	8.862000
196.607	9.037000
196.92	9.037000
196.92	8.913000
197.234	8.913000
197.234	8.410000
197.577	8.410000
197.577	8.180000
197.923	8.180000
197.923	8.195000
198.267	8.195000
198.267	8.743000
198.584	8.743000
198.584	8.532000
198.901	8.532000
198.901	8.029000
199.218	8.029000
199.218	8.839000
199.535	8.839000
199.535	9.218000
199.852	9.218000
199.852	9.067000
200.169	9.067000
200.169	8.614000
200.486	8.614000
200.486	8.543000
200.802	8.543000
200.802	8.002000
201.119	8.002000
201.119	7.000000
201.471	7.000000
201.471	7.159000
201.823	7.159000
201.823	6.552000
202.175	6.552000
202.175	8.991000
202.493	8.991000
202.493	9.067000
202.811	9.067000
202.811	9.146000
203.129	9.146000
203.129	7.914000
203.446	7.914000
203.446	7.868000
203.764	7.868000
203.764	7.645000
204.082	7.645000
204.082	7.837000
204.399	7.837000
204.399	8.060000
204.716	8.060000
204.716	7.556000
205.033	7.556000
205.033	8.543000
205.35	8.543000
205.35	8.743000
205.666	8.743000
205.666	8.695000
205.983	8.695000
205.983	9.170000
206.336	9.170000
206.336	9.534000
206.688	9.534000
206.688	9.540000
207.041	9.540000
207.041	9.367000
207.356	9.367000
207.356	9.371000
207.672	9.371000
207.672	9.316000
207.988	9.316000
207.988	7.507000
208.305	7.507000
208.305	7.400000
208.622	7.400000
208.622	7.394000
208.939	7.394000
208.939	8.913000
209.291	8.913000
209.291	9.671000
209.642	9.671000
209.642	9.389000
209.994	9.389000
209.994	9.731000
210.311	9.731000
210.311	9.404000
210.628	9.404000
210.628	9.551000
210.945	9.551000
210.945	6.856000
211.298	6.856000
211.298	6.947000
211.65	6.947000
211.65	6.817000
212.003	6.817000
212.003	8.180000
212.319	8.180000
212.319	8.249000
212.635	8.249000
212.635	8.377000
212.951	8.377000
212.951	8.936000
213.266	8.936000
213.266	9.221000
213.583	9.221000
213.583	9.284000
213.9	9.284000
213.9	7.205000
214.251	7.205000
214.251	7.318000
214.602	7.318000
214.602	7.302000
214.953	7.302000
214.953	7.830000
215.304	7.830000
215.304	8.370000
215.653	8.370000
215.653	8.369000
216.002	8.369000
216.002	9.983000
216.315	9.983000
216.315	9.617000
216.631	9.617000
216.631	9.769000
216.948	9.769000
216.948	9.475000
217.298	9.475000
217.298	9.477000
217.65	9.477000
217.65	9.600000
218.002	9.600000
218.002	7.539000
218.354	7.539000
218.354	7.669000
218.705	7.669000
218.705	7.728000
219.056	7.728000
219.056	9.913000
219.374	9.913000
219.374	9.692000
219.691	9.692000
219.691	9.247000
220.008	9.247000
220.008	6.808000
220.36	6.808000
220.36	7.424000
220.709	7.424000
220.709	7.362000
221.059	7.362000
221.059	3.584000
221.412	3.584000
221.412	3.669000
221.762	3.669000
221.762	3.500000
222.109	3.500000
222.109	7.208000
222.424	7.208000
222.424	6.788000
222.739	6.788000
222.739	6.872000
223.056	6.872000
223.056	2.654000
223.408	2.654000
223.408	2.544000
223.757	2.544000
223.757	2.535000
224.107	2.535000
224.107	9.024000
224.424	9.024000
224.424	9.218000
224.741	9.218000
224.741	8.949000
225.058	8.949000
225.058	9.026000
225.368	9.026000
225.368	9.308000
225.678	9.308000
225.678	9.024000
225.988	9.024000
225.988	9.244000
226.305	9.244000
226.305	9.946000
226.622	9.946000
226.622	9.053000
226.939	9.053000
226.939	9.875000
227.256	9.875000
227.256	7.185000
227.608	7.185000
227.608	7.520000
227.96	7.520000
227.96	7.256000
228.312	7.256000
228.312	9.675000
228.664	9.675000
228.664	9.995000
229.016	9.995000
229.016	8.059000
229.331	8.059000
229.331	8.728000
229.645	8.728000
229.645	8.815000
229.962	8.815000
229.962	7.739000
230.277	7.739000
230.277	7.911000
230.592	7.911000
230.592	7.950000
230.907	7.950000
230.907	7.801000
231.255	7.801000
231.255	7.645000
231.603	7.645000
231.603	7.479000
231.952	7.479000
231.952	9.018000
232.263	9.018000
232.263	9.477000
232.573	9.477000
232.573	9.416000
232.883	9.416000
232.883	7.718000
233.195	7.718000
233.195	7.611000
233.51	7.611000
233.51	7.405000
233.825	7.405000
233.825	8.802000
234.141	8.802000
234.141	8.416000
234.454	8.416000
234.454	8.187000
234.767	8.187000
234.767	8.784000
235.084	8.784000
235.084	9.104000
235.399	9.104000
235.399	8.759000
235.716	8.759000
235.716	8.967000
236.068	8.967000
236.068	9.497000
236.421	9.497000
236.421	9.086000
236.774	9.086000
236.774	7.907000
237.127	7.907000
237.127	7.914000
237.48	7.914000
237.48	7.887000
237.833	7.887000
237.833	9.027000
238.149	9.027000
238.149	9.386000
238.464	9.386000
238.464	8.896000
238.78	8.896000
238.78	9.939000
239.097	9.939000
239.097	9.698000
239.414	9.698000
239.414	9.572000
239.731	9.572000
239.731	7.392000
240.048	7.392000
240.048	7.317000
240.364	7.317000
240.364	7.143000
240.68	7.143000
240.68	8.712000
240.998	8.712000
240.998	8.704000
241.316	8.704000
241.316	8.791000
241.634	8.791000
241.634	8.698000
241.951	8.698000
241.951	8.657000
242.267	8.657000
242.267	8.349000
242.584	8.349000
242.584	8.258000
242.9	8.258000
242.9	8.328000
243.215	8.328000
243.215	8.390000
243.532	8.390000
243.532	8.976000
243.849	8.976000
243.849	9.096000
244.166	9.096000
244.166	8.579000
244.483	8.579000
244.483	6.837000
244.8	6.837000
244.8	7.043000
245.117	7.043000
245.117	6.928000
245.434	6.928000
245.434	7.151000
245.75	7.151000
245.75	8.171000
246.067	8.171000
246.067	8.177000
246.384	8.177000
246.384	8.578000
246.702	8.578000
246.702	8.110000
247.019	8.110000
247.019	8.508000
247.336	8.508000
247.336	9.704000
247.689	9.704000
247.689	9.889000
248.042	9.889000
248.042	9.432000
248.393	9.432000
248.393	9.101000
248.711	9.101000
248.711	8.948000
249.029	8.948000
249.029	8.952000
249.347	8.952000
249.347	9.910000
249.699	9.910000
249.699	9.132000
250.016	9.132000
250.016	9.093000
250.33	9.093000
250.33	9.258000
250.648	9.258000
250.648	9.210000
250.966	9.210000
250.966	8.089000
251.284	8.089000
251.284	8.493000
251.602	8.493000
251.602	8.546000
251.92	8.546000
251.92	8.514000
252.273	8.514000
252.273	8.554000
252.623	8.554000
252.623	8.137000
252.976	8.137000
252.976	9.705000
253.293	9.705000
253.293	9.757000
253.611	9.757000
253.611	8.739000
253.928	8.739000
253.928	8.895000
254.244	8.895000
254.244	8.993000
254.561	8.993000
254.561	9.582000
254.914	9.582000
254.914	9.539000
255.267	9.539000
255.267	9.532000
255.62	9.532000
255.62	9.857000
255.937	9.857000
255.937	9.835000
256.253	9.835000
256.253	9.220000
256.57	9.220000
256.57	9.388000
256.887	9.388000
256.887	9.356000
257.204	9.356000
257.204	9.380000
257.521	9.380000
257.521	9.725000
257.837	9.725000
257.837	9.826000
258.153	9.826000
258.153	9.392000
258.47	9.392000
258.47	9.424000
258.787	9.424000
258.787	9.357000
259.104	9.357000
259.104	8.624000
259.457	8.624000
259.457	8.900000
259.81	8.900000
259.81	8.847000
260.163	8.847000
260.163	8.531000
260.48	8.531000
260.48	8.514000
260.797	8.514000
260.797	8.498000
261.114	8.498000
261.114	5.748000
261.43	5.748000
261.43	5.528000
261.747	5.528000
261.747	5.126000
262.064	5.126000
262.064	7.795000
262.381	7.795000
262.381	7.460000
262.698	7.460000
262.698	7.645000
263.015	7.645000
263.015	7.727000
263.331	7.727000
263.331	8.199000
263.649	8.199000
263.649	8.220000
263.967	8.220000
263.967	6.562000
264.279	6.562000
264.279	7.070000
264.59	7.070000
264.59	6.655000
264.901	6.655000
264.901	9.793000
265.253	9.793000
265.253	9.671000
265.604	9.671000
265.604	9.901000
265.921	9.901000
265.921	9.753000
266.239	9.753000
266.239	9.756000
266.557	9.756000
266.557	9.189000
266.909	9.189000
266.909	9.083000
267.261	9.083000
267.261	9.262000
267.613	9.262000
267.613	7.971000
267.966	7.971000
267.966	7.861000
268.319	7.861000
268.319	7.875000
268.672	7.875000
268.672	8.667000
268.989	8.667000
268.989	8.590000
269.307	8.590000
269.307	8.640000
269.625	8.640000
269.625	6.641000
269.943	6.641000
269.943	6.735000
270.261	6.735000
270.261	6.779000
270.579	6.779000
270.579	8.166000
270.896	8.166000
270.896	8.283000
271.211	8.283000
271.211	8.086000
271.526	8.086000
271.526	9.050000
271.841	9.050000
271.841	9.062000
272.159	9.062000
272.159	9.047000
272.477	9.047000
272.477	7.775000
272.795	7.775000
272.795	7.570000
273.113	7.570000
273.113	7.986000
273.431	7.986000
273.431	9.521000
273.746	9.521000
273.746	9.022000
274.06	9.022000
274.06	9.439000
274.376	9.439000
274.376	0.000000
274.376	0.000000
274.376	0.000000
274.376	0.000000
274.376	0.000000
274.376	0.000000
274.376	0.000000
274.376	0.000000
274.376	0.000000
274.376	0.000000
274.376	0.000000
274.376	0.000000
274.376	9.998000
274.685	9.998000
274.685	9.760000
274.994	9.760000
274.994	9.764000
275.303	9.764000
275.303	9.546000
275.656	9.546000
275.656	9.782000
275.972	9.782000
275.972	9.289000
276.289	9.289000
276.289	9.580000
276.606	9.580000
276.606	8.117000
276.924	8.117000
276.924	8.246000
277.24	8.246000
277.24	8.154000
277.557	8.154000
277.557	8.897000
277.91	8.897000
277.91	9.317000
278.261	9.317000
278.261	9.271000
278.612	9.271000
278.612	9.891000
278.928	9.891000
278.928	9.687000
279.246	9.687000
279.246	9.633000
279.564	9.633000
279.564	8.905000
279.881	8.905000
279.881	8.565000
280.198	8.565000
280.198	8.844000
280.515	8.844000
280.515	9.687000
280.833	9.687000
280.833	9.608000
281.151	9.608000
281.151	9.562000
281.469	9.562000
281.469	8.580000
281.787	8.580000
281.787	8.249000
282.105	8.249000
282.105	8.297000
282.423	8.297000
282.423	7.648000
282.739	7.648000
282.739	7.092000
283.056	7.092000
283.056	7.105000
283.373	7.105000
283.373	9.373000
283.69	9.373000
283.69	9.298000
284.008	9.298000
284.008	9.272000
284.326	9.272000
284.326	9.231000
284.644	9.231000
284.644	9.974000
284.958	9.974000
284.958	9.878000
285.275	9.878000
285.275	7.465000
285.592	7.465000
285.592	8.020000
285.909	8.020000
285.909	7.380000
286.225	7.380000
286.225	9.029000
286.543	9.029000
286.543	9.240000
286.86	9.240000
286.86	9.115000
287.178	9.115000
287.178	8.135000
287.531	8.135000
287.531	7.895000
287.884	7.895000
287.884	7.881000
288.236	7.881000
288.236	9.023000
288.554	9.023000
288.554	9.481000
288.872	9.481000
288.872	9.269000
289.19	9.269000
289.19	9.039000
289.507	9.039000
289.507	9.161000
289.824	9.161000
289.824	9.201000
290.141	9.201000
290.141	9.090000
290.458	9.090000
290.458	8.859000
290.775	8.859000
290.775	8.689000
291.091	8.689000
291.091	9.630000
291.443	9.630000
291.443	9.572000
291.795	9.572000
291.795	9.632000
292.145	9.632000
292.145	9.419000
292.462	9.419000
292.462	9.312000
292.779	9.312000
292.779	9.116000
293.096	9.116000
293.096	9.746000
293.412	9.746000
293.412	9.659000
293.729	9.659000
293.729	9.665000
294.045	9.665000
294.045	8.912000
294.363	8.912000
294.363	9.499000
294.68	9.499000
294.68	9.184000
294.998	9.184000
294.998	9.389000
295.315	9.389000
295.315	9.088000
295.633	9.088000
295.633	9.643000
295.951	9.643000
295.951	9.339000
296.303	9.339000
296.303	9.320000
296.655	9.320000
296.655	9.186000
297.008	9.186000
297.008	9.206000
297.36	9.206000
297.36	9.508000
297.713	9.508000
297.713	7.145000
298.029	7.145000
298.029	6.955000
298.346	6.955000
298.346	7.271000
298.661	7.271000
298.661	7.457000
298.978	7.457000
298.978	7.802000
299.295	7.802000
299.295	7.626000
299.612	7.626000
299.612	8.391000
299.93	8.391000
299.93	9.213000
300.247	9.213000
300.247	8.646000
300.565	8.646000
300.565	0.000000
300.565	0.000000
300.565	0.000000
300.565	0.000000
300.565	0.000000
300.565	0.000000
300.565	0.000000
300.565	0.000000
300.565	0.000000
300.565	0.000000
300.565	0.000000
300.565	0.000000
300.565	8.520000
300.882	8.520000
300.882	8.614000
301.199	8.614000
301.199	8.536000
301.516	8.536000
301.516	9.672000
301.867	9.672000
301.867	9.715000
302.218	9.715000
302.218	9.689000
302.57	9.689000
302.57	9.023000
302.921	9.023000
302.921	9.428000
303.271	9.428000
303.271	9.316000
303.622	9.316000
303.622	0.000000
303.622	0.000000
303.622	0.000000
303.622	0.000000
303.622	0.000000
303.622	0.000000
303.622	1.617000
303.722	1.617000
303.722	2.897000
303.821	2.897000
303.821	6.749000
303.917	6.749000
303.917	8.357000
304.269	8.357000
304.269	8.029000
304.621	8.029000
304.621	8.539000
304.972	8.539000
304.972	7.133000
305.289	7.133000
305.289	6.889000
305.606	6.889000
305.606	6.979000
305.921	6.979000
305.921	9.345000
306.273	9.345000
306.273	9.206000
306.626	9.206000
306.626	9.232000
306.977	9.232000
306.977	7.909000
307.294	7.909000
307.294	7.717000
307.611	7.717000
307.611	7.931000
307.928	7.931000
307.928	9.706000
308.246	9.706000
308.246	9.714000
308.564	9.714000
308.564	7.101000
308.881	7.101000
308.881	7.365000
309.198	7.365000
309.198	7.283000
309.515	7.283000
309.515	9.882000
309.829	9.882000
309.829	9.687000
310.146	9.687000
310.146	9.668000
310.463	9.668000
310.463	7.157000
310.815	7.157000
310.815	7.062000
311.168	7.062000
311.168	7.041000
311.521	7.041000
311.521	8.047000
311.836	8.047000
311.836	7.865000
312.152	7.865000
312.152	7.772000
312.468	7.772000
312.468	3.883000
312.786	3.883000
312.786	4.125000
313.104	4.125000
313.104	4.146000
313.422	4.146000
313.422	8.313000
313.739	8.313000
313.739	8.007000
314.054	8.007000
314.054	8.076000
314.371	8.076000
314.371	9.111000
314.689	9.111000
314.689	9.234000
315.007	9.234000
315.007	8.623000
315.325	8.623000
315.325	9.000000
315.641	9.000000
315.641	9.075000
315.957	9.075000
315.957	8.760000
316.274	8.760000
316.274	9.898000
316.593	9.898000
316.593	9.179000
316.911	9.179000
316.911	8.832000
317.227	8.832000
317.227	9.304000
317.543	9.304000
317.543	9.337000
317.861	9.337000
317.861	9.090000
318.179	9.090000
318.179	9.236000
318.496	9.236000
318.496	9.433000
318.812	9.433000
318.812	9.226000
319.131	9.226000
319.131	9.127000
319.45	9.127000
319.45	7.852000
319.804	7.852000
319.804	7.826000
320.158	7.826000
320.158	8.006000
320.512	8.006000
320.512	9.067000
320.823	9.067000
320.823	8.696000
321.134	8.696000
321.134	8.587000
321.444	8.587000
321.444	6.840000
321.775	6.840000
321.775	7.192000
322.104	7.192000
322.104	6.830000
322.432	6.830000
322.432	7.549000
322.748	7.549000
322.748	7.582000
323.065	7.582000
323.065	7.455000
323.381	7.455000
323.381	7.087000
323.698	7.087000
323.698	7.073000
324.015	7.073000
324.015	7.418000
324.332	7.418000
324.332	7.614000
324.65	7.614000
324.65	7.559000
324.967	7.559000
324.967	7.860000
325.284	7.860000
325.284	7.653000
325.636	7.653000
325.636	7.639000
325.988	7.639000
325.988	8.228000
326.338	8.228000
326.338	9.919000
326.689	9.919000
326.689	9.715000
327.004	9.715000
327.004	9.873000
327.321	9.873000
327.321	9.773000
327.638	9.773000
327.638	9.086000
327.954	9.086000
327.954	8.850000
328.271	8.850000
328.271	9.012000
328.588	9.012000
328.588	9.734000
328.905	9.734000
328.905	9.255000
329.222	9.255000
329.222	9.815000
329.539	9.815000
329.539	9.237000
329.855	9.237000
329.855	8.997000
330.173	8.997000
330.173	8.986000
330.491	8.986000
330.491	8.891000
330.808	8.891000
330.808	8.571000
331.126	8.571000
331.126	8.786000
331.444	8.786000
331.444	8.832000
331.797	8.832000
331.797	8.960000
332.15	8.960000
332.15	8.573000
332.502	8.573000
332.502	8.592000
332.819	8.592000
332.819	8.394000
333.137	8.394000
333.137	8.485000
333.455	8.485000
333.455	6.766000
333.772	6.766000
333.772	6.521000
334.089	6.521000
334.089	6.865000
334.406	6.865000
334.406	7.557000
334.723	7.557000
334.723	7.040000
335.04	7.040000
335.04	7.774000
335.357	7.774000
335.357	7.663000
335.673	7.663000
335.673	8.111000
335.989	8.111000
335.989	7.666000
336.305	7.666000
336.305	9.496000
336.623	9.496000
336.623	9.614000
336.941	9.614000
336.941	9.915000
337.258	9.915000
337.258	8.678000
337.575	8.678000
337.575	8.710000
337.892	8.710000
337.892	8.649000
338.209	8.649000
338.209	9.988000
338.525	9.988000
338.525	9.964000
338.842	9.964000
338.842	7.719000
339.193	7.719000
339.193	8.423000
339.545	8.423000
339.545	7.866000
339.897	7.866000
339.897	9.349000
340.214	9.349000
340.214	9.584000
340.531	9.584000
340.531	9.636000
340.848	9.636000
340.848	7.388000
341.159	7.388000
341.159	7.317000
341.47	7.317000
341.47	7.248000
341.78	7.248000
341.78	9.309000
342.091	9.309000
342.091	9.289000
342.401	9.289000
342.401	9.003000
342.712	9.003000
342.712	9.810000
343.03	9.810000
343.03	9.725000
343.348	9.725000
343.348	9.856000
343.666	9.856000
343.666	9.359000
343.983	9.359000
343.983	9.369000
344.299	9.369000
344.299	9.520000
344.616	9.520000
344.616	7.929000
344.922	7.929000
344.922	8.413000
345.227	8.413000
345.227	8.288000
345.535	8.288000
345.535	9.433000
345.851	9.433000
345.851	9.552000
346.168	9.552000
346.168	9.881000
346.484	9.881000
346.484	9.959000
346.802	9.959000
346.802	9.845000
347.119	9.845000
347.119	8.602000
347.436	8.602000
347.436	8.548000
347.753	8.548000
347.753	7.980000
348.071	7.980000
348.071	8.427000
348.388	8.427000
348.388	8.341000
348.704	8.341000
348.704	8.380000
349.021	8.380000
349.021	9.970000
349.338	9.970000
349.338	9.072000
349.691	9.072000
349.691	8.830000
350.044	8.830000
350.044	8.770000
350.397	8.770000
350.397	6.138000
350.714	6.138000
350.714	6.187000
351.031	6.187000
351.031	6.130000
351.348	6.130000
351.348	9.861000
351.7	9.861000
351.7	9.953000
352.052	9.953000
352.052	7.545000
352.369	7.545000
352.369	7.254000
352.686	7.254000
352.686	7.153000
353.003	7.153000
353.003	8.173000
353.319	8.173000
353.319	8.435000
353.636	8.435000
353.636	8.375000
353.953	8.375000
353.953	7.757000
354.27	7.757000
354.27	7.740000
354.586	7.740000
354.586	7.330000
354.903	7.330000
354.903	8.920000
355.219	8.920000
355.219	9.255000
355.534	9.255000
355.534	8.996000
355.849	8.996000
355.849	9.639000
356.166	9.639000
356.166	9.696000
356.484	9.696000
356.484	9.644000
356.802	9.644000
356.802	9.400000
357.12	9.400000
357.12	9.290000
357.438	9.290000
357.438	9.862000
357.756	9.862000
357.756	9.489000
358.108	9.489000
358.108	9.518000
358.46	9.518000
358.46	8.837000
358.812	8.837000
358.812	9.307000
359.164	9.307000
359.164	9.230000
359.516	9.230000
359.516	9.349000
359.834	9.349000
359.834	9.132000
360.152	9.132000
360.152	9.160000
360.47	9.160000
360.47	8.975000
360.787	8.975000
360.787	8.983000
361.104	8.983000
361.104	9.052000
361.421	9.052000
361.421	8.559000
361.738	8.559000
361.738	9.310000
362.055	9.310000
362.055	9.413000
362.371	9.413000
362.371	9.409000
362.688	9.409000
362.688	9.704000
363.005	9.704000
363.005	9.696000
363.322	9.696000
363.322	9.335000
363.639	9.335000
363.639	9.342000
363.956	9.342000
363.956	8.375000
364.307	8.375000
364.307	8.620000
364.659	8.620000
364.659	8.669000
365.011	8.669000
365.011	9.961000
365.358	9.961000
365.358	9.699000
365.705	9.699000
365.705	9.807000
366.051	9.807000
366.051	8.769000
366.369	8.769000
366.369	9.050000
366.687	9.050000
366.687	8.865000
367.005	8.865000
367.005	8.024000
367.322	8.024000
367.322	8.057000
367.639	8.057000
367.639	8.221000
367.955	8.221000
367.955	7.520000
368.271	7.520000
368.271	7.484000
368.587	7.484000
368.587	7.393000
368.904	7.393000
368.904	9.172000
369.221	9.172000
369.221	8.932000
369.538	8.932000
369.538	9.055000
369.855	9.055000
369.855	8.857000
370.208	8.857000
370.208	9.997000
370.56	9.997000
370.56	9.493000
370.913	9.493000
370.913	8.268000
371.264	8.268000
371.264	8.239000
371.616	8.239000
371.616	8.357000
371.968	8.357000
371.968	7.893000
372.285	7.893000
372.285	8.019000
372.602	8.019000
372.602	8.002000
372.918	8.002000
372.918	8.552000
373.234	8.552000
373.234	9.017000
373.55	9.017000
373.55	9.107000
373.866	9.107000
373.866	7.603000
374.219	7.603000
374.219	8.700000
374.572	8.700000
374.572	8.418000
374.925	8.418000
374.925	9.215000
375.242	9.215000
375.242	9.170000
375.56	9.170000
375.56	9.372000
375.878	9.372000
375.878	8.619000
376.195	8.619000
376.195	8.339000
376.512	8.339000
376.512	8.473000
376.828	8.473000
376.828	9.612000
377.179	9.612000
377.179	9.186000
377.53	9.186000
377.53	8.931000
377.882	8.931000
377.882	9.436000
378.199	9.436000
378.199	9.686000
378.516	9.686000
378.516	9.603000
378.832	9.603000
378.832	9.040000
379.15	9.040000
379.15	9.062000
379.468	9.062000
379.468	9.053000
379.786	9.053000
379.786	6.093000
380.137	6.093000
380.137	6.232000
380.489	6.232000
380.489	6.077000
380.839	6.077000
380.839	8.401000
381.156	8.401000
381.156	8.840000
381.473	8.840000
381.473	8.438000
381.79	8.438000
381.79	8.633000
382.106	8.633000
382.106	9.323000
382.423	9.323000
382.423	9.440000
382.74	9.440000
382.74	9.657000
383.057	9.657000
383.057	9.522000
383.374	9.522000
383.374	8.481000
383.692	8.481000
383.692	8.714000
384.01	8.714000
384.01	8.660000
384.328	8.660000
384.328	9.915000
384.679	9.915000
384.679	9.969000
385.03	9.969000
385.03	8.085000
385.383	8.085000
385.383	8.199000
385.736	8.199000
385.736	8.235000
386.089	8.235000
386.089	9.948000
386.406	9.948000
386.406	9.896000
386.723	9.896000
386.723	9.848000
387.04	9.848000
387.04	9.798000
387.357	9.798000
387.357	9.473000
387.673	9.473000
387.673	8.319000
387.991	8.319000
387.991	8.256000
388.309	8.256000
388.309	8.396000
388.626	8.396000
388.626	9.575000
388.943	9.575000
388.943	9.439000
389.26	9.439000
389.26	9.543000
389.577	9.543000
389.577	8.076000
389.894	8.076000
389.894	8.120000
390.21	8.120000
390.21	8.215000
390.527	8.215000
390.527	6.654000
390.845	6.654000
390.845	6.561000
391.163	6.561000
391.163	6.540000
391.481	6.540000
391.481	9.497000
391.799	9.497000
391.799	9.638000
392.117	9.638000
392.117	9.644000
392.435	9.644000
392.435	9.245000
392.753	9.245000
392.753	8.818000
393.071	8.818000
393.071	8.794000
393.389	8.794000
393.389	8.113000
393.706	8.113000
393.706	8.155000
394.023	8.155000
394.023	7.995000
394.339	7.995000
394.339	8.492000
394.657	8.492000
394.657	8.673000
394.975	8.673000
394.975	8.629000
395.293	8.629000
395.293	5.907000
395.611	5.907000
395.611	5.879000
395.929	5.879000
395.929	5.948000
396.247	5.948000
396.247	7.159000
396.555	7.159000
396.555	6.980000
396.862	6.980000
396.862	7.432000
397.169	7.432000
397.169	8.544000
397.485	8.544000
397.485	8.822000
397.802	8.822000
397.802	8.829000
398.119	8.829000
398.119	6.332000
398.429	6.332000
398.429	6.866000
398.739	6.866000
398.739	6.754000
399.049	6.754000
399.049	7.528000
399.402	7.528000
399.402	7.984000
399.754	7.984000
399.754	8.076000
400.107	8.076000
400.107	9.060000
400.424	9.060000
400.424	9.214000
400.741	9.214000
400.741	9.297000
401.058	9.297000
401.058	8.039000
401.375	8.039000
401.375	7.612000
401.692	7.612000
401.692	7.448000
402.009	7.448000
402.009	9.689000
402.325	9.689000
402.325	9.904000
402.642	9.904000
402.642	8.671000
402.958	8.671000
402.958	8.889000
403.275	8.889000
403.275	8.812000
403.593	8.812000
403.593	7.902000
403.946	7.902000
403.946	8.094000
404.298	8.094000
404.298	8.100000
404.651	8.100000
404.651	8.152000
404.967	8.152000
404.967	8.013000
405.284	8.013000
405.284	7.899000
405.599	7.899000
405.599	8.098000
405.916	8.098000
405.916	8.204000
406.233	8.204000
406.233	8.077000
406.55	8.077000
406.55	9.081000
406.867	9.081000
406.867	8.447000
407.184	8.447000
407.184	8.860000
407.501	8.860000
407.501	9.930000
407.818	9.930000
407.818	9.887000
408.135	9.887000
408.135	9.987000
408.452	9.987000
408.452	9.791000
408.769	9.791000
408.769	6.731000
409.122	6.731000
409.122	6.308000
409.474	6.308000
409.474	5.878000
409.827	5.878000
409.827	7.475000
410.144	7.475000
410.144	7.414000
410.461	7.414000
410.461	7.442000
410.778	7.442000
410.778	6.677000
411.094	6.677000
411.094	6.992000
411.41	6.992000
411.41	6.519000
411.726	6.519000
411.726	8.097000
412.04	8.097000
412.04	7.724000
412.356	7.724000
412.356	8.144000
412.67	8.144000
412.67	0.000000
412.67	0.000000
412.67	0.000000
412.67	0.000000
412.67	0.000000
412.67	0.000000
412.67	0.000000
412.67	0.000000
412.67	0.000000
412.67	0.000000
412.67	0.000000
412.67	0.000000
412.67	4.504000
412.954	4.504000
412.954	7.842000
413.305	7.842000
413.305	7.594000
413.656	7.594000
413.656	7.663000
414.006	7.663000
414.006	8.653000
414.356	8.653000
414.356	8.496000
414.705	8.496000
414.705	8.496000
415.052	8.496000
415.052	6.693000
415.402	6.693000
415.402	6.718000
415.753	6.718000
415.753	6.530000
416.102	6.530000
416.102	7.950000
416.453	7.950000
416.453	7.919000
416.802	7.919000
416.802	8.342000
417.154	8.342000
417.154	8.742000
417.469	8.742000
417.469	8.418000
417.783	8.418000
417.783	8.351000
418.097	8.351000
418.097	7.351000
418.449	7.351000
418.449	7.273000
418.798	7.273000
418.798	7.282000
419.149	7.282000
419.149	6.330000
419.5	6.330000
419.5	6.287000
419.849	6.287000
419.849	5.907000
420.2	5.907000
420.2	7.479000
420.313	7.479000
420.313	7.760000
420.426	7.760000
420.426	7.785000
420.539	7.785000
420.539	0.000000
420.539	0.000000
420.539	0.000000
420.539	0.000000
420.539	0.000000
420.539	0.000000
