0.0	5.484000
0.334	5.484000
0.334	5.853000
0.668	5.853000
0.668	5.011000
1.002	5.011000
1.002	5.861000
1.337	5.861000
1.337	6.003000
1.672	6.003000
1.672	5.830000
2.007	5.830000
2.007	4.482000
2.331	4.482000
2.331	4.087000
2.655	4.087000
2.655	4.085000
2.979	4.085000
2.979	4.643000
3.311	4.643000
3.311	5.076000
3.643	5.076000
3.643	4.155000
3.975	4.155000
3.975	6.353000
4.311	6.353000
4.311	5.986000
4.647	5.986000
4.647	5.909000
4.983	5.909000
4.983	4.548000
5.316	4.548000
5.316	3.971000
5.649	3.971000
5.649	4.033000
5.982	4.033000
5.982	4.307000
6.319	4.307000
6.319	4.198000
6.656	4.198000
6.656	4.050000
6.993	4.050000
6.993	6.586000
7.321	6.586000
7.321	6.276000
7.651	6.276000
7.651	6.289000
7.981	6.289000
7.981	4.745000
8.315	4.745000
8.315	4.072000
8.649	4.072000
8.649	5.149000
8.983	5.149000
8.983	5.107000
9.317	5.107000
9.317	4.422000
9.651	4.422000
9.651	4.759000
9.985	4.759000
9.985	7.032000
10.312	7.032000
10.312	6.253000
10.639	6.253000
10.639	6.207000
10.966	6.207000
10.966	4.409000
11.31	4.409000
11.31	4.893000
11.654	4.893000
11.654	4.191000
11.998	4.191000
11.998	4.444000
12.346	4.444000
12.346	4.890000
12.694	4.890000
12.694	4.001000
13.042	4.001000
13.042	6.847000
13.364	6.847000
13.364	5.731000
13.685	5.731000
13.685	5.865000
14.006	5.865000
14.006	5.022000
14.339	5.022000
14.339	4.398000
14.672	4.398000
14.672	5.282000
15.005	5.282000
15.005	5.258000
15.332	5.258000
15.332	4.902000
15.661	4.902000
15.661	4.574000
15.99	4.574000
15.99	7.062000
16.313	7.062000
16.313	5.765000
16.636	5.765000
16.636	5.866000
16.959	5.866000
16.959	4.846000
17.295	4.846000
17.295	4.214000
17.631	4.214000
17.631	4.687000
17.967	4.687000
17.967	4.988000
18.292	4.988000
18.292	4.637000
18.617	4.637000
18.617	5.269000
18.942	5.269000
18.942	6.903000
19.267	6.903000
19.267	6.055000
19.591	6.055000
19.591	6.352000
19.916	6.352000
19.916	4.731000
20.251	4.731000
20.251	4.100000
20.587	4.100000
20.587	4.503000
20.923	4.503000
20.923	5.292000
21.25	5.292000
21.25	5.328000
21.577	5.328000
21.577	4.287000
21.904	4.287000
21.904	6.331000
22.219	6.331000
22.219	5.571000
22.534	5.571000
22.534	5.801000
22.849	5.801000
22.849	5.237000
23.174	5.237000
23.174	4.657000
23.499	4.657000
23.499	4.885000
23.824	4.885000
23.824	4.800000
24.161	4.800000
24.161	4.941000
24.498	4.941000
24.498	4.603000
24.835	4.603000
24.835	6.571000
25.171	6.571000
25.171	5.929000
25.507	5.929000
25.507	6.172000
25.843	6.172000
25.843	5.087000
26.176	5.087000
26.176	4.479000
26.509	4.479000
26.509	4.844000
26.842	4.844000
26.842	4.901000
27.177	4.901000
27.177	4.926000
27.512	4.926000
27.512	4.357000
27.847	4.357000
27.847	6.225000
28.162	6.225000
28.162	5.437000
28.477	5.437000
28.477	5.453000
28.792	5.453000
28.792	4.425000
29.118	4.425000
29.118	4.195000
29.444	4.195000
29.444	4.538000
29.769	4.538000
29.769	5.028000
30.118	5.028000
30.118	4.534000
30.467	4.534000
30.467	4.077000
30.816	4.077000
30.816	5.769000
31.159	5.769000
31.159	5.592000
31.502	5.592000
31.502	5.365000
31.845	5.365000
31.845	4.741000
32.195	4.741000
32.195	5.143000
32.545	5.143000
32.545	4.280000
32.895	4.280000
32.895	4.977000
33.234	4.977000
33.234	5.168000
33.573	5.168000
33.573	4.749000
33.912	4.749000
33.912	6.083000
34.257	6.083000
34.257	6.249000
34.604	6.249000
34.604	6.052000
34.951	6.052000
34.951	5.040000
35.285	5.040000
35.285	4.527000
35.619	4.527000
35.619	4.329000
35.953	4.329000
35.953	5.270000
36.292	5.270000
36.292	4.219000
36.631	4.219000
36.631	4.675000
36.97	4.675000
36.97	6.623000
37.292	6.623000
37.292	6.261000
37.614	6.261000
37.614	6.055000
37.936	6.055000
37.936	5.286000
38.275	5.286000
38.275	4.622000
38.614	4.622000
38.614	5.028000
38.952	5.028000
38.952	4.956000
39.29	4.956000
39.29	4.221000
39.628	4.221000
39.628	4.587000
39.966	4.587000
39.966	6.437000
40.28	6.437000
40.28	5.312000
40.594	5.312000
40.594	5.221000
40.908	5.221000
40.908	5.086000
41.238	5.086000
41.238	4.716000
41.568	4.716000
41.568	5.817000
41.898	5.817000
41.898	4.778000
42.224	4.778000
42.224	3.888000
42.55	3.888000
42.55	4.395000
42.876	4.395000
42.876	6.499000
43.182	6.499000
43.182	5.729000
43.488	5.729000
43.488	5.876000
43.794	5.876000
43.794	4.187000
44.134	4.187000
44.134	3.308000
44.474	3.308000
44.474	3.248000
44.814	3.248000
44.814	4.802000
45.156	4.802000
45.156	4.054000
45.498	4.054000
45.498	4.170000
45.84	4.170000
45.84	5.637000
46.158	5.637000
46.158	5.268000
46.476	5.268000
46.476	5.025000
46.794	5.025000
46.794	4.539000
47.131	4.539000
47.131	4.555000
47.468	4.555000
47.468	3.663000
47.805	3.663000
47.805	4.913000
48.154	4.913000
48.154	4.637000
48.503	4.637000
48.503	5.436000
48.851	5.436000
48.851	6.094000
49.19	6.094000
49.19	5.516000
49.529	5.516000
49.529	5.523000
49.868	5.523000
49.868	4.820000
50.194	4.820000
50.194	4.070000
50.52	4.070000
50.52	4.361000
50.846	4.361000
50.846	7.083000
51.142	7.083000
51.142	6.704000
51.439	6.704000
51.439	6.815000
51.736	6.815000
51.736	5.450000
52.065	5.450000
52.065	5.688000
52.394	5.688000
52.394	4.881000
52.723	4.881000
52.723	4.439000
53.02	4.439000
53.02	4.582000
53.317	4.582000
53.317	3.902000
53.614	3.902000
53.614	6.557000
53.913	6.557000
53.913	6.178000
54.212	6.178000
54.212	6.167000
54.511	6.167000
54.511	4.739000
54.803	4.739000
54.803	4.188000
55.095	4.188000
55.095	4.132000
55.387	4.132000
55.387	5.087000
55.717	5.087000
55.717	4.336000
56.047	4.336000
56.047	4.495000
56.377	4.495000
56.377	6.191000
56.693	6.191000
56.693	5.259000
57.009	5.259000
57.009	4.954000
57.325	4.954000
57.325	5.376000
57.623	5.376000
57.623	5.623000
57.92	5.623000
57.92	4.753000
58.218	4.753000
58.218	5.041000
58.567	5.041000
58.567	5.260000
58.916	5.260000
58.916	4.456000
59.265	4.456000
59.265	6.041000
59.586	6.041000
59.586	5.638000
59.907	5.638000
59.907	5.727000
60.228	5.727000
60.228	5.129000
60.517	5.129000
60.517	5.634000
60.806	5.634000
60.806	4.417000
61.095	4.417000
61.095	4.653000
61.444	4.653000
61.444	4.396000
61.793	4.396000
61.793	4.501000
62.142	4.501000
62.142	6.538000
62.476	6.538000
62.476	6.226000
62.811	6.226000
62.811	6.319000
63.146	6.319000
63.146	5.999000
63.448	5.999000
63.448	5.813000
63.75	5.813000
63.75	5.285000
64.052	5.285000
64.052	6.808000
64.396	6.808000
64.396	6.659000
64.739	6.659000
64.739	6.011000
65.083	6.011000
65.083	6.425000
65.419	6.425000
65.419	6.254000
65.756	6.254000
65.756	5.752000
66.093	5.752000
66.093	5.678000
66.414	5.678000
66.414	5.511000
66.736	5.511000
66.736	5.082000
67.058	5.082000
67.058	5.560000
67.358	5.560000
67.358	5.570000
67.658	5.570000
67.658	4.730000
67.958	4.730000
67.958	6.612000
68.282	6.612000
68.282	5.734000
68.607	5.734000
68.607	5.945000
68.932	5.945000
68.932	5.642000
69.255	5.642000
69.255	5.737000
69.578	5.737000
69.578	4.812000
69.901	4.812000
69.901	4.789000
70.234	4.789000
70.234	5.194000
70.567	5.194000
70.567	3.966000
70.9	3.966000
70.9	6.133000
71.22	6.133000
71.22	5.323000
71.54	5.323000
71.54	5.251000
71.86	5.251000
71.86	5.376000
72.168	5.376000
72.168	4.832000
72.476	4.832000
72.476	4.289000
72.784	4.289000
72.784	4.738000
73.125	4.738000
73.125	4.313000
73.466	4.313000
73.466	4.874000
73.807	4.874000
73.807	6.705000
74.139	6.705000
74.139	6.322000
74.472	6.322000
74.472	6.479000
74.805	6.479000
74.805	5.250000
75.141	5.250000
75.141	5.185000
75.477	5.185000
75.477	4.577000
75.813	4.577000
75.813	4.476000
76.155	4.476000
76.155	3.903000
76.497	3.903000
76.497	4.090000
76.839	4.090000
76.839	6.343000
77.173	6.343000
77.173	5.912000
77.507	5.912000
77.507	5.561000
77.841	5.561000
77.841	4.044000
78.182	4.044000
78.182	3.573000
78.523	3.573000
78.523	3.954000
78.864	3.954000
78.864	4.960000
79.203	4.960000
79.203	3.857000
79.542	3.857000
79.542	4.704000
79.881	4.704000
79.881	6.589000
80.216	6.589000
80.216	5.919000
80.552	5.919000
80.552	5.823000
80.888	5.823000
80.888	4.786000
81.228	4.786000
81.228	5.861000
81.568	5.861000
81.568	4.820000
81.908	4.820000
81.908	4.488000
82.258	4.488000
82.258	3.871000
82.608	3.871000
82.608	4.350000
82.958	4.350000
82.958	7.878000
83.219	7.878000
83.219	6.766000
83.481	6.766000
83.481	6.796000
83.743	6.796000
83.743	4.405000
84.072	4.405000
84.072	3.932000
84.401	3.932000
84.401	3.932000
84.73	3.932000
84.73	5.712000
85.056	5.712000
85.056	5.038000
85.382	5.038000
85.382	5.219000
85.707	5.219000
85.707	6.562000
86.026	6.562000
86.026	6.411000
86.345	6.411000
86.345	6.196000
86.664	6.196000
86.664	3.754000
87.004	3.754000
87.004	3.081000
87.344	3.081000
87.344	3.624000
87.684	3.624000
87.684	5.531000
87.99	5.531000
87.99	5.529000
88.296	5.529000
88.296	5.172000
88.602	5.172000
88.602	6.148000
88.923	6.148000
88.923	5.649000
89.244	5.649000
89.244	5.668000
89.565	5.668000
89.565	4.276000
89.878	4.276000
89.878	4.847000
90.191	4.847000
90.191	4.138000
90.504	4.138000
90.504	5.140000
90.822	5.140000
90.822	4.274000
91.14	4.274000
91.14	4.568000
91.458	4.568000
91.458	7.281000
91.787	7.281000
91.787	5.918000
92.116	5.918000
92.116	5.905000
92.445	5.905000
92.445	4.202000
92.773	4.202000
92.773	3.703000
93.101	3.703000
93.101	4.711000
93.429	4.711000
93.429	4.426000
93.77	4.426000
93.77	3.955000
94.11	3.955000
94.11	3.776000
94.451	3.776000
94.451	6.114000
94.79	6.114000
94.79	5.721000
95.129	5.721000
95.129	5.558000
95.468	5.558000
95.468	5.815000
95.795	5.815000
95.795	6.035000
96.123	6.035000
96.123	5.430000
96.451	5.430000
96.451	4.189000
96.785	4.189000
96.785	3.786000
97.119	3.786000
97.119	3.942000
97.453	3.942000
97.453	6.627000
97.764	6.627000
97.764	6.051000
98.075	6.051000
98.075	6.433000
98.386	6.433000
98.386	3.742000
98.719	3.742000
98.719	4.239000
99.052	4.239000
99.052	4.175000
99.385	4.175000
99.385	5.469000
99.728	5.469000
99.728	5.335000
100.071	5.335000
100.071	4.929000
100.414	4.929000
100.414	8.997000
100.743	8.997000
100.743	8.083000
101.073	8.083000
101.073	8.166000
101.403	8.166000
101.403	5.942000
101.734	5.942000
101.734	5.792000
102.065	5.792000
102.065	5.952000
102.396	5.952000
102.396	8.722000
102.749	8.722000
102.749	8.910000
103.102	8.910000
103.102	8.552000
103.455	8.552000
103.455	7.223000
103.781	7.223000
103.781	6.681000
104.106	6.681000
104.106	6.968000
104.431	6.968000
104.431	5.881000
104.75	5.881000
104.75	5.697000
105.069	5.697000
105.069	5.540000
105.388	5.540000
105.388	7.586000
105.705	7.586000
105.705	6.968000
106.022	6.968000
106.022	7.208000
106.339	7.208000
106.339	9.484000
106.647	9.484000
106.647	9.332000
106.955	9.332000
106.955	9.016000
107.263	9.016000
107.263	4.322000
107.591	4.322000
107.591	3.524000
107.919	3.524000
107.919	4.177000
108.247	4.177000
108.247	6.055000
108.576	6.055000
108.576	5.778000
108.905	5.778000
108.905	5.714000
109.234	5.714000
109.234	4.081000
109.561	4.081000
109.561	4.709000
109.887	4.709000
109.887	3.916000
110.213	3.916000
110.213	4.136000
110.553	4.136000
110.553	3.359000
110.893	3.359000
110.893	3.210000
111.233	3.210000
111.233	8.808000
111.565	8.808000
111.565	7.923000
111.897	7.923000
111.897	7.684000
112.229	7.684000
112.229	4.460000
112.573	4.460000
112.573	4.197000
112.917	4.197000
112.917	4.642000
113.261	4.642000
113.261	4.792000
113.575	4.792000
113.575	4.342000
113.889	4.342000
113.889	4.690000
114.202	4.690000
114.202	6.801000
114.526	6.801000
114.526	6.466000
114.85	6.466000
114.85	6.560000
115.174	6.560000
115.174	5.171000
115.514	5.171000
115.514	5.809000
115.853	5.809000
115.853	5.163000
116.193	5.163000
116.193	4.117000
116.537	4.117000
116.537	4.067000
116.881	4.067000
116.881	3.988000
117.225	3.988000
117.225	7.112000
117.524	7.112000
117.524	5.783000
117.823	5.783000
117.823	5.973000
118.122	5.973000
118.122	5.282000
118.453	5.282000
118.453	5.383000
118.784	5.383000
118.784	4.738000
119.115	4.738000
119.115	5.828000
119.44	5.828000
119.44	5.745000
119.767	5.745000
119.767	6.784000
120.094	6.784000
120.094	9.305000
120.392	9.305000
120.392	9.335000
120.69	9.335000
120.69	6.299000
121.021	6.299000
121.021	6.582000
121.351	6.582000
121.351	6.060000
121.682	6.060000
121.682	5.330000
122.013	5.330000
122.013	5.360000
122.344	5.360000
122.344	4.880000
122.675	4.880000
122.675	9.920000
122.978	9.920000
122.978	8.348000
123.282	8.348000
123.282	8.552000
123.586	8.552000
123.586	5.216000
123.926	5.216000
123.926	4.636000
124.266	4.636000
124.266	4.841000
124.606	4.841000
124.606	5.837000
124.929	5.837000
124.929	5.689000
125.252	5.689000
125.252	5.523000
125.575	5.523000
125.575	5.046000
125.92	5.046000
125.92	4.866000
126.264	4.866000
126.264	4.843000
126.609	4.843000
126.609	6.496000
126.945	6.496000
126.945	6.908000
127.282	6.908000
127.282	7.306000
127.619	7.306000
127.619	5.951000
127.966	5.951000
127.966	8.809000
128.313	8.809000
128.313	5.623000
128.66	5.623000
128.66	8.552000
128.98	8.552000
128.98	8.233000
129.302	8.233000
129.302	8.260000
129.623	8.260000
129.623	7.414000
129.953	7.414000
129.953	8.883000
130.283	8.883000
130.283	7.239000
130.613	7.239000
130.613	7.484000
130.946	7.484000
130.946	7.002000
131.279	7.002000
131.279	8.180000
131.612	8.180000
131.612	8.907000
131.923	8.907000
131.923	8.163000
132.235	8.163000
132.235	8.159000
132.547	8.159000
132.547	6.701000
132.879	6.701000
132.879	7.134000
133.21	7.134000
133.21	6.636000
133.542	6.636000
133.542	8.612000
133.853	8.612000
133.853	7.424000
134.164	7.424000
134.164	7.527000
134.475	7.527000
134.475	4.627000
134.813	4.627000
134.813	6.046000
135.147	6.046000
135.147	4.505000
135.484	4.505000
135.484	4.817000
135.791	4.817000
135.791	4.607000
136.098	4.607000
136.098	5.199000
136.405	5.199000
136.405	7.932000
136.709	7.932000
136.709	6.844000
137.013	6.844000
137.013	6.950000
137.318	6.950000
137.318	6.179000
137.648	6.179000
137.648	5.579000
137.978	5.579000
137.978	5.666000
138.307	5.666000
138.307	6.053000
138.647	6.053000
138.647	5.467000
138.987	5.467000
138.987	5.655000
139.327	5.655000
139.327	7.433000
139.646	7.433000
139.646	8.524000
139.965	8.524000
139.965	8.203000
140.283	8.203000
140.283	7.064000
140.602	7.064000
140.602	8.945000
140.918	8.945000
140.918	6.958000
141.237	6.958000
141.237	8.664000
141.647	8.664000
141.647	7.689000
142.056	7.689000
142.056	9.762000
142.385	9.762000
142.385	7.511000
142.714	7.511000
142.714	7.540000
143.043	7.540000
143.043	6.519000
143.38	6.519000
143.38	6.366000
143.717	6.366000
143.717	9.930000
144.054	9.930000
144.054	8.124000
144.402	8.124000
144.402	8.678000
144.75	8.678000
144.75	7.442000
145.098	7.442000
145.098	8.378000
145.451	8.378000
145.451	8.358000
145.804	8.358000
145.804	9.072000
146.323	9.072000
146.323	8.012000
146.843	8.012000
146.843	9.444000
147.363	9.444000
147.363	8.800000
147.798	8.800000
147.798	5.699000
148.235	5.699000
148.235	5.717000
148.673	5.717000
148.673	9.977000
148.965	9.977000
148.965	7.760000
149.257	7.760000
149.257	5.815000
149.603	5.815000
149.603	5.218000
149.949	5.218000
149.949	4.954000
150.295	4.954000
150.295	8.234000
150.642	8.234000
150.642	8.286000
150.989	8.286000
150.989	8.276000
151.336	8.276000
151.336	9.609000
151.64	9.609000
151.64	9.221000
151.951	9.221000
151.951	9.110000
152.332	9.110000
152.332	6.786000
152.713	6.786000
152.713	6.687000
153.095	6.687000
153.095	9.448000
153.509	9.448000
153.509	9.511000
153.924	9.511000
153.924	9.545000
154.252	9.545000
154.252	8.731000
154.582	8.731000
154.582	9.795000
154.914	9.795000
154.914	7.218000
155.244	7.218000
155.244	7.006000
155.595	7.006000
155.595	4.347000
155.947	4.347000
155.947	4.255000
156.299	4.255000
156.299	9.063000
156.642	9.063000
156.642	7.943000
156.985	7.943000
156.985	9.721000
157.325	9.721000
157.325	6.339000
157.675	6.339000
157.675	5.728000
158.026	5.728000
158.026	5.772000
158.377	5.772000
158.377	5.797000
158.722	5.797000
158.722	5.488000
159.067	5.488000
159.067	5.959000
159.412	5.959000
159.412	5.704000
159.738	5.704000
159.738	3.990000
160.064	3.990000
160.064	4.355000
160.39	4.355000
160.39	6.751000
160.74	6.751000
160.74	4.362000
161.091	4.362000
161.091	4.199000
161.442	4.199000
161.442	7.318000
161.763	7.318000
161.763	8.243000
162.082	8.243000
162.082	5.198000
162.403	5.198000
162.403	9.799000
162.746	9.799000
162.746	9.998000
163.089	9.998000
163.089	9.598000
163.432	9.598000
163.432	9.377000
163.765	9.377000
163.765	9.368000
164.098	9.368000
164.098	7.176000
164.429	7.176000
164.429	7.082000
164.76	7.082000
164.76	7.081000
165.091	7.081000
165.091	9.817000
165.419	9.817000
165.419	8.879000
165.747	8.879000
165.747	8.410000
166.075	8.410000
166.075	6.383000
166.367	6.383000
166.367	8.436000
166.659	8.436000
166.659	6.669000
166.952	6.669000
166.952	5.910000
167.377	5.910000
167.377	5.992000
167.801	5.992000
167.801	7.093000
168.226	7.093000
168.226	9.691000
168.539	9.691000
168.539	8.741000
168.853	8.741000
168.853	8.845000
169.167	8.845000
169.167	6.750000
169.478	6.750000
169.478	6.873000
169.789	6.873000
169.789	6.491000
170.1	6.491000
170.1	4.717000
170.425	4.717000
170.425	6.351000
170.75	6.351000
170.75	4.463000
171.075	4.463000
171.075	8.728000
171.422	8.728000
171.422	8.382000
171.772	8.382000
171.772	8.429000
172.122	8.429000
172.122	6.682000
172.457	6.682000
172.457	7.269000
172.791	7.269000
172.791	6.641000
173.126	6.641000
173.126	5.752000
173.459	5.752000
173.459	5.782000
173.792	5.782000
173.792	7.957000
174.125	7.957000
174.125	8.337000
174.459	8.337000
174.459	8.491000
174.794	8.491000
174.794	7.072000
175.087	7.072000
175.087	7.072000
175.382	7.072000
175.382	7.394000
175.675	7.394000
175.675	6.761000
176.012	6.761000
176.012	7.062000
176.349	7.062000
176.349	7.099000
176.686	7.099000
176.686	8.399000
177.026	8.399000
177.026	8.145000
177.366	8.145000
177.366	8.877000
177.706	8.877000
177.706	9.080000
178.141	9.080000
178.141	9.163000
178.576	9.163000
178.576	7.003000
178.917	7.003000
178.917	7.174000
179.258	7.174000
179.258	9.054000
179.599	9.054000
179.599	9.004000
180.021	9.004000
180.021	9.222000
180.443	9.222000
180.443	9.834000
180.777	9.834000
180.777	9.740000
181.111	9.740000
181.111	7.761000
181.44	7.761000
181.44	6.467000
181.769	6.467000
181.769	7.874000
182.098	7.874000
182.098	7.082000
182.447	7.082000
182.447	7.960000
182.797	7.960000
182.797	6.634000
183.147	6.634000
183.147	8.759000
183.483	8.759000
183.483	8.010000
183.819	8.010000
183.819	9.024000
184.155	9.024000
184.155	8.917000
184.494	8.917000
184.494	6.616000
184.834	6.616000
184.834	6.285000
185.174	6.285000
185.174	4.562000
185.5	4.562000
185.5	3.924000
185.826	3.924000
185.826	5.369000
186.152	5.369000
186.152	3.879000
186.492	3.879000
186.492	4.114000
186.832	4.114000
186.832	4.784000
187.172	4.784000
187.172	7.989000
187.477	7.989000
187.477	7.992000
187.784	7.992000
187.784	6.927000
188.123	6.927000
188.123	9.193000
188.464	9.193000
188.464	6.562000
188.804	6.562000
188.804	7.563000
189.116	7.563000
189.116	9.846000
189.429	9.846000
189.429	7.923000
189.741	7.923000
189.741	4.466000
190.091	4.466000
190.091	3.665000
190.441	3.665000
190.441	4.527000
190.791	4.527000
190.791	7.320000
191.223	7.320000
191.223	7.338000
191.655	7.338000
191.655	7.449000
192.087	7.449000
192.087	8.078000
192.521	8.078000
192.521	8.091000
192.954	8.091000
192.954	6.107000
193.288	6.107000
193.288	6.595000
193.622	6.595000
193.622	9.974000
193.956	9.974000
193.956	8.517000
194.294	8.517000
194.294	8.272000
194.632	8.272000
194.632	8.557000
194.969	8.557000
194.969	9.713000
195.397	9.713000
195.397	5.770000
195.705	5.770000
195.705	6.826000
196.013	6.826000
196.013	5.393000
196.321	5.393000
196.321	9.359000
196.627	9.359000
196.627	7.780000
196.933	7.780000
196.933	7.777000
197.239	7.777000
197.239	4.607000
197.577	4.607000
197.577	5.907000
197.915	5.907000
197.915	4.196000
198.253	4.196000
198.253	5.493000
198.58	5.493000
198.58	8.342000
198.907	8.342000
198.907	5.712000
199.234	5.712000
199.234	8.485000
199.561	8.485000
199.561	6.355000
199.891	6.355000
199.891	6.476000
200.221	6.476000
200.221	4.826000
200.56	4.826000
200.56	4.775000
200.899	4.775000
200.899	6.335000
201.236	6.335000
201.236	6.612000
201.569	6.612000
201.569	9.144000
201.9	9.144000
201.9	7.250000
202.233	7.250000
202.233	9.840000
202.57	9.840000
202.57	9.783000
202.907	9.783000
202.907	7.733000
203.254	7.733000
203.254	8.112000
203.599	8.112000
203.599	7.457000
203.946	7.457000
203.946	9.527000
204.297	9.527000
204.297	8.190000
204.647	8.190000
204.647	8.522000
204.999	8.522000
204.999	6.474000
205.331	6.474000
205.331	7.111000
205.663	7.111000
205.663	6.399000
205.994	6.399000
205.994	7.381000
206.326	7.381000
206.326	6.635000
206.658	6.635000
206.658	6.260000
206.991	6.260000
206.991	4.392000
207.32	4.392000
207.32	4.262000
207.649	4.262000
207.649	5.011000
207.977	5.011000
207.977	8.308000
208.309	8.308000
208.309	7.941000
208.64	7.941000
208.64	9.077000
208.972	9.077000
208.972	8.135000
209.285	8.135000
209.285	6.813000
209.6	6.813000
209.6	6.909000
209.915	6.909000
209.915	5.478000
210.229	5.478000
210.229	5.302000
210.543	5.302000
210.543	6.633000
210.855	6.633000
210.855	9.652000
211.169	9.652000
211.169	8.745000
211.484	8.745000
211.484	8.766000
211.799	8.766000
211.799	7.790000
212.126	7.790000
212.126	7.642000
212.453	7.642000
212.453	8.668000
212.779	8.668000
212.779	4.751000
213.108	4.751000
213.108	6.246000
213.437	6.246000
213.437	4.910000
213.767	4.910000
213.767	8.186000
214.098	8.186000
214.098	6.643000
214.429	6.643000
214.429	7.031000
214.76	7.031000
214.76	5.012000
215.094	5.012000
215.094	4.894000
215.428	4.894000
215.428	4.741000
215.762	4.741000
215.762	4.536000
216.079	4.536000
216.079	6.520000
216.396	6.520000
216.396	4.410000
216.713	4.410000
216.713	8.670000
217.003	8.670000
217.003	7.186000
217.295	7.186000
217.295	7.325000
217.587	7.325000
217.587	4.501000
217.901	4.501000
217.901	4.327000
218.215	4.327000
218.215	4.714000
218.529	4.714000
218.529	4.065000
218.875	4.065000
218.875	3.731000
219.221	3.731000
219.221	3.864000
219.567	3.864000
219.567	9.509000
219.887	9.509000
219.887	9.222000
220.208	9.222000
220.208	9.137000
220.529	9.137000
220.529	7.852000
220.865	7.852000
220.865	8.455000
221.201	8.455000
221.201	7.515000
221.537	7.515000
221.537	8.693000
221.832	8.693000
221.832	7.550000
222.127	7.550000
222.127	7.662000
222.437	7.662000
222.437	7.266000
222.747	7.266000
222.747	6.738000
223.057	6.738000
223.057	7.948000
223.371	7.948000
223.371	7.470000
223.686	7.470000
223.686	7.350000
224.001	7.350000
224.001	6.964000
224.315	6.964000
224.315	7.150000
224.629	7.150000
224.629	7.717000
224.942	7.717000
224.942	8.161000
225.264	8.161000
225.264	7.019000
225.587	7.019000
225.587	7.121000
225.91	7.121000
225.91	4.921000
226.251	4.921000
226.251	4.784000
226.592	4.784000
226.592	4.852000
226.933	4.852000
226.933	5.089000
227.276	5.089000
227.276	6.444000
227.619	6.444000
227.619	4.974000
227.961	4.974000
227.961	8.426000
228.299	8.426000
228.299	7.798000
228.637	7.798000
228.637	7.911000
228.975	7.911000
228.975	4.602000
229.318	4.602000
229.318	4.338000
229.661	4.338000
229.661	4.136000
230.004	4.136000
230.004	4.391000
230.331	4.391000
230.331	4.956000
230.658	4.956000
230.658	4.872000
230.985	4.872000
230.985	5.632000
231.325	5.632000
231.325	5.129000
231.666	5.129000
231.666	5.885000
232.008	5.885000
232.008	7.053000
232.321	7.053000
232.321	6.470000
232.634	6.470000
232.634	6.515000
232.947	6.515000
232.947	4.862000
233.272	4.862000
233.272	4.485000
233.597	4.485000
233.597	5.509000
233.922	5.509000
233.922	7.787000
234.265	7.787000
234.265	8.568000
234.609	8.568000
234.609	8.123000
234.95	8.123000
234.95	9.356000
235.393	9.356000
235.393	8.771000
235.836	8.771000
235.836	9.706000
236.277	9.706000
236.277	7.081000
236.618	7.081000
236.618	6.647000
236.958	6.647000
236.958	6.667000
237.298	6.667000
237.298	8.347000
237.629	8.347000
237.629	8.241000
237.96	8.241000
237.96	8.868000
238.291	8.868000
238.291	4.769000
238.598	4.769000
238.598	4.374000
238.905	4.374000
238.905	5.498000
239.21	5.498000
239.21	9.585000
239.533	9.585000
239.533	7.583000
239.856	7.583000
239.856	7.529000
240.179	7.529000
240.179	5.815000
240.523	5.815000
240.523	5.632000
240.867	5.632000
240.867	5.439000
241.211	5.439000
241.211	4.904000
241.549	4.904000
241.549	4.847000
241.887	4.847000
241.887	4.810000
242.226	4.810000
242.226	9.314000
242.532	9.314000
242.532	7.841000
242.838	7.841000
242.838	7.085000
243.144	7.085000
243.144	3.969000
243.48	3.969000
243.48	3.996000
243.816	3.996000
243.816	5.890000
244.152	5.890000
244.152	6.863000
244.497	6.863000
244.497	7.421000
244.842	7.421000
244.842	6.287000
245.192	6.287000
245.192	6.313000
245.542	6.313000
245.542	5.608000
245.892	5.608000
245.892	8.732000
246.234	8.732000
246.234	7.576000
246.577	7.576000
246.577	7.661000
246.92	7.661000
246.92	5.374000
247.254	5.374000
247.254	6.243000
247.588	6.243000
247.588	4.764000
247.922	4.764000
247.922	4.909000
248.239	4.909000
248.239	4.194000
248.556	4.194000
248.556	4.603000
248.873	4.603000
248.873	7.074000
249.214	7.074000
249.214	6.170000
249.556	6.170000
249.556	5.992000
249.898	5.992000
249.898	4.517000
250.238	4.517000
250.238	4.197000
250.578	4.197000
250.578	4.322000
250.918	4.322000
250.918	7.046000
251.236	7.046000
251.236	7.145000
251.554	7.145000
251.554	6.243000
251.872	6.243000
251.872	8.256000
252.18	8.256000
252.18	6.302000
252.489	6.302000
252.489	6.639000
252.798	6.639000
252.798	4.465000
253.134	4.465000
253.134	4.151000
253.47	4.151000
253.47	5.177000
253.806	5.177000
253.806	4.696000
254.134	4.696000
254.134	5.484000
254.462	5.484000
254.462	4.536000
254.79	4.536000
254.79	7.781000
255.118	7.781000
255.118	6.702000
255.446	6.702000
255.446	6.483000
255.774	6.483000
255.774	7.503000
256.112	7.503000
256.112	7.560000
256.45	7.560000
256.45	7.582000
256.788	7.582000
256.788	4.326000
257.126	4.326000
257.126	3.499000
257.464	3.499000
257.464	3.621000
257.802	3.621000
257.802	6.295000
258.13	6.295000
258.13	5.426000
258.457	5.426000
258.457	5.503000
258.784	5.503000
258.784	3.996000
259.127	3.996000
259.127	3.601000
259.47	3.601000
259.47	4.184000
259.813	4.184000
259.813	4.889000
260.156	4.889000
260.156	4.726000
260.499	4.726000
260.499	4.805000
260.842	4.805000
260.842	7.526000
261.151	7.526000
261.151	6.608000
261.46	6.608000
261.46	6.484000
261.769	6.484000
261.769	5.130000
262.114	5.130000
262.114	5.414000
262.459	5.414000
262.459	4.389000
262.804	4.389000
262.804	4.633000
263.128	4.633000
263.128	3.747000
263.452	3.747000
263.452	3.878000
263.776	3.878000
263.776	9.508000
264.082	9.508000
264.082	8.493000
264.388	8.493000
264.388	8.441000
264.694	8.441000
264.694	7.636000
265.033	7.636000
265.033	7.764000
265.372	7.764000
265.372	7.408000
265.711	7.408000
265.711	8.826000
266.043	8.826000
266.043	8.762000
266.375	8.762000
266.375	8.590000
266.707	8.590000
266.707	9.264000
267.045	9.264000
267.045	9.185000
267.382	9.185000
267.382	9.130000
267.72	9.130000
267.72	8.493000
268.027	8.493000
268.027	8.379000
268.334	8.379000
268.334	8.025000
268.641	8.025000
268.641	4.984000
268.975	4.984000
268.975	9.230000
269.309	9.230000
269.309	5.551000
269.624	5.551000
269.624	5.715000
269.939	5.715000
269.939	5.161000
270.254	5.161000
270.254	9.406000
270.576	9.406000
270.576	9.310000
270.898	9.310000
270.898	8.234000
271.246	8.234000
271.246	8.168000
271.594	8.168000
271.594	7.932000
271.942	7.932000
271.942	3.895000
272.284	3.895000
272.284	3.069000
272.626	3.069000
272.626	3.320000
272.968	3.320000
272.968	7.630000
273.295	7.630000
273.295	6.841000
273.623	6.841000
273.623	6.976000
273.951	6.976000
273.951	5.388000
274.301	5.388000
274.301	5.562000
274.651	5.562000
274.651	4.975000
275.001	4.975000
275.001	8.423000
275.337	8.423000
275.337	8.477000
275.673	8.477000
275.673	8.547000
276.009	8.547000
276.009	7.300000
276.327	7.300000
276.327	7.272000
276.645	7.272000
276.645	7.320000
276.963	7.320000
276.963	9.992000
277.287	9.992000
277.287	9.678000
277.611	9.678000
277.611	9.367000
277.935	9.367000
277.935	8.146000
278.267	8.146000
278.267	7.555000
278.599	7.555000
278.599	7.751000
278.931	7.751000
278.931	6.656000
279.235	6.656000
279.235	5.845000
279.539	5.845000
279.539	6.002000
279.843	6.002000
279.843	9.950000
280.168	9.950000
280.168	9.755000
280.493	9.755000
280.493	8.497000
280.813	8.497000
280.813	8.498000
281.133	8.498000
281.133	8.515000
281.453	8.515000
281.453	7.828000
281.795	7.828000
281.795	7.241000
282.136	7.241000
282.136	7.064000
282.478	7.064000
282.478	8.753000
282.803	8.753000
282.803	8.158000
283.128	8.158000
283.128	8.276000
283.453	8.276000
283.453	5.060000
283.793	5.060000
283.793	4.702000
284.133	4.702000
284.133	4.657000
284.473	4.657000
284.473	7.897000
284.807	7.897000
284.807	7.395000
285.141	7.395000
285.141	7.464000
285.475	7.464000
285.475	8.824000
285.814	8.824000
285.814	8.875000
286.154	8.875000
286.154	8.738000
286.494	8.738000
286.494	7.324000
286.843	7.324000
286.843	7.039000
287.192	7.039000
287.192	6.940000
287.54	6.940000
287.54	3.905000
287.88	3.905000
287.88	3.791000
288.22	3.791000
288.22	3.581000
288.56	3.581000
288.56	6.118000
288.907	6.118000
288.907	5.738000
289.254	5.738000
289.254	5.921000
289.601	5.921000
289.601	4.387000
289.931	4.387000
289.931	4.233000
290.261	4.233000
290.261	4.971000
290.591	4.971000
290.591	9.861000
290.891	9.861000
290.891	9.600000
291.191	9.600000
291.191	9.679000
291.491	9.679000
291.491	6.661000
291.834	6.661000
291.834	6.846000
292.177	6.846000
292.177	6.449000
292.52	6.449000
292.52	8.770000
292.835	8.770000
292.835	8.200000
293.15	8.200000
293.15	8.104000
293.465	8.104000
293.465	8.820000
293.777	8.820000
293.777	8.758000
294.089	8.758000
294.089	8.647000
294.401	8.647000
294.401	4.280000
294.745	4.280000
294.745	3.888000
295.089	3.888000
295.089	3.885000
295.433	3.885000
295.433	8.198000
295.75	8.198000
295.75	7.253000
296.068	7.253000
296.068	7.121000
296.386	7.121000
296.386	9.997000
296.732	9.997000
296.732	7.667000
297.041	7.667000
297.041	7.246000
297.35	7.246000
297.35	7.048000
297.658	7.048000
297.658	4.514000
297.983	4.514000
297.983	4.086000
298.308	4.086000
298.308	4.081000
298.633	4.081000
298.633	4.400000
298.973	4.400000
298.973	3.775000
299.313	3.775000
299.313	4.397000
299.653	4.397000
299.653	6.634000
299.97	6.634000
299.97	5.856000
300.287	5.856000
300.287	5.892000
300.604	5.892000
300.604	4.540000
300.937	4.540000
300.937	3.964000
301.27	3.964000
301.27	4.520000
301.603	4.520000
301.603	4.882000
301.93	4.882000
301.93	5.135000
302.257	5.135000
302.257	4.294000
302.584	4.294000
302.584	5.705000
302.92	5.705000
302.92	5.246000
303.256	5.246000
303.256	5.296000
303.592	5.296000
303.592	4.744000
303.933	4.744000
303.933	4.524000
304.274	4.524000
304.274	4.353000
304.615	4.353000
304.615	5.478000
304.954	5.478000
304.954	5.475000
305.293	5.475000
305.293	5.009000
305.632	5.009000
305.632	8.564000
305.965	8.564000
305.965	8.142000
306.298	8.142000
306.298	8.239000
306.631	8.239000
306.631	6.052000
306.945	6.052000
306.945	5.626000
307.259	5.626000
307.259	6.027000
307.573	6.027000
307.573	7.242000
307.911	7.242000
307.911	7.301000
308.249	7.301000
308.249	7.010000
308.587	7.010000
308.587	9.736000
308.899	9.736000
308.899	9.173000
309.211	9.173000
309.211	9.116000
309.523	9.116000
309.523	7.386000
309.847	7.386000
309.847	6.852000
310.171	6.852000
310.171	6.834000
310.495	6.834000
310.495	9.531000
310.813	9.531000
310.813	8.777000
311.127	8.777000
311.127	7.976000
311.441	7.976000
311.441	7.917000
311.755	7.917000
311.755	8.307000
312.065	8.307000
312.065	7.901000
312.375	7.901000
312.375	7.523000
312.685	7.523000
312.685	6.128000
313.012	6.128000
313.012	6.354000
313.339	6.354000
313.339	5.478000
313.666	5.478000
313.666	7.528000
313.983	7.528000
313.983	7.096000
314.3	7.096000
314.3	7.136000
314.617	7.136000
314.617	6.536000
314.932	6.536000
314.932	6.497000
315.247	6.497000
315.247	6.433000
315.562	6.433000
315.562	6.514000
315.898	6.514000
315.898	0.000000
315.898	0.000000
315.898	6.286000
316.234	6.286000
316.234	7.029000
316.572	7.029000
316.572	6.485000
316.909	6.485000
316.909	6.817000
317.247	6.817000
317.247	5.798000
317.575	5.798000
317.575	5.728000
317.903	5.728000
317.903	5.323000
318.231	5.323000
318.231	5.910000
318.57	5.910000
318.57	5.482000
318.909	5.482000
318.909	5.599000
319.248	5.599000
319.248	5.119000
319.566	5.119000
319.566	4.577000
319.884	4.577000
319.884	5.195000
320.202	5.195000
320.202	6.282000
320.551	6.282000
320.551	5.584000
320.9	5.584000
320.9	5.434000
321.249	5.434000
321.249	8.321000
321.571	8.321000
321.571	7.742000
321.893	7.742000
321.893	7.576000
322.215	7.576000
322.215	6.565000
322.557	6.565000
322.557	6.201000
322.899	6.201000
322.899	6.472000
323.241	6.472000
323.241	8.947000
323.567	8.947000
323.567	9.060000
323.894	9.060000
323.894	8.589000
324.221	8.589000
324.221	8.750000
324.554	8.750000
324.554	8.664000
324.887	8.664000
324.887	8.300000
325.22	8.300000
325.22	9.230000
325.545	9.230000
325.545	9.045000
325.868	9.045000
325.868	9.003000
326.193	9.003000
326.193	8.213000
326.522	8.213000
326.522	8.186000
326.851	8.186000
326.851	8.379000
327.18	8.379000
327.18	7.658000
327.494	7.658000
327.494	8.031000
327.808	8.031000
327.808	7.750000
328.122	7.750000
328.122	4.820000
328.44	4.820000
328.44	4.416000
328.758	4.416000
328.758	5.175000
329.076	5.175000
329.076	6.981000
329.374	6.981000
329.374	5.983000
329.673	5.983000
329.673	5.766000
329.972	5.766000
329.972	4.971000
330.311	4.971000
330.311	4.715000
330.65	4.715000
330.65	4.804000
330.989	4.804000
330.989	4.484000
331.311	4.484000
331.311	3.933000
331.633	3.933000
331.633	4.120000
331.955	4.120000
331.955	6.844000
332.281	6.844000
332.281	6.256000
332.607	6.256000
332.607	5.935000
332.933	5.935000
332.933	6.150000
333.232	6.150000
333.232	6.335000
333.531	6.335000
333.531	6.118000
333.83	6.118000
333.83	7.612000
334.17	7.612000
334.17	7.182000
334.51	7.182000
334.51	7.623000
334.849	7.623000
334.849	9.826000
335.157	9.826000
335.157	9.749000
335.465	9.749000
335.465	5.175000
335.794	5.175000
335.794	4.619000
336.122	4.619000
336.122	4.863000
336.45	4.863000
336.45	5.502000
336.796	5.502000
336.796	4.932000
337.142	4.932000
337.142	4.979000
337.488	4.979000
337.488	7.356000
337.804	7.356000
337.804	6.144000
338.121	6.144000
338.121	6.236000
338.438	6.236000
338.438	5.154000
338.753	5.154000
338.753	5.670000
339.068	5.670000
339.068	4.720000
339.383	4.720000
339.383	6.698000
339.71	6.698000
339.71	6.692000
340.037	6.692000
340.037	7.022000
340.365	7.022000
340.365	7.241000
340.646	7.241000
340.646	6.414000
340.928	6.414000
340.928	6.395000
341.21	6.395000
341.21	5.853000
341.548	5.853000
341.548	5.720000
341.886	5.720000
341.886	5.825000
342.224	5.825000
342.224	7.314000
342.543	7.314000
342.543	7.007000
342.862	7.007000
342.862	7.083000
343.181	7.083000
343.181	7.673000
343.494	7.673000
343.494	7.054000
343.808	7.054000
343.808	6.975000
344.122	6.975000
344.122	5.290000
344.455	5.290000
344.455	5.288000
344.788	5.288000
344.788	4.853000
345.121	4.853000
345.121	4.431000
345.458	4.431000
345.458	3.693000
345.795	3.693000
345.795	4.408000
346.132	4.408000
346.132	6.713000
346.458	6.713000
346.458	6.361000
346.784	6.361000
346.784	6.335000
347.11	6.335000
347.11	6.865000
347.427	6.865000
347.427	6.298000
347.744	6.298000
347.744	6.712000
348.061	6.712000
348.061	4.154000
348.397	4.154000
348.397	3.971000
348.733	3.971000
348.733	4.911000
349.069	4.911000
349.069	6.293000
349.421	6.293000
349.421	5.803000
349.773	5.803000
349.773	5.701000
350.125	5.701000
350.125	4.757000
350.463	4.757000
350.463	4.895000
350.801	4.895000
350.801	4.182000
351.139	4.182000
351.139	7.161000
351.465	7.161000
351.465	6.782000
351.791	6.782000
351.791	7.039000
352.117	7.039000
352.117	8.955000
352.395	8.955000
352.395	7.767000
352.673	7.767000
352.673	7.658000
352.951	7.658000
352.951	8.674000
353.276	8.674000
353.276	7.916000
353.601	7.916000
353.601	7.888000
353.926	7.888000
353.926	6.153000
354.266	6.153000
354.266	6.220000
354.606	6.220000
354.606	6.523000
354.946	6.523000
354.946	9.899000
355.246	9.899000
355.246	9.710000
355.546	9.710000
355.546	7.197000
355.884	7.197000
355.884	7.588000
356.222	7.588000
356.222	7.028000
356.56	7.028000
356.56	9.836000
356.861	9.836000
356.861	9.852000
357.162	9.852000
357.162	9.841000
357.463	9.841000
357.463	9.475000
357.778	9.475000
357.778	8.285000
358.095	8.285000
358.095	8.129000
358.412	8.129000
358.412	9.137000
358.723	9.137000
358.723	8.830000
359.034	8.830000
359.034	8.759000
359.345	8.759000
359.345	5.854000
359.686	5.854000
359.686	5.281000
360.027	5.281000
360.027	5.583000
360.368	5.583000
360.368	7.693000
360.675	7.693000
360.675	6.984000
360.982	6.984000
360.982	6.983000
361.289	6.983000
361.289	7.014000
361.597	7.014000
361.597	6.880000
361.905	6.880000
361.905	6.725000
362.213	6.725000
362.213	6.372000
362.52	6.372000
362.52	5.328000
362.827	5.328000
362.827	5.676000
363.134	5.676000
363.134	6.932000
363.463	6.932000
363.463	6.133000
363.792	6.133000
363.792	6.298000
364.121	6.298000
364.121	4.436000
364.47	4.436000
364.47	4.502000
364.819	4.502000
364.819	4.315000
365.168	4.315000
365.168	4.802000
365.512	4.802000
365.512	3.978000
365.856	3.978000
365.856	3.867000
366.2	3.867000
366.2	5.934000
366.54	5.934000
366.54	5.620000
366.88	5.620000
366.88	5.481000
367.22	5.481000
367.22	4.083000
367.557	4.083000
367.557	4.103000
367.894	4.103000
367.894	3.866000
368.231	3.866000
368.231	6.311000
368.561	6.311000
368.561	6.355000
368.892	6.355000
368.892	6.043000
369.223	6.043000
369.223	6.773000
369.544	6.773000
369.544	6.822000
369.865	6.822000
369.865	6.396000
370.186	6.396000
370.186	4.076000
370.517	4.076000
370.517	3.744000
370.848	3.744000
370.848	3.963000
371.179	3.963000
371.179	4.730000
371.527	4.730000
371.527	3.873000
371.875	3.873000
371.875	4.361000
372.223	4.361000
372.223	6.201000
372.562	6.201000
372.562	5.833000
372.902	5.833000
372.902	6.011000
373.242	6.011000
373.242	4.955000
373.581	4.955000
373.581	4.344000
373.921	4.344000
373.921	4.327000
374.261	4.327000
374.261	9.025000
374.577	9.025000
374.577	9.153000
374.893	9.153000
374.893	8.972000
375.209	8.972000
375.209	9.401000
375.55	9.401000
375.55	9.522000
375.891	9.522000
375.891	9.237000
376.231	9.237000
376.231	6.928000
376.543	6.928000
376.543	6.617000
376.855	6.617000
376.855	6.557000
377.167	6.557000
377.167	5.834000
377.477	5.834000
377.477	5.922000
377.786	5.922000
377.786	6.163000
378.096	6.163000
378.096	9.168000
378.441	9.168000
378.441	8.676000
378.786	8.676000
378.786	8.689000
379.131	8.689000
379.131	6.418000
379.466	6.418000
379.466	5.760000
379.8	5.760000
379.8	5.656000
380.134	5.656000
380.134	4.442000
380.467	4.442000
380.467	4.762000
380.8	4.762000
380.8	3.983000
381.133	3.983000
381.133	4.364000
381.476	4.364000
381.476	5.013000
381.818	5.013000
381.818	4.062000
382.161	4.062000
382.161	9.296000
382.462	9.296000
382.462	9.332000
382.763	9.332000
382.763	9.299000
383.064	9.299000
383.064	4.819000
383.394	4.819000
383.394	4.660000
383.724	4.660000
383.724	4.358000
384.054	4.358000
384.054	9.934000
384.398	9.934000
384.398	9.594000
384.742	9.594000
384.742	9.526000
385.086	9.526000
385.086	6.283000
385.388	6.283000
385.388	6.317000
385.69	6.317000
385.69	5.778000
385.992	5.778000
385.992	9.764000
386.334	9.764000
386.334	9.983000
386.676	9.983000
386.676	9.812000
387.018	9.812000
387.018	9.638000
387.345	9.638000
387.345	9.818000
387.672	9.818000
387.672	6.489000
387.974	6.489000
387.974	6.235000
388.276	6.235000
388.276	6.321000
388.578	6.321000
388.578	8.846000
388.896	8.846000
388.896	8.408000
389.214	8.408000
389.214	8.493000
389.532	8.493000
389.532	4.246000
389.865	4.246000
389.865	4.846000
390.198	4.846000
390.198	3.735000
390.531	3.735000
390.531	4.829000
390.828	4.829000
390.828	4.112000
391.125	4.112000
391.125	7.574000
391.421	7.574000
391.421	6.958000
391.718	6.958000
391.718	6.791000
392.015	6.791000
392.015	5.603000
392.332	5.603000
392.332	5.580000
392.649	5.580000
392.649	5.015000
392.966	5.015000
392.966	6.174000
393.284	6.174000
393.284	5.931000
393.602	5.931000
393.602	5.948000
393.92	5.948000
393.92	6.673000
394.25	6.673000
394.25	5.745000
394.58	5.745000
394.58	5.479000
394.91	5.479000
394.91	3.580000
395.24	3.580000
395.24	2.904000
395.57	2.904000
395.57	3.168000
395.9	3.168000
395.9	3.455000
396.246	3.455000
396.246	3.168000
396.592	3.168000
396.592	4.157000
396.938	4.157000
396.938	6.809000
397.271	6.809000
397.271	6.687000
397.605	6.687000
397.605	6.199000
397.939	6.199000
397.939	5.139000
398.267	5.139000
398.267	4.234000
398.595	4.234000
398.595	4.207000
398.923	4.207000
398.923	5.747000
399.264	5.747000
399.264	5.425000
399.605	5.425000
399.605	5.083000
399.946	5.083000
399.946	5.653000
400.275	5.653000
400.275	5.262000
400.602	5.262000
400.602	5.100000
400.93	5.100000
400.93	5.448000
401.263	5.448000
401.263	5.868000
401.596	5.868000
401.596	4.738000
401.929	4.738000
401.929	9.584000
402.276	9.584000
402.276	9.330000
402.623	9.330000
402.623	9.227000
402.97	9.227000
402.97	8.623000
403.314	8.623000
403.314	8.655000
403.659	8.655000
403.659	8.375000
404.002	8.375000
404.002	7.705000
404.328	7.705000
404.328	7.371000
404.654	7.371000
404.654	6.813000
404.98	6.813000
404.98	5.229000
405.294	5.229000
405.294	5.816000
405.608	5.816000
405.608	5.033000
405.922	5.033000
405.922	6.676000
406.245	6.676000
406.245	5.723000
406.569	5.723000
406.569	5.730000
406.893	5.730000
406.893	5.305000
407.217	5.305000
407.217	4.408000
407.541	4.408000
407.541	4.360000
407.865	4.360000
407.865	7.643000
408.201	7.643000
408.201	7.155000
408.537	7.155000
408.537	7.001000
408.873	7.001000
408.873	7.708000
409.21	7.708000
409.21	7.279000
409.547	7.279000
409.547	7.501000
409.883	7.501000
409.883	5.757000
410.201	5.757000
410.201	5.833000
410.519	5.833000
410.519	5.986000
410.834	5.986000
410.834	6.873000
411.175	6.873000
411.175	6.510000
411.516	6.510000
411.516	6.472000
411.857	6.472000
411.857	5.902000
412.197	5.902000
412.197	5.787000
412.538	5.787000
412.538	5.720000
412.879	5.720000
412.879	4.374000
413.212	4.374000
413.212	3.676000
413.545	3.676000
413.545	4.321000
413.878	4.321000
413.878	4.311000
414.207	4.311000
414.207	4.313000
414.536	4.313000
414.536	3.892000
414.865	3.892000
414.865	6.616000
415.174	6.616000
415.174	6.520000
415.483	6.520000
415.483	6.139000
415.792	6.139000
415.792	6.224000
416.128	6.224000
416.128	5.933000
416.464	5.933000
416.464	6.203000
416.8	6.203000
416.8	4.368000
417.143	4.368000
417.143	4.625000
417.486	4.625000
417.486	3.840000
417.829	3.840000
417.829	5.578000
418.172	5.578000
418.172	5.491000
418.516	5.491000
418.516	5.603000
418.86	5.603000
418.86	5.158000
419.201	5.158000
419.201	5.198000
419.541	5.198000
419.541	4.472000
419.882	4.472000
419.882	4.589000
420.234	4.589000
420.234	4.319000
420.586	4.319000
420.586	4.838000
420.938	4.838000
420.938	6.312000
421.254	6.312000
421.254	5.721000
421.571	5.721000
421.571	5.886000
421.888	5.886000
421.888	4.515000
422.228	4.515000
422.228	3.755000
422.568	3.755000
422.568	3.828000
422.908	3.828000
422.908	9.693000
423.244	9.693000
423.244	9.380000
423.58	9.380000
423.58	9.669000
423.916	9.669000
423.916	5.988000
424.247	5.988000
424.247	5.899000
424.578	5.899000
424.578	5.950000
424.909	5.950000
424.909	4.841000
425.233	4.841000
425.233	4.310000
425.557	4.310000
425.557	4.190000
425.881	4.190000
425.881	6.220000
426.174	6.220000
426.174	5.850000
426.467	5.850000
426.467	5.865000
426.76	5.865000
426.76	6.733000
427.084	6.733000
427.084	5.784000
427.408	5.784000
427.408	6.004000
427.732	6.004000
427.732	5.055000
428.065	5.055000
428.065	4.367000
428.398	4.367000
428.398	5.421000
428.731	5.421000
428.731	5.290000
429.064	5.290000
429.064	5.624000
429.397	5.624000
429.397	4.893000
429.73	4.893000
429.73	6.601000
430.05	6.601000
430.05	6.099000
430.371	6.099000
430.371	5.751000
430.692	5.751000
430.692	4.496000
431.031	4.496000
431.031	4.995000
431.368	4.995000
431.368	4.088000
431.707	4.088000
431.707	5.045000
432.033	5.045000
432.033	4.951000
432.359	4.951000
432.359	4.267000
432.685	4.267000
432.685	7.012000
433.004	7.012000
433.004	6.251000
433.322	6.251000
433.322	6.081000
433.641	6.081000
433.641	3.995000
433.98	3.995000
433.98	4.601000
434.319	4.601000
434.319	3.871000
434.658	3.871000
434.658	5.565000
434.989	5.565000
434.989	6.148000
435.321	6.148000
435.321	5.048000
435.653	5.048000
435.653	6.684000
435.984	6.684000
435.984	5.709000
436.315	5.709000
436.315	5.968000
436.646	5.968000
436.646	5.022000
436.974	5.022000
436.974	4.681000
437.302	4.681000
437.302	4.687000
437.63	4.687000
437.63	4.530000
437.977	4.530000
437.977	4.153000
438.324	4.153000
438.324	4.641000
438.671	4.641000
438.671	8.792000
438.941	8.792000
438.941	8.232000
439.211	8.232000
439.211	8.515000
439.481	8.515000
439.481	4.316000
439.834	4.316000
439.834	4.626000
440.187	4.626000
440.187	3.759000
440.54	3.759000
440.54	4.584000
440.87	4.584000
440.87	3.973000
441.2	3.973000
441.2	4.006000
441.53	4.006000
441.53	6.967000
441.97	6.967000
441.97	6.718000
442.41	6.718000
442.41	7.822000
442.85	7.822000
442.85	6.144000
443.283	6.144000
443.283	8.256000
443.714	8.256000
443.714	6.145000
444.146	6.145000
444.146	9.304000
444.65	9.304000
444.65	9.262000
445.152	9.262000
445.152	6.122000
445.482	6.122000
445.482	6.048000
445.811	6.048000
445.811	8.104000
446.141	8.104000
446.141	7.228000
446.475	7.228000
446.475	7.590000
446.81	7.590000
446.81	9.788000
447.22	9.788000
447.22	9.713000
447.63	9.713000
447.63	6.347000
447.975	6.347000
447.975	6.491000
448.32	6.491000
448.32	8.723000
448.665	8.723000
448.665	5.085000
449.01	5.085000
449.01	7.871000
449.355	7.871000
449.355	5.428000
449.7	5.428000
449.7	9.134000
450.048	9.134000
450.048	8.519000
450.395	8.519000
450.395	8.174000
450.744	8.174000
450.744	6.402000
451.089	6.402000
451.089	6.120000
451.434	6.120000
451.434	6.917000
451.779	6.917000
451.779	7.329000
452.194	7.329000
452.194	7.691000
452.61	7.691000
452.61	7.845000
453.026	7.845000
453.026	9.052000
453.357	9.052000
453.357	8.877000
453.688	8.877000
453.688	8.732000
454.028	8.732000
454.028	8.893000
454.368	8.893000
454.368	7.784000
454.719	7.784000
454.719	8.525000
455.07	8.525000
455.07	8.240000
455.421	8.240000
455.421	9.553000
455.836	9.553000
455.836	9.611000
456.251	9.611000
456.251	8.805000
456.772	8.805000
456.772	8.398000
457.294	8.398000
457.294	8.371000
457.816	8.371000
457.816	9.823000
458.163	9.823000
458.163	9.801000
458.454	9.801000
458.454	9.802000
458.745	9.802000
458.745	8.751000
459.083	8.751000
459.083	8.816000
459.421	8.816000
459.421	8.493000
459.872	8.493000
459.872	8.482000
460.323	8.482000
460.323	9.837000
460.614	9.837000
460.614	9.997000
460.905	9.997000
460.905	8.127000
461.166	8.127000
461.166	8.229000
461.427	8.229000
461.427	8.678000
461.859	8.678000
461.859	9.203000
462.291	9.203000
462.291	8.604000
462.602	8.604000
462.602	7.049000
462.913	7.049000
462.913	6.917000
463.224	6.917000
463.224	8.101000
463.64	8.101000
463.64	8.671000
464.055	8.671000
464.055	9.119000
464.317	9.119000
464.317	9.279000
464.579	9.279000
464.579	8.114000
464.834	8.114000
464.834	7.636000
465.089	7.636000
465.089	8.494000
465.438	8.494000
465.438	8.668000
465.788	8.668000
465.788	8.992000
466.137	8.992000
466.137	6.406000
466.483	6.406000
466.483	6.540000
466.829	6.540000
466.829	9.729000
467.172	9.729000
467.172	8.413000
467.51	8.413000
467.51	8.384000
467.848	8.384000
467.848	5.154000
468.166	5.154000
468.166	4.865000
468.484	4.865000
468.484	5.644000
468.802	5.644000
468.802	8.239000
469.151	8.239000
469.151	8.085000
469.5	8.085000
469.5	9.791000
469.849	9.791000
469.849	6.766000
470.189	6.766000
470.189	6.198000
470.529	6.198000
470.529	7.596000
470.869	7.596000
470.869	9.303000
471.29	9.303000
471.29	8.069000
471.712	8.069000
471.712	7.853000
472.133	7.853000
472.133	7.476000
472.575	7.476000
472.575	9.478000
473.017	9.478000
473.017	7.687000
473.459	7.687000
473.459	7.269000
473.894	7.269000
473.894	7.466000
474.33	7.466000
474.33	8.029000
474.765	8.029000
474.765	8.573000
475.102	8.573000
475.102	8.670000
475.44	8.670000
475.44	7.794000
475.842	7.794000
475.842	7.783000
476.244	7.783000
476.244	8.402000
476.516	8.402000
476.516	8.243000
476.788	8.243000
476.788	9.129000
477.06	9.129000
477.06	7.663000
477.407	7.663000
477.407	7.841000
477.754	7.841000
477.754	7.130000
478.101	7.130000
478.101	9.612000
478.511	9.612000
478.511	9.553000
478.921	9.553000
478.921	9.950000
479.315	9.950000
479.315	9.881000
479.709	9.881000
479.709	9.027000
480.005	9.027000
480.005	8.745000
480.301	8.745000
