0.0	6.284000
0.306	6.284000
0.306	6.328000
0.611	6.328000
0.611	6.237000
0.893	6.237000
0.893	6.483000
1.175	6.483000
1.175	5.689000
1.481	5.689000
1.481	5.776000
1.787	5.776000
1.787	6.539000
2.065	6.539000
2.065	6.711000
2.343	6.711000
2.343	6.362000
2.625	6.362000
2.625	6.526000
2.907	6.526000
2.907	6.599000
3.17	6.599000
3.17	6.345000
3.433	6.345000
3.433	5.852000
3.783	5.852000
3.783	5.869000
4.134	5.869000
4.134	7.444000
4.426	7.444000
4.426	7.231000
4.718	7.231000
4.718	7.116000
4.992	7.116000
4.992	6.701000
5.266	6.701000
5.266	7.034000
5.511	7.034000
5.511	7.319000
5.756	7.319000
5.756	6.425000
5.992	6.425000
5.992	6.495000
6.228	6.495000
6.228	6.181000
6.528	6.181000
6.528	6.227000
6.828	6.227000
6.828	5.543000
7.124	5.543000
7.124	5.972000
7.42	5.972000
7.42	6.166000
7.718	6.166000
7.718	6.364000
8.016	6.364000
8.016	6.732000
8.28	6.732000
8.28	6.718000
8.544	6.718000
8.544	6.936000
8.822	6.936000
8.822	7.233000
9.1	7.233000
9.1	7.302000
9.4	7.302000
9.4	7.446000
9.701	7.446000
9.701	6.762000
10.049	6.762000
10.049	6.561000
10.398	6.561000
10.398	7.462000
10.691	7.462000
10.691	7.427000
10.985	7.427000
10.985	6.345000
11.272	6.345000
11.272	6.370000
11.559	6.370000
11.559	6.647000
11.825	6.647000
11.825	6.518000
12.091	6.518000
12.091	6.432000
12.386	6.432000
12.386	6.501000
12.681	6.501000
12.681	6.068000
12.956	6.068000
12.956	6.002000
13.231	6.002000
13.231	6.505000
13.489	6.505000
13.489	6.740000
13.748	6.740000
13.748	6.695000
14.001	6.695000
14.001	6.450000
14.254	6.450000
14.254	6.865000
14.501	6.865000
14.501	6.946000
14.748	6.946000
14.748	6.224000
15.03	6.224000
15.03	6.126000
15.312	6.126000
15.312	7.608000
15.55	7.608000
15.55	6.948000
15.788	6.948000
15.788	7.439000
16.076	7.439000
16.076	7.462000
16.364	7.462000
16.364	5.438000
16.681	5.438000
16.681	5.410000
16.998	5.410000
16.998	6.263000
17.22	6.263000
17.22	6.090000
17.443	6.090000
17.443	6.002000
17.676	6.002000
17.676	6.180000
17.909	6.180000
17.909	3.687000
18.184	3.687000
18.184	3.565000
18.458	3.565000
18.458	3.690000
18.775	3.690000
18.775	4.095000
19.087	4.095000
19.087	5.384000
19.403	5.384000
19.403	5.203000
19.716	5.203000
19.716	4.799000
20.033	4.799000
20.033	3.794000
20.349	3.794000
20.349	4.785000
20.664	4.785000
20.664	3.647000
20.98	3.647000
20.98	3.529000
21.296	3.529000
21.296	4.068000
21.61	4.068000
21.61	3.331000
21.885	3.331000
21.885	3.411000
22.16	3.411000
22.16	4.213000
22.475	4.213000
22.475	3.562000
22.79	3.562000
22.79	5.572000
23.107	5.572000
23.107	4.804000
23.424	4.804000
23.424	4.073000
23.74	4.073000
23.74	3.615000
24.054	3.615000
24.054	6.228000
24.37	6.228000
24.37	6.427000
24.686	6.427000
24.686	5.137000
25.0	5.137000
25.0	5.088000
25.316	5.088000
25.316	5.672000
25.632	5.672000
25.632	5.806000
25.947	5.806000
25.947	8.114000
26.264	8.114000
26.264	8.188000
26.58	8.188000
26.58	8.904000
26.896	8.904000
26.896	8.562000
27.21	8.562000
27.21	3.810000
27.525	3.810000
27.525	3.557000
27.841	3.557000
27.841	4.107000
28.158	4.107000
28.158	3.775000
28.472	3.775000
28.472	4.020000
28.788	4.020000
28.788	4.177000
29.104	4.177000
29.104	3.744000
29.421	3.744000
29.421	4.263000
29.736	4.263000
29.736	3.736000
30.052	3.736000
30.052	3.670000
30.364	3.670000
30.364	3.588000
30.68	3.588000
30.68	3.815000
30.995	3.815000
30.995	3.881000
31.31	3.881000
31.31	4.801000
31.624	4.801000
31.624	3.694000
31.939	3.694000
31.939	3.721000
32.249	3.721000
32.249	4.709000
32.565	4.709000
32.565	3.908000
32.881	3.908000
32.881	4.306000
33.197	4.306000
33.197	6.478000
33.514	6.478000
33.514	4.202000
33.83	4.202000
33.83	4.488000
34.145	4.488000
34.145	3.767000
34.461	3.767000
34.461	3.549000
34.77	3.549000
34.77	3.515000
35.085	3.515000
35.085	3.393000
35.397	3.393000
35.397	3.933000
35.714	3.933000
35.714	4.450000
36.03	4.450000
36.03	3.162000
36.346	3.162000
36.346	3.287000
36.658	3.287000
36.658	4.179000
36.974	4.179000
36.974	3.682000
37.289	3.682000
37.289	3.701000
37.607	3.701000
37.607	3.645000
37.924	3.645000
37.924	3.958000
38.239	3.958000
38.239	4.477000
38.556	4.477000
38.556	5.408000
38.873	5.408000
38.873	4.885000
39.188	4.885000
39.188	3.732000
39.505	3.732000
39.505	3.659000
39.821	3.659000
39.821	3.539000
40.137	3.539000
40.137	3.585000
40.45	3.585000
40.45	4.147000
40.766	4.147000
40.766	4.466000
41.083	4.466000
41.083	3.612000
41.399	3.612000
41.399	3.932000
41.71	3.932000
41.71	3.500000
42.027	3.500000
42.027	3.532000
42.341	3.532000
42.341	3.844000
42.657	3.844000
42.657	4.248000
42.969	4.248000
42.969	3.568000
43.283	3.568000
43.283	4.019000
43.597	4.019000
43.597	4.227000
43.913	4.227000
43.913	3.856000
44.228	3.856000
44.228	3.931000
44.545	3.931000
44.545	3.500000
44.862	3.500000
44.862	4.324000
45.178	4.324000
45.178	3.420000
45.494	3.420000
45.494	4.533000
45.81	4.533000
45.81	3.616000
46.125	3.616000
46.125	3.410000
46.442	3.410000
46.442	3.435000
46.758	3.435000
46.758	4.277000
47.075	4.277000
47.075	4.474000
47.39	4.474000
47.39	4.162000
47.707	4.162000
47.707	3.998000
48.023	3.998000
48.023	3.998000
48.34	3.998000
48.34	3.902000
48.656	3.902000
48.656	3.721000
48.973	3.721000
48.973	4.062000
49.29	4.062000
49.29	4.011000
49.606	4.011000
49.606	4.419000
49.92	4.419000
49.92	3.524000
50.234	3.524000
50.234	4.034000
50.55	4.034000
50.55	3.465000
50.866	3.465000
50.866	3.176000
51.182	3.176000
51.182	3.842000
51.498	3.842000
51.498	4.156000
51.815	4.156000
51.815	3.642000
52.131	3.642000
52.131	3.853000
52.444	3.853000
52.444	4.090000
52.759	4.090000
52.759	4.249000
53.072	4.249000
53.072	4.441000
53.39	4.441000
53.39	4.006000
53.708	4.006000
53.708	4.273000
54.027	4.273000
54.027	4.216000
54.346	4.216000
54.346	3.916000
54.664	3.916000
54.664	3.476000
54.982	3.476000
54.982	3.920000
55.3	3.920000
55.3	4.408000
55.619	4.408000
55.619	3.924000
55.937	3.924000
55.937	3.930000
56.255	3.930000
56.255	3.969000
56.572	3.969000
56.572	3.926000
56.888	3.926000
56.888	3.841000
57.204	3.841000
57.204	4.158000
57.519	4.158000
57.519	4.401000
57.835	4.401000
57.835	3.406000
58.149	3.406000
58.149	4.369000
58.461	4.369000
58.461	3.710000
58.777	3.710000
58.777	3.914000
59.092	3.914000
59.092	3.653000
59.407	3.653000
59.407	3.796000
59.722	3.796000
59.722	4.269000
60.035	4.269000
60.035	4.855000
60.351	4.855000
60.351	5.338000
60.668	5.338000
60.668	3.751000
60.984	3.751000
60.984	3.731000
61.296	3.731000
61.296	4.010000
61.613	4.010000
61.613	4.264000
61.928	4.264000
61.928	6.287000
62.278	6.287000
62.278	6.505000
62.627	6.505000
62.627	3.451000
62.943	3.451000
62.943	3.733000
63.258	3.733000
63.258	4.063000
63.574	4.063000
63.574	3.926000
63.889	3.926000
63.889	5.588000
64.202	5.588000
64.202	5.505000
64.518	5.505000
64.518	8.668000
64.833	8.668000
64.833	8.330000
65.148	8.330000
65.148	3.644000
65.461	3.644000
65.461	3.836000
65.775	3.836000
65.775	4.189000
66.091	4.189000
66.091	3.535000
66.404	3.535000
66.404	3.256000
66.72	3.256000
66.72	3.325000
67.033	3.325000
67.033	3.535000
67.348	3.535000
67.348	3.588000
67.659	3.588000
67.659	3.444000
67.975	3.444000
67.975	3.660000
68.29	3.660000
68.29	6.074000
68.641	6.074000
68.641	6.156000
68.991	6.156000
68.991	5.888000
69.306	5.888000
69.306	6.083000
69.615	6.083000
69.615	8.705000
69.932	8.705000
69.932	8.839000
70.242	8.839000
70.242	5.093000
70.592	5.093000
70.592	5.036000
70.942	5.036000
70.942	5.906000
71.181	5.906000
71.181	5.867000
71.42	5.867000
71.42	7.098000
71.64	7.098000
71.64	7.651000
71.86	7.651000
71.86	6.923000
72.041	6.923000
72.041	7.035000
72.222	7.035000
72.222	7.309000
72.415	7.309000
72.415	7.683000
72.607	7.683000
72.607	5.922000
72.904	5.922000
72.904	5.925000
73.201	5.925000
73.201	6.943000
73.469	6.943000
73.469	6.778000
73.737	6.778000
73.737	6.269000
73.998	6.269000
73.998	6.126000
74.26	6.126000
74.26	5.936000
74.524	5.936000
74.524	5.997000
74.788	5.997000
74.788	5.382000
75.106	5.382000
75.106	5.112000
75.424	5.112000
75.424	6.612000
75.714	6.612000
75.714	6.369000
76.004	6.369000
76.004	5.762000
76.331	5.762000
76.331	5.632000
76.658	5.632000
76.658	6.430000
76.944	6.430000
76.944	6.021000
77.23	6.021000
77.23	6.152000
77.506	6.152000
77.506	6.076000
77.782	6.076000
77.782	6.567000
78.023	6.567000
78.023	6.280000
78.263	6.280000
78.263	7.300000
78.512	7.300000
78.512	6.387000
78.761	6.387000
78.761	6.591000
79.01	6.591000
79.01	6.621000
79.259	6.621000
79.259	4.897000
79.569	4.897000
79.569	4.996000
79.879	4.996000
79.879	7.296000
80.103	7.296000
80.103	7.182000
80.327	7.182000
80.327	6.085000
80.61	6.085000
80.61	6.229000
80.893	6.229000
80.893	6.539000
81.143	6.539000
81.143	6.075000
81.393	6.075000
81.393	6.550000
81.613	6.550000
81.613	6.556000
81.833	6.556000
81.833	6.471000
82.077	6.471000
82.077	6.599000
82.321	6.599000
82.321	5.892000
82.62	5.892000
82.62	5.602000
82.919	5.602000
82.919	6.628000
83.215	6.628000
83.215	6.035000
83.511	6.035000
83.511	5.205000
83.831	5.205000
83.831	5.323000
84.151	5.323000
84.151	6.697000
84.404	6.697000
84.404	6.853000
84.657	6.853000
84.657	7.642000
84.934	7.642000
84.934	7.429000
85.211	7.429000
85.211	7.555000
85.472	7.555000
85.472	7.094000
85.733	7.094000
85.733	6.692000
86.062	6.692000
86.062	6.321000
86.391	6.321000
86.391	7.090000
86.675	7.090000
86.675	6.668000
86.959	6.668000
86.959	6.369000
87.245	6.369000
87.245	6.164000
87.531	6.164000
87.531	6.915000
87.781	6.915000
87.781	6.067000
88.031	6.067000
88.031	6.101000
88.315	6.101000
88.315	6.328000
88.599	6.328000
88.599	5.520000
88.925	5.520000
88.925	5.585000
89.251	5.585000
89.251	7.016000
89.51	7.016000
89.51	7.114000
89.768	7.114000
89.768	6.803000
90.034	6.803000
90.034	6.859000
90.3	6.859000
90.3	6.182000
90.563	6.182000
90.563	6.335000
90.826	6.335000
90.826	6.712000
91.055	6.712000
91.055	6.375000
91.284	6.375000
91.284	6.078000
91.508	6.078000
91.508	6.357000
91.732	6.357000
91.732	7.496000
91.993	7.496000
91.993	7.045000
92.254	7.045000
92.254	6.318000
92.569	6.318000
92.569	5.833000
92.884	5.833000
92.884	6.885000
93.128	6.885000
93.128	6.658000
93.372	6.658000
93.372	6.689000
93.66	6.689000
93.66	6.748000
93.948	6.748000
93.948	7.112000
94.229	7.112000
94.229	6.805000
94.51	6.805000
94.51	6.076000
94.803	6.076000
94.803	6.276000
95.096	6.276000
95.096	6.141000
95.378	6.141000
95.378	6.437000
95.66	6.437000
95.66	5.640000
95.974	5.640000
95.974	6.004000
96.288	6.004000
96.288	4.262000
96.605	4.262000
96.605	4.510000
96.918	4.510000
96.918	3.909000
97.233	3.909000
97.233	3.839000
97.546	3.839000
97.546	3.705000
97.863	3.705000
97.863	4.150000
98.177	4.150000
98.177	3.952000
98.49	3.952000
98.49	4.089000
98.806	4.089000
98.806	3.811000
99.123	3.811000
99.123	4.074000
99.432	4.074000
99.432	3.763000
99.748	3.763000
99.748	4.054000
100.063	4.054000
100.063	3.761000
100.378	3.761000
100.378	4.364000
100.69	4.364000
100.69	3.838000
101.006	3.838000
101.006	3.397000
101.322	3.397000
101.322	4.091000
101.674	4.091000
101.674	4.374000
102.022	4.374000
102.022	3.997000
102.34	3.997000
102.34	3.703000
102.658	3.703000
102.658	4.497000
102.975	4.497000
102.975	3.905000
103.293	3.905000
103.293	5.555000
103.612	5.555000
103.612	5.732000
103.93	5.732000
103.93	4.209000
104.249	4.209000
104.249	4.334000
104.566	4.334000
104.566	3.939000
104.884	3.939000
104.884	4.466000
105.202	4.466000
105.202	3.987000
105.52	3.987000
105.52	3.612000
105.838	3.612000
105.838	4.016000
106.156	4.016000
106.156	4.246000
106.468	4.246000
106.468	3.589000
106.786	3.589000
106.786	3.842000
107.101	3.842000
107.101	3.977000
107.419	3.977000
107.419	3.946000
107.736	3.946000
107.736	4.329000
108.089	4.329000
108.089	4.482000
108.441	4.482000
108.441	3.731000
108.759	3.731000
108.759	4.006000
109.074	4.006000
109.074	4.507000
109.392	4.507000
109.392	4.220000
109.708	4.220000
109.708	6.820000
110.027	6.820000
110.027	6.948000
110.345	6.948000
110.345	4.405000
110.663	4.405000
110.663	4.865000
110.98	4.865000
110.98	8.167000
111.388	8.167000
111.388	8.093000
111.797	8.093000
111.797	6.452000
112.046	6.452000
112.046	6.105000
112.296	6.105000
112.296	6.806000
112.541	6.806000
112.541	7.442000
112.787	7.442000
112.787	7.457000
113.049	7.457000
113.049	7.764000
113.311	7.764000
113.311	7.501000
113.582	7.501000
113.582	7.160000
113.853	7.160000
113.853	6.062000
114.194	6.062000
114.194	6.064000
114.535	6.064000
114.535	6.643000
114.821	6.643000
114.821	6.653000
115.11	6.653000
115.11	6.541000
115.384	6.541000
115.384	6.719000
115.658	6.719000
115.658	6.650000
115.884	6.650000
115.884	6.478000
116.107	6.478000
116.107	5.182000
116.408	5.182000
116.408	5.132000
116.709	5.132000
116.709	6.667000
116.977	6.667000
116.977	6.526000
117.244	6.526000
117.244	7.529000
117.643	7.529000
117.643	7.582000
118.042	7.582000
118.042	6.536000
118.295	6.536000
118.295	6.729000
118.548	6.729000
118.548	6.743000
118.812	6.743000
118.812	7.044000
119.075	7.044000
119.075	6.778000
119.317	6.778000
119.317	7.169000
119.558	7.169000
119.558	7.113000
119.822	7.113000
119.822	7.120000
120.085	7.120000
120.085	7.000000
120.377	7.000000
120.377	6.663000
120.669	6.663000
120.669	6.074000
121.005	6.074000
121.005	6.319000
121.341	6.319000
121.341	6.682000
121.602	6.682000
121.602	6.812000
121.862	6.812000
121.862	7.217000
122.153	7.217000
122.153	7.128000
122.442	7.128000
122.442	6.961000
122.712	6.961000
122.712	6.436000
122.984	6.436000
122.984	7.202000
123.273	7.202000
123.273	6.855000
123.56	6.855000
123.56	7.692000
123.84	7.692000
123.84	7.293000
124.12	7.293000
124.12	6.398000
124.403	6.398000
124.403	6.393000
124.685	6.393000
124.685	5.613000
125.013	5.613000
125.013	5.726000
125.341	5.726000
125.341	6.810000
125.634	6.810000
125.634	6.261000
125.929	6.261000
125.929	7.170000
126.211	7.170000
126.211	6.813000
126.493	6.813000
126.493	6.421000
126.762	6.421000
126.762	6.588000
127.036	6.588000
127.036	5.927000
127.386	5.927000
127.386	5.908000
127.737	5.908000
127.737	6.688000
128.003	6.688000
128.003	6.729000
128.265	6.729000
128.265	6.289000
128.535	6.289000
128.535	6.177000
128.807	6.177000
128.807	7.088000
129.068	7.088000
129.068	6.988000
129.328	6.988000
129.328	7.156000
129.58	7.156000
129.58	6.640000
129.832	6.640000
129.832	6.630000
130.108	6.630000
130.108	6.556000
130.386	6.556000
130.386	6.971000
130.652	6.971000
130.652	6.892000
130.919	6.892000
130.919	6.806000
131.18	6.806000
131.18	6.436000
131.443	6.436000
131.443	6.096000
131.745	6.096000
131.745	5.843000
132.047	5.843000
132.047	7.360000
132.321	7.360000
132.321	7.527000
132.595	7.527000
132.595	7.352000
132.863	7.352000
132.863	7.399000
133.132	7.399000
133.132	6.573000
133.372	6.573000
133.372	7.019000
133.613	7.019000
133.613	5.525000
133.927	5.525000
133.927	5.373000
134.243	5.373000
134.243	6.494000
134.504	6.494000
134.504	6.280000
134.766	6.280000
134.766	6.625000
135.034	6.625000
135.034	6.434000
135.303	6.434000
135.303	6.740000
135.574	6.740000
135.574	6.854000
135.846	6.854000
135.846	6.858000
136.114	6.858000
136.114	6.273000
136.382	6.273000
136.382	6.896000
136.62	6.896000
136.62	6.730000
136.858	6.730000
136.858	6.628000
137.113	6.628000
137.113	6.856000
137.368	6.856000
137.368	6.836000
137.586	6.836000
137.586	6.858000
137.804	6.858000
137.804	6.219000
138.113	6.219000
138.113	5.967000
138.422	5.967000
138.422	6.535000
138.676	6.535000
138.676	6.554000
138.932	6.554000
138.932	7.110000
139.178	7.110000
139.178	6.829000
139.424	6.829000
139.424	6.438000
139.542	6.438000
139.542	6.724000
139.66	6.724000
139.66	5.687000
139.988	5.687000
139.988	5.581000
140.315	5.581000
140.315	7.268000
140.552	7.268000
140.552	6.769000
140.788	6.769000
140.788	7.103000
141.009	7.103000
141.009	7.232000
141.228	7.232000
141.228	6.188000
141.513	6.188000
141.513	6.198000
141.798	6.198000
141.798	6.799000
142.04	6.799000
142.04	6.849000
142.282	6.849000
142.282	6.347000
142.581	6.347000
142.581	5.735000
142.881	5.735000
142.881	6.962000
143.152	6.962000
143.152	6.452000
143.423	6.452000
143.423	6.178000
143.72	6.178000
143.72	5.778000
144.02	5.778000
144.02	6.063000
144.313	6.063000
144.313	6.068000
144.604	6.068000
144.604	6.656000
144.866	6.656000
144.866	6.449000
145.127	6.449000
145.127	5.236000
145.447	5.236000
145.447	4.871000
145.766	4.871000
145.766	6.288000
146.035	6.288000
146.035	6.330000
146.305	6.330000
146.305	1.119000
147.497	1.119000
147.497	1.169000
148.685	1.169000
148.685	6.659000
148.822	6.659000
148.822	5.760000
148.959	5.760000
148.959	7.995000
149.007	7.995000
149.007	7.294000
149.055	7.294000
149.055	8.303000
149.097	8.303000
149.097	7.586000
149.138	7.586000
149.138	7.609000
149.178	7.609000
149.178	7.915000
149.218	7.915000
149.218	7.658000
149.279	7.658000
149.279	7.535000
149.339	7.535000
149.339	8.721000
149.381	8.721000
149.381	7.487000
149.422	7.487000
149.422	9.449000
149.487	9.449000
149.487	8.508000
149.552	8.508000
149.552	8.633000
149.608	8.633000
149.608	8.298000
149.664	8.298000
149.664	8.566000
149.708	8.566000
149.708	9.257000
149.74	9.257000
149.74	7.792000
149.772	7.792000
149.772	5.141000
150.096	5.141000
150.096	5.360000
150.42	5.360000
150.42	6.372000
150.658	6.372000
150.658	6.619000
150.897	6.619000
150.897	6.779000
151.139	6.779000
151.139	6.783000
151.384	6.783000
151.384	6.647000
151.669	6.647000
151.669	6.680000
151.953	6.680000
151.953	5.918000
152.219	5.918000
152.219	5.966000
152.486	5.966000
152.486	6.035000
152.77	6.035000
152.77	6.122000
153.055	6.122000
153.055	6.683000
153.335	6.683000
153.335	6.607000
153.615	6.607000
153.615	6.189000
153.886	6.189000
153.886	6.122000
154.159	6.122000
154.159	5.754000
154.47	5.754000
154.47	5.455000
154.782	5.455000
154.782	6.028000
155.085	6.028000
155.085	5.661000
155.388	5.661000
155.388	6.254000
155.626	6.254000
155.626	6.376000
155.864	6.376000
155.864	9.419000
156.159	9.419000
156.159	8.915000
156.458	8.915000
156.458	7.138000
156.78	7.138000
156.78	7.053000
157.101	7.053000
157.101	6.979000
157.335	6.979000
157.335	7.162000
157.571	7.162000
157.571	6.763000
157.807	6.763000
157.807	6.419000
158.04	6.419000
158.04	6.437000
158.327	6.437000
158.327	6.485000
158.614	6.485000
158.614	7.172000
158.9	7.172000
158.9	7.032000
159.188	7.032000
159.188	6.206000
159.484	6.206000
159.484	6.149000
159.779	6.149000
159.779	5.793000
160.1	5.793000
160.1	5.806000
160.421	5.806000
160.421	7.505000
160.838	7.505000
160.838	7.781000
161.257	7.781000
161.257	6.953000
161.509	6.953000
161.509	6.779000
161.762	6.779000
161.762	6.232000
161.994	6.232000
161.994	6.508000
162.223	6.508000
162.223	6.570000
162.503	6.570000
162.503	6.653000
162.785	6.653000
162.785	6.020000
163.114	6.020000
163.114	5.980000
163.442	5.980000
163.442	5.154000
163.74	5.154000
163.74	5.455000
164.038	5.455000
164.038	7.491000
164.288	7.491000
164.288	7.151000
164.538	7.151000
164.538	6.721000
164.797	6.721000
164.797	6.596000
165.054	6.596000
165.054	8.496000
165.416	8.496000
165.416	8.111000
165.777	8.111000
165.777	5.817000
166.097	5.817000
166.097	5.425000
166.415	5.425000
166.415	5.775000
166.765	5.775000
166.765	5.681000
167.116	5.681000
167.116	5.790000
167.428	5.790000
167.428	5.660000
167.738	5.660000
167.738	6.845000
168.01	6.845000
168.01	6.667000
168.284	6.667000
168.284	6.241000
168.646	6.241000
168.646	6.284000
169.008	6.284000
169.008	7.354000
169.282	7.354000
169.282	7.200000
169.557	7.200000
169.557	6.806000
169.839	6.806000
169.839	6.603000
170.119	6.603000
170.119	5.707000
170.438	5.707000
170.438	5.645000
170.757	5.645000
170.757	6.543000
171.05	6.543000
171.05	6.763000
171.341	6.763000
171.341	8.190000
171.767	8.190000
171.767	8.075000
172.196	8.075000
172.196	5.532000
172.543	5.532000
172.543	5.622000
172.889	5.622000
172.889	4.247000
173.208	4.247000
173.208	4.593000
173.528	4.593000
173.528	6.918000
173.805	6.918000
173.805	6.824000
174.08	6.824000
174.08	4.260000
174.401	4.260000
174.401	3.855000
174.722	3.855000
174.722	4.276000
175.057	4.276000
175.057	4.156000
175.395	4.156000
175.395	3.319000
175.741	3.319000
175.741	2.892000
176.088	2.892000
176.088	3.680000
176.435	3.680000
176.435	3.221000
176.783	3.221000
176.783	4.580000
177.091	4.580000
177.091	4.392000
177.402	4.392000
177.402	4.035000
177.699	4.035000
177.699	4.280000
177.996	4.280000
177.996	5.900000
178.298	5.900000
178.298	6.215000
178.6	6.215000
178.6	5.131000
178.952	5.131000
178.952	4.685000
179.304	4.685000
179.304	6.111000
179.573	6.111000
179.573	6.863000
179.842	6.863000
179.842	3.610000
180.19	3.610000
180.19	3.237000
180.538	3.237000
180.538	3.057000
180.891	3.057000
180.891	2.517000
181.244	2.517000
181.244	3.849000
181.57	3.849000
181.57	4.013000
181.896	4.013000
181.896	3.284000
182.244	3.284000
182.244	2.931000
182.592	2.931000
182.592	6.140000
182.864	6.140000
182.864	5.832000
183.136	5.832000
183.136	6.583000
183.388	6.583000
183.388	6.506000
183.64	6.506000
183.64	4.191000
183.944	4.191000
183.944	3.784000
184.248	3.784000
184.248	3.028000
184.601	3.028000
184.601	2.512000
184.954	2.512000
184.954	7.162000
185.225	7.162000
185.225	7.470000
185.496	7.470000
185.496	5.448000
185.848	5.448000
185.848	5.797000
186.2	5.797000
186.2	3.664000
186.547	3.664000
186.547	2.944000
186.894	2.944000
186.894	6.539000
187.15	6.539000
187.15	6.270000
187.406	6.270000
187.406	3.829000
187.736	3.829000
187.736	3.581000
188.065	3.581000
188.065	4.109000
188.408	4.109000
188.408	4.012000
188.748	4.012000
188.748	6.665000
189.005	6.665000
189.005	6.175000
189.262	6.175000
189.262	6.086000
189.513	6.086000
189.513	6.646000
189.766	6.646000
189.766	6.080000
190.069	6.080000
190.069	5.731000
190.372	5.731000
190.372	6.556000
190.661	6.556000
190.661	6.830000
190.952	6.830000
190.952	6.854000
191.194	6.854000
191.194	6.800000
191.438	6.800000
191.438	7.041000
191.675	7.041000
191.675	7.016000
191.913	7.016000
191.913	3.545000
192.254	3.545000
192.254	3.637000
192.594	3.637000
192.594	6.000000
192.904	6.000000
192.904	6.191000
193.213	6.191000
193.213	3.716000
193.603	3.716000
193.603	3.390000
193.992	3.390000
193.992	6.789000
194.251	6.789000
194.251	6.778000
194.511	6.778000
194.511	6.688000
194.787	6.688000
194.787	6.924000
195.059	6.924000
195.059	6.123000
195.323	6.123000
195.323	6.502000
195.586	6.502000
195.586	4.262000
195.956	4.262000
195.956	4.489000
196.327	4.489000
196.327	3.603000
196.665	3.603000
196.665	3.336000
197.009	3.336000
197.009	6.513000
197.299	6.513000
197.299	6.598000
197.589	6.598000
197.589	4.353000
197.931	4.353000
197.931	4.125000
198.272	4.125000
198.272	3.379000
198.622	3.379000
198.622	3.143000
198.965	3.143000
198.965	3.933000
199.305	3.933000
199.305	3.610000
199.645	3.610000
199.645	4.085000
199.965	4.085000
199.965	3.783000
200.287	3.783000
200.287	5.434000
200.61	5.434000
200.61	5.458000
200.934	5.458000
200.934	7.702000
201.236	7.702000
201.236	7.904000
201.54	7.904000
201.54	3.998000
201.864	3.998000
201.864	4.234000
202.19	4.234000
202.19	6.270000
202.466	6.270000
202.466	6.507000
202.743	6.507000
202.743	7.869000
203.014	7.869000
203.014	7.888000
203.286	7.888000
203.286	4.418000
203.632	4.418000
203.632	4.338000
203.977	4.338000
203.977	4.219000
204.302	4.219000
204.302	4.137000
204.629	4.137000
204.629	4.155000
204.952	4.155000
204.952	4.099000
205.272	4.099000
205.272	4.039000
205.586	4.039000
205.586	4.690000
205.905	4.690000
205.905	6.652000
206.171	6.652000
206.171	6.290000
206.436	6.290000
206.436	4.579000
206.734	4.579000
206.734	4.312000
207.033	4.312000
207.033	3.768000
207.364	3.768000
207.364	3.030000
207.695	3.030000
207.695	6.044000
207.997	6.044000
207.997	5.781000
208.3	5.781000
208.3	6.821000
208.549	6.821000
208.549	6.904000
208.801	6.904000
208.801	6.471000
209.089	6.471000
209.089	6.534000
209.375	6.534000
209.375	6.544000
209.614	6.544000
209.614	6.862000
209.856	6.862000
209.856	5.862000
210.152	5.862000
210.152	5.651000
210.447	5.651000
210.447	6.436000
210.721	6.436000
210.721	6.147000
210.997	6.147000
