0.0	9.473000
0.354	9.473000
0.354	9.235000
0.706	9.235000
0.706	9.137000
1.06	9.137000
1.06	8.726000
1.378	8.726000
1.378	8.634000
1.697	8.634000
1.697	8.667000
2.016	8.667000
2.016	8.746000
2.369	8.746000
2.369	8.743000
2.723	8.743000
2.723	8.969000
3.077	8.969000
3.077	9.052000
3.43	9.052000
3.43	9.206000
3.784	9.206000
3.784	9.187000
4.137	9.187000
4.137	8.721000
4.456	8.721000
4.456	8.456000
4.775	8.456000
4.775	8.449000
5.094	8.449000
5.094	9.730000
5.448	9.730000
5.448	9.951000
5.802	9.951000
5.802	9.921000
6.156	9.921000
6.156	8.013000
6.51	8.013000
6.51	8.102000
6.864	8.102000
6.864	8.235000
7.218	8.235000
7.218	7.538000
7.537	7.538000
7.537	7.743000
7.856	7.743000
7.856	7.522000
8.175	7.522000
8.175	9.804000
8.529	9.804000
8.529	9.999000
8.883	9.999000
8.883	9.101000
9.237	9.101000
9.237	8.906000
9.591	8.906000
9.591	8.679000
9.945	8.679000
9.945	8.432000
10.299	8.432000
10.299	8.231000
10.653	8.231000
10.653	8.267000
11.007	8.267000
11.007	7.566000
11.36	7.566000
11.36	7.672000
11.714	7.672000
11.714	7.678000
12.068	7.678000
12.068	9.350000
12.422	9.350000
12.422	9.087000
12.776	9.087000
12.776	9.313000
13.129	9.313000
13.129	7.757000
13.483	7.757000
13.483	7.477000
13.837	7.477000
13.837	7.412000
14.191	7.412000
14.191	9.108000
14.545	9.108000
14.545	9.005000
14.898	9.005000
14.898	9.056000
15.252	9.056000
15.252	9.429000
15.606	9.429000
15.606	9.418000
15.96	9.418000
15.96	9.226000
16.314	9.226000
16.314	8.320000
16.633	8.320000
16.633	8.079000
16.952	8.079000
16.952	8.153000
17.271	8.153000
17.271	8.935000
17.625	8.935000
17.625	8.917000
17.979	8.917000
17.979	8.875000
18.333	8.875000
18.333	8.449000
18.687	8.449000
18.687	8.448000
19.041	8.448000
19.041	8.539000
19.395	8.539000
19.395	8.010000
19.749	8.010000
19.749	8.074000
20.103	8.074000
20.103	7.874000
20.457	7.874000
20.457	7.662000
20.811	7.662000
20.811	7.440000
21.165	7.440000
21.165	7.601000
21.519	7.601000
21.519	9.380000
21.838	9.380000
21.838	9.609000
22.157	9.609000
22.157	9.134000
22.476	9.134000
22.476	8.385000
22.795	8.385000
22.795	8.337000
23.114	8.337000
23.114	8.385000
23.433	8.385000
23.433	8.008000
23.787	8.008000
23.787	7.963000
24.141	7.963000
24.141	7.867000
24.494	7.867000
24.494	8.203000
24.848	8.203000
24.848	8.321000
25.201	8.321000
25.201	7.955000
25.555	7.955000
25.555	7.788000
25.909	7.788000
25.909	7.655000
26.263	7.655000
26.263	7.614000
26.617	7.614000
26.617	8.375000
26.97	8.375000
26.97	8.089000
27.324	8.089000
27.324	8.047000
27.678	8.047000
27.678	8.273000
28.032	8.273000
28.032	8.391000
28.385	8.391000
28.385	7.954000
28.739	7.954000
28.739	8.158000
29.093	8.158000
29.093	7.911000
29.447	7.911000
29.447	7.867000
29.801	7.867000
29.801	9.415000
30.155	9.415000
30.155	9.353000
30.509	9.353000
30.509	9.235000
30.863	9.235000
30.863	9.206000
31.217	9.206000
31.217	9.089000
31.571	9.089000
31.571	8.943000
31.925	8.943000
31.925	7.671000
32.279	7.671000
32.279	7.762000
32.633	7.762000
32.633	7.618000
32.987	7.618000
32.987	6.986000
33.341	6.986000
33.341	6.638000
33.695	6.638000
33.695	6.574000
34.049	6.574000
34.049	9.543000
34.403	9.543000
34.403	9.333000
34.757	9.333000
34.757	9.409000
35.111	9.409000
35.111	8.532000
35.43	8.532000
35.43	8.186000
35.749	8.186000
35.749	8.172000
36.068	8.172000
36.068	8.186000
36.422	8.186000
36.422	7.826000
36.776	7.826000
36.776	7.918000
37.13	7.918000
37.13	8.265000
37.449	8.265000
37.449	8.285000
37.768	8.285000
37.768	8.367000
38.087	8.367000
38.087	7.783000
38.441	7.783000
38.441	7.681000
38.795	7.681000
38.795	7.561000
39.149	7.561000
39.149	9.215000
39.503	9.215000
39.503	8.835000
39.857	8.835000
39.857	8.837000
40.211	8.837000
40.211	8.716000
40.565	8.716000
40.565	8.597000
40.919	8.597000
40.919	8.234000
41.273	8.234000
41.273	8.838000
41.627	8.838000
41.627	8.851000
41.981	8.851000
41.981	8.788000
42.335	8.788000
42.335	8.705000
42.689	8.705000
42.689	8.543000
43.043	8.543000
43.043	8.501000
43.396	8.501000
43.396	9.294000
43.75	9.294000
43.75	9.143000
44.104	9.143000
44.104	9.187000
44.458	9.187000
44.458	7.080000
44.812	7.080000
44.812	6.966000
45.166	6.966000
45.166	6.987000
45.52	6.987000
45.52	8.893000
45.874	8.893000
45.874	8.656000
46.228	8.656000
46.228	8.735000
46.582	8.735000
46.582	7.861000
46.935	7.861000
46.935	7.786000
47.288	7.786000
47.288	7.649000
47.642	7.649000
47.642	7.595000
47.996	7.595000
47.996	7.319000
48.35	7.319000
48.35	7.346000
48.704	7.346000
48.704	8.980000
49.058	8.980000
49.058	8.971000
49.412	8.971000
49.412	8.960000
49.766	8.960000
49.766	9.843000
50.079	9.843000
50.079	9.656000
50.392	9.656000
50.392	9.858000
50.705	9.858000
50.705	8.759000
51.024	8.759000
51.024	8.543000
51.343	8.543000
51.343	8.369000
51.662	8.369000
51.662	9.064000
52.016	9.064000
52.016	8.784000
52.37	8.784000
52.37	8.742000
52.724	8.742000
52.724	9.320000
53.078	9.320000
53.078	9.088000
53.432	9.088000
53.432	9.333000
53.786	9.333000
53.786	9.393000
54.14	9.393000
54.14	9.042000
54.494	9.042000
54.494	9.188000
54.848	9.188000
54.848	7.952000
55.202	7.952000
55.202	7.843000
55.556	7.843000
55.556	7.987000
55.91	7.987000
55.91	9.931000
56.223	9.931000
56.223	9.813000
56.535	9.813000
56.535	9.764000
56.848	9.764000
56.848	8.001000
57.202	8.001000
57.202	7.796000
57.556	7.796000
57.556	7.907000
57.91	7.907000
57.91	8.975000
58.264	8.975000
58.264	8.661000
58.618	8.661000
58.618	8.626000
58.972	8.626000
58.972	8.648000
59.326	8.648000
59.326	8.397000
59.68	8.397000
59.68	8.579000
60.034	8.579000
60.034	8.998000
60.388	8.998000
60.388	8.664000
60.742	8.664000
60.742	8.753000
61.096	8.753000
61.096	7.634000
61.45	7.634000
61.45	7.572000
61.804	7.572000
61.804	7.457000
62.158	7.457000
62.158	9.260000
62.512	9.260000
62.512	9.196000
62.866	9.196000
62.866	9.087000
63.22	9.087000
63.22	8.634000
63.538	8.634000
63.538	8.688000
63.857	8.688000
63.857	8.796000
64.176	8.796000
64.176	9.048000
64.53	9.048000
64.53	9.122000
64.884	9.122000
64.884	9.197000
65.238	9.197000
65.238	8.449000
65.591	8.449000
65.591	8.390000
65.945	8.390000
65.945	8.219000
66.299	8.219000
66.299	7.908000
66.653	7.908000
66.653	7.924000
67.007	7.924000
67.007	7.691000
67.361	7.691000
67.361	6.978000
67.715	6.978000
67.715	6.905000
68.069	6.905000
68.069	6.994000
68.423	6.994000
68.423	7.773000
68.777	7.773000
68.777	7.568000
69.131	7.568000
69.131	7.614000
69.485	7.614000
69.485	7.886000
69.804	7.886000
69.804	8.152000
70.123	8.152000
70.123	7.983000
70.442	7.983000
70.442	9.458000
70.796	9.458000
70.796	9.108000
71.15	9.108000
71.15	9.137000
71.504	9.137000
71.504	9.246000
71.858	9.246000
71.858	8.967000
72.212	8.967000
72.212	9.021000
72.566	9.021000
72.566	8.333000
72.92	8.333000
72.92	8.267000
73.274	8.267000
73.274	8.114000
73.628	8.114000
73.628	9.576000
73.982	9.576000
73.982	9.385000
74.336	9.385000
74.336	9.450000
74.69	9.450000
74.69	9.698000
75.044	9.698000
75.044	9.556000
75.398	9.556000
75.398	9.571000
75.752	9.571000
75.752	7.412000
76.106	7.412000
76.106	7.256000
76.46	7.256000
76.46	7.003000
76.814	7.003000
76.814	8.637000
77.168	8.637000
77.168	8.514000
77.522	8.514000
77.522	8.552000
77.876	8.552000
77.876	9.743000
78.23	9.743000
78.23	9.788000
78.584	9.788000
78.584	9.973000
78.938	9.973000
78.938	7.568000
79.293	7.568000
79.293	7.555000
79.648	7.555000
79.648	7.308000
80.003	7.308000
80.003	9.136000
80.357	9.136000
80.357	8.922000
80.711	8.922000
80.711	8.776000
81.065	8.776000
81.065	9.187000
81.419	9.187000
81.419	8.736000
81.773	8.736000
81.773	8.689000
82.127	8.689000
82.127	7.310000
82.481	7.310000
82.481	7.060000
82.835	7.060000
82.835	6.924000
83.189	6.924000
83.189	8.223000
83.541	8.223000
83.541	8.305000
83.895	8.305000
83.895	8.243000
84.249	8.243000
84.249	9.565000
84.603	9.565000
84.603	9.252000
84.957	9.252000
84.957	9.180000
85.31	9.180000
85.31	8.340000
85.664	8.340000
85.664	8.123000
86.018	8.123000
86.018	8.113000
86.372	8.113000
86.372	8.621000
86.726	8.621000
86.726	8.673000
87.08	8.673000
87.08	8.645000
87.434	8.645000
87.434	7.569000
87.788	7.569000
87.788	7.712000
88.142	7.712000
88.142	7.734000
88.496	7.734000
88.496	8.611000
88.85	8.611000
88.85	8.311000
89.204	8.311000
89.204	8.368000
89.558	8.368000
89.558	8.123000
89.911	8.123000
89.911	8.188000
90.265	8.188000
90.265	7.860000
90.619	7.860000
90.619	8.923000
90.973	8.923000
90.973	8.994000
91.326	8.994000
91.326	9.032000
91.68	9.032000
91.68	7.580000
91.999	7.580000
91.999	7.547000
92.318	7.547000
92.318	7.445000
92.637	7.445000
92.637	8.722000
92.991	8.722000
92.991	8.768000
93.345	8.768000
93.345	8.686000
93.699	8.686000
93.699	8.293000
94.053	8.293000
94.053	8.369000
94.406	8.369000
94.406	8.076000
94.76	8.076000
94.76	7.886000
95.079	7.886000
95.079	7.819000
95.398	7.819000
95.398	7.961000
95.717	7.961000
95.717	8.583000
96.071	8.583000
96.071	8.443000
96.425	8.443000
96.425	8.295000
96.779	8.295000
96.779	9.076000
97.133	9.076000
97.133	9.066000
97.487	9.066000
97.487	8.855000
97.841	8.855000
97.841	8.561000
98.195	8.561000
98.195	8.468000
98.549	8.468000
98.549	8.429000
98.903	8.429000
98.903	8.914000
99.257	8.914000
99.257	8.804000
99.611	8.804000
99.611	9.075000
99.965	9.075000
99.965	9.982000
100.319	9.982000
100.319	8.223000
100.637	8.223000
100.637	8.380000
100.956	8.380000
100.956	8.243000
101.275	8.243000
101.275	9.164000
101.628	9.164000
101.628	8.917000
101.982	8.917000
101.982	8.804000
102.336	8.804000
102.336	9.524000
102.69	9.524000
102.69	9.270000
103.044	9.270000
103.044	9.611000
103.398	9.611000
103.398	8.134000
103.752	8.134000
103.752	7.701000
104.106	7.701000
104.106	7.806000
104.459	7.806000
104.459	9.321000
104.813	9.321000
104.813	9.155000
105.167	9.155000
105.167	9.300000
105.521	9.300000
105.521	9.992000
105.875	9.992000
105.875	9.054000
106.194	9.054000
106.194	9.015000
106.513	9.015000
106.513	9.091000
106.832	9.091000
106.832	8.702000
107.185	8.702000
107.185	8.596000
107.539	8.596000
107.539	8.638000
107.893	8.638000
107.893	8.331000
108.247	8.331000
108.247	7.883000
108.601	7.883000
108.601	7.819000
108.955	7.819000
108.955	8.370000
109.309	8.370000
109.309	8.690000
109.663	8.690000
109.663	8.665000
110.017	8.665000
110.017	9.570000
110.371	9.570000
110.371	9.693000
110.725	9.693000
110.725	9.703000
111.079	9.703000
111.079	9.588000
111.433	9.588000
111.433	9.588000
111.787	9.588000
111.787	9.557000
112.141	9.557000
112.141	8.162000
112.495	8.162000
112.495	7.934000
112.849	7.934000
112.849	7.946000
113.203	7.946000
113.203	9.905000
113.556	9.905000
113.556	9.618000
113.91	9.618000
113.91	9.694000
114.264	9.694000
114.264	8.535000
114.618	8.535000
114.618	8.327000
114.972	8.327000
114.972	8.385000
115.326	8.385000
115.326	8.655000
115.68	8.655000
115.68	8.466000
116.034	8.466000
116.034	8.491000
116.388	8.491000
116.388	8.954000
116.707	8.954000
116.707	8.934000
117.026	8.934000
117.026	8.902000
117.345	8.902000
117.345	8.555000
117.699	8.555000
117.699	8.232000
118.053	8.232000
118.053	8.457000
118.407	8.457000
118.407	9.074000
118.761	9.074000
118.761	8.840000
119.115	8.840000
119.115	8.887000
119.469	8.887000
119.469	7.890000
119.823	7.890000
119.823	7.744000
120.177	7.744000
120.177	7.696000
120.531	7.696000
120.531	9.334000
120.885	9.334000
120.885	9.185000
121.239	9.185000
121.239	9.354000
121.593	9.354000
121.593	8.432000
121.912	8.432000
121.912	8.540000
122.231	8.540000
122.231	8.264000
122.55	8.264000
122.55	8.867000
122.904	8.867000
122.904	9.090000
123.258	9.090000
123.258	9.116000
123.612	9.116000
123.612	9.214000
123.966	9.214000
123.966	9.023000
124.32	9.023000
124.32	9.038000
124.674	9.038000
124.674	7.933000
125.028	7.933000
125.028	8.005000
125.382	8.005000
125.382	7.806000
125.736	7.806000
125.736	8.280000
126.09	8.280000
126.09	8.440000
126.443	8.440000
126.443	8.090000
126.797	8.090000
126.797	8.686000
127.151	8.686000
127.151	8.415000
127.505	8.415000
127.505	8.371000
127.859	8.371000
127.859	9.257000
128.212	9.257000
128.212	9.076000
128.566	9.076000
128.566	8.983000
128.92	8.983000
128.92	8.929000
129.274	8.929000
129.274	8.947000
129.628	8.947000
129.628	8.852000
129.982	8.852000
129.982	9.558000
130.336	9.558000
130.336	9.415000
130.69	9.415000
130.69	9.355000
131.044	9.355000
131.044	8.432000
131.398	8.432000
131.398	8.418000
131.752	8.418000
131.752	8.276000
132.106	8.276000
132.106	8.876000
132.424	8.876000
132.424	8.711000
132.743	8.711000
132.743	8.815000
133.062	8.815000
133.062	7.784000
133.416	7.784000
133.416	7.750000
133.77	7.750000
133.77	7.672000
134.124	7.672000
134.124	9.051000
134.478	9.051000
134.478	9.228000
134.832	9.228000
134.832	9.052000
135.186	9.052000
135.186	8.801000
135.539	8.801000
135.539	8.934000
135.893	8.934000
135.893	8.845000
136.246	8.845000
136.246	9.188000
136.6	9.188000
136.6	8.881000
136.954	8.881000
136.954	8.917000
137.308	8.917000
137.308	8.464000
137.661	8.464000
137.661	8.289000
138.015	8.289000
138.015	8.239000
138.369	8.239000
138.369	8.076000
138.723	8.076000
138.723	7.788000
139.077	7.788000
139.077	7.840000
139.431	7.840000
139.431	9.481000
139.75	9.481000
139.75	9.588000
140.069	9.588000
140.069	9.491000
140.388	9.491000
140.388	8.124000
140.742	8.124000
140.742	8.098000
141.096	8.098000
141.096	8.205000
141.45	8.205000
141.45	8.682000
141.803	8.682000
141.803	8.649000
142.157	8.649000
142.157	8.544000
142.511	8.544000
142.511	9.048000
142.865	9.048000
142.865	9.140000
143.218	9.140000
143.218	8.904000
143.572	8.904000
143.572	8.601000
143.926	8.601000
143.926	8.281000
144.28	8.281000
144.28	8.612000
144.634	8.612000
144.634	8.172000
144.988	8.172000
144.988	7.942000
145.342	7.942000
145.342	7.990000
145.696	7.990000
145.696	7.677000
146.05	7.677000
146.05	7.529000
146.404	7.529000
146.404	7.420000
146.758	7.420000
146.758	8.627000
147.112	8.627000
147.112	8.354000
147.466	8.354000
147.466	8.068000
147.82	8.068000
147.82	8.919000
148.174	8.919000
148.174	8.674000
148.528	8.674000
148.528	8.572000
148.882	8.572000
148.882	8.849000
149.236	8.849000
149.236	8.766000
149.59	8.766000
149.59	8.738000
149.944	8.738000
149.944	8.674000
150.297	8.674000
150.297	8.642000
150.651	8.642000
150.651	8.368000
151.005	8.368000
151.005	8.106000
151.359	8.106000
151.359	7.906000
151.713	7.906000
151.713	7.895000
152.067	7.895000
152.067	8.795000
152.421	8.795000
152.421	8.882000
152.775	8.882000
152.775	8.682000
153.129	8.682000
153.129	8.450000
153.483	8.450000
153.483	8.551000
153.837	8.551000
153.837	8.576000
154.191	8.576000
154.191	8.403000
154.51	8.403000
154.51	8.067000
154.829	8.067000
154.829	8.397000
155.148	8.397000
155.148	8.040000
155.502	8.040000
155.502	8.049000
155.855	8.049000
155.855	7.871000
156.209	7.871000
156.209	9.200000
156.563	9.200000
156.563	9.152000
156.917	9.152000
156.917	9.140000
157.271	9.140000
157.271	8.089000
157.59	8.089000
157.59	8.060000
157.909	8.060000
157.909	8.177000
158.228	8.177000
158.228	9.884000
158.582	9.884000
158.582	9.917000
158.936	9.917000
158.936	9.798000
159.29	9.798000
159.29	8.718000
159.643	8.718000
159.643	8.818000
159.997	8.818000
159.997	8.842000
160.351	8.842000
160.351	7.890000
160.705	7.890000
160.705	7.852000
161.059	7.852000
161.059	7.890000
161.413	7.890000
161.413	6.499000
161.767	6.499000
161.767	6.574000
162.121	6.574000
162.121	6.072000
162.475	6.072000
162.475	9.388000
162.829	9.388000
162.829	8.853000
163.183	8.853000
163.183	9.134000
163.537	9.134000
163.537	8.861000
163.856	8.861000
163.856	8.548000
164.175	8.548000
164.175	8.576000
164.494	8.576000
164.494	8.254000
164.848	8.254000
164.848	8.289000
165.202	8.289000
165.202	8.278000
165.556	8.278000
165.556	9.190000
165.91	9.190000
165.91	9.093000
166.264	9.093000
166.264	9.213000
166.618	9.213000
166.618	8.934000
166.937	8.934000
166.937	8.952000
167.256	8.952000
167.256	8.959000
167.575	8.959000
167.575	8.330000
167.929	8.330000
167.929	8.433000
168.282	8.433000
168.282	8.370000
168.636	8.370000
168.636	8.659000
168.99	8.659000
168.99	8.463000
169.344	8.463000
169.344	8.488000
169.698	8.488000
169.698	8.075000
170.052	8.075000
170.052	7.862000
170.406	7.862000
170.406	7.865000
170.76	7.865000
170.76	8.654000
171.114	8.654000
171.114	8.672000
171.468	8.672000
171.468	8.484000
171.822	8.484000
171.822	8.656000
172.169	8.656000
172.169	8.843000
172.516	8.843000
172.516	8.751000
172.863	8.751000
172.863	8.253000
173.217	8.253000
173.217	8.046000
173.571	8.046000
173.571	8.080000
173.924	8.080000
173.924	8.632000
174.278	8.632000
174.278	8.377000
174.632	8.377000
174.632	8.428000
174.986	8.428000
174.986	7.949000
175.316	7.949000
175.316	7.884000
175.646	7.884000
175.646	7.772000
175.976	7.772000
175.976	8.538000
176.33	8.538000
176.33	8.305000
176.684	8.305000
176.684	8.246000
177.038	8.246000
177.038	9.447000
177.392	9.447000
177.392	9.161000
177.746	9.161000
177.746	9.193000
178.1	9.193000
178.1	8.851000
178.414	8.851000
178.414	8.578000
178.728	8.578000
178.728	8.611000
179.042	8.611000
179.042	7.526000
179.396	7.526000
179.396	7.334000
179.75	7.334000
179.75	7.210000
180.104	7.210000
180.104	9.020000
180.458	9.020000
180.458	8.762000
180.811	8.762000
180.811	8.810000
181.165	8.810000
181.165	8.611000
181.518	8.611000
181.518	8.595000
181.87	8.595000
181.87	8.477000
182.223	8.477000
182.223	8.143000
182.577	8.143000
182.577	8.302000
182.931	8.302000
182.931	8.346000
183.285	8.346000
183.285	8.891000
183.639	8.891000
183.639	8.676000
183.993	8.676000
183.993	8.641000
184.347	8.641000
184.347	7.616000
184.66	7.616000
184.66	7.436000
184.973	7.436000
184.973	7.458000
185.286	7.458000
185.286	7.796000
185.64	7.796000
185.64	7.578000
185.994	7.578000
185.994	7.828000
186.348	7.828000
186.348	9.535000
186.701	9.535000
186.701	9.482000
187.055	9.482000
187.055	9.460000
187.409	9.460000
187.409	8.961000
187.722	8.961000
187.722	8.903000
188.035	8.903000
188.035	8.773000
188.348	8.773000
188.348	8.276000
188.702	8.276000
188.702	8.024000
189.056	8.024000
189.056	8.003000
189.41	8.003000
189.41	7.195000
189.763	7.195000
189.763	6.905000
190.117	6.905000
190.117	6.922000
190.471	6.922000
190.471	8.390000
190.825	8.390000
190.825	8.264000
191.177	8.264000
191.177	8.225000
191.531	8.225000
191.531	8.555000
191.85	8.555000
191.85	8.305000
192.169	8.305000
192.169	8.413000
192.488	8.413000
192.488	8.281000
192.842	8.281000
192.842	8.277000
193.196	8.277000
193.196	8.211000
193.55	8.211000
193.55	8.829000
193.904	8.829000
193.904	8.700000
194.258	8.700000
194.258	8.542000
194.612	8.542000
194.612	8.622000
194.93	8.622000
194.93	8.571000
195.249	8.571000
195.249	8.482000
195.568	8.482000
195.568	8.748000
195.922	8.748000
195.922	8.667000
196.276	8.667000
196.276	8.630000
196.63	8.630000
196.63	9.544000
196.984	9.544000
196.984	9.378000
197.338	9.378000
197.338	9.611000
197.691	9.611000
197.691	9.782000
198.01	9.782000
198.01	9.639000
198.329	9.639000
198.329	9.691000
198.648	9.691000
198.648	9.182000
199.002	9.182000
199.002	9.149000
199.356	9.149000
199.356	8.933000
199.71	8.933000
199.71	8.476000
200.064	8.476000
200.064	8.423000
200.417	8.423000
200.417	8.372000
200.771	8.372000
200.771	9.129000
201.125	9.129000
201.125	8.855000
201.479	8.855000
201.479	8.937000
201.833	8.937000
201.833	7.757000
202.187	7.757000
202.187	7.459000
202.541	7.459000
202.541	7.691000
202.895	7.691000
202.895	8.865000
203.249	8.865000
203.249	9.301000
203.603	9.301000
203.603	9.095000
203.957	9.095000
203.957	9.529000
204.311	9.529000
204.311	9.465000
204.665	9.465000
204.665	9.403000
205.019	9.403000
205.019	9.234000
205.373	9.234000
205.373	9.044000
205.727	9.044000
205.727	9.158000
206.081	9.158000
206.081	8.228000
206.4	8.228000
206.4	8.072000
206.719	8.072000
206.719	8.077000
207.038	8.077000
207.038	9.182000
207.392	9.182000
207.392	8.854000
207.746	8.854000
207.746	8.961000
208.1	8.961000
208.1	8.989000
208.454	8.989000
208.454	9.171000
208.808	9.171000
208.808	9.114000
209.162	9.114000
209.162	7.852000
209.516	7.852000
209.516	7.795000
209.87	7.795000
209.87	7.738000
210.224	7.738000
210.224	8.969000
210.578	8.969000
210.578	8.834000
210.932	8.834000
210.932	8.952000
211.286	8.952000
211.286	8.508000
211.64	8.508000
211.64	8.056000
211.994	8.056000
211.994	7.971000
212.347	7.971000
212.347	8.451000
212.666	8.451000
212.666	8.204000
212.985	8.204000
212.985	8.050000
213.304	8.050000
213.304	9.023000
213.658	9.023000
213.658	8.742000
214.012	8.742000
214.012	8.793000
214.366	8.793000
214.366	8.358000
214.72	8.358000
214.72	8.252000
215.074	8.252000
215.074	8.396000
215.428	8.396000
215.428	8.507000
215.747	8.507000
215.747	8.126000
216.066	8.126000
216.066	8.282000
216.385	8.282000
216.385	8.947000
216.739	8.947000
216.739	8.765000
217.093	8.765000
217.093	8.925000
217.447	8.925000
217.447	6.574000
217.801	6.574000
217.801	6.379000
218.155	6.379000
218.155	6.336000
218.509	6.336000
218.509	7.945000
218.863	7.945000
218.863	7.515000
219.217	7.515000
219.217	7.580000
219.571	7.580000
219.571	8.575000
219.925	8.575000
219.925	8.339000
220.279	8.339000
220.279	8.430000
220.633	8.430000
220.633	8.323000
220.987	8.323000
220.987	8.112000
221.341	8.112000
221.341	8.195000
221.695	8.195000
221.695	8.827000
222.049	8.827000
222.049	8.682000
222.403	8.682000
222.403	8.543000
222.757	8.543000
222.757	9.076000
223.111	9.076000
223.111	9.083000
223.465	9.083000
223.465	8.661000
223.819	8.661000
223.819	9.823000
224.173	9.823000
224.173	9.377000
224.526	9.377000
224.526	9.458000
224.88	9.458000
224.88	8.916000
225.199	8.916000
225.199	8.629000
225.518	8.629000
225.518	8.669000
225.837	8.669000
225.837	8.682000
226.191	8.682000
226.191	8.851000
226.545	8.851000
226.545	8.601000
226.899	8.601000
226.899	9.125000
227.253	9.125000
227.253	9.443000
227.605	9.443000
227.605	9.008000
227.959	9.008000
227.959	7.990000
228.313	7.990000
228.313	8.130000
228.667	8.130000
228.667	8.033000
229.021	8.033000
229.021	9.706000
229.375	9.706000
229.375	9.745000
229.729	9.745000
229.729	9.604000
230.083	9.604000
230.083	7.551000
230.437	7.551000
230.437	7.833000
230.791	7.833000
230.791	7.756000
231.145	7.756000
231.145	9.139000
231.499	9.139000
231.499	8.930000
231.853	8.930000
231.853	8.912000
232.207	8.912000
232.207	8.935000
232.561	8.935000
232.561	8.792000
232.915	8.792000
232.915	9.025000
233.269	9.025000
233.269	8.156000
233.587	8.156000
233.587	7.964000
233.905	7.964000
233.905	7.973000
234.223	7.973000
234.223	8.404000
234.577	8.404000
234.577	8.449000
234.931	8.449000
234.931	8.232000
235.285	8.232000
235.285	8.534000
235.639	8.534000
235.639	8.197000
235.993	8.197000
235.993	8.193000
236.347	8.193000
236.347	8.109000
236.701	8.109000
236.701	7.954000
237.055	7.954000
237.055	7.850000
237.409	7.850000
237.409	9.772000
237.763	9.772000
237.763	9.400000
238.117	9.400000
238.117	9.769000
238.471	9.769000
238.471	9.591000
238.825	9.591000
238.825	9.644000
239.177	9.644000
239.177	9.545000
239.531	9.545000
239.531	7.620000
239.85	7.620000
239.85	7.140000
240.169	7.140000
240.169	7.126000
240.486	7.126000
240.486	9.376000
240.84	9.376000
240.84	9.502000
241.194	9.502000
241.194	9.392000
241.547	9.392000
241.547	8.096000
241.901	8.096000
241.901	8.100000
242.255	8.100000
242.255	8.126000
242.609	8.126000
242.609	9.420000
242.963	9.420000
242.963	9.260000
243.317	9.260000
243.317	9.275000
243.671	9.275000
243.671	9.584000
244.025	9.584000
244.025	9.410000
244.379	9.410000
244.379	9.435000
244.733	9.435000
244.733	7.432000
245.087	7.432000
245.087	7.632000
245.441	7.632000
245.441	7.519000
245.795	7.519000
245.795	8.848000
246.149	8.848000
246.149	8.579000
246.503	8.579000
246.503	8.506000
246.857	8.506000
246.857	7.705000
247.176	7.705000
247.176	7.400000
247.495	7.400000
247.495	7.394000
247.814	7.394000
247.814	8.516000
248.168	8.516000
248.168	8.835000
248.522	8.835000
248.522	8.761000
248.876	8.761000
248.876	9.742000
249.23	9.742000
249.23	9.258000
249.583	9.258000
249.583	9.395000
249.936	9.395000
249.936	9.170000
250.29	9.170000
250.29	8.877000
250.644	8.877000
250.644	8.896000
250.997	8.896000
250.997	8.555000
251.351	8.555000
251.351	8.428000
251.705	8.428000
251.705	8.520000
252.059	8.520000
252.059	9.652000
252.413	9.652000
252.413	9.548000
252.767	9.548000
252.767	9.447000
253.121	9.447000
253.121	9.750000
253.475	9.750000
253.475	9.681000
253.829	9.681000
253.829	9.773000
254.183	9.773000
254.183	8.922000
254.502	8.922000
254.502	8.213000
254.821	8.213000
254.821	8.248000
255.14	8.248000
255.14	8.651000
255.494	8.651000
255.494	9.025000
255.848	9.025000
255.848	8.771000
256.202	8.771000
256.202	7.973000
256.556	7.973000
256.556	8.109000
256.91	8.109000
256.91	7.919000
257.264	7.919000
257.264	8.520000
257.618	8.520000
257.618	8.524000
257.972	8.524000
257.972	8.393000
258.326	8.393000
258.326	8.576000
258.68	8.576000
258.68	8.544000
259.034	8.544000
259.034	8.266000
259.388	8.266000
259.388	8.403000
259.742	8.403000
259.742	8.049000
260.096	8.049000
260.096	8.173000
260.45	8.173000
260.45	8.789000
260.804	8.789000
260.804	8.624000
261.158	8.624000
261.158	8.545000
261.512	8.545000
261.512	7.734000
261.866	7.734000
261.866	7.553000
262.22	7.553000
262.22	7.571000
262.574	7.571000
262.574	9.335000
262.928	9.335000
262.928	9.039000
263.282	9.039000
263.282	9.096000
263.636	9.096000
263.636	8.378000
263.99	8.378000
263.99	8.093000
264.344	8.093000
264.344	8.081000
264.698	8.081000
264.698	9.407000
265.052	9.407000
265.052	9.303000
265.406	9.303000
265.406	9.086000
265.76	9.086000
265.76	8.977000
266.114	8.977000
266.114	9.105000
266.468	9.105000
266.468	9.051000
266.822	9.051000
266.822	7.543000
267.176	7.543000
267.176	7.317000
267.53	7.317000
267.53	7.277000
267.884	7.277000
267.884	8.176000
268.238	8.176000
268.238	8.076000
268.592	8.076000
268.592	8.120000
268.946	8.120000
268.946	9.457000
269.3	9.457000
269.3	9.482000
269.654	9.482000
269.654	9.473000
270.008	9.473000
270.008	7.803000
270.362	7.803000
270.362	7.851000
270.716	7.851000
270.716	7.838000
271.069	7.838000
271.069	9.044000
271.423	9.044000
271.423	9.126000
271.777	9.126000
271.777	9.086000
272.131	9.086000
272.131	8.644000
272.485	8.644000
272.485	8.507000
272.838	8.507000
272.838	8.378000
273.192	8.378000
273.192	8.668000
273.511	8.668000
273.511	7.741000
273.83	7.741000
273.83	7.891000
274.149	7.891000
274.149	9.573000
274.503	9.573000
274.503	9.450000
274.857	9.450000
274.857	9.580000
275.211	9.580000
275.211	9.355000
275.564	9.355000
275.564	9.183000
275.917	9.183000
275.917	9.217000
276.271	9.217000
276.271	7.434000
276.625	7.434000
276.625	7.240000
276.979	7.240000
276.979	7.360000
277.333	7.360000
277.333	9.104000
277.687	9.104000
277.687	8.913000
278.041	8.913000
278.041	8.933000
278.395	8.933000
278.395	8.747000
278.748	8.747000
278.748	8.774000
279.102	8.774000
279.102	8.744000
279.456	8.744000
279.456	8.196000
279.775	8.196000
279.775	8.003000
280.094	8.003000
280.094	7.963000
280.413	7.963000
280.413	9.059000
280.766	9.059000
280.766	9.172000
281.12	9.172000
281.12	9.273000
281.473	9.273000
281.473	9.194000
281.827	9.194000
281.827	9.303000
282.181	9.303000
282.181	9.388000
282.535	9.388000
282.535	8.920000
282.888	8.920000
282.888	8.992000
283.242	8.992000
283.242	8.900000
283.596	8.900000
283.596	8.408000
283.95	8.408000
283.95	8.337000
284.304	8.337000
284.304	8.374000
284.658	8.374000
284.658	8.448000
285.012	8.448000
285.012	8.456000
285.366	8.456000
285.366	8.145000
285.72	8.145000
285.72	8.503000
286.073	8.503000
286.073	8.235000
286.427	8.235000
286.427	8.233000
286.781	8.233000
286.781	9.457000
287.134	9.457000
287.134	9.580000
287.488	9.580000
287.488	9.342000
287.842	9.342000
287.842	9.929000
288.196	9.929000
288.196	9.783000
288.55	9.783000
288.55	8.707000
288.904	8.707000
288.904	8.357000
289.258	8.357000
289.258	8.472000
289.612	8.472000
289.612	9.366000
289.966	9.366000
289.966	9.241000
290.32	9.241000
290.32	9.168000
290.674	9.168000
290.674	9.360000
291.027	9.360000
291.027	9.545000
291.381	9.545000
291.381	9.157000
291.735	9.157000
291.735	7.423000
292.054	7.423000
292.054	7.477000
292.373	7.477000
292.373	7.166000
292.692	7.166000
292.692	8.299000
293.046	8.299000
293.046	8.253000
293.398	8.253000
293.398	8.102000
293.752	8.102000
293.752	7.256000
294.106	7.256000
294.106	7.445000
294.46	7.445000
294.46	7.384000
294.814	7.384000
294.814	9.406000
295.167	9.406000
295.167	9.279000
295.521	9.279000
295.521	9.179000
295.875	9.179000
295.875	8.756000
296.229	8.756000
296.229	8.504000
296.583	8.504000
296.583	8.741000
296.937	8.741000
296.937	8.196000
297.291	8.196000
297.291	8.126000
297.645	8.126000
297.645	8.179000
297.999	8.179000
297.999	7.106000
298.353	7.106000
298.353	6.839000
298.707	6.839000
298.707	6.726000
299.061	6.726000
299.061	9.296000
299.415	9.296000
299.415	9.125000
299.768	9.125000
299.768	9.103000
300.122	9.103000
300.122	8.105000
300.476	8.105000
300.476	7.938000
300.83	7.938000
300.83	7.861000
301.184	7.861000
301.184	8.772000
301.538	8.772000
301.538	8.776000
301.892	8.776000
301.892	8.715000
302.246	8.715000
302.246	8.541000
302.558	8.541000
302.558	8.144000
302.871	8.144000
302.871	8.166000
303.184	8.166000
303.184	7.673000
303.538	7.673000
303.538	7.537000
303.892	7.537000
303.892	7.613000
304.246	7.613000
304.246	9.921000
304.6	9.921000
304.6	9.897000
304.954	9.897000
304.954	9.924000
305.308	9.924000
305.308	9.661000
305.621	9.661000
305.621	9.632000
305.934	9.632000
305.934	9.446000
306.247	9.446000
306.247	7.812000
306.566	7.812000
306.566	7.808000
306.885	7.808000
306.885	7.688000
307.204	7.688000
307.204	8.782000
307.558	8.782000
307.558	8.539000
307.912	8.539000
307.912	8.382000
308.266	8.382000
308.266	7.603000
308.58	7.603000
308.58	7.581000
308.893	7.581000
308.893	7.424000
309.207	7.424000
309.207	9.102000
309.519	9.102000
309.519	9.106000
309.83	9.106000
309.83	9.207000
310.141	9.207000
310.141	9.989000
310.495	9.989000
310.495	9.670000
310.849	9.670000
310.849	9.661000
311.203	9.661000
311.203	8.493000
311.557	8.493000
311.557	8.324000
311.911	8.324000
311.911	8.058000
312.265	8.058000
312.265	7.470000
312.619	7.470000
312.619	7.295000
312.973	7.295000
312.973	7.261000
313.327	7.261000
313.327	8.664000
313.681	8.664000
313.681	8.666000
314.035	8.666000
314.035	8.769000
314.389	8.769000
314.389	8.870000
314.743	8.870000
314.743	8.709000
315.097	8.709000
315.097	8.753000
315.451	8.753000
315.451	8.765000
315.805	8.765000
315.805	8.503000
316.159	8.503000
316.159	8.471000
316.513	8.471000
316.513	9.206000
316.867	9.206000
316.867	9.338000
317.221	9.338000
317.221	9.121000
317.575	9.121000
317.575	8.819000
317.929	8.819000
317.929	8.600000
318.283	8.600000
318.283	8.656000
318.637	8.656000
318.637	8.242000
318.956	8.242000
318.956	7.833000
319.275	7.833000
319.275	7.927000
319.594	7.927000
319.594	9.433000
319.948	9.433000
319.948	9.411000
320.302	9.411000
320.302	9.353000
320.656	9.353000
320.656	8.320000
320.974	8.320000
320.974	8.280000
321.293	8.280000
321.293	8.159000
321.612	8.159000
321.612	9.786000
321.966	9.786000
321.966	9.532000
322.32	9.532000
322.32	9.622000
322.674	9.622000
322.674	7.018000
323.028	7.018000
323.028	6.777000
323.382	6.777000
323.382	6.641000
323.736	6.641000
323.736	7.908000
324.09	7.908000
324.09	7.783000
324.444	7.783000
324.444	7.634000
324.798	7.634000
324.798	8.630000
325.152	8.630000
325.152	8.599000
325.506	8.599000
325.506	8.321000
325.86	8.321000
325.86	7.837000
326.179	7.837000
326.179	7.618000
326.498	7.618000
326.498	7.825000
326.817	7.825000
326.817	8.830000
327.171	8.830000
327.171	8.906000
327.525	8.906000
327.525	8.714000
327.879	8.714000
327.879	9.026000
328.233	9.026000
328.233	9.117000
328.587	9.117000
328.587	9.005000
328.94	9.005000
328.94	9.280000
329.294	9.280000
329.294	9.186000
329.648	9.186000
329.648	9.436000
330.002	9.436000
330.002	8.224000
330.356	8.224000
330.356	8.295000
330.71	8.295000
330.71	8.108000
331.064	8.108000
331.064	9.785000
331.418	9.785000
331.418	8.323000
331.772	8.323000
331.772	8.137000
332.125	8.137000
332.125	7.967000
332.479	7.967000
332.479	8.815000
332.798	8.815000
332.798	8.337000
333.117	8.337000
333.117	8.227000
333.436	8.227000
333.436	9.061000
333.79	9.061000
333.79	8.944000
334.144	8.944000
334.144	8.713000
334.498	8.713000
334.498	9.046000
334.852	9.046000
334.852	8.714000
335.205	8.714000
335.205	8.627000
335.559	8.627000
335.559	7.526000
335.913	7.526000
335.913	7.396000
336.267	7.396000
336.267	7.235000
336.621	7.235000
336.621	9.105000
336.975	9.105000
336.975	8.956000
337.329	8.956000
337.329	9.157000
337.683	9.157000
337.683	9.169000
338.037	9.169000
338.037	9.216000
338.391	9.216000
338.391	9.090000
338.745	9.090000
338.745	8.378000
339.064	8.378000
339.064	8.113000
339.383	8.113000
339.383	8.098000
339.702	8.098000
339.702	9.229000
340.056	9.229000
340.056	8.844000
340.41	8.844000
340.41	9.130000
340.764	9.130000
340.764	7.751000
341.118	7.751000
341.118	7.527000
341.472	7.527000
341.472	7.583000
341.826	7.583000
341.826	8.357000
342.18	8.357000
342.18	8.059000
342.534	8.059000
342.534	8.012000
342.888	8.012000
342.888	8.417000
343.242	8.417000
343.242	8.077000
343.596	8.077000
343.596	8.509000
343.95	8.509000
343.95	8.688000
344.304	8.688000
344.304	8.686000
344.658	8.686000
344.658	8.638000
345.011	8.638000
345.011	9.484000
345.364	9.484000
345.364	9.443000
345.717	9.443000
345.717	9.438000
346.07	9.438000
346.07	8.958000
346.389	8.958000
346.389	8.840000
346.708	8.840000
346.708	8.879000
347.027	8.879000
347.027	8.317000
347.381	8.317000
347.381	8.162000
347.735	8.162000
347.735	8.172000
348.089	8.172000
348.089	9.547000
348.443	9.547000
348.443	9.533000
348.797	9.533000
348.797	9.462000
349.151	9.462000
349.151	8.572000
349.505	8.572000
349.505	8.522000
349.859	8.522000
349.859	8.294000
350.213	8.294000
350.213	7.822000
350.567	7.822000
350.567	7.789000
350.921	7.789000
350.921	7.792000
351.275	7.792000
351.275	8.904000
351.629	8.904000
351.629	8.749000
351.983	8.749000
351.983	8.946000
352.337	8.946000
352.337	9.942000
352.69	9.942000
352.69	9.665000
353.044	9.665000
353.044	9.426000
353.398	9.426000
353.398	7.545000
353.752	7.545000
353.752	7.669000
354.106	7.669000
354.106	7.525000
354.46	7.525000
354.46	9.681000
354.813	9.681000
354.813	9.615000
355.167	9.615000
355.167	9.512000
355.521	9.512000
355.521	9.228000
355.875	9.228000
355.875	9.127000
356.229	9.127000
356.229	8.884000
356.583	8.884000
356.583	7.711000
356.937	7.711000
356.937	7.918000
357.291	7.918000
357.291	7.893000
357.645	7.893000
357.645	8.762000
357.999	8.762000
357.999	8.463000
358.353	8.463000
358.353	8.611000
358.707	8.611000
358.707	8.824000
359.061	8.824000
359.061	8.896000
359.415	8.896000
359.415	9.061000
359.769	9.061000
359.769	7.995000
360.123	7.995000
360.123	0.000000
360.123	0.000000
360.123	7.800000
360.477	7.800000
360.477	8.774000
360.831	8.774000
360.831	0.000000
360.831	0.000000
360.831	8.417000
361.185	8.417000
361.185	8.972000
361.539	8.972000
361.539	8.798000
361.893	8.798000
361.893	8.693000
362.247	8.693000
362.247	7.708000
362.566	7.708000
362.566	7.806000
362.885	7.806000
362.885	8.040000
363.204	8.040000
363.204	7.945000
363.558	7.945000
363.558	7.916000
363.912	7.916000
363.912	8.028000
364.266	8.028000
364.266	9.148000
364.62	9.148000
364.62	9.409000
364.974	9.409000
364.974	9.047000
365.328	9.047000
365.328	8.588000
365.682	8.588000
365.682	8.314000
366.036	8.314000
366.036	8.450000
366.39	8.450000
366.39	9.054000
366.744	9.054000
366.744	8.868000
367.098	8.868000
367.098	8.927000
367.452	8.927000
367.452	8.309000
367.806	8.309000
367.806	8.282000
368.16	8.282000
368.16	8.158000
368.514	8.158000
368.514	7.515000
368.867	7.515000
368.867	7.214000
369.221	7.214000
369.221	7.294000
369.575	7.294000
369.575	8.674000
369.894	8.674000
369.894	8.215000
370.213	8.215000
370.213	8.170000
370.532	8.170000
370.532	9.781000
370.886	9.781000
370.886	9.545000
371.24	9.545000
371.24	9.635000
371.594	9.635000
371.594	7.804000
371.912	7.804000
371.912	7.995000
372.231	7.995000
372.231	7.925000
372.55	7.925000
372.55	8.738000
372.904	8.738000
372.904	8.856000
373.258	8.856000
373.258	8.859000
373.612	8.859000
373.612	8.593000
373.966	8.593000
373.966	8.426000
374.32	8.426000
374.32	8.515000
374.674	8.515000
374.674	9.306000
375.028	9.306000
375.028	9.709000
375.382	9.709000
375.382	9.403000
375.736	9.403000
375.736	9.186000
376.09	9.186000
376.09	9.739000
376.444	9.739000
376.444	9.645000
376.798	9.645000
376.798	8.510000
377.152	8.510000
377.152	8.396000
377.506	8.396000
377.506	8.381000
377.86	8.381000
377.86	8.479000
378.214	8.479000
378.214	8.113000
378.568	8.113000
378.568	8.304000
378.922	8.304000
378.922	8.380000
379.276	8.380000
379.276	8.188000
379.63	8.188000
379.63	8.210000
379.984	8.210000
379.984	8.278000
380.302	8.278000
380.302	8.422000
380.621	8.422000
380.621	8.347000
380.94	8.347000
380.94	9.896000
381.294	9.896000
381.294	9.851000
381.648	9.851000
381.648	9.689000
382.002	9.689000
382.002	8.895000
382.356	8.895000
382.356	8.869000
382.71	8.869000
382.71	8.680000
383.064	8.680000
383.064	8.509000
383.383	8.509000
383.383	8.176000
383.702	8.176000
383.702	8.108000
384.021	8.108000
384.021	9.204000
384.375	9.204000
384.375	9.122000
384.729	9.122000
384.729	9.078000
385.083	9.078000
385.083	8.442000
385.436	8.442000
385.436	8.427000
385.79	8.427000
385.79	8.179000
386.144	8.179000
386.144	8.909000
386.497	8.909000
386.497	8.685000
386.851	8.685000
386.851	8.621000
387.205	8.621000
387.205	8.399000
387.558	8.399000
387.558	8.243000
387.912	8.243000
387.912	8.239000
388.266	8.239000
388.266	8.643000
388.62	8.643000
388.62	8.320000
388.974	8.320000
388.974	8.322000
389.328	8.322000
389.328	8.151000
389.682	8.151000
389.682	8.122000
390.036	8.122000
390.036	8.019000
390.39	8.019000
390.39	9.613000
390.744	9.613000
390.744	9.315000
391.098	9.315000
391.098	9.290000
391.452	9.290000
391.452	8.854000
391.807	8.854000
391.807	8.848000
392.162	8.848000
392.162	8.567000
392.517	8.567000
392.517	7.488000
392.872	7.488000
392.872	7.568000
393.227	7.568000
393.227	7.489000
393.582	7.489000
393.582	8.437000
393.937	8.437000
393.937	8.068000
394.292	8.068000
394.292	8.048000
394.647	8.048000
394.647	7.923000
395.002	7.923000
395.002	7.990000
395.357	7.990000
395.357	8.048000
395.712	8.048000
395.712	8.814000
396.031	8.814000
396.031	8.410000
396.351	8.410000
396.351	8.253000
396.671	8.253000
396.671	9.284000
397.026	9.284000
397.026	9.438000
397.381	9.438000
397.381	9.476000
397.735	9.476000
397.735	9.146000
398.091	9.146000
398.091	8.860000
398.447	8.860000
398.447	8.950000
398.803	8.950000
398.803	7.840000
399.157	7.840000
399.157	7.710000
399.511	7.710000
399.511	7.620000
399.865	7.620000
399.865	8.094000
400.219	8.094000
400.219	8.353000
400.573	8.353000
400.573	8.156000
400.927	8.156000
400.927	8.685000
401.281	8.685000
401.281	8.435000
401.635	8.435000
401.635	8.406000
401.989	8.406000
401.989	8.244000
402.343	8.244000
402.343	8.384000
402.697	8.384000
402.697	8.512000
403.051	8.512000
403.051	7.447000
403.405	7.447000
403.405	7.477000
403.759	7.477000
403.759	7.601000
404.113	7.601000
404.113	9.420000
404.467	9.420000
404.467	9.212000
404.821	9.212000
404.821	9.303000
405.175	9.303000
405.175	6.927000
405.529	6.927000
405.529	6.768000
405.883	6.768000
405.883	6.717000
406.237	6.717000
406.237	9.147000
406.556	9.147000
406.556	9.243000
406.875	9.243000
406.875	9.174000
407.194	9.174000
407.194	7.755000
407.548	7.755000
407.548	7.838000
407.902	7.838000
407.902	7.318000
408.256	7.318000
408.256	8.545000
408.575	8.545000
408.575	8.268000
408.894	8.268000
408.894	8.339000
409.213	8.339000
409.213	8.542000
409.567	8.542000
409.567	8.437000
409.92	8.437000
409.92	8.381000
410.273	8.381000
410.273	8.955000
410.627	8.955000
410.627	9.137000
410.981	9.137000
410.981	9.282000
411.335	9.282000
411.335	8.262000
411.689	8.262000
411.689	8.032000
412.043	8.032000
412.043	8.057000
412.397	8.057000
412.397	8.288000
412.751	8.288000
412.751	8.310000
413.105	8.310000
413.105	8.363000
413.459	8.363000
413.459	7.983000
413.813	7.983000
413.813	7.718000
414.167	7.718000
414.167	7.621000
414.521	7.621000
414.521	7.608000
414.84	7.608000
414.84	7.616000
415.159	7.616000
415.159	7.384000
415.478	7.384000
415.478	7.757000
415.832	7.757000
415.832	7.799000
416.186	7.799000
416.186	7.725000
416.54	7.725000
416.54	9.093000
416.893	9.093000
416.893	8.889000
417.247	8.889000
417.247	8.811000
417.601	8.811000
417.601	7.224000
417.955	7.224000
417.955	7.118000
418.309	7.118000
418.309	7.149000
418.663	7.149000
418.663	8.720000
419.017	8.720000
419.017	8.772000
419.371	8.772000
419.371	8.766000
419.725	8.766000
419.725	7.862000
420.079	7.862000
420.079	8.123000
420.418	8.123000
420.418	7.870000
420.772	7.870000
420.772	7.637000
421.126	7.637000
421.126	7.521000
421.48	7.521000
421.48	7.461000
421.834	7.461000
421.834	9.986000
422.185	9.986000
422.185	9.141000
422.519	9.141000
422.519	9.069000
422.853	9.069000
422.853	9.049000
423.187	9.049000
423.187	8.435000
423.506	8.435000
423.506	8.144000
423.824	8.144000
423.824	8.314000
424.142	8.314000
424.142	9.893000
424.455	9.893000
424.455	9.838000
424.768	9.838000
424.768	9.949000
425.081	9.949000
425.081	8.168000
425.435	8.168000
425.435	8.147000
425.789	8.147000
425.789	8.271000
426.143	8.271000
426.143	8.213000
426.497	8.213000
426.497	8.169000
426.851	8.169000
426.851	8.117000
427.205	8.117000
427.205	9.297000
427.559	9.297000
427.559	9.397000
427.913	9.397000
427.913	9.388000
428.267	9.388000
428.267	8.162000
428.62	8.162000
428.62	8.097000
428.974	8.097000
428.974	7.869000
429.328	7.869000
429.328	8.626000
429.684	8.626000
429.684	8.404000
430.04	8.404000
430.04	8.404000
430.396	8.404000
430.396	7.441000
430.715	7.441000
430.715	7.306000
431.034	7.306000
431.034	7.259000
431.352	7.259000
431.352	8.098000
431.671	8.098000
431.671	8.079000
431.99	8.079000
431.99	7.874000
432.309	7.874000
432.309	9.397000
432.622	9.397000
432.622	9.235000
432.935	9.235000
432.935	9.198000
433.248	9.198000
433.248	8.980000
433.602	8.980000
433.602	8.888000
433.956	8.888000
433.956	8.872000
434.31	8.872000
434.31	8.284000
434.664	8.284000
434.664	8.139000
435.018	8.139000
435.018	8.303000
435.372	8.303000
435.372	9.933000
435.726	9.933000
435.726	9.529000
436.08	9.529000
436.08	9.430000
436.434	9.430000
436.434	8.894000
436.747	8.894000
436.747	8.900000
437.06	8.900000
437.06	8.679000
437.373	8.679000
437.373	8.731000
437.691	8.731000
437.691	8.812000
438.01	8.812000
438.01	8.592000
438.329	8.592000
438.329	9.515000
438.683	9.515000
438.683	9.514000
439.036	9.514000
439.036	9.097000
439.39	9.097000
439.39	8.407000
439.744	8.407000
439.744	8.354000
440.098	8.354000
440.098	8.197000
440.452	8.197000
440.452	8.846000
440.771	8.846000
440.771	8.886000
441.09	8.886000
441.09	8.650000
441.409	8.650000
441.409	9.518000
441.763	9.518000
441.763	9.514000
442.116	9.514000
442.116	9.205000
442.47	9.205000
442.47	8.507000
442.824	8.507000
442.824	8.320000
443.178	8.320000
443.178	8.181000
443.532	8.181000
443.532	8.385000
443.851	8.385000
443.851	8.058000
444.17	8.058000
444.17	8.123000
444.489	8.123000
444.489	8.617000
444.843	8.617000
444.843	8.127000
445.197	8.127000
445.197	8.243000
445.551	8.243000
445.551	8.664000
445.904	8.664000
445.904	8.656000
446.258	8.656000
446.258	8.545000
446.612	8.545000
446.612	8.876000
446.966	8.876000
446.966	8.844000
447.32	8.844000
447.32	9.032000
447.674	9.032000
447.674	9.500000
448.027	9.500000
448.027	9.307000
448.381	9.307000
448.381	9.363000
448.735	9.363000
448.735	9.163000
449.089	9.163000
449.089	8.907000
449.443	8.907000
449.443	8.954000
449.797	8.954000
449.797	8.329000
450.116	8.329000
450.116	8.526000
450.435	8.526000
450.435	8.435000
450.754	8.435000
450.754	8.645000
451.108	8.645000
451.108	8.726000
451.462	8.726000
451.462	8.576000
451.816	8.576000
451.816	8.973000
452.17	8.973000
452.17	8.631000
452.524	8.631000
452.524	9.086000
452.878	9.086000
452.878	8.672000
453.197	8.672000
453.197	8.335000
453.516	8.335000
453.516	8.349000
453.835	8.349000
453.835	9.724000
454.189	9.724000
454.189	9.650000
454.543	9.650000
454.543	9.786000
454.896	9.786000
454.896	8.999000
455.25	8.999000
455.25	8.796000
455.604	8.796000
455.604	8.735000
455.958	8.735000
455.958	9.083000
456.312	9.083000
456.312	8.886000
456.666	8.886000
456.666	8.836000
457.02	8.836000
457.02	9.345000
457.374	9.345000
457.374	9.309000
457.728	9.309000
457.728	9.249000
458.082	9.249000
458.082	8.415000
458.436	8.415000
458.436	8.480000
458.79	8.480000
458.79	8.537000
459.144	8.537000
459.144	8.316000
459.498	8.316000
459.498	8.391000
459.852	8.391000
459.852	8.411000
460.206	8.411000
460.206	8.562000
460.56	8.562000
460.56	8.418000
460.914	8.418000
460.914	8.197000
461.268	8.197000
461.268	9.190000
461.622	9.190000
461.622	9.178000
461.976	9.178000
461.976	9.035000
462.33	9.035000
462.33	8.493000
462.684	8.493000
462.684	8.964000
463.038	8.964000
463.038	8.880000
463.392	8.880000
463.392	7.646000
463.747	7.646000
463.747	7.278000
464.102	7.278000
464.102	7.309000
464.457	7.309000
464.457	8.713000
464.811	8.713000
464.811	8.632000
465.164	8.632000
465.164	8.291000
465.518	8.291000
465.518	8.155000
465.872	8.155000
465.872	8.071000
466.226	8.071000
466.226	8.153000
466.58	8.153000
466.58	8.794000
466.934	8.794000
466.934	8.519000
467.288	8.519000
467.288	8.456000
467.642	8.456000
467.642	9.477000
467.996	9.477000
467.996	9.158000
468.35	9.158000
468.35	8.914000
468.704	8.914000
468.704	8.620000
469.058	8.620000
469.058	8.169000
469.412	8.169000
469.412	8.423000
469.766	8.423000
469.766	8.975000
470.12	8.975000
470.12	9.012000
470.474	9.012000
470.474	9.104000
470.828	9.104000
470.828	8.422000
471.182	8.422000
471.182	8.785000
471.536	8.785000
471.536	8.552000
471.89	8.552000
471.89	9.073000
472.244	9.073000
472.244	8.728000
472.598	8.728000
472.598	8.917000
472.952	8.917000
472.952	8.494000
473.306	8.494000
473.306	8.163000
473.66	8.163000
473.66	8.273000
474.014	8.273000
474.014	9.629000
474.368	9.629000
474.368	9.698000
474.722	9.698000
474.722	9.795000
475.076	9.795000
475.076	9.058000
475.394	9.058000
475.394	8.836000
475.712	8.836000
475.712	8.852000
476.03	8.852000
476.03	8.797000
476.384	8.797000
476.384	8.704000
476.738	8.704000
476.738	8.567000
477.092	8.567000
477.092	8.126000
477.445	8.126000
477.445	7.945000
477.799	7.945000
477.799	8.111000
478.153	8.111000
478.153	7.964000
478.507	7.964000
478.507	8.098000
478.861	8.098000
478.861	8.186000
479.214	8.186000
479.214	9.922000
479.568	9.922000
479.568	9.964000
479.922	9.964000
479.922	8.924000
480.276	8.924000
480.276	9.012000
480.63	9.012000
480.63	8.932000
480.984	8.932000
480.984	7.976000
481.303	7.976000
481.303	7.797000
481.622	7.797000
481.622	7.841000
481.941	7.841000
481.941	9.042000
482.295	9.042000
482.295	9.175000
482.649	9.175000
482.649	9.039000
483.003	9.039000
483.003	7.980000
483.357	7.980000
483.357	8.058000
483.711	8.058000
483.711	8.084000
484.065	8.084000
484.065	0.000000
484.065	0.000000
484.065	0.000000
484.065	0.000000
484.065	0.000000
484.065	0.000000
484.065	0.000000
484.065	0.000000
484.065	0.000000
484.065	0.000000
484.065	0.000000
484.065	0.000000
484.065	1.906000
484.464	1.906000
484.464	2.199000
484.861	2.199000
484.861	1.807000
485.256	1.807000
485.256	7.751000
485.609	7.751000
485.609	7.700000
485.962	7.700000
485.962	7.893000
486.315	7.893000
486.315	8.944000
486.668	8.944000
486.668	8.711000
487.021	8.711000
487.021	8.893000
487.374	8.893000
487.374	9.851000
487.727	9.851000
487.727	0.000000
487.727	0.000000
487.727	9.865000
488.08	9.865000
488.08	6.803000
488.433	6.803000
488.433	0.000000
488.433	0.000000
488.433	7.139000
488.786	7.139000
488.786	2.081000
488.888	2.081000
488.888	0.000000
488.888	0.000000
488.888	1.834000
488.99	1.834000
488.99	9.522000
489.344	9.522000
489.344	0.000000
489.344	0.000000
489.344	9.626000
489.698	9.626000
489.698	7.736000
490.015	7.736000
490.015	0.000000
490.015	0.000000
490.015	7.578000
490.333	7.578000
490.333	2.163000
490.435	2.163000
490.435	0.000000
490.435	0.000000
490.435	2.082000
490.537	2.082000
490.537	1.916000
490.639	1.916000
490.639	0.000000
490.639	0.000000
490.639	1.828000
490.741	1.828000
490.741	7.788000
491.094	7.788000
491.094	0.000000
491.094	0.000000
491.094	7.741000
491.447	7.741000
491.447	1.895000
491.549	1.895000
491.549	0.000000
491.549	0.000000
491.549	2.062000
491.651	2.062000
491.651	1.990000
491.753	1.990000
491.753	0.000000
491.753	0.000000
491.753	2.047000
491.855	2.047000
491.855	8.426000
492.207	8.426000
492.207	0.000000
492.207	0.000000
492.207	8.223000
492.56	8.223000
492.56	1.966000
492.662	1.966000
492.662	0.000000
492.662	0.000000
492.662	2.053000
492.764	2.053000
492.764	1.936000
492.866	1.936000
492.866	0.000000
492.866	0.000000
492.866	1.932000
492.968	1.932000
492.968	6.767000
493.286	6.767000
493.286	0.000000
493.286	0.000000
493.286	6.885000
493.604	6.885000
493.604	8.292000
493.957	8.292000
493.957	0.000000
493.957	0.000000
493.957	8.497000
494.309	8.497000
494.309	1.949000
494.411	1.949000
494.411	0.000000
494.411	0.000000
494.411	1.788000
494.513	1.788000
494.513	7.725000
494.831	7.725000
494.831	7.787000
495.149	7.787000
495.149	7.772000
495.467	7.772000
495.467	7.248000
495.821	7.248000
495.821	7.280000
496.175	7.280000
496.175	7.526000
496.529	7.526000
496.529	8.535000
496.883	8.535000
496.883	8.674000
497.237	8.674000
497.237	8.486000
497.591	8.486000
497.591	8.144000
497.944	8.144000
497.944	7.971000
498.297	7.971000
498.297	7.827000
498.65	7.827000
498.65	9.637000
499.003	9.637000
499.003	9.515000
499.356	9.515000
499.356	9.340000
499.71	9.340000
499.71	8.931000
500.064	8.931000
500.064	8.995000
500.418	8.995000
500.418	8.976000
500.772	8.976000
500.772	7.990000
501.125	7.990000
501.125	7.691000
501.478	7.691000
501.478	7.951000
501.831	7.951000
501.831	9.621000
502.185	9.621000
502.185	9.647000
502.539	9.647000
502.539	9.683000
502.893	9.683000
502.893	8.430000
503.247	8.430000
503.247	8.183000
503.6	8.183000
503.6	8.247000
503.954	8.247000
503.954	6.677000
504.307	6.677000
504.307	6.633000
504.66	6.633000
504.66	6.570000
505.013	6.570000
505.013	8.504000
505.367	8.504000
505.367	8.387000
505.721	8.387000
505.721	8.370000
506.075	8.370000
506.075	9.511000
506.428	9.511000
506.428	9.443000
506.781	9.443000
506.781	9.445000
507.132	9.445000
507.132	7.819000
507.485	7.819000
507.485	7.636000
507.838	7.636000
507.838	7.832000
508.191	7.832000
508.191	9.256000
508.544	9.256000
508.544	9.351000
508.896	9.351000
508.896	9.201000
509.249	9.201000
509.249	9.798000
509.603	9.798000
509.603	8.416000
509.921	8.416000
509.921	7.791000
510.239	7.791000
510.239	7.936000
510.557	7.936000
510.557	9.874000
510.908	9.874000
510.908	9.858000
511.261	9.858000
511.261	8.885000
511.615	8.885000
511.615	9.027000
511.969	9.027000
511.969	8.937000
512.323	8.937000
512.323	8.105000
512.676	8.105000
512.676	7.922000
513.029	7.922000
513.029	8.052000
513.382	8.052000
513.382	6.473000
513.736	6.473000
513.736	6.466000
514.09	6.466000
514.09	6.606000
514.443	6.606000
514.443	5.774000
514.797	5.774000
514.797	5.705000
515.151	5.705000
515.151	5.545000
515.505	5.545000
515.505	8.216000
515.858	8.216000
515.858	7.779000
516.211	7.779000
516.211	7.659000
516.564	7.659000
516.564	9.022000
516.918	9.022000
516.918	8.894000
517.272	8.894000
517.272	8.987000
517.626	8.987000
517.626	9.000000
517.98	9.000000
517.98	9.027000
518.334	9.027000
518.334	8.985000
518.688	8.985000
518.688	7.893000
519.041	7.893000
519.041	7.781000
519.394	7.781000
519.394	7.808000
519.747	7.808000
519.747	9.169000
520.101	9.169000
520.101	9.017000
520.455	9.017000
520.455	9.017000
520.809	9.017000
520.809	8.872000
521.162	8.872000
521.162	8.759000
521.515	8.759000
521.515	8.628000
521.868	8.628000
521.868	8.294000
522.221	8.294000
522.221	7.779000
522.574	7.779000
522.574	8.102000
522.927	8.102000
522.927	9.130000
523.28	9.130000
523.28	8.932000
523.633	8.932000
523.633	8.944000
523.986	8.944000
523.986	9.728000
524.34	9.728000
524.34	9.772000
524.694	9.772000
524.694	9.888000
525.048	9.888000
525.048	7.464000
525.401	7.464000
525.401	7.500000
525.754	7.500000
525.754	7.641000
526.107	7.641000
526.107	9.446000
526.461	9.446000
526.461	9.290000
526.815	9.290000
526.815	9.220000
527.169	9.220000
527.169	7.897000
527.523	7.897000
527.523	7.842000
527.877	7.842000
527.877	7.895000
528.231	7.895000
528.231	7.483000
528.584	7.483000
528.584	7.339000
528.937	7.339000
528.937	7.270000
529.29	7.270000
529.29	9.352000
529.643	9.352000
529.643	9.427000
529.996	9.427000
529.996	9.444000
530.349	9.444000
530.349	8.827000
530.703	8.827000
530.703	8.924000
531.057	8.924000
531.057	8.961000
531.411	8.961000
531.411	8.049000
531.764	8.049000
531.764	7.767000
532.117	7.767000
532.117	7.995000
532.47	7.995000
532.47	8.296000
532.824	8.296000
532.824	8.311000
533.178	8.311000
533.178	8.283000
533.531	8.283000
533.531	9.041000
533.885	9.041000
533.885	9.153000
534.239	9.153000
534.239	9.218000
534.593	9.218000
534.593	8.926000
534.946	8.926000
534.946	9.143000
535.299	9.143000
535.299	9.174000
535.652	9.174000
535.652	6.940000
536.006	6.940000
536.006	6.960000
536.36	6.960000
536.36	6.766000
536.714	6.766000
536.714	8.755000
537.068	8.755000
537.068	8.845000
537.422	8.845000
537.422	8.646000
537.776	8.646000
537.776	9.411000
538.13	9.411000
538.13	9.299000
538.484	9.299000
538.484	9.321000
538.838	9.321000
538.838	7.282000
539.191	7.282000
539.191	7.257000
539.541	7.257000
539.541	7.084000
539.894	7.084000
539.894	7.272000
540.248	7.272000
540.248	7.164000
540.602	7.164000
540.602	6.884000
540.956	6.884000
