0.0	6.032000
0.319	6.032000
0.319	6.132000
0.638	6.132000
0.638	6.013000
0.956	6.013000
0.956	7.245000
1.274	7.245000
1.274	7.357000
1.591	7.357000
1.591	7.200000
1.908	7.200000
1.908	6.024000
2.226	6.024000
2.226	6.098000
2.541	6.098000
2.541	6.070000
2.859	6.070000
2.859	6.841000
3.213	6.841000
3.213	6.781000
3.566	6.781000
3.566	6.821000
3.919	6.821000
3.919	7.193000
4.271	7.193000
4.271	7.700000
4.624	7.700000
4.624	7.184000
4.976	7.184000
4.976	6.691000
5.294	6.691000
5.294	6.723000
5.611	6.723000
5.611	6.728000
5.928	6.728000
5.928	6.361000
6.246	6.361000
6.246	6.475000
6.563	6.475000
6.563	6.408000
6.88	6.408000
6.88	7.510000
7.233	7.510000
7.233	7.482000
7.586	7.482000
7.586	7.531000
7.937	7.531000
7.937	6.621000
8.255	6.621000
8.255	6.714000
8.574	6.714000
8.574	6.679000
8.892	6.679000
8.892	8.373000
9.244	8.373000
9.244	8.402000
9.598	8.402000
9.598	8.408000
9.952	8.408000
9.952	6.262000
10.268	6.262000
10.268	6.246000
10.586	6.246000
10.586	6.238000
10.905	6.238000
10.905	6.077000
11.223	6.077000
11.223	6.179000
11.54	6.179000
11.54	6.043000
11.859	6.043000
11.859	6.298000
12.178	6.298000
12.178	6.393000
12.495	6.393000
12.495	6.312000
12.811	6.312000
12.811	9.096000
13.161	9.096000
13.161	9.113000
13.513	9.113000
13.513	9.155000
13.863	9.155000
13.863	8.147000
14.181	8.147000
14.181	8.202000
14.5	8.202000
14.5	8.147000
14.816	8.147000
14.816	7.068000
15.135	7.068000
15.135	7.087000
15.452	7.087000
15.452	7.025000
15.771	7.025000
15.771	8.391000
16.088	8.391000
16.088	8.388000
16.406	8.388000
16.406	6.770000
16.759	6.770000
16.759	6.825000
17.111	6.825000
17.111	6.813000
17.462	6.813000
17.462	6.878000
17.817	6.878000
17.817	6.893000
18.172	6.893000
18.172	6.882000
18.527	6.882000
18.527	9.729000
18.842	9.729000
18.842	9.833000
19.159	9.833000
19.159	6.896000
19.478	6.896000
19.478	7.000000
19.795	7.000000
19.795	6.910000
20.114	6.910000
20.114	5.846000
20.432	5.846000
20.432	5.888000
20.748	5.888000
20.748	5.860000
21.066	5.860000
21.066	7.306000
21.383	7.306000
21.383	7.346000
21.701	7.346000
21.701	6.291000
22.02	6.291000
22.02	6.316000
22.339	6.316000
22.339	6.315000
22.657	6.315000
22.657	6.954000
22.976	6.954000
22.976	6.996000
23.294	6.996000
23.294	6.925000
23.611	6.925000
23.611	6.934000
23.928	6.934000
23.928	6.956000
24.246	6.956000
24.246	6.960000
24.565	6.960000
24.565	5.863000
24.884	5.863000
24.884	5.907000
25.2	5.907000
25.2	5.944000
25.519	5.944000
25.519	6.927000
25.834	6.927000
25.834	6.945000
26.151	6.945000
26.151	6.943000
26.467	6.943000
26.467	6.544000
26.821	6.544000
26.821	6.673000
27.175	6.673000
27.175	6.638000
27.529	6.638000
27.529	7.921000
27.847	7.921000
27.847	7.914000
28.164	7.914000
28.164	7.961000
28.483	7.961000
28.483	8.758000
28.836	8.758000
28.836	8.856000
29.189	8.856000
29.189	6.475000
29.506	6.475000
29.506	6.502000
29.823	6.502000
29.823	6.467000
30.141	6.467000
30.141	7.388000
30.458	7.388000
30.458	7.448000
30.775	7.448000
30.775	7.440000
31.093	7.440000
31.093	7.042000
31.449	7.042000
31.449	6.989000
31.804	6.989000
31.804	7.076000
32.159	7.076000
32.159	6.997000
32.479	6.997000
32.479	7.051000
32.799	7.051000
32.799	6.991000
33.118	6.991000
33.118	7.083000
33.435	7.083000
33.435	7.153000
33.752	7.153000
33.752	7.096000
34.071	7.096000
34.071	6.577000
34.388	6.577000
34.388	6.595000
34.704	6.595000
34.704	6.532000
35.019	6.532000
35.019	7.937000
35.337	7.937000
35.337	7.841000
35.655	7.841000
35.655	7.914000
35.971	7.914000
35.971	6.765000
36.248	6.765000
36.248	6.825000
36.524	6.825000
36.524	6.831000
36.801	6.831000
36.801	6.543000
37.117	6.543000
37.117	6.576000
37.432	6.576000
37.432	6.629000
37.749	6.629000
37.749	6.833000
38.068	6.833000
38.068	6.741000
38.386	6.741000
38.386	6.686000
38.704	6.686000
38.704	6.478000
38.982	6.478000
38.982	6.628000
39.26	6.628000
39.26	6.478000
39.538	6.478000
39.538	6.546000
39.858	6.546000
39.858	6.669000
40.177	6.669000
40.177	6.546000
40.496	6.546000
40.496	7.722000
40.813	7.722000
40.813	7.707000
41.132	7.707000
41.132	7.716000
41.448	7.716000
41.448	6.655000
41.765	6.655000
41.765	6.682000
42.082	6.682000
42.082	6.684000
42.4	6.684000
42.4	6.846000
42.718	6.846000
42.718	6.862000
43.035	6.862000
43.035	6.822000
43.353	6.822000
43.353	7.938000
43.704	7.938000
43.704	7.989000
44.058	7.989000
44.058	7.486000
44.406	7.486000
44.406	7.385000
44.751	7.385000
44.751	7.492000
45.1	7.492000
45.1	7.819000
45.417	7.819000
45.417	7.837000
45.733	7.837000
45.733	7.775000
46.049	7.775000
46.049	7.168000
46.367	7.168000
46.367	7.067000
46.684	7.067000
46.684	7.104000
47.001	7.104000
47.001	6.560000
47.355	6.560000
47.355	6.542000
47.709	6.542000
47.709	6.554000
48.063	6.554000
48.063	6.665000
48.392	6.665000
48.392	6.690000
48.719	6.690000
48.719	6.708000
49.047	6.708000
49.047	6.575000
49.399	6.575000
49.399	6.568000
49.75	6.568000
49.75	6.500000
50.101	6.500000
50.101	6.723000
50.419	6.723000
50.419	6.745000
50.736	6.745000
50.736	6.712000
51.054	6.712000
51.054	6.593000
51.37	6.593000
51.37	6.670000
51.688	6.670000
51.688	6.592000
52.006	6.592000
52.006	6.428000
52.322	6.428000
52.322	6.377000
52.639	6.377000
52.639	6.428000
52.952	6.428000
52.952	6.404000
53.271	6.404000
53.271	6.498000
53.588	6.498000
53.588	6.410000
53.906	6.410000
53.906	7.077000
54.224	7.077000
54.224	7.122000
54.542	7.122000
54.542	7.043000
54.859	7.043000
54.859	6.710000
55.176	6.710000
55.176	6.626000
55.494	6.626000
55.494	6.636000
55.812	6.636000
55.812	7.117000
56.128	7.117000
56.128	7.159000
56.442	7.159000
56.442	7.099000
56.757	7.099000
56.757	6.702000
57.074	6.702000
57.074	6.663000
57.39	6.663000
57.39	6.683000
57.707	6.683000
57.707	7.407000
58.026	7.407000
58.026	7.446000
58.344	7.446000
58.344	6.335000
58.663	6.335000
58.663	6.365000
58.979	6.365000
58.979	6.298000
59.298	6.298000
59.298	6.444000
59.616	6.444000
59.616	6.573000
59.934	6.573000
59.934	6.478000
60.253	6.478000
60.253	6.649000
60.572	6.649000
60.572	6.531000
60.89	6.531000
60.89	6.603000
61.207	6.603000
61.207	6.903000
61.526	6.903000
61.526	6.863000
61.842	6.863000
61.842	6.892000
62.161	6.892000
62.161	6.281000
62.479	6.281000
62.479	6.368000
62.792	6.368000
62.792	6.301000
63.109	6.301000
63.109	7.329000
63.463	7.329000
63.463	7.297000
63.816	7.297000
63.816	7.365000
64.169	7.365000
64.169	6.579000
64.488	6.579000
64.488	6.697000
64.807	6.697000
64.807	6.684000
65.126	6.684000
65.126	5.953000
65.444	5.953000
65.444	5.996000
65.763	5.996000
65.763	5.939000
66.081	5.939000
66.081	7.326000
66.396	7.326000
66.396	7.359000
66.714	7.359000
66.714	6.164000
67.068	6.164000
67.068	6.274000
67.422	6.274000
67.422	6.204000
67.775	6.204000
67.775	6.422000
68.093	6.422000
68.093	6.497000
68.409	6.497000
68.409	6.400000
68.726	6.400000
68.726	6.765000
69.077	6.765000
69.077	6.743000
69.428	6.743000
69.428	6.760000
69.781	6.760000
69.781	6.798000
70.1	6.798000
70.1	6.795000
70.416	6.795000
70.416	6.680000
70.734	6.680000
70.734	7.359000
71.053	7.359000
71.053	7.432000
71.371	7.432000
71.371	7.298000
71.69	7.298000
71.69	7.364000
72.007	7.364000
72.007	7.385000
72.324	7.385000
72.324	7.343000
72.641	7.343000
72.641	6.450000
72.959	6.450000
72.959	6.371000
73.276	6.371000
73.276	6.374000
73.593	6.374000
73.593	6.647000
73.911	6.647000
73.911	6.733000
74.228	6.733000
74.228	6.690000
74.544	6.690000
74.544	8.907000
74.859	8.907000
74.859	8.848000
75.175	8.848000
75.175	6.710000
75.494	6.710000
75.494	6.714000
75.812	6.714000
75.812	6.757000
76.13	6.757000
76.13	6.877000
76.448	6.877000
76.448	6.907000
76.767	6.907000
76.767	6.903000
77.085	6.903000
77.085	7.152000
77.403	7.152000
77.403	7.153000
77.72	7.153000
77.72	7.156000
78.039	7.156000
78.039	6.595000
78.358	6.595000
78.358	6.638000
78.674	6.638000
78.674	6.606000
78.991	6.606000
78.991	5.825000
79.31	5.825000
79.31	5.846000
79.627	5.846000
79.627	5.763000
79.945	5.763000
79.945	8.309000
80.264	8.309000
80.264	8.252000
80.58	8.252000
80.58	6.500000
80.898	6.500000
80.898	6.472000
81.215	6.472000
81.215	6.491000
81.533	6.491000
81.533	7.048000
81.851	7.048000
81.851	7.123000
82.169	7.123000
82.169	7.063000
82.488	7.063000
82.488	6.945000
82.806	6.945000
82.806	6.863000
83.123	6.863000
83.123	6.937000
83.439	6.937000
83.439	6.261000
83.756	6.261000
83.756	6.232000
84.071	6.232000
84.071	6.102000
84.387	6.102000
84.387	6.825000
84.704	6.825000
84.704	6.815000
85.022	6.815000
85.022	6.802000
85.34	6.802000
85.34	7.098000
85.658	7.098000
85.658	7.064000
85.975	7.064000
85.975	7.135000
86.291	7.135000
86.291	6.104000
86.61	6.104000
86.61	6.193000
86.929	6.193000
86.929	6.149000
87.246	6.149000
87.246	5.963000
87.563	5.963000
87.563	5.928000
87.878	5.928000
87.878	5.948000
88.194	5.948000
88.194	7.035000
88.512	7.035000
88.512	6.964000
88.83	6.964000
88.83	6.909000
89.146	6.909000
89.146	7.144000
89.464	7.144000
89.464	7.222000
89.782	7.222000
89.782	7.154000
90.098	7.154000
90.098	6.256000
90.416	6.256000
90.416	6.385000
90.733	6.385000
90.733	6.336000
91.052	6.336000
91.052	7.670000
91.37	7.670000
91.37	7.695000
91.687	7.695000
91.687	6.204000
92.005	6.204000
92.005	6.249000
92.32	6.249000
92.32	6.177000
92.638	6.177000
92.638	7.748000
92.954	7.748000
92.954	7.567000
93.267	7.567000
93.267	7.638000
93.583	7.638000
93.583	6.414000
93.902	6.414000
93.902	6.357000
94.22	6.357000
94.22	6.296000
94.537	6.296000
94.537	6.401000
94.889	6.401000
94.889	6.735000
95.243	6.735000
95.243	6.716000
95.594	6.716000
95.594	6.927000
95.91	6.927000
95.91	7.036000
96.226	7.036000
96.226	6.977000
96.544	6.977000
96.544	6.462000
96.862	6.462000
96.862	6.399000
97.179	6.399000
97.179	6.501000
97.497	6.501000
97.497	6.608000
97.815	6.608000
97.815	6.742000
98.132	6.742000
98.132	6.626000
98.449	6.626000
98.449	6.396000
98.768	6.396000
98.768	6.399000
99.087	6.399000
99.087	6.471000
99.405	6.471000
99.405	7.299000
99.756	7.299000
99.756	7.319000
100.109	7.319000
100.109	7.291000
100.46	7.291000
100.46	6.812000
100.777	6.812000
100.777	6.831000
101.094	6.831000
101.094	6.873000
101.41	6.873000
101.41	6.493000
101.728	6.493000
101.728	6.568000
102.045	6.568000
102.045	6.498000
102.363	6.498000
102.363	6.695000
102.716	6.695000
102.716	6.679000
103.068	6.679000
103.068	6.639000
103.419	6.639000
103.419	6.093000
103.738	6.093000
103.738	6.099000
104.056	6.099000
104.056	6.093000
104.375	6.093000
104.375	7.080000
104.693	7.080000
104.693	7.131000
105.011	7.131000
105.011	7.113000
105.329	7.113000
105.329	9.083000
105.68	9.083000
105.68	9.013000
106.031	9.013000
106.031	8.948000
106.38	8.948000
106.38	8.042000
106.731	8.042000
106.731	8.025000
107.08	8.025000
107.08	7.988000
107.429	7.988000
107.429	6.580000
107.748	6.580000
107.748	6.602000
108.065	6.602000
108.065	6.562000
108.384	6.562000
108.384	8.680000
108.703	8.680000
108.703	8.712000
109.02	8.712000
109.02	6.871000
109.339	6.871000
109.339	6.961000
109.657	6.961000
109.657	6.878000
109.975	6.878000
109.975	7.146000
110.329	7.146000
110.329	7.208000
110.681	7.208000
110.681	7.111000
111.033	7.111000
111.033	8.037000
111.35	8.037000
111.35	7.989000
111.667	7.989000
111.667	6.669000
111.986	6.669000
111.986	6.750000
112.304	6.750000
112.304	6.647000
112.622	6.647000
112.622	6.503000
112.941	6.503000
112.941	6.576000
113.258	6.576000
113.258	6.469000
113.577	6.469000
113.577	6.577000
113.892	6.577000
113.892	6.500000
114.209	6.500000
114.209	6.570000
114.524	6.570000
114.524	6.354000
114.841	6.354000
114.841	6.360000
115.157	6.360000
115.157	6.247000
115.474	6.247000
115.474	6.638000
115.793	6.638000
115.793	6.686000
116.112	6.686000
116.112	6.614000
116.431	6.614000
116.431	6.969000
116.748	6.969000
116.748	7.028000
117.065	7.028000
117.065	6.685000
117.418	6.685000
117.418	6.770000
117.771	6.770000
117.771	6.735000
118.125	6.735000
118.125	5.711000
118.442	5.711000
118.442	5.781000
118.757	5.781000
118.757	5.753000
119.075	5.753000
119.075	7.177000
119.425	7.177000
119.425	7.153000
119.778	7.153000
119.778	7.224000
120.131	7.224000
120.131	6.279000
120.448	6.279000
120.448	6.236000
120.764	6.236000
120.764	6.290000
121.083	6.290000
121.083	7.281000
121.436	7.281000
121.436	7.266000
121.788	7.266000
121.788	7.248000
122.141	7.248000
122.141	7.117000
122.458	7.117000
122.458	9.459000
122.772	9.459000
122.772	7.182000
123.088	7.182000
123.088	6.660000
123.406	6.660000
123.406	6.742000
123.72	6.742000
123.72	6.625000
124.037	6.625000
124.037	6.412000
124.355	6.412000
124.355	6.491000
124.674	6.491000
124.674	6.411000
124.993	6.411000
124.993	7.348000
125.31	7.348000
125.31	7.325000
125.628	7.325000
125.628	7.383000
125.947	7.383000
125.947	6.467000
126.301	6.467000
126.301	6.539000
126.654	6.539000
126.654	6.467000
127.008	6.467000
127.008	6.645000
127.327	6.645000
127.327	6.660000
127.646	6.660000
127.646	6.614000
127.965	6.614000
127.965	7.631000
128.28	7.631000
128.28	7.623000
128.593	7.623000
128.593	7.632000
128.908	7.632000
128.908	6.239000
129.227	6.239000
129.227	6.236000
129.543	6.236000
129.543	6.152000
129.862	6.152000
129.862	6.595000
130.18	6.595000
130.18	6.639000
130.499	6.639000
130.499	6.555000
130.818	6.555000
130.818	7.223000
131.136	7.223000
131.136	9.560000
131.454	9.560000
131.454	7.182000
131.77	7.182000
131.77	6.064000
132.088	6.064000
132.088	5.934000
132.404	5.934000
132.404	5.837000
132.723	5.837000
132.723	7.050000
133.041	7.050000
133.041	7.087000
133.358	7.087000
133.358	7.077000
133.676	7.077000
133.676	6.520000
134.03	6.520000
134.03	6.526000
134.383	6.526000
134.383	6.523000
134.733	6.523000
134.733	6.887000
135.052	6.887000
135.052	7.025000
135.37	7.025000
135.37	7.016000
135.688	7.016000
135.688	6.835000
136.004	6.835000
136.004	6.952000
136.321	6.952000
136.321	6.887000
136.638	6.887000
136.638	6.668000
136.955	6.668000
136.955	6.669000
137.273	6.669000
137.273	6.723000
137.589	6.723000
137.589	6.576000
137.906	6.576000
137.906	6.356000
138.224	6.356000
138.224	6.311000
138.543	6.311000
138.543	7.149000
138.861	7.149000
138.861	7.151000
139.179	7.151000
139.179	7.111000
139.496	7.111000
139.496	6.754000
139.812	6.754000
139.812	9.109000
140.13	9.109000
140.13	6.723000
140.447	6.723000
140.447	6.343000
140.764	6.343000
140.764	6.370000
141.081	6.370000
141.081	6.394000
141.397	6.394000
141.397	5.605000
141.714	5.605000
141.714	5.711000
142.032	5.711000
142.032	5.645000
142.349	5.645000
142.349	7.050000
142.666	7.050000
142.666	6.975000
142.984	6.975000
142.984	7.059000
143.302	7.059000
143.302	6.471000
143.619	6.471000
143.619	6.513000
143.934	6.513000
143.934	6.493000
144.25	6.493000
144.25	6.832000
144.566	6.832000
144.566	6.926000
144.881	6.926000
144.881	6.884000
145.196	6.884000
145.196	7.657000
145.513	7.657000
145.513	7.660000
145.83	7.660000
145.83	6.355000
146.146	6.355000
146.146	6.378000
146.463	6.378000
146.463	6.363000
146.779	6.363000
146.779	5.996000
147.097	5.996000
147.097	6.126000
147.414	6.126000
147.414	6.024000
147.733	6.024000
147.733	6.836000
148.085	6.836000
148.085	6.752000
148.438	6.752000
148.438	6.848000
148.788	6.848000
148.788	6.317000
149.106	6.317000
149.106	6.364000
149.423	6.364000
149.423	6.320000
149.739	6.320000
149.739	6.655000
150.057	6.655000
150.057	6.604000
150.376	6.604000
150.376	6.606000
150.694	6.606000
150.694	6.829000
151.013	6.829000
151.013	6.784000
151.33	6.784000
151.33	6.900000
151.647	6.900000
151.647	6.231000
151.965	6.231000
151.965	6.296000
152.281	6.296000
152.281	6.225000
152.6	6.225000
152.6	5.959000
152.918	5.959000
152.918	5.980000
153.234	5.980000
153.234	5.930000
153.552	5.930000
153.552	7.095000
153.904	7.095000
153.904	7.069000
154.256	7.069000
154.256	7.115000
154.609	7.115000
154.609	6.036000
154.925	6.036000
154.925	6.105000
155.241	6.105000
155.241	6.068000
155.557	6.068000
155.557	5.943000
155.875	5.943000
155.875	6.021000
156.19	6.021000
156.19	5.925000
156.508	5.925000
156.508	6.545000
156.825	6.545000
156.825	6.514000
157.142	6.514000
157.142	6.532000
157.46	6.532000
157.46	6.190000
157.737	6.190000
157.737	6.226000
158.013	6.226000
158.013	6.174000
158.29	6.174000
158.29	7.042000
158.643	7.042000
158.643	7.050000
158.996	7.050000
158.996	6.974000
159.349	6.974000
159.349	7.775000
159.667	7.775000
159.667	7.723000
159.985	7.723000
159.985	6.418000
160.304	6.418000
160.304	6.526000
160.623	6.526000
160.623	6.505000
160.942	6.505000
160.942	6.828000
161.296	6.828000
161.296	6.882000
161.648	6.882000
161.648	6.859000
162.002	6.859000
162.002	7.746000
162.32	7.746000
162.32	7.638000
162.636	7.638000
162.636	7.725000
162.951	7.725000
162.951	6.449000
163.27	6.449000
163.27	6.486000
163.588	6.486000
163.588	6.476000
163.907	6.476000
163.907	6.927000
164.183	6.927000
164.183	6.970000
164.457	6.970000
164.457	6.922000
164.734	6.922000
164.734	8.230000
165.052	8.230000
165.052	8.185000
165.369	8.185000
165.369	6.494000
165.688	6.494000
165.688	6.570000
166.005	6.570000
166.005	6.713000
166.324	6.713000
166.324	6.600000
166.642	6.600000
166.642	6.672000
166.958	6.672000
166.958	6.961000
167.276	6.961000
167.276	6.264000
167.63	6.264000
167.63	6.152000
167.982	6.152000
167.982	6.203000
168.336	6.203000
168.336	6.942000
168.654	6.942000
168.654	6.947000
168.971	6.947000
168.971	6.991000
169.289	6.991000
169.289	6.121000
169.604	6.121000
169.604	5.893000
169.922	5.893000
169.922	5.800000
170.239	5.800000
170.239	8.513000
170.557	8.513000
170.557	8.595000
170.876	8.595000
170.876	6.367000
171.229	6.367000
171.229	6.521000
171.583	6.521000
171.583	6.523000
171.936	6.523000
171.936	6.517000
172.255	6.517000
172.255	6.536000
172.57	6.536000
172.57	6.464000
172.887	6.464000
172.887	7.232000
173.204	7.232000
173.204	7.207000
173.522	7.207000
173.522	7.319000
173.84	7.319000
173.84	6.473000
174.158	6.473000
174.158	6.556000
174.477	6.556000
174.477	6.514000
174.794	6.514000
174.794	6.061000
175.113	6.061000
175.113	6.096000
175.429	6.096000
175.429	6.075000
175.748	6.075000
175.748	8.172000
176.099	8.172000
176.099	8.084000
176.452	8.084000
176.452	8.147000
176.804	8.147000
176.804	7.017000
177.121	7.017000
177.121	6.981000
177.436	6.981000
177.436	7.020000
177.754	7.020000
177.754	6.070000
178.072	6.070000
178.072	6.119000
178.39	6.119000
178.39	6.062000
178.706	6.062000
178.706	6.340000
179.022	6.340000
179.022	6.336000
179.34	6.336000
179.34	6.341000
179.659	6.341000
179.659	6.118000
179.977	6.118000
179.977	6.071000
180.293	6.071000
180.293	6.026000
180.611	6.026000
180.611	6.776000
180.929	6.776000
180.929	6.865000
181.248	6.865000
181.248	6.745000
181.566	6.745000
181.566	6.539000
181.883	6.539000
181.883	6.495000
182.199	6.495000
182.199	6.522000
182.516	6.522000
182.516	6.418000
182.835	6.418000
182.835	6.461000
183.153	6.461000
183.153	6.444000
183.472	6.444000
183.472	6.335000
183.791	6.335000
183.791	6.351000
184.11	6.351000
184.11	6.314000
184.429	6.314000
184.429	6.517000
184.783	6.517000
184.783	6.481000
185.136	6.481000
185.136	6.455000
185.488	6.455000
185.488	6.340000
185.807	6.340000
185.807	6.443000
186.125	6.443000
186.125	6.372000
186.444	6.372000
186.444	6.390000
186.797	6.390000
186.797	6.420000
187.15	6.420000
187.15	6.400000
187.502	6.400000
187.502	9.562000
187.82	9.562000
187.82	9.545000
188.139	9.545000
188.139	6.398000
188.458	6.398000
188.458	6.421000
188.777	6.421000
188.777	6.362000
189.096	6.362000
189.096	6.985000
189.415	6.985000
189.415	7.054000
189.731	7.054000
189.731	7.006000
190.05	7.006000
190.05	6.479000
190.369	6.479000
190.369	6.818000
190.687	6.818000
190.687	6.444000
191.006	6.444000
191.006	6.389000
191.324	6.389000
191.324	6.389000
191.641	6.389000
191.641	6.392000
191.957	6.392000
191.957	6.025000
192.273	6.025000
192.273	6.176000
192.588	6.176000
192.588	6.035000
192.904	6.035000
192.904	6.732000
193.222	6.732000
193.222	6.710000
193.539	6.710000
193.539	6.731000
193.857	6.731000
193.857	6.555000
194.176	6.555000
194.176	6.599000
194.495	6.599000
194.495	6.536000
194.814	6.536000
194.814	6.164000
195.131	6.164000
195.131	6.208000
195.448	6.208000
195.448	6.129000
195.765	6.129000
195.765	6.595000
196.082	6.595000
196.082	6.472000
196.4	6.472000
196.4	6.586000
196.716	6.586000
196.716	6.392000
197.035	6.392000
197.035	6.469000
197.353	6.469000
197.353	6.381000
197.671	6.381000
197.671	6.626000
197.989	6.626000
197.989	6.664000
198.305	6.664000
198.305	6.645000
198.622	6.645000
198.622	7.323000
198.941	7.323000
198.941	7.362000
199.259	7.362000
199.259	7.330000
199.578	7.330000
199.578	6.639000
199.897	6.639000
199.897	6.735000
200.212	6.735000
200.212	6.683000
200.531	6.683000
200.531	7.271000
200.85	7.271000
200.85	7.329000
201.169	7.329000
201.169	7.238000
201.486	7.238000
201.486	6.579000
201.804	6.579000
201.804	6.493000
202.122	6.493000
202.122	6.656000
202.441	6.656000
202.441	6.688000
202.76	6.688000
202.76	6.660000
203.078	6.660000
203.078	6.598000
203.397	6.598000
203.397	7.245000
203.715	7.245000
203.715	7.291000
204.031	7.291000
204.031	7.235000
204.347	7.235000
204.347	7.186000
204.7	7.186000
204.7	7.156000
205.052	7.156000
205.052	7.148000
205.402	7.148000
205.402	6.681000
205.721	6.681000
205.721	6.591000
206.038	6.591000
206.038	6.518000
206.357	6.518000
206.357	6.968000
206.709	6.968000
206.709	7.101000
207.062	7.101000
207.062	7.009000
207.416	7.009000
207.416	6.805000
207.733	6.805000
207.733	6.761000
208.048	6.761000
208.048	6.823000
208.364	6.823000
208.364	6.701000
208.683	6.701000
208.683	6.754000
208.999	6.754000
208.999	6.677000
209.317	6.677000
209.317	6.450000
209.635	6.450000
209.635	6.497000
209.954	6.497000
209.954	6.418000
210.273	6.418000
210.273	7.368000
210.588	7.368000
210.588	7.326000
210.905	7.326000
210.905	7.308000
211.223	7.308000
211.223	6.269000
211.541	6.269000
211.541	6.344000
211.86	6.344000
211.86	6.321000
212.179	6.321000
212.179	7.060000
212.531	7.060000
212.531	7.092000
212.881	7.092000
212.881	7.106000
213.233	7.106000
213.233	6.824000
213.55	6.824000
213.55	6.753000
213.869	6.753000
213.869	6.779000
214.188	6.779000
214.188	6.372000
214.541	6.372000
214.541	6.441000
214.895	6.441000
214.895	6.355000
215.249	6.355000
215.249	5.753000
215.568	5.753000
215.568	5.902000
215.886	5.902000
215.886	5.834000
216.204	5.834000
216.204	7.049000
216.522	7.049000
216.522	7.001000
216.839	7.001000
216.839	7.018000
217.157	7.018000
217.157	6.064000
217.474	6.064000
217.474	6.197000
217.786	6.197000
217.786	6.201000
218.104	6.201000
218.104	6.969000
218.423	6.969000
218.423	7.106000
218.741	7.106000
218.741	7.023000
219.06	7.023000
219.06	7.133000
219.379	7.133000
219.379	7.155000
219.698	7.155000
219.698	7.185000
220.015	7.185000
220.015	6.223000
220.334	6.223000
220.334	6.272000
220.653	6.272000
220.653	6.304000
220.972	6.304000
220.972	6.304000
221.29	6.304000
221.29	6.344000
221.607	6.344000
221.607	6.240000
221.924	6.240000
221.924	7.272000
222.242	7.272000
222.242	7.287000
222.558	7.287000
222.558	7.274000
222.874	7.274000
222.874	5.882000
223.193	5.882000
223.193	6.053000
223.512	6.053000
223.512	5.887000
223.83	5.887000
223.83	6.139000
224.148	6.139000
224.148	6.219000
224.466	6.219000
224.466	6.124000
224.782	6.124000
224.782	7.009000
225.1	7.009000
225.1	6.935000
225.419	6.935000
225.419	6.916000
225.737	6.916000
225.737	5.871000
226.055	5.871000
226.055	6.052000
226.373	6.052000
226.373	5.969000
226.691	5.969000
226.691	6.547000
227.01	6.547000
227.01	6.636000
227.328	6.636000
227.328	6.582000
227.647	6.582000
227.647	6.788000
227.965	6.788000
227.965	6.753000
228.284	6.753000
228.284	6.699000
228.601	6.699000
228.601	7.360000
228.918	7.360000
228.918	7.418000
229.235	7.418000
229.235	7.373000
229.553	7.373000
229.553	6.302000
229.872	6.302000
229.872	6.434000
230.189	6.434000
230.189	6.325000
230.507	6.325000
230.507	6.208000
230.823	6.208000
230.823	6.196000
231.141	6.196000
231.141	6.228000
231.458	6.228000
231.458	6.685000
231.777	6.685000
231.777	6.765000
232.095	6.765000
232.095	6.690000
232.413	6.690000
232.413	6.697000
232.732	6.697000
232.732	6.794000
233.05	6.794000
233.05	6.738000
233.369	6.738000
233.369	7.088000
233.685	7.088000
233.685	7.078000
234.001	7.078000
234.001	7.157000
234.317	7.157000
234.317	6.456000
234.634	6.456000
234.634	6.502000
234.949	6.502000
234.949	6.452000
235.266	6.452000
235.266	6.833000
235.62	6.833000
235.62	6.827000
235.974	6.827000
235.974	6.844000
236.326	6.844000
236.326	7.581000
236.646	7.581000
236.646	7.199000
236.963	7.199000
236.963	7.594000
237.282	7.594000
237.282	6.563000
237.634	6.563000
237.634	6.680000
237.987	6.680000
237.987	6.595000
238.339	6.595000
238.339	5.809000
238.657	5.809000
238.657	5.848000
238.97	5.848000
238.97	5.845000
239.288	5.845000
239.288	7.313000
239.64	7.313000
239.64	7.211000
239.992	7.211000
239.992	7.221000
240.343	7.221000
240.343	6.906000
240.696	6.906000
240.696	6.959000
241.049	6.959000
241.049	6.935000
241.402	6.935000
241.402	6.438000
241.72	6.438000
241.72	6.492000
242.036	6.492000
242.036	6.457000
242.354	6.457000
242.354	7.404000
242.672	7.404000
242.672	7.480000
242.991	7.480000
242.991	7.369000
243.309	7.369000
243.309	7.130000
243.626	7.130000
243.626	7.165000
243.941	7.165000
243.941	7.069000
244.257	7.069000
244.257	6.570000
244.576	6.570000
244.576	6.645000
244.893	6.645000
244.893	6.610000
245.212	6.610000
245.212	6.674000
245.528	6.674000
245.528	6.646000
245.846	6.646000
245.846	6.740000
246.164	6.740000
246.164	5.972000
246.481	5.972000
246.481	5.968000
246.797	5.968000
246.797	5.993000
247.115	5.993000
247.115	6.103000
247.434	6.103000
247.434	6.282000
247.753	6.282000
247.753	6.126000
248.071	6.126000
248.071	7.136000
248.389	7.136000
248.389	7.104000
248.707	7.104000
248.707	7.125000
249.025	7.125000
249.025	6.722000
249.342	6.722000
249.342	6.790000
249.66	6.790000
249.66	6.745000
249.977	6.745000
249.977	9.346000
250.331	9.346000
250.331	9.305000
250.681	9.305000
250.681	9.353000
251.034	9.353000
251.034	6.393000
251.352	6.393000
251.352	6.473000
251.671	6.473000
251.671	6.401000
251.989	6.401000
251.989	6.243000
252.306	6.243000
252.306	6.252000
252.623	6.252000
252.623	6.283000
252.942	6.283000
252.942	6.944000
253.294	6.944000
253.294	6.898000
253.648	6.898000
253.648	6.974000
254.0	6.974000
254.0	6.812000
254.317	6.812000
254.317	6.831000
254.633	6.831000
254.633	6.874000
254.951	6.874000
254.951	6.774000
255.305	6.774000
255.305	6.895000
255.658	6.895000
255.658	6.781000
256.011	6.781000
256.011	6.635000
256.361	6.635000
256.361	6.670000
256.712	6.670000
256.712	6.649000
257.065	6.649000
257.065	6.482000
257.384	6.482000
257.384	6.478000
257.701	6.478000
257.701	6.520000
258.019	6.520000
258.019	6.431000
258.371	6.431000
258.371	6.568000
258.723	6.568000
258.723	6.527000
259.074	6.527000
259.074	7.077000
259.391	7.077000
259.391	7.047000
259.709	7.047000
259.709	7.079000
260.028	7.079000
260.028	6.989000
260.346	6.989000
260.346	6.870000
260.663	6.870000
260.663	6.995000
260.981	6.995000
260.981	6.713000
261.299	6.713000
261.299	6.683000
261.614	6.683000
261.614	6.671000
261.931	6.671000
261.931	6.587000
262.25	6.587000
262.25	6.584000
262.569	6.584000
262.569	6.594000
262.888	6.594000
262.888	6.591000
263.203	6.591000
263.203	6.603000
263.518	6.603000
263.518	6.588000
263.837	6.588000
263.837	6.340000
264.156	6.340000
264.156	6.464000
264.475	6.464000
264.475	6.337000
264.793	6.337000
264.793	7.103000
265.11	7.103000
265.11	7.188000
265.427	7.188000
265.427	7.176000
265.745	7.176000
265.745	6.999000
266.063	6.999000
266.063	6.970000
266.38	6.970000
266.38	6.965000
266.695	6.965000
266.695	6.463000
267.014	6.463000
267.014	6.544000
267.333	6.544000
267.333	6.496000
267.651	6.496000
267.651	6.290000
268.005	6.290000
268.005	6.335000
268.358	6.335000
268.358	6.290000
268.712	6.290000
268.712	7.285000
269.03	7.285000
269.03	7.234000
269.349	7.234000
269.349	7.284000
269.667	7.284000
269.667	6.421000
269.984	6.421000
269.984	6.526000
270.298	6.526000
270.298	6.379000
270.616	6.379000
270.616	6.964000
270.935	6.964000
270.935	6.931000
271.252	6.931000
271.252	6.975000
271.571	6.975000
271.571	6.389000
271.89	6.389000
271.89	6.409000
272.209	6.409000
272.209	6.437000
272.527	6.437000
272.527	7.126000
272.845	7.126000
272.845	7.025000
273.162	7.025000
273.162	6.999000
273.478	6.999000
273.478	6.352000
273.796	6.352000
273.796	6.395000
274.114	6.395000
274.114	6.414000
274.431	6.414000
274.431	7.171000
274.748	7.171000
274.748	7.176000
275.066	7.176000
275.066	7.136000
275.384	7.136000
275.384	6.782000
275.702	6.782000
275.702	6.798000
276.019	6.798000
276.019	6.782000
276.337	6.782000
276.337	6.036000
276.656	6.036000
276.656	6.080000
276.972	6.080000
276.972	6.022000
277.29	6.022000
277.29	8.047000
277.606	8.047000
277.606	9.045000
277.922	9.045000
277.922	7.943000
278.239	7.943000
278.239	7.526000
278.593	7.526000
278.593	7.570000
278.946	7.570000
278.946	7.530000
279.299	7.530000
279.299	6.414000
279.577	6.414000
279.577	6.415000
279.852	6.415000
279.852	6.409000
280.13	6.409000
280.13	6.781000
280.448	6.781000
280.448	8.649000
280.766	8.649000
280.766	6.757000
281.082	6.757000
281.082	7.043000
281.4	7.043000
281.4	7.083000
281.718	7.083000
281.718	6.983000
282.037	6.983000
282.037	7.527000
282.349	7.527000
282.349	7.502000
282.661	7.502000
282.661	7.526000
282.971	7.526000
282.971	6.771000
283.288	6.771000
283.288	6.744000
283.607	6.744000
283.607	6.795000
283.923	6.795000
283.923	6.483000
284.242	6.483000
284.242	6.564000
284.558	6.564000
284.558	6.487000
284.877	6.487000
284.877	6.212000
285.153	6.212000
285.153	6.376000
285.428	6.376000
285.428	6.268000
285.705	6.268000
285.705	7.477000
286.058	7.477000
286.058	7.522000
286.411	7.522000
286.411	7.449000
286.761	7.449000
286.761	6.640000
287.08	6.640000
287.08	6.650000
287.399	6.650000
287.399	6.658000
287.718	6.658000
287.718	6.654000
287.995	6.654000
287.995	6.770000
288.272	6.770000
288.272	6.910000
288.55	6.910000
288.55	7.466000
288.901	7.466000
288.901	7.497000
289.252	7.497000
289.252	6.792000
289.571	6.792000
289.571	6.821000
289.889	6.821000
289.889	6.869000
290.207	6.869000
290.207	6.955000
290.525	6.955000
290.525	6.934000
290.84	6.934000
290.84	6.958000
291.158	6.958000
291.158	6.807000
291.475	6.807000
291.475	6.977000
291.793	6.977000
291.793	6.756000
292.11	6.756000
292.11	6.640000
292.429	6.640000
292.429	6.632000
292.747	6.632000
292.747	6.682000
293.065	6.682000
293.065	6.747000
293.383	6.747000
293.383	6.799000
293.7	6.799000
293.7	6.699000
294.018	6.699000
294.018	7.326000
294.334	7.326000
294.334	7.501000
294.65	7.501000
294.65	7.330000
294.967	7.330000
294.967	6.388000
295.286	6.388000
295.286	6.407000
295.603	6.407000
295.603	6.409000
295.922	6.409000
295.922	6.676000
296.24	6.676000
296.24	6.761000
296.554	6.761000
296.554	6.706000
296.871	6.706000
296.871	6.716000
297.19	6.716000
297.19	6.742000
297.509	6.742000
297.509	6.724000
297.826	6.724000
297.826	6.342000
298.145	6.342000
298.145	6.368000
298.461	6.368000
298.461	6.319000
298.779	6.319000
298.779	6.860000
299.133	6.860000
299.133	6.963000
299.488	6.963000
299.488	6.827000
299.842	6.827000
299.842	6.847000
300.195	6.847000
300.195	6.803000
300.549	6.803000
300.549	6.875000
300.901	6.875000
300.901	6.869000
301.22	6.869000
301.22	6.874000
301.537	6.874000
301.537	6.863000
301.856	6.863000
301.856	7.746000
302.175	7.746000
302.175	7.571000
302.49	7.571000
302.49	7.781000
302.809	7.781000
302.809	6.795000
303.126	6.795000
303.126	6.596000
303.444	6.596000
303.444	6.764000
303.761	6.764000
303.761	6.401000
304.113	6.401000
304.113	6.432000
304.463	6.432000
304.463	6.421000
304.814	6.421000
304.814	6.994000
305.166	6.994000
305.166	6.985000
305.518	6.985000
305.518	7.073000
305.872	7.073000
305.872	6.856000
306.189	6.856000
306.189	6.784000
306.507	6.784000
306.507	6.835000
306.822	6.835000
306.822	6.599000
307.141	6.599000
307.141	6.697000
307.459	6.697000
307.459	6.652000
307.776	6.652000
307.776	6.575000
308.094	6.575000
308.094	6.598000
308.41	6.598000
308.41	6.523000
308.727	6.523000
308.727	8.257000
309.046	8.257000
309.046	8.257000
309.363	8.257000
309.363	6.535000
309.68	6.535000
309.68	6.429000
309.996	6.429000
309.996	6.481000
310.313	6.481000
310.313	6.884000
310.631	6.884000
310.631	7.049000
310.95	7.049000
310.95	6.901000
311.267	6.901000
311.267	8.133000
311.586	8.133000
311.586	8.210000
311.905	8.210000
311.905	8.091000
312.222	8.091000
312.222	8.331000
312.541	8.331000
312.541	8.064000
312.858	8.064000
312.858	8.212000
313.175	8.212000
313.175	7.925000
313.493	7.925000
313.493	7.830000
313.805	7.830000
313.805	7.915000
314.12	7.915000
314.12	6.594000
314.436	6.594000
314.436	6.649000
314.754	6.649000
314.754	6.632000
315.072	6.632000
315.072	8.685000
315.386	8.685000
315.386	8.408000
315.702	8.408000
315.702	8.658000
316.016	8.658000
316.016	6.988000
316.333	6.988000
316.333	7.016000
316.65	7.016000
316.65	6.983000
316.967	6.983000
316.967	7.078000
317.321	7.078000
317.321	7.084000
317.675	7.084000
317.675	7.055000
318.028	7.055000
318.028	7.005000
318.345	7.005000
318.345	6.950000
318.662	6.950000
318.662	6.935000
318.979	6.935000
318.979	6.320000
319.298	6.320000
319.298	6.397000
319.615	6.397000
319.615	6.347000
319.934	6.347000
319.934	6.394000
320.252	6.394000
320.252	6.432000
320.569	6.432000
320.569	6.413000
320.887	6.413000
320.887	6.784000
321.203	6.784000
321.203	6.826000
321.519	6.826000
321.519	6.814000
321.835	6.814000
321.835	6.550000
322.153	6.550000
322.153	6.559000
322.471	6.559000
322.471	6.513000
322.789	6.513000
322.789	7.165000
323.142	7.165000
323.142	7.214000
323.496	7.214000
323.496	7.122000
323.85	7.122000
323.85	8.409000
324.167	8.409000
324.167	8.410000
324.486	8.410000
324.486	6.375000
324.805	6.375000
324.805	6.430000
325.123	6.430000
325.123	6.520000
325.442	6.520000
325.442	6.148000
325.761	6.148000
325.761	6.168000
326.078	6.168000
326.078	6.155000
326.394	6.155000
326.394	6.762000
326.71	6.762000
326.71	6.725000
327.027	6.725000
327.027	6.772000
327.343	6.772000
327.343	6.326000
327.662	6.326000
327.662	6.360000
327.979	6.360000
327.979	6.275000
328.298	6.275000
328.298	6.344000
328.616	6.344000
328.616	6.460000
328.932	6.460000
328.932	6.358000
329.25	6.358000
329.25	7.130000
329.569	7.130000
329.569	6.939000
329.887	6.939000
329.887	7.107000
330.203	7.107000
330.203	6.942000
330.522	6.942000
330.522	6.993000
330.839	6.993000
330.839	6.953000
331.158	6.953000
331.158	8.446000
331.472	8.446000
331.472	8.523000
331.789	8.523000
331.789	8.537000
332.105	8.537000
332.105	8.313000
332.457	8.313000
332.457	8.207000
332.807	8.207000
332.807	8.244000
333.158	8.244000
333.158	6.535000
333.476	6.535000
333.476	6.581000
333.795	6.581000
333.795	6.583000
334.114	6.583000
334.114	8.778000
334.432	8.778000
334.432	8.679000
334.748	8.679000
334.748	7.222000
335.065	7.222000
335.065	7.229000
335.381	7.229000
335.381	7.259000
335.699	7.259000
335.699	5.918000
336.052	5.918000
336.052	5.972000
336.404	5.972000
336.404	5.875000
336.758	5.875000
336.758	6.717000
337.076	6.717000
337.076	6.728000
337.394	6.728000
337.394	6.779000
337.712	6.779000
337.712	6.587000
338.031	6.587000
338.031	6.656000
338.349	6.656000
338.349	6.572000
338.668	6.572000
338.668	6.369000
338.986	6.369000
338.986	6.453000
339.302	6.453000
339.302	6.321000
339.62	6.321000
339.62	7.874000
339.936	7.874000
339.936	7.857000
340.25	7.857000
340.25	5.818000
340.569	5.818000
340.569	5.949000
340.886	5.949000
340.886	5.900000
341.205	5.900000
341.205	6.489000
341.523	6.489000
341.523	6.554000
341.841	6.554000
341.841	6.546000
342.158	6.546000
342.158	9.644000
342.476	9.644000
342.476	9.674000
342.792	9.674000
342.792	6.499000
343.11	6.499000
343.11	6.546000
343.425	6.546000
343.425	6.471000
343.742	6.471000
343.742	7.079000
344.059	7.079000
344.059	7.140000
344.374	7.140000
344.374	7.060000
344.689	7.060000
344.689	8.913000
345.007	8.913000
345.007	8.894000
345.325	8.894000
345.325	6.458000
345.644	6.458000
345.644	6.570000
345.962	6.570000
345.962	6.462000
346.278	6.462000
346.278	7.612000
346.596	7.612000
346.596	7.607000
346.913	7.607000
346.913	7.657000
347.23	7.657000
347.23	6.201000
347.582	6.201000
347.582	6.202000
347.936	6.202000
347.936	6.266000
348.288	6.266000
348.288	6.518000
348.642	6.518000
348.642	6.621000
348.996	6.621000
348.996	6.555000
349.35	6.555000
349.35	5.980000
349.667	5.980000
349.667	6.065000
349.984	6.065000
349.984	6.030000
350.303	6.030000
350.303	6.861000
350.62	6.861000
350.62	6.893000
350.938	6.893000
350.938	6.855000
351.257	6.855000
351.257	6.850000
351.576	6.850000
351.576	6.849000
351.894	6.849000
351.894	6.872000
352.213	6.872000
352.213	9.059000
352.56	9.059000
352.56	9.142000
352.909	9.142000
352.909	9.105000
353.26	9.105000
353.26	6.734000
353.576	6.734000
353.576	6.658000
353.894	6.658000
353.894	6.729000
354.211	6.729000
354.211	6.828000
354.53	6.828000
354.53	6.866000
354.847	6.866000
354.847	6.843000
355.165	6.843000
355.165	6.517000
355.484	6.517000
355.484	6.481000
355.795	6.481000
355.795	6.525000
356.113	6.525000
356.113	6.768000
356.431	6.768000
356.431	6.715000
356.749	6.715000
356.749	6.707000
357.064	6.707000
357.064	6.406000
357.38	6.406000
357.38	6.465000
357.697	6.465000
357.697	6.371000
358.014	6.371000
358.014	6.532000
358.367	6.532000
358.367	6.609000
358.719	6.609000
358.719	6.536000
359.072	6.536000
359.072	6.799000
359.389	6.799000
359.389	6.810000
359.707	6.810000
359.707	6.755000
360.023	6.755000
360.023	6.263000
360.342	6.263000
360.342	6.416000
360.661	6.416000
360.661	6.360000
360.98	6.360000
360.98	7.767000
361.3	7.767000
361.3	7.722000
361.619	7.722000
361.619	7.821000
361.938	7.821000
361.938	7.767000
362.216	7.767000
362.216	7.734000
362.493	7.734000
362.493	7.735000
362.77	7.735000
362.77	7.046000
363.087	7.046000
363.087	7.136000
363.404	7.136000
363.404	7.120000
363.72	7.120000
363.72	9.072000
364.071	9.072000
364.071	9.391000
364.422	9.391000
364.422	9.017000
364.773	9.017000
364.773	9.127000
365.081	9.127000
365.081	9.100000
365.389	9.100000
365.389	9.387000
365.699	9.387000
365.699	6.177000
366.017	6.177000
366.017	6.287000
366.335	6.287000
366.335	6.223000
366.654	6.223000
366.654	7.503000
366.971	7.503000
366.971	7.484000
367.288	7.484000
367.288	6.960000
367.642	6.960000
367.642	7.063000
367.994	7.063000
367.994	7.004000
368.348	7.004000
368.348	6.337000
368.666	6.337000
368.666	6.359000
368.984	6.359000
368.984	6.304000
369.302	6.304000
369.302	6.823000
369.618	6.823000
369.618	6.864000
369.935	6.864000
369.935	6.869000
370.254	6.869000
370.254	6.717000
370.531	6.717000
370.531	6.901000
370.809	6.901000
370.809	6.852000
371.087	6.852000
371.087	6.383000
371.442	6.383000
371.442	6.435000
371.797	6.435000
371.797	6.383000
372.152	6.383000
372.152	7.037000
372.47	7.037000
372.47	7.033000
372.789	7.033000
372.789	7.096000
373.108	7.096000
373.108	5.953000
373.427	5.953000
373.427	6.022000
373.745	6.022000
373.745	5.970000
374.065	5.970000
374.065	6.264000
374.385	6.264000
374.385	6.360000
374.702	6.360000
374.702	6.260000
375.02	6.260000
375.02	6.536000
375.338	6.536000
375.338	6.535000
375.657	6.535000
375.657	6.644000
375.976	6.644000
375.976	6.809000
376.296	6.809000
376.296	6.687000
376.615	6.687000
376.615	6.689000
376.935	6.689000
376.935	8.597000
377.253	8.597000
377.253	8.563000
377.57	8.563000
377.57	8.614000
377.888	8.614000
377.888	6.628000
378.206	6.628000
378.206	6.541000
378.524	6.541000
378.524	6.567000
378.84	6.567000
378.84	5.780000
379.159	5.780000
379.159	5.786000
379.476	5.786000
379.476	5.709000
379.794	5.709000
379.794	6.279000
380.111	6.279000
380.111	6.299000
380.43	6.299000
380.43	6.285000
380.748	6.285000
380.748	6.148000
381.065	6.148000
381.065	6.272000
381.382	6.272000
381.382	6.162000
381.7	6.162000
381.7	6.986000
382.019	6.986000
382.019	6.871000
382.338	6.871000
382.338	7.003000
382.657	7.003000
382.657	6.695000
382.975	6.695000
382.975	6.751000
383.292	6.751000
383.292	6.595000
383.611	6.595000
383.611	7.751000
383.93	7.751000
383.93	7.811000
384.246	7.811000
384.246	7.782000
384.563	7.782000
384.563	6.682000
384.917	6.682000
384.917	6.712000
385.27	6.712000
385.27	6.670000
385.623	6.670000
385.623	6.703000
385.977	6.703000
385.977	6.760000
386.331	6.760000
386.331	6.808000
386.682	6.808000
386.682	6.645000
386.999	6.645000
386.999	6.716000
387.317	6.716000
387.317	6.653000
387.635	6.653000
387.635	7.083000
387.951	7.083000
387.951	7.054000
388.267	7.054000
388.267	7.131000
388.583	7.131000
388.583	7.184000
388.892	7.184000
388.892	7.030000
389.201	7.030000
389.201	6.981000
389.51	6.981000
389.51	6.207000
389.828	6.207000
389.828	6.260000
390.146	6.260000
390.146	6.243000
390.464	6.243000
390.464	6.763000
390.782	6.763000
390.782	6.688000
391.099	6.688000
391.099	6.725000
391.416	6.725000
391.416	6.147000
391.733	6.147000
391.733	6.134000
392.049	6.134000
392.049	6.113000
392.367	6.113000
392.367	6.848000
392.644	6.848000
392.644	6.867000
392.922	6.867000
392.922	6.896000
393.199	6.896000
393.199	6.873000
393.515	6.873000
393.515	6.776000
393.83	6.776000
393.83	6.847000
394.147	6.847000
394.147	6.728000
394.465	6.728000
394.465	6.781000
394.782	6.781000
394.782	6.699000
395.1	6.699000
395.1	6.052000
395.417	6.052000
395.417	6.141000
395.735	6.141000
395.735	6.109000
396.052	6.109000
396.052	7.298000
396.369	7.298000
396.369	7.246000
396.687	7.246000
396.687	7.191000
397.003	7.191000
397.003	7.088000
397.319	7.088000
397.319	7.175000
397.635	7.175000
397.635	7.074000
397.953	7.074000
397.953	7.616000
398.27	7.616000
398.27	7.634000
398.586	7.634000
398.586	7.612000
398.903	7.612000
398.903	8.267000
399.222	8.267000
399.222	8.291000
399.541	8.291000
399.541	8.295000
399.859	8.295000
399.859	7.547000
400.175	7.547000
400.175	7.637000
400.492	7.637000
400.492	7.536000
400.81	7.536000
400.81	6.421000
401.128	6.421000
401.128	6.451000
401.446	6.451000
401.446	6.416000
401.764	6.416000
401.764	6.936000
402.118	6.936000
402.118	6.911000
402.472	6.911000
402.472	6.964000
402.824	6.964000
402.824	6.740000
403.143	6.740000
403.143	6.800000
403.462	6.800000
403.462	6.730000
403.779	6.730000
403.779	6.341000
404.132	6.341000
404.132	6.371000
404.484	6.371000
404.484	6.330000
404.835	6.330000
404.835	6.993000
405.153	6.993000
405.153	6.974000
405.471	6.974000
405.471	7.042000
405.789	7.042000
405.789	6.085000
406.107	6.085000
406.107	6.087000
406.423	6.087000
406.423	6.111000
406.741	6.111000
406.741	9.356000
407.094	9.356000
407.094	9.309000
407.445	9.309000
407.445	9.303000
407.798	9.303000
407.798	6.639000
408.116	6.639000
408.116	6.649000
408.433	6.649000
408.433	6.658000
408.749	6.658000
408.749	6.663000
409.067	6.663000
409.067	6.783000
409.384	6.783000
409.384	6.693000
409.702	6.693000
409.702	7.182000
410.016	7.182000
410.016	7.142000
410.332	7.142000
410.332	7.178000
410.649	7.178000
410.649	6.093000
410.926	6.093000
410.926	6.158000
411.203	6.158000
411.203	6.044000
411.479	6.044000
411.479	6.869000
411.833	6.869000
411.833	6.854000
412.184	6.854000
412.184	6.917000
412.537	6.917000
412.537	7.198000
412.89	7.198000
412.89	7.124000
413.241	7.124000
413.241	7.046000
413.591	7.046000
413.591	6.938000
413.934	6.938000
413.934	7.014000
414.276	7.014000
414.276	7.013000
414.619	7.013000
414.619	6.297000
414.937	6.297000
414.937	6.383000
415.254	6.383000
415.254	6.280000
415.572	6.280000
415.572	6.495000
415.889	6.495000
415.889	6.502000
416.208	6.502000
416.208	6.432000
416.525	6.432000
416.525	6.777000
416.843	6.777000
416.843	6.753000
417.161	6.753000
417.161	6.808000
417.478	6.808000
417.478	7.446000
417.831	7.446000
417.831	7.394000
418.184	7.394000
418.184	7.466000
418.537	7.466000
418.537	6.230000
418.855	6.230000
418.855	6.314000
419.172	6.314000
419.172	6.241000
419.489	6.241000
419.489	7.160000
419.807	7.160000
419.807	7.243000
420.125	7.243000
420.125	7.231000
420.444	7.231000
420.444	7.292000
420.797	7.292000
420.797	7.283000
421.15	7.283000
421.15	7.257000
421.5	7.257000
421.5	6.632000
421.817	6.632000
421.817	6.603000
422.133	6.603000
422.133	6.616000
422.451	6.616000
422.451	6.486000
422.768	6.486000
422.768	6.526000
423.082	6.526000
423.082	6.499000
423.4	6.499000
423.4	6.691000
423.717	6.691000
423.717	6.631000
424.035	6.631000
424.035	6.622000
424.353	6.622000
424.353	5.907000
424.671	5.907000
424.671	6.021000
424.985	6.021000
424.985	5.911000
425.301	5.911000
425.301	6.829000
425.618	6.829000
425.618	6.852000
425.937	6.852000
425.937	6.833000
426.255	6.833000
426.255	7.970000
426.609	7.970000
426.609	7.977000
426.963	7.977000
426.963	8.014000
427.316	8.014000
427.316	6.492000
427.634	6.492000
427.634	6.602000
427.952	6.602000
427.952	6.580000
428.271	6.580000
428.271	7.544000
428.623	7.544000
428.623	9.313000
428.976	9.313000
428.976	7.562000
429.328	7.562000
429.328	7.207000
429.645	7.207000
429.645	7.194000
429.963	7.194000
429.963	7.254000
430.281	7.254000
430.281	6.618000
430.6	6.618000
430.6	6.658000
430.919	6.658000
430.919	6.598000
431.237	6.598000
431.237	6.461000
431.555	6.461000
431.555	6.402000
431.873	6.402000
431.873	6.480000
432.19	6.480000
432.19	6.887000
432.508	6.887000
432.508	7.006000
432.825	7.006000
432.825	6.901000
433.143	6.901000
433.143	6.575000
433.462	6.575000
433.462	6.597000
433.781	6.597000
433.781	6.526000
434.098	6.526000
434.098	7.524000
434.415	7.524000
434.415	7.455000
434.734	7.455000
434.734	7.469000
435.052	7.469000
435.052	6.852000
435.37	6.852000
435.37	6.874000
435.686	6.874000
435.686	6.791000
436.004	6.791000
436.004	6.756000
436.323	6.756000
436.323	6.758000
436.642	6.758000
436.642	6.728000
436.961	6.728000
436.961	6.463000
437.277	6.463000
437.277	6.488000
437.595	6.488000
437.595	6.450000
437.914	6.450000
437.914	6.312000
438.233	6.312000
438.233	6.377000
438.55	6.377000
438.55	6.319000
438.868	6.319000
438.868	6.453000
439.187	6.453000
439.187	6.525000
439.504	6.525000
439.504	6.412000
439.821	6.412000
439.821	6.629000
440.137	6.629000
440.137	6.597000
440.456	6.597000
440.456	6.541000
440.773	6.541000
440.773	6.110000
441.091	6.110000
441.091	6.199000
441.409	6.199000
441.409	6.109000
441.727	6.109000
441.727	6.927000
442.045	6.927000
442.045	6.938000
442.36	6.938000
442.36	6.934000
442.676	6.934000
442.676	8.817000
443.028	8.817000
443.028	8.793000
443.38	8.793000
443.38	8.795000
443.73	8.795000
443.73	6.763000
444.082	6.763000
444.082	6.764000
444.435	6.764000
444.435	6.735000
444.787	6.735000
444.787	6.450000
445.105	6.450000
445.105	6.475000
445.423	6.475000
445.423	6.471000
445.741	6.471000
445.741	6.942000
446.094	6.942000
446.094	6.926000
446.446	6.926000
446.446	6.936000
446.799	6.936000
446.799	6.564000
447.118	6.564000
447.118	6.650000
447.437	6.650000
447.437	6.554000
447.756	6.554000
447.756	7.062000
448.109	7.062000
448.109	7.110000
448.461	7.110000
448.461	7.046000
448.814	7.046000
448.814	7.264000
449.13	7.264000
449.13	7.376000
449.446	7.376000
449.446	7.239000
449.762	7.239000
449.762	6.320000
450.081	6.320000
450.081	6.427000
450.399	6.427000
450.399	6.341000
450.718	6.341000
450.718	7.201000
451.068	7.201000
451.068	7.124000
451.419	7.124000
451.419	7.199000
451.77	7.199000
451.77	5.934000
452.089	5.934000
452.089	6.049000
452.406	6.049000
452.406	6.016000
452.725	6.016000
452.725	6.226000
453.043	6.226000
453.043	6.289000
453.361	6.289000
453.361	6.187000
453.678	6.187000
453.678	6.856000
453.996	6.856000
453.996	6.796000
454.313	6.796000
454.313	6.714000
454.63	6.714000
454.63	6.638000
454.948	6.638000
454.948	6.764000
455.266	6.764000
455.266	6.644000
455.585	6.644000
455.585	6.548000
455.904	6.548000
455.904	6.539000
456.219	6.539000
456.219	6.528000
456.538	6.528000
456.538	7.388000
456.855	7.388000
456.855	7.802000
457.174	7.802000
457.174	7.428000
457.493	7.428000
457.493	6.864000
457.812	6.864000
457.812	6.915000
458.131	6.915000
458.131	6.881000
458.448	6.881000
458.448	6.524000
458.766	6.524000
458.766	6.532000
459.084	6.532000
459.084	6.550000
459.402	6.550000
459.402	7.318000
459.756	7.318000
459.756	9.522000
460.107	9.522000
460.107	7.330000
460.461	7.330000
460.461	6.215000
460.778	6.215000
460.778	6.327000
461.096	6.327000
461.096	6.218000
461.415	6.218000
461.415	6.926000
461.733	6.926000
461.733	6.999000
462.051	6.999000
462.051	6.955000
462.368	6.955000
462.368	6.874000
462.72	6.874000
462.72	6.847000
463.074	6.847000
463.074	6.860000
463.425	6.860000
463.425	6.949000
463.744	6.949000
463.744	6.854000
464.062	6.854000
464.062	6.875000
464.38	6.875000
464.38	6.721000
464.698	6.721000
464.698	6.795000
465.015	6.795000
465.015	6.730000
465.333	6.730000
465.333	7.239000
465.651	7.239000
465.651	7.135000
465.967	7.135000
465.967	7.179000
466.284	7.179000
466.284	7.022000
466.603	7.022000
466.603	7.031000
466.92	7.031000
466.92	7.009000
467.237	7.009000
467.237	6.371000
467.556	6.371000
467.556	6.450000
467.871	6.450000
467.871	6.463000
468.189	6.463000
468.189	7.108000
468.505	7.108000
468.505	7.101000
468.821	7.101000
468.821	7.130000
469.14	7.130000
469.14	6.649000
469.458	6.649000
469.458	6.727000
469.775	6.727000
469.775	6.668000
470.093	6.668000
470.093	6.596000
470.41	6.596000
470.41	6.760000
470.727	6.760000
470.727	6.672000
471.045	6.672000
471.045	6.546000
471.362	6.546000
471.362	6.549000
471.68	6.549000
471.68	6.581000
471.997	6.581000
471.997	6.803000
472.315	6.803000
472.315	6.826000
472.634	6.826000
472.634	6.780000
472.952	6.780000
472.952	6.415000
473.27	6.415000
473.27	6.453000
473.587	6.453000
473.587	6.360000
473.906	6.360000
473.906	7.067000
474.224	7.067000
474.224	7.044000
474.543	7.044000
474.543	7.109000
474.861	7.109000
474.861	6.125000
475.18	6.125000
475.18	6.201000
475.499	6.201000
475.499	6.115000
475.817	6.115000
475.817	6.848000
476.135	6.848000
476.135	6.787000
476.454	6.787000
476.454	6.760000
476.772	6.760000
476.772	6.037000
477.09	6.037000
477.09	6.198000
477.409	6.198000
477.409	6.096000
477.726	6.096000
477.726	6.525000
478.044	6.525000
478.044	6.588000
478.361	6.588000
478.361	6.541000
478.679	6.541000
478.679	6.818000
478.996	6.818000
478.996	6.737000
479.313	6.737000
479.313	6.838000
479.631	6.838000
479.631	6.425000
479.949	6.425000
479.949	6.486000
480.265	6.486000
480.265	6.403000
480.583	6.403000
480.583	6.216000
480.901	6.216000
480.901	6.326000
481.219	6.326000
481.219	6.219000
481.537	6.219000
481.537	7.723000
481.854	7.723000
481.854	7.708000
482.172	7.708000
482.172	6.908000
482.491	6.908000
482.491	6.980000
482.809	6.980000
482.809	6.922000
483.128	6.922000
483.128	6.141000
483.447	6.141000
483.447	6.136000
483.764	6.136000
483.764	6.101000
484.083	6.101000
484.083	6.591000
484.4	6.591000
484.4	6.593000
484.719	6.593000
484.719	6.604000
485.036	6.604000
485.036	5.960000
485.355	5.960000
485.355	6.016000
485.673	6.016000
485.673	5.935000
485.989	5.935000
485.989	6.052000
486.308	6.052000
486.308	6.157000
486.625	6.157000
486.625	6.107000
486.942	6.107000
486.942	6.662000
487.26	6.662000
487.26	6.684000
487.578	6.684000
487.578	6.666000
487.897	6.666000
487.897	6.514000
488.216	6.514000
488.216	6.569000
488.534	6.569000
488.534	6.553000
488.853	6.553000
488.853	6.546000
489.172	6.546000
489.172	6.610000
489.489	6.610000
489.489	6.582000
489.808	6.582000
489.808	8.068000
490.123	8.068000
490.123	8.073000
490.441	8.073000
490.441	8.151000
490.759	8.151000
490.759	6.723000
491.108	6.723000
491.108	6.814000
491.46	6.814000
491.46	6.770000
491.81	6.770000
491.81	6.481000
492.129	6.481000
492.129	6.526000
492.447	6.526000
492.447	6.600000
492.766	6.600000
492.766	6.448000
493.116	6.448000
493.116	6.413000
493.466	6.413000
493.466	6.454000
493.818	6.454000
493.818	6.656000
494.172	6.656000
494.172	6.717000
494.526	6.717000
494.526	6.656000
494.879	6.656000
494.879	6.321000
495.197	6.321000
495.197	6.371000
495.516	6.371000
495.516	6.370000
495.834	6.370000
495.834	6.119000
496.153	6.119000
496.153	6.096000
496.47	6.096000
496.47	6.095000
496.789	6.095000
496.789	6.153000
497.108	6.153000
497.108	6.156000
497.426	6.156000
497.426	6.141000
497.745	6.141000
497.745	6.484000
498.064	6.484000
498.064	6.523000
498.383	6.523000
498.383	6.494000
498.702	6.494000
498.702	8.801000
499.019	8.801000
499.019	8.792000
499.338	8.792000
499.338	6.764000
499.692	6.764000
499.692	6.851000
500.046	6.851000
500.046	6.772000
500.397	6.772000
500.397	6.329000
500.716	6.329000
500.716	6.388000
501.032	6.388000
501.032	6.332000
501.351	6.332000
501.351	6.480000
501.667	6.480000
501.667	6.439000
501.983	6.439000
501.983	6.379000
502.299	6.379000
502.299	6.261000
502.617	6.261000
502.617	6.280000
502.934	6.280000
502.934	6.224000
503.253	6.224000
503.253	7.178000
503.606	7.178000
503.606	7.209000
503.957	7.209000
503.957	7.191000
504.31	7.191000
504.31	8.808000
504.662	8.808000
504.662	8.786000
505.012	8.786000
505.012	6.485000
505.329	6.485000
505.329	6.617000
505.646	6.617000
505.646	6.469000
505.963	6.469000
505.963	7.021000
506.317	7.021000
506.317	7.002000
506.67	7.002000
506.67	7.025000
507.024	7.025000
507.024	6.732000
507.342	6.732000
507.342	6.773000
507.659	6.773000
507.659	6.727000
507.978	6.727000
507.978	6.792000
508.255	6.792000
508.255	6.807000
508.532	6.807000
508.532	6.788000
508.809	6.788000
508.809	6.888000
509.161	6.888000
509.161	6.646000
509.514	6.646000
509.514	6.834000
509.864	6.834000
509.864	6.507000
510.182	6.507000
510.182	6.573000
510.497	6.573000
510.497	6.506000
510.816	6.506000
510.816	7.687000
511.132	7.687000
511.132	7.777000
511.448	7.777000
511.448	7.691000
511.764	7.691000
511.764	9.646000
512.113	9.646000
512.113	9.642000
512.46	9.642000
512.46	9.564000
512.804	9.564000
512.804	9.449000
513.121	9.449000
513.121	9.202000
513.435	9.202000
513.435	9.399000
513.751	9.399000
513.751	6.765000
514.029	6.765000
514.029	6.758000
514.306	6.758000
514.306	6.644000
514.584	6.644000
514.584	6.780000
514.902	6.780000
514.902	6.676000
515.22	6.676000
515.22	6.708000
515.536	6.708000
515.536	6.207000
515.833	6.207000
515.833	6.311000
516.13	6.311000
516.13	6.230000
516.427	6.230000
