0.0	8.688000
0.317	8.688000
0.317	9.225000
0.631	9.225000
0.631	8.861000
0.947	8.861000
0.947	8.898000
1.3	8.898000
1.3	9.247000
1.652	9.247000
1.652	9.474000
2.002	9.474000
2.002	9.904000
2.317	9.904000
2.317	9.225000
2.634	9.225000
2.634	9.403000
2.95	9.403000
2.95	9.992000
3.267	9.992000
3.267	9.556000
3.585	9.556000
3.585	9.447000
3.902	9.447000
3.902	9.746000
4.219	9.746000
4.219	9.210000
4.536	9.210000
4.536	8.767000
4.852	8.767000
4.852	9.425000
5.168	9.425000
5.168	9.176000
5.48	9.176000
5.48	8.941000
5.797	8.941000
5.797	9.418000
6.115	9.418000
6.115	9.834000
6.433	9.834000
6.433	9.823000
6.75	9.823000
6.75	9.436000
7.068	9.436000
7.068	9.555000
7.386	9.555000
7.386	9.632000
7.704	9.632000
7.704	9.594000
8.019	9.594000
8.019	9.550000
8.37	9.550000
8.37	9.112000
8.722	9.112000
8.722	8.951000
9.039	8.951000
9.039	9.882000
9.356	9.882000
9.356	8.731000
9.671	8.731000
9.671	9.641000
10.024	9.641000
10.024	9.737000
10.377	9.737000
10.377	9.645000
10.73	9.645000
10.73	9.201000
11.046	9.201000
11.046	9.612000
11.363	9.612000
11.363	9.237000
11.68	9.237000
11.68	8.582000
12.031	8.582000
12.031	8.261000
12.384	8.261000
12.384	8.683000
12.736	8.683000
12.736	9.569000
13.088	9.569000
13.088	8.689000
13.44	8.689000
13.44	8.566000
13.791	8.566000
13.791	8.985000
14.144	8.985000
14.144	9.539000
14.496	9.539000
14.496	9.373000
14.848	9.373000
14.848	9.892000
15.164	9.892000
15.164	9.192000
15.482	9.192000
15.482	9.706000
15.798	9.706000
15.798	9.025000
16.113	9.025000
16.113	9.932000
16.467	9.932000
16.467	8.565000
16.821	8.565000
16.821	9.876000
17.137	9.876000
17.137	8.929000
17.455	8.929000
17.455	8.524000
17.773	8.524000
17.773	9.339000
18.09	9.339000
18.09	9.624000
18.407	9.624000
18.407	8.534000
18.722	8.534000
18.722	9.209000
19.039	9.209000
19.039	8.677000
19.356	8.677000
19.356	9.344000
19.674	9.344000
19.674	9.360000
19.989	9.360000
19.989	9.542000
20.307	9.542000
20.307	9.274000
20.623	9.274000
20.623	9.424000
20.941	9.424000
20.941	9.815000
21.257	9.815000
21.257	9.733000
21.61	9.733000
21.61	9.271000
21.96	9.271000
21.96	9.852000
22.312	9.852000
22.312	9.230000
22.661	9.230000
22.661	9.668000
23.014	9.668000
23.014	9.560000
23.365	9.560000
23.365	9.164000
23.717	9.164000
23.717	9.733000
24.07	9.733000
24.07	7.930000
24.387	7.930000
24.387	8.670000
24.704	8.670000
24.704	7.044000
25.02	7.044000
25.02	8.933000
25.338	8.933000
25.338	9.682000
25.656	9.682000
25.656	8.632000
25.973	8.632000
25.973	9.566000
26.29	9.566000
26.29	8.991000
26.606	8.991000
26.606	8.848000
26.922	8.848000
26.922	9.243000
27.239	9.243000
27.239	9.105000
27.555	9.105000
27.555	9.815000
27.869	9.815000
27.869	9.740000
28.187	9.740000
28.187	9.335000
28.504	9.335000
28.504	9.884000
28.822	9.884000
28.822	8.780000
29.173	8.780000
29.173	9.213000
29.525	9.213000
29.525	8.103000
29.877	8.103000
29.877	9.421000
30.23	9.421000
30.23	9.655000
30.583	9.655000
30.583	9.206000
30.901	9.206000
30.901	9.732000
31.218	9.732000
31.218	8.793000
31.533	8.793000
31.533	8.574000
31.887	8.574000
31.887	9.931000
32.241	9.931000
32.241	8.245000
32.595	8.245000
32.595	8.728000
32.913	8.728000
32.913	9.279000
33.232	9.279000
33.232	9.667000
33.551	9.667000
33.551	9.073000
33.869	9.073000
33.869	9.973000
34.178	9.973000
34.178	9.046000
34.495	9.046000
34.495	9.965000
34.813	9.965000
34.813	9.203000
35.13	9.203000
35.13	9.750000
35.448	9.750000
35.448	9.692000
35.765	9.692000
35.765	9.329000
36.083	9.329000
36.083	9.236000
36.433	9.236000
36.433	9.392000
36.751	9.392000
36.751	9.522000
37.067	9.522000
37.067	9.138000
37.385	9.138000
37.385	9.897000
37.7	9.897000
37.7	8.598000
38.018	8.598000
38.018	8.670000
38.335	8.670000
38.335	9.054000
38.652	9.054000
38.652	8.782000
38.969	8.782000
38.969	8.964000
39.322	8.964000
39.322	9.250000
39.674	9.250000
39.674	8.412000
40.024	8.412000
40.024	9.995000
40.342	9.995000
40.342	9.337000
40.658	9.337000
40.658	9.399000
40.974	9.399000
40.974	9.754000
41.251	9.754000
41.251	9.717000
41.527	9.717000
41.527	9.764000
41.803	9.764000
41.803	9.772000
42.12	9.772000
42.12	9.227000
42.438	9.227000
42.438	9.485000
42.755	9.485000
42.755	9.685000
43.072	9.685000
43.072	9.596000
43.389	9.596000
43.389	9.090000
43.706	9.090000
43.706	9.488000
44.057	9.488000
44.057	9.951000
44.41	9.951000
44.41	9.544000
44.763	9.544000
44.763	8.754000
45.08	8.754000
45.08	9.222000
45.397	9.222000
45.397	8.254000
45.714	8.254000
45.714	7.674000
46.031	7.674000
46.031	7.754000
46.348	7.754000
46.348	7.025000
46.664	7.025000
46.664	9.583000
46.981	9.583000
46.981	9.924000
47.298	9.924000
47.298	8.863000
47.651	8.863000
47.651	9.321000
48.004	9.321000
48.004	8.920000
48.356	8.920000
48.356	9.691000
48.673	9.691000
48.673	8.944000
49.024	8.944000
49.024	9.419000
49.376	9.419000
49.376	8.637000
49.727	8.637000
49.727	9.683000
50.044	9.683000
50.044	8.784000
50.357	8.784000
50.357	9.709000
50.707	9.709000
50.707	8.881000
51.023	8.881000
51.023	8.585000
51.339	8.585000
51.339	9.462000
51.656	9.462000
51.656	9.268000
51.973	9.268000
51.973	8.774000
52.289	8.774000
52.289	9.326000
52.606	9.326000
52.606	9.927000
52.924	9.927000
52.924	9.559000
53.241	9.559000
53.241	9.686000
53.592	9.686000
53.592	9.868000
53.945	9.868000
53.945	9.952000
54.298	9.952000
54.298	8.827000
54.616	8.827000
54.616	9.634000
54.934	9.634000
54.934	8.501000
55.251	8.501000
55.251	8.801000
55.568	8.801000
55.568	8.778000
55.885	8.778000
55.885	8.389000
56.187	8.389000
56.187	8.017000
56.49	8.017000
56.49	8.794000
56.793	8.794000
56.793	9.291000
57.106	9.291000
57.106	8.917000
57.422	8.917000
57.422	9.802000
57.74	9.802000
57.74	8.547000
58.017	8.547000
58.017	8.239000
58.293	8.239000
58.293	9.245000
58.57	9.245000
58.57	9.172000
58.888	9.172000
58.888	9.137000
59.205	9.137000
59.205	9.622000
59.523	9.622000
59.523	9.390000
59.84	9.390000
59.84	9.558000
60.158	9.558000
60.158	9.056000
60.474	9.056000
60.474	9.494000
60.79	9.494000
60.79	9.913000
61.108	9.913000
61.108	9.840000
61.457	9.840000
61.457	9.780000
61.808	9.780000
61.808	9.570000
62.159	9.570000
62.159	9.246000
62.476	9.246000
62.476	9.022000
62.791	9.022000
62.791	8.490000
63.109	8.490000
63.109	9.871000
63.425	9.871000
63.425	9.326000
63.777	9.326000
63.777	9.703000
64.129	9.703000
64.129	9.739000
64.482	9.739000
64.482	8.468000
64.8	8.468000
64.8	9.929000
65.118	9.929000
65.118	8.263000
65.436	8.263000
65.436	8.611000
65.789	8.611000
65.789	9.652000
66.142	9.652000
66.142	8.962000
66.495	8.962000
66.495	9.363000
66.81	9.363000
66.81	8.794000
67.163	8.794000
67.163	9.254000
67.516	9.254000
67.516	7.861000
67.869	7.861000
67.869	9.911000
68.182	9.911000
68.182	9.209000
68.499	9.209000
68.499	8.763000
68.817	8.763000
68.817	9.236000
69.134	9.236000
69.134	8.531000
69.452	8.531000
69.452	9.475000
69.805	9.475000
69.805	9.253000
70.155	9.253000
70.155	9.611000
70.469	9.611000
70.469	9.458000
70.786	9.458000
70.786	9.559000
71.103	9.559000
71.103	9.953000
71.421	9.953000
71.421	9.909000
71.736	9.909000
71.736	9.837000
72.089	9.837000
72.089	9.433000
72.439	9.433000
72.439	9.672000
72.755	9.672000
72.755	9.071000
73.072	9.071000
73.072	9.261000
73.39	9.261000
73.39	9.586000
73.707	9.586000
73.707	9.934000
74.024	9.934000
74.024	9.253000
74.335	9.253000
74.335	9.011000
74.653	9.011000
74.653	9.494000
75.006	9.494000
75.006	8.770000
75.358	8.770000
75.358	9.506000
75.711	9.506000
75.711	9.140000
76.055	9.140000
76.055	9.349000
76.407	9.349000
76.407	9.028000
76.758	9.028000
76.758	9.851000
77.076	9.851000
77.076	9.378000
77.393	9.378000
77.393	9.701000
77.711	9.701000
77.711	8.846000
78.029	8.846000
78.029	9.900000
78.347	9.900000
78.347	9.313000
78.664	9.313000
78.664	9.776000
78.981	9.776000
78.981	9.480000
79.299	9.480000
79.299	9.426000
79.617	9.426000
79.617	8.904000
79.935	8.904000
79.935	9.373000
80.253	9.373000
80.253	9.200000
80.569	9.200000
80.569	8.843000
80.88	8.843000
80.88	9.561000
81.198	9.561000
81.198	9.022000
81.516	9.022000
81.516	9.008000
81.833	9.008000
81.833	9.455000
82.15	9.455000
82.15	9.231000
82.502	9.231000
82.502	9.614000
82.855	9.614000
82.855	9.949000
83.206	9.949000
83.206	8.818000
83.524	8.818000
83.524	8.650000
83.84	8.650000
83.84	8.545000
84.155	8.545000
84.155	9.087000
84.47	9.087000
84.47	9.525000
84.785	9.525000
84.785	9.213000
85.102	9.213000
85.102	8.969000
85.416	8.969000
85.416	9.145000
85.732	9.145000
85.732	9.885000
86.084	9.885000
86.084	9.229000
86.436	9.229000
86.436	9.093000
86.788	9.093000
86.788	9.761000
87.105	9.761000
87.105	9.465000
87.42	9.465000
87.42	9.673000
87.738	9.673000
87.738	9.517000
88.056	9.517000
88.056	9.536000
88.368	9.536000
88.368	9.139000
88.686	9.139000
88.686	9.691000
89.004	9.691000
89.004	9.546000
89.322	9.546000
89.322	9.633000
89.638	9.633000
89.638	8.451000
89.955	8.451000
89.955	8.690000
90.271	8.690000
90.271	9.896000
90.589	9.896000
90.589	9.862000
90.903	9.862000
90.903	9.779000
91.221	9.779000
91.221	8.545000
91.538	8.545000
91.538	8.575000
91.856	8.575000
91.856	9.478000
92.174	9.478000
92.174	9.862000
92.492	9.862000
92.492	8.747000
92.806	8.747000
92.806	9.604000
93.159	9.604000
93.159	9.327000
93.51	9.327000
93.51	9.884000
93.863	9.884000
93.863	9.603000
94.183	9.603000
94.183	9.984000
94.503	9.984000
94.503	9.501000
94.855	9.501000
94.855	9.842000
95.206	9.842000
95.206	9.316000
95.559	9.316000
95.559	9.981000
95.869	9.981000
95.869	9.340000
96.186	9.340000
96.186	9.762000
96.502	9.762000
96.502	9.601000
96.819	9.601000
96.819	9.669000
97.134	9.669000
97.134	9.827000
97.452	9.827000
97.452	9.408000
97.77	9.408000
97.77	9.753000
98.123	9.753000
98.123	9.478000
98.476	9.478000
98.476	9.100000
98.829	9.100000
98.829	9.535000
99.147	9.535000
99.147	9.250000
99.464	9.250000
99.464	9.928000
99.782	9.928000
99.782	9.917000
100.1	9.917000
100.1	9.476000
100.452	9.476000
100.452	9.882000
100.805	9.882000
100.805	9.894000
101.158	9.894000
101.158	9.289000
101.511	9.289000
101.511	9.832000
101.828	9.832000
101.828	9.790000
102.181	9.790000
102.181	9.861000
102.533	9.861000
102.533	9.149000
102.885	9.149000
102.885	9.364000
103.202	9.364000
103.202	9.425000
103.555	9.425000
103.555	9.047000
103.906	9.047000
103.906	9.809000
104.259	9.809000
104.259	9.121000
104.611	9.121000
104.611	9.088000
104.961	9.088000
104.961	9.543000
105.278	9.543000
105.278	9.975000
105.596	9.975000
105.596	9.947000
105.947	9.947000
105.947	9.535000
106.264	9.535000
106.264	8.825000
106.581	8.825000
106.581	9.541000
106.899	9.541000
106.899	9.750000
107.217	9.750000
107.217	9.302000
107.534	9.302000
107.534	9.905000
107.851	9.905000
107.851	8.712000
108.168	8.712000
108.168	8.390000
108.485	8.390000
108.485	9.359000
108.801	9.359000
108.801	8.175000
109.118	8.175000
109.118	9.337000
109.47	9.337000
109.47	8.541000
109.819	8.541000
109.819	8.465000
110.171	8.465000
110.171	9.811000
110.487	9.811000
110.487	9.946000
110.763	9.946000
110.763	9.327000
111.08	9.327000
111.08	9.613000
111.397	9.613000
111.397	8.923000
111.714	8.923000
