0.0	6.595000
0.262	6.595000
0.262	5.529000
0.524	5.529000
0.524	5.629000
0.786	5.629000
0.786	3.978000
1.117	3.978000
1.117	4.887000
1.448	4.887000
1.448	4.313000
1.779	4.313000
1.779	2.882000
2.132	2.882000
2.132	2.920000
2.485	2.920000
2.485	2.543000
2.838	2.543000
2.838	6.816000
3.145	6.816000
3.145	5.605000
3.452	5.605000
3.452	6.079000
3.75	6.079000
3.75	4.390000
4.075	4.390000
4.075	3.951000
4.4	3.951000
4.4	4.454000
4.725	4.454000
4.725	3.902000
5.169	3.902000
5.169	3.330000
5.613	3.330000
5.613	3.508000
6.057	3.508000
6.057	6.395000
6.366	6.395000
6.366	6.036000
6.676	6.036000
6.676	5.787000
6.986	5.787000
6.986	4.256000
7.323	4.256000
7.323	4.896000
7.66	4.896000
7.66	4.111000
7.997	4.111000
7.997	3.862000
8.347	3.862000
8.347	4.290000
8.697	4.290000
8.697	3.623000
9.047	3.623000
9.047	5.355000
9.352	5.355000
9.352	6.200000
9.657	6.200000
9.657	5.684000
9.962	5.684000
9.962	2.907000
10.315	2.907000
10.315	3.085000
10.667	3.085000
10.667	1.989000
11.02	1.989000
11.02	4.299000
11.363	4.299000
11.363	3.765000
11.706	3.765000
11.706	4.155000
12.049	4.155000
12.049	6.517000
12.353	6.517000
12.353	6.083000
12.657	6.083000
12.657	6.098000
12.961	6.098000
12.961	4.309000
13.295	4.309000
13.295	3.553000
13.629	3.553000
13.629	3.776000
13.963	3.776000
13.963	3.920000
14.308	3.920000
14.308	4.575000
14.653	4.575000
14.653	3.673000
14.998	3.673000
14.998	5.559000
15.328	5.559000
15.328	5.371000
15.658	5.371000
15.658	5.374000
15.988	5.374000
15.988	4.363000
16.318	4.363000
16.318	3.954000
16.647	3.954000
16.647	4.490000
16.977	4.490000
16.977	3.445000
17.329	3.445000
17.329	2.756000
17.681	2.756000
17.681	2.890000
18.033	2.890000
18.033	6.393000
18.36	6.393000
18.36	5.778000
18.687	5.778000
18.687	5.648000
19.014	5.648000
19.014	3.583000
19.365	3.583000
19.365	3.459000
19.716	3.459000
19.716	2.702000
20.067	2.702000
20.067	4.055000
20.414	4.055000
20.414	3.660000
20.761	3.660000
20.761	4.074000
21.108	4.074000
21.108	5.855000
21.419	5.855000
21.419	5.621000
21.73	5.621000
21.73	5.826000
22.041	5.826000
22.041	3.881000
22.361	3.881000
22.361	3.735000
22.681	3.735000
22.681	4.350000
23.001	4.350000
23.001	4.917000
23.354	4.917000
23.354	4.674000
23.707	4.674000
23.707	4.390000
24.06	4.390000
24.06	6.341000
24.48	6.341000
24.48	6.188000
24.9	6.188000
24.9	6.176000
25.32	6.176000
25.32	4.263000
25.655	4.263000
25.655	3.656000
25.99	3.656000
25.99	3.762000
26.325	3.762000
26.325	3.534000
26.663	3.534000
26.663	4.045000
27.0	4.045000
27.0	3.136000
27.338	3.136000
27.338	5.908000
27.638	5.908000
27.638	5.674000
27.938	5.674000
27.938	5.448000
28.238	5.448000
28.238	4.155000
28.578	4.155000
28.578	4.230000
28.918	4.230000
28.918	4.009000
29.258	4.009000
29.258	4.383000
29.595	4.383000
29.595	4.151000
29.932	4.151000
29.932	4.295000
30.269	4.295000
30.269	5.248000
30.584	5.248000
30.584	5.744000
30.899	5.744000
30.899	5.745000
31.214	5.745000
31.214	3.311000
31.556	3.311000
31.556	2.762000
31.898	2.762000
31.898	3.656000
32.239	3.656000
32.239	3.285000
32.58	3.285000
32.58	3.651000
32.921	3.651000
32.921	2.795000
33.262	2.795000
33.262	6.729000
33.573	6.729000
33.573	6.069000
33.884	6.069000
33.884	6.148000
34.195	6.148000
34.195	4.093000
34.547	4.093000
34.547	3.630000
34.899	3.630000
34.899	3.244000
35.251	3.244000
35.251	3.764000
35.58	3.764000
35.58	4.045000
35.909	4.045000
35.909	4.354000
36.238	4.354000
36.238	6.335000
36.553	6.335000
36.553	5.501000
36.869	5.501000
36.869	5.314000
37.185	5.314000
37.185	3.817000
37.519	3.817000
37.519	4.069000
37.853	4.069000
37.853	3.399000
38.187	3.399000
38.187	3.016000
38.639	3.016000
38.639	3.005000
39.091	3.005000
39.091	2.437000
39.543	2.437000
39.543	6.219000
39.855	6.219000
39.855	6.042000
40.167	6.042000
40.167	5.503000
40.479	5.503000
40.479	4.027000
40.813	4.027000
40.813	3.504000
41.147	3.504000
41.147	4.021000
41.481	4.021000
41.481	3.647000
41.833	3.647000
41.833	3.735000
42.185	3.735000
42.185	2.927000
42.537	2.927000
42.537	6.392000
42.835	6.392000
42.835	6.110000
43.133	6.110000
43.133	6.228000
43.431	6.228000
43.431	3.756000
43.738	3.756000
43.738	4.108000
44.045	4.108000
44.045	3.232000
44.352	3.232000
44.352	3.832000
44.68	3.832000
44.68	3.847000
45.008	3.847000
45.008	4.558000
45.336	4.558000
45.336	5.968000
45.657	5.968000
45.657	5.936000
45.977	5.936000
45.977	5.811000
46.297	5.811000
46.297	3.719000
46.599	3.719000
46.599	3.935000
46.901	3.935000
46.901	4.200000
47.203	4.200000
47.203	5.006000
47.534	5.006000
47.534	5.507000
47.865	5.507000
47.865	4.838000
48.196	4.838000
48.196	6.443000
48.519	6.443000
48.519	5.517000
48.842	5.517000
48.842	5.572000
49.165	5.572000
49.165	4.089000
49.499	4.089000
49.499	3.338000
49.833	3.338000
49.833	3.595000
50.166	3.595000
50.166	4.206000
50.508	4.206000
50.508	3.587000
50.85	3.587000
50.85	3.743000
51.191	3.743000
51.191	5.487000
51.523	5.487000
51.523	5.208000
51.855	5.208000
51.855	5.326000
52.187	5.326000
52.187	4.243000
52.517	4.243000
52.517	3.362000
52.847	3.362000
52.847	4.005000
53.177	4.005000
53.177	3.531000
53.514	3.531000
53.514	3.313000
53.851	3.313000
53.851	3.511000
54.188	3.511000
54.188	5.874000
54.488	5.874000
54.488	5.298000
54.788	5.298000
54.788	5.741000
55.088	5.741000
55.088	3.908000
55.439	3.908000
55.439	3.195000
55.79	3.195000
55.79	3.855000
56.141	3.855000
56.141	4.139000
56.485	4.139000
56.485	4.560000
56.829	4.560000
56.829	4.071000
57.173	4.071000
57.173	4.797000
57.498	4.797000
57.498	5.298000
57.823	5.298000
57.823	4.344000
58.148	4.344000
58.148	6.688000
58.441	6.688000
58.441	6.261000
58.734	6.261000
58.734	6.261000
59.027	6.261000
59.027	4.257000
59.359	4.257000
59.359	4.801000
59.691	4.801000
59.691	3.937000
60.023	3.937000
60.023	4.225000
60.358	4.225000
60.358	5.091000
60.693	5.091000
60.693	4.045000
61.028	4.045000
61.028	6.544000
61.364	6.544000
61.364	6.012000
61.7	6.012000
61.7	5.894000
62.036	5.894000
62.036	4.398000
62.378	4.398000
62.378	3.474000
62.721	3.474000
62.721	3.914000
63.064	3.914000
63.064	3.349000
63.409	3.349000
63.409	3.592000
63.754	3.592000
63.754	2.720000
64.099	2.720000
64.099	6.726000
64.42	6.726000
64.42	5.897000
64.741	5.897000
64.741	5.873000
65.062	5.873000
65.062	4.055000
65.407	4.055000
65.407	3.942000
65.752	3.942000
65.752	4.455000
66.097	4.455000
66.097	3.078000
66.447	3.078000
66.447	3.364000
66.797	3.364000
66.797	2.500000
67.147	2.500000
67.147	6.754000
67.465	6.754000
67.465	5.920000
67.783	5.920000
67.783	6.124000
68.101	6.124000
68.101	4.145000
68.45	4.145000
68.45	4.408000
68.799	4.408000
68.799	3.552000
69.148	3.552000
69.148	4.404000
69.465	4.404000
69.465	5.150000
69.782	5.150000
69.782	4.046000
70.099	4.046000
70.099	6.998000
70.417	6.998000
70.417	5.277000
70.735	5.277000
70.735	5.251000
71.053	5.251000
71.053	4.150000
71.391	4.150000
71.391	4.771000
71.729	4.771000
71.729	3.923000
72.067	3.923000
72.067	3.928000
72.408	3.928000
72.408	4.315000
72.749	4.315000
72.749	3.974000
73.09	3.974000
73.09	5.309000
73.358	5.309000
73.358	5.257000
73.626	5.257000
73.626	5.436000
73.894	5.436000
73.894	4.572000
74.224	4.572000
74.224	4.750000
74.554	4.750000
74.554	4.250000
74.884	4.250000
74.884	3.803000
75.237	3.803000
75.237	3.773000
75.59	3.773000
75.59	3.286000
75.943	3.286000
75.943	6.159000
76.242	6.159000
76.242	5.961000
76.541	5.961000
76.541	6.179000
76.84	6.179000
76.84	4.322000
77.171	4.322000
77.171	5.004000
77.502	5.004000
77.502	3.737000
77.833	3.737000
77.833	4.006000
78.165	4.006000
78.165	3.822000
78.497	3.822000
78.497	4.021000
78.829	4.021000
78.829	6.267000
79.145	6.267000
79.145	6.298000
79.461	6.298000
79.461	6.196000
79.777	6.196000
79.777	4.089000
80.113	4.089000
80.113	3.707000
80.449	3.707000
80.449	4.014000
80.785	4.014000
80.785	3.794000
81.136	3.794000
81.136	3.846000
81.487	3.846000
81.487	3.193000
81.838	3.193000
81.838	6.236000
82.153	6.236000
82.153	5.787000
82.468	5.787000
82.468	5.569000
82.783	5.569000
82.783	3.657000
83.12	3.657000
83.12	3.349000
83.457	3.349000
83.457	3.567000
83.794	3.567000
83.794	3.433000
84.14	3.433000
84.14	3.370000
84.485	3.370000
84.485	2.551000
84.831	2.551000
84.831	6.598000
85.143	6.598000
85.143	6.576000
85.455	6.576000
85.455	6.418000
85.767	6.418000
85.767	3.928000
86.108	3.928000
86.108	4.538000
86.449	4.538000
86.449	3.493000
86.79	3.493000
86.79	4.465000
87.129	4.465000
87.129	4.353000
87.468	4.353000
87.468	3.880000
87.807	3.880000
87.807	5.576000
88.131	5.576000
88.131	5.741000
88.455	5.741000
88.455	5.707000
88.779	5.707000
88.779	4.464000
89.104	4.464000
89.104	4.778000
89.429	4.778000
89.429	3.968000
89.754	3.968000
89.754	4.393000
90.099	4.393000
90.099	4.591000
90.444	4.591000
90.444	4.014000
90.789	4.014000
90.789	7.020000
91.113	7.020000
91.113	6.033000
91.437	6.033000
91.437	6.014000
91.761	6.014000
91.761	4.117000
92.106	4.117000
92.106	4.125000
92.451	4.125000
92.451	3.680000
92.796	3.680000
92.796	4.625000
93.133	4.625000
93.133	4.974000
93.47	4.974000
93.47	4.416000
93.807	4.416000
93.807	6.440000
94.112	6.440000
94.112	6.201000
94.416	6.201000
94.416	6.122000
94.72	6.122000
94.72	3.828000
95.061	3.828000
95.061	4.178000
95.402	4.178000
95.402	3.317000
95.743	3.317000
95.743	4.405000
96.096	4.405000
96.096	4.201000
96.449	4.201000
96.449	4.213000
96.802	4.213000
96.802	6.532000
97.114	6.532000
97.114	5.577000
97.425	5.577000
97.425	5.354000
97.736	5.354000
97.736	4.577000
98.089	4.577000
98.089	4.705000
98.441	4.705000
98.441	4.329000
98.794	4.329000
98.794	4.220000
99.136	4.220000
99.136	5.038000
99.478	5.038000
99.478	3.954000
99.819	3.954000
99.819	5.991000
100.145	5.991000
100.145	5.556000
100.471	5.556000
100.471	5.475000
100.797	5.475000
100.797	3.726000
101.138	3.726000
101.138	4.530000
101.478	4.530000
101.478	3.686000
101.818	3.686000
101.818	4.117000
102.137	4.117000
102.137	3.324000
102.456	3.324000
102.456	3.915000
102.775	3.915000
102.775	6.284000
103.101	6.284000
103.101	6.120000
103.427	6.120000
103.427	6.149000
103.753	6.149000
103.753	3.558000
104.094	3.558000
104.094	3.343000
104.435	3.343000
104.435	3.212000
104.776	3.212000
104.776	3.987000
105.106	3.987000
105.106	4.373000
105.435	4.373000
105.435	3.171000
105.765	3.171000
105.765	6.368000
106.072	6.368000
106.072	5.699000
106.379	5.699000
106.379	5.948000
106.686	5.948000
106.686	4.043000
107.022	4.043000
107.022	3.367000
107.358	3.367000
107.358	3.925000
107.694	3.925000
107.694	4.604000
108.04	4.604000
108.04	5.490000
108.385	5.490000
108.385	4.685000
108.731	4.685000
108.731	5.811000
109.045	5.811000
109.045	5.587000
109.359	5.587000
109.359	5.706000
109.673	5.706000
109.673	4.042000
110.026	4.042000
110.026	4.064000
110.379	4.064000
110.379	3.008000
110.732	3.008000
110.732	4.275000
111.082	4.275000
111.082	4.632000
111.432	4.632000
111.432	4.150000
111.782	4.150000
111.782	6.639000
112.064	6.639000
112.064	6.498000
112.346	6.498000
112.346	6.663000
112.628	6.663000
112.628	3.876000
112.97	3.876000
112.97	3.937000
113.312	3.937000
113.312	3.863000
113.654	3.863000
113.654	4.476000
113.981	4.476000
113.981	3.595000
114.308	3.595000
114.308	3.927000
114.635	3.927000
114.635	6.746000
114.935	6.746000
114.935	6.143000
115.235	6.143000
115.235	6.344000
115.535	6.344000
115.535	3.626000
115.884	3.626000
115.884	3.815000
116.233	3.815000
116.233	3.316000
116.582	3.316000
116.582	4.193000
116.92	4.193000
116.92	4.816000
117.258	4.816000
117.258	3.644000
117.596	3.644000
117.596	6.380000
117.919	6.380000
117.919	6.088000
118.242	6.088000
118.242	6.115000
118.565	6.115000
118.565	3.977000
118.902	3.977000
118.902	4.793000
119.239	4.793000
119.239	3.656000
119.576	3.656000
119.576	4.899000
119.923	4.899000
119.923	4.825000
120.271	4.825000
120.271	4.256000
120.619	4.256000
120.619	5.925000
120.939	5.925000
120.939	5.811000
121.259	5.811000
121.259	5.747000
121.579	5.747000
121.579	3.145000
121.922	3.145000
121.922	3.255000
122.265	3.255000
122.265	3.188000
122.608	3.188000
122.608	4.096000
122.945	4.096000
122.945	4.480000
123.282	4.480000
123.282	3.995000
123.619	3.995000
123.619	3.002000
123.96	3.002000
123.96	3.570000
124.301	3.570000
124.301	2.963000
124.642	2.963000
124.642	3.001000
124.995	3.001000
124.995	2.295000
125.348	2.295000
125.348	2.611000
125.701	2.611000
125.701	3.796000
126.047	3.796000
126.047	3.468000
126.393	3.468000
126.393	3.864000
126.739	3.864000
126.739	6.290000
127.055	6.290000
127.055	5.889000
127.371	5.889000
127.371	5.739000
127.687	5.739000
127.687	4.400000
128.014	4.400000
128.014	4.446000
128.341	4.446000
128.341	3.831000
128.668	3.831000
128.668	3.973000
129.002	3.973000
129.002	3.810000
129.336	3.810000
129.336	3.820000
129.67	3.820000
129.67	6.343000
129.993	6.343000
129.993	6.132000
130.316	6.132000
130.316	5.837000
130.639	5.837000
130.639	5.120000
130.989	5.120000
130.989	4.407000
131.339	4.407000
131.339	4.651000
131.689	4.651000
131.689	4.417000
132.011	4.417000
132.011	3.992000
132.333	3.992000
132.333	4.441000
132.655	4.441000
132.655	6.148000
132.971	6.148000
132.971	6.004000
133.287	6.004000
133.287	5.850000
133.603	5.850000
133.603	3.470000
133.948	3.470000
133.948	3.605000
134.293	3.605000
134.293	3.386000
134.637	3.386000
134.637	4.195000
134.99	4.195000
134.99	4.395000
135.343	4.395000
135.343	4.019000
135.696	4.019000
135.696	5.963000
136.015	5.963000
136.015	6.053000
136.334	6.053000
136.334	5.538000
136.653	5.538000
136.653	3.806000
136.975	3.806000
136.975	4.361000
137.297	4.361000
137.297	3.732000
137.619	3.732000
137.619	3.899000
137.956	3.899000
137.956	3.800000
138.293	3.800000
138.293	4.177000
138.63	4.177000
138.63	6.381000
138.926	6.381000
138.926	5.990000
139.222	5.990000
139.222	5.758000
139.518	5.758000
139.518	4.045000
139.845	4.045000
139.845	3.719000
140.172	3.719000
140.172	4.515000
140.499	4.515000
140.499	4.120000
140.827	4.120000
140.827	4.973000
141.155	4.973000
141.155	3.983000
141.483	3.983000
141.483	6.010000
141.798	6.010000
141.798	5.489000
142.113	5.489000
142.113	5.391000
142.428	5.391000
142.428	3.880000
142.781	3.880000
142.781	4.245000
143.134	4.245000
143.134	3.520000
143.487	3.520000
143.487	5.415000
143.793	5.415000
143.793	5.556000
144.099	5.556000
144.099	5.552000
144.405	5.552000
144.405	4.563000
144.753	4.563000
144.753	4.937000
145.101	4.937000
145.101	4.160000
145.449	4.160000
145.449	4.515000
145.781	4.515000
145.781	5.198000
146.113	5.198000
146.113	4.503000
146.445	4.503000
146.445	5.968000
146.756	5.968000
146.756	5.812000
147.067	5.812000
147.067	5.803000
147.378	5.803000
147.378	3.852000
147.719	3.852000
147.719	4.347000
148.06	4.347000
148.06	3.846000
148.401	3.846000
148.401	3.878000
148.75	3.878000
148.75	3.713000
149.099	3.713000
149.099	4.118000
149.448	4.118000
149.448	5.814000
149.765	5.814000
149.765	6.416000
150.082	6.416000
150.082	6.237000
150.399	6.237000
150.399	4.306000
150.741	4.306000
150.741	3.593000
151.083	3.593000
151.083	4.478000
151.425	4.478000
151.425	3.800000
151.757	3.800000
151.757	4.238000
152.09	4.238000
152.09	3.504000
152.423	3.504000
152.423	6.151000
152.757	6.151000
152.757	5.466000
153.092	5.466000
153.092	5.514000
153.427	5.514000
153.427	4.948000
153.78	4.948000
153.78	4.878000
154.133	4.878000
154.133	4.152000
154.486	4.152000
154.486	3.238000
154.938	3.238000
154.938	3.534000
155.39	3.534000
155.39	2.749000
155.842	2.749000
155.842	4.736000
156.153	4.736000
156.153	4.360000
156.464	4.360000
156.464	4.190000
156.775	4.190000
156.775	2.854000
157.126	2.854000
157.126	2.467000
157.477	2.467000
157.477	3.136000
157.828	3.136000
157.828	4.654000
158.157	4.654000
158.157	4.562000
158.486	4.562000
158.486	4.161000
158.815	4.161000
158.815	6.435000
159.094	6.435000
159.094	6.120000
159.373	6.120000
159.373	6.158000
159.652	6.158000
159.652	4.080000
159.991	4.080000
159.991	3.453000
160.33	3.453000
160.33	3.571000
160.669	3.571000
160.669	3.441000
161.017	3.441000
161.017	4.009000
161.365	4.009000
161.365	3.018000
161.713	3.018000
161.713	6.657000
162.026	6.657000
162.026	5.923000
162.339	5.923000
162.339	5.887000
162.652	5.887000
162.652	3.085000
163.004	3.085000
163.004	2.936000
163.356	2.936000
163.356	3.189000
163.708	3.189000
163.708	3.615000
164.047	3.615000
164.047	4.415000
164.386	4.415000
164.386	3.288000
164.725	3.288000
164.725	6.560000
165.027	6.560000
165.027	6.655000
165.329	6.655000
165.329	6.417000
165.631	6.417000
165.631	3.772000
165.941	3.772000
165.941	4.394000
166.25	4.394000
166.25	3.396000
166.56	3.396000
166.56	5.071000
166.911	5.071000
166.911	4.208000
167.262	4.208000
167.262	4.517000
167.613	4.517000
167.613	5.453000
167.926	5.453000
167.926	5.823000
168.239	5.823000
168.239	5.735000
168.552	5.735000
168.552	3.665000
168.887	3.665000
168.887	3.495000
169.222	3.495000
169.222	3.907000
169.557	3.907000
169.557	3.943000
169.852	3.943000
169.852	4.597000
170.147	4.597000
170.147	3.572000
170.442	3.572000
170.442	5.565000
170.685	5.565000
170.685	6.410000
170.928	6.410000
170.928	6.563000
171.171	6.563000
171.171	4.328000
171.51	4.328000
171.51	3.907000
171.849	3.907000
171.849	4.634000
172.188	4.634000
172.188	3.412000
172.526	3.412000
172.526	3.926000
172.864	3.926000
172.864	3.053000
173.202	3.053000
173.202	6.587000
173.507	6.587000
173.507	5.387000
173.812	5.387000
173.812	5.277000
174.117	5.277000
174.117	4.119000
174.467	4.119000
174.467	4.227000
174.817	4.227000
174.817	3.518000
175.167	3.518000
175.167	4.072000
175.511	4.072000
175.511	4.377000
175.854	4.377000
175.854	3.844000
176.198	3.844000
176.198	3.058000
176.547	3.058000
176.547	3.133000
176.894	3.133000
176.894	2.825000
177.243	2.825000
177.243	4.767000
177.594	4.767000
177.594	4.650000
177.945	4.650000
177.945	3.832000
178.296	3.832000
178.296	6.564000
178.617	6.564000
178.617	5.683000
178.938	5.683000
178.938	6.008000
179.259	6.008000
179.259	4.245000
179.612	4.245000
179.612	3.551000
179.965	3.551000
179.965	3.773000
180.317	3.773000
180.317	4.348000
180.666	4.348000
180.666	3.850000
181.014	3.850000
181.014	4.100000
181.362	4.100000
181.362	6.427000
181.651	6.427000
181.651	5.543000
181.94	5.543000
181.94	5.973000
182.229	5.973000
182.229	3.998000
182.557	3.998000
182.557	3.369000
182.885	3.369000
182.885	3.553000
183.213	3.553000
183.213	4.710000
183.565	4.710000
183.565	4.260000
183.917	4.260000
183.917	4.375000
184.268	4.375000
184.268	6.784000
184.571	6.784000
184.571	6.361000
184.874	6.361000
184.874	6.212000
185.177	6.212000
185.177	4.318000
185.506	4.318000
185.506	4.928000
185.835	4.928000
185.835	4.023000
186.164	4.023000
186.164	4.462000
186.506	4.462000
186.506	4.750000
186.848	4.750000
186.848	4.052000
187.19	4.052000
187.19	6.797000
187.482	6.797000
187.482	6.143000
187.776	6.143000
187.776	6.060000
188.07	6.060000
188.07	4.070000
188.504	4.070000
188.504	4.926000
188.938	4.926000
188.938	3.673000
189.372	3.673000
189.372	4.012000
189.707	4.012000
189.707	4.177000
190.042	4.177000
190.042	4.040000
190.377	4.040000
190.377	6.342000
190.703	6.342000
190.703	6.447000
191.03	6.447000
191.03	6.238000
191.357	6.238000
191.357	3.691000
191.702	3.691000
191.702	4.281000
192.047	4.281000
192.047	3.666000
192.392	3.666000
192.392	3.566000
192.732	3.566000
192.732	3.114000
193.072	3.114000
193.072	3.705000
193.412	3.705000
193.412	6.124000
193.732	6.124000
193.732	6.052000
194.052	6.052000
194.052	6.014000
194.372	6.014000
194.372	3.897000
194.715	3.897000
194.715	4.338000
195.057	4.338000
195.057	3.554000
195.4	3.554000
195.4	2.849000
195.753	2.849000
195.753	2.630000
196.106	2.630000
196.106	2.727000
196.459	2.727000
196.459	6.155000
196.774	6.155000
196.774	5.534000
197.088	5.534000
197.088	5.551000
197.402	5.551000
197.402	3.494000
197.747	3.494000
197.747	3.427000
198.092	3.427000
198.092	3.023000
198.437	3.023000
198.437	3.312000
198.782	3.312000
198.782	2.952000
199.127	2.952000
199.127	3.561000
199.472	3.561000
199.472	4.409000
199.802	4.409000
199.802	4.892000
200.132	4.892000
200.132	4.867000
200.462	4.867000
200.462	3.413000
200.806	3.413000
200.806	4.314000
201.149	4.314000
201.149	3.368000
201.493	3.368000
201.493	4.082000
201.826	4.082000
201.826	4.724000
202.159	4.724000
202.159	4.153000
202.492	4.153000
202.492	5.719000
202.811	5.719000
202.811	6.198000
203.13	6.198000
203.13	6.026000
203.449	6.026000
203.449	3.081000
203.794	3.081000
203.794	2.837000
204.139	2.837000
204.139	3.262000
204.484	3.262000
204.484	4.169000
204.82	4.169000
204.82	4.573000
205.156	4.573000
205.156	4.364000
205.492	4.364000
205.492	3.079000
205.845	3.079000
205.845	2.926000
206.197	2.926000
206.197	2.323000
206.55	2.323000
206.55	6.112000
206.873	6.112000
206.873	5.842000
207.196	5.842000
207.196	5.799000
207.519	5.799000
207.519	4.531000
207.862	4.531000
207.862	3.893000
208.205	3.893000
208.205	4.353000
208.548	4.353000
208.548	3.823000
208.882	3.823000
208.882	3.615000
209.216	3.615000
209.216	3.912000
209.55	3.912000
209.55	6.689000
209.861	6.689000
209.861	5.885000
210.172	5.885000
210.172	5.725000
210.483	5.725000
210.483	4.539000
210.835	4.539000
210.835	3.713000
211.188	3.713000
211.188	4.250000
211.541	4.250000
211.541	6.321000
211.852	6.321000
211.852	5.746000
212.162	5.746000
212.162	5.629000
212.472	5.629000
212.472	3.427000
212.816	3.427000
212.816	2.799000
213.16	2.799000
213.16	3.525000
213.504	3.525000
213.504	3.583000
213.831	3.583000
213.831	4.558000
214.158	4.558000
214.158	3.900000
214.485	3.900000
214.485	5.705000
214.806	5.705000
214.806	5.804000
215.127	5.804000
215.127	5.631000
215.448	5.631000
215.448	4.162000
215.782	4.162000
215.782	3.743000
216.115	3.743000
216.115	4.128000
216.448	4.128000
216.448	4.599000
216.793	4.599000
216.793	4.209000
217.138	4.209000
217.138	3.606000
217.483	3.606000
217.483	5.506000
217.826	5.506000
217.826	5.503000
218.169	5.503000
218.169	5.437000
218.512	5.437000
218.512	3.706000
218.847	3.706000
218.847	4.130000
219.182	4.130000
219.182	3.495000
219.517	3.495000
219.517	2.870000
219.869	2.870000
219.869	3.429000
220.221	3.429000
220.221	2.734000
220.573	2.734000
220.573	4.217000
220.904	4.217000
220.904	4.155000
221.235	4.155000
221.235	4.253000
221.566	4.253000
221.566	2.612000
221.919	2.612000
221.919	3.093000
222.272	3.093000
222.272	2.901000
222.625	2.901000
222.625	6.267000
222.962	6.267000
222.962	6.160000
223.299	6.160000
223.299	5.999000
223.636	5.999000
223.636	4.100000
223.981	4.100000
223.981	3.725000
224.325	3.725000
224.325	4.071000
224.669	4.071000
224.669	4.984000
225.002	4.984000
225.002	5.540000
225.335	5.540000
225.335	5.431000
225.668	5.431000
225.668	3.821000
226.006	3.821000
226.006	3.086000
226.344	3.086000
226.344	3.891000
226.682	3.891000
226.682	3.634000
227.016	3.634000
227.016	3.291000
227.35	3.291000
227.35	3.748000
227.684	3.748000
227.684	6.538000
227.989	6.538000
227.989	6.086000
228.294	6.086000
228.294	6.187000
228.599	6.187000
228.599	4.274000
228.932	4.274000
228.932	4.541000
229.265	4.541000
229.265	3.740000
229.598	3.740000
229.598	4.115000
229.95	4.115000
229.95	4.532000
230.302	4.532000
230.302	4.113000
230.654	4.113000
230.654	5.829000
230.996	5.829000
230.996	6.288000
231.338	6.288000
231.338	6.163000
231.68	6.163000
231.68	2.170000
232.033	2.170000
232.033	1.882000
232.386	1.882000
232.386	2.047000
232.739	2.047000
232.739	2.907000
233.089	2.907000
233.089	2.653000
233.439	2.653000
233.439	3.077000
233.789	3.077000
233.789	3.533000
234.108	3.533000
234.108	4.402000
234.427	4.402000
234.427	4.682000
234.746	4.682000
234.746	2.472000
235.098	2.472000
235.098	2.605000
235.45	2.605000
235.45	2.064000
235.802	2.064000
235.802	2.455000
236.253	2.455000
236.253	2.277000
236.705	2.277000
236.705	2.572000
237.156	2.572000
237.156	3.852000
237.477	3.852000
237.477	4.036000
237.799	4.036000
237.799	4.061000
238.121	4.061000
238.121	2.906000
238.474	2.906000
238.474	3.198000
238.827	3.198000
238.827	2.412000
239.18	2.412000
239.18	5.083000
239.532	5.083000
239.532	4.826000
239.885	4.826000
239.885	4.517000
240.238	4.517000
240.238	6.504000
240.567	6.504000
240.567	6.200000
240.896	6.200000
240.896	6.185000
241.225	6.185000
241.225	3.115000
241.573	3.115000
241.573	3.484000
241.922	3.484000
241.922	2.774000
242.271	2.774000
242.271	7.824000
242.624	7.824000
242.624	7.711000
242.977	7.711000
242.977	7.399000
243.33	7.399000
243.33	6.515000
243.644	6.515000
243.644	5.705000
243.958	5.705000
243.958	5.712000
244.272	5.712000
244.272	3.921000
244.606	3.921000
244.606	4.701000
244.94	4.701000
244.94	4.013000
245.274	4.013000
245.274	4.682000
245.625	4.682000
245.625	4.024000
245.976	4.024000
245.976	3.943000
246.327	3.943000
246.327	6.118000
246.644	6.118000
246.644	6.211000
246.961	6.211000
246.961	6.043000
247.277	6.043000
247.277	3.306000
247.625	3.306000
247.625	3.963000
247.973	3.963000
247.973	2.884000
248.321	2.884000
248.321	4.613000
248.672	4.613000
248.672	4.784000
249.022	4.784000
249.022	4.146000
249.373	4.146000
249.373	5.830000
249.702	5.830000
249.702	5.880000
250.031	5.880000
250.031	5.893000
250.36	5.893000
250.36	4.613000
250.712	4.613000
250.712	3.952000
251.064	3.952000
251.064	4.429000
251.416	4.429000
251.416	4.919000
251.745	4.919000
251.745	4.888000
252.074	4.888000
252.074	4.398000
252.403	4.398000
252.403	6.011000
252.816	6.011000
252.816	7.105000
253.229	7.105000
253.229	7.019000
253.642	7.019000
253.642	4.042000
253.984	4.042000
253.984	3.767000
254.326	3.767000
254.326	4.241000
254.668	4.241000
254.668	3.689000
255.011	3.689000
255.011	3.621000
255.354	3.621000
255.354	3.715000
255.697	3.715000
255.697	6.641000
256.007	6.641000
256.007	5.780000
256.317	5.780000
256.317	5.995000
256.627	5.995000
256.627	4.090000
256.952	4.090000
256.952	4.654000
257.277	4.654000
257.277	3.750000
257.602	3.750000
257.602	4.135000
257.951	4.135000
257.951	3.973000
258.3	3.973000
258.3	3.839000
258.649	3.839000
258.649	6.487000
258.967	6.487000
258.967	5.469000
259.285	5.469000
259.285	5.366000
259.603	5.366000
259.603	4.085000
259.95	4.085000
259.95	3.921000
260.297	3.921000
260.297	3.994000
260.644	3.994000
260.644	3.064000
260.989	3.064000
260.989	2.660000
261.334	2.660000
261.334	2.621000
261.679	2.621000
261.679	6.773000
261.997	6.773000
261.997	5.916000
262.315	5.916000
262.315	6.113000
262.633	6.113000
262.633	4.164000
262.976	4.164000
262.976	4.312000
263.319	4.312000
263.319	4.453000
263.662	4.453000
263.662	4.590000
264.005	4.590000
264.005	4.133000
264.348	4.133000
264.348	4.214000
264.691	4.214000
264.691	6.883000
264.992	6.883000
264.992	6.459000
265.293	6.459000
265.293	6.456000
265.594	6.456000
265.594	4.770000
265.948	4.770000
265.948	4.285000
266.302	4.285000
266.302	4.524000
266.656	4.524000
266.656	4.131000
266.987	4.131000
266.987	5.058000
267.318	5.058000
267.318	4.135000
267.649	4.135000
267.649	5.770000
267.964	5.770000
267.964	5.545000
268.279	5.545000
268.279	5.575000
268.594	5.575000
268.594	4.973000
268.93	4.973000
268.93	4.646000
269.266	4.646000
269.266	4.572000
269.602	4.572000
269.602	3.418000
269.938	3.418000
269.938	4.308000
270.274	4.308000
270.274	3.309000
270.61	3.309000
270.61	5.886000
270.92	5.886000
270.92	5.722000
271.23	5.722000
271.23	6.010000
271.54	6.010000
271.54	4.036000
271.859	4.036000
271.859	4.130000
272.178	4.130000
272.178	4.289000
272.497	4.289000
272.497	4.442000
272.839	4.442000
272.839	4.421000
273.182	4.421000
273.182	5.163000
273.525	5.163000
273.525	5.914000
273.852	5.914000
273.852	6.101000
274.179	6.101000
274.179	6.422000
274.506	6.422000
274.506	3.437000
274.853	3.437000
274.853	3.424000
275.199	3.424000
275.199	3.369000
275.545	3.369000
275.545	3.381000
275.89	3.381000
275.89	3.366000
276.235	3.366000
276.235	3.505000
276.58	3.505000
276.58	7.213000
276.993	7.213000
276.993	6.399000
277.406	6.399000
277.406	6.396000
277.819	6.396000
277.819	4.960000
278.17	4.960000
278.17	4.468000
278.52	4.468000
278.52	3.984000
278.871	3.984000
278.871	4.541000
279.225	4.541000
279.225	4.625000
279.578	4.625000
279.578	4.608000
279.932	4.608000
279.932	5.788000
280.26	5.788000
280.26	6.110000
280.588	6.110000
280.588	5.965000
280.916	5.965000
280.916	4.052000
281.254	4.052000
281.254	3.567000
281.592	3.567000
281.592	3.678000
281.929	3.678000
281.929	4.318000
282.267	4.318000
282.267	5.556000
282.605	5.556000
282.605	4.805000
282.943	4.805000
282.943	5.605000
283.212	5.605000
283.212	6.004000
283.481	6.004000
283.481	6.474000
283.75	6.474000
283.75	4.500000
284.051	4.500000
284.051	4.610000
284.352	4.610000
284.352	4.035000
284.653	4.035000
284.653	4.313000
284.991	4.313000
284.991	4.899000
285.329	4.899000
285.329	4.179000
285.667	4.179000
285.667	4.014000
286.013	4.014000
286.013	3.847000
286.359	3.847000
286.359	3.397000
286.705	3.397000
286.705	3.255000
287.053	3.255000
287.053	3.378000
287.401	3.378000
287.401	3.245000
287.749	3.245000
287.749	2.647000
288.061	2.647000
288.061	2.408000
288.373	2.408000
288.373	2.810000
288.685	2.810000
288.685	5.339000
289.018	5.339000
289.018	5.077000
289.351	5.077000
289.351	5.469000
289.684	5.469000
289.684	6.673000
289.961	6.673000
289.961	5.761000
290.237	5.761000
290.237	6.037000
290.513	6.037000
290.513	5.297000
290.785	5.297000
290.785	4.501000
291.057	4.501000
291.057	4.515000
291.329	4.515000
291.329	4.393000
291.657	4.393000
291.657	3.713000
291.985	3.713000
291.985	3.929000
292.313	3.929000
292.313	6.352000
292.595	6.352000
292.595	5.993000
292.877	5.993000
292.877	6.097000
293.159	6.097000
293.159	4.512000
293.485	4.512000
293.485	4.678000
293.811	4.678000
293.811	4.118000
294.137	4.118000
294.137	4.996000
294.49	4.996000
294.49	4.805000
294.843	4.805000
294.843	4.720000
295.195	4.720000
295.195	7.649000
295.472	7.649000
295.472	7.157000
295.751	7.157000
295.751	7.135000
296.03	7.135000
296.03	4.914000
296.355	4.914000
296.355	4.084000
296.68	4.084000
296.68	4.329000
297.005	4.329000
297.005	3.779000
297.323	3.779000
297.323	3.962000
297.64	3.962000
297.64	3.340000
297.958	3.340000
297.958	5.710000
298.238	5.710000
298.238	5.756000
298.518	5.756000
298.518	5.706000
298.798	5.706000
298.798	4.592000
299.15	4.592000
299.15	5.296000
299.501	5.296000
299.501	4.856000
299.853	4.856000
299.853	3.668000
300.195	3.668000
300.195	4.039000
300.537	4.039000
300.537	3.154000
300.879	3.154000
300.879	6.455000
301.174	6.455000
301.174	5.752000
301.469	5.752000
301.469	5.886000
301.764	5.886000
301.764	4.420000
302.074	4.420000
302.074	4.937000
302.384	4.937000
302.384	4.074000
302.694	4.074000
302.694	3.742000
303.022	3.742000
303.022	3.862000
303.35	3.862000
303.35	3.527000
303.678	3.527000
303.678	6.762000
304.048	6.762000
304.048	6.954000
304.418	6.954000
304.418	7.219000
304.788	7.219000
304.788	4.755000
305.165	4.755000
305.165	4.442000
305.542	4.442000
305.542	3.524000
305.919	3.524000
305.919	4.950000
306.256	4.950000
306.256	4.700000
306.593	4.700000
306.593	4.769000
306.93	4.769000
306.93	4.088000
307.274	4.088000
307.274	4.042000
307.618	4.042000
307.618	4.366000
307.962	4.366000
307.962	4.315000
308.314	4.315000
308.314	4.444000
308.666	4.444000
308.666	3.866000
309.018	3.866000
309.018	5.816000
309.332	5.816000
309.332	6.230000
309.646	6.230000
309.646	5.888000
309.96	5.888000
309.96	4.688000
310.303	4.688000
310.303	4.004000
310.646	4.004000
310.646	4.247000
310.989	4.247000
310.989	3.102000
311.328	3.102000
311.328	3.819000
311.667	3.819000
311.667	3.215000
312.006	3.215000
312.006	6.280000
312.315	6.280000
312.315	6.360000
312.624	6.360000
312.624	6.198000
312.933	6.198000
312.933	4.788000
313.267	4.788000
313.267	4.097000
313.601	4.097000
313.601	4.409000
313.935	4.409000
313.935	4.730000
314.286	4.730000
314.286	5.039000
314.638	5.039000
314.638	4.621000
314.99	4.621000
314.99	4.213000
315.311	4.213000
315.311	4.486000
315.632	4.486000
315.632	4.357000
315.953	4.357000
315.953	3.923000
316.299	3.923000
316.299	3.701000
316.645	3.701000
316.645	3.827000
316.991	3.827000
316.991	2.013000
317.343	2.013000
317.343	1.648000
317.695	1.648000
317.695	2.227000
318.047	2.227000
318.047	3.202000
318.378	3.202000
318.378	3.551000
318.709	3.551000
318.709	4.072000
319.04	4.072000
319.04	2.843000
319.391	2.843000
319.391	2.163000
319.742	2.163000
319.742	2.303000
320.093	2.303000
320.093	6.045000
320.39	6.045000
320.39	5.403000
320.687	5.403000
320.687	5.391000
320.984	5.391000
320.984	4.814000
321.302	4.814000
321.302	4.243000
321.62	4.243000
321.62	4.220000
321.938	4.220000
321.938	4.487000
322.283	4.487000
322.283	4.213000
322.628	4.213000
322.628	4.076000
322.973	4.076000
322.973	4.772000
323.325	4.772000
323.325	4.460000
323.677	4.460000
323.677	4.792000
324.03	4.792000
324.03	5.894000
324.313	5.894000
324.313	6.124000
324.596	6.124000
324.596	6.061000
324.879	6.061000
324.879	4.622000
325.21	4.622000
325.21	4.050000
325.541	4.050000
325.541	4.699000
325.872	4.699000
325.872	4.613000
326.213	4.613000
326.213	4.566000
326.554	4.566000
326.554	4.186000
326.895	4.186000
326.895	6.966000
327.288	6.966000
327.288	7.198000
327.681	7.198000
327.681	7.344000
328.074	7.344000
328.074	4.684000
328.368	4.684000
328.368	5.095000
328.662	5.095000
328.662	4.440000
328.956	4.440000
328.956	3.482000
329.301	3.482000
329.301	3.916000
329.645	3.916000
329.645	3.032000
329.989	3.032000
329.989	4.656000
330.307	4.656000
330.307	4.982000
330.624	4.982000
330.624	5.121000
330.942	5.121000
330.942	3.703000
331.287	3.703000
331.287	4.040000
331.632	4.040000
331.632	3.173000
331.977	3.173000
331.977	5.377000
332.29	5.377000
332.29	4.689000
332.603	4.689000
332.603	4.724000
332.916	4.724000
332.916	3.971000
333.269	3.971000
333.269	3.557000
333.622	3.557000
333.622	3.760000
333.975	3.760000
333.975	5.666000
334.25	5.666000
334.25	5.620000
334.526	5.620000
334.526	5.731000
334.802	5.731000
334.802	4.893000
335.09	4.893000
335.09	4.896000
335.378	4.896000
335.378	4.720000
335.666	4.720000
335.666	3.915000
335.979	3.915000
335.979	3.641000
336.292	3.641000
336.292	4.323000
336.605	4.323000
336.605	6.328000
336.876	6.328000
336.876	5.569000
337.147	5.569000
337.147	5.559000
337.418	5.559000
337.418	5.556000
337.764	5.556000
337.764	5.983000
338.11	5.983000
338.11	5.242000
338.456	5.242000
338.456	4.345000
338.802	4.345000
338.802	4.371000
339.148	4.371000
339.148	3.803000
339.494	3.803000
339.494	6.355000
339.811	6.355000
339.811	5.862000
340.129	5.862000
340.129	5.843000
340.447	5.843000
340.447	3.303000
340.798	3.303000
340.798	4.114000
341.149	4.114000
341.149	3.162000
341.5	3.162000
341.5	4.251000
341.853	4.251000
341.853	4.346000
342.207	4.346000
342.207	4.012000
342.561	4.012000
342.561	5.781000
342.906	5.781000
342.906	0.000000
342.906	0.000000
342.906	5.585000
343.251	5.585000
343.251	1.990000
343.352	1.990000
343.352	0.000000
343.352	0.000000
343.352	1.919000
343.453	1.919000
343.453	4.726000
343.9	4.726000
343.9	4.416000
344.347	4.416000
344.347	3.572000
344.794	3.572000
344.794	4.304000
345.132	4.304000
345.132	4.406000
345.47	4.406000
345.47	4.376000
345.808	4.376000
345.808	3.305000
346.159	3.305000
346.159	2.650000
346.51	2.650000
346.51	2.791000
346.861	2.791000
346.861	3.055000
347.213	3.055000
347.213	2.315000
347.565	2.315000
347.565	2.859000
347.917	2.859000
347.917	4.157000
348.237	4.157000
348.237	4.628000
348.557	4.628000
348.557	4.857000
348.877	4.857000
348.877	3.685000
349.221	3.685000
349.221	3.959000
349.565	3.959000
349.565	3.406000
349.909	3.406000
349.909	6.335000
350.203	6.335000
350.203	5.289000
350.497	5.289000
350.497	5.566000
350.791	5.566000
350.791	4.150000
351.128	4.150000
351.128	3.896000
351.465	3.896000
351.465	3.997000
351.802	3.997000
351.802	3.933000
352.122	3.933000
352.122	4.870000
352.442	4.870000
352.442	4.116000
352.762	4.116000
352.762	6.717000
353.055	6.717000
353.055	5.867000
353.348	5.867000
353.348	5.752000
353.641	5.752000
353.641	4.118000
353.979	4.118000
353.979	4.369000
354.317	4.369000
354.317	3.896000
354.655	3.896000
354.655	4.043000
355.008	4.043000
355.008	4.366000
355.361	4.366000
355.361	3.533000
355.714	3.533000
355.714	5.985000
356.036	5.985000
356.036	5.608000
356.358	5.608000
356.358	5.361000
356.68	5.361000
356.68	4.224000
357.002	4.224000
357.002	4.304000
357.324	4.304000
357.324	4.316000
357.646	4.316000
357.646	4.113000
357.992	4.113000
357.992	4.525000
358.338	4.525000
358.338	3.843000
358.684	3.843000
358.684	6.105000
358.991	6.105000
358.991	6.273000
359.298	6.273000
359.298	6.575000
359.605	6.575000
359.605	3.562000
359.955	3.562000
359.955	3.190000
360.305	3.190000
360.305	3.308000
360.655	3.308000
360.655	3.564000
360.996	3.564000
360.996	4.661000
361.336	4.661000
361.336	3.396000
361.677	3.396000
361.677	6.277000
361.971	6.277000
361.971	6.571000
362.265	6.571000
362.265	6.390000
362.559	6.390000
362.559	4.156000
362.904	4.156000
362.904	3.706000
363.249	3.706000
363.249	3.995000
363.594	3.995000
363.594	4.300000
363.932	4.300000
363.932	4.894000
364.269	4.894000
364.269	4.316000
364.607	4.316000
364.607	5.710000
364.936	5.710000
364.936	5.524000
365.265	5.524000
365.265	5.574000
365.594	5.574000
365.594	4.675000
365.934	4.675000
365.934	4.812000
366.274	4.812000
366.274	4.040000
366.614	4.040000
366.614	3.898000
366.965	3.898000
366.965	4.376000
367.316	4.376000
367.316	3.474000
367.667	3.474000
367.667	5.735000
367.991	5.735000
367.991	5.593000
368.315	5.593000
368.315	5.567000
368.639	5.567000
368.639	4.107000
368.961	4.107000
368.961	4.869000
369.283	4.869000
369.283	4.126000
369.605	4.126000
369.605	3.876000
369.95	3.876000
369.95	3.996000
370.295	3.996000
370.295	4.292000
370.64	4.292000
370.64	6.017000
370.936	6.017000
370.936	5.159000
371.232	5.159000
371.232	5.068000
371.528	5.068000
371.528	4.146000
371.872	4.146000
371.872	4.470000
372.216	4.470000
372.216	3.729000
372.56	3.729000
372.56	4.176000
372.914	4.176000
372.914	4.184000
373.268	4.184000
373.268	3.469000
373.622	3.469000
373.622	6.473000
373.903	6.473000
373.903	5.480000
374.184	5.480000
374.184	5.689000
374.465	5.689000
374.465	3.739000
374.805	3.739000
374.805	4.005000
375.145	4.005000
375.145	4.207000
375.485	4.207000
375.485	4.587000
375.832	4.587000
375.832	4.368000
376.179	4.368000
376.179	4.058000
376.526	4.058000
376.526	6.354000
376.835	6.354000
376.835	5.543000
377.144	5.543000
377.144	5.672000
377.453	5.672000
377.453	3.613000
377.802	3.613000
377.802	3.703000
378.152	3.703000
378.152	3.925000
378.502	3.925000
378.502	4.594000
378.842	4.594000
378.842	4.392000
379.183	4.392000
379.183	3.760000
379.524	3.760000
379.524	6.096000
379.852	6.096000
379.852	5.991000
380.18	5.991000
380.18	6.113000
380.508	6.113000
380.508	5.512000
380.857	5.512000
380.857	4.482000
381.206	4.482000
381.206	4.395000
381.555	4.395000
381.555	4.272000
381.894	4.272000
381.894	4.383000
382.233	4.383000
382.233	3.769000
382.572	3.769000
382.572	5.586000
382.866	5.586000
382.866	5.533000
383.16	5.533000
383.16	5.364000
383.454	5.364000
383.454	3.443000
383.795	3.443000
383.795	4.076000
384.135	4.076000
384.135	3.641000
384.476	3.641000
384.476	4.607000
384.824	4.607000
384.824	4.415000
385.172	4.415000
385.172	4.446000
385.52	4.446000
385.52	6.790000
385.791	6.790000
385.791	5.588000
386.062	5.588000
386.062	5.621000
386.333	5.621000
386.333	4.707000
386.671	4.707000
386.671	5.097000
387.008	5.097000
387.008	4.599000
387.346	4.599000
387.346	4.447000
387.678	4.447000
387.678	4.706000
388.01	4.706000
388.01	3.944000
388.342	3.944000
388.342	6.318000
388.661	6.318000
388.661	5.756000
388.98	5.756000
388.98	5.687000
389.299	5.687000
389.299	4.425000
389.65	4.425000
389.65	4.879000
390.0	4.879000
390.0	4.304000
390.35	4.304000
390.35	4.153000
390.699	4.153000
390.699	4.183000
391.048	4.183000
391.048	4.563000
391.397	4.563000
391.397	3.091000
391.804	3.091000
391.804	3.471000
392.211	3.471000
392.211	3.210000
392.618	3.210000
392.618	3.959000
392.964	3.959000
392.964	4.344000
393.31	4.344000
393.31	3.696000
393.656	3.696000
393.656	5.831000
393.981	5.831000
393.981	6.048000
394.306	6.048000
394.306	5.918000
394.631	5.918000
394.631	3.926000
394.963	3.926000
394.963	4.322000
395.295	4.322000
395.295	4.085000
395.627	4.085000
395.627	4.607000
395.979	4.607000
395.979	5.040000
396.331	5.040000
396.331	4.507000
396.683	4.507000
396.683	6.013000
396.999	6.013000
396.999	5.543000
397.315	5.543000
397.315	5.709000
397.631	5.709000
397.631	3.905000
397.937	3.905000
397.937	3.802000
398.242	3.802000
398.242	4.339000
398.548	4.339000
398.548	3.797000
398.888	3.797000
398.888	3.451000
399.228	3.451000
399.228	4.165000
399.568	4.165000
399.568	5.944000
399.893	5.944000
399.893	5.409000
400.219	5.409000
400.219	5.403000
400.545	5.403000
400.545	3.944000
400.894	3.944000
400.894	3.813000
401.243	3.813000
401.243	3.608000
401.592	3.608000
401.592	4.699000
401.939	4.699000
401.939	5.039000
402.284	5.039000
402.284	4.378000
402.63	4.378000
402.63	5.919000
403.043	5.919000
403.043	6.245000
403.456	6.245000
403.456	6.349000
403.869	6.349000
403.869	5.073000
404.2	5.073000
404.2	5.054000
404.531	5.054000
404.531	4.699000
404.862	4.699000
404.862	4.101000
405.158	4.101000
405.158	3.797000
405.453	3.797000
405.453	4.326000
405.748	4.326000
405.748	4.088000
406.095	4.088000
406.095	3.850000
406.442	3.850000
406.442	4.089000
406.789	4.089000
406.789	4.070000
407.142	4.070000
407.142	4.020000
407.495	4.020000
407.495	3.236000
407.848	3.236000
407.848	4.490000
408.187	4.490000
408.187	4.786000
408.526	4.786000
408.526	4.096000
408.865	4.096000
408.865	6.209000
409.173	6.209000
409.173	5.187000
409.481	5.187000
409.481	5.153000
409.789	5.153000
409.789	4.535000
410.119	4.535000
410.119	4.473000
410.449	4.473000
410.449	4.405000
410.779	4.405000
410.779	3.117000
411.127	3.117000
411.127	3.318000
411.475	3.318000
411.475	3.473000
411.823	3.473000
411.823	6.365000
412.123	6.365000
412.123	6.410000
412.423	6.410000
412.423	5.820000
412.723	5.820000
412.723	4.038000
413.067	4.038000
413.067	4.129000
413.411	4.129000
413.411	3.492000
413.755	3.492000
413.755	4.260000
414.098	4.260000
414.098	4.402000
414.441	4.402000
414.441	4.051000
414.784	4.051000
414.784	6.946000
415.087	6.946000
415.087	6.309000
415.39	6.309000
415.39	5.887000
415.693	5.887000
415.693	4.145000
416.03	4.145000
416.03	4.623000
416.367	4.623000
416.367	4.239000
416.704	4.239000
416.704	3.892000
417.013	3.892000
417.013	3.268000
417.322	3.268000
417.322	3.678000
417.631	3.678000
417.631	6.614000
417.938	6.614000
417.938	5.261000
418.245	5.261000
418.245	5.023000
418.552	5.023000
418.552	4.585000
418.902	4.585000
418.902	4.589000
419.252	4.589000
419.252	4.344000
419.602	4.344000
419.602	3.857000
419.95	3.857000
419.95	3.574000
420.298	3.574000
420.298	3.469000
420.646	3.469000
420.646	6.233000
420.954	6.233000
420.954	6.151000
421.262	6.151000
421.262	6.103000
421.57	6.103000
421.57	4.337000
421.917	4.337000
421.917	3.813000
422.264	3.813000
422.264	3.671000
422.611	3.671000
422.611	4.560000
422.919	4.560000
422.919	4.707000
423.227	4.707000
423.227	4.551000
423.535	4.551000
423.535	6.101000
423.826	6.101000
423.826	5.932000
424.117	5.932000
424.117	6.050000
424.408	6.050000
424.408	3.769000
424.747	3.769000
424.747	3.955000
425.086	3.955000
425.086	3.644000
425.425	3.644000
425.425	5.466000
425.77	5.466000
425.77	5.168000
426.115	5.168000
426.115	5.026000
426.46	5.026000
426.46	5.669000
426.761	5.669000
426.761	5.194000
427.062	5.194000
427.062	5.371000
427.363	5.371000
427.363	3.526000
427.706	3.526000
427.706	3.322000
428.049	3.322000
428.049	3.979000
428.392	3.979000
428.392	3.783000
428.743	3.783000
428.743	3.832000
429.094	3.832000
429.094	3.044000
429.445	3.044000
429.445	7.070000
429.759	7.070000
429.759	6.579000
430.073	6.579000
430.073	6.361000
430.387	6.361000
430.387	3.635000
430.737	3.635000
430.737	4.228000
431.087	4.228000
431.087	3.585000
431.437	3.585000
431.437	3.260000
431.783	3.260000
431.783	3.826000
432.129	3.826000
432.129	2.970000
432.475	2.970000
432.475	3.918000
432.788	3.918000
432.788	4.391000
433.101	4.391000
433.101	4.577000
433.414	4.577000
433.414	2.335000
433.767	2.335000
433.767	2.403000
434.12	2.403000
434.12	1.746000
434.473	1.746000
434.473	2.435000
434.826	2.435000
434.826	2.750000
435.179	2.750000
435.179	1.888000
435.532	1.888000
435.532	5.243000
435.853	5.243000
435.853	5.317000
436.175	5.317000
436.175	5.571000
436.497	5.571000
436.497	3.774000
436.841	3.774000
436.841	4.058000
437.185	4.058000
437.185	3.300000
437.529	3.300000
437.529	3.770000
437.882	3.770000
437.882	4.014000
438.235	4.014000
438.235	3.365000
438.588	3.365000
438.588	5.817000
438.904	5.817000
438.904	5.585000
439.22	5.585000
439.22	5.608000
439.536	5.608000
439.536	4.446000
439.882	4.446000
439.882	4.148000
440.228	4.148000
440.228	4.717000
440.574	4.717000
440.574	3.973000
440.908	3.973000
440.908	3.694000
441.242	3.694000
441.242	3.638000
441.576	3.638000
441.576	6.295000
441.88	6.295000
441.88	5.538000
442.184	5.538000
442.184	5.527000
442.488	5.527000
442.488	4.365000
442.812	4.365000
442.812	3.922000
443.136	3.922000
443.136	3.947000
443.46	3.947000
443.46	5.218000
443.904	5.218000
443.904	4.536000
444.348	4.536000
444.348	4.654000
444.792	4.654000
444.792	6.547000
445.074	6.547000
445.074	5.873000
445.356	5.873000
445.356	5.637000
445.638	5.637000
445.638	4.123000
445.973	4.123000
445.973	3.683000
446.308	3.683000
446.308	4.239000
446.642	4.239000
446.642	3.936000
446.982	3.936000
446.982	4.740000
447.322	4.740000
447.322	4.020000
447.662	4.020000
447.662	6.562000
447.973	6.562000
447.973	6.385000
448.285	6.385000
448.285	6.456000
448.597	6.456000
448.597	3.801000
448.924	3.801000
448.924	3.742000
449.251	3.742000
449.251	3.797000
449.578	3.797000
449.578	5.366000
449.931	5.366000
449.931	4.882000
450.284	4.882000
450.284	5.101000
450.637	5.101000
450.637	4.268000
450.95	4.268000
450.95	5.232000
451.263	5.232000
451.263	4.899000
451.576	4.899000
451.576	3.182000
451.925	3.182000
451.925	3.158000
452.274	3.158000
452.274	3.882000
452.623	3.882000
452.623	1.667000
452.975	1.667000
452.975	1.606000
453.327	1.606000
453.327	1.781000
453.679	1.781000
453.679	4.697000
454.012	4.697000
454.012	4.236000
454.345	4.236000
454.345	4.293000
454.678	4.293000
454.678	2.904000
455.031	2.904000
455.031	2.305000
455.384	2.305000
455.384	2.397000
455.737	2.397000
455.737	2.893000
456.087	2.893000
456.087	2.789000
456.437	2.789000
456.437	2.720000
456.787	2.720000
456.787	6.089000
457.093	6.089000
457.093	6.038000
457.399	6.038000
457.399	5.958000
457.705	5.958000
457.705	3.775000
458.04	3.775000
458.04	3.568000
458.375	3.568000
458.375	4.207000
458.71	4.207000
458.71	4.749000
459.034	4.749000
459.034	4.892000
459.358	4.892000
459.358	4.152000
459.682	4.152000
459.682	6.402000
459.984	6.402000
459.984	5.694000
460.286	5.694000
460.286	5.941000
460.588	5.941000
460.588	3.633000
460.925	3.633000
460.925	3.410000
461.262	3.410000
461.262	4.393000
461.599	4.393000
461.599	3.274000
461.952	3.274000
461.952	3.055000
462.305	3.055000
462.305	3.291000
462.658	3.291000
462.658	6.251000
462.976	6.251000
462.976	5.513000
463.294	5.513000
463.294	5.509000
463.612	5.509000
463.612	4.121000
463.95	4.121000
463.95	3.615000
464.288	3.615000
464.288	3.645000
464.626	3.645000
464.626	3.645000
464.956	3.645000
464.956	4.306000
465.286	4.306000
465.286	3.649000
465.616	3.649000
465.616	6.513000
465.921	6.513000
465.921	6.154000
466.226	6.154000
466.226	6.411000
466.531	6.411000
466.531	4.753000
466.868	4.753000
466.868	5.056000
467.205	5.056000
467.205	4.248000
467.542	4.248000
467.542	4.683000
467.871	4.683000
467.871	5.268000
468.198	5.268000
468.198	4.324000
468.527	4.324000
468.527	5.727000
468.846	5.727000
468.846	5.735000
469.165	5.735000
469.165	5.221000
469.484	5.221000
469.484	3.758000
469.827	3.758000
469.827	2.841000
470.17	2.841000
470.17	3.648000
470.512	3.648000
470.512	2.627000
470.864	2.627000
470.864	2.172000
471.216	2.172000
471.216	2.459000
471.568	2.459000
471.568	2.589000
471.92	2.589000
471.92	2.021000
472.272	2.021000
472.272	2.080000
472.624	2.080000
472.624	1.990000
472.977	1.990000
472.977	2.196000
473.33	2.196000
473.33	1.714000
473.683	1.714000
473.683	5.334000
474.092	5.334000
474.092	5.199000
474.501	5.199000
474.501	5.219000
474.91	5.219000
474.91	3.024000
475.262	3.024000
475.262	2.852000
475.614	2.852000
475.614	3.133000
475.966	3.133000
475.966	4.495000
476.312	4.495000
476.312	4.868000
476.658	4.868000
476.658	4.217000
477.004	4.217000
477.004	6.264000
477.311	6.264000
477.311	5.298000
477.619	5.298000
477.619	5.323000
477.927	5.323000
477.927	4.609000
478.275	4.609000
478.275	4.221000
478.623	4.221000
478.623	4.216000
478.971	4.216000
478.971	4.407000
479.319	4.407000
479.319	4.980000
479.667	4.980000
479.667	4.335000
480.015	4.335000
480.015	6.131000
480.35	6.131000
480.35	5.631000
480.685	5.631000
480.685	5.716000
481.02	5.716000
481.02	3.687000
481.364	3.687000
481.364	4.166000
481.708	4.166000
481.708	3.342000
482.052	3.342000
482.052	3.726000
482.401	3.726000
482.401	4.559000
482.75	4.559000
482.75	3.462000
483.099	3.462000
483.099	6.471000
483.414	6.471000
483.414	5.964000
483.729	5.964000
483.729	6.279000
484.044	6.279000
484.044	3.222000
484.394	3.222000
484.394	2.508000
484.744	2.508000
484.744	3.356000
485.094	3.356000
485.094	3.864000
485.44	3.864000
485.44	4.628000
485.786	4.628000
485.786	3.437000
486.132	3.437000
486.132	6.454000
486.442	6.454000
486.442	5.900000
486.752	5.900000
486.752	5.706000
487.063	5.706000
487.063	4.506000
487.398	4.506000
487.398	4.269000
487.733	4.269000
487.733	4.578000
488.068	4.578000
488.068	4.649000
488.401	4.649000
488.401	4.599000
488.734	4.599000
488.734	3.936000
489.067	3.936000
489.067	6.199000
489.331	6.199000
489.331	5.065000
489.595	5.065000
489.595	5.201000
489.859	5.201000
489.859	3.226000
490.207	3.226000
490.207	2.744000
490.555	2.744000
490.555	3.138000
490.903	3.138000
490.903	4.524000
491.232	4.524000
491.232	4.880000
491.561	4.880000
491.561	4.048000
491.89	4.048000
491.89	6.790000
492.211	6.790000
492.211	5.744000
492.532	5.744000
492.532	5.673000
492.853	5.673000
492.853	3.569000
493.204	3.569000
493.204	3.582000
493.554	3.582000
493.554	3.234000
493.905	3.234000
493.905	4.457000
494.237	4.457000
494.237	4.571000
494.569	4.571000
494.569	4.823000
494.901	4.823000
494.901	5.895000
495.222	5.895000
495.222	5.760000
495.543	5.760000
495.543	5.790000
495.864	5.790000
495.864	4.604000
496.192	4.604000
496.192	5.161000
496.52	5.161000
496.52	4.299000
496.848	4.299000
496.848	4.298000
497.201	4.298000
497.201	4.695000
497.554	4.695000
497.554	3.901000
497.907	3.901000
497.907	6.676000
498.226	6.676000
498.226	6.314000
498.545	6.314000
498.545	5.819000
498.864	5.819000
498.864	3.476000
499.204	3.476000
499.204	2.977000
499.544	2.977000
499.544	3.141000
499.884	3.141000
499.884	4.030000
500.223	4.030000
500.223	3.941000
500.562	3.941000
500.562	3.911000
500.9	3.911000
500.9	6.190000
501.215	6.190000
501.215	6.150000
501.53	6.150000
501.53	6.214000
501.845	6.214000
501.845	3.450000
502.18	3.450000
502.18	3.710000
502.515	3.710000
502.515	2.821000
502.85	2.821000
502.85	4.698000
503.19	4.698000
503.19	4.996000
503.529	4.996000
503.529	3.886000
503.869	3.886000
503.869	5.605000
504.198	5.605000
504.198	6.303000
504.527	6.303000
504.527	6.303000
504.856	6.303000
504.856	3.561000
505.202	3.561000
505.202	3.243000
505.548	3.243000
505.548	4.326000
505.894	4.326000
505.894	4.220000
506.236	4.220000
506.236	4.585000
506.578	4.585000
506.578	3.912000
506.92	3.912000
506.92	4.940000
507.244	4.940000
507.244	5.152000
507.568	5.152000
507.568	4.570000
507.892	4.570000
507.892	5.581000
508.24	5.581000
508.24	5.504000
508.588	5.504000
508.588	5.148000
508.936	5.148000
508.936	6.029000
509.242	6.029000
509.242	6.102000
509.548	6.102000
509.548	6.136000
509.854	6.136000
509.854	4.654000
510.194	4.654000
510.194	5.311000
510.534	5.311000
510.534	4.618000
510.874	4.618000
510.874	4.398000
511.32	4.398000
511.32	4.308000
511.766	4.308000
511.766	3.796000
512.211	3.796000
512.211	6.123000
512.526	6.123000
512.526	5.263000
512.841	5.263000
512.841	5.406000
513.156	5.406000
513.156	3.111000
513.51	3.111000
513.51	3.328000
513.864	3.328000
513.864	2.500000
514.218	2.500000
514.218	4.496000
514.564	4.496000
514.564	3.910000
514.91	3.910000
514.91	4.438000
515.256	4.438000
515.256	7.138000
515.556	7.138000
515.556	6.366000
515.856	6.366000
515.856	6.420000
516.156	6.420000
516.156	3.517000
516.487	3.517000
516.487	3.959000
516.818	3.959000
516.818	3.168000
517.149	3.168000
517.149	4.350000
517.482	4.350000
517.482	3.942000
517.815	3.942000
517.815	4.501000
518.148	4.501000
518.148	5.446000
518.46	5.446000
518.46	5.606000
518.772	5.606000
518.772	5.494000
519.084	5.494000
519.084	3.862000
519.424	3.862000
519.424	4.334000
519.764	4.334000
519.764	3.474000
520.103	3.474000
520.103	3.335000
520.446	3.335000
520.446	2.903000
520.789	2.903000
520.789	3.222000
521.131	3.222000
521.131	6.346000
521.441	6.346000
521.441	6.222000
521.751	6.222000
521.751	6.423000
522.06	6.423000
522.06	4.521000
522.396	4.521000
522.396	4.069000
522.732	4.069000
522.732	4.378000
523.068	4.378000
523.068	4.568000
523.422	4.568000
523.422	4.836000
523.776	4.836000
523.776	4.229000
524.13	4.229000
524.13	6.900000
524.411	6.900000
524.411	6.027000
524.692	6.027000
524.692	5.954000
524.973	5.954000
524.973	3.351000
525.316	3.351000
525.316	3.296000
525.659	3.296000
525.659	3.114000
526.002	3.114000
526.002	4.067000
526.341	4.067000
526.341	4.369000
526.68	4.369000
526.68	3.928000
527.019	3.928000
527.019	4.932000
527.272	4.932000
527.272	5.328000
527.525	5.328000
527.525	5.438000
527.778	5.438000
527.778	3.735000
528.215	3.735000
528.215	3.326000
528.652	3.326000
528.652	3.573000
529.09	3.573000
529.09	4.847000
529.633	4.847000
529.633	4.315000
530.176	4.315000
530.176	4.042000
530.719	4.042000
