0.0	4.177000
0.317	4.177000
0.317	4.127000
0.634	4.127000
0.634	4.490000
0.951	4.490000
0.951	4.651000
1.268	4.651000
1.268	4.455000
1.581	4.455000
1.581	4.865000
1.898	4.865000
1.898	5.505000
2.215	5.505000
2.215	5.598000
2.504	5.598000
2.504	5.631000
2.821	5.631000
2.821	4.513000
3.138	4.513000
3.138	4.587000
3.455	4.587000
3.455	4.446000
3.772	4.446000
3.772	5.474000
4.089	5.474000
4.089	5.435000
4.404	5.435000
4.404	5.445000
4.721	5.445000
4.721	4.510000
5.038	4.510000
5.038	4.731000
5.352	4.731000
5.352	4.577000
5.668	4.577000
5.668	4.140000
5.985	4.140000
5.985	4.192000
6.302	4.192000
6.302	4.512000
6.619	4.512000
6.619	5.249000
6.97	5.249000
6.97	5.188000
7.322	5.188000
7.322	5.250000
7.673	5.250000
7.673	5.642000
7.99	5.642000
7.99	5.493000
8.306	5.493000
8.306	5.191000
8.623	5.191000
8.623	3.925000
8.939	3.925000
8.939	4.013000
9.256	4.013000
9.256	4.548000
9.573	4.548000
9.573	5.377000
9.925	5.377000
9.925	5.412000
10.276	5.412000
10.276	5.482000
10.628	5.482000
10.628	4.268000
10.945	4.268000
10.945	4.424000
11.259	4.424000
11.259	4.723000
11.576	4.723000
11.576	4.561000
11.893	4.561000
11.893	4.403000
12.209	4.403000
12.209	4.574000
12.526	4.574000
12.526	5.053000
12.843	5.053000
12.843	5.077000
13.158	5.077000
13.158	5.059000
13.473	5.059000
13.473	4.457000
13.79	4.457000
13.79	4.745000
14.103	4.745000
14.103	4.538000
14.42	4.538000
14.42	4.209000
14.735	4.209000
14.735	4.219000
15.052	4.219000
15.052	4.149000
15.367	4.149000
15.367	4.627000
15.684	4.627000
15.684	4.777000
16.0	4.777000
16.0	4.550000
16.316	4.550000
16.316	4.908000
16.667	4.908000
16.667	4.771000
17.015	4.771000
17.015	5.018000
17.367	5.018000
17.367	4.740000
17.684	4.740000
17.684	5.025000
18.0	5.025000
18.0	4.819000
18.317	4.819000
18.317	5.181000
18.634	5.181000
18.634	5.796000
18.951	5.796000
18.951	5.417000
19.266	5.417000
19.266	4.663000
19.582	4.663000
19.582	4.644000
19.899	4.644000
19.899	4.678000
20.213	4.678000
20.213	5.283000
20.53	5.283000
20.53	5.299000
20.845	5.299000
20.845	5.456000
21.162	5.456000
21.162	4.725000
21.514	4.725000
21.514	5.134000
21.863	5.134000
21.863	5.087000
22.214	5.087000
22.214	4.208000
22.53	4.208000
22.53	4.193000
22.847	4.193000
22.847	4.380000
23.164	4.380000
23.164	5.230000
23.481	5.230000
23.481	5.280000
23.797	5.280000
23.797	5.391000
24.113	5.391000
24.113	5.217000
24.43	5.217000
24.43	5.483000
24.745	5.483000
24.745	5.100000
25.061	5.100000
25.061	5.419000
25.411	5.419000
25.411	5.606000
25.762	5.606000
25.762	5.433000
26.113	5.433000
26.113	4.455000
26.426	4.455000
26.426	4.457000
26.743	4.457000
26.743	4.389000
27.06	4.389000
27.06	4.554000
27.412	4.554000
27.412	4.452000
27.763	4.452000
27.763	4.800000
28.114	4.800000
28.114	4.362000
28.431	4.362000
28.431	4.489000
28.746	4.489000
28.746	4.678000
29.063	4.678000
29.063	4.024000
29.374	4.024000
29.374	4.024000
29.691	4.024000
29.691	4.039000
30.008	4.039000
30.008	5.209000
30.325	5.209000
30.325	5.369000
30.639	5.369000
30.639	5.426000
30.955	5.426000
30.955	4.405000
31.272	4.405000
31.272	4.686000
31.588	4.686000
31.588	4.367000
31.904	4.367000
31.904	4.375000
32.22	4.375000
32.22	4.681000
32.536	4.681000
32.536	4.481000
32.853	4.481000
32.853	4.459000
33.17	4.459000
33.17	4.556000
33.487	4.556000
33.487	4.473000
33.804	4.473000
33.804	4.401000
34.121	4.401000
34.121	4.518000
34.434	4.518000
34.434	4.348000
34.751	4.348000
34.751	4.505000
35.068	4.505000
35.068	4.635000
35.384	4.635000
35.384	4.787000
35.7	4.787000
35.7	5.437000
36.017	5.437000
36.017	5.693000
36.334	5.693000
36.334	5.488000
36.65	5.488000
36.65	4.528000
36.967	4.528000
36.967	4.566000
37.282	4.566000
37.282	4.831000
37.599	4.831000
37.599	4.162000
37.913	4.162000
37.913	4.168000
38.23	4.168000
38.23	4.451000
38.547	4.451000
38.547	5.174000
38.899	5.174000
38.899	5.540000
39.248	5.540000
39.248	4.883000
39.6	4.883000
39.6	6.151000
39.917	6.151000
39.917	6.256000
40.232	6.256000
40.232	6.116000
40.547	6.116000
40.547	4.856000
40.864	4.856000
40.864	5.033000
41.181	5.033000
41.181	4.937000
41.497	4.937000
41.497	5.543000
41.849	5.543000
41.849	5.384000
42.201	5.384000
42.201	5.366000
42.553	5.366000
42.553	4.359000
42.869	4.359000
42.869	4.424000
43.185	4.424000
43.185	4.231000
43.501	4.231000
43.501	5.442000
43.817	5.442000
43.817	5.562000
44.134	5.562000
44.134	5.182000
44.45	5.182000
44.45	5.507000
44.767	5.507000
44.767	5.577000
45.084	5.577000
45.084	5.353000
45.401	5.353000
45.401	3.868000
45.718	3.868000
45.718	3.785000
46.035	3.785000
46.035	4.084000
46.352	4.084000
46.352	4.573000
46.668	4.573000
46.668	4.796000
46.983	4.796000
46.983	5.031000
47.299	5.031000
47.299	5.342000
47.614	5.342000
47.614	5.709000
47.93	5.709000
47.93	5.354000
48.246	5.354000
48.246	4.682000
48.563	4.682000
48.563	4.928000
48.879	4.928000
48.879	5.451000
49.194	5.451000
49.194	4.305000
49.511	4.305000
49.511	4.220000
49.829	4.220000
49.829	4.577000
50.146	4.577000
50.146	5.641000
50.463	5.641000
50.463	5.912000
50.78	5.912000
50.78	5.616000
51.095	5.616000
51.095	4.463000
51.447	4.463000
51.447	4.452000
51.798	4.452000
51.798	4.698000
52.15	4.698000
52.15	4.030000
52.461	4.030000
52.461	4.023000
52.778	4.023000
52.778	4.212000
53.095	4.212000
53.095	6.175000
53.411	6.175000
53.411	5.821000
53.728	5.821000
53.728	5.771000
54.044	5.771000
54.044	5.953000
54.398	5.953000
54.398	5.895000
54.752	5.895000
54.752	5.758000
55.105	5.758000
55.105	4.458000
55.421	4.458000
55.421	4.343000
55.734	4.343000
55.734	4.758000
56.049	4.758000
56.049	4.727000
56.4	4.727000
56.4	5.001000
56.752	5.001000
56.752	4.586000
57.104	4.586000
57.104	4.342000
57.42	4.342000
57.42	4.283000
57.737	4.283000
57.737	4.597000
58.054	4.597000
58.054	5.421000
58.372	5.421000
58.372	5.585000
58.69	5.585000
58.69	5.491000
59.008	5.491000
59.008	4.358000
59.324	4.358000
59.324	4.542000
59.639	4.542000
59.639	4.867000
59.95	4.867000
59.95	4.493000
60.266	4.493000
60.266	4.455000
60.583	4.455000
60.583	4.594000
60.9	4.594000
60.9	4.629000
61.216	4.629000
61.216	4.852000
61.533	4.852000
61.533	4.991000
61.847	4.991000
61.847	6.141000
62.163	6.141000
62.163	6.410000
62.479	6.410000
62.479	6.105000
62.796	6.105000
62.796	4.260000
63.113	4.260000
63.113	4.338000
63.43	4.338000
63.43	4.514000
63.747	4.514000
63.747	5.752000
64.099	5.752000
64.099	5.991000
64.451	5.991000
64.451	5.707000
64.802	5.707000
64.802	4.205000
65.118	4.205000
65.118	4.498000
65.43	4.498000
65.43	4.701000
65.746	4.701000
65.746	4.256000
66.062	4.256000
66.062	4.143000
66.379	4.143000
66.379	4.185000
66.696	4.185000
66.696	4.838000
67.013	4.838000
67.013	5.028000
67.33	5.028000
67.33	4.863000
67.645	4.863000
67.645	4.997000
67.963	4.997000
67.963	5.044000
68.279	5.044000
68.279	4.767000
68.595	4.767000
68.595	3.967000
68.91	3.967000
68.91	3.957000
69.227	3.957000
69.227	4.403000
69.544	4.403000
69.544	5.008000
69.86	5.008000
69.86	5.034000
70.177	5.034000
70.177	4.995000
70.494	4.995000
70.494	5.712000
70.811	5.712000
70.811	5.632000
71.128	5.632000
71.128	4.824000
71.445	4.824000
71.445	5.958000
71.762	5.958000
71.762	5.781000
72.079	5.781000
72.079	5.185000
72.395	5.185000
72.395	4.494000
72.71	4.494000
72.71	4.403000
73.027	4.403000
73.027	4.556000
73.344	4.556000
73.344	5.576000
73.661	5.576000
73.661	5.709000
73.978	5.709000
73.978	5.702000
74.295	5.702000
74.295	4.804000
74.614	4.804000
74.614	4.800000
74.93	4.800000
74.93	4.837000
75.247	4.837000
75.247	3.951000
75.564	3.951000
75.564	3.840000
75.881	3.840000
75.881	3.966000
76.198	3.966000
76.198	4.656000
76.516	4.656000
76.516	4.564000
76.831	4.564000
76.831	4.961000
77.149	4.961000
77.149	4.437000
77.501	4.437000
77.501	5.034000
77.849	5.034000
77.849	5.016000
78.199	5.016000
78.199	5.136000
78.515	5.136000
78.515	5.146000
78.831	5.146000
78.831	4.994000
79.148	4.994000
79.148	4.028000
79.463	4.028000
79.463	4.083000
79.78	4.083000
79.78	4.254000
80.096	4.254000
80.096	5.717000
80.413	5.717000
80.413	5.888000
80.73	5.888000
80.73	5.825000
81.047	5.825000
81.047	4.524000
81.399	4.524000
81.399	4.323000
81.748	4.323000
81.748	4.883000
82.099	4.883000
82.099	4.074000
82.416	4.074000
82.416	4.149000
82.733	4.149000
82.733	4.414000
83.05	4.414000
83.05	5.627000
83.402	5.627000
83.402	5.469000
83.754	5.469000
83.754	5.189000
84.106	5.189000
84.106	5.848000
84.458	5.848000
84.458	5.833000
84.809	5.833000
84.809	5.644000
85.161	5.644000
85.161	4.406000
85.479	4.406000
85.479	4.547000
85.797	4.547000
85.797	4.946000
86.114	4.946000
86.114	5.717000
86.431	5.717000
86.431	5.921000
86.747	5.921000
86.747	5.584000
87.064	5.584000
87.064	5.835000
87.414	5.835000
87.414	5.909000
87.765	5.909000
87.765	5.402000
88.117	5.402000
88.117	4.255000
88.433	4.255000
88.433	4.312000
88.75	4.312000
88.75	4.552000
89.066	4.552000
89.066	4.581000
89.418	4.581000
89.418	5.133000
89.768	5.133000
89.768	4.880000
90.119	4.880000
90.119	5.585000
90.438	5.585000
90.438	5.663000
90.757	5.663000
90.757	5.486000
91.076	5.486000
91.076	4.340000
91.395	4.340000
91.395	4.367000
91.715	4.367000
91.715	4.548000
92.035	4.548000
92.035	6.380000
92.355	6.380000
92.355	6.483000
92.675	6.483000
92.675	6.455000
92.994	6.455000
92.994	4.450000
93.311	4.450000
93.311	4.707000
93.627	4.707000
93.627	4.777000
93.943	4.777000
93.943	4.789000
94.259	4.789000
94.259	4.513000
94.576	4.513000
94.576	4.862000
94.892	4.862000
94.892	4.062000
95.209	4.062000
95.209	3.885000
95.526	3.885000
95.526	4.444000
95.843	4.444000
95.843	5.641000
96.159	5.641000
96.159	5.512000
96.475	5.512000
96.475	5.004000
96.792	5.004000
96.792	5.828000
97.108	5.828000
97.108	5.815000
97.424	5.815000
97.424	5.638000
97.741	5.638000
97.741	4.682000
98.058	4.682000
98.058	4.747000
98.375	4.747000
98.375	5.041000
98.692	5.041000
98.692	5.633000
99.044	5.633000
99.044	5.709000
99.396	5.709000
99.396	5.537000
99.748	5.537000
99.748	4.648000
100.099	4.648000
100.099	4.521000
100.45	4.521000
100.45	4.941000
100.8	4.941000
100.8	4.238000
101.117	4.238000
101.117	4.295000
101.434	4.295000
101.434	4.203000
101.751	4.203000
101.751	4.153000
102.068	4.153000
102.068	4.184000
102.379	4.184000
102.379	4.640000
102.695	4.640000
102.695	5.616000
103.047	5.616000
103.047	6.169000
103.399	6.169000
103.399	5.329000
103.751	5.329000
103.751	4.572000
104.068	4.572000
104.068	4.621000
104.385	4.621000
104.385	4.862000
104.702	4.862000
104.702	4.395000
105.019	4.395000
105.019	4.741000
105.335	4.741000
105.335	5.302000
105.652	5.302000
105.652	4.532000
105.967	4.532000
105.967	4.587000
106.283	4.587000
106.283	4.894000
106.599	4.894000
106.599	4.054000
106.915	4.054000
106.915	4.028000
107.232	4.028000
107.232	4.325000
107.549	4.325000
107.549	5.766000
107.901	5.766000
107.901	5.898000
108.251	5.898000
108.251	5.668000
108.603	5.668000
108.603	4.578000
108.919	4.578000
108.919	4.372000
109.234	4.372000
109.234	4.978000
109.55	4.978000
109.55	4.229000
109.866	4.229000
109.866	4.247000
110.183	4.247000
110.183	4.447000
110.5	4.447000
110.5	5.477000
110.852	5.477000
110.852	5.871000
111.202	5.871000
111.202	5.367000
111.554	5.367000
111.554	4.269000
111.871	4.269000
111.871	4.534000
112.187	4.534000
112.187	4.954000
112.502	4.954000
112.502	4.554000
112.819	4.554000
112.819	4.438000
113.136	4.438000
113.136	4.715000
113.451	4.715000
113.451	4.370000
113.768	4.370000
113.768	4.494000
114.084	4.494000
114.084	4.674000
114.401	4.674000
114.401	5.341000
114.718	5.341000
114.718	5.605000
115.035	5.605000
115.035	5.575000
115.352	5.575000
115.352	4.604000
115.669	4.604000
115.669	4.818000
115.986	4.818000
115.986	5.052000
116.302	5.052000
116.302	4.396000
116.619	4.396000
116.619	4.311000
116.934	4.311000
116.934	4.520000
117.251	4.520000
117.251	4.600000
117.568	4.600000
117.568	4.820000
117.884	4.820000
117.884	4.723000
118.198	4.723000
118.198	3.754000
118.514	3.754000
118.514	3.767000
118.831	3.767000
118.831	4.093000
119.146	4.093000
119.146	5.820000
119.498	5.820000
119.498	6.130000
119.85	6.130000
119.85	5.787000
120.198	5.787000
120.198	4.907000
120.55	4.907000
120.55	4.975000
120.902	4.975000
120.902	4.485000
121.253	4.485000
121.253	4.348000
121.57	4.348000
121.57	4.325000
121.887	4.325000
121.887	4.721000
122.204	4.721000
122.204	4.451000
122.52	4.451000
122.52	4.581000
122.835	4.581000
122.835	4.691000
123.15	4.691000
123.15	5.595000
123.467	5.595000
123.467	5.804000
123.784	5.804000
123.784	5.653000
124.097	5.653000
124.097	4.528000
124.413	4.528000
124.413	4.442000
124.73	4.442000
124.73	4.858000
125.047	4.858000
125.047	4.658000
125.398	4.658000
125.398	4.765000
125.749	4.765000
125.749	4.719000
126.099	4.719000
126.099	5.643000
126.451	5.643000
126.451	5.785000
126.803	5.785000
126.803	5.451000
127.155	5.451000
127.155	4.232000
127.471	4.232000
127.471	4.388000
127.788	4.388000
127.788	4.552000
128.105	4.552000
128.105	4.726000
128.456	4.726000
128.456	4.902000
128.805	4.902000
128.805	5.107000
129.154	5.107000
129.154	4.612000
129.47	4.612000
129.47	4.907000
129.785	4.907000
129.785	4.815000
130.101	4.815000
130.101	4.345000
130.417	4.345000
130.417	4.356000
130.732	4.356000
130.732	4.621000
131.049	4.621000
131.049	5.749000
131.366	5.749000
131.366	5.953000
131.683	5.953000
131.683	5.652000
131.996	5.652000
131.996	4.721000
132.312	4.721000
132.312	4.831000
132.627	4.831000
132.627	4.466000
132.939	4.466000
132.939	4.232000
133.254	4.232000
133.254	4.171000
133.571	4.171000
133.571	4.386000
133.888	4.386000
133.888	5.076000
134.203	5.076000
134.203	4.928000
134.52	4.928000
134.52	4.775000
134.836	4.775000
134.836	5.612000
135.153	5.612000
135.153	5.583000
135.47	5.583000
135.47	5.084000
135.784	5.084000
135.784	4.513000
136.1	4.513000
136.1	4.532000
136.417	4.532000
136.417	4.523000
136.733	4.523000
136.733	5.545000
137.085	5.545000
137.085	5.636000
137.437	5.636000
137.437	5.296000
137.789	5.296000
137.789	4.454000
138.106	4.454000
138.106	4.850000
138.422	4.850000
138.422	4.875000
138.734	4.875000
138.734	4.097000
139.049	4.097000
139.049	4.264000
139.366	4.264000
139.366	4.602000
139.683	4.602000
139.683	4.253000
139.999	4.253000
139.999	4.806000
140.315	4.806000
140.315	4.484000
140.632	4.484000
140.632	6.100000
140.949	6.100000
140.949	6.164000
141.264	6.164000
141.264	5.625000
141.574	5.625000
141.574	4.288000
141.891	4.288000
141.891	4.213000
142.208	4.213000
142.208	4.203000
142.524	4.203000
142.524	5.370000
142.84	5.370000
142.84	5.485000
143.157	5.485000
143.157	5.268000
143.472	5.268000
143.472	3.910000
143.788	3.910000
143.788	4.517000
144.102	4.517000
144.102	4.512000
144.415	4.512000
144.415	4.381000
144.73	4.381000
144.73	4.330000
145.047	4.330000
145.047	4.269000
145.364	4.269000
145.364	4.825000
145.681	4.825000
145.681	5.388000
145.998	5.388000
145.998	4.937000
146.312	4.937000
146.312	5.346000
146.664	5.346000
146.664	5.633000
147.015	5.633000
147.015	4.657000
147.364	4.657000
147.364	4.285000
147.68	4.285000
147.68	4.378000
147.997	4.378000
147.997	4.472000
148.314	4.472000
148.314	4.481000
148.631	4.481000
148.631	4.718000
148.947	4.718000
148.947	4.499000
149.263	4.499000
149.263	4.956000
149.579	4.956000
149.579	5.183000
149.895	5.183000
149.895	5.040000
150.208	5.040000
150.208	4.157000
150.524	4.157000
150.524	4.300000
150.841	4.300000
150.841	4.693000
151.158	4.693000
151.158	4.798000
151.511	4.798000
151.511	4.937000
151.864	4.937000
151.864	4.562000
152.217	4.562000
152.217	5.291000
152.569	5.291000
152.569	5.536000
152.92	5.536000
152.92	5.050000
153.27	5.050000
153.27	4.252000
153.585	4.252000
153.585	4.157000
153.902	4.157000
153.902	3.952000
154.219	3.952000
154.219	4.759000
154.531	4.759000
154.531	5.342000
154.841	5.342000
154.841	4.811000
155.153	4.811000
155.153	4.589000
155.469	4.589000
155.469	4.703000
155.786	4.703000
155.786	4.560000
156.102	4.560000
156.102	4.216000
156.418	4.216000
156.418	4.078000
156.735	4.078000
156.735	4.258000
157.051	4.258000
157.051	4.560000
157.327	4.560000
157.327	4.576000
157.603	4.576000
157.603	4.443000
157.876	4.443000
157.876	4.121000
158.193	4.121000
158.193	4.385000
158.509	4.385000
158.509	4.075000
158.825	4.075000
158.825	3.778000
159.14	3.778000
159.14	3.751000
159.457	3.751000
159.457	3.766000
159.773	3.766000
159.773	4.421000
160.049	4.421000
160.049	4.966000
160.324	4.966000
160.324	4.521000
160.6	4.521000
160.6	5.513000
160.952	5.513000
160.952	5.994000
161.304	5.994000
161.304	5.855000
161.653	5.855000
161.653	4.335000
161.969	4.335000
161.969	4.899000
162.284	4.899000
162.284	4.647000
162.601	4.647000
162.601	4.358000
162.918	4.358000
162.918	4.333000
163.235	4.333000
163.235	4.803000
163.552	4.803000
163.552	5.340000
163.86	5.340000
163.86	5.596000
164.167	5.596000
164.167	5.397000
164.474	5.397000
164.474	5.692000
164.791	5.692000
164.791	5.701000
165.106	5.701000
165.106	5.722000
165.422	5.722000
165.422	4.107000
165.739	4.107000
165.739	4.401000
166.056	4.401000
166.056	4.456000
166.373	4.456000
166.373	5.708000
166.725	5.708000
166.725	5.922000
167.076	5.922000
167.076	5.447000
167.427	5.447000
167.427	5.790000
167.779	5.790000
167.779	5.921000
168.13	5.921000
168.13	5.474000
168.478	5.474000
168.478	4.159000
168.794	4.159000
168.794	4.143000
169.111	4.143000
169.111	4.117000
169.427	4.117000
169.427	5.411000
169.744	5.411000
169.744	5.498000
170.06	5.498000
170.06	5.320000
170.377	5.320000
170.377	4.466000
170.694	4.466000
170.694	4.382000
171.008	4.382000
171.008	4.223000
171.323	4.223000
171.323	4.403000
171.638	4.403000
171.638	4.450000
171.954	4.450000
171.954	4.543000
172.271	4.543000
172.271	4.793000
172.622	4.793000
172.622	4.967000
172.974	4.967000
172.974	4.717000
173.326	4.717000
173.326	5.182000
173.678	5.182000
173.678	5.734000
174.029	5.734000
174.029	5.311000
174.379	5.311000
174.379	4.371000
174.695	4.371000
174.695	4.239000
175.012	4.239000
175.012	4.621000
175.329	4.621000
175.329	4.349000
175.646	4.349000
175.646	4.762000
175.963	4.762000
175.963	4.551000
176.281	4.551000
176.281	4.846000
176.598	4.846000
176.598	5.607000
176.915	5.607000
176.915	5.113000
177.231	5.113000
177.231	4.559000
177.547	4.559000
177.547	4.453000
177.864	4.453000
177.864	4.306000
178.182	4.306000
178.182	5.732000
178.534	5.732000
178.534	5.854000
178.885	5.854000
178.885	5.681000
179.237	5.681000
179.237	4.437000
179.553	4.437000
179.553	4.727000
179.868	4.727000
179.868	4.664000
180.185	4.664000
180.185	4.268000
180.502	4.268000
180.502	4.183000
180.818	4.183000
180.818	4.603000
181.134	4.603000
181.134	4.689000
181.45	4.689000
181.45	5.065000
181.766	5.065000
181.766	4.760000
182.083	4.760000
182.083	4.916000
182.4	4.916000
182.4	4.991000
182.717	4.991000
182.717	4.955000
183.034	4.955000
183.034	4.170000
183.348	4.170000
183.348	4.254000
183.665	4.254000
183.665	4.526000
183.982	4.526000
183.982	4.602000
184.299	4.602000
184.299	4.368000
184.615	4.368000
184.615	4.365000
184.932	4.365000
184.932	5.269000
185.284	5.269000
185.284	5.348000
185.634	5.348000
185.634	5.214000
185.985	5.214000
185.985	4.121000
186.302	4.121000
186.302	4.191000
186.619	4.191000
186.619	3.913000
186.936	3.913000
186.936	4.232000
187.252	4.232000
187.252	4.222000
187.568	4.222000
187.568	4.251000
187.884	4.251000
187.884	5.256000
188.201	5.256000
188.201	5.749000
188.518	5.749000
188.518	5.113000
188.834	5.113000
188.834	4.415000
189.15	4.415000
189.15	4.366000
189.467	4.366000
189.467	4.351000
189.784	4.351000
189.784	5.090000
190.101	5.090000
190.101	5.280000
190.417	5.280000
190.417	5.341000
190.734	5.341000
190.734	5.621000
191.051	5.621000
191.051	6.320000
191.364	6.320000
191.364	5.873000
191.679	5.873000
191.679	4.346000
191.995	4.346000
191.995	4.299000
192.312	4.299000
192.312	4.300000
192.629	4.300000
192.629	5.182000
192.981	5.182000
192.981	5.537000
193.332	5.537000
193.332	5.504000
193.684	5.504000
193.684	5.244000
194.001	5.244000
194.001	5.792000
194.315	5.792000
194.315	5.356000
194.631	5.356000
194.631	5.441000
194.983	5.441000
194.983	5.887000
195.332	5.887000
195.332	5.230000
195.681	5.230000
195.681	4.490000
195.998	4.490000
195.998	4.593000
196.315	4.593000
196.315	4.568000
196.632	4.568000
196.632	5.472000
196.984	5.472000
196.984	5.730000
197.334	5.730000
197.334	5.273000
197.685	5.273000
197.685	4.691000
198.036	4.691000
198.036	4.794000
198.383	4.794000
198.383	4.722000
198.735	4.722000
198.735	4.615000
199.053	4.615000
199.053	4.660000
199.371	4.660000
199.371	4.818000
199.689	4.818000
199.689	4.281000
200.005	4.281000
200.005	4.654000
200.321	4.654000
200.321	4.454000
200.638	4.454000
200.638	5.519000
200.99	5.519000
200.99	5.500000
201.341	5.500000
201.341	5.443000
201.693	5.443000
201.693	3.988000
202.009	3.988000
202.009	4.205000
202.326	4.205000
202.326	4.290000
202.643	4.290000
202.643	4.318000
202.96	4.318000
202.96	4.387000
203.276	4.387000
203.276	4.501000
203.593	4.501000
203.593	5.968000
203.91	5.968000
203.91	6.258000
204.226	6.258000
204.226	5.726000
204.542	5.726000
204.542	4.317000
204.859	4.317000
204.859	4.159000
205.176	4.159000
205.176	4.180000
205.492	4.180000
205.492	4.574000
205.808	4.574000
205.808	4.851000
206.119	4.851000
206.119	4.895000
206.435	4.895000
206.435	4.073000
206.752	4.073000
206.752	4.447000
207.068	4.447000
207.068	4.440000
207.386	4.440000
207.386	4.289000
207.701	4.289000
207.701	4.387000
208.018	4.387000
208.018	4.287000
208.335	4.287000
208.335	4.529000
208.651	4.529000
208.651	4.988000
208.967	4.988000
208.967	4.834000
209.283	4.834000
209.283	5.211000
209.635	5.211000
209.635	5.372000
209.985	5.372000
209.985	5.303000
210.337	5.303000
210.337	4.119000
210.649	4.119000
210.649	3.965000
210.966	3.965000
210.966	4.293000
211.283	4.293000
211.283	5.445000
211.635	5.445000
211.635	5.773000
211.986	5.773000
211.986	5.603000
212.335	5.603000
212.335	4.529000
212.652	4.529000
212.652	4.630000
212.966	4.630000
212.966	4.361000
213.283	4.361000
213.283	4.131000
213.599	4.131000
213.599	4.229000
213.916	4.229000
213.916	4.594000
214.232	4.594000
214.232	4.492000
214.584	4.492000
214.584	4.604000
214.934	4.604000
214.934	4.533000
215.286	4.533000
215.286	5.100000
215.638	5.100000
215.638	5.314000
215.989	5.314000
215.989	5.376000
216.341	5.376000
216.341	4.584000
216.656	4.584000
216.656	4.699000
216.973	4.699000
216.973	4.806000
217.29	4.806000
217.29	5.556000
217.607	5.556000
217.607	5.851000
217.924	5.851000
217.924	5.262000
218.241	5.262000
218.241	4.352000
218.593	4.352000
218.593	4.772000
218.944	4.772000
218.944	4.529000
219.296	4.529000
219.296	3.973000
219.608	3.973000
219.608	3.944000
219.925	3.944000
219.925	4.059000
220.242	4.059000
220.242	5.093000
220.559	5.093000
220.559	4.609000
220.875	4.609000
220.875	4.635000
221.192	4.635000
221.192	5.123000
221.544	5.123000
221.544	5.452000
221.894	5.452000
221.894	5.190000
222.245	5.190000
222.245	4.428000
222.562	4.428000
222.562	4.817000
222.879	4.817000
222.879	4.384000
223.196	4.384000
223.196	4.525000
223.513	4.525000
223.513	4.794000
223.828	4.794000
223.828	4.158000
224.145	4.158000
224.145	5.072000
224.462	5.072000
224.462	5.597000
224.779	5.597000
224.779	5.251000
225.095	5.251000
225.095	4.332000
225.412	4.332000
225.412	4.297000
225.729	4.297000
225.729	4.152000
226.045	4.152000
226.045	4.668000
226.362	4.668000
226.362	4.891000
226.677	4.891000
226.677	4.395000
226.993	4.395000
226.993	5.429000
227.31	5.429000
227.31	5.759000
227.627	5.759000
227.627	5.354000
227.943	5.354000
227.943	5.028000
228.26	5.028000
228.26	5.368000
228.577	5.368000
228.577	4.985000
228.894	4.985000
228.894	4.212000
229.211	4.212000
229.211	4.306000
229.528	4.306000
229.528	4.633000
229.844	4.633000
229.844	4.728000
230.16	4.728000
230.16	4.917000
230.477	4.917000
230.477	4.640000
230.794	4.640000
230.794	5.345000
231.111	5.345000
231.111	5.465000
231.426	5.465000
231.426	4.991000
231.742	4.991000
231.742	4.371000
232.058	4.371000
232.058	4.328000
232.375	4.328000
232.375	4.445000
232.689	4.445000
232.689	4.285000
233.006	4.285000
233.006	4.257000
233.323	4.257000
233.323	4.236000
233.64	4.236000
233.64	4.589000
233.956	4.589000
233.956	4.510000
234.272	4.510000
234.272	4.567000
234.589	4.567000
234.589	4.220000
234.905	4.220000
234.905	4.331000
235.221	4.331000
235.221	4.529000
235.538	4.529000
235.538	4.810000
235.889	4.810000
235.889	4.925000
236.24	4.925000
236.24	4.821000
236.591	4.821000
236.591	5.388000
236.908	5.388000
236.908	5.508000
237.224	5.508000
237.224	5.207000
237.541	5.207000
237.541	4.545000
237.857	4.545000
237.857	4.527000
238.173	4.527000
238.173	4.484000
238.489	4.484000
238.489	5.214000
238.806	5.214000
238.806	5.571000
239.123	5.571000
239.123	5.255000
239.439	5.255000
239.439	4.700000
239.756	4.700000
239.756	4.715000
240.072	4.715000
240.072	4.686000
240.389	4.686000
240.389	4.145000
240.705	4.145000
240.705	4.155000
241.022	4.155000
241.022	4.163000
241.337	4.163000
241.337	5.130000
241.654	5.130000
241.654	5.339000
241.97	5.339000
241.97	5.143000
242.283	5.143000
242.283	4.641000
242.6	4.641000
242.6	4.908000
242.915	4.908000
242.915	4.936000
243.231	4.936000
243.231	4.330000
243.548	4.330000
243.548	4.191000
243.865	4.191000
243.865	4.358000
244.182	4.358000
244.182	5.802000
244.499	5.802000
244.499	6.191000
244.816	6.191000
244.816	5.640000
245.131	5.640000
245.131	5.352000
245.448	5.352000
245.448	5.419000
245.764	5.419000
245.764	5.541000
246.081	5.541000
246.081	4.311000
246.394	4.311000
246.394	4.368000
246.71	4.368000
246.71	4.419000
247.027	4.419000
247.027	5.213000
247.344	5.213000
247.344	5.348000
247.661	5.348000
247.661	5.171000
247.977	5.171000
247.977	4.281000
248.328	4.281000
248.328	4.442000
248.68	4.442000
248.68	4.534000
249.032	4.534000
249.032	4.181000
249.349	4.181000
249.349	4.375000
249.666	4.375000
249.666	4.366000
249.982	4.366000
249.982	4.931000
250.299	4.931000
250.299	5.030000
250.615	5.030000
250.615	4.886000
250.932	4.886000
250.932	4.112000
251.249	4.112000
251.249	4.311000
251.565	4.311000
251.565	4.314000
251.882	4.314000
251.882	4.358000
252.199	4.358000
252.199	4.323000
252.516	4.323000
252.516	4.358000
252.833	4.358000
252.833	5.717000
253.185	5.717000
253.185	5.897000
253.537	5.897000
253.537	5.928000
253.888	5.928000
253.888	4.846000
254.205	4.846000
254.205	4.883000
254.519	4.883000
254.519	5.141000
254.836	5.141000
254.836	4.016000
255.152	4.016000
255.152	4.027000
255.469	4.027000
255.469	4.174000
255.786	4.174000
255.786	5.568000
256.103	5.568000
256.103	5.716000
256.418	5.716000
256.418	5.650000
256.735	5.650000
256.735	4.759000
257.086	4.759000
257.086	4.557000
257.436	4.557000
257.436	4.498000
257.787	4.498000
257.787	4.131000
258.097	4.131000
258.097	4.225000
258.411	4.225000
258.411	4.250000
258.726	4.250000
258.726	4.835000
259.042	4.835000
259.042	5.108000
259.358	5.108000
259.358	4.931000
259.674	4.931000
259.674	5.535000
259.991	5.535000
259.991	5.669000
260.308	5.669000
260.308	5.583000
260.625	5.583000
260.625	4.915000
260.977	4.915000
260.977	5.457000
261.329	5.457000
261.329	5.092000
261.681	5.092000
261.681	3.841000
261.998	3.841000
261.998	4.020000
262.315	4.020000
262.315	4.251000
262.632	4.251000
262.632	5.126000
262.949	5.126000
262.949	5.751000
263.264	5.751000
263.264	5.118000
263.581	5.118000
263.581	4.101000
263.897	4.101000
263.897	4.520000
264.21	4.520000
264.21	4.189000
264.526	4.189000
264.526	4.299000
264.843	4.299000
264.843	4.212000
265.16	4.212000
265.16	4.365000
265.477	4.365000
265.477	4.806000
265.829	4.806000
265.829	5.219000
266.176	5.219000
266.176	4.824000
266.527	4.824000
266.527	4.476000
266.845	4.476000
266.845	4.777000
267.16	4.777000
267.16	4.722000
267.478	4.722000
267.478	4.761000
267.794	4.761000
267.794	4.753000
268.111	4.753000
268.111	4.895000
268.428	4.895000
268.428	5.339000
268.745	5.339000
268.745	5.304000
269.061	5.304000
269.061	5.179000
269.378	5.179000
269.378	4.277000
269.695	4.277000
269.695	4.335000
270.01	4.335000
270.01	4.472000
270.327	4.472000
270.327	4.382000
270.644	4.382000
270.644	4.355000
270.961	4.355000
270.961	4.426000
271.278	4.426000
271.278	4.617000
271.595	4.617000
271.595	4.757000
271.907	4.757000
271.907	4.840000
272.224	4.840000
272.224	5.528000
272.541	5.528000
272.541	5.867000
272.858	5.867000
272.858	5.425000
273.174	5.425000
273.174	4.139000
273.489	4.139000
273.489	4.127000
273.806	4.127000
273.806	4.203000
274.123	4.203000
274.123	5.665000
274.439	5.665000
274.439	5.910000
274.756	5.910000
274.756	5.677000
275.072	5.677000
275.072	5.402000
275.389	5.402000
275.389	5.578000
275.705	5.578000
275.705	5.413000
276.02	5.413000
276.02	4.191000
276.337	4.191000
276.337	4.018000
276.654	4.018000
276.654	4.121000
276.971	4.121000
276.971	5.286000
277.288	5.286000
277.288	5.639000
277.602	5.639000
277.602	5.342000
277.918	5.342000
277.918	5.445000
278.27	5.445000
278.27	5.789000
278.621	5.789000
278.621	5.237000
278.973	5.237000
278.973	4.030000
279.29	4.030000
279.29	3.921000
279.607	3.921000
279.607	4.244000
279.924	4.244000
279.924	4.308000
280.241	4.308000
280.241	4.472000
280.554	4.472000
280.554	4.435000
280.871	4.435000
280.871	5.772000
281.189	5.772000
281.189	5.780000
281.507	5.780000
281.507	5.687000
281.824	5.687000
281.824	4.425000
282.141	4.425000
282.141	4.453000
282.459	4.453000
282.459	4.549000
282.777	4.549000
282.777	4.848000
283.094	4.848000
283.094	4.773000
283.408	4.773000
283.408	4.475000
283.725	4.475000
283.725	4.648000
284.044	4.648000
284.044	4.721000
284.359	4.721000
284.359	4.499000
284.678	4.499000
284.678	4.339000
284.995	4.339000
284.995	4.197000
285.313	4.197000
285.313	4.233000
285.63	4.233000
285.63	4.193000
285.947	4.193000
285.947	4.401000
286.262	4.401000
286.262	4.449000
286.58	4.449000
286.58	4.557000
286.932	4.557000
286.932	4.322000
287.284	4.322000
287.284	4.858000
287.634	4.858000
287.634	4.492000
287.949	4.492000
287.949	4.349000
288.266	4.349000
288.266	4.479000
288.583	4.479000
288.583	4.631000
288.9	4.631000
288.9	4.743000
289.217	4.743000
289.217	4.938000
289.534	4.938000
289.534	6.786000
289.833	6.786000
289.833	6.820000
290.133	6.820000
290.133	6.953000
290.433	6.953000
290.433	4.348000
290.747	4.348000
290.747	4.653000
291.064	4.653000
291.064	4.697000
291.381	4.697000
291.381	5.375000
291.698	5.375000
291.698	5.542000
292.015	5.542000
292.015	5.256000
292.332	5.256000
292.332	4.953000
292.647	4.953000
292.647	4.858000
292.96	4.858000
292.96	4.907000
293.276	4.907000
293.276	4.491000
293.592	4.491000
293.592	4.377000
293.909	4.377000
293.909	4.470000
294.226	4.470000
294.226	4.485000
294.542	4.485000
294.542	4.373000
294.857	4.373000
294.857	4.797000
295.174	4.797000
295.174	4.188000
295.491	4.188000
295.491	4.371000
295.803	4.371000
295.803	4.364000
296.119	4.364000
296.119	4.437000
296.435	4.437000
296.435	4.433000
296.752	4.433000
296.752	4.531000
297.069	4.531000
297.069	5.252000
297.421	5.252000
297.421	5.534000
297.771	5.534000
297.771	5.108000
298.123	5.108000
298.123	5.509000
298.44	5.509000
298.44	5.701000
298.755	5.701000
298.755	5.776000
299.071	5.776000
299.071	4.215000
299.388	4.215000
299.388	4.186000
299.705	4.186000
299.705	4.242000
300.022	4.242000
300.022	5.691000
300.339	5.691000
300.339	6.188000
300.654	6.188000
300.654	5.583000
300.971	5.583000
300.971	5.314000
301.323	5.314000
301.323	5.535000
301.674	5.535000
301.674	5.332000
302.026	5.332000
302.026	4.149000
302.342	4.149000
302.342	4.241000
302.659	4.241000
302.659	4.263000
302.976	4.263000
302.976	4.492000
303.291	4.492000
303.291	4.628000
303.607	4.628000
303.607	4.581000
303.924	4.581000
303.924	5.176000
304.276	5.176000
304.276	5.601000
304.628	5.601000
304.628	5.137000
304.979	5.137000
304.979	4.086000
305.295	4.086000
305.295	4.098000
305.612	4.098000
305.612	4.123000
305.929	4.123000
305.929	5.072000
306.281	5.072000
306.281	5.337000
306.633	5.337000
306.633	5.129000
306.984	5.129000
306.984	4.753000
307.336	4.753000
307.336	5.136000
307.687	5.136000
307.687	5.064000
308.039	5.064000
308.039	4.504000
308.385	4.504000
308.385	4.471000
308.736	4.471000
308.736	4.243000
309.088	4.243000
309.088	5.545000
309.44	5.545000
309.44	5.884000
309.791	5.884000
309.791	5.681000
310.141	5.681000
310.141	5.461000
310.458	5.461000
310.458	5.427000
310.771	5.427000
310.771	5.511000
311.087	5.511000
311.087	4.224000
311.403	4.224000
311.403	4.669000
311.719	4.669000
311.719	4.088000
312.036	4.088000
312.036	6.003000
312.388	6.003000
312.388	6.027000
312.738	6.027000
312.738	5.923000
313.088	5.923000
313.088	4.374000
313.405	4.374000
313.405	4.550000
313.719	4.550000
313.719	4.696000
314.036	4.696000
314.036	4.669000
314.349	4.669000
314.349	4.749000
314.664	4.749000
314.664	4.959000
314.977	4.959000
314.977	5.819000
315.294	5.819000
315.294	5.843000
315.611	5.843000
315.611	5.708000
315.927	5.708000
315.927	5.747000
316.243	5.747000
316.243	6.028000
316.558	6.028000
316.558	5.528000
316.873	5.528000
316.873	4.241000
317.189	4.241000
317.189	4.180000
317.506	4.180000
317.506	4.136000
317.823	4.136000
317.823	4.436000
318.139	4.436000
318.139	4.505000
318.452	4.505000
318.452	4.402000
318.768	4.402000
318.768	4.671000
319.085	4.671000
319.085	4.488000
319.4	4.488000
319.4	4.578000
319.717	4.578000
319.717	4.180000
320.033	4.180000
320.033	4.309000
320.35	4.309000
320.35	4.115000
320.665	4.115000
320.665	4.597000
320.982	4.597000
320.982	4.462000
321.296	4.462000
321.296	4.523000
321.613	4.523000
321.613	5.081000
321.93	5.081000
321.93	5.380000
322.247	5.380000
322.247	5.156000
322.563	5.156000
322.563	4.096000
322.878	4.096000
322.878	4.048000
323.194	4.048000
323.194	4.146000
323.51	4.146000
323.51	4.488000
323.827	4.488000
323.827	4.629000
324.139	4.629000
324.139	4.457000
324.456	4.457000
324.456	3.944000
324.771	3.944000
324.771	3.869000
325.088	3.869000
325.088	3.774000
325.405	3.774000
325.405	4.720000
325.722	4.720000
325.722	4.823000
326.037	4.823000
326.037	4.856000
326.354	4.856000
326.354	4.584000
326.671	4.584000
326.671	4.461000
326.986	4.461000
326.986	4.426000
327.303	4.426000
327.303	4.348000
327.618	4.348000
327.618	4.464000
327.934	4.464000
327.934	4.446000
328.251	4.446000
328.251	4.641000
328.564	4.641000
328.564	4.745000
328.879	4.745000
328.879	4.917000
329.195	4.917000
329.195	5.197000
329.512	5.197000
329.512	5.616000
329.827	5.616000
329.827	5.129000
330.144	5.129000
330.144	4.084000
330.46	4.084000
330.46	4.305000
330.777	4.305000
330.777	4.498000
331.094	4.498000
331.094	5.350000
331.446	5.350000
331.446	5.972000
331.797	5.972000
331.797	5.339000
332.148	5.339000
332.148	5.203000
332.465	5.203000
332.465	5.454000
332.78	5.454000
332.78	5.112000
333.095	5.112000
333.095	4.432000
333.412	4.432000
333.412	5.034000
333.729	5.034000
333.729	4.778000
334.045	4.778000
334.045	5.584000
334.397	5.584000
334.397	5.751000
334.746	5.751000
334.746	5.477000
335.095	5.477000
335.095	4.528000
335.411	4.528000
335.411	4.518000
335.723	4.518000
335.723	4.608000
336.039	4.608000
336.039	4.270000
336.356	4.270000
336.356	4.213000
336.673	4.213000
336.673	4.000000
336.99	4.000000
336.99	4.189000
337.306	4.189000
337.306	4.211000
337.622	4.211000
337.622	4.549000
337.939	4.549000
337.939	5.840000
338.29	5.840000
338.29	6.083000
338.641	6.083000
338.641	5.737000
338.993	5.737000
338.993	4.179000
339.309	4.179000
339.309	4.244000
339.626	4.244000
339.626	3.985000
339.943	3.985000
339.943	4.651000
340.259	4.651000
340.259	4.417000
340.568	4.417000
340.568	4.842000
340.885	4.842000
340.885	4.567000
341.236	4.567000
341.236	4.458000
341.584	4.458000
341.584	4.612000
341.936	4.612000
341.936	4.233000
342.253	4.233000
342.253	4.229000
342.57	4.229000
342.57	4.356000
342.886	4.356000
342.886	4.442000
343.203	4.442000
343.203	4.371000
343.518	4.371000
343.518	4.378000
343.835	4.378000
343.835	4.729000
344.187	4.729000
344.187	4.332000
344.538	4.332000
344.538	4.390000
344.89	4.390000
344.89	4.383000
345.206	4.383000
345.206	4.361000
345.522	4.361000
345.522	4.276000
345.839	4.276000
345.839	4.584000
346.156	4.584000
346.156	4.784000
346.469	4.784000
346.469	4.750000
346.786	4.750000
346.786	4.616000
347.102	4.616000
347.102	4.917000
347.418	4.917000
347.418	4.794000
347.734	4.794000
347.734	4.264000
348.051	4.264000
348.051	4.190000
348.366	4.190000
348.366	4.634000
348.683	4.634000
348.683	5.284000
349.0	5.284000
349.0	5.751000
349.316	5.751000
349.316	5.663000
349.632	5.663000
349.632	4.680000
349.983	4.680000
349.983	4.584000
350.332	4.584000
350.332	4.669000
350.684	4.669000
350.684	4.289000
351.0	4.289000
351.0	4.616000
351.317	4.616000
351.317	4.363000
351.632	4.363000
351.632	4.564000
351.983	4.564000
351.983	4.454000
352.333	4.454000
352.333	4.618000
352.685	4.618000
352.685	4.243000
353.0	4.243000
353.0	4.400000
353.315	4.400000
353.315	4.472000
353.632	4.472000
353.632	4.487000
353.948	4.487000
353.948	4.564000
354.265	4.564000
354.265	4.759000
354.582	4.759000
354.582	4.469000
354.897	4.469000
354.897	4.525000
355.212	4.525000
355.212	4.484000
355.529	4.484000
355.529	4.797000
355.846	4.797000
355.846	4.733000
356.159	4.733000
356.159	4.825000
356.476	4.825000
356.476	3.854000
356.828	3.854000
356.828	3.915000
357.179	3.915000
357.179	4.227000
357.531	4.227000
357.531	4.249000
357.848	4.249000
357.848	4.512000
358.163	4.512000
358.163	4.566000
358.48	4.566000
358.48	5.149000
358.832	5.149000
358.832	5.548000
359.183	5.548000
359.183	5.132000
359.535	5.132000
359.535	3.879000
359.85	3.879000
359.85	3.889000
360.167	3.889000
360.167	4.068000
360.484	4.068000
360.484	4.471000
360.801	4.471000
360.801	4.109000
361.114	4.109000
361.114	4.476000
361.431	4.476000
361.431	5.054000
361.783	5.054000
361.783	5.550000
362.134	5.550000
362.134	5.077000
362.485	5.077000
362.485	4.621000
362.802	4.621000
362.802	4.501000
363.119	4.501000
363.119	4.596000
363.435	4.596000
363.435	5.314000
363.752	5.314000
363.752	5.759000
364.069	5.759000
364.069	5.350000
364.386	5.350000
364.386	4.034000
364.703	4.034000
364.703	4.106000
365.02	4.106000
365.02	4.393000
365.336	4.393000
365.336	5.524000
365.653	5.524000
365.653	5.931000
365.968	5.931000
365.968	5.510000
366.284	5.510000
366.284	4.378000
366.601	4.378000
366.601	4.395000
366.914	4.395000
366.914	4.536000
367.231	4.536000
367.231	4.417000
367.547	4.417000
367.547	4.630000
367.864	4.630000
367.864	4.873000
368.181	4.873000
368.181	5.626000
368.533	5.626000
368.533	5.892000
368.884	5.892000
368.884	5.744000
369.235	5.744000
369.235	4.198000
369.552	4.198000
369.552	4.327000
369.868	4.327000
369.868	4.443000
370.184	4.443000
370.184	4.430000
370.501	4.430000
370.501	4.378000
370.819	4.378000
370.819	4.746000
371.137	4.746000
371.137	5.419000
371.454	5.419000
371.454	5.907000
371.77	5.907000
371.77	5.568000
372.086	5.568000
372.086	5.533000
372.403	5.533000
372.403	6.046000
372.718	6.046000
372.718	5.699000
373.034	5.699000
373.034	4.164000
373.351	4.164000
373.351	4.149000
373.668	4.149000
373.668	4.338000
373.984	4.338000
373.984	4.470000
374.301	4.470000
374.301	4.833000
374.618	4.833000
374.618	4.403000
374.935	4.403000
374.935	4.495000
375.251	4.495000
375.251	4.619000
375.567	4.619000
375.567	4.563000
375.884	4.563000
375.884	4.127000
376.201	4.127000
376.201	4.057000
376.518	4.057000
376.518	4.208000
376.835	4.208000
376.835	5.328000
377.152	5.328000
377.152	5.846000
377.469	5.846000
377.469	5.191000
377.785	5.191000
377.785	4.166000
378.101	4.166000
378.101	4.243000
378.416	4.243000
378.416	4.709000
378.732	4.709000
378.732	4.403000
379.083	4.403000
379.083	5.420000
379.435	5.420000
379.435	4.541000
379.786	4.541000
379.786	4.976000
380.103	4.976000
380.103	5.470000
380.42	5.470000
380.42	5.058000
380.736	5.058000
380.736	5.383000
381.052	5.383000
381.052	5.518000
381.368	5.518000
381.368	5.489000
381.684	5.489000
381.684	4.274000
381.999	4.274000
381.999	4.194000
382.316	4.194000
382.316	4.201000
382.633	4.201000
382.633	5.414000
382.985	5.414000
382.985	5.769000
383.334	5.769000
383.334	5.627000
383.683	5.627000
383.683	5.367000
384.035	5.367000
384.035	5.278000
384.387	5.278000
384.387	5.221000
384.738	5.221000
384.738	3.891000
385.053	3.891000
385.053	3.974000
385.37	3.974000
385.37	4.165000
385.686	4.165000
385.686	4.567000
386.002	4.567000
386.002	4.082000
386.318	4.082000
386.318	4.404000
386.635	4.404000
386.635	5.272000
386.951	5.272000
386.951	5.548000
387.268	5.548000
387.268	5.496000
387.584	5.496000
387.584	4.413000
387.901	4.413000
387.901	4.578000
388.218	4.578000
388.218	4.764000
388.534	4.764000
388.534	4.344000
388.85	4.344000
388.85	4.209000
389.163	4.209000
389.163	4.734000
389.48	4.734000
389.48	4.796000
389.797	4.796000
389.797	4.900000
390.111	4.900000
390.111	4.852000
390.427	4.852000
390.427	4.299000
390.744	4.299000
390.744	4.201000
391.061	4.201000
391.061	4.259000
391.378	4.259000
391.378	5.253000
391.73	5.253000
391.73	5.735000
392.082	5.735000
392.082	5.597000
392.434	5.597000
392.434	4.363000
392.751	4.363000
392.751	4.427000
393.064	4.427000
393.064	4.670000
393.38	4.670000
393.38	4.683000
393.696	4.683000
393.696	4.564000
394.013	4.564000
394.013	4.488000
394.33	4.488000
394.33	4.981000
394.647	4.981000
394.647	5.496000
394.963	5.496000
394.963	5.105000
395.279	5.105000
395.279	3.977000
395.594	3.977000
395.594	4.078000
395.911	4.078000
395.911	3.954000
396.228	3.954000
396.228	5.782000
396.545	5.782000
396.545	6.215000
396.86	6.215000
396.86	5.358000
397.177	5.358000
397.177	4.454000
397.493	4.454000
397.493	4.597000
397.807	4.597000
397.807	4.555000
398.124	4.555000
398.124	4.356000
398.44	4.356000
398.44	4.310000
398.756	4.310000
398.756	4.519000
399.073	4.519000
399.073	5.637000
399.39	5.637000
399.39	5.966000
399.702	5.966000
399.702	5.236000
400.019	5.236000
400.019	5.318000
400.37	5.318000
400.37	5.380000
400.718	5.380000
400.718	5.223000
401.068	5.223000
401.068	4.272000
401.385	4.272000
401.385	4.495000
401.702	4.495000
401.702	4.360000
402.019	4.360000
402.019	5.391000
402.295	5.391000
402.295	5.667000
402.568	5.667000
402.568	5.213000
402.843	5.213000
402.843	5.124000
403.16	5.124000
403.16	5.620000
403.477	5.620000
403.477	5.143000
403.794	5.143000
403.794	4.109000
404.111	4.109000
404.111	3.990000
404.427	3.990000
404.427	4.169000
404.743	4.169000
404.743	5.022000
405.06	5.022000
405.06	5.503000
405.377	5.503000
405.377	4.984000
405.693	4.984000
405.693	4.539000
406.01	4.539000
406.01	4.775000
406.326	4.775000
406.326	4.565000
406.643	4.565000
406.643	4.138000
406.96	4.138000
406.96	4.053000
407.278	4.053000
407.278	4.141000
407.596	4.141000
407.596	5.416000
407.914	5.416000
407.914	5.669000
408.232	5.669000
408.232	5.514000
408.548	5.514000
408.548	5.281000
408.901	5.281000
408.901	5.613000
409.253	5.613000
409.253	5.348000
409.603	5.348000
409.603	4.600000
409.92	4.600000
409.92	4.447000
410.239	4.447000
410.239	4.597000
410.558	4.597000
410.558	5.108000
410.876	5.108000
410.876	5.500000
411.194	5.500000
411.194	5.380000
411.51	5.380000
411.51	4.992000
411.828	4.992000
411.828	5.424000
412.145	5.424000
412.145	5.086000
412.461	5.086000
412.461	4.789000
412.779	4.789000
412.779	4.537000
413.094	4.537000
413.094	5.001000
413.412	5.001000
413.412	4.595000
413.729	4.595000
413.729	4.533000
414.047	4.533000
414.047	4.527000
414.365	4.527000
414.365	5.073000
414.718	5.073000
414.718	5.364000
415.07	5.364000
415.07	5.143000
415.423	5.143000
415.423	5.318000
415.741	5.318000
415.741	5.381000
416.055	5.381000
416.055	5.049000
416.371	5.049000
416.371	4.452000
416.689	4.452000
416.689	4.402000
417.007	4.402000
417.007	4.614000
417.323	4.614000
417.323	5.663000
417.64	5.663000
417.64	5.773000
417.955	5.773000
417.955	5.616000
418.271	5.616000
418.271	4.661000
418.624	4.661000
418.624	4.672000
418.975	4.672000
418.975	4.767000
419.328	4.767000
419.328	4.322000
419.644	4.322000
419.644	4.347000
419.961	4.347000
419.961	4.523000
420.278	4.523000
420.278	4.338000
420.596	4.338000
420.596	4.984000
420.914	4.984000
420.914	4.669000
421.232	4.669000
421.232	5.442000
421.549	5.442000
421.549	5.800000
421.865	5.800000
421.865	5.466000
422.182	5.466000
422.182	4.589000
422.499	4.589000
422.499	4.585000
422.818	4.585000
422.818	4.684000
423.137	4.684000
423.137	4.417000
423.455	4.417000
423.455	4.720000
423.772	4.720000
423.772	4.505000
424.09	4.505000
424.09	5.009000
424.408	5.009000
424.408	5.321000
424.725	5.321000
424.725	5.105000
425.041	5.105000
425.041	4.418000
425.359	4.418000
425.359	4.320000
425.677	4.320000
425.677	4.163000
425.995	4.163000
425.995	4.423000
426.313	4.423000
426.313	4.620000
426.63	4.620000
426.63	4.654000
426.948	4.654000
426.948	5.273000
427.301	5.273000
427.301	5.744000
427.651	5.744000
427.651	5.488000
428.002	5.488000
428.002	4.553000
428.317	4.553000
428.317	4.564000
428.634	4.564000
428.634	4.481000
428.951	4.481000
428.951	5.908000
429.303	5.908000
429.303	6.225000
429.655	6.225000
429.655	5.822000
430.006	5.822000
430.006	5.236000
430.357	5.236000
430.357	5.684000
430.708	5.684000
430.708	5.268000
431.06	5.268000
431.06	4.270000
431.376	4.270000
431.376	4.224000
431.692	4.224000
431.692	4.396000
432.008	4.396000
432.008	5.324000
432.36	5.324000
432.36	5.593000
432.712	5.593000
432.712	5.233000
433.064	5.233000
433.064	5.544000
433.416	5.544000
433.416	5.466000
433.767	5.466000
433.767	5.337000
434.118	5.337000
434.118	4.184000
434.434	4.184000
434.434	4.254000
434.751	4.254000
434.751	4.496000
435.068	4.496000
435.068	5.541000
435.385	5.541000
435.385	5.822000
435.702	5.822000
435.702	5.633000
436.018	5.633000
436.018	4.643000
436.335	4.643000
436.335	4.797000
436.652	4.797000
436.652	4.570000
436.969	4.570000
436.969	4.504000
437.285	4.504000
437.285	4.371000
437.602	4.371000
437.602	4.747000
437.919	4.747000
437.919	5.193000
438.236	5.193000
438.236	5.304000
438.552	5.304000
438.552	5.021000
438.868	5.021000
438.868	5.603000
439.185	5.603000
439.185	5.854000
439.5	5.854000
439.5	5.835000
439.816	5.835000
439.816	4.277000
440.131	4.277000
440.131	4.371000
440.448	4.371000
440.448	4.292000
440.765	4.292000
440.765	5.232000
441.117	5.232000
441.117	5.834000
441.469	5.834000
441.469	5.259000
441.82	5.259000
441.82	4.376000
442.137	4.376000
442.137	4.359000
442.453	4.359000
442.453	4.736000
442.77	4.736000
442.77	4.310000
443.084	4.310000
443.084	4.615000
443.402	4.615000
443.402	4.331000
443.72	4.331000
443.72	4.407000
444.035	4.407000
444.035	4.437000
444.35	4.437000
444.35	4.247000
444.666	4.247000
444.666	4.544000
444.983	4.544000
444.983	4.857000
445.298	4.857000
445.298	4.610000
445.615	4.610000
445.615	4.599000
445.931	4.599000
445.931	4.504000
446.248	4.504000
446.248	4.578000
446.565	4.578000
446.565	4.389000
446.882	4.389000
446.882	4.453000
447.197	4.453000
447.197	4.404000
447.514	4.404000
447.514	2.037000
447.866	2.037000
447.866	2.029000
448.218	2.029000
448.218	3.836000
448.562	3.836000
448.562	4.507000
448.879	4.507000
448.879	4.547000
449.195	4.547000
449.195	4.629000
449.511	4.629000
449.511	4.737000
449.828	4.737000
449.828	4.876000
450.145	4.876000
450.145	4.629000
450.462	4.629000
450.462	4.376000
450.779	4.376000
450.779	4.594000
451.095	4.594000
451.095	4.322000
451.411	4.322000
451.411	4.413000
451.728	4.413000
451.728	4.502000
452.045	4.502000
452.045	4.904000
452.362	4.904000
452.362	5.785000
452.713	5.785000
452.713	6.019000
453.064	6.019000
453.064	5.490000
453.413	5.490000
453.413	5.166000
453.73	5.166000
453.73	5.386000
454.045	5.386000
454.045	5.011000
454.362	5.011000
454.362	4.246000
454.678	4.246000
454.678	4.167000
454.995	4.167000
454.995	4.286000
455.312	4.286000
455.312	5.157000
455.664	5.157000
455.664	5.508000
456.014	5.508000
456.014	5.002000
456.366	5.002000
456.366	4.688000
456.683	4.688000
456.683	4.725000
456.997	4.725000
456.997	4.645000
457.312	4.645000
457.312	4.050000
457.629	4.050000
457.629	4.027000
457.946	4.027000
457.946	4.213000
458.263	4.213000
458.263	5.283000
458.58	5.283000
458.58	5.397000
458.897	5.397000
458.897	5.213000
459.213	5.213000
459.213	4.557000
459.531	4.557000
459.531	4.724000
459.849	4.724000
459.849	4.735000
460.166	4.735000
460.166	4.313000
460.483	4.313000
460.483	4.634000
460.8	4.634000
460.8	4.167000
461.117	4.167000
461.117	5.030000
461.469	5.030000
461.469	4.708000
461.818	4.708000
461.818	5.246000
462.169	5.246000
462.169	5.413000
462.52	5.413000
462.52	5.712000
462.872	5.712000
462.872	5.033000
463.223	5.033000
463.223	4.944000
463.54	4.944000
463.54	5.491000
463.856	5.491000
463.856	5.188000
464.171	5.188000
464.171	4.120000
464.487	4.120000
464.487	4.161000
464.804	4.161000
464.804	4.195000
465.121	4.195000
465.121	5.177000
465.438	5.177000
465.438	5.212000
465.753	5.212000
465.753	4.808000
466.07	4.808000
466.07	4.485000
466.386	4.485000
466.386	4.314000
466.703	4.314000
466.703	4.225000
467.018	4.225000
467.018	4.283000
467.331	4.283000
467.331	4.301000
467.648	4.301000
467.648	4.343000
467.965	4.343000
467.965	5.398000
468.282	5.398000
468.282	5.322000
468.599	5.322000
468.599	5.055000
468.914	5.055000
468.914	5.002000
469.231	5.002000
469.231	5.352000
469.548	5.352000
469.548	5.496000
469.864	5.496000
469.864	3.998000
470.181	3.998000
470.181	4.301000
470.498	4.301000
470.498	4.541000
470.815	4.541000
470.815	5.382000
471.132	5.382000
471.132	5.695000
471.446	5.695000
471.446	5.482000
471.761	5.482000
471.761	5.026000
472.078	5.026000
472.078	4.615000
472.395	4.615000
472.395	5.209000
472.711	5.209000
472.711	4.297000
473.027	4.297000
473.027	4.564000
473.344	4.564000
473.344	4.605000
473.661	4.605000
473.661	5.113000
473.978	5.113000
473.978	5.207000
474.294	5.207000
474.294	4.988000
474.611	4.988000
474.611	4.152000
474.926	4.152000
474.926	4.467000
475.242	4.467000
475.242	4.764000
475.559	4.764000
475.559	4.139000
475.875	4.139000
475.875	4.198000
476.191	4.198000
476.191	4.165000
476.508	4.165000
476.508	5.133000
476.825	5.133000
476.825	4.832000
477.141	4.832000
477.141	4.789000
477.458	4.789000
477.458	4.550000
477.777	4.550000
477.777	4.709000
478.096	4.709000
478.096	4.694000
478.416	4.694000
478.416	4.150000
478.732	4.150000
478.732	4.172000
479.048	4.172000
479.048	4.505000
479.364	4.505000
479.364	4.686000
479.68	4.686000
479.68	4.957000
479.996	4.957000
479.996	4.591000
480.312	4.591000
480.312	4.204000
480.629	4.204000
480.629	4.216000
480.946	4.216000
480.946	4.374000
481.262	4.374000
481.262	4.777000
481.579	4.777000
481.579	4.976000
481.895	4.976000
481.895	4.748000
482.212	4.748000
482.212	4.400000
482.529	4.400000
482.529	4.475000
482.845	4.475000
482.845	4.552000
483.162	4.552000
483.162	4.618000
483.479	4.618000
483.479	4.488000
483.796	4.488000
483.796	4.434000
484.113	4.434000
484.113	5.406000
484.43	5.406000
484.43	5.560000
484.746	5.560000
484.746	5.170000
485.063	5.170000
485.063	4.441000
485.379	4.441000
485.379	4.256000
485.693	4.256000
485.693	4.425000
486.01	4.425000
486.01	4.085000
486.325	4.085000
486.325	4.300000
486.641	4.300000
486.641	4.107000
486.956	4.107000
486.956	5.369000
487.273	5.369000
487.273	5.875000
487.59	5.875000
487.59	5.047000
487.907	5.047000
487.907	5.855000
488.259	5.855000
488.259	6.067000
488.611	6.067000
488.611	5.805000
488.963	5.805000
488.963	4.485000
489.278	4.485000
489.278	4.436000
489.595	4.436000
489.595	4.595000
489.912	4.595000
489.912	5.222000
490.229	5.222000
490.229	5.500000
490.545	5.500000
490.545	5.351000
490.861	5.351000
490.861	5.192000
491.178	5.192000
491.178	5.500000
491.495	5.500000
491.495	5.229000
491.812	5.229000
491.812	4.448000
492.128	4.448000
492.128	4.478000
492.445	4.478000
492.445	4.155000
492.762	4.155000
492.762	4.060000
493.079	4.060000
493.079	4.486000
493.396	4.486000
493.396	4.431000
493.713	4.431000
493.713	5.516000
494.03	5.516000
494.03	5.801000
494.347	5.801000
494.347	5.267000
494.663	5.267000
494.663	4.635000
494.978	4.635000
494.978	4.668000
495.295	4.668000
495.295	4.546000
495.612	4.546000
495.612	4.803000
495.963	4.803000
495.963	4.796000
496.314	4.796000
496.314	4.691000
496.666	4.691000
496.666	4.554000
497.018	4.554000
497.018	4.485000
497.367	4.485000
497.367	4.864000
497.719	4.864000
497.719	4.095000
498.035	4.095000
498.035	4.076000
498.352	4.076000
498.352	4.334000
498.669	4.334000
498.669	5.602000
498.986	5.602000
498.986	5.636000
499.302	5.636000
499.302	5.120000
499.619	5.120000
499.619	5.688000
499.936	5.688000
499.936	5.635000
500.251	5.635000
500.251	5.480000
500.566	5.480000
500.566	4.368000
500.882	4.368000
500.882	4.372000
501.199	4.372000
501.199	4.552000
501.516	4.552000
501.516	4.689000
501.867	4.689000
501.867	4.838000
502.216	4.838000
502.216	4.807000
502.568	4.807000
502.568	5.513000
502.885	5.513000
502.885	5.452000
503.202	5.452000
503.202	5.365000
503.517	5.365000
503.517	4.052000
503.834	4.052000
503.834	4.120000
504.151	4.120000
504.151	4.298000
504.469	4.298000
504.469	5.776000
504.786	5.776000
504.786	5.867000
505.101	5.867000
505.101	5.772000
505.416	5.772000
505.416	5.061000
505.733	5.061000
505.733	5.100000
506.049	5.100000
506.049	4.903000
506.364	4.903000
506.364	3.999000
506.681	3.999000
506.681	4.102000
506.998	4.102000
506.998	4.492000
507.315	4.492000
507.315	5.582000
507.667	5.582000
507.667	5.834000
508.019	5.834000
508.019	5.501000
508.369	5.501000
