0.0	8.248000
0.338	8.248000
0.338	8.464000
0.676	8.464000
0.676	7.865000
1.014	7.865000
1.014	7.961000
1.322	7.961000
1.322	7.246000
1.63	7.246000
1.63	7.369000
1.938	7.369000
1.938	7.573000
2.274	7.573000
2.274	8.207000
2.61	8.207000
2.61	7.171000
2.946	7.171000
2.946	5.653000
3.282	5.653000
3.282	5.511000
3.618	5.511000
3.618	5.777000
3.954	5.777000
3.954	5.163000
4.286	5.163000
4.286	6.154000
4.618	6.154000
4.618	5.453000
4.95	5.453000
4.95	8.105000
5.286	8.105000
5.286	8.994000
5.622	8.994000
5.622	9.079000
5.958	9.079000
5.958	6.533000
6.288	6.533000
6.288	6.121000
6.618	6.121000
6.618	7.066000
6.948	7.066000
6.948	6.023000
7.278	6.023000
7.278	6.908000
7.608	6.908000
7.608	5.926000
7.938	5.926000
7.938	8.274000
8.226	8.274000
8.226	7.694000
8.514	7.694000
8.514	7.695000
8.802	7.695000
8.802	6.625000
9.114	6.625000
9.114	6.136000
9.426	6.136000
9.426	5.908000
9.738	5.908000
9.738	6.357000
10.055	6.357000
10.055	6.420000
10.372	6.420000
10.372	6.325000
10.689	6.325000
10.689	8.307000
11.0	8.307000
11.0	8.683000
11.312	8.683000
11.312	7.940000
11.624	7.940000
11.624	5.711000
11.952	5.711000
11.952	5.101000
12.28	5.101000
12.28	5.151000
12.608	5.151000
12.608	9.616000
12.948	9.616000
12.948	9.428000
13.288	9.428000
13.288	9.236000
13.628	9.236000
13.628	5.786000
13.967	5.786000
13.967	5.756000
14.306	5.756000
14.306	6.425000
14.645	6.425000
14.645	6.870000
14.98	6.870000
14.98	6.992000
15.315	6.992000
15.315	6.277000
15.65	6.277000
15.65	9.149000
15.985	9.149000
15.985	9.490000
16.32	9.490000
16.32	9.281000
16.655	9.281000
16.655	5.889000
16.993	5.889000
16.993	6.352000
17.331	6.352000
17.331	6.019000
17.669	6.019000
17.669	6.597000
18.009	6.597000
18.009	5.966000
18.349	5.966000
18.349	7.071000
18.689	7.071000
18.689	6.372000
19.012	6.372000
19.012	6.888000
19.335	6.888000
19.335	6.070000
19.658	6.070000
19.658	6.397000
19.995	6.397000
19.995	6.670000
20.332	6.670000
20.332	5.609000
20.669	5.609000
20.669	9.903000
20.986	9.903000
20.986	6.218000
21.31	6.218000
21.31	7.196000
21.634	7.196000
21.634	6.324000
21.958	6.324000
21.958	9.832000
22.293	9.832000
22.293	9.768000
22.627	9.768000
22.627	9.549000
22.961	9.549000
22.961	6.027000
23.286	6.027000
23.286	6.867000
23.611	6.867000
23.611	6.316000
23.936	6.316000
23.936	5.070000
24.259	5.070000
24.259	6.541000
24.582	6.541000
24.582	5.005000
24.905	5.005000
24.905	7.535000
25.242	7.535000
25.242	8.484000
25.579	8.484000
25.579	8.718000
25.916	8.718000
25.916	6.310000
26.262	6.310000
26.262	5.915000
26.608	5.915000
26.608	6.731000
26.954	6.731000
26.954	6.501000
27.292	6.501000
27.292	6.972000
27.63	6.972000
27.63	6.154000
27.968	6.154000
27.968	9.091000
28.306	9.091000
28.306	8.758000
28.644	8.758000
28.644	9.082000
28.982	9.082000
28.982	5.572000
29.31	5.572000
29.31	5.165000
29.638	5.165000
29.638	5.859000
29.966	5.859000
29.966	8.690000
30.289	8.690000
30.289	9.809000
30.612	9.809000
30.612	5.345000
30.944	5.345000
30.944	6.448000
31.276	6.448000
31.276	5.551000
31.608	5.551000
31.608	9.099000
31.937	9.099000
31.937	8.784000
32.266	8.784000
32.266	8.191000
32.595	8.191000
32.595	9.997000
32.882	9.997000
32.882	9.888000
33.169	9.888000
33.169	5.643000
33.488	5.643000
33.488	5.767000
33.807	5.767000
33.807	6.773000
34.126	6.773000
34.126	5.248000
34.467	5.248000
34.467	6.341000
34.808	6.341000
34.808	5.203000
35.149	5.203000
35.149	7.825000
35.486	7.825000
35.486	9.123000
35.823	9.123000
35.823	9.169000
36.16	9.169000
36.16	5.994000
36.495	5.994000
36.495	6.579000
36.83	6.579000
36.83	5.717000
37.165	5.717000
37.165	5.397000
37.501	5.397000
37.501	5.788000
37.837	5.788000
37.837	4.794000
38.173	4.794000
38.173	7.502000
38.505	7.502000
38.505	9.202000
38.837	9.202000
38.837	9.070000
39.169	9.070000
39.169	6.042000
39.506	6.042000
39.506	6.141000
39.843	6.141000
39.843	6.090000
40.18	6.090000
40.18	6.033000
40.523	6.033000
40.523	5.625000
40.866	5.625000
40.866	5.889000
41.209	5.889000
41.209	9.225000
41.529	9.225000
41.529	9.208000
41.849	9.208000
41.849	9.321000
42.169	9.321000
42.169	5.727000
42.489	5.727000
42.489	6.476000
42.809	6.476000
42.809	5.594000
43.129	5.594000
43.129	6.037000
43.456	6.037000
43.456	5.889000
43.783	5.889000
43.783	6.140000
44.11	6.140000
44.11	9.099000
44.42	9.099000
44.42	9.679000
44.73	9.679000
44.73	9.684000
45.04	9.684000
45.04	9.075000
45.345	9.075000
45.345	8.552000
45.65	8.552000
45.65	8.889000
45.955	8.889000
45.955	5.526000
46.292	5.526000
46.292	6.739000
46.629	6.739000
46.629	5.429000
46.966	5.429000
46.966	7.902000
47.292	7.902000
47.292	9.234000
47.618	9.234000
47.618	8.887000
47.944	8.887000
47.944	5.274000
48.284	5.274000
48.284	5.731000
48.623	5.731000
48.623	5.144000
48.963	5.144000
48.963	9.261000
49.295	9.261000
49.295	9.259000
49.627	9.259000
49.627	9.440000
49.959	9.440000
49.959	5.824000
50.293	5.824000
50.293	6.684000
50.627	6.684000
50.627	5.668000
50.961	5.668000
50.961	5.394000
51.285	5.394000
51.285	6.651000
51.61	6.651000
51.61	5.494000
51.935	5.494000
51.935	8.191000
52.245	8.191000
52.245	9.677000
52.555	9.677000
52.555	9.532000
52.865	9.532000
52.865	6.406000
53.196	6.406000
53.196	6.407000
53.527	6.407000
53.527	6.428000
53.858	6.428000
53.858	7.610000
54.178	7.610000
54.178	8.519000
54.498	8.519000
54.498	8.494000
54.818	8.494000
54.818	5.798000
55.135	5.798000
55.135	7.045000
55.452	7.045000
55.452	6.190000
55.769	6.190000
55.769	7.309000
56.099	7.309000
56.099	6.888000
56.429	6.888000
56.429	7.083000
56.759	7.083000
56.759	6.673000
57.065	6.673000
57.065	6.507000
57.371	6.507000
57.371	5.637000
57.677	5.637000
57.677	5.640000
58.009	5.640000
58.009	6.469000
58.341	6.469000
58.341	5.526000
58.673	5.526000
58.673	9.400000
59.018	9.400000
59.018	9.620000
59.363	9.620000
59.363	9.388000
59.708	9.388000
59.708	6.137000
60.047	6.137000
60.047	6.511000
60.386	6.511000
60.386	5.216000
60.725	5.216000
60.725	5.597000
61.057	5.597000
61.057	5.971000
61.389	5.971000
61.389	4.714000
61.721	4.714000
61.721	9.398000
62.044	9.398000
62.044	9.289000
62.367	9.289000
62.367	9.356000
62.69	9.356000
62.69	6.136000
63.011	6.136000
63.011	6.977000
63.332	6.977000
63.332	6.029000
63.653	6.029000
63.653	6.926000
63.972	6.926000
63.972	6.412000
64.291	6.412000
64.291	6.518000
64.61	6.518000
64.61	6.260000
64.947	6.260000
64.947	6.733000
65.284	6.733000
65.284	5.783000
65.621	5.783000
65.621	8.206000
65.925	8.206000
65.925	9.292000
66.229	9.292000
66.229	9.109000
66.533	9.109000
66.533	8.347000
66.848	8.347000
66.848	9.248000
67.163	9.248000
67.163	7.881000
67.478	7.881000
67.478	7.938000
67.814	7.938000
67.814	7.415000
68.15	7.415000
68.15	7.866000
68.486	7.866000
68.486	9.459000
68.798	9.459000
68.798	9.589000
69.11	9.589000
69.11	9.097000
69.422	9.097000
69.422	9.158000
69.752	9.158000
69.752	8.882000
70.082	8.882000
70.082	8.668000
70.412	8.668000
70.412	5.933000
70.748	5.933000
70.748	6.770000
71.084	6.770000
71.084	5.962000
71.42	5.962000
71.42	5.648000
71.755	5.648000
71.755	6.639000
72.09	6.639000
72.09	5.499000
72.425	5.499000
72.425	6.232000
72.767	6.232000
72.767	5.887000
73.109	5.887000
73.109	6.182000
73.451	6.182000
73.451	8.056000
73.784	8.056000
73.784	8.534000
74.117	8.534000
74.117	8.539000
74.45	8.539000
74.45	5.545000
74.765	5.545000
74.765	5.983000
75.08	5.983000
75.08	5.108000
75.395	5.108000
75.395	6.153000
75.716	6.153000
75.716	6.763000
76.037	6.763000
76.037	6.944000
76.358	6.944000
76.358	8.608000
76.689	8.608000
76.689	9.505000
77.02	9.505000
77.02	9.652000
77.351	9.652000
77.351	5.976000
77.684	5.976000
77.684	5.690000
78.017	5.690000
78.017	7.099000
78.349	7.099000
78.349	3.416000
78.701	3.416000
78.701	3.592000
79.053	3.592000
79.053	3.932000
79.405	3.932000
79.405	7.889000
79.734	7.889000
79.734	7.384000
80.063	7.384000
80.063	7.399000
80.392	7.399000
80.392	6.175000
80.707	6.175000
80.707	6.714000
81.022	6.714000
81.022	5.910000
81.337	5.910000
81.337	5.832000
81.655	5.832000
81.655	5.935000
81.973	5.935000
81.973	6.582000
82.291	6.582000
82.291	5.993000
82.625	5.993000
82.625	5.313000
82.959	5.313000
82.959	5.719000
83.293	5.719000
83.293	5.979000
83.622	5.979000
83.622	6.282000
83.951	6.282000
83.951	6.255000
84.28	6.255000
84.28	8.594000
84.619	8.594000
84.619	8.331000
84.958	8.331000
84.958	8.594000
85.297	8.594000
85.297	6.275000
85.642	6.275000
85.642	5.635000
85.987	5.635000
85.987	6.021000
86.332	6.021000
86.332	6.006000
86.67	6.006000
86.67	5.640000
87.008	5.640000
87.008	6.250000
87.346	6.250000
87.346	7.898000
87.689	7.898000
87.689	8.587000
88.032	8.587000
88.032	8.843000
88.375	8.843000
88.375	6.865000
88.711	6.865000
88.711	6.134000
89.047	6.134000
89.047	7.537000
89.383	7.537000
89.383	6.437000
89.707	6.437000
89.707	5.734000
90.031	5.734000
90.031	6.154000
90.355	6.154000
90.355	9.054000
90.665	9.054000
90.665	8.645000
90.975	8.645000
90.975	8.724000
91.285	8.724000
91.285	6.682000
91.621	6.682000
91.621	5.856000
91.957	5.856000
91.957	6.124000
92.293	6.124000
92.293	5.779000
92.636	5.779000
92.636	5.683000
92.979	5.683000
92.979	5.798000
93.322	5.798000
93.322	9.872000
93.643	9.872000
93.643	6.300000
93.969	6.300000
93.969	5.833000
94.295	5.833000
94.295	6.131000
94.621	6.131000
94.621	6.707000
94.93	6.707000
94.93	7.738000
95.239	7.738000
95.239	6.471000
95.548	6.471000
95.548	8.323000
95.868	8.323000
95.868	9.304000
96.188	9.304000
96.188	9.286000
96.508	9.286000
96.508	6.147000
96.825	6.147000
96.825	6.909000
97.142	6.909000
97.142	5.723000
97.459	5.723000
97.459	8.641000
97.78	8.641000
97.78	9.379000
98.101	9.379000
98.101	9.259000
98.422	9.259000
98.422	5.875000
98.731	5.875000
98.731	7.044000
99.04	7.044000
99.04	6.202000
99.349	6.202000
99.349	6.009000
99.682	6.009000
99.682	6.627000
100.015	6.627000
100.015	5.691000
100.348	5.691000
100.348	9.219000
100.686	9.219000
100.686	9.488000
101.024	9.488000
101.024	9.317000
101.362	9.317000
101.362	5.956000
101.702	5.956000
101.702	6.918000
102.042	6.918000
102.042	5.787000
102.382	5.787000
102.382	5.164000
102.718	5.164000
102.718	6.230000
103.054	6.230000
103.054	5.330000
103.39	5.330000
103.39	9.600000
103.693	9.600000
103.693	9.430000
103.996	9.430000
103.996	9.441000
104.299	9.441000
104.299	5.690000
104.639	5.690000
104.639	6.709000
104.979	6.709000
104.979	5.704000
105.319	5.704000
105.319	5.375000
105.641	5.375000
105.641	6.785000
105.963	6.785000
105.963	5.189000
106.285	5.189000
106.285	8.703000
106.584	8.703000
106.584	9.346000
106.883	9.346000
106.883	9.228000
107.182	9.228000
107.182	5.812000
107.507	5.812000
107.507	6.741000
107.832	6.741000
107.832	5.515000
108.157	5.515000
108.157	5.585000
108.487	5.585000
108.487	5.613000
108.817	5.613000
108.817	6.131000
109.147	6.131000
109.147	8.058000
109.471	8.058000
109.471	8.870000
109.795	8.870000
109.795	8.834000
110.119	8.834000
110.119	6.665000
110.465	6.665000
110.465	6.079000
110.811	6.079000
110.811	6.640000
111.157	6.640000
111.157	8.030000
111.465	8.030000
111.465	7.744000
111.773	7.744000
111.773	7.822000
112.081	7.822000
112.081	9.126000
112.415	9.126000
112.415	9.627000
112.749	9.627000
112.749	9.473000
113.083	9.473000
113.083	6.203000
113.419	6.203000
113.419	6.427000
113.755	6.427000
113.755	6.349000
114.091	6.349000
114.091	6.183000
114.428	6.183000
114.428	6.773000
114.765	6.773000
114.765	5.677000
115.102	5.677000
115.102	7.992000
115.447	7.992000
115.447	9.409000
115.792	9.409000
115.792	9.349000
116.137	9.349000
116.137	5.874000
116.483	5.874000
116.483	5.428000
116.829	5.428000
116.829	5.704000
117.175	5.704000
117.175	6.200000
117.509	6.200000
117.509	5.681000
117.843	5.681000
117.843	5.883000
118.177	5.883000
118.177	8.767000
118.496	8.767000
118.496	8.483000
118.815	8.483000
118.815	8.605000
119.134	8.605000
119.134	6.572000
119.449	6.572000
119.449	7.027000
119.764	7.027000
119.764	6.296000
120.079	6.296000
120.079	6.279000
120.411	6.279000
120.411	6.169000
120.743	6.169000
120.743	6.289000
121.075	6.289000
121.075	7.944000
121.401	7.944000
121.401	8.681000
121.727	8.681000
121.727	8.683000
122.053	8.683000
122.053	6.738000
122.363	6.738000
122.363	6.633000
122.673	6.633000
122.673	6.947000
122.983	6.947000
122.983	8.548000
123.225	8.548000
123.225	7.854000
123.467	7.854000
123.467	8.221000
123.709	8.221000
123.709	8.470000
124.038	8.470000
124.038	9.992000
124.367	9.992000
124.367	6.754000
124.673	6.754000
124.673	6.006000
124.979	6.006000
124.979	6.214000
125.285	6.214000
125.285	5.824000
125.595	5.824000
125.595	6.605000
125.905	6.605000
125.905	6.037000
126.215	6.037000
126.215	8.199000
126.553	8.199000
126.553	9.746000
126.891	9.746000
126.891	9.508000
127.228	9.508000
127.228	6.167000
127.555	6.167000
127.555	7.040000
127.882	7.040000
127.882	5.882000
128.209	5.882000
128.209	5.670000
128.542	5.670000
128.542	5.275000
128.875	5.275000
128.875	5.444000
129.208	5.444000
129.208	5.476000
129.541	5.476000
129.541	6.193000
129.874	6.193000
129.874	5.414000
130.207	5.414000
130.207	6.192000
130.533	6.192000
130.533	5.572000
130.859	5.572000
130.859	6.202000
131.185	6.202000
131.185	6.558000
131.514	6.558000
131.514	6.359000
131.843	6.359000
131.843	6.661000
132.172	6.661000
132.172	8.765000
132.488	8.765000
132.488	9.811000
132.804	9.811000
132.804	9.986000
133.12	9.986000
133.12	6.455000
133.436	6.455000
133.436	6.553000
133.752	6.553000
133.752	6.690000
134.068	6.690000
134.068	6.463000
134.386	6.463000
134.386	6.985000
134.704	6.985000
134.704	6.207000
135.022	6.207000
135.022	9.141000
135.349	9.141000
135.349	8.860000
135.676	8.860000
135.676	9.039000
136.003	9.039000
136.003	8.383000
136.321	8.383000
136.321	8.365000
136.639	8.365000
136.639	8.740000
136.957	8.740000
136.957	5.515000
137.281	5.515000
137.281	6.816000
137.605	6.816000
137.605	5.594000
137.929	5.594000
137.929	5.729000
138.264	5.729000
138.264	6.854000
138.599	6.854000
138.599	5.926000
138.934	5.926000
138.934	8.708000
139.263	8.708000
139.263	9.509000
139.592	9.509000
139.592	9.528000
139.921	9.528000
139.921	5.535000
140.266	5.535000
140.266	5.589000
140.611	5.589000
140.611	6.793000
140.956	6.793000
140.956	8.975000
141.277	8.975000
141.277	9.008000
141.598	9.008000
141.598	9.175000
141.919	9.175000
141.919	5.915000
142.265	5.915000
142.265	6.643000
142.611	6.643000
142.611	5.598000
142.957	5.598000
142.957	6.304000
143.287	6.304000
143.287	7.094000
143.617	7.094000
143.617	6.392000
143.947	6.392000
143.947	9.994000
144.271	9.994000
144.271	9.758000
144.594	9.758000
144.594	9.893000
144.918	9.893000
144.918	5.850000
145.251	5.850000
145.251	6.645000
145.584	6.645000
145.584	5.767000
145.917	5.767000
145.917	9.605000
146.227	9.605000
146.227	9.369000
146.537	9.369000
146.537	9.065000
146.847	9.065000
146.847	9.593000
147.174	9.593000
147.174	9.423000
147.502	9.423000
147.502	9.218000
147.83	9.218000
147.83	6.495000
148.155	6.495000
148.155	7.587000
148.48	7.587000
148.48	6.326000
148.805	6.326000
148.805	6.170000
149.124	6.170000
149.124	6.227000
149.443	6.227000
149.443	6.248000
149.762	6.248000
149.762	6.247000
150.096	6.247000
150.096	5.515000
150.43	5.515000
150.43	5.615000
150.764	5.615000
150.764	6.142000
151.1	6.142000
151.1	6.715000
151.436	6.715000
151.436	5.842000
151.772	5.842000
151.772	8.228000
152.115	8.228000
152.115	8.878000
152.458	8.878000
152.458	8.775000
152.801	8.775000
152.801	5.670000
153.105	5.670000
153.105	5.946000
153.409	5.946000
153.409	6.401000
153.713	6.401000
153.713	5.504000
154.043	5.504000
154.043	5.296000
154.373	5.296000
154.373	5.567000
154.703	5.567000
154.703	8.239000
155.023	8.239000
155.023	8.522000
155.343	8.522000
155.343	8.768000
155.663	8.768000
155.663	5.874000
155.998	5.874000
155.998	6.818000
156.333	6.818000
156.333	5.802000
156.668	5.802000
156.668	6.784000
156.985	6.784000
156.985	6.199000
157.302	6.199000
157.302	7.341000
157.619	7.341000
157.619	8.015000
157.953	8.015000
157.953	9.062000
158.287	9.062000
158.287	9.172000
158.621	9.172000
158.621	6.754000
158.953	6.754000
158.953	7.448000
159.285	7.448000
159.285	6.493000
159.617	6.493000
159.617	6.831000
159.936	6.831000
159.936	7.054000
160.255	7.054000
160.255	6.515000
160.574	6.515000
160.574	9.013000
160.89	9.013000
160.89	9.828000
161.206	9.828000
161.206	6.148000
161.534	6.148000
161.534	6.993000
161.862	6.993000
161.862	6.216000
162.19	6.216000
162.19	7.653000
162.506	7.653000
162.506	8.490000
162.822	8.490000
162.822	7.610000
163.138	7.610000
163.138	7.666000
163.449	7.666000
163.449	8.956000
163.76	8.956000
163.76	9.204000
164.071	9.204000
164.071	6.683000
164.403	6.683000
164.403	6.088000
164.735	6.088000
164.735	6.127000
165.067	6.127000
165.067	5.912000
165.395	5.912000
165.395	6.978000
165.723	6.978000
165.723	6.268000
166.051	6.268000
166.051	8.002000
166.378	8.002000
166.378	9.180000
166.705	9.180000
166.705	9.164000
167.032	9.164000
167.032	5.604000
167.371	5.604000
167.371	6.158000
167.71	6.158000
167.71	5.312000
168.049	5.312000
168.049	5.853000
168.375	5.853000
168.375	5.811000
168.701	5.811000
168.701	6.729000
169.027	6.729000
169.027	8.489000
169.337	8.489000
169.337	9.885000
169.647	9.885000
169.647	6.777000
169.972	6.777000
169.972	6.231000
170.297	6.231000
170.297	6.367000
170.622	6.367000
170.622	5.880000
170.945	5.880000
170.945	6.629000
171.268	6.629000
171.268	5.519000
171.591	5.519000
171.591	8.393000
171.909	8.393000
171.909	9.581000
172.227	9.581000
172.227	9.477000
172.545	9.477000
172.545	6.996000
172.864	6.996000
172.864	7.318000
173.182	7.318000
173.182	6.529000
173.501	6.529000
173.501	6.404000
173.834	6.404000
173.834	5.931000
174.167	5.931000
174.167	7.095000
174.5	7.095000
174.5	6.526000
174.833	6.526000
174.833	7.205000
175.166	7.205000
175.166	7.055000
175.499	7.055000
175.499	6.329000
175.831	6.329000
175.831	5.786000
176.163	5.786000
176.163	6.820000
176.495	6.820000
176.495	8.676000
176.818	8.676000
176.818	8.516000
177.141	8.516000
177.141	8.863000
177.463	8.863000
177.463	6.013000
177.806	6.013000
177.806	6.152000
178.149	6.152000
178.149	6.640000
178.492	6.640000
178.492	6.811000
178.831	6.811000
178.831	6.345000
179.17	6.345000
179.17	7.090000
179.509	7.090000
179.509	7.911000
179.837	7.911000
179.837	8.274000
180.164	8.274000
180.164	8.127000
180.491	8.127000
180.491	6.028000
180.821	6.028000
180.821	6.109000
181.151	6.109000
181.151	6.310000
181.48	6.310000
181.48	5.663000
181.808	5.663000
181.808	6.932000
182.136	6.932000
182.136	5.766000
182.464	5.766000
182.464	8.585000
182.778	8.585000
182.778	9.506000
183.092	9.506000
183.092	9.305000
183.406	9.305000
183.406	6.732000
183.72	6.732000
183.72	8.051000
184.034	8.051000
184.034	6.975000
184.348	6.975000
184.348	6.525000
184.685	6.525000
184.685	6.676000
185.022	6.676000
185.022	5.663000
185.359	5.663000
185.359	9.554000
185.691	9.554000
185.691	9.974000
186.023	9.974000
186.023	5.935000
186.35	5.935000
186.35	5.529000
186.677	5.529000
186.677	6.045000
187.004	6.045000
187.004	5.688000
187.333	5.688000
187.333	5.755000
187.662	5.755000
187.662	6.346000
187.991	6.346000
187.991	8.900000
188.317	8.900000
188.317	9.398000
188.643	9.398000
188.643	9.655000
188.969	9.655000
188.969	6.903000
189.303	6.903000
189.303	7.959000
189.637	7.959000
189.637	6.760000
189.971	6.760000
189.971	6.948000
190.311	6.948000
190.311	7.343000
190.651	7.343000
190.651	6.216000
190.991	6.216000
190.991	2.884000
192.15	2.884000
192.15	2.892000
193.309	2.892000
193.309	2.905000
194.468	2.905000
194.468	2.411000
195.668	2.411000
195.668	2.428000
196.868	2.428000
196.868	2.435000
198.068	2.435000
198.068	5.677000
198.288	5.677000
198.288	5.698000
198.508	5.698000
198.508	5.937000
198.728	5.937000
198.728	8.155000
198.883	8.155000
198.883	9.494000
199.038	9.494000
199.038	9.462000
199.193	9.462000
199.193	5.247000
199.369	5.247000
199.369	5.896000
199.545	5.896000
199.545	6.147000
199.721	6.147000
199.721	6.797000
199.861	6.797000
199.861	7.793000
200.001	7.793000
200.001	7.618000
200.141	7.618000
200.141	6.543000
200.3	6.543000
200.3	6.722000
200.459	6.722000
200.459	5.950000
200.618	5.950000
200.618	8.776000
200.761	8.776000
200.761	8.759000
200.904	8.759000
200.904	8.537000
201.047	8.537000
201.047	7.820000
201.197	7.820000
201.197	8.089000
201.347	8.089000
201.347	7.300000
201.497	7.300000
201.497	7.631000
201.616	7.631000
201.616	7.016000
201.735	7.016000
201.735	6.840000
201.854	6.840000
201.854	8.886000
202.187	8.886000
202.187	9.242000
202.52	9.242000
202.52	9.233000
202.853	9.233000
202.853	5.462000
203.192	5.462000
203.192	5.462000
203.531	5.462000
203.531	5.612000
203.87	5.612000
203.87	6.143000
204.206	6.143000
204.206	6.578000
204.542	6.578000
204.542	6.782000
204.878	6.782000
204.878	8.037000
205.211	8.037000
205.211	8.885000
205.544	8.885000
205.544	8.593000
205.877	8.593000
205.877	6.391000
206.219	6.391000
206.219	5.781000
206.561	5.781000
206.561	6.150000
206.903	6.150000
206.903	5.679000
207.238	5.679000
207.238	6.789000
207.572	6.789000
207.572	6.006000
207.907	6.006000
207.907	9.849000
208.238	9.849000
208.238	9.758000
208.569	9.758000
208.569	9.306000
208.9	9.306000
208.9	6.836000
209.226	6.836000
209.226	6.575000
209.552	6.575000
209.552	6.283000
209.878	6.283000
209.878	6.878000
210.194	6.878000
210.194	6.658000
210.51	6.658000
210.51	6.664000
210.826	6.664000
210.826	8.619000
211.158	8.619000
211.158	8.974000
211.476	8.974000
211.476	9.197000
211.794	9.197000
211.794	8.644000
212.112	8.644000
212.112	6.550000
212.43	6.550000
212.43	6.088000
212.748	6.088000
212.748	6.591000
213.066	6.591000
213.066	9.997000
213.372	9.997000
213.372	8.203000
213.662	8.203000
213.662	7.072000
213.951	7.072000
213.951	7.232000
214.24	7.232000
214.24	8.785000
214.521	8.785000
214.521	8.436000
214.802	8.436000
214.802	8.136000
215.083	8.136000
215.083	8.319000
215.404	8.319000
215.404	9.503000
215.725	9.503000
215.725	9.744000
216.046	9.744000
216.046	6.276000
216.373	6.276000
216.373	6.420000
216.7	6.420000
216.7	5.542000
217.027	5.542000
217.027	5.696000
217.364	5.696000
217.364	7.054000
217.701	7.054000
217.701	5.909000
218.038	5.909000
218.038	7.874000
218.372	7.874000
218.372	9.240000
218.705	9.240000
218.705	9.074000
219.038	9.074000
219.038	5.747000
219.363	5.747000
219.363	6.376000
219.688	6.376000
219.688	5.723000
220.013	5.723000
220.013	5.975000
220.343	5.975000
220.343	5.922000
220.673	5.922000
220.673	5.766000
221.003	5.766000
221.003	8.136000
221.336	8.136000
221.336	9.025000
221.669	9.025000
221.669	9.046000
222.002	9.046000
222.002	5.657000
222.34	5.657000
222.34	6.460000
222.678	6.460000
222.678	5.338000
223.016	5.338000
223.016	5.612000
223.346	5.612000
223.346	7.226000
223.676	7.226000
223.676	5.975000
224.006	5.975000
224.006	8.571000
224.338	8.571000
224.338	9.552000
224.67	9.552000
224.67	9.856000
225.002	9.856000
225.002	5.881000
225.336	5.881000
225.336	6.993000
225.67	6.993000
225.67	5.547000
226.004	5.547000
226.004	7.649000
226.319	7.649000
226.319	8.037000
226.634	8.037000
226.634	8.935000
226.949	8.935000
226.949	8.716000
227.259	8.716000
227.259	9.536000
227.569	9.536000
227.569	9.730000
227.879	9.730000
227.879	8.880000
228.212	8.880000
228.212	9.276000
228.545	9.276000
228.545	9.070000
228.878	9.070000
228.878	5.700000
229.215	5.700000
229.215	6.612000
229.552	6.612000
229.552	5.578000
229.889	5.578000
229.889	5.985000
230.228	5.985000
230.228	5.777000
230.568	5.777000
230.568	5.906000
230.908	5.906000
230.908	9.080000
231.252	9.080000
231.252	9.036000
231.596	9.036000
231.596	9.015000
231.94	9.015000
231.94	6.113000
232.286	6.113000
232.286	5.508000
232.632	5.508000
232.632	6.122000
232.978	6.122000
232.978	5.817000
233.318	5.817000
233.318	6.569000
233.658	6.569000
233.658	5.451000
233.998	5.451000
233.998	8.644000
234.33	8.644000
234.33	9.739000
234.662	9.739000
234.662	9.897000
234.994	9.897000
234.994	6.743000
235.317	6.743000
235.317	7.413000
235.64	7.413000
235.64	6.521000
235.963	6.521000
235.963	6.412000
236.301	6.412000
236.301	6.910000
236.639	6.910000
236.639	6.127000
236.977	6.127000
236.977	9.419000
237.32	9.419000
237.32	9.243000
237.663	9.243000
237.663	9.119000
238.006	9.119000
238.006	9.316000
238.328	9.316000
238.328	9.263000
238.65	9.263000
238.65	9.981000
238.972	9.981000
238.972	5.674000
239.302	5.674000
239.302	5.912000
239.632	5.912000
239.632	6.705000
239.962	6.705000
239.962	9.813000
240.278	9.813000
240.278	5.628000
240.598	5.628000
240.598	6.979000
240.918	6.979000
240.918	5.686000
241.238	5.686000
241.238	7.951000
241.565	7.951000
241.565	9.169000
241.891	9.169000
241.891	9.264000
242.217	9.264000
242.217	5.895000
242.549	5.895000
242.549	7.198000
242.881	7.198000
242.881	5.597000
243.213	5.597000
243.213	6.007000
243.536	6.007000
243.536	5.724000
243.859	5.724000
243.859	6.048000
244.182	6.048000
244.182	8.046000
244.524	8.046000
244.524	9.398000
244.865	9.398000
244.865	9.180000
245.207	9.180000
245.207	6.247000
245.547	6.247000
245.547	7.009000
245.887	7.009000
245.887	6.045000
246.227	6.045000
246.227	6.405000
246.556	6.405000
246.556	5.816000
246.885	5.816000
246.885	7.131000
247.214	7.131000
247.214	8.642000
247.524	8.642000
247.524	9.630000
247.834	9.630000
247.834	9.574000
248.144	9.574000
248.144	6.073000
248.466	6.073000
248.466	6.142000
248.788	6.142000
248.788	6.287000
249.11	6.287000
249.11	5.745000
249.448	5.745000
249.448	6.772000
249.786	6.772000
249.786	6.108000
250.124	6.108000
250.124	5.564000
250.432	5.564000
250.432	6.550000
250.74	6.550000
250.74	5.152000
251.048	5.152000
251.048	6.907000
251.367	6.907000
251.367	7.678000
251.686	7.678000
251.686	6.693000
252.005	6.693000
252.005	8.337000
252.33	8.337000
252.33	9.166000
252.655	9.166000
252.655	9.377000
252.98	9.377000
252.98	5.480000
253.312	5.480000
253.312	6.389000
253.644	6.389000
253.644	5.285000
253.976	5.285000
253.976	6.117000
254.31	6.117000
254.31	7.583000
254.644	7.583000
254.644	6.162000
254.978	6.162000
254.978	8.304000
255.313	8.304000
255.313	9.373000
255.647	9.373000
255.647	9.311000
255.981	9.311000
255.981	6.204000
256.311	6.204000
256.311	7.190000
256.641	7.190000
256.641	5.669000
256.971	5.669000
256.971	7.967000
257.292	7.967000
257.292	9.231000
257.612	9.231000
257.612	9.396000
257.932	9.396000
257.932	5.621000
258.27	5.621000
258.27	5.306000
258.608	5.306000
258.608	6.352000
258.946	6.352000
258.946	7.214000
259.277	7.214000
259.277	7.620000
259.608	7.620000
259.608	6.766000
259.939	6.766000
259.939	8.157000
260.266	8.157000
260.266	9.612000
260.593	9.612000
260.593	9.972000
260.92	9.972000
260.92	7.741000
261.239	7.741000
261.239	9.227000
261.558	9.227000
261.558	8.946000
261.877	8.946000
261.877	5.708000
262.215	5.708000
262.215	6.575000
262.553	6.575000
262.553	5.728000
262.891	5.728000
262.891	6.018000
263.233	6.018000
263.233	5.810000
263.575	5.810000
263.575	5.832000
263.917	5.832000
263.917	5.600000
264.239	5.600000
264.239	5.660000
264.561	5.660000
264.561	5.767000
264.883	5.767000
264.883	8.478000
265.204	8.478000
265.204	8.605000
265.524	8.605000
265.524	8.657000
265.844	8.657000
265.844	6.172000
266.158	6.172000
266.158	6.485000
266.472	6.485000
266.472	5.634000
266.786	5.634000
266.786	6.484000
267.123	6.484000
267.123	7.827000
267.46	7.827000
267.46	6.625000
267.797	6.625000
267.797	6.214000
268.134	6.214000
268.134	5.803000
268.472	5.803000
268.472	5.850000
268.81	5.850000
268.81	6.004000
269.152	6.004000
269.152	5.762000
269.494	5.762000
269.494	6.092000
269.836	6.092000
269.836	9.117000
270.161	9.117000
270.161	8.626000
270.487	8.626000
270.487	8.716000
270.813	8.716000
270.813	6.021000
271.14	6.021000
271.14	6.798000
271.467	6.798000
271.467	6.061000
271.794	6.061000
271.794	9.079000
272.113	9.079000
272.113	9.419000
272.432	9.419000
272.432	9.561000
272.751	9.561000
272.751	5.832000
273.086	5.832000
273.086	5.413000
273.421	5.413000
273.421	6.637000
273.756	6.637000
273.756	5.914000
274.05	5.914000
274.05	6.772000
274.344	6.772000
274.344	6.109000
274.638	6.109000
274.638	9.190000
274.963	9.190000
274.963	5.874000
275.29	5.874000
275.29	6.500000
275.617	6.500000
275.617	5.742000
275.944	5.742000
275.944	6.814000
276.289	6.814000
276.289	6.149000
276.634	6.149000
276.634	6.100000
276.979	6.100000
276.979	8.517000
277.321	8.517000
277.321	9.748000
277.663	9.748000
277.663	9.970000
278.005	9.970000
278.005	6.547000
278.344	6.547000
278.344	6.429000
278.683	6.429000
278.683	6.953000
279.022	6.953000
279.022	6.291000
279.36	6.291000
279.36	6.134000
279.698	6.134000
279.698	7.249000
280.036	7.249000
280.036	6.095000
280.372	6.095000
280.372	6.959000
280.708	6.959000
280.708	5.831000
281.044	5.831000
281.044	5.551000
281.341	5.551000
281.341	6.882000
281.638	6.882000
281.638	5.146000
281.935	5.146000
281.935	6.206000
282.264	6.206000
282.264	6.418000
282.593	6.418000
282.593	5.539000
282.922	5.539000
282.922	6.316000
283.234	6.316000
283.234	6.175000
283.546	6.175000
283.546	6.066000
283.858	6.066000
283.858	7.833000
284.157	7.833000
284.157	8.131000
284.455	8.131000
284.455	7.808000
284.753	7.808000
284.753	5.549000
285.082	5.549000
285.082	6.749000
285.411	6.749000
285.411	5.234000
285.74	5.234000
285.74	7.914000
286.064	7.914000
286.064	9.311000
286.388	9.311000
286.388	8.871000
286.712	8.871000
286.712	5.980000
287.05	5.980000
287.05	6.089000
287.388	6.089000
287.388	6.897000
287.726	6.897000
287.726	0.000000
287.726	0.000000
287.726	0.000000
287.726	0.000000
287.726	0.000000
287.726	0.000000
287.726	8.347000
288.076	8.347000
288.076	8.089000
288.426	8.089000
288.426	8.228000
288.776	8.228000
288.776	7.936000
289.128	7.936000
289.128	8.032000
289.481	8.032000
289.481	7.470000
289.834	7.470000
289.834	8.472000
290.174	8.472000
290.174	8.941000
290.513	8.941000
290.513	8.830000
290.852	8.830000
290.852	9.123000
291.204	9.123000
291.204	8.065000
291.556	8.065000
291.556	8.263000
291.908	8.263000
291.908	9.147000
292.258	9.147000
292.258	9.073000
292.608	9.073000
292.608	8.624000
292.958	8.624000
292.958	9.837000
293.307	9.837000
293.307	9.394000
293.656	9.394000
293.656	9.033000
294.005	9.033000
294.005	9.002000
294.352	9.002000
294.352	9.081000
294.699	9.081000
294.699	8.159000
295.046	8.159000
295.046	9.171000
295.387	9.171000
295.387	9.766000
295.728	9.766000
295.728	9.777000
296.069	9.777000
296.069	9.835000
296.421	9.835000
296.421	9.954000
296.773	9.954000
296.773	8.983000
297.126	8.983000
297.126	8.994000
297.479	8.994000
297.479	8.467000
297.832	8.467000
297.832	7.877000
298.164	7.877000
298.164	6.897000
298.496	6.897000
298.496	6.951000
298.828	6.951000
298.828	8.722000
299.18	8.722000
299.18	7.822000
299.532	7.822000
299.532	8.020000
299.884	8.020000
299.884	8.365000
300.236	8.365000
300.236	8.033000
300.588	8.033000
300.588	8.822000
300.94	8.822000
300.94	9.542000
301.284	9.542000
301.284	9.288000
301.628	9.288000
301.628	9.391000
301.972	9.391000
301.972	8.751000
302.326	8.751000
302.326	9.006000
302.68	9.006000
302.68	7.790000
303.034	7.790000
303.034	8.995000
303.388	8.995000
303.388	8.850000
303.742	8.850000
303.742	8.901000
304.096	8.901000
304.096	9.880000
304.444	9.880000
304.444	9.886000
304.792	9.886000
304.792	9.444000
305.139	9.444000
305.139	9.347000
305.486	9.347000
305.486	9.595000
305.821	9.595000
305.821	9.082000
306.17	9.082000
306.17	8.950000
306.519	8.950000
306.519	8.684000
306.868	8.684000
306.868	8.012000
307.216	8.012000
307.216	8.765000
307.564	8.765000
307.564	7.950000
307.912	7.950000
307.912	8.396000
308.249	8.396000
308.249	8.467000
308.586	8.467000
308.586	8.498000
308.923	8.498000
308.923	7.577000
309.271	7.577000
309.271	7.607000
309.619	7.607000
309.619	7.124000
309.967	7.124000
309.967	8.086000
310.32	8.086000
310.32	7.944000
310.673	7.944000
310.673	8.229000
311.026	8.229000
311.026	9.223000
311.379	9.223000
311.379	9.078000
311.732	9.078000
311.732	8.709000
312.085	8.709000
312.085	9.303000
312.434	9.303000
312.434	9.283000
312.783	9.283000
312.783	9.769000
313.132	9.769000
313.132	9.165000
313.472	9.165000
313.472	9.319000
313.812	9.319000
313.812	9.087000
314.152	9.087000
314.152	9.113000
314.505	9.113000
314.505	9.275000
314.858	9.275000
314.858	8.355000
315.211	8.355000
315.211	9.718000
315.561	9.718000
315.561	9.257000
315.911	9.257000
315.911	9.985000
316.261	9.985000
316.261	9.983000
316.613	9.983000
316.613	9.876000
316.965	9.876000
316.965	7.922000
317.31	7.922000
317.31	8.538000
317.655	8.538000
317.655	8.628000
318.0	8.628000
318.0	9.059000
318.353	9.059000
318.353	8.706000
318.706	8.706000
318.706	8.650000
319.059	8.650000
319.059	8.448000
319.413	8.448000
319.413	8.148000
319.767	8.148000
319.767	7.416000
320.121	7.416000
320.121	8.829000
320.467	8.829000
320.467	9.645000
320.813	9.645000
320.813	7.941000
321.165	7.941000
321.165	8.177000
321.517	8.177000
321.517	7.593000
321.869	7.593000
321.869	8.810000
322.222	8.810000
322.222	8.416000
322.575	8.416000
322.575	8.372000
322.928	8.372000
322.928	8.773000
323.277	8.773000
323.277	8.821000
323.626	8.821000
323.626	8.562000
323.975	8.562000
323.975	8.645000
324.326	8.645000
324.326	8.147000
324.677	8.147000
324.677	8.308000
325.028	8.308000
325.028	8.868000
325.38	8.868000
325.38	8.649000
325.732	8.649000
325.732	8.918000
326.084	8.918000
326.084	9.503000
326.421	9.503000
326.421	9.139000
326.758	9.139000
326.758	9.406000
327.095	9.406000
327.095	9.008000
327.445	9.008000
327.445	7.811000
327.795	7.811000
327.795	7.469000
328.145	7.469000
328.145	8.326000
328.496	8.326000
328.496	8.699000
328.847	8.699000
328.847	8.695000
329.198	8.695000
329.198	9.578000
329.541	9.578000
329.541	9.813000
329.894	9.813000
329.894	9.595000
330.247	9.595000
330.247	8.959000
330.6	8.959000
330.6	8.524000
330.95	8.524000
330.95	8.194000
331.3	8.194000
331.3	7.895000
331.65	7.895000
331.65	9.380000
331.993	9.380000
331.993	8.544000
332.336	8.544000
332.336	8.477000
332.679	8.477000
332.679	9.528000
333.031	9.528000
333.031	8.883000
333.383	8.883000
333.383	8.544000
333.735	8.544000
333.735	9.383000
334.089	9.383000
334.089	9.057000
334.443	9.057000
334.443	8.849000
334.797	8.849000
334.797	8.997000
335.148	8.997000
335.148	9.546000
335.499	9.546000
335.499	9.374000
335.85	9.374000
335.85	8.606000
336.201	8.606000
336.201	8.760000
336.552	8.760000
336.552	7.769000
336.903	7.769000
336.903	7.668000
337.248	7.668000
337.248	7.834000
337.593	7.834000
337.593	7.669000
337.938	7.669000
337.938	8.723000
338.286	8.723000
338.286	9.769000
338.634	9.769000
338.634	9.908000
338.982	9.908000
338.982	8.856000
339.332	8.856000
339.332	7.989000
339.682	7.989000
339.682	8.093000
340.032	8.093000
340.032	9.782000
340.38	9.782000
340.38	9.603000
340.728	9.603000
340.728	9.854000
341.063	9.854000
341.063	8.854000
341.41	8.854000
341.41	8.088000
341.757	8.088000
341.757	7.993000
342.104	7.993000
342.104	8.585000
342.451	8.585000
342.451	9.111000
342.798	9.111000
342.798	9.146000
343.145	9.146000
343.145	9.286000
343.494	9.286000
343.494	9.477000
343.843	9.477000
343.843	9.069000
344.192	9.069000
344.192	9.544000
344.54	9.544000
344.54	9.459000
344.888	9.459000
344.888	9.630000
345.236	9.630000
345.236	8.432000
345.545	8.432000
345.545	7.455000
345.854	7.455000
345.854	7.646000
346.163	7.646000
346.163	8.229000
346.509	8.229000
346.509	8.864000
346.855	8.864000
346.855	8.870000
347.201	8.870000
347.201	7.592000
347.555	7.592000
347.555	7.493000
347.909	7.493000
347.909	7.286000
348.263	7.286000
348.263	8.593000
348.609	8.593000
348.609	9.571000
348.954	9.571000
348.954	9.400000
349.299	9.400000
349.299	9.408000
349.648	9.408000
349.648	8.597000
349.997	8.597000
349.997	8.259000
350.346	8.259000
350.346	9.750000
350.693	9.750000
350.693	8.874000
351.04	8.874000
351.04	9.266000
351.387	9.266000
351.387	8.741000
351.695	8.741000
351.695	8.964000
352.003	8.964000
352.003	9.169000
352.311	9.169000
352.311	8.892000
352.656	8.892000
352.656	8.754000
353.001	8.754000
353.001	9.280000
353.346	9.280000
353.346	8.324000
353.693	8.324000
353.693	8.569000
354.04	8.569000
354.04	8.631000
354.387	8.631000
354.387	9.963000
354.741	9.963000
