0.0	5.504000
0.317	5.504000
0.317	5.607000
0.635	5.607000
0.635	5.707000
0.953	5.707000
0.953	5.087000
1.271	5.087000
1.271	5.299000
1.589	5.299000
1.589	4.979000
1.907	4.979000
1.907	4.534000
2.225	4.534000
2.225	4.577000
2.543	4.577000
2.543	4.400000
2.861	4.400000
2.861	4.355000
3.178	4.355000
3.178	4.378000
3.496	4.378000
3.496	4.363000
3.814	4.363000
3.814	4.440000
4.132	4.440000
4.132	5.000000
4.45	5.000000
4.45	4.579000
4.768	4.579000
4.768	4.492000
5.086	4.492000
5.086	4.921000
5.404	4.921000
5.404	4.309000
5.722	4.309000
5.722	4.496000
6.04	4.496000
6.04	4.419000
6.358	4.419000
6.358	4.488000
6.676	4.488000
6.676	4.136000
6.994	4.136000
6.994	4.344000
7.312	4.344000
7.312	4.553000
7.629	4.553000
7.629	4.967000
7.982	4.967000
7.982	4.717000
8.335	4.717000
8.335	4.604000
8.688	4.604000
8.688	4.602000
9.005	4.602000
9.005	4.475000
9.323	4.475000
9.323	4.471000
9.641	4.471000
9.641	4.530000
9.994	4.530000
9.994	4.792000
10.347	4.792000
10.347	4.851000
10.7	4.851000
10.7	4.786000
11.018	4.786000
11.018	5.176000
11.336	5.176000
11.336	4.722000
11.654	4.722000
11.654	4.769000
12.006	4.769000
12.006	4.699000
12.359	4.699000
12.359	4.758000
12.712	4.758000
12.712	4.049000
13.03	4.049000
13.03	4.486000
13.348	4.486000
13.348	3.992000
13.666	3.992000
13.666	4.945000
14.019	4.945000
14.019	5.045000
14.372	5.045000
14.372	4.666000
14.725	4.666000
14.725	4.427000
15.077	4.427000
15.077	4.591000
15.43	4.591000
15.43	4.600000
15.783	4.600000
15.783	4.572000
16.101	4.572000
16.101	4.981000
16.419	4.981000
16.419	4.410000
16.737	4.410000
16.737	4.643000
17.055	4.643000
17.055	4.444000
17.373	4.444000
17.373	4.127000
17.691	4.127000
17.691	4.809000
18.044	4.809000
18.044	5.203000
18.398	5.203000
18.398	5.117000
18.752	5.117000
18.752	4.967000
19.071	4.967000
19.071	5.423000
19.39	5.423000
19.39	4.651000
19.709	4.651000
19.709	4.791000
20.062	4.791000
20.062	5.230000
20.414	5.230000
20.414	4.584000
20.767	4.584000
20.767	4.846000
21.084	4.846000
21.084	4.637000
21.402	4.637000
21.402	4.685000
21.72	4.685000
21.72	4.700000
22.038	4.700000
22.038	5.054000
22.355	5.054000
22.355	4.468000
22.673	4.468000
22.673	4.597000
22.991	4.597000
22.991	4.226000
23.308	4.226000
23.308	4.694000
23.625	4.694000
23.625	4.534000
23.943	4.534000
23.943	4.311000
24.261	4.311000
24.261	4.442000
24.579	4.442000
24.579	4.402000
24.897	4.402000
24.897	4.087000
25.213	4.087000
25.213	4.033000
25.531	4.033000
25.531	3.954000
25.849	3.954000
25.849	3.917000
26.167	3.917000
26.167	3.891000
26.484	3.891000
26.484	4.723000
26.837	4.723000
26.837	4.714000
27.19	4.714000
27.19	4.736000
27.543	4.736000
27.543	4.097000
27.861	4.097000
27.861	3.960000
28.177	3.960000
28.177	4.194000
28.495	4.194000
28.495	4.528000
28.813	4.528000
28.813	4.948000
29.13	4.948000
29.13	4.431000
29.448	4.431000
29.448	4.526000
29.801	4.526000
29.801	4.442000
30.154	4.442000
30.154	4.550000
30.507	4.550000
30.507	4.759000
30.825	4.759000
30.825	4.691000
31.142	4.691000
31.142	4.405000
31.46	4.405000
31.46	4.592000
31.778	4.592000
31.778	4.961000
32.095	4.961000
32.095	4.471000
32.413	4.471000
32.413	4.647000
32.766	4.647000
32.766	5.055000
33.12	5.055000
33.12	5.131000
33.474	5.131000
33.474	5.223000
33.792	5.223000
33.792	5.435000
34.109	5.435000
34.109	4.533000
34.427	4.533000
34.427	4.190000
34.745	4.190000
34.745	4.138000
35.063	4.138000
35.063	4.398000
35.381	4.398000
35.381	4.528000
35.698	4.528000
35.698	4.644000
36.016	4.644000
36.016	4.661000
36.334	4.661000
36.334	5.119000
36.687	5.119000
36.687	5.322000
37.039	5.322000
37.039	4.922000
37.392	4.922000
37.392	4.707000
37.71	4.707000
37.71	4.652000
38.027	4.652000
38.027	4.797000
38.345	4.797000
38.345	5.057000
38.699	5.057000
38.699	4.938000
39.053	4.938000
39.053	5.004000
39.407	5.004000
39.407	4.428000
39.725	4.428000
39.725	4.708000
40.041	4.708000
40.041	4.881000
40.359	4.881000
40.359	4.607000
40.712	4.607000
40.712	4.900000
41.064	4.900000
41.064	4.400000
41.417	4.400000
41.417	4.692000
41.769	4.692000
41.769	4.601000
42.122	4.601000
42.122	4.449000
42.475	4.449000
42.475	4.092000
42.793	4.092000
42.793	3.753000
43.111	3.753000
43.111	4.024000
43.429	4.024000
43.429	4.609000
43.747	4.609000
43.747	4.760000
44.063	4.760000
44.063	4.982000
44.381	4.982000
44.381	4.662000
44.734	4.662000
44.734	4.372000
45.087	4.372000
45.087	4.333000
45.44	4.333000
45.44	4.333000
45.758	4.333000
45.758	4.517000
46.074	4.517000
46.074	4.387000
46.392	4.387000
46.392	4.512000
46.71	4.512000
46.71	4.323000
47.026	4.323000
47.026	4.386000
47.344	4.386000
47.344	4.230000
47.697	4.230000
47.697	4.651000
48.05	4.651000
48.05	4.570000
48.403	4.570000
48.403	4.299000
48.721	4.299000
48.721	4.185000
49.039	4.185000
49.039	4.468000
49.357	4.468000
49.357	4.550000
49.675	4.550000
49.675	4.579000
49.992	4.579000
49.992	4.314000
50.31	4.314000
50.31	4.351000
50.627	4.351000
50.627	4.354000
50.945	4.354000
50.945	4.242000
51.263	4.242000
51.263	4.844000
51.581	4.844000
51.581	4.814000
51.899	4.814000
51.899	4.768000
52.217	4.768000
52.217	4.737000
52.57	4.737000
52.57	4.553000
52.923	4.553000
52.923	4.667000
53.276	4.667000
53.276	4.659000
53.629	4.659000
53.629	4.825000
53.982	4.825000
53.982	4.762000
54.335	4.762000
54.335	5.086000
54.688	5.086000
54.688	5.121000
55.041	5.121000
55.041	4.953000
55.394	4.953000
55.394	4.647000
55.711	4.647000
55.711	4.872000
56.028	4.872000
56.028	4.497000
56.345	4.497000
56.345	4.795000
56.698	4.795000
56.698	4.898000
57.05	4.898000
57.05	4.711000
57.403	4.711000
57.403	4.579000
57.721	4.579000
57.721	4.823000
58.038	4.823000
58.038	4.796000
58.355	4.796000
58.355	4.971000
58.673	4.971000
58.673	4.779000
58.989	4.779000
58.989	4.590000
59.307	4.590000
59.307	4.666000
59.624	4.666000
59.624	4.678000
59.941	4.678000
59.941	4.615000
60.259	4.615000
60.259	4.364000
60.577	4.364000
60.577	4.615000
60.895	4.615000
60.895	4.618000
61.213	4.618000
61.213	4.787000
61.531	4.787000
61.531	5.067000
61.849	5.067000
61.849	4.441000
62.167	4.441000
62.167	4.682000
62.522	4.682000
62.522	4.677000
62.876	4.677000
62.876	4.817000
63.231	4.817000
63.231	5.460000
63.549	5.460000
63.549	5.773000
63.867	5.773000
63.867	5.470000
64.184	5.470000
64.184	4.710000
64.502	4.710000
64.502	4.750000
64.82	4.750000
64.82	4.459000
65.138	4.459000
65.138	4.197000
65.491	4.197000
65.491	4.561000
65.844	4.561000
65.844	4.522000
66.197	4.522000
66.197	5.137000
66.515	5.137000
66.515	5.433000
66.831	5.433000
66.831	4.898000
67.149	4.898000
67.149	5.140000
67.467	5.140000
67.467	5.349000
67.784	5.349000
67.784	5.083000
68.102	5.083000
68.102	4.445000
68.455	4.445000
68.455	4.504000
68.808	4.504000
68.808	4.495000
69.161	4.495000
69.161	4.811000
69.478	4.811000
69.478	4.920000
69.795	4.920000
69.795	5.011000
70.112	5.011000
70.112	4.673000
70.43	4.673000
70.43	4.609000
70.748	4.609000
70.748	4.178000
71.066	4.178000
71.066	4.382000
71.383	4.382000
71.383	4.934000
71.701	4.934000
71.701	4.904000
72.019	4.904000
72.019	4.400000
72.337	4.400000
72.337	4.548000
72.655	4.548000
72.655	4.351000
72.973	4.351000
72.973	5.673000
73.291	5.673000
73.291	5.712000
73.609	5.712000
73.609	5.423000
73.927	5.423000
73.927	4.614000
74.28	4.614000
74.28	4.688000
74.633	4.688000
74.633	4.655000
74.986	4.655000
74.986	4.908000
75.339	4.908000
75.339	5.043000
75.691	5.043000
75.691	4.775000
76.044	4.775000
76.044	4.809000
76.362	4.809000
76.362	5.040000
76.679	5.040000
76.679	4.499000
76.997	4.499000
76.997	4.684000
77.35	4.684000
77.35	4.522000
77.703	4.522000
77.703	4.656000
78.056	4.656000
78.056	5.052000
78.374	5.052000
78.374	5.118000
78.692	5.118000
78.692	4.724000
79.01	4.724000
79.01	5.410000
79.328	5.410000
79.328	5.253000
79.645	5.253000
79.645	4.829000
79.963	4.829000
79.963	4.328000
80.281	4.328000
80.281	4.227000
80.599	4.227000
80.599	4.225000
80.917	4.225000
80.917	4.801000
81.27	4.801000
81.27	4.916000
81.622	4.916000
81.622	4.647000
81.975	4.647000
81.975	4.822000
82.328	4.822000
82.328	5.058000
82.68	5.058000
82.68	4.500000
83.033	4.500000
83.033	5.239000
83.351	5.239000
83.351	5.257000
83.669	5.257000
83.669	5.246000
83.987	5.246000
83.987	4.787000
84.305	4.787000
84.305	4.661000
84.623	4.661000
84.623	4.450000
84.941	4.450000
84.941	4.348000
85.258	4.348000
85.258	5.077000
85.573	5.077000
85.573	4.026000
85.89	4.026000
85.89	9.070000
86.242	9.070000
86.242	9.126000
86.595	9.126000
86.595	9.167000
86.947	9.167000
86.947	5.503000
87.265	5.503000
87.265	5.548000
87.583	5.548000
87.583	5.182000
87.9	5.182000
87.9	5.016000
88.218	5.016000
88.218	5.314000
88.535	5.314000
88.535	4.932000
88.853	4.932000
88.853	5.647000
89.172	5.647000
89.172	5.407000
89.491	5.407000
89.491	5.538000
89.81	5.538000
89.81	4.594000
90.163	4.594000
90.163	4.956000
90.516	4.956000
90.516	4.188000
90.869	4.188000
90.869	4.633000
91.187	4.633000
91.187	4.481000
91.505	4.481000
91.505	4.860000
91.823	4.860000
91.823	4.925000
92.14	4.925000
92.14	4.668000
92.458	4.668000
92.458	4.578000
92.776	4.578000
92.776	4.354000
93.094	4.354000
93.094	4.293000
93.411	4.293000
93.411	4.236000
93.729	4.236000
93.729	4.806000
94.082	4.806000
94.082	4.785000
94.434	4.785000
94.434	4.503000
94.787	4.503000
94.787	4.590000
95.14	4.590000
95.14	4.366000
95.493	4.366000
95.493	4.399000
95.846	4.399000
95.846	4.610000
96.164	4.610000
96.164	4.212000
96.48	4.212000
96.48	4.365000
96.798	4.365000
96.798	4.350000
97.116	4.350000
97.116	4.503000
97.432	4.503000
97.432	4.563000
97.749	4.563000
97.749	4.719000
98.065	4.719000
98.065	4.341000
98.383	4.341000
98.383	4.365000
98.701	4.365000
98.701	4.442000
99.019	4.442000
99.019	4.547000
99.335	4.547000
99.335	4.631000
99.653	4.631000
99.653	4.785000
99.971	4.785000
99.971	4.348000
100.288	4.348000
100.288	4.013000
100.606	4.013000
100.606	5.004000
100.922	5.004000
100.922	4.756000
101.24	4.756000
101.24	4.815000
101.558	4.815000
101.558	4.588000
101.911	4.588000
101.911	5.009000
102.264	5.009000
102.264	4.750000
102.617	4.750000
102.617	4.624000
102.935	4.624000
102.935	4.508000
103.253	4.508000
103.253	4.676000
103.57	4.676000
103.57	4.954000
103.923	4.954000
103.923	5.103000
104.276	5.103000
104.276	5.031000
104.629	5.031000
104.629	5.001000
104.947	5.001000
104.947	5.229000
105.265	5.229000
105.265	4.452000
105.583	4.452000
105.583	4.708000
105.901	4.708000
105.901	4.560000
106.219	4.560000
106.219	4.584000
106.537	4.584000
106.537	5.405000
106.884	5.405000
106.884	5.296000
107.23	5.296000
107.23	5.290000
107.578	5.290000
107.578	5.972000
107.929	5.972000
107.929	6.049000
108.281	6.049000
108.281	6.251000
108.632	6.251000
108.632	8.582000
108.984	8.582000
108.984	8.820000
109.336	8.820000
109.336	8.317000
109.688	8.317000
109.688	4.904000
110.041	4.904000
110.041	4.664000
110.394	4.664000
110.394	4.775000
110.747	4.775000
110.747	4.763000
111.1	4.763000
111.1	5.192000
111.452	5.192000
111.452	4.810000
111.805	4.810000
111.805	4.963000
112.123	4.963000
112.123	4.782000
112.441	4.782000
112.441	4.425000
112.759	4.425000
112.759	4.510000
113.112	4.510000
113.112	4.653000
113.465	4.653000
113.465	4.673000
113.818	4.673000
113.818	4.349000
114.136	4.349000
114.136	4.513000
114.454	4.513000
114.454	4.335000
114.772	4.335000
114.772	4.772000
115.09	4.772000
115.09	4.847000
115.408	4.847000
115.408	4.268000
115.726	4.268000
115.726	4.187000
116.043	4.187000
116.043	4.437000
116.361	4.437000
116.361	4.478000
116.679	4.478000
116.679	5.064000
117.032	5.064000
117.032	5.446000
117.385	5.446000
117.385	4.929000
117.738	4.929000
117.738	5.142000
118.091	5.142000
118.091	4.952000
118.444	4.952000
118.444	4.861000
118.797	4.861000
118.797	4.790000
119.151	4.790000
119.151	4.527000
119.505	4.527000
119.505	4.537000
119.859	4.537000
119.859	4.225000
120.177	4.225000
120.177	4.919000
120.495	4.919000
120.495	4.821000
120.813	4.821000
120.813	5.269000
121.131	5.269000
121.131	5.421000
121.448	5.421000
121.448	5.042000
121.766	5.042000
121.766	5.033000
122.117	5.033000
122.117	4.915000
122.47	4.915000
122.47	4.973000
122.823	4.973000
122.823	4.485000
123.141	4.485000
123.141	4.754000
123.459	4.754000
123.459	4.399000
123.777	4.399000
123.777	4.655000
124.095	4.655000
124.095	4.756000
124.413	4.756000
124.413	4.521000
124.731	4.521000
124.731	7.497000
125.077	7.497000
125.077	7.252000
125.42	7.252000
125.42	7.496000
125.766	7.496000
125.766	5.735000
126.112	5.735000
126.112	6.764000
126.459	6.764000
126.459	6.529000
126.805	6.529000
126.805	4.350000
127.116	4.350000
127.116	4.486000
127.428	4.486000
127.428	4.345000
127.742	4.345000
127.742	5.205000
128.055	5.205000
128.055	5.028000
128.367	5.028000
128.367	4.883000
128.679	4.883000
128.679	4.729000
129.03	4.729000
129.03	4.750000
129.381	4.750000
129.381	4.697000
129.731	4.697000
129.731	5.162000
130.078	5.162000
130.078	5.422000
130.426	5.422000
130.426	5.305000
130.775	5.305000
130.775	5.143000
131.093	5.143000
131.093	4.765000
131.411	4.765000
131.411	4.970000
131.729	4.970000
131.729	4.765000
132.082	4.765000
132.082	4.644000
132.435	4.644000
132.435	4.623000
132.788	4.623000
132.788	4.479000
133.106	4.479000
133.106	4.569000
133.424	4.569000
133.424	4.685000
133.742	4.685000
133.742	4.910000
134.095	4.910000
134.095	4.775000
134.448	4.775000
134.448	4.624000
134.801	4.624000
134.801	4.575000
135.119	4.575000
135.119	4.819000
135.437	4.819000
135.437	4.798000
135.755	4.798000
135.755	5.021000
136.108	5.021000
136.108	4.715000
136.461	4.715000
136.461	4.754000
136.814	4.754000
136.814	4.946000
137.132	4.946000
137.132	5.140000
137.449	5.140000
137.449	4.817000
137.767	4.817000
137.767	4.768000
138.12	4.768000
138.12	4.952000
138.473	4.952000
138.473	4.914000
138.826	4.914000
138.826	5.374000
139.151	5.374000
139.151	5.715000
139.473	5.715000
139.473	4.681000
139.798	4.681000
139.798	5.093000
140.116	5.093000
140.116	5.640000
140.431	5.640000
140.431	5.124000
140.749	5.124000
140.749	5.004000
141.103	5.004000
141.103	5.131000
141.457	5.131000
141.457	5.039000
141.811	5.039000
141.811	4.835000
142.129	4.835000
142.129	4.095000
142.447	4.095000
142.447	4.702000
142.765	4.702000
142.765	4.445000
143.118	4.445000
143.118	4.596000
143.471	4.596000
143.471	4.704000
143.824	4.704000
143.824	5.596000
144.178	5.596000
144.178	6.078000
144.532	6.078000
144.532	5.623000
144.886	5.623000
144.886	4.696000
145.204	4.696000
145.204	4.698000
145.521	4.698000
145.521	4.397000
145.839	4.397000
145.839	4.637000
146.157	4.637000
146.157	4.766000
146.475	4.766000
146.475	4.670000
146.793	4.670000
146.793	4.496000
147.111	4.496000
147.111	5.042000
147.429	5.042000
147.429	4.766000
147.747	4.766000
147.747	5.099000
148.065	5.099000
148.065	5.615000
148.381	5.615000
148.381	5.078000
148.699	5.078000
148.699	5.061000
149.052	5.061000
149.052	5.189000
149.405	5.189000
149.405	5.273000
149.758	5.273000
149.758	5.682000
150.076	5.682000
150.076	6.602000
150.392	6.602000
150.392	5.355000
150.71	5.355000
150.71	4.927000
151.062	4.927000
151.062	5.411000
151.415	5.411000
151.415	5.400000
151.768	5.400000
151.768	4.393000
152.086	4.393000
152.086	5.005000
152.404	5.005000
152.404	4.519000
152.722	4.519000
152.722	5.691000
153.04	5.691000
153.04	5.511000
153.358	5.511000
153.358	5.439000
153.675	5.439000
153.675	5.473000
153.993	5.473000
153.993	5.210000
154.311	5.210000
154.311	5.163000
154.629	5.163000
154.629	4.585000
154.947	4.585000
154.947	4.584000
155.265	4.584000
155.265	4.448000
155.583	4.448000
155.583	4.318000
155.901	4.318000
155.901	4.770000
156.218	4.770000
156.218	4.347000
156.536	4.347000
156.536	5.927000
156.889	5.927000
156.889	5.702000
157.242	5.702000
157.242	5.581000
157.595	5.581000
157.595	5.178000
157.913	5.178000
157.913	4.890000
158.231	4.890000
158.231	4.827000
158.548	4.827000
158.548	5.081000
158.866	5.081000
158.866	4.554000
159.184	4.554000
159.184	4.181000
159.502	4.181000
159.502	4.550000
159.82	4.550000
159.82	4.836000
160.138	4.836000
160.138	4.921000
160.456	4.921000
160.456	5.259000
160.774	5.259000
160.774	4.350000
161.092	4.350000
161.092	4.454000
161.41	4.454000
161.41	5.368000
161.728	5.368000
161.728	5.351000
162.046	5.351000
162.046	4.955000
162.36	4.955000
162.36	4.739000
162.678	4.739000
162.678	5.223000
162.996	5.223000
162.996	5.135000
163.314	5.135000
163.314	4.880000
163.632	4.880000
163.632	4.245000
163.95	4.245000
163.95	4.347000
164.267	4.347000
164.267	4.766000
164.62	4.766000
164.62	5.079000
164.973	5.079000
164.973	4.653000
165.325	4.653000
165.325	4.555000
165.677	4.555000
165.677	5.052000
166.03	5.052000
166.03	5.051000
166.382	5.051000
166.382	4.885000
166.7	4.885000
166.7	3.900000
167.018	3.900000
167.018	4.018000
167.336	4.018000
167.336	5.217000
167.654	5.217000
167.654	5.243000
167.972	5.243000
167.972	4.763000
168.289	4.763000
168.289	5.186000
168.64	5.186000
168.64	5.335000
168.993	5.335000
168.993	5.406000
169.346	5.406000
169.346	5.350000
169.663	5.350000
169.663	5.189000
169.981	5.189000
169.981	4.809000
170.298	4.809000
170.298	4.714000
170.651	4.714000
170.651	5.386000
171.004	5.386000
171.004	5.436000
171.357	5.436000
171.357	5.481000
171.675	5.481000
171.675	4.924000
171.993	4.924000
171.993	4.811000
172.311	4.811000
172.311	5.044000
172.628	5.044000
172.628	5.005000
172.946	5.005000
172.946	4.374000
173.264	4.374000
173.264	7.209000
173.617	7.209000
173.617	6.989000
173.969	6.989000
173.969	7.185000
174.322	7.185000
174.322	6.634000
174.657	6.634000
174.657	6.718000
174.991	6.718000
174.991	6.653000
175.326	6.653000
175.326	7.300000
175.679	7.300000
175.679	7.101000
176.032	7.101000
176.032	6.844000
176.384	6.844000
176.384	5.314000
176.736	5.314000
176.736	5.426000
177.089	5.426000
177.089	5.473000
177.442	5.473000
177.442	5.375000
177.76	5.375000
177.76	5.191000
178.078	5.191000
178.078	4.754000
178.396	4.754000
178.396	4.981000
178.714	4.981000
178.714	4.675000
179.032	4.675000
179.032	5.030000
179.349	5.030000
179.349	4.612000
179.702	4.612000
179.702	4.961000
180.055	4.961000
180.055	4.722000
180.408	4.722000
180.408	5.197000
180.726	5.197000
180.726	5.080000
181.044	5.080000
181.044	4.800000
181.36	4.800000
181.36	4.531000
181.678	4.531000
181.678	4.089000
181.996	4.089000
181.996	4.279000
182.312	4.279000
182.312	4.705000
182.665	4.705000
182.665	4.671000
183.018	4.671000
183.018	4.693000
183.371	4.693000
183.371	4.969000
183.689	4.969000
183.689	5.201000
184.007	5.201000
184.007	5.407000
184.325	5.407000
184.325	4.961000
184.643	4.961000
184.643	4.626000
184.959	4.626000
184.959	4.611000
185.277	4.611000
185.277	5.054000
185.63	5.054000
185.63	5.079000
185.983	5.079000
185.983	5.034000
186.336	5.034000
186.336	4.531000
186.654	4.531000
186.654	4.575000
186.969	4.575000
186.969	4.438000
187.287	4.438000
187.287	5.024000
187.604	5.024000
187.604	5.245000
187.922	5.245000
187.922	5.338000
188.24	5.338000
188.24	5.606000
188.558	5.606000
188.558	5.684000
188.876	5.684000
188.876	5.520000
189.194	5.520000
189.194	4.919000
189.512	4.919000
189.512	4.955000
189.829	4.955000
189.829	4.311000
190.147	4.311000
190.147	5.897000
190.466	5.897000
190.466	5.900000
190.785	5.900000
190.785	6.120000
191.104	6.120000
191.104	4.475000
191.458	4.475000
191.458	4.798000
191.812	4.798000
191.812	4.153000
192.166	4.153000
192.166	4.555000
192.519	4.555000
192.519	4.900000
192.872	4.900000
192.872	4.915000
193.225	4.915000
193.225	4.557000
193.543	4.557000
193.543	4.736000
193.861	4.736000
193.861	4.474000
194.179	4.474000
194.179	4.827000
194.532	4.827000
194.532	4.854000
194.885	4.854000
194.885	4.795000
195.238	4.795000
195.238	4.397000
195.591	4.397000
195.591	4.427000
195.944	4.427000
195.944	4.462000
196.297	4.462000
196.297	4.357000
196.615	4.357000
196.615	4.303000
196.933	4.303000
196.933	4.597000
197.251	4.597000
197.251	5.083000
197.569	5.083000
197.569	5.058000
197.886	5.058000
197.886	5.026000
198.204	5.026000
198.204	4.607000
198.521	4.607000
198.521	4.343000
198.839	4.343000
198.839	4.292000
199.157	4.292000
199.157	4.826000
199.475	4.826000
199.475	4.996000
199.792	4.996000
199.792	5.020000
200.11	5.020000
200.11	4.443000
200.428	4.443000
200.428	4.003000
200.746	4.003000
200.746	4.153000
201.064	4.153000
201.064	4.140000
201.381	4.140000
201.381	4.456000
201.699	4.456000
201.699	4.614000
202.017	4.614000
202.017	4.617000
202.335	4.617000
202.335	4.974000
202.652	4.974000
202.652	4.575000
202.97	4.575000
202.97	4.717000
203.288	4.717000
203.288	4.935000
203.606	4.935000
203.606	4.993000
203.924	4.993000
203.924	5.630000
204.277	5.630000
204.277	5.814000
204.63	5.814000
204.63	5.885000
204.983	5.885000
204.983	4.658000
205.301	4.658000
205.301	4.866000
205.619	4.866000
205.619	4.619000
205.937	4.619000
205.937	6.353000
206.29	6.353000
206.29	5.991000
206.643	5.991000
206.643	6.068000
206.996	6.068000
206.996	6.486000
207.315	6.486000
207.315	6.851000
207.632	6.851000
207.632	6.917000
207.95	6.917000
207.95	7.929000
208.268	7.929000
208.268	7.568000
208.584	7.568000
208.584	7.206000
208.9	7.206000
208.9	5.890000
209.218	5.890000
209.218	6.042000
209.536	6.042000
209.536	6.095000
209.854	6.095000
209.854	5.305000
210.172	5.305000
210.172	5.550000
210.489	5.550000
210.489	5.553000
210.807	5.553000
210.807	5.532000
211.125	5.532000
211.125	5.237000
211.441	5.237000
211.441	5.235000
211.759	5.235000
211.759	4.236000
212.076	4.236000
212.076	4.147000
212.394	4.147000
212.394	4.197000
212.712	4.197000
212.712	4.812000
213.03	4.812000
213.03	4.837000
213.348	4.837000
213.348	4.591000
213.666	4.591000
213.666	5.404000
213.984	5.404000
213.984	5.405000
214.3	5.405000
214.3	5.205000
214.618	5.205000
214.618	4.376000
214.935	4.376000
214.935	4.635000
215.253	4.635000
215.253	4.638000
215.571	4.638000
215.571	5.116000
215.889	5.116000
215.889	5.412000
216.207	5.412000
216.207	5.148000
216.525	5.148000
216.525	4.589000
216.843	4.589000
216.843	4.717000
217.161	4.717000
217.161	4.473000
217.479	4.473000
217.479	4.528000
217.797	4.528000
217.797	4.229000
218.115	4.229000
218.115	4.181000
218.433	4.181000
218.433	4.703000
218.751	4.703000
218.751	4.721000
219.069	4.721000
219.069	5.112000
219.387	5.112000
219.387	5.046000
219.705	5.046000
219.705	5.818000
220.023	5.818000
220.023	5.248000
220.341	5.248000
220.341	4.845000
220.658	4.845000
220.658	4.699000
220.976	4.699000
220.976	4.748000
221.294	4.748000
221.294	4.997000
221.612	4.997000
221.612	5.025000
221.93	5.025000
221.93	4.721000
222.248	4.721000
222.248	4.717000
222.566	4.717000
222.566	4.959000
222.884	4.959000
222.884	4.800000
223.202	4.800000
223.202	5.130000
223.521	5.130000
223.521	4.771000
223.84	4.771000
223.84	4.796000
224.158	4.796000
224.158	5.683000
224.476	5.683000
224.476	5.851000
224.793	5.851000
224.793	5.588000
225.111	5.588000
225.111	6.382000
225.429	6.382000
225.429	6.131000
225.746	6.131000
225.746	6.122000
226.062	6.122000
226.062	4.497000
226.38	4.497000
226.38	4.470000
226.697	4.470000
226.697	4.447000
227.013	4.447000
227.013	4.322000
227.366	4.322000
227.366	4.286000
227.719	4.286000
227.719	4.248000
228.072	4.248000
228.072	4.454000
228.39	4.454000
228.39	4.473000
228.707	4.473000
228.707	4.292000
229.024	4.292000
229.024	5.355000
229.342	5.355000
229.342	5.244000
229.658	5.244000
229.658	5.558000
229.976	5.558000
229.976	4.729000
230.329	4.729000
230.329	4.776000
230.682	4.776000
230.682	4.691000
231.035	4.691000
231.035	4.334000
231.353	4.334000
231.353	4.062000
231.671	4.062000
231.671	4.049000
231.989	4.049000
231.989	5.097000
232.342	5.097000
232.342	4.983000
232.693	4.983000
232.693	4.826000
233.046	4.826000
233.046	4.326000
233.398	4.326000
233.398	4.714000
233.751	4.714000
233.751	4.771000
234.104	4.771000
234.104	4.593000
234.422	4.593000
234.422	4.639000
234.739	4.639000
234.739	4.491000
235.057	4.491000
235.057	4.659000
235.375	4.659000
235.375	4.445000
235.69	4.445000
235.69	4.789000
236.006	4.789000
236.006	4.498000
236.324	4.498000
236.324	4.596000
236.642	4.596000
236.642	4.512000
236.96	4.512000
236.96	4.694000
237.278	4.694000
237.278	4.770000
237.594	4.770000
237.594	4.846000
237.911	4.846000
237.911	4.901000
238.229	4.901000
238.229	5.349000
238.544	5.349000
238.544	4.667000
238.862	4.667000
238.862	4.572000
239.215	4.572000
239.215	4.853000
239.568	4.853000
239.568	4.695000
239.921	4.695000
239.921	4.753000
240.239	4.753000
240.239	5.083000
240.557	5.083000
240.557	4.559000
240.875	4.559000
240.875	5.390000
241.229	5.390000
241.229	6.431000
241.584	6.431000
241.584	5.995000
241.939	5.995000
241.939	5.009000
242.257	5.009000
242.257	5.031000
242.575	5.031000
242.575	4.693000
242.893	4.693000
242.893	5.102000
243.247	5.102000
243.247	5.104000
243.6	5.104000
243.6	5.436000
243.954	5.436000
243.954	4.588000
244.307	4.588000
244.307	4.692000
244.661	4.692000
244.661	4.393000
245.015	4.393000
245.015	5.399000
245.334	5.399000
245.334	5.163000
245.653	5.163000
245.653	5.554000
245.972	5.554000
245.972	5.517000
246.326	5.517000
246.326	5.492000
246.68	5.492000
246.68	5.711000
247.034	5.711000
247.034	4.942000
247.389	4.942000
247.389	5.159000
247.744	5.159000
247.744	4.750000
248.098	4.750000
248.098	4.703000
248.417	4.703000
248.417	5.008000
248.736	5.008000
248.736	4.910000
249.054	4.910000
249.054	5.224000
249.409	5.224000
249.409	5.284000
249.764	5.284000
249.764	5.590000
250.119	5.590000
250.119	4.714000
250.438	4.714000
250.438	4.622000
250.757	4.622000
250.757	4.850000
251.076	4.850000
251.076	4.187000
251.394	4.187000
251.394	4.386000
251.713	4.386000
251.713	4.532000
252.032	4.532000
252.032	5.554000
252.351	5.554000
252.351	5.404000
252.67	5.404000
252.67	4.908000
252.989	4.908000
252.989	4.766000
253.343	4.766000
253.343	4.701000
253.697	4.701000
253.697	4.826000
254.051	4.826000
254.051	4.536000
254.37	4.536000
254.37	4.556000
254.689	4.556000
254.689	4.538000
255.006	4.538000
255.006	4.680000
255.361	4.680000
255.361	5.348000
255.716	5.348000
255.716	4.262000
256.071	4.262000
256.071	4.810000
256.426	4.810000
256.426	4.961000
256.781	4.961000
256.781	4.935000
257.136	4.935000
257.136	4.092000
257.455	4.092000
257.455	4.699000
257.774	4.699000
257.774	4.037000
258.093	4.037000
258.093	5.365000
258.412	5.365000
258.412	5.628000
258.731	5.628000
258.731	5.019000
259.05	5.019000
259.05	5.220000
259.404	5.220000
259.404	5.017000
259.758	5.017000
259.758	5.388000
260.112	5.388000
260.112	4.432000
260.466	4.432000
260.466	4.962000
260.82	4.962000
260.82	5.100000
261.173	5.100000
261.173	4.218000
261.492	4.218000
261.492	4.294000
261.811	4.294000
261.811	3.912000
262.129	3.912000
262.129	4.579000
262.448	4.579000
262.448	4.839000
262.767	4.839000
262.767	4.488000
263.086	4.488000
263.086	4.675000
263.439	4.675000
263.439	5.040000
263.793	5.040000
263.793	4.963000
264.147	4.963000
264.147	5.187000
264.502	5.187000
264.502	4.981000
264.857	4.981000
264.857	5.288000
265.212	5.288000
265.212	4.642000
265.531	4.642000
265.531	5.146000
265.85	5.146000
265.85	4.903000
266.169	4.903000
266.169	5.058000
266.488	5.058000
266.488	5.241000
266.807	5.241000
266.807	5.377000
267.126	5.377000
267.126	5.298000
267.48	5.298000
267.48	5.470000
267.834	5.470000
267.834	5.470000
268.187	5.470000
268.187	5.596000
268.541	5.596000
268.541	5.968000
268.894	5.968000
268.894	5.399000
269.248	5.399000
269.248	4.501000
269.564	4.501000
269.564	4.855000
269.883	4.855000
269.883	4.939000
270.202	4.939000
270.202	4.181000
270.556	4.181000
270.556	4.797000
270.91	4.797000
270.91	4.509000
271.264	4.509000
271.264	5.183000
271.618	5.183000
271.618	5.233000
271.972	5.233000
271.972	5.533000
272.326	5.533000
272.326	4.694000
272.646	4.694000
272.646	4.882000
272.966	4.882000
272.966	4.521000
273.286	4.521000
273.286	4.414000
273.64	4.414000
273.64	4.833000
273.993	4.833000
273.993	4.834000
274.347	4.834000
274.347	5.492000
274.701	5.492000
274.701	5.519000
275.055	5.519000
275.055	5.558000
275.409	5.558000
275.409	4.384000
275.727	4.384000
275.727	4.823000
276.046	4.823000
276.046	4.859000
276.365	4.859000
276.365	5.112000
276.684	5.112000
276.684	4.593000
277.003	4.593000
277.003	5.462000
277.322	5.462000
277.322	4.945000
277.641	4.945000
277.641	4.346000
277.96	4.346000
277.96	4.214000
278.278	4.214000
278.278	4.860000
278.632	4.860000
278.632	4.587000
278.986	4.587000
278.986	4.843000
279.338	4.843000
279.338	5.060000
279.657	5.060000
279.657	4.701000
279.976	4.701000
279.976	4.798000
280.295	4.798000
280.295	5.140000
280.615	5.140000
280.615	4.496000
280.934	4.496000
280.934	4.569000
281.254	4.569000
281.254	4.619000
281.607	4.619000
281.607	4.560000
281.961	4.560000
281.961	4.930000
282.314	4.930000
282.314	4.968000
282.633	4.968000
282.633	4.418000
282.952	4.418000
282.952	4.717000
283.271	4.717000
283.271	4.797000
283.59	4.797000
283.59	4.982000
283.909	4.982000
283.909	4.872000
284.228	4.872000
284.228	4.824000
284.548	4.824000
284.548	4.770000
284.868	4.770000
284.868	4.676000
285.188	4.676000
285.188	5.038000
285.507	5.038000
285.507	5.300000
285.824	5.300000
285.824	5.393000
286.142	5.393000
286.142	4.197000
286.496	4.197000
286.496	4.204000
286.849	4.204000
286.849	4.163000
287.203	4.163000
287.203	5.114000
287.558	5.114000
287.558	4.964000
287.913	4.964000
287.913	5.052000
288.268	5.052000
288.268	4.804000
288.587	4.804000
288.587	4.738000
288.906	4.738000
288.906	4.923000
289.225	4.923000
289.225	5.115000
289.579	5.115000
289.579	6.133000
289.932	6.133000
289.932	6.279000
290.286	6.279000
290.286	4.773000
290.639	4.773000
290.639	4.847000
290.992	4.847000
290.992	4.506000
291.345	4.506000
291.345	4.664000
291.698	4.664000
291.698	4.926000
292.05	4.926000
292.05	4.516000
292.403	4.516000
292.403	4.401000
292.756	4.401000
292.756	4.401000
293.109	4.401000
293.109	4.378000
293.462	4.378000
293.462	4.494000
293.78	4.494000
293.78	4.769000
294.097	4.769000
294.097	4.221000
294.415	4.221000
294.415	4.486000
294.768	4.486000
294.768	4.736000
295.121	4.736000
295.121	4.587000
295.474	4.587000
295.474	4.420000
295.792	4.420000
295.792	4.750000
296.11	4.750000
296.11	4.741000
296.428	4.741000
296.428	4.521000
296.782	4.521000
296.782	5.050000
297.136	5.050000
297.136	4.558000
297.49	4.558000
297.49	4.678000
297.807	4.678000
297.807	4.442000
298.125	4.442000
298.125	4.553000
298.442	4.553000
298.442	4.760000
298.796	4.760000
298.796	4.816000
299.15	4.816000
299.15	4.883000
299.504	4.883000
299.504	5.055000
299.822	5.055000
299.822	4.756000
300.14	4.756000
300.14	4.703000
300.458	4.703000
300.458	4.285000
300.776	4.285000
300.776	3.849000
301.094	3.849000
301.094	4.416000
301.412	4.416000
301.412	5.912000
301.766	5.912000
301.766	5.791000
302.12	5.791000
302.12	5.810000
302.474	5.810000
302.474	4.285000
302.826	4.285000
302.826	5.106000
303.178	5.106000
303.178	4.223000
303.531	4.223000
303.531	5.100000
303.849	5.100000
303.849	5.191000
304.167	5.191000
304.167	5.486000
304.485	5.486000
304.485	8.229000
304.839	8.229000
304.839	8.766000
305.193	8.766000
305.193	8.741000
305.546	8.741000
305.546	6.972000
305.898	6.972000
305.898	6.988000
306.251	6.988000
306.251	7.030000
306.604	7.030000
306.604	4.730000
306.956	4.730000
306.956	4.803000
307.309	4.803000
307.309	4.743000
307.662	4.743000
307.662	4.168000
307.98	4.168000
307.98	4.579000
308.298	4.579000
308.298	4.439000
308.616	4.439000
308.616	4.372000
308.969	4.372000
308.969	5.157000
309.322	5.157000
309.322	4.620000
309.675	4.620000
309.675	4.361000
310.028	4.361000
310.028	4.818000
310.381	4.818000
310.381	4.677000
310.734	4.677000
310.734	4.739000
311.052	4.739000
311.052	4.479000
311.37	4.479000
311.37	4.410000
311.688	4.410000
311.688	4.472000
312.041	4.472000
312.041	5.002000
312.392	5.002000
312.392	4.417000
312.745	4.417000
312.745	4.769000
313.063	4.769000
313.063	4.866000
313.381	4.866000
313.381	4.717000
313.699	4.717000
313.699	4.546000
314.017	4.546000
314.017	4.958000
314.332	4.958000
314.332	4.422000
314.65	4.422000
314.65	4.839000
315.003	4.839000
315.003	5.371000
315.355	5.371000
315.355	4.649000
315.708	4.649000
315.708	5.000000
316.06	5.000000
316.06	5.055000
316.413	5.055000
316.413	4.989000
316.766	4.989000
316.766	4.395000
317.084	4.395000
317.084	4.576000
317.402	4.576000
317.402	4.758000
317.719	4.758000
317.719	5.010000
318.037	5.010000
318.037	5.390000
318.355	5.390000
318.355	4.871000
318.673	4.871000
318.673	6.197000
318.992	6.197000
318.992	6.590000
319.311	6.590000
319.311	6.638000
319.63	6.638000
319.63	5.407000
319.983	5.407000
319.983	5.997000
320.336	5.997000
320.336	5.394000
320.689	5.394000
320.689	4.372000
321.008	4.372000
321.008	4.785000
321.327	4.785000
321.327	4.781000
321.645	4.781000
321.645	4.443000
321.997	4.443000
321.997	4.424000
322.35	4.424000
322.35	4.446000
322.703	4.446000
322.703	4.927000
323.021	4.927000
323.021	4.715000
323.339	4.715000
323.339	4.710000
323.657	4.710000
323.657	4.773000
324.01	4.773000
324.01	5.377000
324.361	5.377000
324.361	4.753000
324.714	4.753000
324.714	4.349000
325.032	4.349000
325.032	4.299000
325.35	4.299000
325.35	4.267000
325.668	4.267000
325.668	4.228000
325.986	4.228000
325.986	4.266000
326.304	4.266000
326.304	4.187000
326.622	4.187000
326.622	4.688000
326.975	4.688000
326.975	4.793000
327.327	4.793000
327.327	4.567000
327.68	4.567000
327.68	5.024000
328.033	5.024000
328.033	4.830000
328.386	4.830000
328.386	4.722000
328.739	4.722000
328.739	4.437000
329.057	4.437000
329.057	4.354000
329.375	4.354000
329.375	4.517000
329.693	4.517000
329.693	4.744000
330.011	4.744000
330.011	4.895000
330.329	4.895000
330.329	5.309000
330.647	5.309000
330.647	5.264000
331.001	5.264000
331.001	5.334000
331.355	5.334000
331.355	5.340000
331.709	5.340000
331.709	4.398000
332.027	4.398000
332.027	4.110000
332.345	4.110000
332.345	4.485000
332.662	4.485000
332.662	4.737000
332.98	4.737000
332.98	4.936000
333.298	4.936000
333.298	4.461000
333.616	4.461000
333.616	4.747000
333.967	4.747000
333.967	5.107000
334.32	5.107000
334.32	5.161000
334.673	5.161000
334.673	4.783000
334.991	4.783000
334.991	5.271000
335.309	5.271000
335.309	5.102000
335.627	5.102000
335.627	4.839000
335.945	4.839000
335.945	4.769000
336.263	4.769000
336.263	4.739000
336.581	4.739000
336.581	5.475000
336.932	5.475000
336.932	5.739000
337.285	5.739000
337.285	5.762000
337.638	5.762000
337.638	6.068000
337.991	6.068000
337.991	6.246000
338.344	6.246000
338.344	5.645000
338.697	5.645000
338.697	5.171000
339.05	5.171000
339.05	5.553000
339.4	5.553000
339.4	5.332000
339.753	5.332000
339.753	4.652000
340.106	4.652000
340.106	4.492000
340.459	4.492000
340.459	4.498000
340.812	4.498000
340.812	4.618000
341.13	4.618000
341.13	4.622000
341.446	4.622000
341.446	4.369000
341.764	4.369000
341.764	4.973000
342.082	4.973000
342.082	4.781000
342.398	4.781000
342.398	4.509000
342.715	4.509000
342.715	4.610000
343.068	4.610000
343.068	0.000000
343.068	0.000000
343.068	4.929000
343.421	4.929000
343.421	4.557000
343.739	4.557000
343.739	0.000000
343.739	0.000000
343.739	4.371000
344.057	4.371000
344.057	4.779000
344.41	4.779000
344.41	4.982000
344.763	4.982000
344.763	4.635000
345.116	4.635000
345.116	4.605000
345.469	4.605000
345.469	4.428000
345.822	4.428000
345.822	4.394000
346.175	4.394000
346.175	4.773000
346.528	4.773000
346.528	4.889000
346.88	4.889000
346.88	4.505000
347.233	4.505000
347.233	4.644000
347.586	4.644000
347.586	4.475000
347.938	4.475000
347.938	4.555000
348.291	4.555000
348.291	4.297000
348.609	4.297000
348.609	4.190000
348.927	4.190000
348.927	4.227000
349.245	4.227000
349.245	4.578000
349.563	4.578000
349.563	4.750000
349.881	4.750000
349.881	4.664000
350.199	4.664000
350.199	4.493000
350.552	4.493000
350.552	4.510000
350.905	4.510000
350.905	4.257000
351.258	4.257000
351.258	6.061000
351.61	6.061000
351.61	6.048000
351.963	6.048000
351.963	5.958000
352.316	5.958000
352.316	4.295000
352.634	4.295000
352.634	4.162000
352.952	4.162000
352.952	4.113000
353.27	4.113000
353.27	4.910000
353.588	4.910000
353.588	5.012000
353.904	5.012000
353.904	4.847000
354.222	4.847000
354.222	7.174000
354.541	7.174000
354.541	7.134000
354.86	7.134000
354.86	7.147000
355.179	7.147000
355.179	8.555000
355.497	8.555000
355.497	8.183000
355.813	8.183000
355.813	8.146000
356.128	8.146000
356.128	6.937000
356.481	6.937000
356.481	6.600000
356.834	6.600000
356.834	6.984000
357.187	6.984000
357.187	5.004000
357.539	5.004000
357.539	4.999000
357.892	4.999000
357.892	4.994000
358.245	4.994000
358.245	4.741000
358.563	4.741000
358.563	5.329000
358.881	5.329000
358.881	4.694000
359.199	4.694000
359.199	4.477000
359.517	4.477000
359.517	4.452000
359.835	4.452000
359.835	4.363000
360.153	4.363000
360.153	4.179000
360.506	4.179000
360.506	4.316000
360.859	4.316000
360.859	4.234000
361.212	4.234000
361.212	4.331000
361.53	4.331000
361.53	4.303000
361.848	4.303000
361.848	4.363000
362.166	4.363000
362.166	4.527000
362.484	4.527000
362.484	4.410000
362.802	4.410000
362.802	4.342000
363.119	4.342000
363.119	4.797000
363.437	4.797000
363.437	4.863000
363.755	4.863000
363.755	4.870000
364.073	4.870000
364.073	4.849000
364.426	4.849000
364.426	5.007000
364.779	5.007000
364.779	4.733000
365.132	4.733000
365.132	5.071000
365.45	5.071000
365.45	5.019000
365.768	5.019000
365.768	4.744000
366.086	4.744000
366.086	4.988000
366.404	4.988000
366.404	5.004000
366.722	5.004000
366.722	5.040000
367.041	5.040000
367.041	4.848000
367.394	4.848000
367.394	5.150000
367.747	5.150000
367.747	4.820000
368.1	4.820000
368.1	4.759000
368.418	4.759000
368.418	4.808000
368.736	4.808000
368.736	4.715000
369.054	4.715000
369.054	4.638000
369.406	4.638000
369.406	4.816000
369.759	4.816000
369.759	4.644000
370.112	4.644000
370.112	4.538000
370.465	4.538000
370.465	4.652000
370.818	4.652000
370.818	4.681000
371.17	4.681000
371.17	4.425000
371.488	4.425000
371.488	4.842000
371.806	4.842000
371.806	4.608000
372.124	4.608000
372.124	4.848000
372.476	4.848000
372.476	4.724000
372.829	4.724000
372.829	4.554000
373.18	4.554000
373.18	4.115000
373.498	4.115000
373.498	4.827000
373.815	4.827000
373.815	4.601000
374.132	4.601000
374.132	4.649000
374.451	4.649000
374.451	4.633000
374.77	4.633000
374.77	5.060000
375.089	5.060000
375.089	4.875000
375.408	4.875000
375.408	4.523000
375.727	4.523000
375.727	4.628000
376.046	4.628000
376.046	5.177000
376.4	5.177000
376.4	5.359000
376.753	5.359000
376.753	4.760000
377.107	4.760000
377.107	4.229000
377.426	4.229000
377.426	4.720000
377.745	4.720000
377.745	4.289000
378.064	4.289000
378.064	4.497000
378.383	4.497000
378.383	4.419000
378.702	4.419000
378.702	4.429000
379.021	4.429000
379.021	4.984000
379.375	4.984000
379.375	5.507000
379.728	5.507000
379.728	4.762000
380.082	4.762000
380.082	4.796000
380.401	4.796000
380.401	4.904000
380.72	4.904000
380.72	4.585000
381.039	4.585000
381.039	4.598000
381.358	4.598000
381.358	4.653000
381.677	4.653000
381.677	4.622000
381.996	4.622000
381.996	4.836000
382.314	4.836000
382.314	4.470000
382.632	4.470000
382.632	4.310000
382.95	4.310000
382.95	3.931000
383.268	3.931000
383.268	4.270000
383.586	4.270000
383.586	3.968000
383.903	3.968000
383.903	4.529000
384.256	4.529000
384.256	4.491000
384.609	4.491000
384.609	4.467000
384.962	4.467000
384.962	4.419000
385.315	4.419000
385.315	4.952000
385.668	4.952000
385.668	4.293000
386.021	4.293000
386.021	4.915000
386.339	4.915000
386.339	5.612000
386.657	5.612000
386.657	4.787000
386.975	4.787000
386.975	4.443000
387.328	4.443000
387.328	4.455000
387.68	4.455000
387.68	4.518000
388.032	4.518000
388.032	4.374000
388.35	4.374000
388.35	4.787000
388.668	4.787000
388.668	4.470000
388.986	4.470000
388.986	4.889000
389.304	4.889000
389.304	4.676000
389.622	4.676000
389.622	5.039000
389.94	5.039000
389.94	5.189000
390.292	5.189000
390.292	5.443000
390.645	5.443000
390.645	5.441000
390.998	5.441000
390.998	5.361000
391.351	5.361000
391.351	5.655000
391.704	5.655000
391.704	5.250000
392.056	5.250000
392.056	4.695000
392.409	4.695000
392.409	4.687000
392.762	4.687000
392.762	4.670000
393.115	4.670000
393.115	4.682000
393.432	4.682000
393.432	4.611000
393.75	4.611000
393.75	4.411000
394.068	4.411000
394.068	4.512000
394.345	4.512000
394.345	5.069000
394.621	5.069000
394.621	4.409000
394.898	4.409000
394.898	5.015000
395.216	5.015000
395.216	4.752000
395.534	4.752000
395.534	4.458000
395.852	4.458000
395.852	4.646000
396.205	4.646000
396.205	4.498000
396.558	4.498000
396.558	4.707000
396.911	4.707000
396.911	5.171000
397.223	5.171000
397.223	5.126000
397.535	5.126000
397.535	4.723000
397.847	4.723000
397.847	4.816000
398.2	4.816000
398.2	4.900000
398.553	4.900000
398.553	4.932000
398.906	4.932000
398.906	4.340000
399.259	4.340000
399.259	4.799000
399.611	4.799000
399.611	4.323000
399.964	4.323000
399.964	4.965000
400.282	4.965000
400.282	4.905000
400.6	4.905000
400.6	4.861000
400.918	4.861000
400.918	4.343000
401.271	4.343000
401.271	4.502000
401.624	4.502000
401.624	4.642000
401.977	4.642000
401.977	4.586000
402.295	4.586000
402.295	4.518000
402.613	4.518000
402.613	4.366000
402.931	4.366000
402.931	4.641000
403.249	4.641000
403.249	4.912000
403.567	4.912000
403.567	4.612000
403.885	4.612000
403.885	5.408000
404.238	5.408000
404.238	5.278000
404.591	5.278000
404.591	5.322000
404.944	5.322000
404.944	5.266000
405.262	5.266000
405.262	4.668000
405.58	4.668000
405.58	4.835000
405.897	4.835000
405.897	5.072000
406.215	5.072000
406.215	5.551000
406.532	5.551000
406.532	4.873000
406.85	4.873000
406.85	4.841000
407.203	4.841000
407.203	4.578000
407.555	4.578000
407.555	4.368000
407.907	4.368000
407.907	4.971000
408.225	4.971000
408.225	5.033000
408.543	5.033000
408.543	5.030000
408.861	5.030000
408.861	4.642000
409.179	4.642000
409.179	5.186000
409.493	5.186000
409.493	4.618000
409.811	4.618000
409.811	4.529000
410.129	4.529000
410.129	4.408000
410.447	4.408000
410.447	4.390000
410.765	4.390000
410.765	4.726000
411.083	4.726000
411.083	4.994000
411.4	4.994000
411.4	4.591000
411.718	4.591000
411.718	4.599000
412.071	4.599000
412.071	4.975000
412.423	4.975000
412.423	4.396000
412.776	4.396000
412.776	4.787000
413.094	4.787000
413.094	4.252000
413.412	4.252000
413.412	4.253000
413.73	4.253000
413.73	4.069000
414.048	4.069000
414.048	4.796000
414.366	4.796000
414.366	3.976000
414.684	3.976000
414.684	4.995000
415.002	4.995000
415.002	4.897000
415.32	4.897000
415.32	5.456000
415.638	5.456000
415.638	4.608000
415.99	4.608000
415.99	4.931000
416.342	4.931000
416.342	4.975000
416.695	4.975000
416.695	4.531000
417.013	4.531000
417.013	4.707000
417.33	4.707000
417.33	4.340000
417.648	4.340000
417.648	4.454000
418.001	4.454000
418.001	4.507000
418.354	4.507000
418.354	4.512000
418.707	4.512000
418.707	4.498000
419.025	4.498000
419.025	4.395000
419.343	4.395000
419.343	4.457000
419.661	4.457000
419.661	4.157000
419.979	4.157000
419.979	4.407000
420.297	4.407000
420.297	4.504000
420.615	4.504000
420.615	4.000000
420.933	4.000000
420.933	4.485000
421.251	4.485000
421.251	4.308000
421.568	4.308000
421.568	5.204000
421.92	5.204000
421.92	4.980000
422.273	4.980000
422.273	4.998000
422.626	4.998000
422.626	5.149000
422.979	5.149000
422.979	4.844000
423.332	4.844000
423.332	4.616000
423.685	4.616000
423.685	4.550000
424.038	4.550000
424.038	4.542000
424.39	4.542000
424.39	4.717000
424.742	4.717000
424.742	4.794000
425.095	4.794000
425.095	4.726000
425.448	4.726000
425.448	4.729000
425.801	4.729000
425.801	4.883000
426.119	4.883000
426.119	4.552000
426.437	4.552000
426.437	4.711000
426.755	4.711000
426.755	5.006000
427.073	5.006000
427.073	4.735000
427.391	4.735000
427.391	4.957000
427.708	4.957000
427.708	4.542000
428.026	4.542000
428.026	4.348000
428.344	4.348000
428.344	4.445000
428.662	4.445000
428.662	4.769000
428.98	4.769000
428.98	4.389000
429.297	4.389000
429.297	4.341000
429.615	4.341000
429.615	4.489000
429.933	4.489000
429.933	4.548000
430.251	4.548000
430.251	4.434000
430.568	4.434000
430.568	4.366000
430.921	4.366000
430.921	4.403000
431.274	4.403000
431.274	4.377000
431.627	4.377000
431.627	4.370000
431.945	4.370000
431.945	4.426000
432.263	4.426000
432.263	4.485000
432.581	4.485000
432.581	4.705000
432.899	4.705000
432.899	4.727000
433.217	4.727000
433.217	4.706000
433.535	4.706000
433.535	4.634000
433.853	4.634000
433.853	4.847000
434.17	4.847000
434.17	4.575000
434.488	4.575000
434.488	4.323000
434.841	4.323000
434.841	4.535000
435.194	4.535000
435.194	4.520000
435.547	4.520000
435.547	4.386000
435.865	4.386000
435.865	4.600000
436.183	4.600000
436.183	4.951000
436.5	4.951000
436.5	4.933000
436.853	4.933000
436.853	4.347000
437.205	4.347000
437.205	4.503000
437.558	4.503000
437.558	4.663000
437.911	4.663000
437.911	4.625000
438.264	4.625000
438.264	4.779000
438.617	4.779000
438.617	4.783000
438.935	4.783000
438.935	4.408000
439.253	4.408000
439.253	4.540000
439.571	4.540000
439.571	4.645000
439.889	4.645000
439.889	4.658000
440.207	4.658000
440.207	4.373000
440.525	4.373000
440.525	4.484000
440.878	4.484000
440.878	4.591000
441.231	4.591000
441.231	4.570000
441.584	4.570000
441.584	4.465000
441.902	4.465000
441.902	4.212000
442.22	4.212000
442.22	4.379000
442.538	4.379000
442.538	5.042000
442.856	5.042000
442.856	5.264000
443.174	5.264000
443.174	4.935000
443.492	4.935000
443.492	5.464000
443.81	5.464000
443.81	5.401000
444.128	5.401000
444.128	5.328000
444.446	5.328000
444.446	4.797000
444.764	4.797000
444.764	5.077000
445.081	5.077000
445.081	4.503000
445.399	4.503000
445.399	4.257000
445.751	4.257000
445.751	4.246000
446.104	4.246000
446.104	4.165000
446.457	4.165000
446.457	4.383000
446.775	4.383000
446.775	4.174000
447.093	4.174000
447.093	4.303000
447.411	4.303000
447.411	4.512000
447.729	4.512000
447.729	4.345000
448.047	4.345000
448.047	4.395000
448.365	4.395000
448.365	5.096000
448.718	5.096000
448.718	5.127000
449.07	5.127000
449.07	4.858000
449.423	4.858000
449.423	4.648000
449.741	4.648000
449.741	4.674000
450.059	4.674000
450.059	4.670000
450.377	4.670000
450.377	4.452000
450.695	4.452000
450.695	4.680000
451.013	4.680000
451.013	4.737000
451.331	4.737000
451.331	4.177000
451.649	4.177000
451.649	3.942000
451.967	3.942000
451.967	3.840000
452.285	3.840000
452.285	5.104000
452.638	5.104000
452.638	4.834000
452.991	4.834000
452.991	4.954000
453.344	4.954000
453.344	5.386000
453.663	5.386000
453.663	5.034000
453.982	5.034000
453.982	5.160000
454.301	5.160000
454.301	4.583000
454.654	4.583000
454.654	4.778000
455.007	4.778000
455.007	4.798000
455.36	4.798000
455.36	4.401000
455.678	4.401000
455.678	4.421000
455.996	4.421000
455.996	4.167000
456.314	4.167000
456.314	4.772000
456.632	4.772000
456.632	4.718000
456.951	4.718000
456.951	4.869000
457.27	4.869000
457.27	5.018000
457.625	5.018000
457.625	5.181000
457.979	5.181000
457.979	4.649000
458.334	4.649000
458.334	4.327000
458.652	4.327000
458.652	4.160000
458.97	4.160000
458.97	4.300000
459.288	4.300000
459.288	3.831000
459.606	3.831000
459.606	3.887000
459.922	3.887000
459.922	3.815000
460.24	3.815000
460.24	4.424000
460.558	4.424000
460.558	4.533000
460.876	4.533000
460.876	4.048000
461.194	4.048000
461.194	4.907000
461.512	4.907000
461.512	5.165000
461.83	5.165000
461.83	4.585000
462.148	4.585000
462.148	4.210000
462.466	4.210000
462.466	3.948000
462.784	3.948000
462.784	3.792000
463.102	3.792000
463.102	4.503000
463.42	4.503000
463.42	4.597000
463.738	4.597000
463.738	4.469000
464.056	4.469000
464.056	4.567000
464.374	4.567000
464.374	4.504000
464.691	4.504000
464.691	4.527000
465.009	4.527000
465.009	4.767000
465.326	4.767000
465.326	4.576000
465.643	4.576000
465.643	4.766000
465.961	4.766000
465.961	4.070000
466.279	4.070000
466.279	4.551000
466.597	4.551000
466.597	4.198000
466.915	4.198000
466.915	4.964000
467.233	4.964000
467.233	5.064000
467.55	5.064000
467.55	4.755000
467.868	4.755000
467.868	5.192000
468.186	5.192000
468.186	5.130000
468.503	5.130000
468.503	5.321000
468.82	5.321000
468.82	4.663000
469.138	4.663000
469.138	4.935000
469.456	4.935000
469.456	4.364000
469.774	4.364000
469.774	4.761000
470.092	4.761000
470.092	4.936000
470.41	4.936000
470.41	5.028000
470.728	5.028000
470.728	5.306000
471.044	5.306000
471.044	5.223000
471.363	5.223000
471.363	5.189000
471.682	5.189000
471.682	4.783000
472.0	4.783000
472.0	5.200000
472.317	5.200000
472.317	4.950000
472.634	4.950000
472.634	8.206000
472.987	8.206000
472.987	8.532000
473.34	8.532000
473.34	8.240000
473.693	8.240000
473.693	3.902000
474.011	3.902000
474.011	4.186000
474.329	4.186000
474.329	4.291000
474.647	4.291000
474.647	4.999000
474.965	4.999000
474.965	4.662000
475.283	4.662000
475.283	4.561000
475.601	4.561000
475.601	4.634000
475.919	4.634000
475.919	4.591000
476.236	4.591000
476.236	4.535000
476.553	4.535000
476.553	4.479000
476.871	4.479000
476.871	4.464000
477.189	4.464000
477.189	4.953000
477.502	4.953000
477.502	4.663000
477.82	4.663000
477.82	4.340000
478.138	4.340000
478.138	4.649000
478.456	4.649000
478.456	4.375000
478.774	4.375000
478.774	4.269000
479.092	4.269000
479.092	4.692000
479.41	4.692000
479.41	4.117000
479.764	4.117000
479.764	4.144000
480.118	4.144000
480.118	4.359000
480.47	4.359000
480.47	4.788000
480.788	4.788000
480.788	4.351000
481.106	4.351000
481.106	4.401000
481.424	4.401000
481.424	4.302000
481.742	4.302000
481.742	4.199000
482.06	4.199000
482.06	4.250000
482.378	4.250000
482.378	4.728000
482.731	4.728000
482.731	4.760000
483.084	4.760000
483.084	5.000000
483.431	5.000000
483.431	4.630000
483.749	4.630000
483.749	4.723000
484.067	4.723000
484.067	4.738000
484.385	4.738000
484.385	4.675000
484.702	4.675000
484.702	4.940000
485.02	4.940000
485.02	4.952000
485.338	4.952000
485.338	4.165000
485.691	4.165000
485.691	4.064000
486.044	4.064000
486.044	4.856000
486.395	4.856000
486.395	4.719000
486.713	4.719000
486.713	4.727000
487.031	4.727000
487.031	4.924000
487.349	4.924000
487.349	4.740000
487.667	4.740000
487.667	4.712000
487.985	4.712000
487.985	5.111000
488.303	5.111000
488.303	4.361000
488.621	4.361000
488.621	4.309000
488.939	4.309000
488.939	5.216000
489.255	5.216000
489.255	5.261000
489.573	5.261000
489.573	4.836000
489.891	4.836000
489.891	5.295000
490.209	5.295000
490.209	4.230000
490.527	4.230000
490.527	4.347000
490.845	4.347000
490.845	4.600000
491.162	4.600000
491.162	5.397000
491.514	5.397000
491.514	4.954000
491.867	4.954000
491.867	5.204000
492.22	5.204000
492.22	4.438000
492.538	4.438000
492.538	4.505000
492.856	4.505000
492.856	4.659000
493.174	4.659000
493.174	4.351000
493.492	4.351000
493.492	4.249000
493.81	4.249000
493.81	4.766000
494.126	4.766000
494.126	5.178000
494.444	5.178000
494.444	4.764000
494.762	4.764000
494.762	5.059000
495.08	5.059000
495.08	5.350000
495.398	5.350000
495.398	4.830000
495.716	4.830000
495.716	4.779000
496.034	4.779000
496.034	4.009000
496.387	4.009000
496.387	3.952000
496.74	3.952000
496.74	4.445000
497.093	4.445000
497.093	4.176000
497.411	4.176000
497.411	4.064000
497.729	4.064000
497.729	3.972000
498.047	3.972000
498.047	5.412000
498.4	5.412000
498.4	4.692000
498.753	4.692000
498.753	4.863000
499.106	4.863000
499.106	4.182000
499.424	4.182000
499.424	4.010000
499.742	4.010000
499.742	4.590000
500.058	4.590000
500.058	4.721000
500.376	4.721000
500.376	4.681000
500.694	4.681000
500.694	5.016000
501.012	5.016000
501.012	4.572000
501.33	4.572000
501.33	4.354000
501.648	4.354000
501.648	4.842000
501.966	4.842000
501.966	5.046000
502.285	5.046000
502.285	5.070000
502.604	5.070000
502.604	5.281000
502.921	5.281000
502.921	4.534000
503.239	4.534000
503.239	4.418000
503.557	4.418000
503.557	4.394000
503.875	4.394000
503.875	4.819000
504.193	4.819000
504.193	4.647000
504.511	4.647000
504.511	5.011000
504.829	5.011000
504.829	4.402000
505.182	4.402000
505.182	4.473000
505.535	4.473000
505.535	4.363000
505.888	4.363000
505.888	4.327000
506.206	4.327000
506.206	4.355000
506.524	4.355000
506.524	4.490000
506.842	4.490000
506.842	4.401000
507.16	4.401000
507.16	4.548000
507.478	4.548000
507.478	4.830000
507.796	4.830000
507.796	5.320000
508.112	5.320000
508.112	4.737000
508.431	4.737000
508.431	4.948000
508.75	4.948000
508.75	4.245000
509.068	4.245000
509.068	4.185000
509.386	4.185000
509.386	4.401000
509.704	4.401000
509.704	4.518000
510.022	4.518000
510.022	4.663000
510.34	4.663000
510.34	4.472000
510.658	4.472000
510.658	5.202000
510.974	5.202000
510.974	4.456000
511.292	4.456000
511.292	4.569000
511.61	4.569000
511.61	5.415000
511.928	5.415000
511.928	5.639000
512.246	5.639000
512.246	5.255000
512.564	5.255000
512.564	4.558000
512.882	4.558000
512.882	4.562000
513.2	4.562000
513.2	4.354000
513.518	4.354000
513.518	4.610000
513.835	4.610000
513.835	4.079000
514.154	4.079000
514.154	4.219000
514.473	4.219000
514.473	5.198000
514.826	5.198000
514.826	5.269000
515.179	5.269000
515.179	4.686000
515.532	4.686000
515.532	4.219000
515.85	4.219000
515.85	4.344000
516.168	4.344000
516.168	4.221000
516.486	4.221000
516.486	4.471000
516.801	4.471000
516.801	3.867000
517.119	3.867000
517.119	3.875000
517.437	3.875000
517.437	4.480000
517.755	4.480000
517.755	4.381000
518.073	4.381000
518.073	4.564000
518.391	4.564000
518.391	4.967000
518.744	4.967000
518.744	5.175000
519.097	5.175000
519.097	4.642000
519.45	4.642000
519.45	4.469000
519.768	4.469000
519.768	4.126000
520.086	4.126000
520.086	4.124000
520.404	4.124000
520.404	4.643000
520.722	4.643000
520.722	4.679000
521.04	4.679000
521.04	4.222000
521.358	4.222000
521.358	4.712000
521.676	4.712000
521.676	4.725000
521.994	4.725000
521.994	4.693000
522.312	4.693000
