0.0	5.305000
0.353	5.305000
0.353	5.303000
0.706	5.303000
0.706	5.299000
1.059	5.299000
1.059	4.689000
1.411	4.689000
1.411	4.685000
1.763	4.685000
1.763	4.630000
2.116	4.630000
2.116	4.418000
2.469	4.418000
2.469	4.381000
2.82	4.381000
2.82	4.430000
3.173	4.430000
3.173	5.128000
3.523	5.128000
3.523	5.111000
3.872	5.111000
3.872	5.164000
4.224	5.164000
4.224	4.820000
4.573	4.820000
4.573	4.832000
4.925	4.832000
4.925	4.820000
5.277	4.820000
5.277	4.944000
5.627	4.944000
5.627	4.951000
5.978	4.951000
5.978	4.953000
6.33	4.953000
6.33	5.090000
6.683	5.090000
6.683	5.086000
7.036	5.086000
7.036	5.071000
7.389	5.071000
7.389	4.756000
7.742	4.756000
7.742	4.763000
8.095	4.763000
8.095	4.722000
8.446	4.722000
8.446	4.204000
8.799	4.204000
8.799	4.212000
9.151	4.212000
9.151	4.198000
9.504	4.198000
9.504	5.025000
9.857	5.025000
9.857	5.065000
10.21	5.065000
10.21	5.043000
10.563	5.043000
10.563	4.530000
10.916	4.530000
10.916	4.581000
11.269	4.581000
11.269	4.490000
11.622	4.490000
11.622	4.653000
11.975	4.653000
11.975	4.665000
12.328	4.665000
12.328	4.692000
12.68	4.692000
12.68	5.059000
13.033	5.059000
13.033	5.092000
13.386	5.092000
13.386	5.067000
13.739	5.067000
13.739	4.501000
14.091	4.501000
14.091	4.472000
14.44	4.472000
14.44	4.497000
14.792	4.497000
14.792	4.627000
15.143	4.627000
15.143	4.661000
15.496	4.661000
15.496	4.649000
15.846	4.649000
15.846	4.499000
16.199	4.499000
16.199	4.502000
16.552	4.502000
16.552	4.406000
16.904	4.406000
16.904	5.204000
17.256	5.204000
17.256	5.218000
17.609	5.218000
17.609	5.300000
17.961	5.300000
17.961	5.059000
18.314	5.059000
18.314	5.059000
18.665	5.059000
18.665	5.181000
19.017	5.181000
19.017	5.328000
19.37	5.328000
19.37	5.322000
19.723	5.322000
19.723	5.276000
20.076	5.276000
20.076	4.607000
20.427	4.607000
20.427	4.609000
20.777	4.609000
20.777	4.605000
21.13	4.605000
21.13	4.642000
21.48	4.642000
21.48	4.635000
21.831	4.635000
21.831	4.709000
22.184	4.709000
22.184	4.557000
22.536	4.557000
22.536	4.572000
22.889	4.572000
22.889	4.546000
23.241	4.546000
23.241	4.537000
23.593	4.537000
23.593	4.529000
23.945	4.529000
23.945	4.478000
24.298	4.478000
24.298	5.113000
24.649	5.113000
24.649	5.124000
25.001	5.124000
25.001	5.104000
25.354	5.104000
25.354	5.056000
25.707	5.056000
25.707	5.052000
26.06	5.052000
26.06	5.090000
26.413	5.090000
26.413	4.752000
26.763	4.752000
26.763	4.753000
27.115	4.753000
27.115	4.730000
27.467	4.730000
27.467	4.517000
27.82	4.517000
27.82	4.518000
28.173	4.518000
28.173	4.584000
28.526	4.584000
28.526	4.410000
28.877	4.410000
28.877	4.374000
29.23	4.374000
29.23	4.498000
29.582	4.498000
29.582	4.514000
29.933	4.514000
29.933	4.537000
30.285	4.537000
30.285	4.488000
30.635	4.488000
30.635	4.571000
30.988	4.571000
30.988	4.599000
31.341	4.599000
31.341	4.581000
31.693	4.581000
31.693	4.632000
32.045	4.632000
32.045	4.651000
32.398	4.651000
32.398	4.672000
32.75	4.672000
32.75	5.427000
33.103	5.427000
33.103	5.439000
33.456	5.439000
33.456	5.375000
33.809	5.375000
33.809	5.103000
34.162	5.103000
34.162	5.122000
34.515	5.122000
34.515	5.092000
34.868	5.092000
34.868	4.302000
35.221	4.302000
35.221	4.249000
35.574	4.249000
35.574	4.252000
35.924	4.252000
35.924	4.834000
36.277	4.834000
36.277	4.855000
36.63	4.855000
36.63	4.714000
36.983	4.714000
36.983	5.870000
37.334	5.870000
37.334	5.926000
37.686	5.926000
37.686	5.969000
38.038	5.969000
38.038	9.755000
38.39	9.755000
38.39	9.865000
38.742	9.865000
38.742	9.383000
39.092	9.383000
39.092	4.989000
39.445	4.989000
39.445	5.024000
39.798	5.024000
39.798	5.051000
40.149	5.051000
40.149	6.056000
40.502	6.056000
40.502	5.997000
40.855	5.997000
40.855	5.995000
41.207	5.995000
41.207	5.191000
41.56	5.191000
41.56	5.171000
41.912	5.171000
41.912	5.197000
42.265	5.197000
42.265	4.699000
42.617	4.699000
42.617	4.708000
42.969	4.708000
42.969	4.722000
43.32	4.722000
43.32	5.103000
43.672	5.103000
43.672	5.129000
44.024	5.129000
44.024	5.176000
44.377	5.176000
44.377	5.116000
44.728	5.116000
44.728	5.123000
45.08	5.123000
45.08	5.028000
45.433	5.028000
45.433	4.668000
45.784	4.668000
45.784	4.655000
46.137	4.655000
46.137	4.652000
46.489	4.652000
46.489	5.049000
46.842	5.049000
46.842	5.060000
47.195	5.060000
47.195	5.027000
47.548	5.027000
47.548	6.055000
47.9	6.055000
47.9	6.025000
48.251	6.025000
48.251	5.980000
48.603	5.980000
48.603	5.977000
48.955	5.977000
48.955	5.919000
49.306	5.919000
49.306	5.861000
49.658	5.861000
49.658	7.625000
49.971	7.625000
49.971	7.595000
50.283	7.595000
50.283	7.554000
50.595	7.554000
50.595	6.050000
50.948	6.050000
50.948	6.074000
51.301	6.074000
51.301	6.069000
51.653	6.069000
51.653	5.075000
52.006	5.075000
52.006	5.067000
52.359	5.067000
52.359	5.148000
52.712	5.148000
52.712	4.904000
53.065	4.904000
53.065	4.869000
53.416	4.869000
53.416	5.000000
53.768	5.000000
53.768	4.570000
54.08	4.570000
54.08	4.585000
54.391	4.585000
54.391	4.510000
54.702	4.510000
54.702	5.339000
55.055	5.339000
55.055	5.341000
55.408	5.341000
55.408	5.157000
55.761	5.157000
55.761	5.424000
56.112	5.424000
56.112	5.463000
56.464	5.463000
56.464	5.370000
56.817	5.370000
56.817	6.425000
57.168	6.425000
57.168	6.455000
57.521	6.455000
57.521	6.373000
57.874	6.373000
57.874	5.753000
58.227	5.753000
58.227	5.712000
58.579	5.712000
58.579	5.621000
58.928	5.621000
58.928	5.635000
59.28	5.635000
59.28	5.623000
59.633	5.623000
59.633	5.688000
59.984	5.688000
59.984	4.815000
60.335	4.815000
60.335	4.820000
60.686	4.820000
60.686	4.951000
61.036	4.951000
61.036	4.561000
61.389	4.561000
61.389	4.514000
61.74	4.514000
61.74	4.591000
62.091	4.591000
62.091	4.660000
62.444	4.660000
62.444	4.669000
62.796	4.669000
62.796	4.637000
63.147	4.637000
63.147	4.556000
63.498	4.556000
63.498	4.524000
63.849	4.524000
63.849	4.547000
64.2	4.547000
64.2	4.625000
64.512	4.625000
64.512	4.635000
64.824	4.635000
64.824	4.681000
65.136	4.681000
65.136	6.789000
65.489	6.789000
65.489	6.787000
65.842	6.787000
65.842	6.513000
66.195	6.513000
66.195	5.929000
66.548	5.929000
66.548	5.919000
66.901	5.919000
66.901	6.013000
67.253	6.013000
67.253	7.497000
67.606	7.497000
67.606	7.483000
67.959	7.483000
67.959	7.359000
68.311	7.359000
68.311	5.613000
68.664	5.613000
68.664	5.616000
69.017	5.616000
69.017	5.693000
69.37	5.693000
69.37	6.386000
69.722	6.386000
69.722	6.357000
70.074	6.357000
70.074	6.462000
70.426	6.462000
70.426	5.334000
70.777	5.334000
70.777	5.336000
71.129	5.336000
71.129	5.253000
71.481	5.253000
71.481	5.916000
71.834	5.916000
71.834	5.929000
72.186	5.929000
72.186	5.950000
72.539	5.950000
72.539	4.648000
72.89	4.648000
72.89	4.658000
73.242	4.658000
73.242	4.746000
73.595	4.746000
73.595	4.851000
73.948	4.851000
73.948	4.869000
74.301	4.869000
74.301	4.790000
74.654	4.790000
74.654	5.041000
75.006	5.041000
75.006	5.019000
75.359	5.019000
75.359	5.015000
75.712	5.015000
75.712	5.084000
76.065	5.084000
76.065	5.089000
76.417	5.089000
76.417	5.059000
76.77	5.059000
76.77	4.568000
77.122	4.568000
77.122	4.531000
77.474	4.531000
77.474	4.654000
77.823	4.654000
77.823	4.171000
78.175	4.171000
78.175	4.182000
78.528	4.182000
78.528	4.308000
78.879	4.308000
78.879	5.214000
79.232	5.214000
79.232	5.140000
79.585	5.140000
79.585	5.156000
79.938	5.156000
79.938	5.247000
80.292	5.247000
80.292	5.267000
80.646	5.267000
80.646	5.238000
80.996	5.238000
80.996	6.035000
81.348	6.035000
81.348	6.058000
81.7	6.058000
81.7	6.035000
82.051	6.035000
82.051	6.827000
82.404	6.827000
82.404	6.853000
82.756	6.853000
82.756	6.883000
83.108	6.883000
83.108	5.638000
83.461	5.638000
83.461	5.631000
83.813	5.631000
83.813	5.637000
84.166	5.637000
84.166	5.356000
84.517	5.356000
84.517	5.415000
84.868	5.415000
84.868	5.353000
85.22	5.353000
85.22	5.934000
85.572	5.934000
85.572	5.931000
85.925	5.931000
85.925	6.047000
86.277	6.047000
86.277	5.049000
86.629	5.049000
86.629	5.046000
86.981	5.046000
86.981	5.064000
87.334	5.064000
87.334	5.868000
87.685	5.868000
87.685	5.873000
88.035	5.873000
88.035	5.975000
88.388	5.975000
88.388	6.180000
88.74	6.180000
88.74	6.122000
89.092	6.122000
89.092	6.184000
89.443	6.184000
89.443	5.149000
89.796	5.149000
89.796	5.186000
90.149	5.186000
90.149	5.288000
90.5	5.288000
90.5	5.866000
90.853	5.866000
90.853	5.877000
91.205	5.877000
91.205	5.932000
91.557	5.932000
91.557	4.691000
91.908	4.691000
91.908	4.686000
92.261	4.686000
92.261	4.701000
92.613	4.701000
92.613	5.338000
92.966	5.338000
92.966	5.260000
93.318	5.260000
93.318	5.402000
93.67	5.402000
93.67	4.747000
94.023	4.747000
94.023	4.800000
94.376	4.800000
94.376	4.720000
94.728	4.720000
94.728	5.101000
95.08	5.101000
95.08	5.104000
95.431	5.104000
95.431	5.131000
95.784	5.131000
95.784	5.064000
96.136	5.064000
96.136	5.071000
96.489	5.071000
96.489	5.174000
96.842	5.174000
96.842	5.757000
97.195	5.757000
97.195	5.740000
97.548	5.740000
97.548	5.734000
97.901	5.734000
97.901	6.939000
98.255	6.939000
98.255	7.011000
98.609	7.011000
98.609	6.841000
98.96	6.841000
98.96	6.593000
99.312	6.593000
99.312	6.606000
99.664	6.606000
99.664	6.604000
100.017	6.604000
100.017	7.446000
100.369	7.446000
100.369	7.372000
100.721	7.372000
100.721	7.388000
101.074	7.388000
101.074	5.146000
101.426	5.146000
101.426	5.137000
101.779	5.137000
101.779	5.111000
102.132	5.111000
102.132	5.068000
102.485	5.068000
102.485	5.063000
102.838	5.063000
102.838	5.106000
103.189	5.106000
103.189	5.262000
103.542	5.262000
103.542	5.256000
103.892	5.256000
103.892	5.396000
104.244	5.396000
104.244	5.758000
104.597	5.758000
104.597	5.725000
104.95	5.725000
104.95	5.721000
105.303	5.721000
105.303	7.602000
105.656	7.602000
105.656	7.603000
106.009	7.603000
106.009	7.354000
106.361	7.354000
106.361	7.605000
106.713	7.605000
106.713	7.548000
107.065	7.548000
107.065	7.558000
107.418	7.558000
107.418	7.146000
107.771	7.146000
107.771	7.139000
108.124	7.139000
108.124	6.975000
108.476	6.975000
108.476	4.754000
108.828	4.754000
108.828	4.731000
109.179	4.731000
109.179	4.806000
109.53	4.806000
109.53	4.729000
109.883	4.729000
109.883	4.706000
110.235	4.706000
110.235	4.649000
110.588	4.649000
110.588	5.088000
110.94	5.088000
110.94	5.079000
111.293	5.079000
111.293	5.037000
111.645	5.037000
111.645	4.330000
111.998	4.330000
111.998	4.325000
112.35	4.325000
112.35	4.382000
112.702	4.382000
112.702	4.995000
113.053	4.995000
113.053	5.052000
113.406	5.052000
113.406	5.069000
113.759	5.069000
113.759	5.063000
114.111	5.063000
114.111	5.017000
114.461	5.017000
114.461	5.056000
114.814	5.056000
114.814	5.073000
115.167	5.073000
115.167	5.068000
115.519	5.068000
115.519	5.138000
115.87	5.138000
115.87	5.769000
116.223	5.769000
116.223	5.752000
116.575	5.752000
116.575	5.768000
116.928	5.768000
116.928	6.267000
117.281	6.267000
117.281	6.278000
117.633	6.278000
117.633	6.209000
117.986	6.209000
117.986	6.340000
118.337	6.340000
118.337	6.273000
118.685	6.273000
118.685	6.274000
119.038	6.274000
119.038	6.113000
119.387	6.113000
119.387	6.079000
119.737	6.079000
119.737	6.110000
120.089	6.110000
120.089	5.033000
120.44	5.033000
120.44	5.062000
120.792	5.062000
120.792	5.102000
121.143	5.102000
121.143	4.437000
121.494	4.437000
121.494	4.451000
121.844	4.451000
121.844	4.519000
122.197	4.519000
122.197	6.163000
122.55	6.163000
122.55	6.208000
122.903	6.208000
122.903	6.113000
123.253	6.113000
123.253	5.611000
123.605	5.611000
123.605	5.631000
123.957	5.631000
123.957	5.602000
124.31	5.602000
124.31	5.414000
124.662	5.414000
124.662	5.426000
125.015	5.426000
125.015	5.420000
125.368	5.420000
125.368	5.687000
125.72	5.687000
125.72	5.685000
126.072	5.685000
126.072	5.779000
126.424	5.779000
126.424	5.357000
126.775	5.357000
126.775	5.356000
127.127	5.356000
127.127	5.318000
127.48	5.318000
127.48	4.520000
127.833	4.520000
127.833	4.504000
128.183	4.504000
128.183	4.567000
128.536	4.567000
128.536	4.730000
128.887	4.730000
128.887	4.743000
129.239	4.743000
129.239	4.747000
129.589	4.747000
129.589	5.582000
129.941	5.582000
129.941	5.186000
130.291	5.186000
130.291	5.178000
130.643	5.178000
130.643	5.196000
130.996	5.196000
130.996	5.170000
131.346	5.170000
131.346	5.134000
131.699	5.134000
131.699	4.562000
132.051	4.562000
132.051	4.560000
132.402	4.560000
132.402	4.640000
132.754	4.640000
132.754	4.730000
133.106	4.730000
133.106	4.704000
133.459	4.704000
133.459	4.834000
133.811	4.834000
133.811	5.829000
134.163	5.829000
134.163	5.731000
134.514	5.731000
134.514	5.856000
134.867	5.856000
134.867	6.464000
135.22	6.464000
135.22	6.423000
135.573	6.423000
135.573	6.158000
135.926	6.158000
135.926	6.463000
136.276	6.463000
136.276	6.470000
136.627	6.470000
136.627	6.466000
136.979	6.466000
136.979	5.063000
137.332	5.063000
137.332	5.029000
137.685	5.029000
137.685	5.064000
138.037	5.064000
138.037	5.163000
138.39	5.163000
138.39	5.140000
138.743	5.140000
138.743	5.025000
139.095	5.025000
139.095	5.478000
139.448	5.478000
139.448	5.449000
139.8	5.449000
139.8	5.397000
140.152	5.397000
140.152	6.277000
140.504	6.277000
140.504	6.292000
140.856	6.292000
140.856	6.310000
141.209	6.310000
141.209	5.424000
141.562	5.424000
141.562	5.395000
141.915	5.395000
141.915	5.357000
142.268	5.357000
142.268	5.286000
142.62	5.286000
142.62	5.297000
142.973	5.297000
142.973	5.255000
143.324	5.255000
143.324	5.271000
143.677	5.271000
143.677	5.260000
144.029	5.260000
144.029	5.281000
144.382	5.281000
144.382	4.957000
144.734	4.957000
144.734	4.996000
145.086	4.996000
145.086	4.979000
145.437	4.979000
145.437	5.006000
145.785	5.006000
145.785	5.017000
146.135	5.017000
146.135	5.113000
146.484	5.113000
146.484	5.028000
146.837	5.028000
146.837	5.049000
147.189	5.049000
147.189	5.051000
147.541	5.051000
147.541	4.393000
147.893	4.393000
147.893	4.445000
148.245	4.445000
148.245	4.362000
148.598	4.362000
148.598	4.837000
148.952	4.837000
148.952	4.855000
149.302	4.855000
149.302	4.851000
149.654	4.851000
149.654	5.053000
150.006	5.053000
150.006	5.033000
150.357	5.033000
150.357	5.000000
150.71	5.000000
150.71	5.089000
151.061	5.089000
151.061	5.075000
151.413	5.075000
151.413	5.091000
151.766	5.091000
151.766	5.606000
152.118	5.606000
152.118	5.573000
152.471	5.573000
152.471	5.346000
152.823	5.346000
152.823	6.404000
153.175	6.404000
153.175	6.415000
153.528	6.415000
153.528	6.453000
153.88	6.453000
153.88	5.139000
154.231	5.139000
154.231	5.189000
154.584	5.189000
154.584	5.104000
154.936	5.104000
154.936	5.306000
155.289	5.306000
155.289	5.319000
155.642	5.319000
155.642	5.371000
155.995	5.371000
155.995	5.395000
156.348	5.395000
156.348	5.398000
156.699	5.398000
156.699	5.340000
157.05	5.340000
157.05	7.275000
157.403	7.275000
157.403	7.185000
157.756	7.185000
157.756	7.194000
158.109	7.194000
158.109	7.849000
158.46	7.849000
158.46	7.834000
158.81	7.834000
158.81	7.927000
159.162	7.927000
159.162	8.050000
159.48	8.050000
159.48	8.084000
159.799	8.084000
159.799	8.023000
160.116	8.023000
160.116	5.925000
160.468	5.925000
160.468	5.961000
160.821	5.961000
160.821	5.975000
161.171	5.975000
161.171	5.018000
161.524	5.018000
161.524	4.991000
161.877	4.991000
161.877	4.937000
162.23	4.937000
162.23	5.845000
162.583	5.845000
162.583	5.787000
162.936	5.787000
162.936	5.802000
163.289	5.802000
163.289	6.149000
163.641	6.149000
163.641	6.206000
163.993	6.206000
163.993	6.136000
164.346	6.136000
164.346	5.182000
164.697	5.182000
164.697	5.126000
165.049	5.126000
165.049	5.120000
165.401	5.120000
165.401	5.032000
165.754	5.032000
165.754	4.987000
166.106	4.987000
166.106	5.084000
166.457	5.084000
166.457	4.973000
166.81	4.973000
166.81	4.949000
167.163	4.949000
167.163	4.962000
167.516	4.962000
167.516	5.064000
167.868	5.064000
167.868	5.087000
168.22	5.087000
168.22	5.142000
168.572	5.142000
168.572	6.175000
168.924	6.175000
168.924	6.149000
169.277	6.149000
169.277	6.062000
169.628	6.062000
169.628	7.091000
169.98	7.091000
169.98	7.123000
170.332	7.123000
170.332	7.278000
170.683	7.278000
170.683	4.924000
171.036	4.924000
171.036	4.818000
171.389	4.818000
171.389	4.927000
171.741	4.927000
171.741	3.988000
172.087	3.988000
172.087	4.062000
172.433	4.062000
172.433	4.184000
172.778	4.184000
172.778	5.475000
173.131	5.475000
173.131	5.447000
173.484	5.447000
173.484	5.438000
173.837	5.438000
173.837	5.702000
174.19	5.702000
174.19	5.722000
174.543	5.722000
174.543	5.689000
174.896	5.689000
174.896	6.090000
175.249	6.090000
175.249	6.088000
175.602	6.088000
175.602	6.144000
175.955	6.144000
175.955	4.946000
176.308	4.946000
176.308	4.963000
176.66	4.963000
176.66	4.925000
177.013	4.925000
177.013	6.085000
177.364	6.085000
177.364	4.762000
177.717	4.762000
177.717	4.786000
178.069	4.786000
178.069	5.558000
178.421	5.558000
178.421	5.590000
178.774	5.590000
178.774	5.712000
179.124	5.712000
179.124	5.205000
179.477	5.205000
179.477	5.215000
179.83	5.215000
179.83	5.183000
180.183	5.183000
180.183	4.943000
180.535	4.943000
180.535	4.970000
180.886	4.970000
180.886	4.854000
181.236	4.854000
181.236	4.529000
181.589	4.529000
181.589	4.640000
181.942	4.640000
181.942	4.657000
182.295	4.657000
182.295	4.628000
182.647	4.628000
182.647	4.599000
182.999	4.599000
182.999	4.593000
183.351	4.593000
183.351	5.404000
183.702	5.404000
183.702	5.325000
184.054	5.325000
184.054	5.472000
184.405	5.472000
184.405	4.846000
184.757	4.846000
184.757	4.881000
185.11	4.881000
185.11	4.822000
185.463	4.822000
185.463	5.001000
185.774	5.001000
185.774	5.035000
186.086	5.035000
186.086	4.951000
186.397	4.951000
186.397	4.319000
186.749	4.319000
186.749	4.227000
187.099	4.227000
187.099	4.229000
187.45	4.229000
187.45	4.941000
187.802	4.941000
187.802	4.890000
188.152	4.890000
188.152	4.920000
188.505	4.920000
188.505	5.403000
188.858	5.403000
188.858	5.393000
189.211	5.393000
189.211	5.274000
189.563	5.274000
189.563	5.090000
189.913	5.090000
189.913	5.098000
190.263	5.098000
190.263	5.144000
190.615	5.144000
190.615	5.242000
190.969	5.242000
190.969	5.148000
191.322	5.148000
191.322	5.108000
191.676	5.108000
191.676	4.974000
192.027	4.974000
192.027	4.949000
192.378	4.949000
192.378	4.948000
192.731	4.948000
192.731	4.910000
193.084	4.910000
193.084	4.887000
193.436	4.887000
193.436	4.813000
193.788	4.813000
193.788	5.010000
194.139	5.010000
194.139	5.007000
194.491	5.007000
194.491	5.077000
194.844	5.077000
194.844	6.160000
195.197	6.160000
195.197	6.151000
195.55	6.151000
195.55	6.172000
195.903	6.172000
195.903	5.849000
196.256	5.849000
196.256	5.828000
196.608	5.828000
196.608	5.915000
196.961	5.915000
196.961	5.959000
197.312	5.959000
197.312	5.923000
197.662	5.923000
197.662	6.071000
198.015	6.071000
198.015	5.448000
198.368	5.448000
198.368	5.471000
198.721	5.471000
198.721	5.651000
199.075	5.651000
199.075	5.396000
199.428	5.396000
199.428	5.407000
199.781	5.407000
199.781	5.335000
200.132	5.335000
200.132	4.876000
200.486	4.876000
200.486	4.875000
200.839	4.875000
200.839	4.808000
201.192	4.808000
201.192	5.758000
201.545	5.758000
201.545	5.755000
201.897	5.755000
201.897	5.906000
202.249	5.906000
202.249	5.389000
202.602	5.389000
202.602	5.505000
202.955	5.505000
202.955	5.377000
203.308	5.377000
203.308	4.939000
203.661	4.939000
203.661	4.953000
204.014	4.953000
204.014	4.867000
204.367	4.867000
204.367	4.909000
204.72	4.909000
204.72	4.904000
205.073	4.904000
205.073	4.949000
205.426	4.949000
205.426	5.528000
205.779	5.528000
205.779	5.484000
206.131	5.484000
206.131	5.425000
206.484	5.425000
206.484	4.784000
206.837	4.784000
206.837	4.780000
207.19	4.780000
207.19	4.762000
207.542	4.762000
207.542	5.029000
207.895	5.029000
207.895	5.035000
208.248	5.035000
208.248	4.976000
208.6	4.976000
208.6	5.905000
208.953	5.905000
208.953	5.879000
209.306	5.879000
209.306	5.867000
209.658	5.867000
209.658	7.024000
210.011	7.024000
210.011	7.026000
210.363	7.026000
210.363	6.833000
210.717	6.833000
210.717	5.134000
211.069	5.134000
211.069	5.114000
211.422	5.114000
211.422	5.261000
211.773	5.261000
211.773	5.305000
212.126	5.305000
212.126	5.301000
212.479	5.301000
212.479	5.285000
212.83	5.285000
212.83	5.194000
213.182	5.194000
213.182	5.238000
213.535	5.238000
213.535	5.205000
213.885	5.205000
213.885	6.157000
214.236	6.157000
214.236	6.181000
214.586	6.181000
214.586	6.135000
214.938	6.135000
214.938	7.031000
215.29	7.031000
215.29	7.037000
215.642	7.037000
215.642	7.078000
215.994	7.078000
215.994	6.605000
216.346	6.605000
216.346	6.592000
216.698	6.592000
216.698	6.364000
217.051	6.364000
217.051	6.528000
217.402	6.528000
217.402	6.581000
217.754	6.581000
217.754	6.657000
218.107	6.657000
218.107	5.459000
218.422	5.459000
218.422	5.471000
218.738	5.471000
218.738	5.650000
219.055	5.650000
219.055	5.205000
219.407	5.205000
219.407	5.250000
219.76	5.250000
219.76	5.361000
220.112	5.361000
220.112	4.606000
220.465	4.606000
220.465	4.616000
220.816	4.616000
220.816	4.618000
221.166	4.618000
221.166	4.992000
221.518	4.992000
221.518	4.968000
221.87	4.968000
221.87	4.978000
222.221	4.978000
222.221	5.243000
222.574	5.243000
222.574	5.236000
222.926	5.236000
222.926	5.333000
223.279	5.333000
223.279	5.570000
223.631	5.570000
223.631	5.619000
223.983	5.619000
223.983	5.597000
224.335	5.597000
224.335	6.021000
224.688	6.021000
224.688	5.997000
225.04	5.997000
225.04	6.203000
225.392	6.203000
225.392	4.986000
225.709	4.986000
225.709	5.011000
226.026	5.011000
226.026	5.021000
226.344	5.021000
226.344	5.258000
226.697	5.258000
226.697	5.212000
227.048	5.212000
227.048	5.237000
227.401	5.237000
227.401	4.913000
227.752	4.913000
227.752	4.942000
228.103	4.942000
228.103	5.082000
228.455	5.082000
228.455	5.679000
228.808	5.679000
228.808	5.653000
229.161	5.653000
229.161	5.555000
229.514	5.555000
229.514	6.677000
229.867	6.677000
229.867	6.627000
230.22	6.627000
230.22	6.446000
230.571	6.446000
230.571	4.899000
230.924	4.899000
230.924	4.860000
231.273	4.860000
231.273	4.891000
231.625	4.891000
231.625	5.202000
231.977	5.202000
231.977	5.192000
232.329	5.192000
232.329	5.178000
232.681	5.178000
232.681	4.766000
233.033	4.766000
233.033	4.797000
233.385	4.797000
233.385	4.808000
233.738	4.808000
233.738	4.709000
234.091	4.709000
234.091	4.705000
234.444	4.705000
234.444	4.780000
234.797	4.780000
234.797	5.157000
235.149	5.157000
235.149	5.132000
235.5	5.132000
235.5	5.024000
235.853	5.024000
235.853	4.960000
236.206	4.960000
236.206	4.959000
236.559	4.959000
236.559	4.924000
236.912	4.924000
236.912	4.796000
237.263	4.796000
237.263	4.824000
237.615	4.824000
237.615	4.823000
237.964	4.823000
237.964	4.303000
238.317	4.303000
238.317	4.498000
238.669	4.498000
238.669	4.519000
239.021	4.519000
239.021	5.750000
239.373	5.750000
239.373	5.683000
239.725	5.683000
239.725	5.673000
240.078	5.673000
240.078	4.904000
240.429	4.904000
240.429	4.917000
240.781	4.917000
240.781	4.926000
241.133	4.926000
241.133	4.980000
241.486	4.980000
241.486	4.968000
241.837	4.968000
241.837	4.995000
242.188	4.995000
242.188	4.809000
242.541	4.809000
242.541	4.829000
242.893	4.829000
242.893	4.781000
243.246	4.781000
243.246	4.831000
243.599	4.831000
243.599	4.729000
243.951	4.729000
243.951	4.752000
244.302	4.752000
244.302	5.022000
244.654	5.022000
244.654	5.021000
245.006	5.021000
245.006	5.017000
245.358	5.017000
245.358	4.953000
245.71	4.953000
245.71	4.919000
246.062	4.919000
246.062	4.953000
246.413	4.953000
246.413	6.685000
246.765	6.685000
246.765	6.469000
247.118	6.469000
247.118	6.407000
247.467	6.407000
247.467	5.691000
247.817	5.691000
247.817	5.693000
248.167	5.693000
248.167	5.746000
248.518	5.746000
248.518	5.021000
248.871	5.021000
248.871	4.974000
249.224	4.974000
249.224	4.908000
249.576	4.908000
249.576	4.781000
249.927	4.781000
249.927	4.809000
250.28	4.809000
250.28	4.774000
250.632	4.774000
250.632	4.497000
250.984	4.497000
250.984	4.512000
251.335	4.512000
251.335	4.541000
251.688	4.541000
251.688	5.027000
252.04	5.027000
252.04	5.057000
252.391	5.057000
252.391	5.016000
252.744	5.016000
252.744	5.235000
253.095	5.235000
253.095	5.122000
253.446	5.122000
253.446	5.277000
253.796	5.277000
253.796	5.324000
254.149	5.324000
254.149	5.327000
254.502	5.327000
254.502	5.466000
254.854	5.466000
254.854	5.411000
255.205	5.411000
255.205	5.413000
255.557	5.413000
255.557	5.387000
255.91	5.387000
255.91	4.640000
256.261	4.640000
256.261	4.602000
256.612	4.602000
256.612	4.665000
256.962	4.665000
256.962	4.844000
257.314	4.844000
257.314	4.832000
257.666	4.832000
257.666	4.876000
258.019	4.876000
258.019	6.882000
258.372	6.882000
258.372	6.833000
258.722	6.833000
258.722	6.875000
259.075	6.875000
259.075	5.616000
259.429	5.616000
259.429	5.638000
259.782	5.638000
259.782	5.571000
260.135	5.571000
260.135	5.126000
260.488	5.126000
260.488	5.050000
260.839	5.050000
260.839	5.177000
261.191	5.177000
261.191	4.965000
261.54	4.965000
261.54	5.006000
261.89	5.006000
261.89	5.101000
262.242	5.101000
262.242	5.257000
262.595	5.257000
262.595	5.021000
262.948	5.021000
262.948	5.031000
263.299	5.031000
263.299	4.491000
263.65	4.491000
263.65	4.554000
264.002	4.554000
264.002	4.515000
264.354	4.515000
264.354	6.292000
264.707	6.292000
264.707	6.323000
265.06	6.323000
265.06	6.262000
265.412	6.262000
265.412	5.310000
265.764	5.310000
265.764	5.320000
266.115	5.320000
266.115	5.320000
266.468	5.320000
266.468	4.859000
266.821	4.859000
266.821	4.865000
267.174	4.865000
267.174	4.878000
267.525	4.878000
267.525	4.710000
267.878	4.710000
267.878	4.693000
268.231	4.693000
268.231	4.721000
268.583	4.721000
268.583	5.510000
268.935	5.510000
268.935	5.510000
269.288	5.510000
269.288	5.493000
269.641	5.493000
269.641	5.909000
269.992	5.909000
269.992	5.958000
270.343	5.958000
270.343	6.037000
270.695	6.037000
270.695	5.079000
271.047	5.079000
271.047	5.046000
271.399	5.046000
271.399	5.027000
271.752	5.027000
271.752	4.591000
272.104	4.591000
272.104	4.561000
272.454	4.561000
272.454	4.599000
272.806	4.599000
272.806	5.030000
273.159	5.030000
273.159	5.006000
273.511	5.006000
273.511	5.017000
273.864	5.017000
273.864	5.072000
274.215	5.072000
274.215	5.100000
274.566	5.100000
274.566	5.090000
274.919	5.090000
274.919	4.925000
275.271	4.925000
275.271	4.908000
275.623	4.908000
275.623	5.047000
275.976	5.047000
275.976	5.567000
276.329	5.567000
276.329	5.551000
276.681	5.551000
276.681	5.557000
277.034	5.557000
277.034	5.171000
277.387	5.171000
277.387	5.166000
277.74	5.166000
277.74	5.215000
278.093	5.215000
278.093	5.539000
278.444	5.539000
278.444	5.585000
278.795	5.585000
278.795	5.640000
279.148	5.640000
279.148	6.246000
279.496	6.246000
279.496	6.199000
279.842	6.199000
279.842	6.067000
280.189	6.067000
280.189	5.395000
280.542	5.395000
280.542	5.402000
280.895	5.402000
280.895	5.253000
281.247	5.253000
281.247	4.772000
281.599	4.772000
281.599	4.743000
281.951	4.743000
281.951	4.739000
282.304	4.739000
282.304	4.706000
282.615	4.706000
282.615	4.667000
282.926	4.667000
282.926	4.730000
283.237	4.730000
283.237	4.623000
283.589	4.623000
283.589	4.672000
283.941	4.672000
283.941	4.571000
284.293	4.571000
284.293	5.049000
284.644	5.049000
284.644	5.023000
284.996	5.023000
284.996	4.993000
285.348	4.993000
285.348	5.853000
285.701	5.853000
285.701	5.881000
286.054	5.881000
286.054	5.902000
286.406	5.902000
286.406	4.998000
286.717	4.998000
286.717	4.998000
287.027	4.998000
287.027	4.986000
287.339	4.986000
287.339	4.365000
287.691	4.365000
287.691	4.374000
288.043	4.374000
288.043	4.432000
288.395	4.432000
288.395	4.497000
288.748	4.497000
288.748	4.470000
289.101	4.470000
289.101	4.397000
289.454	4.397000
289.454	5.166000
289.766	5.166000
289.766	5.163000
290.078	5.163000
290.078	5.231000
290.39	5.231000
290.39	4.847000
290.741	4.847000
290.741	4.827000
291.094	4.827000
291.094	4.826000
291.446	4.826000
291.446	4.575000
291.797	4.575000
291.797	4.556000
292.147	4.556000
292.147	4.572000
292.5	4.572000
292.5	5.146000
292.851	5.146000
292.851	5.172000
293.203	5.172000
293.203	5.102000
293.556	5.102000
293.556	5.051000
293.906	5.051000
293.906	5.057000
294.259	5.057000
294.259	5.160000
294.612	5.160000
294.612	5.061000
294.965	5.061000
294.965	5.034000
295.316	5.034000
295.316	5.134000
295.669	5.134000
295.669	6.154000
296.023	6.154000
296.023	6.188000
296.378	6.188000
296.378	6.070000
296.732	6.070000
296.732	5.970000
297.086	5.970000
297.086	5.969000
297.439	5.969000
297.439	5.753000
297.792	5.753000
297.792	6.355000
298.11	6.355000
298.11	6.340000
298.428	6.340000
298.428	6.288000
298.746	6.288000
298.746	5.971000
299.1	5.971000
299.1	6.071000
299.455	6.071000
299.455	6.052000
299.81	6.052000
299.81	5.226000
300.164	5.226000
300.164	5.260000
300.517	5.260000
300.517	5.341000
300.87	5.341000
300.87	5.364000
301.224	5.364000
301.224	5.379000
301.578	5.379000
301.578	5.284000
301.932	5.284000
301.932	6.203000
302.286	6.203000
302.286	6.173000
302.641	6.173000
302.641	6.134000
302.996	6.134000
302.996	5.556000
303.35	5.556000
303.35	5.587000
303.704	5.587000
303.704	5.560000
304.058	5.560000
304.058	6.164000
304.413	6.164000
304.413	6.191000
304.768	6.191000
304.768	6.179000
305.122	6.179000
305.122	6.483000
305.475	6.483000
305.475	6.488000
305.828	6.488000
305.828	6.640000
306.179	6.640000
306.179	6.534000
306.533	6.534000
306.533	6.516000
306.887	6.516000
306.887	6.487000
307.239	6.487000
307.239	6.796000
307.594	6.796000
307.594	6.803000
307.949	6.803000
307.949	6.949000
308.304	6.949000
308.304	6.618000
308.658	6.618000
308.658	6.638000
309.012	6.638000
309.012	6.736000
309.367	6.736000
309.367	6.383000
309.719	6.383000
309.719	6.358000
310.072	6.358000
310.072	6.140000
310.424	6.140000
310.424	6.812000
310.778	6.812000
310.778	6.823000
311.132	6.823000
311.132	6.828000
311.486	6.828000
311.486	4.478000
311.838	4.478000
311.838	4.498000
312.192	4.498000
312.192	4.444000
312.546	4.444000
312.546	4.984000
312.9	4.984000
312.9	4.959000
313.254	4.959000
313.254	5.055000
313.606	5.055000
313.606	5.050000
313.959	5.050000
313.959	5.076000
314.314	5.076000
314.314	5.056000
314.669	5.056000
314.669	4.978000
315.023	4.978000
315.023	4.960000
315.376	4.960000
315.376	4.900000
315.727	4.900000
315.727	4.980000
316.08	4.980000
316.08	4.925000
316.43	4.925000
316.43	4.954000
316.784	4.954000
316.784	5.028000
317.138	5.028000
317.138	5.070000
317.492	5.070000
317.492	4.982000
317.847	4.982000
317.847	5.111000
318.2	5.111000
318.2	5.179000
318.554	5.179000
318.554	5.169000
318.909	5.169000
318.909	4.673000
319.261	4.673000
319.261	4.688000
319.614	4.688000
319.614	4.665000
319.965	4.665000
319.965	5.046000
320.32	5.046000
320.32	5.047000
320.673	5.047000
320.673	5.053000
321.027	5.053000
321.027	6.146000
321.382	6.146000
321.382	6.183000
321.737	6.183000
321.737	6.122000
322.092	6.122000
322.092	5.653000
322.446	5.653000
322.446	5.663000
322.799	5.663000
322.799	5.557000
323.151	5.557000
323.151	4.948000
323.504	4.948000
323.504	4.936000
323.857	4.936000
323.857	4.927000
324.207	4.927000
324.207	5.635000
324.561	5.635000
324.561	5.646000
324.915	5.646000
324.915	5.562000
325.269	5.562000
325.269	6.444000
325.623	6.444000
325.623	6.469000
325.977	6.469000
325.977	6.376000
326.33	6.376000
326.33	7.390000
326.685	7.390000
326.685	7.401000
327.039	7.401000
327.039	7.315000
327.394	7.315000
327.394	4.965000
327.747	4.965000
327.747	4.938000
328.101	4.938000
328.101	4.997000
328.455	4.997000
328.455	4.659000
328.806	4.659000
328.806	4.663000
329.159	4.663000
329.159	4.687000
329.512	4.687000
329.512	5.265000
329.867	5.265000
329.867	5.260000
330.221	5.260000
330.221	5.178000
330.576	5.178000
330.576	4.882000
330.928	4.882000
330.928	4.930000
331.282	4.930000
331.282	4.913000
331.637	4.913000
331.637	4.907000
331.987	4.907000
331.987	4.874000
332.338	4.874000
332.338	4.795000
332.692	4.795000
332.692	4.992000
333.045	4.992000
333.045	5.003000
333.399	5.003000
333.399	4.995000
333.754	4.995000
333.754	5.192000
334.107	5.192000
334.107	5.206000
334.461	5.206000
334.461	5.188000
334.814	5.188000
334.814	4.784000
335.168	4.784000
335.168	4.771000
335.522	4.771000
335.522	4.839000
335.875	4.839000
335.875	6.126000
336.23	6.126000
336.23	6.093000
336.585	6.093000
336.585	6.195000
336.939	6.195000
336.939	7.616000
337.294	7.616000
337.294	7.647000
337.649	7.647000
337.649	7.269000
338.002	7.269000
338.002	4.668000
338.355	4.668000
338.355	4.676000
338.708	4.676000
338.708	4.739000
339.062	4.739000
339.062	5.473000
339.416	5.473000
339.416	5.395000
339.77	5.395000
339.77	5.436000
340.122	5.436000
340.122	4.656000
340.475	4.656000
340.475	4.657000
340.828	4.657000
340.828	4.638000
341.181	4.638000
341.181	4.151000
341.535	4.151000
341.535	4.142000
341.889	4.142000
341.889	4.187000
342.243	4.187000
342.243	4.848000
342.596	4.848000
342.596	4.854000
342.95	4.854000
342.95	4.869000
343.301	4.869000
343.301	6.621000
343.655	6.621000
343.655	6.685000
344.01	6.685000
344.01	6.710000
344.363	6.710000
344.363	5.814000
344.717	5.814000
344.717	5.839000
345.07	5.839000
345.07	5.726000
345.422	5.726000
345.422	5.146000
345.776	5.146000
345.776	5.170000
346.129	5.170000
346.129	5.178000
346.483	5.178000
346.483	5.119000
346.838	5.119000
346.838	5.127000
347.193	5.127000
347.193	5.118000
347.546	5.118000
347.546	5.699000
347.9	5.699000
347.9	5.712000
348.254	5.712000
348.254	5.823000
348.608	5.823000
348.608	6.239000
348.963	6.239000
348.963	6.240000
349.318	6.240000
349.318	6.209000
349.671	6.209000
349.671	5.186000
350.023	5.186000
350.023	5.131000
350.376	5.131000
350.376	5.207000
350.727	5.207000
350.727	6.221000
351.081	6.221000
351.081	6.167000
351.435	6.167000
351.435	6.169000
351.79	6.169000
351.79	5.112000
352.145	5.112000
352.145	5.105000
352.499	5.105000
352.499	5.125000
352.852	5.125000
352.852	4.966000
353.206	4.966000
353.206	4.890000
353.559	4.890000
353.559	5.065000
353.913	5.065000
353.913	4.949000
354.268	4.949000
354.268	4.910000
354.621	4.910000
354.621	5.005000
354.976	5.005000
354.976	4.722000
355.33	4.722000
355.33	4.713000
355.684	4.713000
355.684	4.741000
356.037	4.741000
356.037	4.971000
356.39	4.971000
356.39	4.931000
356.742	4.931000
356.742	4.945000
357.096	4.945000
357.096	5.123000
357.451	5.123000
357.451	5.092000
357.805	5.092000
357.805	5.100000
358.159	5.100000
358.159	4.769000
358.51	4.769000
358.51	4.790000
358.863	4.790000
358.863	4.744000
359.217	4.744000
359.217	6.417000
359.569	6.417000
359.569	6.440000
359.921	6.440000
359.921	6.317000
360.274	6.317000
360.274	7.998000
360.629	7.998000
360.629	7.915000
360.984	7.915000
360.984	7.935000
361.339	7.935000
361.339	5.544000
361.693	5.544000
361.693	5.520000
362.047	5.520000
362.047	5.432000
362.399	5.432000
362.399	5.521000
362.752	5.521000
362.752	5.550000
363.105	5.550000
363.105	5.433000
363.459	5.433000
363.459	6.082000
363.814	6.082000
363.814	6.072000
364.169	6.072000
364.169	5.881000
364.523	5.881000
364.523	4.525000
364.878	4.525000
364.878	4.490000
365.233	4.490000
365.233	4.415000
365.586	4.415000
365.586	4.897000
365.94	4.897000
365.94	4.879000
366.292	4.879000
366.292	4.935000
366.646	4.935000
366.646	4.965000
367.0	4.965000
367.0	4.976000
367.355	4.976000
367.355	4.955000
367.709	4.955000
367.709	5.267000
368.064	5.267000
368.064	5.263000
368.419	5.263000
368.419	5.275000
368.774	5.275000
368.774	4.977000
369.127	4.977000
369.127	4.965000
369.481	4.965000
369.481	4.913000
369.834	4.913000
369.834	5.828000
370.188	5.828000
370.188	5.787000
370.543	5.787000
370.543	5.831000
370.898	5.831000
370.898	5.930000
371.252	5.930000
371.252	5.861000
371.605	5.861000
371.605	5.803000
371.96	5.803000
371.96	4.852000
372.313	4.852000
372.313	4.693000
372.667	4.693000
372.667	4.632000
373.02	4.632000
373.02	5.068000
373.373	5.068000
373.373	5.056000
373.727	5.056000
373.727	5.043000
374.082	5.043000
374.082	4.655000
374.436	4.655000
374.436	4.620000
374.788	4.620000
374.788	4.705000
375.14	4.705000
375.14	4.917000
375.493	4.917000
375.493	4.902000
375.845	4.902000
375.845	4.926000
376.197	4.926000
376.197	4.840000
376.549	4.840000
376.549	4.849000
376.901	4.849000
376.901	4.871000
377.254	4.871000
377.254	4.772000
377.609	4.772000
377.609	4.752000
377.963	4.752000
377.963	4.808000
378.317	4.808000
378.317	5.155000
378.671	5.155000
378.671	5.091000
379.025	5.091000
379.025	4.999000
379.378	4.999000
379.378	5.172000
379.732	5.172000
379.732	5.138000
380.086	5.138000
380.086	5.028000
380.437	5.028000
380.437	6.013000
380.792	6.013000
380.792	5.994000
381.147	5.994000
381.147	5.904000
381.501	5.904000
381.501	5.759000
381.855	5.759000
381.855	5.786000
382.209	5.786000
382.209	5.779000
382.561	5.779000
382.561	5.960000
382.912	5.960000
382.912	5.949000
383.265	5.949000
383.265	5.843000
383.619	5.843000
383.619	5.117000
383.973	5.117000
383.973	5.131000
384.327	5.131000
384.327	5.119000
384.68	5.119000
384.68	4.975000
385.034	4.975000
385.034	4.914000
385.387	4.914000
385.387	4.946000
385.74	4.946000
385.74	4.812000
386.093	4.812000
386.093	4.852000
386.447	4.852000
386.447	4.838000
386.8	4.838000
386.8	5.051000
387.155	5.051000
387.155	5.026000
387.509	5.026000
387.509	4.961000
387.863	4.961000
387.863	5.683000
388.217	5.683000
388.217	5.725000
388.571	5.725000
388.571	5.552000
388.925	5.552000
388.925	5.471000
389.279	5.471000
389.279	5.486000
389.633	5.486000
389.633	5.541000
389.986	5.541000
389.986	5.016000
390.34	5.016000
390.34	4.976000
390.694	4.976000
390.694	4.958000
391.049	4.958000
391.049	5.068000
391.401	5.068000
391.401	5.075000
391.752	5.075000
391.752	5.073000
392.105	5.073000
392.105	4.399000
392.46	4.399000
392.46	4.437000
392.815	4.437000
392.815	4.429000
393.169	4.429000
393.169	5.148000
393.523	5.148000
393.523	5.108000
393.876	5.108000
393.876	5.052000
394.23	5.052000
394.23	5.042000
394.584	5.042000
394.584	5.000000
394.937	5.000000
394.937	5.140000
395.291	5.140000
395.291	4.654000
395.643	4.654000
395.643	4.674000
395.997	4.674000
395.997	4.600000
396.351	4.600000
396.351	4.870000
396.705	4.870000
396.705	4.873000
397.059	4.873000
397.059	4.862000
397.412	4.862000
397.412	5.047000
397.763	5.047000
397.763	4.885000
398.113	4.885000
398.113	4.904000
398.466	4.904000
398.466	4.933000
398.821	4.933000
398.821	4.942000
399.176	4.942000
399.176	4.922000
399.531	4.922000
399.531	5.118000
399.883	5.118000
399.883	5.082000
400.234	5.082000
400.234	5.117000
400.586	5.117000
400.586	5.701000
400.94	5.701000
400.94	5.634000
401.294	5.634000
401.294	5.674000
401.647	5.674000
401.647	6.260000
402.001	6.260000
402.001	6.214000
402.355	6.214000
402.355	6.188000
402.709	6.188000
402.709	6.522000
403.064	6.522000
403.064	6.516000
403.419	6.516000
403.419	6.470000
403.774	6.470000
403.774	5.253000
404.128	5.253000
404.128	5.246000
404.481	5.246000
404.481	5.269000
404.834	5.269000
404.834	5.650000
405.188	5.650000
405.188	5.643000
405.542	5.643000
405.542	5.737000
405.896	5.737000
405.896	5.558000
406.248	5.558000
406.248	5.565000
406.601	5.565000
406.601	5.712000
406.954	5.712000
406.954	5.127000
407.308	5.127000
407.308	5.153000
407.66	5.153000
407.66	5.121000
408.014	5.121000
408.014	6.400000
408.369	6.400000
408.369	6.374000
408.724	6.374000
408.724	6.171000
409.078	6.171000
409.078	5.185000
409.368	5.185000
409.368	5.158000
409.681	5.158000
409.681	5.165000
409.994	5.165000
409.994	4.802000
410.344	4.802000
410.344	4.829000
410.696	4.829000
410.696	4.841000
411.049	4.841000
411.049	5.108000
411.403	5.108000
411.403	5.075000
411.758	5.075000
411.758	5.033000
412.113	5.033000
412.113	4.647000
412.466	4.647000
412.466	4.673000
412.819	4.673000
412.819	4.673000
413.173	4.673000
413.173	4.824000
413.526	4.824000
413.526	4.823000
413.878	4.823000
413.878	4.918000
414.23	4.918000
414.23	5.225000
414.543	5.225000
414.543	5.122000
414.857	5.122000
414.857	5.124000
415.171	5.124000
415.171	4.956000
415.525	4.956000
415.525	4.947000
415.877	4.947000
415.877	4.956000
416.232	4.956000
416.232	4.765000
416.582	4.765000
416.582	4.773000
416.936	4.773000
416.936	4.870000
417.289	4.870000
417.289	5.007000
417.643	5.007000
417.643	5.060000
417.998	5.060000
417.998	5.016000
418.352	5.016000
418.352	5.102000
418.705	5.102000
418.705	5.118000
419.059	5.118000
419.059	5.154000
419.413	5.154000
419.413	4.711000
419.765	4.711000
419.765	4.650000
420.118	4.650000
420.118	4.627000
420.47	4.627000
420.47	4.879000
420.784	4.879000
420.784	4.878000
421.098	4.878000
421.098	4.860000
421.412	4.860000
421.412	5.029000
421.726	5.029000
421.726	5.011000
422.04	5.011000
422.04	4.993000
422.353	4.993000
422.353	4.976000
422.706	4.976000
422.706	5.034000
423.059	5.034000
423.059	4.982000
423.412	4.982000
423.412	4.960000
423.765	4.960000
423.765	4.954000
424.119	4.954000
424.119	4.911000
424.473	4.911000
424.473	5.240000
424.827	5.240000
424.827	5.247000
425.182	5.247000
425.182	5.342000
425.536	5.342000
425.536	5.853000
425.888	5.853000
425.888	5.838000
426.24	5.838000
426.24	5.821000
426.593	5.821000
426.593	5.855000
426.945	5.855000
426.945	5.888000
427.297	5.888000
427.297	5.944000
427.65	5.944000
427.65	4.952000
428.003	4.952000
428.003	4.974000
428.356	4.974000
428.356	4.959000
428.707	4.959000
428.707	5.091000
429.059	5.091000
429.059	5.061000
429.411	5.061000
429.411	4.977000
429.764	4.977000
429.764	4.854000
430.116	4.854000
430.116	4.822000
430.469	4.822000
430.469	4.852000
430.822	4.852000
430.822	4.946000
431.133	4.946000
431.133	4.982000
431.445	4.982000
431.445	5.015000
431.757	5.015000
431.757	4.532000
432.109	4.532000
432.109	4.500000
432.461	4.500000
432.461	4.505000
432.813	4.505000
432.813	4.918000
433.164	4.918000
433.164	4.987000
433.517	4.987000
433.517	4.908000
433.87	4.908000
433.87	4.714000
434.18	4.714000
434.18	4.741000
434.489	4.741000
434.489	4.799000
434.801	4.799000
434.801	4.866000
435.149	4.866000
435.149	4.853000
435.497	4.853000
435.497	4.921000
435.849	4.921000
435.849	5.073000
436.201	5.073000
436.201	5.075000
436.554	5.075000
436.554	5.164000
436.907	5.164000
436.907	5.008000
437.259	5.008000
437.259	5.011000
437.611	5.011000
437.611	5.051000
437.964	5.051000
437.964	4.863000
438.316	4.863000
438.316	4.829000
438.667	4.829000
438.667	4.931000
439.019	4.931000
439.019	4.440000
439.37	4.440000
439.37	4.447000
439.72	4.447000
439.72	4.461000
440.073	4.461000
440.073	6.302000
440.426	6.302000
440.426	6.296000
440.778	6.296000
440.778	6.313000
441.131	6.313000
441.131	4.858000
441.484	4.858000
441.484	4.864000
441.837	4.864000
441.837	4.962000
442.188	4.962000
442.188	5.172000
442.54	5.172000
442.54	5.143000
442.893	5.143000
442.893	5.149000
443.243	5.149000
443.243	5.553000
443.596	5.553000
443.596	5.531000
443.949	5.531000
443.949	5.471000
444.301	5.471000
444.301	5.421000
444.654	5.421000
444.654	5.384000
445.007	5.384000
445.007	5.351000
445.359	5.351000
445.359	5.441000
445.712	5.441000
445.712	5.460000
446.065	5.460000
446.065	5.556000
446.416	5.556000
446.416	5.038000
446.767	5.038000
446.767	5.197000
447.12	5.197000
447.12	4.967000
447.472	4.967000
447.472	5.326000
447.825	5.326000
447.825	9.394000
448.177	9.394000
448.177	5.378000
448.529	5.378000
448.529	5.402000
448.882	5.402000
448.882	5.386000
449.235	5.386000
449.235	5.448000
449.586	5.448000
449.586	5.119000
449.898	5.119000
449.898	5.124000
450.209	5.124000
450.209	5.102000
450.521	5.102000
450.521	4.656000
450.873	4.656000
450.873	4.670000
451.223	4.670000
451.223	4.653000
451.575	4.653000
451.575	7.780000
451.926	7.780000
451.926	4.428000
452.279	4.428000
452.279	4.466000
452.631	4.466000
452.631	4.771000
452.983	4.771000
452.983	4.746000
453.334	4.746000
453.334	4.880000
453.686	4.880000
453.686	4.949000
454.039	4.949000
454.039	4.958000
454.391	4.958000
454.391	4.940000
454.741	4.940000
454.741	5.586000
455.094	5.586000
455.094	5.570000
455.445	5.570000
455.445	5.608000
455.798	5.608000
455.798	5.932000
456.15	5.932000
456.15	5.951000
456.502	5.951000
456.502	5.980000
456.854	5.980000
456.854	4.910000
457.207	4.910000
457.207	4.874000
457.558	4.874000
457.558	4.893000
457.91	4.893000
457.91	5.478000
458.262	5.478000
458.262	5.499000
458.614	5.499000
458.614	5.621000
458.965	5.621000
458.965	5.065000
459.317	5.065000
459.317	5.093000
459.67	5.093000
459.67	5.047000
460.022	5.047000
460.022	5.039000
460.375	5.039000
460.375	4.983000
460.726	4.983000
460.726	4.974000
461.078	4.974000
461.078	5.095000
461.431	5.095000
461.431	5.074000
461.783	5.074000
461.783	5.022000
462.135	5.022000
462.135	4.645000
462.487	4.645000
462.487	4.632000
462.836	4.632000
462.836	4.620000
463.187	4.620000
463.187	5.662000
463.539	5.662000
463.539	5.654000
463.89	5.654000
463.89	5.607000
464.239	5.607000
464.239	5.354000
464.592	5.354000
464.592	5.333000
464.945	5.333000
464.945	5.487000
465.298	5.487000
465.298	5.911000
465.651	5.911000
465.651	5.943000
466.004	5.943000
466.004	6.046000
466.357	6.046000
466.357	5.703000
466.71	5.703000
466.71	5.726000
467.062	5.726000
467.062	5.802000
467.412	5.802000
467.412	5.343000
467.764	5.343000
467.764	5.327000
468.116	5.327000
468.116	5.418000
468.468	5.418000
468.468	5.142000
468.818	5.142000
468.818	5.153000
469.17	5.153000
469.17	5.168000
469.522	5.168000
469.522	4.523000
469.875	4.523000
469.875	4.493000
470.228	4.493000
470.228	4.698000
470.581	4.698000
470.581	5.247000
470.933	5.247000
470.933	5.150000
471.284	5.150000
471.284	5.172000
471.637	5.172000
471.637	5.463000
471.988	5.463000
471.988	5.472000
472.34	5.472000
472.34	5.565000
472.693	5.565000
472.693	5.009000
473.044	5.009000
473.044	5.014000
473.397	5.014000
473.397	4.932000
473.75	4.932000
473.75	4.639000
474.101	4.639000
474.101	4.608000
474.453	4.608000
474.453	4.624000
474.806	4.624000
474.806	5.703000
475.159	5.703000
475.159	5.707000
475.512	5.707000
475.512	5.741000
475.865	5.741000
475.865	5.535000
476.219	5.535000
476.219	5.528000
476.572	5.528000
476.572	5.321000
476.925	5.321000
476.925	6.742000
477.277	6.742000
477.277	6.754000
477.63	6.754000
477.63	6.575000
477.983	6.575000
477.983	4.980000
478.336	4.980000
478.336	4.963000
478.687	4.963000
478.687	5.059000
479.039	5.059000
479.039	4.596000
479.39	4.596000
479.39	4.611000
479.743	4.611000
479.743	4.582000
480.096	4.582000
480.096	5.131000
480.449	5.131000
480.449	5.157000
480.801	5.157000
480.801	5.089000
481.154	5.089000
481.154	6.047000
481.506	6.047000
481.506	6.032000
481.857	6.032000
481.857	6.063000
482.209	6.063000
482.209	5.304000
482.561	5.304000
482.561	5.353000
482.914	5.353000
482.914	5.250000
483.266	5.250000
483.266	5.852000
483.619	5.852000
483.619	5.900000
483.971	5.900000
483.971	5.840000
484.324	5.840000
484.324	4.223000
484.675	4.223000
484.675	4.292000
485.028	4.292000
485.028	4.296000
485.381	4.296000
485.381	5.194000
485.734	5.194000
485.734	5.077000
486.087	5.077000
486.087	5.053000
486.44	5.053000
486.44	4.847000
486.792	4.847000
486.792	4.829000
487.144	4.829000
487.144	4.903000
487.496	4.903000
487.496	4.707000
487.848	4.707000
487.848	4.675000
488.201	4.675000
488.201	4.679000
488.553	4.679000
488.553	4.648000
488.905	4.648000
488.905	4.648000
489.257	4.648000
489.257	4.626000
489.608	4.626000
489.608	4.951000
489.961	4.951000
489.961	4.962000
490.314	4.962000
490.314	4.969000
490.667	4.969000
490.667	4.591000
491.02	4.591000
491.02	4.588000
491.373	4.588000
491.373	4.587000
491.725	4.587000
491.725	4.677000
492.078	4.677000
492.078	4.648000
492.429	4.648000
492.429	4.674000
492.78	4.674000
492.78	6.392000
493.131	6.392000
493.131	5.259000
493.484	5.259000
493.484	5.185000
493.836	5.185000
493.836	4.976000
494.188	4.976000
494.188	4.959000
494.54	4.959000
494.54	5.018000
494.892	5.018000
494.892	6.667000
495.243	6.667000
495.243	6.483000
495.594	6.483000
495.594	6.337000
495.945	6.337000
495.945	6.437000
496.298	6.437000
496.298	6.347000
496.65	6.347000
496.65	6.410000
497.002	6.410000
497.002	5.143000
497.355	5.143000
497.355	5.192000
497.707	5.192000
497.707	5.139000
498.059	5.139000
498.059	4.719000
498.411	4.719000
498.411	4.697000
498.762	4.697000
498.762	4.704000
499.115	4.704000
499.115	5.153000
499.466	5.153000
499.466	5.233000
499.818	5.233000
499.818	5.289000
500.171	5.289000
500.171	4.639000
500.524	4.639000
500.524	4.686000
500.877	4.686000
500.877	4.714000
501.228	4.714000
501.228	4.673000
501.58	4.673000
501.58	4.672000
501.933	4.672000
501.933	4.690000
502.285	4.690000
502.285	4.933000
502.636	4.933000
502.636	4.926000
502.987	4.926000
502.987	4.942000
503.34	4.942000
503.34	4.431000
503.692	4.431000
503.692	4.472000
504.045	4.472000
504.045	4.419000
504.396	4.419000
504.396	4.452000
504.746	4.452000
504.746	4.477000
505.097	4.477000
505.097	4.559000
505.449	4.559000
505.449	5.094000
505.799	5.094000
505.799	5.137000
506.152	5.137000
506.152	4.990000
506.504	4.990000
506.504	4.586000
506.856	4.586000
506.856	4.547000
507.209	4.547000
507.209	4.563000
507.561	4.563000
507.561	5.060000
507.913	5.060000
507.913	5.079000
508.265	5.079000
508.265	5.082000
508.618	5.082000
508.618	5.131000
508.934	5.131000
508.934	5.112000
509.249	5.112000
509.249	5.114000
509.567	5.114000
509.567	5.078000
509.92	5.078000
509.92	5.038000
510.272	5.038000
510.272	5.073000
510.624	5.073000
510.624	4.988000
510.975	4.988000
510.975	5.006000
511.327	5.006000
511.327	4.977000
511.679	4.977000
511.679	4.967000
512.03	4.967000
512.03	4.993000
512.381	4.993000
512.381	4.996000
512.733	4.996000
512.733	4.664000
513.085	4.664000
513.085	4.663000
513.438	4.663000
513.438	4.730000
513.79	4.730000
513.79	4.766000
514.142	4.766000
514.142	4.724000
514.493	4.724000
514.493	4.827000
514.845	4.827000
514.845	4.831000
515.198	4.831000
515.198	4.882000
515.55	4.882000
515.55	4.763000
515.902	4.763000
515.902	5.478000
516.255	5.478000
516.255	5.451000
516.607	5.451000
516.607	5.481000
516.96	5.481000
516.96	4.774000
517.313	4.774000
517.313	4.778000
517.666	4.778000
517.666	4.710000
518.017	4.710000
518.017	4.948000
518.369	4.948000
518.369	4.960000
518.721	4.960000
518.721	5.071000
519.074	5.071000
519.074	4.988000
519.426	4.988000
519.426	5.027000
519.78	5.027000
519.78	5.067000
520.134	5.067000
520.134	4.861000
520.485	4.861000
520.485	4.827000
520.835	4.827000
520.835	4.780000
521.184	4.780000
521.184	4.974000
521.498	4.974000
521.498	5.059000
521.816	5.059000
521.816	5.040000
522.134	5.040000
522.134	5.193000
522.487	5.193000
522.487	5.119000
522.838	5.119000
522.838	5.200000
523.191	5.200000
523.191	4.631000
523.542	4.631000
523.542	4.630000
523.893	4.630000
523.893	4.602000
524.245	4.602000
524.245	5.206000
524.597	5.206000
524.597	5.247000
524.95	5.247000
524.95	5.284000
525.302	5.284000
525.302	4.864000
525.656	4.864000
525.656	4.852000
526.009	4.852000
526.009	4.911000
526.362	4.911000
526.362	4.662000
526.713	4.662000
526.713	4.668000
527.065	4.668000
527.065	4.660000
527.417	4.660000
527.417	4.499000
527.769	4.499000
527.769	4.508000
528.119	4.508000
528.119	4.512000
528.472	4.512000
528.472	5.474000
528.824	5.474000
528.824	5.482000
529.176	5.482000
529.176	5.543000
529.529	5.543000
529.529	5.526000
529.881	5.526000
529.881	5.545000
530.232	5.545000
530.232	5.458000
530.585	5.458000
530.585	5.344000
530.937	5.344000
530.937	5.268000
531.288	5.268000
531.288	5.275000
531.64	5.275000
531.64	4.945000
531.989	4.945000
531.989	5.012000
532.341	5.012000
532.341	4.918000
532.693	4.918000
532.693	5.179000
533.044	5.179000
533.044	5.218000
533.397	5.218000
533.397	5.036000
533.749	5.036000
533.749	5.539000
534.061	5.539000
534.061	5.457000
534.372	5.457000
534.372	5.444000
534.684	5.444000
