0.0	6.858000
0.334	6.858000
0.334	6.329000
0.668	6.329000
0.668	6.415000
1.002	6.415000
1.002	7.807000
1.323	7.807000
1.323	7.717000
1.65	7.717000
1.65	7.200000
1.974	7.200000
1.974	5.295000
2.326	5.295000
2.326	5.559000
2.678	5.559000
2.678	5.944000
3.03	5.944000
3.03	7.622000
3.357	7.622000
3.357	6.957000
3.682	6.957000
3.682	5.700000
4.009	5.700000
4.009	7.576000
4.175	7.576000
4.175	6.543000
4.341	6.543000
4.341	7.449000
4.507	7.449000
4.507	8.057000
4.65	8.057000
4.65	7.938000
4.793	7.938000
4.793	7.401000
4.936	7.401000
4.936	6.117000
5.08	6.117000
5.08	5.618000
5.224	5.618000
5.224	5.717000
5.368	5.717000
5.368	7.307000
5.438	7.307000
5.438	7.289000
5.509	7.289000
5.509	7.421000
5.58	7.421000
5.58	7.128000
5.645	7.128000
5.645	8.259000
5.71	8.259000
5.71	7.387000
5.775	7.387000
5.775	7.568000
5.957	7.568000
5.957	7.319000
6.139	7.319000
6.139	6.877000
6.321	6.877000
6.321	6.075000
6.671	6.075000
6.671	5.870000
7.021	5.870000
7.021	5.864000
7.371	5.864000
7.371	7.496000
7.481	7.496000
7.481	7.515000
7.591	7.515000
7.591	7.004000
7.701	7.004000
7.701	6.599000
7.926	6.599000
7.926	6.690000
8.151	6.690000
8.151	5.912000
8.376	5.912000
8.376	7.462000
8.584	7.462000
8.584	6.067000
8.792	6.067000
8.792	6.508000
9.0	6.508000
9.0	7.796000
9.238	7.796000
9.238	7.868000
9.476	7.868000
9.476	7.845000
9.714	7.845000
9.714	7.558000
9.909	7.558000
9.909	7.110000
10.104	7.110000
10.104	6.700000
10.299	6.700000
10.299	6.923000
10.478	6.923000
10.478	6.898000
10.657	6.898000
10.657	6.292000
10.836	6.292000
10.836	5.605000
11.151	5.605000
11.151	5.570000
11.466	5.570000
11.466	5.740000
11.781	5.740000
11.781	6.143000
12.067	6.143000
12.067	6.398000
12.353	6.398000
12.353	6.041000
12.639	6.041000
12.639	6.479000
12.88	6.479000
12.88	6.001000
13.121	6.001000
13.121	7.053000
13.362	7.053000
13.362	7.059000
13.56	7.059000
13.56	5.955000
13.758	5.955000
13.758	6.874000
13.956	6.874000
13.956	7.162000
14.175	7.162000
14.175	6.503000
14.394	6.503000
14.394	7.104000
14.613	7.104000
14.613	5.808000
14.763	5.808000
14.763	5.692000
14.913	5.692000
14.913	5.706000
15.063	5.706000
15.063	4.978000
15.38	4.978000
15.38	4.213000
15.695	4.213000
15.695	4.654000
16.007	4.654000
16.007	3.941000
16.36	3.941000
16.36	3.973000
16.713	3.973000
16.713	3.858000
17.066	3.858000
17.066	4.759000
17.415	4.759000
17.415	4.371000
17.767	4.371000
17.767	4.532000
18.118	4.532000
18.118	4.100000
18.469	4.100000
18.469	4.517000
18.819	4.517000
18.819	3.773000
19.169	3.773000
19.169	6.962000
19.448	6.962000
19.448	7.418000
19.727	7.418000
19.727	6.898000
20.006	6.898000
20.006	7.477000
20.231	7.477000
20.231	6.608000
20.456	6.608000
20.456	7.311000
20.681	7.311000
20.681	8.467000
20.884	8.467000
20.884	6.867000
21.089	6.867000
21.089	7.246000
21.294	7.246000
21.294	8.464000
21.489	8.464000
21.489	8.102000
21.684	8.102000
21.684	9.026000
21.879	9.026000
21.879	6.708000
22.195	6.708000
22.195	6.810000
22.511	6.810000
22.511	6.702000
22.827	6.702000
22.827	8.017000
23.015	8.017000
23.015	6.648000
23.203	6.648000
23.203	7.221000
23.391	7.221000
23.391	8.250000
23.632	8.250000
23.632	8.210000
23.872	8.210000
23.872	8.707000
24.113	8.707000
24.113	7.060000
24.305	7.060000
24.305	6.754000
24.497	6.754000
24.497	6.669000
24.689	6.669000
24.689	4.728000
25.034	4.728000
25.034	5.043000
25.385	5.043000
25.385	4.696000
25.735	4.696000
25.735	4.754000
26.043	4.754000
26.043	5.154000
26.351	5.154000
26.351	4.969000
26.659	4.969000
26.659	9.354000
26.824	9.354000
26.824	8.495000
26.989	8.495000
26.989	8.866000
27.154	8.866000
27.154	7.453000
27.282	7.453000
27.282	6.291000
27.41	6.291000
27.41	6.343000
27.538	6.343000
27.538	6.022000
27.666	6.022000
27.666	6.024000
27.794	6.024000
27.794	6.773000
27.922	6.773000
27.922	8.418000
28.117	8.418000
28.117	7.530000
28.312	7.530000
28.312	7.216000
28.507	7.216000
28.507	6.473000
28.722	6.473000
28.722	6.484000
28.937	6.484000
28.937	6.192000
29.152	6.192000
29.152	4.427000
29.498	4.427000
29.498	4.149000
29.844	4.149000
29.844	4.248000
30.188	4.248000
30.188	7.736000
30.358	7.736000
30.358	8.140000
30.529	8.140000
30.529	7.886000
30.7	7.886000
30.7	4.474000
31.052	4.474000
31.052	3.997000
31.402	3.997000
31.402	4.042000
31.753	4.042000
31.753	5.064000
32.069	5.064000
32.069	5.319000
32.386	5.319000
32.386	5.112000
32.703	5.112000
32.703	7.074000
32.886	7.074000
32.886	6.829000
33.069	6.829000
33.069	7.319000
33.252	7.319000
33.252	6.175000
33.513	6.175000
33.513	6.284000
33.774	6.284000
33.774	5.704000
34.035	5.704000
34.035	9.945000
34.341	9.945000
34.341	7.150000
34.527	7.150000
34.527	7.326000
34.713	7.326000
34.713	6.698000
34.899	6.698000
34.899	5.729000
35.158	5.729000
35.158	5.551000
35.417	5.551000
35.417	5.393000
35.676	5.393000
35.676	7.523000
35.856	7.523000
35.856	6.724000
36.036	6.724000
36.036	6.503000
36.216	6.503000
36.216	8.015000
36.282	8.015000
36.282	7.710000
36.348	7.710000
36.348	8.209000
36.414	8.209000
36.414	8.692000
36.482	8.692000
36.482	9.408000
36.55	9.408000
36.55	8.246000
36.618	8.246000
36.618	8.504000
36.749	8.504000
36.749	7.805000
36.88	7.805000
36.88	7.403000
37.011	7.403000
37.011	7.526000
37.072	7.526000
37.072	7.576000
37.133	7.576000
37.133	7.488000
37.194	7.488000
37.194	8.651000
37.292	8.651000
37.292	8.003000
37.39	8.003000
37.39	7.782000
37.488	7.782000
37.488	8.047000
37.708	8.047000
37.708	6.995000
37.928	6.995000
37.928	7.066000
38.148	7.066000
38.148	5.090000
38.444	5.090000
38.444	5.364000
38.74	5.364000
38.74	5.262000
39.036	5.262000
39.036	6.798000
39.281	6.798000
39.281	7.220000
39.526	7.220000
39.526	7.045000
39.771	7.045000
39.771	7.822000
39.968	7.822000
39.968	6.989000
40.165	6.989000
40.165	7.078000
40.362	7.078000
40.362	6.187000
40.62	6.187000
40.62	6.491000
40.878	6.491000
40.878	6.767000
41.136	6.767000
41.136	6.327000
41.34	6.327000
41.34	5.997000
41.544	5.997000
41.544	6.295000
41.748	6.295000
41.748	7.383000
41.949	7.383000
41.949	6.908000
42.15	6.908000
42.15	6.621000
42.351	6.621000
42.351	6.046000
42.562	6.046000
42.562	5.392000
42.773	5.392000
42.773	6.134000
42.984	6.134000
42.984	6.983000
43.316	6.983000
43.316	6.716000
43.647	6.716000
43.647	6.636000
43.978	6.636000
43.978	7.566000
44.206	7.566000
44.206	6.866000
44.434	6.866000
44.434	6.877000
44.662	6.877000
44.662	6.244000
44.912	6.244000
44.912	5.688000
45.162	5.688000
45.162	6.515000
45.412	6.515000
45.412	4.062000
45.764	4.062000
45.764	3.120000
46.117	3.120000
46.117	3.973000
46.47	3.973000
46.47	8.326000
46.627	8.326000
46.627	5.820000
46.784	5.820000
46.784	6.724000
46.941	6.724000
46.941	8.220000
47.013	8.220000
47.013	8.545000
47.085	8.545000
47.085	5.708000
47.265	5.708000
47.265	5.597000
47.445	5.597000
47.445	6.007000
47.625	6.007000
47.625	6.802000
47.756	6.802000
47.756	6.926000
47.887	6.926000
47.887	6.176000
48.018	6.176000
48.018	6.154000
48.088	6.154000
48.088	5.529000
48.158	5.529000
48.158	7.546000
48.228	7.546000
48.228	6.817000
48.381	6.817000
48.381	7.002000
48.534	7.002000
48.534	6.809000
48.687	6.809000
48.687	5.961000
49.034	5.961000
49.034	5.860000
49.379	5.860000
49.379	5.622000
49.728	5.622000
49.728	6.147000
50.075	6.147000
50.075	5.379000
50.414	5.379000
50.414	5.632000
50.762	5.632000
50.762	7.940000
50.952	7.940000
50.952	7.375000
51.142	7.375000
51.142	7.702000
51.332	7.702000
51.332	7.731000
51.593	7.731000
51.593	6.697000
51.854	6.697000
51.854	7.183000
52.115	7.183000
52.115	7.824000
52.399	7.824000
52.399	8.587000
52.683	8.587000
52.683	8.208000
52.967	8.208000
52.967	5.957000
53.319	5.957000
53.319	4.833000
53.669	4.833000
53.669	5.003000
54.021	5.003000
54.021	8.504000
54.315	8.504000
54.315	7.790000
54.609	7.790000
54.609	8.208000
54.903	8.208000
54.903	7.525000
55.212	7.525000
55.212	8.278000
55.521	8.278000
55.521	7.382000
55.83	7.382000
55.83	8.214000
56.166	8.214000
56.166	8.547000
56.502	8.547000
56.502	8.885000
56.838	8.885000
56.838	8.863000
57.063	8.863000
57.063	7.757000
57.288	7.757000
57.288	8.384000
57.513	8.384000
57.513	8.363000
57.75	8.363000
57.75	8.529000
57.987	8.529000
57.987	8.616000
58.224	8.616000
58.224	6.548000
58.575	6.548000
58.575	6.528000
58.926	6.528000
58.926	7.103000
59.277	7.103000
59.277	8.158000
59.372	8.158000
59.372	7.509000
59.467	7.509000
59.467	8.354000
59.562	8.354000
59.562	7.598000
59.711	7.598000
59.711	8.303000
59.86	8.303000
59.86	7.889000
60.009	7.889000
60.009	7.147000
60.168	7.147000
60.168	6.778000
60.327	6.778000
60.327	6.374000
60.486	6.374000
60.486	8.325000
60.64	8.325000
60.64	7.602000
60.794	7.602000
60.794	7.535000
60.948	7.535000
60.948	8.802000
61.034	8.802000
61.034	9.792000
61.12	9.792000
61.12	9.369000
61.206	9.369000
61.206	7.071000
61.505	7.071000
61.505	7.590000
61.804	7.590000
61.804	7.658000
62.103	7.658000
62.103	7.425000
62.338	7.425000
62.338	7.143000
62.573	7.143000
62.573	7.133000
62.808	7.133000
62.808	7.231000
62.977	7.231000
62.977	7.282000
63.146	7.282000
63.146	7.390000
63.315	7.390000
63.315	7.253000
63.507	7.253000
63.507	7.413000
63.698	7.413000
63.698	7.370000
63.89	7.370000
63.89	6.857000
64.162	6.857000
64.162	6.668000
64.434	6.668000
64.434	6.133000
64.706	6.133000
64.706	6.171000
64.981	6.171000
64.981	6.061000
65.255	6.061000
65.255	6.072000
65.53	6.072000
65.53	6.153000
65.831	6.153000
65.831	5.910000
66.132	5.910000
66.132	5.776000
66.433	5.776000
66.433	7.387000
66.774	7.387000
66.774	6.694000
67.117	6.694000
67.117	6.614000
67.458	6.614000
67.458	6.182000
67.734	6.182000
67.734	7.308000
68.01	7.308000
68.01	6.008000
68.286	6.008000
68.286	6.730000
68.635	6.730000
68.635	6.792000
68.985	6.792000
68.985	7.174000
69.335	7.174000
69.335	7.215000
69.603	7.215000
69.603	6.099000
69.871	6.099000
69.871	6.927000
70.139	6.927000
70.139	6.952000
70.411	6.952000
70.411	6.615000
70.683	6.615000
70.683	7.042000
70.955	7.042000
70.955	6.532000
71.201	6.532000
71.201	5.751000
71.447	5.751000
71.447	6.640000
71.693	6.640000
71.693	7.637000
71.865	7.637000
71.865	6.532000
72.037	6.532000
72.037	7.417000
72.209	7.417000
72.209	6.513000
72.366	6.513000
72.366	6.778000
72.523	6.778000
72.523	5.421000
72.68	5.421000
72.68	7.607000
72.755	7.607000
72.755	6.040000
72.83	6.040000
72.83	6.453000
72.905	6.453000
72.905	8.462000
73.066	8.462000
73.066	6.939000
73.227	6.939000
73.227	7.775000
73.388	7.775000
73.388	6.354000
73.523	6.354000
73.523	6.828000
73.658	6.828000
73.658	7.051000
73.792	7.051000
73.792	6.868000
73.961	6.868000
73.961	6.965000
74.13	6.965000
74.13	7.149000
74.299	7.149000
74.299	6.971000
74.57	6.971000
74.57	5.920000
74.842	5.920000
74.842	6.636000
75.114	6.636000
75.114	7.742000
75.425	7.742000
75.425	7.271000
75.736	7.271000
75.736	8.160000
76.047	8.160000
76.047	6.964000
76.285	6.964000
76.285	6.806000
76.523	6.806000
76.523	6.681000
76.761	6.681000
76.761	4.018000
77.078	4.018000
77.078	4.546000
77.395	4.546000
77.395	3.716000
77.712	3.716000
77.712	6.003000
77.929	6.003000
77.929	5.874000
78.146	5.874000
78.146	6.281000
78.363	6.281000
78.363	4.392000
78.715	4.392000
78.715	4.623000
79.067	4.623000
79.067	4.169000
79.418	4.169000
79.418	8.254000
79.656	8.254000
79.656	7.162000
79.894	7.162000
79.894	7.389000
80.132	7.389000
80.132	7.332000
80.436	7.332000
80.436	7.003000
80.74	7.003000
80.74	7.046000
81.044	7.046000
81.044	6.311000
81.391	6.311000
81.391	6.061000
81.738	6.061000
81.738	6.395000
82.085	6.395000
82.085	8.280000
82.357	8.280000
82.357	7.410000
82.629	7.410000
82.629	7.509000
82.901	7.509000
82.901	6.852000
83.235	6.852000
83.235	7.287000
83.569	7.287000
83.569	6.190000
83.903	6.190000
83.903	6.227000
84.128	6.227000
84.128	5.721000
84.353	5.721000
84.353	6.663000
84.578	6.663000
84.578	7.929000
84.738	7.929000
84.738	7.155000
84.898	7.155000
84.898	7.579000
85.058	7.579000
85.058	5.989000
85.287	5.989000
85.287	5.966000
85.516	5.966000
85.516	5.757000
85.745	5.757000
85.745	5.682000
85.887	5.682000
85.887	6.488000
86.029	6.488000
86.029	5.576000
86.171	5.576000
86.171	7.425000
86.358	7.425000
86.358	6.940000
86.545	6.940000
86.545	7.032000
86.732	7.032000
86.732	6.550000
86.977	6.550000
86.977	7.020000
87.222	7.020000
87.222	6.420000
87.467	6.420000
87.467	7.854000
87.552	7.854000
87.552	7.523000
87.637	7.523000
87.637	8.383000
87.722	8.383000
87.722	8.077000
87.9	8.077000
87.9	7.630000
88.078	7.630000
88.078	7.402000
88.256	7.402000
88.256	4.304000
88.6	4.304000
88.6	4.004000
88.944	4.004000
88.944	4.817000
89.288	4.817000
89.288	5.564000
89.48	5.564000
89.48	5.432000
89.672	5.432000
89.672	5.491000
89.864	5.491000
89.864	4.419000
90.215	4.419000
90.215	5.078000
90.557	5.078000
90.557	5.041000
90.908	5.041000
90.908	5.048000
91.258	5.048000
91.258	4.732000
91.606	4.732000
91.606	4.516000
91.956	4.516000
91.956	4.982000
92.308	4.982000
92.308	4.643000
92.66	4.643000
92.66	4.861000
93.012	4.861000
93.012	7.350000
93.201	7.350000
93.201	5.668000
93.39	5.668000
93.39	6.265000
93.579	6.265000
93.579	6.673000
93.807	6.673000
93.807	6.787000
94.035	6.787000
94.035	7.345000
94.263	7.345000
94.263	6.820000
94.608	6.820000
94.608	7.078000
94.954	7.078000
94.954	6.354000
95.3	6.354000
95.3	8.361000
95.532	8.361000
95.532	7.212000
95.764	7.212000
95.764	8.361000
95.996	8.361000
95.996	7.986000
96.246	7.986000
96.246	7.018000
96.496	7.018000
96.496	7.411000
96.746	7.411000
96.746	4.097000
97.06	4.097000
97.06	3.673000
97.373	3.673000
97.373	3.823000
97.685	3.823000
97.685	7.491000
97.829	7.491000
97.829	6.934000
97.973	6.934000
97.973	7.006000
98.117	7.006000
98.117	6.047000
98.285	6.047000
98.285	6.178000
98.453	6.178000
98.453	5.550000
98.621	5.550000
98.621	4.193000
98.973	4.193000
98.973	3.446000
99.325	3.446000
99.325	3.518000
99.675	3.518000
99.675	8.187000
99.822	8.187000
99.822	7.083000
99.97	7.083000
99.97	7.601000
100.118	7.601000
100.118	8.442000
100.203	8.442000
100.203	7.436000
100.288	7.436000
100.288	7.593000
100.373	7.593000
100.373	7.639000
100.544	7.639000
100.544	7.254000
100.715	7.254000
100.715	7.108000
100.886	7.108000
100.886	8.036000
101.075	8.036000
101.075	6.900000
101.264	6.900000
101.264	6.988000
101.453	6.988000
101.453	6.604000
101.671	6.604000
101.671	5.236000
101.889	5.236000
101.889	6.095000
102.106	6.095000
102.106	4.955000
102.457	4.955000
102.457	3.864000
102.809	3.864000
102.809	4.221000
103.16	4.221000
103.16	7.207000
103.429	7.207000
103.429	6.005000
103.698	6.005000
103.698	6.783000
103.967	6.783000
103.967	7.057000
104.22	7.057000
104.22	6.651000
104.473	6.651000
104.473	7.008000
104.726	7.008000
104.726	6.650000
104.938	6.650000
104.938	6.249000
105.15	6.249000
105.15	6.702000
105.362	6.702000
105.362	4.519000
105.679	4.519000
105.679	4.348000
105.996	4.348000
105.996	4.136000
106.312	4.136000
106.312	7.164000
106.527	7.164000
106.527	6.375000
106.742	6.375000
106.742	7.642000
106.957	7.642000
106.957	5.999000
107.273	5.999000
107.273	6.539000
107.589	6.539000
107.589	6.578000
107.905	6.578000
107.905	7.134000
108.162	7.134000
108.162	6.894000
108.419	6.894000
108.419	6.882000
108.676	6.882000
108.676	7.277000
108.957	7.277000
108.957	7.446000
109.238	7.446000
109.238	7.323000
109.518	7.323000
109.518	6.957000
109.714	6.957000
109.714	7.371000
109.91	7.371000
109.91	7.042000
110.106	7.042000
110.106	8.118000
110.307	8.118000
110.307	7.407000
110.508	7.407000
110.508	6.713000
110.709	6.713000
110.709	7.064000
110.799	7.064000
110.799	7.718000
110.889	7.718000
110.889	7.699000
110.979	7.699000
110.979	6.732000
111.121	6.732000
111.121	6.523000
111.263	6.523000
111.263	6.260000
111.405	6.260000
111.405	7.634000
111.591	7.634000
111.591	7.089000
111.777	7.089000
111.777	7.313000
111.963	7.313000
111.963	6.691000
112.174	6.691000
112.174	6.176000
112.385	6.176000
112.385	6.667000
112.596	6.667000
112.596	8.187000
112.771	8.187000
112.771	7.384000
112.946	7.384000
112.946	7.568000
113.121	7.568000
113.121	9.036000
113.438	9.036000
113.438	9.147000
113.755	9.147000
113.755	9.963000
114.072	9.963000
114.072	6.367000
114.358	6.367000
114.358	6.587000
114.644	6.587000
114.644	6.213000
114.93	6.213000
114.93	7.754000
115.161	7.754000
115.161	6.461000
115.392	6.461000
115.392	6.206000
115.623	6.206000
115.623	6.944000
115.838	6.944000
115.838	7.231000
116.053	7.231000
116.053	6.392000
116.268	6.392000
116.268	6.447000
116.56	6.447000
116.56	6.348000
116.852	6.348000
116.852	6.536000
117.144	6.536000
117.144	7.730000
117.349	7.730000
117.349	6.891000
117.554	6.891000
117.554	6.836000
117.759	6.836000
117.759	6.567000
118.092	6.567000
118.092	7.672000
118.425	7.672000
118.425	7.528000
118.758	7.528000
118.758	5.908000
119.106	5.908000
119.106	6.337000
119.454	6.337000
119.454	5.990000
119.802	5.990000
119.802	5.585000
120.118	5.585000
120.118	5.462000
120.434	5.462000
120.434	5.152000
120.748	5.152000
120.748	7.418000
121.069	7.418000
121.069	7.918000
121.39	7.918000
121.39	6.680000
121.711	6.680000
121.711	6.850000
121.923	6.850000
121.923	6.542000
122.135	6.542000
122.135	6.293000
122.347	6.293000
122.347	7.615000
122.466	7.615000
122.466	7.587000
122.585	7.587000
122.585	6.763000
122.704	6.763000
122.704	7.794000
122.781	7.794000
122.781	7.987000
122.858	7.987000
122.858	7.486000
122.935	7.486000
122.935	4.611000
123.107	4.611000
123.107	5.261000
123.279	5.261000
123.279	5.338000
123.451	5.338000
123.451	8.131000
123.601	8.131000
123.601	6.883000
123.751	6.883000
123.751	6.915000
123.901	6.915000
123.901	7.937000
123.99	7.937000
123.99	7.500000
124.079	7.500000
124.079	8.257000
124.168	8.257000
124.168	8.113000
124.323	8.113000
124.323	8.848000
124.479	8.848000
124.479	8.476000
124.635	8.476000
124.635	7.838000
124.792	7.838000
124.792	7.430000
124.949	7.430000
124.949	6.652000
125.106	6.652000
125.106	5.971000
125.308	5.971000
125.308	6.046000
125.51	6.046000
125.51	6.167000
125.712	6.167000
125.712	4.177000
126.063	4.177000
126.063	4.019000
126.413	4.019000
126.413	3.539000
126.763	3.539000
126.763	7.583000
126.959	7.583000
126.959	6.807000
127.155	6.807000
127.155	6.932000
127.351	6.932000
127.351	5.272000
127.526	5.272000
127.526	4.982000
127.701	4.982000
127.701	5.319000
127.876	5.319000
127.876	6.306000
128.124	6.306000
128.124	5.941000
128.373	5.941000
128.373	5.545000
128.622	5.545000
128.622	7.517000
128.824	7.517000
128.824	6.401000
129.026	6.401000
129.026	7.247000
129.228	7.247000
129.228	6.844000
129.503	6.844000
129.503	6.880000
129.778	6.880000
129.778	6.620000
130.053	6.620000
130.053	5.550000
130.406	5.550000
130.406	5.396000
130.759	5.396000
130.759	5.484000
131.112	5.484000
131.112	7.493000
131.408	7.493000
131.408	7.062000
131.704	7.062000
131.704	6.473000
132.0	6.473000
132.0	7.049000
132.297	7.049000
132.297	6.916000
132.594	6.916000
132.594	6.921000
132.891	6.921000
132.891	6.488000
133.151	6.488000
133.151	7.149000
133.411	7.149000
133.411	6.860000
133.671	6.860000
133.671	8.355000
133.868	8.355000
133.868	7.639000
134.065	7.639000
134.065	7.727000
134.262	7.727000
134.262	4.369000
134.61	4.369000
134.61	4.391000
134.958	4.391000
134.958	4.384000
135.306	4.384000
135.306	5.518000
135.541	5.518000
135.541	5.720000
135.776	5.720000
135.776	5.602000
136.011	5.602000
136.011	7.320000
136.232	7.320000
136.232	6.736000
136.453	6.736000
136.453	6.778000
136.674	6.778000
136.674	6.928000
136.897	6.928000
136.897	6.397000
137.12	6.397000
137.12	6.666000
137.343	6.666000
137.343	6.767000
137.591	6.767000
137.591	6.666000
137.839	6.666000
137.839	6.639000
138.087	6.639000
138.087	7.206000
138.261	7.206000
138.261	6.426000
138.435	6.426000
138.435	6.370000
138.609	6.370000
138.609	6.922000
138.788	6.922000
138.788	7.174000
138.967	7.174000
138.967	7.219000
139.146	7.219000
139.146	4.489000
139.498	4.489000
139.498	3.756000
139.85	3.756000
139.85	3.968000
140.2	3.968000
140.2	7.363000
140.397	7.363000
140.397	6.458000
140.594	6.458000
140.594	6.524000
140.791	6.524000
140.791	4.865000
141.086	4.865000
141.086	5.471000
141.381	5.471000
141.381	5.613000
141.676	5.613000
141.676	6.437000
141.982	6.437000
141.982	7.228000
142.288	7.228000
142.288	6.978000
142.594	6.978000
142.594	7.287000
142.838	7.287000
142.838	6.177000
143.082	6.177000
143.082	6.656000
143.326	6.656000
143.326	5.835000
143.625	5.835000
143.625	5.990000
143.924	5.990000
143.924	5.582000
144.223	5.582000
144.223	4.851000
144.552	4.851000
144.552	4.982000
144.881	4.982000
144.881	5.331000
145.21	5.331000
145.21	6.997000
145.437	6.997000
145.437	6.547000
145.665	6.547000
145.665	6.997000
145.893	6.997000
145.893	6.820000
146.159	6.820000
146.159	6.914000
146.425	6.914000
146.425	6.806000
146.691	6.806000
146.691	7.131000
146.985	7.131000
146.985	6.927000
147.279	6.927000
147.279	7.431000
147.573	7.431000
147.573	7.463000
147.724	7.463000
147.724	7.467000
147.875	7.467000
147.875	6.703000
148.026	6.703000
148.026	7.456000
148.244	7.456000
148.244	6.903000
148.462	6.903000
148.462	7.653000
148.68	7.653000
148.68	5.270000
148.826	5.270000
148.826	5.025000
148.972	5.025000
148.972	5.706000
149.118	5.706000
149.118	7.023000
149.274	7.023000
149.274	6.340000
149.431	6.340000
149.431	6.888000
149.588	6.888000
149.588	7.772000
149.765	7.772000
149.765	6.507000
149.942	6.507000
149.942	7.407000
150.119	7.407000
150.119	3.330000
150.47	3.330000
150.47	3.510000
150.82	3.510000
150.82	3.718000
151.171	3.718000
151.171	7.571000
151.354	7.571000
151.354	6.669000
151.537	6.669000
151.537	7.245000
151.72	7.245000
151.72	6.359000
151.883	6.359000
151.883	6.110000
152.046	6.110000
152.046	6.280000
152.209	6.280000
152.209	4.395000
152.559	4.395000
152.559	3.424000
152.911	3.424000
152.911	3.182000
153.259	3.182000
153.259	4.994000
153.575	4.994000
153.575	4.760000
153.888	4.760000
153.888	4.684000
154.201	4.684000
154.201	4.368000
154.553	4.368000
154.553	4.471000
154.905	4.471000
154.905	4.606000
155.257	4.606000
155.257	5.282000
155.547	5.282000
155.547	5.507000
155.837	5.507000
155.837	5.908000
156.127	5.908000
156.127	4.299000
156.444	4.299000
156.444	4.072000
156.761	4.072000
156.761	4.366000
157.078	4.366000
157.078	6.884000
157.357	6.884000
157.357	6.404000
157.636	6.404000
157.636	6.755000
157.915	6.755000
157.915	5.052000
158.236	5.052000
158.236	5.040000
158.557	5.040000
158.557	5.015000
158.878	5.015000
158.878	6.831000
159.116	6.831000
159.116	6.569000
159.354	6.569000
159.354	6.293000
159.592	6.293000
159.592	6.005000
159.896	6.005000
159.896	5.744000
160.199	5.744000
160.199	6.031000
160.503	6.031000
160.503	4.482000
160.87	4.482000
160.87	4.153000
161.234	4.153000
161.234	4.437000
161.599	4.437000
161.599	5.448000
161.908	5.448000
161.908	5.281000
162.217	5.281000
162.217	5.535000
162.526	5.535000
162.526	5.448000
162.771	5.448000
162.771	6.630000
163.016	6.630000
163.016	6.598000
163.261	6.598000
163.261	7.410000
163.445	7.410000
163.445	7.673000
163.629	7.673000
163.629	8.003000
163.813	8.003000
163.813	8.622000
163.879	8.622000
163.879	7.698000
163.945	7.698000
163.945	7.418000
164.011	7.418000
164.011	8.161000
164.139	8.161000
164.139	7.065000
164.267	7.065000
164.267	7.338000
164.395	7.338000
164.395	6.427000
164.579	6.427000
164.579	6.513000
164.763	6.513000
164.763	6.930000
164.947	6.930000
164.947	7.750000
165.126	7.750000
165.126	6.462000
165.305	6.462000
165.305	6.717000
165.484	6.717000
165.484	5.810000
165.717	5.810000
165.717	6.398000
165.95	6.398000
165.95	6.076000
166.183	6.076000
166.183	6.726000
166.373	6.726000
166.373	6.836000
166.563	6.836000
166.563	7.289000
166.753	7.289000
166.753	7.145000
166.941	7.145000
166.941	5.722000
167.13	5.722000
167.13	6.246000
167.319	6.246000
167.319	7.535000
167.508	7.535000
167.508	7.199000
167.697	7.199000
167.697	7.425000
167.886	7.425000
167.886	4.226000
168.237	4.226000
168.237	3.117000
168.588	3.117000
168.588	3.525000
168.938	3.525000
168.938	6.811000
169.176	6.811000
169.176	5.899000
169.414	5.899000
169.414	6.250000
169.652	6.250000
169.652	6.517000
169.951	6.517000
169.951	5.964000
170.25	5.964000
170.25	6.241000
170.549	6.241000
170.549	6.294000
170.863	6.294000
170.863	6.159000
171.177	6.159000
171.177	6.571000
171.491	6.571000
171.491	8.046000
171.722	8.046000
171.722	6.994000
171.952	6.994000
171.952	7.457000
172.183	7.457000
172.183	6.551000
172.404	6.551000
172.404	6.347000
172.625	6.347000
172.625	6.858000
172.846	6.858000
172.846	6.430000
173.048	6.430000
173.048	5.384000
173.25	5.384000
173.25	6.338000
173.452	6.338000
173.452	9.203000
173.631	9.203000
173.631	7.208000
173.81	7.208000
173.81	7.743000
173.989	7.743000
173.989	9.192000
174.047	9.192000
174.047	7.366000
174.105	7.366000
174.105	8.716000
174.163	8.716000
174.163	6.012000
174.354	6.012000
174.354	6.537000
174.545	6.537000
174.545	6.347000
174.736	6.347000
174.736	9.274000
174.802	9.274000
174.802	7.695000
174.869	7.695000
174.869	7.851000
174.936	7.851000
174.936	7.792000
175.108	7.792000
175.108	7.665000
175.28	7.665000
175.28	7.598000
175.452	7.598000
175.452	7.166000
175.804	7.166000
175.804	7.090000
176.157	7.090000
176.157	8.426000
176.51	8.426000
176.51	8.494000
176.757	8.494000
176.757	6.751000
177.004	6.751000
177.004	7.296000
177.251	7.296000
177.251	6.350000
177.57	6.350000
177.57	6.382000
177.889	6.382000
177.889	6.165000
178.208	6.165000
178.208	7.185000
178.414	7.185000
178.414	6.499000
178.62	6.499000
178.62	6.874000
178.826	6.874000
178.826	8.196000
179.005	8.196000
179.005	6.071000
179.184	6.071000
179.184	6.824000
179.363	6.824000
179.363	6.360000
179.588	6.360000
179.588	6.371000
179.813	6.371000
179.813	5.942000
180.038	5.942000
180.038	6.323000
180.291	6.323000
180.291	6.908000
180.544	6.908000
180.544	6.151000
180.797	6.151000
180.797	7.089000
181.053	7.089000
181.053	5.972000
181.309	5.972000
181.309	5.833000
181.565	5.833000
181.565	6.532000
181.83	6.532000
181.83	6.905000
182.095	6.905000
182.095	6.340000
182.36	6.340000
182.36	6.451000
182.682	6.451000
182.682	6.509000
183.004	6.509000
183.004	6.452000
183.326	6.452000
183.326	6.835000
183.609	6.835000
183.609	6.401000
183.892	6.401000
183.892	6.980000
184.175	6.980000
184.175	5.668000
184.522	5.668000
184.522	4.976000
184.869	4.976000
184.869	4.779000
185.214	4.779000
185.214	6.718000
185.428	6.718000
185.428	7.302000
185.641	7.302000
185.641	7.313000
185.855	7.313000
185.855	7.934000
186.016	7.934000
186.016	7.291000
186.177	7.291000
186.177	7.697000
186.338	7.697000
186.338	7.405000
186.437	7.405000
186.437	6.701000
186.536	6.701000
186.536	6.592000
186.635	6.592000
186.635	3.555000
186.986	3.555000
186.986	3.599000
187.337	3.599000
187.337	3.479000
187.689	3.479000
187.689	5.481000
188.004	5.481000
188.004	5.799000
188.319	5.799000
188.319	5.842000
188.634	5.842000
188.634	4.232000
188.977	4.232000
188.977	4.147000
189.319	4.147000
189.319	3.904000
189.66	3.904000
189.66	7.167000
189.911	7.167000
189.911	7.363000
190.162	7.363000
190.162	7.463000
190.413	7.463000
190.413	4.639000
190.726	4.639000
190.726	4.823000
191.043	4.823000
191.043	4.856000
191.357	4.856000
191.357	7.136000
191.527	7.136000
191.527	7.265000
191.698	7.265000
191.698	7.037000
191.869	7.037000
191.869	6.271000
192.124	6.271000
192.124	6.538000
192.379	6.538000
192.379	6.386000
192.634	6.386000
192.634	7.500000
192.848	7.500000
192.848	6.619000
193.062	6.619000
193.062	7.142000
193.276	7.142000
193.276	4.890000
193.586	4.890000
193.586	5.287000
193.896	5.287000
193.896	5.011000
194.206	5.011000
194.206	6.910000
194.451	6.910000
194.451	6.782000
194.696	6.782000
194.696	6.295000
194.941	6.295000
194.941	7.685000
195.225	7.685000
195.225	7.227000
195.51	7.227000
195.51	6.917000
195.795	6.917000
195.795	7.666000
196.088	7.666000
196.088	8.068000
196.381	8.068000
196.381	7.553000
196.674	7.553000
196.674	6.723000
197.005	6.723000
197.005	6.891000
197.336	6.891000
197.336	6.711000
197.667	6.711000
197.667	6.315000
197.974	6.315000
197.974	5.739000
198.281	5.739000
198.281	6.530000
198.588	6.530000
198.588	7.080000
198.914	7.080000
198.914	7.319000
199.24	7.319000
199.24	7.351000
199.566	7.351000
199.566	3.235000
199.918	3.235000
199.918	2.969000
200.269	2.969000
200.269	3.234000
200.621	3.234000
200.621	7.838000
200.703	7.838000
200.703	7.472000
200.785	7.472000
200.785	7.196000
200.867	7.196000
200.867	6.725000
201.054	6.725000
201.054	7.519000
201.241	7.519000
201.241	7.426000
201.428	7.426000
201.428	3.112000
201.779	3.112000
201.779	3.530000
202.131	3.530000
202.131	3.152000
202.483	3.152000
202.483	8.268000
202.639	8.268000
202.639	6.983000
202.795	6.983000
202.795	6.575000
202.951	6.575000
202.951	7.150000
203.097	7.150000
203.097	6.638000
203.243	6.638000
203.243	6.644000
203.389	6.644000
203.389	6.147000
203.61	6.147000
203.61	6.079000
203.831	6.079000
203.831	6.100000
204.052	6.100000
204.052	6.782000
204.249	6.782000
204.249	6.503000
204.446	6.503000
204.446	6.629000
204.643	6.629000
204.643	7.142000
204.877	7.142000
204.877	6.762000
205.111	6.762000
205.111	7.057000
205.345	7.057000
205.345	5.735000
205.687	5.735000
205.687	5.549000
206.029	5.549000
206.029	5.019000
206.37	5.019000
206.37	7.729000
206.587	7.729000
206.587	6.990000
206.804	6.990000
206.804	6.622000
207.021	6.622000
207.021	7.125000
207.295	7.125000
207.295	7.297000
207.569	7.297000
207.569	7.397000
207.843	7.397000
207.843	6.482000
208.108	6.482000
208.108	6.238000
208.373	6.238000
208.373	6.246000
208.638	6.246000
208.638	7.513000
208.901	7.513000
208.901	7.275000
209.164	7.275000
209.164	7.339000
209.427	7.339000
209.427	6.780000
209.746	6.780000
209.746	6.948000
210.065	6.948000
210.065	6.534000
210.384	6.534000
210.384	7.070000
210.724	7.070000
210.724	6.834000
211.064	6.834000
211.064	6.783000
211.403	6.783000
211.403	7.691000
211.692	7.691000
211.692	6.674000
211.981	6.674000
211.981	6.608000
212.27	6.608000
212.27	7.407000
212.589	7.407000
212.589	8.109000
212.908	8.109000
212.908	7.601000
213.227	7.601000
213.227	6.512000
213.43	6.512000
213.43	6.480000
213.633	6.480000
213.633	6.599000
213.836	6.599000
213.836	7.896000
214.001	7.896000
214.001	7.206000
214.166	7.206000
214.166	8.073000
214.331	8.073000
214.331	7.942000
214.532	7.942000
214.532	7.791000
214.732	7.791000
214.732	7.562000
214.933	7.562000
214.933	4.098000
215.284	4.098000
215.284	3.225000
215.636	3.225000
215.636	3.623000
215.988	3.623000
215.988	5.890000
216.292	5.890000
216.292	5.567000
216.597	5.567000
216.597	5.652000
216.902	5.652000
216.902	7.514000
216.988	7.514000
216.988	7.919000
217.074	7.919000
217.074	7.682000
217.16	7.682000
217.16	6.255000
217.343	6.255000
217.343	6.425000
217.526	6.425000
217.526	6.616000
217.709	6.616000
217.709	6.843000
217.94	6.843000
217.94	7.373000
218.171	7.373000
218.171	7.067000
218.402	7.067000
218.402	7.449000
218.572	7.449000
218.572	7.032000
218.742	7.032000
218.742	7.537000
218.912	7.537000
218.912	4.841000
219.153	4.841000
219.153	4.709000
219.394	4.709000
219.394	4.648000
219.635	4.648000
219.635	6.323000
219.789	6.323000
219.789	5.847000
219.943	5.847000
219.943	5.788000
220.097	5.788000
220.097	6.927000
220.279	6.927000
220.279	7.129000
220.461	7.129000
220.461	7.531000
220.643	7.531000
220.643	6.099000
220.882	6.099000
220.882	6.855000
221.121	6.855000
221.121	5.624000
221.36	5.624000
221.36	7.675000
221.574	7.675000
221.574	6.490000
221.788	6.490000
221.788	6.689000
222.002	6.689000
222.002	7.144000
222.234	7.144000
222.234	6.594000
222.466	6.594000
222.466	7.508000
222.698	7.508000
222.698	8.395000
223.049	8.395000
223.049	8.242000
223.399	8.242000
223.399	8.087000
223.75	8.087000
223.75	8.209000
224.044	8.209000
224.044	7.400000
224.338	7.400000
224.338	7.336000
224.632	7.336000
224.632	6.653000
224.893	6.653000
224.893	6.980000
225.154	6.980000
225.154	6.732000
225.415	6.732000
225.415	5.169000
225.75	5.169000
225.75	4.920000
226.085	4.920000
226.085	4.742000
226.42	4.742000
226.42	6.386000
226.717	6.386000
226.717	5.387000
227.015	5.387000
227.015	5.131000
227.309	5.131000
227.309	8.330000
227.453	8.330000
227.453	8.630000
227.597	8.630000
227.597	8.055000
227.741	8.055000
227.741	6.747000
228.028	6.747000
228.028	7.481000
228.315	7.481000
228.315	7.054000
228.602	7.054000
228.602	3.936000
228.954	3.936000
228.954	4.111000
229.306	4.111000
229.306	4.414000
229.658	4.414000
229.658	6.155000
229.849	6.155000
229.849	5.954000
230.04	5.954000
230.04	5.720000
230.231	5.720000
230.231	7.873000
230.418	7.873000
230.418	8.012000
230.605	8.012000
230.605	7.670000
230.792	7.670000
230.792	7.372000
230.989	7.372000
230.989	6.809000
231.187	6.809000
231.187	6.347000
231.385	6.347000
231.385	6.055000
231.637	6.055000
231.637	5.922000
231.889	5.922000
231.889	5.820000
232.141	5.820000
232.141	6.441000
232.359	6.441000
232.359	6.731000
232.577	6.731000
232.577	6.708000
232.795	6.708000
232.795	7.589000
233.009	7.589000
233.009	6.973000
233.223	6.973000
233.223	6.901000
233.437	6.901000
233.437	8.626000
233.71	8.626000
233.71	8.382000
233.983	8.382000
233.983	8.096000
234.256	8.096000
234.256	6.355000
234.55	6.355000
234.55	6.391000
234.844	6.391000
234.844	6.556000
235.138	6.556000
235.138	8.099000
235.373	8.099000
235.373	7.457000
235.608	7.457000
235.608	7.838000
235.843	7.838000
235.843	7.119000
236.074	7.119000
236.074	7.232000
236.305	7.232000
236.305	6.176000
236.536	6.176000
236.536	7.358000
236.875	7.358000
236.875	6.814000
237.214	6.814000
237.214	7.146000
237.553	7.146000
237.553	7.936000
237.766	7.936000
237.766	6.362000
237.979	6.362000
237.979	6.527000
238.192	6.527000
238.192	7.484000
238.429	7.484000
238.429	7.362000
238.667	7.362000
238.667	7.246000
238.905	7.246000
238.905	6.723000
239.135	6.723000
239.135	6.343000
239.365	6.343000
239.365	6.704000
239.595	6.704000
239.595	7.423000
239.808	7.423000
239.808	6.691000
240.021	6.691000
240.021	6.609000
240.234	6.609000
240.234	5.850000
240.364	5.850000
240.364	5.423000
240.494	5.423000
240.494	6.248000
240.624	6.248000
240.624	7.456000
240.731	7.456000
240.731	6.224000
240.838	6.224000
240.838	7.161000
240.945	7.161000
240.945	8.517000
241.149	8.517000
241.149	6.640000
241.353	6.640000
241.353	6.983000
241.557	6.983000
241.557	6.120000
241.811	6.120000
241.811	6.413000
242.065	6.413000
242.065	6.427000
242.319	6.427000
242.319	6.221000
242.544	6.221000
242.544	6.725000
242.769	6.725000
242.769	6.650000
242.994	6.650000
242.994	5.345000
243.309	5.345000
243.309	4.457000
243.626	4.457000
243.626	4.715000
243.935	4.715000
243.935	6.445000
244.139	6.445000
244.139	6.952000
244.343	6.952000
244.343	6.552000
244.547	6.552000
244.547	7.313000
244.766	7.313000
244.766	6.523000
244.985	6.523000
244.985	6.824000
245.204	6.824000
245.204	7.788000
245.422	7.788000
245.422	6.189000
245.64	6.189000
245.64	6.611000
245.858	6.611000
245.858	7.167000
246.12	7.167000
246.12	7.134000
246.382	7.134000
246.382	6.926000
246.644	6.926000
246.644	6.260000
246.992	6.260000
246.992	6.178000
247.341	6.178000
247.341	6.224000
247.69	6.224000
247.69	8.925000
248.041	8.925000
248.041	8.985000
248.392	8.985000
248.392	8.726000
248.743	8.726000
248.743	6.212000
249.053	6.212000
249.053	6.544000
249.363	6.544000
249.363	6.581000
249.673	6.581000
249.673	8.033000
249.881	8.033000
249.881	7.362000
250.089	7.362000
250.089	7.565000
250.297	7.565000
250.297	6.523000
250.415	6.523000
250.415	7.203000
250.532	7.203000
250.532	7.357000
250.65	7.357000
250.65	7.948000
250.674	7.948000
250.674	8.235000
250.697	8.235000
250.697	8.898000
250.72	8.898000
250.72	8.582000
250.889	8.582000
250.889	7.080000
251.058	7.080000
251.058	7.500000
251.227	7.500000
251.227	7.414000
251.382	7.414000
251.382	7.329000
251.537	7.329000
251.537	7.078000
251.692	7.078000
251.692	7.871000
251.911	7.871000
251.911	7.669000
252.13	7.669000
252.13	7.359000
252.349	7.359000
252.349	8.001000
252.551	8.001000
252.551	7.144000
252.753	7.144000
252.753	6.879000
252.955	6.879000
252.955	5.956000
253.155	5.956000
253.155	6.417000
253.355	6.417000
253.355	6.221000
253.555	6.221000
253.555	6.652000
253.847	6.652000
253.847	7.319000
254.139	7.319000
254.139	6.695000
254.431	6.695000
254.431	6.774000
254.782	6.774000
254.782	5.990000
255.133	5.990000
255.133	5.869000
255.484	5.869000
255.484	7.244000
255.633	7.244000
255.633	7.889000
255.782	7.889000
255.782	7.181000
255.931	7.181000
255.931	7.654000
256.18	7.654000
256.18	7.818000
256.427	7.818000
256.427	7.552000
256.675	7.552000
256.675	7.892000
256.911	7.892000
256.911	6.451000
257.147	6.451000
257.147	6.230000
257.383	6.230000
257.383	5.716000
257.669	5.716000
257.669	6.121000
257.955	6.121000
257.955	6.850000
258.241	6.850000
258.241	6.115000
258.592	6.115000
258.592	6.256000
258.943	6.256000
258.943	5.934000
259.294	5.934000
259.294	7.517000
259.524	7.517000
259.524	6.938000
259.754	6.938000
259.754	7.566000
259.984	7.566000
259.984	8.786000
260.158	8.786000
260.158	7.122000
260.333	7.122000
260.333	7.748000
260.508	7.748000
260.508	6.312000
260.86	6.312000
260.86	6.467000
261.212	6.467000
261.212	6.653000
261.564	6.653000
261.564	4.091000
261.916	4.091000
261.916	3.423000
262.268	3.423000
262.268	3.515000
262.62	3.515000
262.62	7.335000
262.818	7.335000
262.818	6.943000
263.016	6.943000
263.016	6.352000
263.214	6.352000
263.214	7.180000
263.376	7.180000
263.376	7.047000
263.538	7.047000
263.538	6.820000
263.7	6.820000
263.7	5.095000
263.867	5.095000
263.867	5.615000
264.034	5.615000
264.034	5.187000
264.201	5.187000
264.201	7.415000
264.369	7.415000
264.369	7.574000
264.537	7.574000
264.537	7.190000
264.705	7.190000
264.705	4.478000
265.012	4.478000
265.012	4.706000
265.319	4.706000
265.319	4.607000
265.626	4.607000
265.626	6.098000
265.849	6.098000
265.849	6.340000
266.072	6.340000
266.072	5.716000
266.295	5.716000
266.295	7.355000
266.434	7.355000
266.434	6.609000
266.573	6.609000
266.573	7.609000
266.712	7.609000
266.712	4.757000
267.057	4.757000
267.057	4.627000
267.402	4.627000
267.402	5.324000
267.747	5.324000
267.747	3.989000
268.097	3.989000
268.097	3.407000
268.447	3.407000
268.447	3.459000
268.798	3.459000
268.798	7.400000
269.023	7.400000
269.023	6.276000
269.248	6.276000
269.248	6.821000
269.473	6.821000
269.473	7.307000
269.744	7.307000
269.744	7.774000
270.015	7.774000
270.015	7.184000
270.286	7.184000
270.286	6.273000
270.564	6.273000
270.564	6.869000
270.842	6.869000
270.842	6.315000
271.12	6.315000
271.12	7.758000
271.356	7.758000
271.356	6.761000
271.592	6.761000
271.592	6.894000
271.828	6.894000
271.828	7.684000
272.023	7.684000
272.023	7.639000
272.218	7.639000
272.218	7.763000
272.413	7.763000
272.413	3.382000
272.766	3.382000
272.766	3.077000
273.119	3.077000
273.119	3.155000
273.472	3.155000
273.472	3.685000
273.822	3.685000
273.822	3.541000
274.173	3.541000
274.173	3.958000
274.523	3.958000
274.523	7.388000
274.684	7.388000
274.684	7.696000
274.845	7.696000
274.845	7.394000
275.006	7.394000
275.006	6.273000
275.097	6.273000
275.097	6.230000
275.188	6.230000
275.188	6.754000
275.279	6.754000
275.279	8.770000
275.443	8.770000
275.443	8.113000
275.608	8.113000
275.608	8.608000
275.773	8.608000
275.773	5.855000
275.925	5.855000
275.925	5.767000
276.077	5.767000
276.077	5.725000
276.229	5.725000
276.229	7.516000
276.503	7.516000
276.503	7.059000
276.777	7.059000
276.777	7.461000
277.051	7.461000
277.051	7.270000
277.252	7.270000
277.252	6.908000
277.454	6.908000
277.454	6.547000
277.656	6.547000
277.656	6.396000
277.897	6.396000
277.897	6.881000
278.138	6.881000
278.138	6.362000
278.379	6.362000
278.379	9.766000
278.727	9.766000
278.727	9.560000
279.075	9.560000
279.075	9.963000
279.423	9.963000
279.423	8.016000
279.598	8.016000
279.598	6.744000
279.773	6.744000
279.773	6.887000
279.948	6.887000
279.948	6.169000
280.228	6.169000
280.228	7.199000
280.508	7.199000
280.508	6.403000
280.788	6.403000
280.788	4.189000
281.138	4.189000
281.138	3.864000
281.488	3.864000
281.488	3.842000
281.839	3.842000
281.839	6.960000
282.097	6.960000
282.097	6.815000
282.355	6.815000
282.355	6.937000
282.613	6.937000
282.613	7.315000
282.832	7.315000
282.832	7.525000
283.051	7.525000
283.051	7.569000
283.27	7.569000
283.27	6.254000
283.603	6.254000
283.603	6.125000
283.936	6.125000
283.936	6.232000
284.269	6.232000
284.269	6.685000
284.54	6.685000
284.54	6.003000
284.811	6.003000
284.811	5.556000
285.082	5.556000
285.082	6.434000
285.394	6.434000
285.394	6.708000
285.706	6.708000
285.706	6.183000
286.018	6.183000
286.018	6.529000
286.24	6.529000
286.24	6.672000
286.461	6.672000
286.461	6.645000
286.683	6.645000
286.683	8.256000
286.856	8.256000
286.856	7.869000
287.028	7.869000
287.028	8.145000
287.201	8.145000
287.201	7.497000
287.315	7.497000
287.315	7.427000
287.429	7.427000
287.429	7.150000
287.543	7.150000
287.543	6.625000
287.765	6.625000
287.765	6.569000
287.986	6.569000
287.986	6.127000
288.207	6.127000
288.207	8.240000
288.337	8.240000
288.337	7.806000
288.467	7.806000
288.467	7.763000
288.597	7.763000
288.597	5.416000
288.838	5.416000
288.838	5.610000
289.079	5.610000
289.079	5.458000
289.32	5.458000
289.32	6.524000
289.482	6.524000
289.482	6.692000
289.644	6.692000
289.644	6.600000
289.806	6.600000
289.806	7.898000
290.007	7.898000
290.007	6.856000
290.208	6.856000
290.208	6.716000
290.409	6.716000
290.409	7.001000
290.639	7.001000
290.639	6.917000
290.869	6.917000
290.869	6.551000
291.099	6.551000
291.099	6.577000
291.315	6.577000
291.315	6.993000
291.531	6.993000
291.531	7.012000
291.747	7.012000
291.747	7.118000
291.962	7.118000
291.962	6.240000
292.177	6.240000
292.177	6.421000
292.392	6.421000
292.392	5.640000
292.697	5.640000
292.697	5.764000
293.002	5.764000
293.002	5.852000
293.307	5.852000
293.307	5.915000
293.572	5.915000
293.572	6.188000
293.837	6.188000
293.837	5.923000
294.102	5.923000
294.102	7.127000
294.324	7.127000
294.324	7.314000
294.546	7.314000
294.546	7.058000
294.768	7.058000
294.768	6.744000
295.001	6.744000
295.001	7.154000
295.234	7.154000
295.234	6.665000
295.467	6.665000
295.467	7.288000
295.783	7.288000
295.783	8.137000
296.098	8.137000
296.098	6.885000
296.414	6.885000
296.414	7.867000
296.739	7.867000
296.739	8.368000
297.066	8.368000
297.066	8.031000
297.386	8.031000
297.386	7.301000
297.709	7.301000
297.709	7.662000
298.031	7.662000
298.031	7.623000
298.354	7.623000
298.354	4.667000
298.705	4.667000
298.705	4.975000
299.055	4.975000
299.055	4.665000
299.403	4.665000
299.403	4.890000
299.752	4.890000
299.752	4.298000
300.102	4.298000
300.102	4.256000
300.448	4.256000
300.448	5.569000
300.781	5.569000
300.781	5.237000
301.114	5.237000
301.114	5.800000
301.447	5.800000
301.447	4.470000
301.778	4.470000
301.778	4.887000
302.109	4.887000
302.109	4.743000
302.44	4.743000
302.44	8.352000
302.621	8.352000
302.621	7.196000
302.802	7.196000
302.802	7.517000
302.983	7.517000
302.983	7.381000
303.182	7.381000
303.182	7.382000
303.381	7.382000
303.381	7.038000
303.58	7.038000
303.58	6.278000
303.826	6.278000
303.826	6.711000
304.07	6.711000
304.07	6.761000
304.316	6.761000
304.316	6.365000
304.608	6.365000
304.608	5.848000
304.9	5.848000
304.9	5.568000
305.192	5.568000
305.192	6.242000
305.415	6.242000
305.415	6.123000
305.638	6.123000
305.638	6.694000
305.861	6.694000
305.861	6.203000
306.174	6.203000
306.174	6.861000
306.487	6.861000
306.487	7.026000
306.8	7.026000
306.8	7.902000
307.018	7.902000
307.018	7.105000
307.236	7.105000
307.236	6.503000
307.454	6.503000
307.454	6.343000
307.695	6.343000
307.695	6.893000
307.935	6.893000
307.935	7.227000
308.176	7.227000
308.176	5.479000
308.442	5.479000
308.442	5.879000
308.708	5.879000
308.708	5.136000
308.974	5.136000
308.974	8.011000
309.171	8.011000
309.171	7.540000
309.368	7.540000
309.368	6.622000
309.565	6.622000
309.565	7.065000
309.788	7.065000
309.788	7.787000
310.011	7.787000
310.011	7.094000
310.234	7.094000
310.234	4.755000
310.586	4.755000
310.586	4.880000
310.937	4.880000
310.937	4.555000
311.289	4.555000
311.289	7.134000
311.551	7.134000
311.551	6.154000
311.814	6.154000
311.814	6.651000
312.077	6.651000
312.077	6.679000
312.346	6.679000
312.346	6.836000
312.615	6.836000
312.615	6.490000
312.884	6.490000
312.884	6.966000
313.125	6.966000
313.125	7.149000
313.366	7.149000
313.366	6.909000
313.607	6.909000
313.607	8.301000
313.69	8.301000
313.69	6.486000
313.773	6.486000
313.773	6.365000
313.856	6.365000
313.856	6.857000
314.031	6.857000
314.031	7.143000
314.206	7.143000
314.206	6.884000
314.381	6.884000
314.381	8.333000
314.497	8.333000
314.497	8.711000
314.613	8.711000
314.613	7.723000
314.729	7.723000
314.729	8.183000
314.812	8.183000
314.812	7.330000
314.895	7.330000
314.895	7.285000
314.978	7.285000
314.978	8.563000
315.169	8.563000
315.169	9.134000
315.359	9.134000
315.359	8.792000
315.551	8.792000
315.551	3.873000
315.903	3.873000
315.903	3.851000
316.254	3.851000
316.254	3.952000
316.606	3.952000
316.606	8.037000
316.773	8.037000
316.773	7.158000
316.94	7.158000
316.94	7.294000
317.107	7.294000
317.107	6.966000
317.231	6.966000
317.231	8.098000
317.355	8.098000
317.355	6.973000
317.479	6.973000
317.479	3.724000
317.831	3.724000
317.831	3.407000
318.182	3.407000
318.182	3.388000
318.534	3.388000
318.534	6.597000
318.851	6.597000
318.851	5.895000
319.165	5.895000
319.165	6.227000
319.482	6.227000
319.482	6.474000
319.738	6.474000
319.738	7.057000
319.995	7.057000
319.995	6.500000
320.252	6.500000
320.252	7.773000
320.554	7.773000
320.554	6.972000
320.856	6.972000
320.856	7.049000
321.158	7.049000
321.158	7.862000
321.437	7.862000
321.437	7.938000
321.716	7.938000
321.716	7.937000
321.995	7.937000
321.995	7.197000
322.343	7.197000
322.343	7.814000
322.692	7.814000
322.692	7.674000
323.041	7.674000
323.041	4.563000
323.393	4.563000
323.393	4.245000
323.741	4.245000
323.741	4.750000
324.087	4.750000
324.087	7.123000
324.404	7.123000
324.404	6.903000
324.721	6.903000
324.721	7.183000
325.038	7.183000
325.038	6.687000
325.235	6.687000
325.235	6.703000
325.432	6.703000
325.432	6.578000
325.629	6.578000
325.629	8.463000
325.816	8.463000
325.816	7.134000
326.003	7.134000
326.003	7.065000
326.19	7.065000
326.19	7.716000
326.37	7.716000
326.37	7.079000
326.55	7.079000
326.55	7.031000
326.73	7.031000
326.73	3.325000
327.082	3.325000
327.082	3.205000
327.434	3.205000
327.434	3.289000
327.786	3.289000
327.786	7.536000
327.961	7.536000
327.961	7.032000
328.136	7.032000
328.136	7.292000
328.311	7.292000
328.311	7.969000
328.391	7.969000
328.391	8.255000
328.471	8.255000
328.471	8.464000
328.551	8.464000
328.551	7.390000
328.796	7.390000
328.796	7.177000
329.041	7.177000
329.041	6.967000
329.286	6.967000
329.286	7.483000
329.481	7.483000
329.481	6.311000
329.677	6.311000
329.677	6.699000
329.873	6.699000
329.873	6.879000
330.131	6.879000
330.131	7.817000
330.389	7.817000
330.389	7.355000
330.647	7.355000
330.647	5.643000
330.924	5.643000
330.924	6.011000
331.2	6.011000
331.2	6.526000
331.477	6.526000
331.477	8.866000
331.696	8.866000
331.696	7.416000
331.915	7.416000
331.915	6.992000
332.134	6.992000
332.134	6.461000
332.366	6.461000
332.366	5.360000
332.598	5.360000
332.598	5.321000
332.83	5.321000
332.83	5.840000
333.052	5.840000
333.052	5.984000
333.274	5.984000
333.274	5.493000
333.496	5.493000
333.496	6.734000
333.697	6.734000
333.697	5.644000
333.898	5.644000
333.898	6.010000
334.099	6.010000
334.099	6.677000
334.34	6.677000
334.34	6.379000
334.581	6.379000
334.581	5.768000
334.822	5.768000
334.822	6.035000
335.17	6.035000
335.17	6.470000
335.518	6.470000
335.518	5.954000
335.866	5.954000
335.866	8.978000
336.174	8.978000
336.174	8.833000
336.482	8.833000
336.482	8.818000
336.79	8.818000
336.79	6.271000
337.143	6.271000
337.143	6.777000
337.496	6.777000
337.496	6.696000
337.849	6.696000
337.849	7.779000
338.05	7.779000
338.05	8.383000
338.251	8.383000
338.251	7.816000
338.452	7.816000
338.452	7.455000
338.586	7.455000
338.586	6.819000
338.72	6.819000
338.72	7.241000
338.854	7.241000
338.854	6.254000
339.035	6.254000
339.035	6.108000
339.215	6.108000
339.215	5.909000
339.396	5.909000
339.396	4.142000
339.694	4.142000
339.694	4.779000
339.992	4.779000
339.992	4.340000
340.29	4.340000
340.29	7.890000
340.462	7.890000
340.462	7.166000
340.634	7.166000
340.634	7.291000
340.806	7.291000
340.806	7.794000
340.881	7.794000
340.881	8.182000
340.955	8.182000
340.955	7.047000
341.03	7.047000
341.03	7.014000
341.211	7.014000
341.211	7.683000
341.392	7.683000
341.392	7.889000
341.574	7.889000
341.574	8.383000
341.762	8.383000
341.762	7.749000
341.95	7.749000
341.95	7.629000
342.138	7.629000
342.138	7.088000
342.353	7.088000
342.353	7.228000
342.568	7.228000
342.568	7.282000
342.783	7.282000
342.783	7.445000
342.998	7.445000
342.998	6.426000
343.213	6.426000
343.213	6.774000
343.428	6.774000
343.428	6.831000
343.671	6.831000
343.671	7.003000
343.914	7.003000
343.914	6.519000
344.157	6.519000
344.157	3.352000
344.474	3.352000
344.474	3.608000
344.79	3.608000
344.79	3.934000
345.106	3.934000
345.106	3.537000
345.423	3.537000
345.423	2.933000
345.74	2.933000
345.74	3.288000
346.057	3.288000
346.057	3.291000
346.373	3.291000
346.373	3.302000
346.688	3.302000
346.688	3.322000
347.005	3.322000
347.005	5.565000
347.341	5.565000
347.341	5.862000
347.677	5.862000
347.677	5.278000
348.013	5.278000
348.013	6.906000
348.244	6.906000
348.244	6.686000
348.475	6.686000
348.475	6.678000
348.706	6.678000
348.706	7.745000
348.863	7.745000
348.863	6.351000
349.02	6.351000
349.02	6.534000
349.177	6.534000
349.177	5.532000
349.379	5.532000
349.379	6.176000
349.581	6.176000
349.581	5.997000
349.783	5.997000
349.783	3.280000
350.135	3.280000
350.135	2.738000
350.487	2.738000
350.487	2.753000
350.837	2.753000
350.837	3.052000
351.189	3.052000
351.189	2.692000
351.54	2.692000
351.54	3.137000
351.891	3.137000
351.891	5.581000
352.085	5.581000
352.085	4.900000
352.279	4.900000
352.279	5.184000
352.473	5.184000
352.473	6.743000
352.58	6.743000
352.58	6.025000
352.687	6.025000
352.687	6.452000
352.794	6.452000
352.794	7.568000
353.015	7.568000
353.015	5.775000
353.236	5.775000
353.236	6.183000
353.457	6.183000
353.457	5.510000
353.751	5.510000
353.751	5.527000
354.044	5.527000
354.044	5.379000
354.338	5.379000
354.338	4.505000
354.677	4.505000
354.677	4.564000
355.016	4.564000
355.016	4.283000
355.355	4.283000
355.355	8.559000
355.551	8.559000
355.551	6.659000
355.747	6.659000
355.747	6.758000
355.943	6.758000
355.943	5.995000
356.19	5.995000
356.19	6.019000
356.437	6.019000
356.437	6.034000
356.684	6.034000
356.684	6.062000
356.94	6.062000
356.94	6.327000
357.196	6.327000
357.196	6.596000
357.452	6.596000
357.452	6.703000
357.781	6.703000
357.781	6.872000
358.11	6.872000
358.11	5.820000
358.439	5.820000
358.439	3.028000
358.857	3.028000
358.857	3.021000
359.274	3.021000
359.274	3.001000
359.69	3.001000
359.69	6.578000
359.981	6.578000
359.981	6.083000
360.272	6.083000
360.272	6.012000
360.563	6.012000
360.563	6.426000
360.749	6.426000
360.749	6.787000
360.935	6.787000
360.935	6.318000
361.121	6.318000
361.121	6.848000
361.213	6.848000
361.213	6.217000
361.305	6.217000
361.305	6.199000
361.397	6.199000
361.397	7.740000
361.474	7.740000
361.474	7.991000
361.551	7.991000
361.551	7.737000
361.628	7.737000
361.628	5.625000
361.859	5.625000
361.859	5.816000
362.09	5.816000
362.09	5.791000
362.321	5.791000
362.321	7.369000
362.497	7.369000
362.497	6.669000
362.673	6.669000
362.673	6.817000
362.849	6.817000
362.849	6.374000
363.061	6.374000
363.061	6.411000
363.272	6.411000
363.272	7.059000
363.484	7.059000
363.484	7.743000
363.695	7.743000
363.695	7.651000
363.905	7.651000
363.905	7.203000
364.116	7.203000
364.116	7.199000
364.343	7.199000
364.343	6.551000
364.57	6.551000
364.57	6.892000
364.797	6.892000
364.797	6.714000
365.042	6.714000
365.042	6.903000
365.287	6.903000
365.287	5.412000
365.532	5.412000
365.532	5.912000
365.805	5.912000
365.805	5.665000
366.078	5.665000
366.078	5.893000
366.351	5.893000
366.351	6.289000
366.67	6.289000
366.67	6.252000
366.989	6.252000
366.989	6.636000
367.308	6.636000
367.308	7.900000
367.632	7.900000
367.632	7.646000
367.956	7.646000
367.956	7.654000
368.28	7.654000
368.28	6.980000
368.55	6.980000
368.55	6.789000
368.82	6.789000
368.82	7.243000
369.09	7.243000
369.09	6.860000
369.349	6.860000
369.349	8.173000
369.607	8.173000
369.607	6.479000
369.866	6.479000
369.866	5.771000
370.19	5.771000
370.19	6.410000
370.514	6.410000
370.514	6.078000
370.838	6.078000
370.838	7.207000
371.038	7.207000
371.038	6.358000
371.238	6.358000
371.238	6.599000
371.438	6.599000
371.438	6.253000
371.727	6.253000
371.727	6.451000
372.016	6.451000
372.016	5.928000
372.305	5.928000
372.305	6.998000
372.616	6.998000
372.616	6.137000
372.924	6.137000
372.924	5.684000
373.238	5.684000
373.238	3.297000
373.514	3.297000
373.514	2.871000
373.79	2.871000
373.79	2.832000
374.066	2.832000
374.066	2.638000
374.383	2.638000
374.383	2.534000
374.699	2.534000
374.699	2.594000
375.016	2.594000
375.016	7.406000
375.21	7.406000
375.21	7.288000
375.404	7.288000
375.404	7.306000
375.598	7.306000
375.598	6.817000
375.721	6.817000
375.721	6.845000
375.844	6.845000
375.844	6.589000
375.967	6.589000
375.967	9.336000
376.037	9.336000
376.037	8.899000
376.107	8.899000
376.107	9.789000
376.177	9.789000
376.177	5.986000
376.373	5.986000
376.373	6.313000
376.569	6.313000
376.569	5.580000
376.765	5.580000
376.765	6.809000
376.922	6.809000
376.922	6.376000
377.079	6.376000
377.079	6.842000
377.236	6.842000
377.236	4.977000
377.545	4.977000
377.545	5.115000
377.848	5.115000
377.848	5.000000
378.154	5.000000
378.154	3.161000
378.505	3.161000
378.505	3.315000
378.853	3.315000
378.853	2.806000
379.205	2.806000
379.205	7.348000
379.376	7.348000
379.376	6.512000
379.547	6.512000
379.547	6.250000
379.718	6.250000
379.718	7.058000
379.936	7.058000
379.936	6.718000
380.154	6.718000
380.154	6.930000
380.372	6.930000
380.372	6.001000
380.66	6.001000
380.66	6.124000
380.948	6.124000
380.948	5.857000
381.236	5.857000
381.236	7.099000
381.394	7.099000
381.394	6.692000
381.552	6.692000
381.552	7.012000
381.71	7.012000
381.71	6.772000
381.919	6.772000
381.919	6.903000
382.128	6.903000
382.128	6.559000
382.337	6.559000
