0.0	7.837000
0.354	7.837000
0.354	7.563000
0.708	7.563000
0.708	7.453000
1.062	7.453000
1.062	9.518000
1.416	9.518000
1.416	9.315000
1.77	9.315000
1.77	9.439000
2.124	9.439000
2.124	8.644000
2.478	8.644000
2.478	8.597000
2.831	8.597000
2.831	8.438000
3.185	8.438000
3.185	8.179000
3.538	8.179000
3.538	8.390000
3.892	8.390000
3.892	8.216000
4.246	8.216000
4.246	7.191000
4.6	7.191000
4.6	6.840000
4.954	6.840000
4.954	6.750000
5.308	6.750000
5.308	8.745000
5.662	8.745000
5.662	8.840000
6.016	8.840000
6.016	8.683000
6.37	8.683000
6.37	7.732000
6.724	7.732000
6.724	8.103000
7.078	8.103000
7.078	7.878000
7.432	7.878000
7.432	8.046000
7.785	8.046000
7.785	7.917000
8.139	7.917000
8.139	7.830000
8.493	7.830000
8.493	8.104000
8.847	8.104000
8.847	7.848000
9.201	7.848000
9.201	8.071000
9.555	8.071000
9.555	8.445000
9.908	8.445000
9.908	8.348000
10.262	8.348000
10.262	8.296000
10.616	8.296000
10.616	7.942000
10.97	7.942000
10.97	7.839000
11.323	7.839000
11.323	7.872000
11.677	7.872000
11.677	8.221000
12.031	8.221000
12.031	8.050000
12.385	8.050000
12.385	8.180000
12.739	8.180000
12.739	9.722000
13.093	9.722000
13.093	9.622000
13.447	9.622000
13.447	9.257000
13.8	9.257000
13.8	7.702000
14.154	7.702000
14.154	7.588000
14.507	7.588000
14.507	7.709000
14.861	7.709000
14.861	8.753000
15.215	8.753000
15.215	8.581000
15.569	8.581000
15.569	8.527000
15.923	8.527000
15.923	8.112000
16.276	8.112000
16.276	8.023000
16.629	8.023000
16.629	7.906000
16.983	7.906000
16.983	8.114000
17.337	8.114000
17.337	8.032000
17.691	8.032000
17.691	8.047000
18.045	8.047000
18.045	8.250000
18.399	8.250000
18.399	8.386000
18.753	8.386000
18.753	8.140000
19.106	8.140000
19.106	7.877000
19.459	7.877000
19.459	7.770000
19.812	7.770000
19.812	7.755000
20.165	7.755000
20.165	7.693000
20.519	7.693000
20.519	7.498000
20.873	7.498000
20.873	7.557000
21.227	7.557000
21.227	9.850000
21.581	9.850000
21.581	9.890000
21.935	9.890000
21.935	9.912000
22.289	9.912000
22.289	8.948000
22.643	8.948000
22.643	8.847000
22.996	8.847000
22.996	8.564000
23.35	8.564000
23.35	8.154000
23.704	8.154000
23.704	8.331000
24.058	8.331000
24.058	8.293000
24.412	8.293000
24.412	8.607000
24.766	8.607000
24.766	8.661000
25.12	8.661000
25.12	8.559000
25.474	8.559000
25.474	7.507000
25.828	7.507000
25.828	7.388000
26.182	7.388000
26.182	7.377000
26.536	7.377000
26.536	7.359000
26.889	7.359000
26.889	7.319000
27.243	7.319000
27.243	7.429000
27.597	7.429000
27.597	9.084000
27.951	9.084000
27.951	8.838000
28.305	8.838000
28.305	8.804000
28.659	8.804000
28.659	8.978000
29.013	8.978000
29.013	8.869000
29.367	8.869000
29.367	8.871000
29.721	8.871000
29.721	8.660000
30.075	8.660000
30.075	8.621000
30.429	8.621000
30.429	8.605000
30.782	8.605000
30.782	9.013000
31.136	9.013000
31.136	9.108000
31.489	9.108000
31.489	8.996000
31.843	8.996000
31.843	7.213000
32.197	7.213000
32.197	7.052000
32.55	7.052000
32.55	7.026000
32.904	7.026000
32.904	6.672000
33.258	6.672000
33.258	6.676000
33.612	6.676000
33.612	6.546000
33.966	6.546000
33.966	9.528000
34.32	9.528000
34.32	9.634000
34.674	9.634000
34.674	9.497000
35.027	9.497000
35.027	9.197000
35.381	9.197000
35.381	9.106000
35.735	9.106000
35.735	9.201000
36.088	9.201000
36.088	8.412000
36.442	8.412000
36.442	8.364000
36.796	8.364000
36.796	8.321000
37.15	8.321000
37.15	8.112000
37.504	8.112000
37.504	8.277000
37.857	8.277000
37.857	8.001000
38.211	8.001000
38.211	7.810000
38.565	7.810000
38.565	7.469000
38.918	7.469000
38.918	7.616000
39.272	7.616000
39.272	9.921000
39.626	9.921000
39.626	9.505000
39.98	9.505000
39.98	9.108000
40.334	9.108000
40.334	9.108000
40.688	9.108000
40.688	8.555000
41.042	8.555000
41.042	8.515000
41.396	8.515000
41.396	8.572000
41.75	8.572000
41.75	7.658000
42.103	7.658000
42.103	7.670000
42.457	7.670000
42.457	7.427000
42.811	7.427000
42.811	8.123000
43.165	8.123000
43.165	7.923000
43.519	7.923000
43.519	8.017000
43.873	8.017000
43.873	8.392000
44.227	8.392000
44.227	8.511000
44.581	8.511000
44.581	8.486000
44.935	8.486000
44.935	8.727000
45.289	8.727000
45.289	8.690000
45.643	8.690000
45.643	8.562000
45.997	8.562000
45.997	7.361000
46.35	7.361000
46.35	6.980000
46.704	6.980000
46.704	7.026000
47.058	7.026000
47.058	7.918000
47.412	7.918000
47.412	7.666000
47.766	7.666000
47.766	7.712000
48.119	7.712000
48.119	8.010000
48.473	8.010000
48.473	8.054000
48.827	8.054000
48.827	7.873000
49.181	7.873000
49.181	8.962000
49.535	8.962000
49.535	9.150000
49.889	9.150000
49.889	8.985000
50.243	8.985000
50.243	8.009000
50.556	8.009000
50.556	8.110000
50.868	8.110000
50.868	8.071000
51.181	8.071000
51.181	7.924000
51.535	7.924000
51.535	7.872000
51.889	7.872000
51.889	7.749000
52.243	7.749000
52.243	6.992000
52.597	6.992000
52.597	7.133000
52.951	7.133000
52.951	6.969000
53.305	6.969000
53.305	8.321000
53.618	8.321000
53.618	7.934000
53.931	7.934000
53.931	8.052000
54.243	8.052000
54.243	7.717000
54.597	7.717000
54.597	7.659000
54.951	7.659000
54.951	7.678000
55.305	7.678000
55.305	7.954000
55.659	7.954000
55.659	8.005000
56.013	8.005000
56.013	7.871000
56.366	7.871000
56.366	9.582000
56.72	9.582000
56.72	9.389000
57.075	9.389000
57.075	9.485000
57.43	9.485000
57.43	9.051000
57.783	9.051000
57.783	9.217000
58.137	9.217000
58.137	9.125000
58.491	9.125000
58.491	9.435000
58.844	9.435000
58.844	9.356000
59.198	9.356000
59.198	9.255000
59.551	9.255000
59.551	8.567000
59.905	8.567000
59.905	8.759000
60.259	8.759000
60.259	8.695000
60.613	8.695000
60.613	6.176000
60.954	6.176000
60.954	5.887000
61.295	5.887000
61.295	5.834000
61.636	5.834000
61.636	8.587000
61.99	8.587000
61.99	8.679000
62.344	8.679000
62.344	8.586000
62.698	8.586000
62.698	8.067000
63.051	8.067000
63.051	7.894000
63.405	7.894000
63.405	7.938000
63.758	7.938000
63.758	8.648000
64.071	8.648000
64.071	8.728000
64.384	8.728000
64.384	8.545000
64.697	8.545000
64.697	9.474000
65.051	9.474000
65.051	9.318000
65.405	9.318000
65.405	9.354000
65.757	9.354000
65.757	8.330000
66.111	8.330000
66.111	8.463000
66.465	8.463000
66.465	8.030000
66.819	8.030000
66.819	8.320000
67.173	8.320000
67.173	8.477000
67.527	8.477000
67.527	8.316000
67.881	8.316000
67.881	9.678000
68.235	9.678000
68.235	9.949000
68.588	9.949000
68.588	9.747000
68.942	9.747000
68.942	9.224000
69.296	9.224000
69.296	8.908000
69.65	8.908000
69.65	8.991000
70.002	8.991000
70.002	7.959000
70.356	7.959000
70.356	8.055000
70.71	8.055000
70.71	7.947000
71.064	7.947000
71.064	7.898000
71.418	7.898000
71.418	7.623000
71.772	7.623000
71.772	7.517000
72.126	7.517000
72.126	9.475000
72.479	9.475000
72.479	9.305000
72.833	9.305000
72.833	9.275000
73.186	9.275000
73.186	7.921000
73.54	7.921000
73.54	7.897000
73.894	7.897000
73.894	7.773000
74.248	7.773000
74.248	8.507000
74.602	8.507000
74.602	8.753000
74.956	8.753000
74.956	8.515000
75.31	8.515000
75.31	9.450000
75.664	9.450000
75.664	9.173000
76.018	9.173000
76.018	8.950000
76.372	8.950000
76.372	7.729000
76.726	7.729000
76.726	7.934000
77.08	7.934000
77.08	7.668000
77.434	7.668000
77.434	8.983000
77.788	8.983000
77.788	8.799000
78.141	8.799000
78.141	8.497000
78.495	8.497000
78.495	8.729000
78.849	8.729000
78.849	8.355000
79.203	8.355000
79.203	8.289000
79.557	8.289000
79.557	8.058000
79.911	8.058000
79.911	8.011000
80.265	8.011000
80.265	7.918000
80.619	7.918000
80.619	7.507000
80.972	7.507000
80.972	7.295000
81.326	7.295000
81.326	7.181000
81.68	7.181000
81.68	7.884000
82.034	7.884000
82.034	7.764000
82.388	7.764000
82.388	7.892000
82.742	7.892000
82.742	7.801000
83.096	7.801000
83.096	8.108000
83.45	8.108000
83.45	7.957000
83.804	7.957000
83.804	6.390000
84.158	6.390000
84.158	6.457000
84.512	6.457000
84.512	6.382000
84.865	6.382000
84.865	7.028000
85.219	7.028000
85.219	7.034000
85.573	7.034000
85.573	6.776000
85.927	6.776000
85.927	8.532000
86.281	8.532000
86.281	8.575000
86.635	8.575000
86.635	8.427000
86.989	8.427000
86.989	7.495000
87.343	7.495000
87.343	7.209000
87.697	7.209000
87.697	7.444000
88.05	7.444000
88.05	8.460000
88.404	8.460000
88.404	8.250000
88.758	8.250000
88.758	8.146000
89.112	8.146000
89.112	8.077000
89.466	8.077000
89.466	8.078000
89.82	8.078000
89.82	8.016000
90.174	8.016000
90.174	9.009000
90.528	9.009000
90.528	9.154000
90.881	9.154000
90.881	9.254000
91.235	9.254000
91.235	7.745000
91.588	7.745000
91.588	7.545000
91.942	7.545000
91.942	7.710000
92.295	7.710000
92.295	7.808000
92.649	7.808000
92.649	7.900000
93.003	7.900000
93.003	7.757000
93.357	7.757000
93.357	8.311000
93.711	8.311000
93.711	8.273000
94.065	8.273000
94.065	8.185000
94.419	8.185000
94.419	7.750000
94.773	7.750000
94.773	7.459000
95.127	7.459000
95.127	7.623000
95.481	7.623000
95.481	7.956000
95.835	7.956000
95.835	7.980000
96.189	7.980000
96.189	7.924000
96.543	7.924000
96.543	8.160000
96.897	8.160000
96.897	8.078000
97.251	8.078000
97.251	8.048000
97.604	8.048000
97.604	7.498000
97.958	7.498000
97.958	7.268000
98.312	7.268000
98.312	7.569000
98.666	7.569000
98.666	8.848000
99.019	8.848000
99.019	8.756000
99.373	8.756000
99.373	8.694000
99.727	8.694000
99.727	7.375000
100.081	7.375000
100.081	7.373000
100.434	7.373000
100.434	7.217000
100.788	7.217000
100.788	8.781000
101.142	8.781000
101.142	8.428000
101.496	8.428000
101.496	8.469000
101.85	8.469000
101.85	8.877000
102.203	8.877000
102.203	8.798000
102.557	8.798000
102.557	8.667000
102.911	8.667000
102.911	7.320000
103.265	7.320000
103.265	7.060000
103.619	7.060000
103.619	7.169000
103.972	7.169000
103.972	7.408000
104.326	7.408000
104.326	7.217000
104.68	7.217000
104.68	7.024000
105.033	7.024000
105.033	8.037000
105.386	8.037000
105.386	8.095000
105.74	8.095000
105.74	7.954000
106.094	7.954000
106.094	8.225000
106.448	8.225000
106.448	7.807000
106.802	7.807000
106.802	7.727000
107.156	7.727000
107.156	8.392000
107.51	8.392000
107.51	8.115000
107.864	8.115000
107.864	8.138000
108.216	8.138000
108.216	7.476000
108.569	7.476000
108.569	7.495000
108.923	7.495000
108.923	7.319000
109.276	7.319000
109.276	9.360000
109.63	9.360000
109.63	9.219000
109.984	9.219000
109.984	9.283000
110.338	9.283000
110.338	8.282000
110.692	8.282000
110.692	8.257000
111.045	8.257000
111.045	8.134000
111.399	8.134000
111.399	7.743000
111.753	7.743000
111.753	8.009000
112.107	8.009000
112.107	7.854000
112.461	7.854000
112.461	7.327000
112.815	7.327000
112.815	7.474000
113.169	7.474000
113.169	7.309000
113.522	7.309000
113.522	9.078000
113.876	9.078000
113.876	9.246000
114.228	9.246000
114.228	8.892000
114.582	8.892000
114.582	9.295000
114.936	9.295000
114.936	9.554000
115.29	9.554000
115.29	9.463000
115.644	9.463000
115.644	8.705000
115.998	8.705000
115.998	8.521000
116.353	8.521000
116.353	8.631000
116.708	8.631000
116.708	8.068000
117.061	8.068000
117.061	8.025000
117.415	8.025000
117.415	7.826000
117.767	7.826000
117.767	7.983000
118.121	7.983000
118.121	8.065000
118.475	8.065000
118.475	7.913000
118.829	7.913000
118.829	9.484000
119.183	9.484000
119.183	9.516000
119.537	9.516000
119.537	9.377000
119.891	9.377000
119.891	8.254000
120.245	8.254000
120.245	8.214000
120.598	8.214000
120.598	8.175000
120.952	8.175000
120.952	8.325000
121.305	8.325000
121.305	8.470000
121.659	8.470000
121.659	8.334000
122.013	8.334000
122.013	8.299000
122.367	8.299000
122.367	8.311000
122.721	8.311000
122.721	8.262000
123.074	8.262000
123.074	8.905000
123.428	8.905000
123.428	8.771000
123.782	8.771000
123.782	8.518000
124.136	8.518000
124.136	8.670000
124.489	8.670000
124.489	8.883000
124.843	8.883000
124.843	8.824000
125.197	8.824000
125.197	8.836000
125.551	8.836000
125.551	8.733000
125.905	8.733000
125.905	8.801000
126.259	8.801000
126.259	8.080000
126.613	8.080000
126.613	8.001000
126.967	8.001000
126.967	7.993000
127.321	7.993000
127.321	8.877000
127.675	8.877000
127.675	9.101000
128.029	9.101000
128.029	8.947000
128.383	8.947000
128.383	8.541000
128.737	8.541000
128.737	8.290000
129.091	8.290000
129.091	8.410000
129.445	8.410000
129.445	8.380000
129.8	8.380000
129.8	8.186000
130.155	8.186000
130.155	7.988000
130.51	7.988000
130.51	8.801000
130.864	8.801000
130.864	8.641000
131.218	8.641000
131.218	8.528000
131.572	8.528000
131.572	8.159000
131.926	8.159000
131.926	8.046000
132.28	8.046000
132.28	7.942000
132.634	7.942000
132.634	9.262000
132.988	9.262000
132.988	9.047000
133.342	9.047000
133.342	9.089000
133.695	9.089000
133.695	8.995000
134.049	8.995000
134.049	9.162000
134.403	9.162000
134.403	9.085000
134.757	9.085000
134.757	8.253000
135.111	8.253000
135.111	8.165000
135.465	8.165000
135.465	7.971000
135.819	7.971000
135.819	7.667000
136.172	7.667000
136.172	7.739000
136.526	7.739000
136.526	7.633000
136.879	7.633000
136.879	9.856000
137.233	9.856000
137.233	9.846000
137.587	9.846000
137.587	9.784000
137.941	9.784000
137.941	8.335000
138.295	8.335000
138.295	8.330000
138.648	8.330000
138.648	8.162000
139.002	8.162000
139.002	7.929000
139.356	7.929000
139.356	7.884000
139.71	7.884000
139.71	7.742000
140.064	7.742000
140.064	7.431000
140.418	7.431000
140.418	7.351000
140.772	7.351000
140.772	7.248000
141.126	7.248000
141.126	9.467000
141.48	9.467000
141.48	9.320000
141.833	9.320000
141.833	9.305000
142.187	9.305000
142.187	8.514000
142.541	8.514000
142.541	8.160000
142.895	8.160000
142.895	8.163000
143.249	8.163000
143.249	9.000000
143.603	9.000000
143.603	8.755000
143.956	8.755000
143.956	8.510000
144.31	8.510000
144.31	9.222000
144.664	9.222000
144.664	9.136000
145.018	9.136000
145.018	9.059000
145.372	9.059000
145.372	8.308000
145.725	8.308000
145.725	8.064000
146.079	8.064000
146.079	8.070000
146.433	8.070000
146.433	9.143000
146.787	9.143000
146.787	8.841000
147.141	8.841000
147.141	8.830000
147.495	8.830000
147.495	9.385000
147.848	9.385000
147.848	9.011000
148.202	9.011000
148.202	9.221000
148.556	9.221000
148.556	9.033000
148.91	9.033000
148.91	8.979000
149.264	8.979000
149.264	8.984000
149.618	8.984000
149.618	9.206000
149.972	9.206000
149.972	9.212000
150.326	9.212000
150.326	9.224000
150.68	9.224000
150.68	7.941000
151.034	7.941000
151.034	7.977000
151.388	7.977000
151.388	7.886000
151.742	7.886000
151.742	8.791000
152.096	8.791000
152.096	8.651000
152.45	8.651000
152.45	8.634000
152.804	8.634000
152.804	9.868000
153.157	9.868000
153.157	9.897000
153.51	9.897000
153.51	8.149000
153.864	8.149000
153.864	8.006000
154.218	8.006000
154.218	8.046000
154.572	8.046000
154.572	8.768000
154.926	8.768000
154.926	8.538000
155.28	8.538000
155.28	8.653000
155.634	8.653000
155.634	7.946000
155.988	7.946000
155.988	7.563000
156.342	7.563000
156.342	7.503000
156.696	7.503000
156.696	8.620000
157.05	8.620000
157.05	8.384000
157.404	8.384000
157.404	8.401000
157.758	8.401000
157.758	9.206000
158.112	9.206000
158.112	9.436000
158.466	9.436000
158.466	9.040000
158.819	9.040000
158.819	9.107000
159.173	9.107000
159.173	9.181000
159.526	9.181000
159.526	9.098000
159.879	9.098000
159.879	7.403000
160.232	7.403000
160.232	7.430000
160.586	7.430000
160.586	7.342000
160.94	7.342000
160.94	8.323000
161.294	8.323000
161.294	8.457000
161.648	8.457000
161.648	8.494000
162.002	8.494000
162.002	7.458000
162.356	7.458000
162.356	7.221000
162.71	7.221000
162.71	7.421000
163.063	7.421000
163.063	8.179000
163.417	8.179000
163.417	8.101000
163.771	8.101000
163.771	7.985000
164.124	7.985000
164.124	7.391000
164.479	7.391000
164.479	7.481000
164.833	7.481000
164.833	7.327000
165.188	7.327000
165.188	8.381000
165.542	8.381000
165.542	8.307000
165.896	8.307000
165.896	8.399000
166.249	8.399000
166.249	8.882000
166.603	8.882000
166.603	8.845000
166.957	8.845000
166.957	8.697000
167.311	8.697000
167.311	7.423000
167.665	7.423000
167.665	7.283000
168.019	7.283000
168.019	7.420000
168.373	7.420000
168.373	9.352000
168.727	9.352000
168.727	9.209000
169.081	9.209000
169.081	9.047000
169.435	9.047000
169.435	8.793000
169.788	8.793000
169.788	8.886000
170.142	8.886000
170.142	8.780000
170.496	8.780000
170.496	9.923000
170.85	9.923000
170.85	7.603000
171.204	7.603000
171.204	7.521000
171.558	7.521000
171.558	7.302000
171.912	7.302000
171.912	8.458000
172.266	8.458000
172.266	8.446000
172.62	8.446000
172.62	8.222000
172.974	8.222000
172.974	7.925000
173.328	7.925000
173.328	7.878000
173.682	7.878000
173.682	7.734000
174.036	7.734000
174.036	8.070000
174.39	8.070000
174.39	7.810000
174.744	7.810000
174.744	8.039000
175.098	8.039000
175.098	8.117000
175.452	8.117000
175.452	8.060000
175.806	8.060000
175.806	7.890000
176.16	7.890000
176.16	8.953000
176.514	8.953000
176.514	9.044000
176.868	9.044000
176.868	9.050000
177.222	9.050000
177.222	7.499000
177.576	7.499000
177.576	7.305000
177.93	7.305000
177.93	7.175000
178.284	7.175000
178.284	8.202000
178.638	8.202000
178.638	8.150000
178.992	8.150000
178.992	8.161000
179.346	8.161000
179.346	8.638000
179.7	8.638000
179.7	8.750000
180.054	8.750000
180.054	8.534000
180.408	8.534000
180.408	8.575000
180.72	8.575000
180.72	8.334000
181.033	8.334000
181.033	8.601000
181.346	8.601000
181.346	8.102000
181.7	8.102000
181.7	7.890000
182.054	7.890000
182.054	8.010000
182.408	8.010000
182.408	8.412000
182.762	8.412000
182.762	8.483000
183.116	8.483000
183.116	8.413000
183.47	8.413000
183.47	8.871000
183.782	8.871000
183.782	8.815000
184.095	8.815000
184.095	8.810000
184.407	8.810000
184.407	9.275000
184.761	9.275000
184.761	9.238000
185.115	9.238000
185.115	9.355000
185.469	9.355000
185.469	8.736000
185.823	8.736000
185.823	8.449000
186.177	8.449000
186.177	8.064000
186.53	8.064000
186.53	9.715000
186.884	9.715000
186.884	9.770000
187.238	9.770000
187.238	9.702000
187.591	9.702000
187.591	8.200000
187.944	8.200000
187.944	8.262000
188.298	8.262000
188.298	8.274000
188.652	8.274000
188.652	7.388000
189.006	7.388000
189.006	7.187000
189.36	7.187000
189.36	7.059000
189.714	7.059000
189.714	8.534000
190.068	8.534000
190.068	8.379000
190.422	8.379000
190.422	8.391000
190.775	8.391000
190.775	8.245000
191.128	8.245000
191.128	8.289000
191.482	8.289000
191.482	8.419000
191.836	8.419000
191.836	8.084000
192.19	8.084000
192.19	8.123000
192.544	8.123000
192.544	8.172000
192.898	8.172000
192.898	8.655000
193.252	8.655000
193.252	8.670000
193.606	8.670000
193.606	8.564000
193.96	8.564000
193.96	8.873000
194.313	8.873000
194.313	8.931000
194.667	8.931000
194.667	8.785000
195.021	8.785000
195.021	9.324000
195.375	9.324000
195.375	9.401000
195.728	9.401000
195.728	9.254000
196.082	9.254000
196.082	9.125000
196.436	9.125000
196.436	8.939000
196.79	8.939000
196.79	8.793000
197.144	8.793000
197.144	8.441000
197.498	8.441000
197.498	8.937000
197.852	8.937000
197.852	8.858000
198.206	8.858000
198.206	9.189000
198.56	9.189000
198.56	9.410000
198.913	9.410000
198.913	9.171000
199.267	9.171000
199.267	9.296000
199.621	9.296000
199.621	9.055000
199.975	9.055000
199.975	8.980000
200.328	8.980000
200.328	9.165000
200.682	9.165000
200.682	9.026000
201.036	9.026000
201.036	8.896000
201.39	8.896000
201.39	9.708000
201.744	9.708000
201.744	9.499000
202.098	9.499000
202.098	9.436000
202.452	9.436000
202.452	7.599000
202.806	7.599000
202.806	7.534000
203.158	7.534000
203.158	7.237000
203.512	7.237000
203.512	9.790000
203.865	9.790000
203.865	9.750000
204.219	9.750000
204.219	9.726000
204.573	9.726000
204.573	9.730000
204.927	9.730000
204.927	9.786000
205.281	9.786000
205.281	9.560000
205.635	9.560000
205.635	9.887000
205.989	9.887000
205.989	9.576000
206.343	9.576000
206.343	9.588000
206.696	9.588000
206.696	9.056000
207.048	9.056000
207.048	9.386000
207.402	9.386000
207.402	9.371000
207.756	9.371000
207.756	8.125000
208.11	8.125000
208.11	8.016000
208.464	8.016000
208.464	7.735000
208.818	7.735000
208.818	8.133000
209.172	8.133000
209.172	8.277000
209.526	8.277000
209.526	8.050000
209.88	8.050000
209.88	7.533000
210.234	7.533000
210.234	7.362000
210.588	7.362000
210.588	7.350000
210.942	7.350000
210.942	9.345000
211.295	9.345000
211.295	9.536000
211.649	9.536000
211.649	9.382000
212.003	9.382000
212.003	7.672000
212.357	7.672000
212.357	7.703000
212.71	7.703000
212.71	7.614000
213.064	7.614000
213.064	8.268000
213.418	8.268000
213.418	8.286000
213.771	8.286000
213.771	8.104000
214.125	8.104000
214.125	7.614000
214.478	7.614000
214.478	7.697000
214.832	7.697000
214.832	7.563000
215.186	7.563000
215.186	7.454000
215.54	7.454000
215.54	7.405000
215.893	7.405000
215.893	7.338000
216.247	7.338000
216.247	7.489000
216.601	7.489000
216.601	7.010000
216.955	7.010000
216.955	7.213000
217.307	7.213000
217.307	8.420000
217.661	8.420000
217.661	8.510000
218.015	8.510000
218.015	8.287000
218.369	8.287000
218.369	7.649000
218.723	7.649000
218.723	7.759000
219.077	7.759000
219.077	7.594000
219.431	7.594000
219.431	9.013000
219.785	9.013000
219.785	8.991000
220.139	8.991000
220.139	8.832000
220.493	8.832000
220.493	7.542000
220.847	7.542000
220.847	7.583000
221.201	7.583000
221.201	7.374000
221.555	7.374000
221.555	9.276000
221.909	9.276000
221.909	9.240000
222.263	9.240000
222.263	9.325000
222.615	9.325000
222.615	9.466000
222.969	9.466000
222.969	9.112000
223.323	9.112000
223.323	9.175000
223.677	9.175000
223.677	7.918000
224.031	7.918000
224.031	8.087000
224.385	8.087000
224.385	7.878000
224.739	7.878000
224.739	8.118000
225.093	8.118000
225.093	8.004000
225.447	8.004000
225.447	8.015000
225.8	8.015000
225.8	8.367000
226.154	8.367000
226.154	8.118000
226.508	8.118000
226.508	8.029000
226.862	8.029000
226.862	9.829000
227.216	9.829000
227.216	9.979000
227.57	9.979000
227.57	9.929000
227.924	9.929000
227.924	8.090000
228.278	8.090000
228.278	8.274000
228.632	8.274000
228.632	7.965000
228.986	7.965000
228.986	7.983000
229.34	7.983000
229.34	8.237000
229.694	8.237000
229.694	8.256000
230.048	8.256000
230.048	7.271000
230.402	7.271000
230.402	7.237000
230.756	7.237000
230.756	7.297000
231.11	7.297000
231.11	9.874000
231.464	9.874000
231.464	9.130000
231.818	9.130000
231.818	9.156000
232.172	9.156000
232.172	9.113000
232.526	9.113000
232.526	8.321000
232.88	8.321000
232.88	8.481000
233.234	8.481000
233.234	8.405000
233.588	8.405000
233.588	9.525000
233.942	9.525000
233.942	9.816000
234.296	9.816000
234.296	9.562000
234.65	9.562000
234.65	9.236000
235.004	9.236000
235.004	9.100000
235.358	9.100000
235.358	9.058000
235.711	9.058000
235.711	8.670000
236.065	8.670000
236.065	8.587000
236.419	8.587000
236.419	8.348000
236.772	8.348000
236.772	9.308000
237.126	9.308000
237.126	9.029000
237.479	9.029000
237.479	8.947000
237.833	8.947000
237.833	8.145000
238.187	8.145000
238.187	8.226000
238.541	8.226000
238.541	8.069000
238.895	8.069000
238.895	8.831000
239.249	8.831000
239.249	8.917000
239.603	8.917000
239.603	8.862000
239.957	8.862000
239.957	7.804000
240.311	7.804000
240.311	7.686000
240.665	7.686000
240.665	7.780000
241.019	7.780000
241.019	8.844000
241.373	8.844000
241.373	8.512000
241.727	8.512000
241.727	8.477000
242.08	8.477000
242.08	7.224000
242.433	7.224000
242.433	7.331000
242.787	7.331000
242.787	7.171000
243.141	7.171000
243.141	7.935000
243.495	7.935000
243.495	7.571000
243.849	7.571000
243.849	7.519000
244.203	7.519000
244.203	7.591000
244.557	7.591000
244.557	7.472000
244.911	7.472000
244.911	7.335000
245.265	7.335000
245.265	8.010000
245.619	8.010000
245.619	8.205000
245.973	8.205000
245.973	8.118000
246.327	8.118000
246.327	8.938000
246.681	8.938000
246.681	8.617000
247.035	8.617000
247.035	8.700000
247.388	8.700000
247.388	8.438000
247.742	8.438000
247.742	8.093000
248.096	8.093000
248.096	8.039000
248.449	8.039000
248.449	8.111000
248.802	8.111000
248.802	8.471000
249.156	8.471000
249.156	8.505000
249.51	8.505000
249.51	8.962000
249.864	8.962000
249.864	8.881000
250.218	8.881000
250.218	8.790000
250.572	8.790000
250.572	7.927000
250.926	7.927000
250.926	7.771000
251.28	7.771000
251.28	7.626000
251.634	7.626000
251.634	7.909000
251.988	7.909000
251.988	7.764000
252.341	7.764000
252.341	7.790000
252.695	7.790000
252.695	7.861000
253.048	7.861000
253.048	7.876000
253.402	7.876000
253.402	7.734000
253.756	7.734000
253.756	9.932000
254.11	9.932000
254.11	9.923000
254.464	9.923000
254.464	8.312000
254.818	8.312000
254.818	8.357000
255.172	8.357000
255.172	8.459000
255.526	8.459000
255.526	9.327000
255.88	9.327000
255.88	9.295000
256.234	9.295000
256.234	9.391000
256.588	9.391000
256.588	8.012000
256.942	8.012000
256.942	8.045000
257.295	8.045000
257.295	8.009000
257.648	8.009000
257.648	7.581000
258.002	7.581000
258.002	7.038000
258.356	7.038000
258.356	7.060000
258.71	7.060000
258.71	8.192000
259.063	8.192000
259.063	7.952000
259.417	7.952000
259.417	7.975000
259.771	7.975000
259.771	8.238000
260.125	8.238000
260.125	8.320000
260.479	8.320000
260.479	8.284000
260.833	8.284000
260.833	7.582000
261.187	7.582000
261.187	7.074000
261.541	7.074000
261.541	7.264000
261.893	7.264000
261.893	7.694000
262.247	7.694000
262.247	7.747000
262.601	7.747000
262.601	7.532000
262.954	7.532000
262.954	8.446000
263.308	8.446000
263.308	8.138000
263.662	8.138000
263.662	8.014000
264.016	8.014000
264.016	7.348000
264.369	7.348000
264.369	7.042000
264.723	7.042000
264.723	7.045000
265.077	7.045000
265.077	8.603000
265.431	8.603000
265.431	8.544000
265.785	8.544000
265.785	8.239000
266.139	8.239000
266.139	6.679000
266.493	6.679000
266.493	6.500000
266.847	6.500000
266.847	6.562000
267.201	6.562000
267.201	9.638000
267.555	9.638000
267.555	9.368000
267.908	9.368000
267.908	9.376000
268.261	9.376000
268.261	8.966000
268.614	8.966000
268.614	9.121000
268.968	9.121000
268.968	9.083000
269.322	9.083000
269.322	8.278000
269.676	8.278000
269.676	8.435000
270.03	8.435000
270.03	8.222000
270.384	8.222000
270.384	7.994000
270.738	7.994000
270.738	7.837000
271.092	7.837000
271.092	7.707000
271.446	7.707000
271.446	8.914000
271.8	8.914000
271.8	8.818000
272.154	8.818000
272.154	8.765000
272.507	8.765000
272.507	7.426000
272.86	7.426000
272.86	7.728000
273.214	7.728000
273.214	7.442000
273.568	7.442000
273.568	7.695000
273.922	7.695000
273.922	7.363000
274.276	7.363000
274.276	7.512000
274.63	7.512000
274.63	8.418000
274.984	8.418000
274.984	8.083000
275.338	8.083000
275.338	8.018000
275.692	8.018000
275.692	9.403000
276.046	9.403000
276.046	9.881000
276.399	9.881000
276.399	8.847000
276.752	8.847000
276.752	8.908000
277.104	8.908000
277.104	8.701000
277.458	8.701000
277.458	8.098000
277.812	8.098000
277.812	8.233000
278.165	8.233000
278.165	8.169000
278.519	8.169000
278.519	8.510000
278.872	8.510000
278.872	8.644000
279.226	8.644000
279.226	8.539000
279.58	8.539000
279.58	7.798000
279.935	7.798000
279.935	7.682000
280.29	7.682000
280.29	7.728000
280.644	7.728000
280.644	8.088000
280.998	8.088000
280.998	7.885000
281.352	7.885000
281.352	7.870000
281.706	7.870000
281.706	8.806000
282.06	8.806000
282.06	8.524000
282.414	8.524000
282.414	8.568000
282.767	8.568000
282.767	7.719000
283.121	7.719000
283.121	7.868000
283.475	7.868000
283.475	7.592000
283.829	7.592000
283.829	8.923000
284.182	8.923000
284.182	8.827000
284.536	8.827000
284.536	9.061000
284.89	9.061000
284.89	7.177000
285.244	7.177000
285.244	7.301000
285.598	7.301000
285.598	6.997000
285.952	6.997000
285.952	8.991000
286.306	8.991000
286.306	8.710000
286.66	8.710000
286.66	8.618000
287.014	8.618000
287.014	8.751000
287.368	8.751000
287.368	8.789000
287.721	8.789000
287.721	8.761000
288.075	8.761000
288.075	8.749000
288.429	8.749000
288.429	8.564000
288.783	8.564000
288.783	8.593000
289.137	8.593000
289.137	8.305000
289.49	8.305000
289.49	8.263000
289.844	8.263000
289.844	8.266000
290.198	8.266000
290.198	8.106000
290.552	8.106000
290.552	8.186000
290.906	8.186000
290.906	8.091000
291.26	8.091000
291.26	7.514000
291.613	7.514000
291.613	7.087000
291.967	7.087000
291.967	7.272000
292.321	7.272000
292.321	7.601000
292.675	7.601000
292.675	7.713000
293.029	7.713000
293.029	7.485000
293.383	7.485000
293.383	6.839000
293.737	6.839000
293.737	6.891000
294.09	6.891000
294.09	6.785000
294.444	6.785000
294.444	9.061000
294.798	9.061000
294.798	9.010000
295.152	9.010000
295.152	8.918000
295.506	8.918000
295.506	7.714000
295.86	7.714000
295.86	7.769000
296.214	7.769000
296.214	7.800000
296.566	7.800000
296.566	8.917000
296.92	8.917000
296.92	9.057000
297.274	9.057000
297.274	9.033000
297.628	9.033000
297.628	8.296000
297.982	8.296000
297.982	7.944000
298.336	7.944000
298.336	7.921000
298.69	7.921000
298.69	6.527000
299.044	6.527000
299.044	6.250000
299.397	6.250000
299.397	6.375000
299.751	6.375000
299.751	8.853000
300.064	8.853000
300.064	8.972000
300.377	8.972000
300.377	8.945000
300.69	8.945000
300.69	7.870000
301.044	7.870000
301.044	7.899000
301.398	7.899000
301.398	7.752000
301.75	7.752000
301.75	7.526000
302.097	7.526000
302.097	7.140000
302.444	7.140000
302.444	7.113000
302.791	7.113000
302.791	7.736000
303.145	7.736000
303.145	7.448000
303.499	7.448000
303.499	7.416000
303.853	7.416000
303.853	9.782000
304.207	9.782000
304.207	9.816000
304.561	9.816000
304.561	8.243000
304.874	8.243000
304.874	8.130000
305.187	8.130000
305.187	8.097000
305.5	8.097000
305.5	8.405000
305.854	8.405000
305.854	8.298000
306.208	8.298000
306.208	8.189000
306.562	8.189000
306.562	8.361000
306.915	8.361000
306.915	8.441000
307.269	8.441000
307.269	8.423000
307.623	8.423000
307.623	6.895000
307.977	6.895000
307.977	6.622000
308.331	6.622000
308.331	6.487000
308.685	6.487000
308.685	9.195000
309.039	9.195000
309.039	9.148000
309.393	9.148000
309.393	9.186000
309.747	9.186000
309.747	8.605000
310.101	8.605000
310.101	8.560000
310.455	8.560000
310.455	8.481000
310.809	8.481000
310.809	7.795000
311.163	7.795000
311.163	7.521000
311.517	7.521000
311.517	7.642000
311.87	7.642000
311.87	8.422000
312.226	8.422000
312.226	8.325000
312.582	8.325000
312.582	8.535000
312.938	8.535000
312.938	7.845000
313.292	7.845000
313.292	7.937000
313.646	7.937000
313.646	7.579000
314.0	7.579000
314.0	8.375000
314.354	8.375000
314.354	8.204000
314.708	8.204000
314.708	8.238000
315.062	8.238000
315.062	7.479000
315.416	7.479000
315.416	7.402000
315.77	7.402000
315.77	7.651000
316.124	7.651000
316.124	7.706000
316.478	7.706000
316.478	7.758000
316.832	7.758000
316.832	7.443000
317.186	7.443000
317.186	8.122000
317.54	8.122000
317.54	7.945000
317.894	7.945000
317.894	7.661000
318.248	7.661000
318.248	8.721000
318.602	8.721000
318.602	8.506000
318.956	8.506000
318.956	8.606000
319.31	8.606000
319.31	7.739000
319.664	7.739000
319.664	7.797000
320.018	7.797000
320.018	8.021000
320.372	8.021000
320.372	8.101000
320.726	8.101000
320.726	7.809000
321.08	7.809000
321.08	7.499000
321.434	7.499000
321.434	8.537000
321.787	8.537000
321.787	8.615000
322.141	8.615000
322.141	8.743000
322.495	8.743000
322.495	9.531000
322.849	9.531000
322.849	9.566000
323.203	9.566000
323.203	9.697000
323.557	9.697000
323.557	9.799000
323.91	9.799000
323.91	9.864000
324.263	9.864000
324.263	9.872000
324.617	9.872000
324.617	7.861000
324.97	7.861000
324.97	7.817000
325.324	7.817000
325.324	8.023000
325.678	8.023000
325.678	7.190000
326.032	7.190000
326.032	7.163000
326.387	7.163000
326.387	7.152000
326.742	7.152000
326.742	8.449000
327.096	8.449000
327.096	8.174000
327.45	8.174000
327.45	7.959000
327.804	7.959000
327.804	7.289000
328.158	7.289000
328.158	7.132000
328.512	7.132000
328.512	7.269000
328.866	7.269000
328.866	8.695000
329.22	8.695000
329.22	8.568000
329.574	8.568000
329.574	8.522000
329.928	8.522000
329.928	8.416000
330.282	8.416000
330.282	8.385000
330.636	8.385000
330.636	8.081000
330.99	8.081000
330.99	7.849000
331.344	7.849000
331.344	8.014000
331.698	8.014000
331.698	7.819000
332.052	7.819000
332.052	8.504000
332.405	8.504000
332.405	8.328000
332.759	8.328000
332.759	8.405000
333.113	8.405000
333.113	8.019000
333.467	8.019000
333.467	7.764000
333.82	7.764000
333.82	7.563000
334.174	7.563000
334.174	7.043000
334.528	7.043000
334.528	7.216000
334.882	7.216000
334.882	6.918000
335.236	6.918000
335.236	6.869000
335.59	6.869000
335.59	6.773000
335.944	6.773000
335.944	6.740000
336.297	6.740000
336.297	8.022000
336.651	8.022000
336.651	8.068000
337.005	8.068000
337.005	8.115000
337.359	8.115000
337.359	7.577000
337.712	7.577000
337.712	7.349000
338.066	7.349000
338.066	7.294000
338.42	7.294000
338.42	8.545000
338.774	8.545000
338.774	8.330000
339.128	8.330000
339.128	8.351000
339.479	8.351000
339.479	9.761000
339.833	9.761000
339.833	9.910000
340.185	9.910000
340.185	8.484000
340.539	8.484000
340.539	8.684000
340.893	8.684000
340.893	8.444000
341.245	8.444000
341.245	7.933000
341.599	7.933000
341.599	7.461000
341.953	7.461000
341.953	7.589000
342.307	7.589000
342.307	7.917000
342.662	7.917000
342.662	7.621000
343.017	7.621000
343.017	7.394000
343.372	7.394000
343.372	8.804000
343.725	8.804000
343.725	8.634000
344.079	8.634000
344.079	8.394000
344.433	8.394000
344.433	8.046000
344.787	8.046000
344.787	8.072000
345.14	8.072000
345.14	7.796000
345.494	7.796000
345.494	8.998000
345.848	8.998000
345.848	8.645000
346.202	8.645000
346.202	8.752000
346.556	8.752000
346.556	7.440000
346.91	7.440000
346.91	7.416000
347.264	7.416000
347.264	7.318000
347.618	7.318000
347.618	8.061000
347.972	8.061000
347.972	7.899000
348.326	7.899000
348.326	8.074000
348.678	8.074000
348.678	9.900000
349.032	9.900000
349.032	9.897000
349.386	9.897000
349.386	7.997000
349.74	7.997000
349.74	8.091000
350.094	8.091000
350.094	8.109000
350.448	8.109000
350.448	7.993000
350.802	7.993000
350.802	8.187000
351.155	8.187000
351.155	8.122000
351.509	8.122000
351.509	9.834000
351.863	9.834000
351.863	9.862000
352.214	9.862000
352.214	9.747000
352.568	9.747000
352.568	8.933000
352.921	8.933000
352.921	8.920000
353.275	8.920000
353.275	8.799000
353.629	8.799000
353.629	8.496000
353.983	8.496000
353.983	8.430000
354.337	8.430000
354.337	8.070000
354.691	8.070000
354.691	9.177000
355.045	9.177000
355.045	8.862000
355.399	8.862000
355.399	8.843000
355.753	8.843000
355.753	8.282000
356.106	8.282000
356.106	8.477000
356.46	8.477000
356.46	8.398000
356.814	8.398000
356.814	9.425000
357.168	9.425000
357.168	9.473000
357.521	9.473000
357.521	9.208000
357.875	9.208000
357.875	8.497000
358.229	8.497000
358.229	8.265000
358.583	8.265000
358.583	8.237000
358.936	8.237000
358.936	8.022000
359.289	8.022000
359.289	8.087000
359.642	8.087000
359.642	7.788000
359.995	7.788000
359.995	6.980000
360.348	6.980000
360.348	7.177000
360.701	7.177000
360.701	7.136000
361.054	7.136000
361.054	8.362000
361.408	8.362000
361.408	8.306000
361.762	8.306000
361.762	8.234000
362.116	8.234000
362.116	7.353000
362.47	7.353000
362.47	7.471000
362.824	7.471000
362.824	7.243000
363.178	7.243000
363.178	8.245000
363.53	8.245000
363.53	8.493000
363.883	8.493000
363.883	8.224000
364.236	8.224000
364.236	7.929000
364.59	7.929000
364.59	7.795000
364.944	7.795000
364.944	7.652000
365.298	7.652000
365.298	9.399000
365.652	9.399000
365.652	9.309000
366.006	9.309000
366.006	9.301000
366.36	9.301000
366.36	8.969000
366.714	8.969000
366.714	8.942000
367.068	8.942000
367.068	9.019000
367.422	9.019000
367.422	8.312000
367.776	8.312000
367.776	8.205000
368.13	8.205000
368.13	8.232000
368.484	8.232000
368.484	9.666000
368.838	9.666000
368.838	9.554000
369.192	9.554000
369.192	9.546000
369.546	9.546000
369.546	7.726000
369.9	7.726000
369.9	7.779000
370.254	7.779000
370.254	7.747000
370.608	7.747000
370.608	7.800000
370.962	7.800000
370.962	7.701000
371.316	7.701000
371.316	7.730000
371.67	7.730000
371.67	8.877000
372.024	8.877000
372.024	8.749000
372.378	8.749000
372.378	8.794000
372.732	8.794000
372.732	8.118000
373.085	8.118000
373.085	8.051000
373.438	8.051000
373.438	8.032000
373.791	8.032000
373.791	9.994000
374.144	9.994000
374.144	8.270000
374.497	8.270000
374.497	8.061000
374.85	8.061000
374.85	8.080000
375.203	8.080000
375.203	8.694000
375.556	8.694000
375.556	8.718000
375.91	8.718000
375.91	8.701000
376.264	8.701000
376.264	8.491000
376.618	8.491000
376.618	8.368000
376.972	8.368000
376.972	8.269000
377.326	8.269000
377.326	8.878000
377.68	8.878000
377.68	8.998000
378.034	8.998000
378.034	8.820000
378.388	8.820000
378.388	9.312000
378.742	9.312000
378.742	9.063000
379.096	9.063000
379.096	9.239000
379.45	9.239000
379.45	8.302000
379.804	8.302000
379.804	8.328000
380.158	8.328000
380.158	8.640000
380.512	8.640000
380.512	8.057000
380.866	8.057000
380.866	8.160000
381.22	8.160000
381.22	8.429000
381.574	8.429000
381.574	8.249000
381.928	8.249000
381.928	8.159000
382.282	8.159000
382.282	8.283000
382.632	8.283000
382.632	9.552000
382.986	9.552000
382.986	9.541000
383.34	9.541000
383.34	9.554000
383.694	9.554000
383.694	8.672000
384.047	8.672000
384.047	8.501000
384.401	8.501000
384.401	8.565000
384.755	8.565000
384.755	9.719000
385.109	9.719000
385.109	9.657000
385.463	9.657000
385.463	9.693000
385.817	9.693000
385.817	7.461000
386.171	7.461000
386.171	7.340000
386.524	7.340000
386.524	6.876000
386.877	6.876000
386.877	7.264000
387.231	7.264000
387.231	7.446000
387.585	7.446000
387.585	7.279000
387.939	7.279000
387.939	7.771000
388.293	7.771000
388.293	7.988000
388.646	7.988000
388.646	7.846000
389.0	7.846000
389.0	8.138000
389.354	8.138000
389.354	7.755000
389.708	7.755000
389.708	7.765000
390.062	7.765000
390.062	8.448000
390.415	8.448000
390.415	8.509000
390.769	8.509000
390.769	8.485000
391.123	8.485000
391.123	8.354000
391.477	8.354000
391.477	8.137000
391.831	8.137000
391.831	8.022000
392.183	8.022000
392.183	8.409000
392.537	8.409000
392.537	8.480000
392.891	8.480000
392.891	8.457000
393.244	8.457000
393.244	9.278000
393.599	9.278000
393.599	9.119000
393.954	9.119000
393.954	9.330000
394.309	9.330000
394.309	9.522000
394.664	9.522000
394.664	9.569000
395.019	9.569000
395.019	9.461000
395.374	9.461000
395.374	8.086000
395.729	8.086000
395.729	8.029000
396.084	8.029000
396.084	7.984000
396.438	7.984000
396.438	7.793000
396.793	7.793000
396.793	8.021000
397.148	8.021000
397.148	7.970000
397.503	7.970000
397.503	8.208000
397.858	8.208000
397.858	8.110000
398.213	8.110000
398.213	8.212000
398.568	8.212000
398.568	7.695000
398.923	7.695000
398.923	7.681000
399.278	7.681000
399.278	7.655000
399.633	7.655000
399.633	8.201000
399.988	8.201000
399.988	8.178000
400.343	8.178000
400.343	8.156000
400.698	8.156000
400.698	8.004000
401.053	8.004000
401.053	7.914000
401.408	7.914000
401.408	8.146000
401.762	8.146000
401.762	9.387000
402.116	9.387000
402.116	9.388000
402.47	9.388000
402.47	9.081000
402.824	9.081000
402.824	7.701000
403.178	7.701000
403.178	7.908000
403.532	7.908000
403.532	7.899000
403.886	7.899000
403.886	8.207000
404.24	8.207000
404.24	8.153000
404.594	8.153000
404.594	8.096000
404.948	8.096000
404.948	7.889000
405.302	7.889000
405.302	8.034000
405.656	8.034000
405.656	7.879000
406.009	7.879000
406.009	8.249000
406.362	8.249000
406.362	8.414000
406.715	8.414000
406.715	8.514000
407.068	8.514000
407.068	9.914000
407.422	9.914000
407.422	9.961000
407.775	9.961000
407.775	9.852000
408.129	9.852000
408.129	7.548000
408.483	7.548000
408.483	7.680000
408.837	7.680000
408.837	7.627000
409.19	7.627000
409.19	7.816000
409.543	7.816000
409.543	7.634000
409.896	7.634000
409.896	7.633000
410.249	7.633000
410.249	7.664000
410.603	7.664000
410.603	7.883000
410.956	7.883000
410.956	7.913000
411.31	7.913000
411.31	7.944000
411.664	7.944000
411.664	7.887000
412.017	7.887000
412.017	8.074000
412.371	8.074000
412.371	7.710000
412.725	7.710000
412.725	7.973000
413.079	7.973000
413.079	7.797000
413.432	7.797000
413.432	9.631000
413.786	9.631000
413.786	9.605000
414.14	9.605000
414.14	9.803000
414.494	9.803000
414.494	8.002000
414.848	8.002000
414.848	7.868000
415.202	7.868000
415.202	7.815000
415.556	7.815000
415.556	9.069000
415.91	9.069000
415.91	9.289000
416.264	9.289000
416.264	9.335000
416.618	9.335000
416.618	8.393000
416.972	8.393000
416.972	8.384000
417.326	8.384000
417.326	8.459000
417.679	8.459000
417.679	7.165000
418.033	7.165000
418.033	7.170000
418.386	7.170000
418.386	7.228000
418.74	7.228000
418.74	6.954000
419.093	6.954000
419.093	6.830000
419.446	6.830000
419.446	6.904000
419.799	6.904000
419.799	7.210000
420.153	7.210000
420.153	7.236000
420.506	7.236000
420.506	7.103000
420.86	7.103000
420.86	7.964000
421.214	7.964000
421.214	7.956000
421.568	7.956000
421.568	7.879000
421.922	7.879000
421.922	8.291000
422.274	8.291000
422.274	8.233000
422.628	8.233000
422.628	8.350000
422.982	8.350000
422.982	8.352000
423.295	8.352000
423.295	8.237000
423.608	8.237000
423.608	8.370000
423.921	8.370000
423.921	9.128000
424.25	9.128000
424.25	8.923000
424.578	8.923000
424.578	8.867000
424.906	8.867000
424.906	8.426000
425.26	8.426000
425.26	8.405000
425.614	8.405000
425.614	8.384000
425.968	8.384000
425.968	8.297000
426.322	8.297000
426.322	8.439000
426.674	8.439000
426.674	8.350000
427.028	8.350000
427.028	8.510000
427.341	8.510000
427.341	8.677000
427.654	8.677000
427.654	8.536000
427.967	8.536000
427.967	8.712000
428.319	8.712000
428.319	8.730000
428.672	8.730000
428.672	8.836000
429.025	8.836000
429.025	8.102000
429.379	8.102000
429.379	8.090000
429.732	8.090000
429.732	7.837000
430.086	7.837000
430.086	8.157000
430.398	8.157000
430.398	8.032000
430.71	8.032000
430.71	8.062000
431.022	8.062000
431.022	8.792000
431.375	8.792000
431.375	9.149000
431.728	9.149000
431.728	9.286000
432.081	9.286000
432.081	9.344000
432.435	9.344000
432.435	9.342000
432.787	9.342000
432.787	9.578000
433.141	9.578000
433.141	8.503000
433.495	8.503000
433.495	8.197000
433.849	8.197000
433.849	7.904000
434.203	7.904000
434.203	7.303000
434.555	7.303000
434.555	7.194000
434.908	7.194000
434.908	7.214000
435.261	7.214000
435.261	8.243000
435.615	8.243000
435.615	8.379000
435.968	8.379000
435.968	8.556000
436.321	8.556000
436.321	9.473000
436.675	9.473000
436.675	9.389000
437.029	9.389000
437.029	9.350000
437.383	9.350000
437.383	8.043000
437.737	8.043000
437.737	7.927000
438.09	7.927000
438.09	8.039000
438.444	8.039000
438.444	7.964000
438.798	7.964000
438.798	8.024000
439.152	8.024000
439.152	8.036000
439.505	8.036000
439.505	7.619000
439.859	7.619000
439.859	7.573000
440.213	7.573000
440.213	7.611000
440.567	7.611000
440.567	9.600000
440.921	9.600000
440.921	9.527000
441.275	9.527000
441.275	9.428000
441.628	9.428000
441.628	8.894000
441.982	8.894000
441.982	9.153000
442.336	9.153000
442.336	8.994000
442.69	8.994000
442.69	7.376000
443.044	7.376000
443.044	7.613000
443.398	7.613000
443.398	7.787000
443.752	7.787000
443.752	8.485000
444.106	8.485000
444.106	8.611000
444.459	8.611000
444.459	8.701000
444.811	8.701000
444.811	8.417000
445.165	8.417000
445.165	8.656000
445.519	8.656000
445.519	8.546000
445.872	8.546000
445.872	7.726000
446.226	7.726000
446.226	7.786000
446.58	7.786000
446.58	7.797000
446.934	7.797000
446.934	9.396000
447.285	9.396000
447.285	9.608000
447.635	9.608000
447.635	9.719000
447.986	9.719000
447.986	7.697000
448.34	7.697000
448.34	7.871000
448.694	7.871000
448.694	7.834000
449.047	7.834000
449.047	8.328000
449.401	8.328000
449.401	8.194000
449.754	8.194000
449.754	8.197000
450.107	8.197000
450.107	7.388000
450.461	7.388000
450.461	7.574000
450.815	7.574000
450.815	7.411000
451.169	7.411000
451.169	8.627000
451.523	8.627000
451.523	8.592000
451.877	8.592000
451.877	8.459000
452.231	8.459000
452.231	8.604000
452.585	8.604000
452.585	8.592000
452.939	8.592000
452.939	8.550000
453.293	8.550000
453.293	8.333000
453.644	8.333000
453.644	8.340000
453.997	8.340000
453.997	8.310000
454.35	8.310000
454.35	8.183000
454.704	8.183000
454.704	8.068000
455.058	8.068000
455.058	8.166000
455.411	8.166000
455.411	8.652000
455.765	8.652000
455.765	8.579000
456.119	8.579000
456.119	8.540000
456.473	8.540000
456.473	7.818000
456.825	7.818000
456.825	7.814000
457.178	7.814000
457.178	7.759000
457.53	7.759000
457.53	9.392000
457.884	9.392000
457.884	9.189000
458.237	9.189000
458.237	9.361000
458.591	9.361000
458.591	8.561000
458.945	8.561000
458.945	8.768000
459.299	8.768000
459.299	8.525000
459.651	8.525000
459.651	8.905000
460.005	8.905000
460.005	8.866000
460.359	8.866000
460.359	8.951000
460.713	8.951000
460.713	7.973000
461.067	7.973000
461.067	7.993000
461.421	7.993000
461.421	8.041000
461.775	8.041000
461.775	8.207000
462.128	8.207000
462.128	8.067000
462.481	8.067000
462.481	8.097000
462.833	8.097000
462.833	7.751000
463.187	7.751000
463.187	7.845000
463.541	7.845000
463.541	7.942000
463.895	7.942000
463.895	7.524000
464.248	7.524000
464.248	7.567000
464.601	7.567000
464.601	7.430000
464.954	7.430000
464.954	9.220000
465.267	9.220000
465.267	9.218000
465.58	9.218000
465.58	9.352000
465.893	9.352000
465.893	9.435000
466.247	9.435000
466.247	9.862000
466.601	9.862000
466.601	8.955000
466.955	8.955000
466.955	9.154000
467.309	9.154000
467.309	9.192000
467.662	9.192000
467.662	7.751000
468.016	7.751000
468.016	7.777000
468.37	7.777000
468.37	7.918000
468.723	7.918000
468.723	7.489000
469.076	7.489000
469.076	7.326000
469.429	7.326000
469.429	7.105000
469.782	7.105000
469.782	9.328000
470.136	9.328000
470.136	9.250000
470.49	9.250000
470.49	9.166000
470.843	9.166000
470.843	8.814000
471.197	8.814000
471.197	8.788000
471.551	8.788000
471.551	8.745000
471.904	8.745000
471.904	7.351000
472.257	7.351000
472.257	7.383000
472.61	7.383000
472.61	7.331000
472.963	7.331000
472.963	7.695000
473.317	7.695000
473.317	7.948000
473.67	7.948000
473.67	7.823000
474.024	7.823000
474.024	9.192000
474.378	9.192000
474.378	9.310000
474.732	9.310000
474.732	9.299000
475.086	9.299000
475.086	8.189000
475.44	8.189000
475.44	8.122000
475.793	8.122000
475.793	8.228000
476.147	8.228000
476.147	9.154000
476.501	9.154000
476.501	9.240000
476.855	9.240000
476.855	8.699000
477.209	8.699000
477.209	9.215000
477.562	9.215000
477.562	9.300000
477.916	9.300000
477.916	9.138000
478.27	9.138000
478.27	7.754000
478.624	7.754000
478.624	7.906000
478.978	7.906000
478.978	7.834000
479.331	7.834000
479.331	7.625000
479.685	7.625000
479.685	7.928000
480.039	7.928000
480.039	7.930000
480.393	7.930000
480.393	9.281000
480.747	9.281000
480.747	9.288000
481.101	9.288000
481.101	9.083000
481.455	9.083000
481.455	8.156000
481.809	8.156000
481.809	8.437000
482.163	8.437000
482.163	8.350000
482.517	8.350000
482.517	8.309000
482.871	8.309000
482.871	7.869000
483.225	7.869000
483.225	7.724000
483.579	7.724000
483.579	9.943000
483.933	9.943000
483.933	0.000000
483.933	0.000000
483.933	0.000000
483.933	0.000000
483.933	0.000000
483.933	0.000000
483.933	0.000000
483.933	0.000000
483.933	0.000000
483.933	0.000000
483.933	0.000000
483.933	0.000000
483.933	7.953000
484.286	7.953000
484.286	7.802000
484.639	7.802000
484.639	8.026000
484.992	8.026000
484.992	7.397000
485.345	7.397000
485.345	7.245000
485.698	7.245000
485.698	7.290000
486.051	7.290000
486.051	6.992000
486.405	6.992000
486.405	7.229000
486.759	7.229000
486.759	7.139000
487.113	7.139000
487.113	8.760000
487.467	8.760000
487.467	8.568000
487.821	8.568000
487.821	8.335000
488.175	8.335000
488.175	7.300000
488.529	7.300000
488.529	7.341000
488.883	7.341000
488.883	7.289000
489.237	7.289000
489.237	8.205000
489.591	8.205000
489.591	7.977000
489.944	7.977000
489.944	7.860000
490.297	7.860000
490.297	9.176000
490.651	9.176000
490.651	8.872000
491.005	8.872000
491.005	8.955000
491.359	8.955000
491.359	8.509000
491.712	8.509000
491.712	8.939000
492.065	8.939000
492.065	8.970000
492.418	8.970000
492.418	9.000000
492.772	9.000000
492.772	9.185000
493.125	9.185000
493.125	8.924000
493.479	8.924000
493.479	7.743000
493.833	7.743000
493.833	7.697000
494.187	7.697000
494.187	7.791000
494.541	7.791000
494.541	8.517000
494.893	8.517000
494.893	8.690000
495.246	8.690000
495.246	8.591000
495.599	8.591000
495.599	7.587000
495.953	7.587000
495.953	7.584000
496.307	7.584000
496.307	7.513000
496.661	7.513000
496.661	8.143000
497.015	8.143000
497.015	8.108000
497.369	8.108000
497.369	7.931000
497.723	7.931000
497.723	8.419000
498.077	8.419000
498.077	8.329000
498.431	8.329000
498.431	8.368000
498.785	8.368000
498.785	9.499000
499.139	9.499000
499.139	9.595000
499.493	9.595000
499.493	9.614000
499.847	9.614000
499.847	8.992000
500.201	8.992000
500.201	9.000000
500.555	9.000000
500.555	8.936000
500.909	8.936000
500.909	9.208000
501.263	9.208000
501.263	8.994000
501.617	8.994000
501.617	9.203000
501.971	9.203000
501.971	7.722000
502.325	7.722000
502.325	7.841000
502.678	7.841000
502.678	7.956000
503.032	7.956000
503.032	8.373000
503.386	8.373000
503.386	8.670000
503.74	8.670000
503.74	8.673000
504.094	8.673000
504.094	7.251000
504.448	7.251000
504.448	7.231000
504.802	7.231000
504.802	7.233000
505.156	7.233000
505.156	8.639000
505.509	8.639000
505.509	8.731000
505.861	8.731000
505.861	8.811000
506.214	8.811000
506.214	7.730000
506.568	7.730000
506.568	7.730000
506.922	7.730000
506.922	7.647000
507.276	7.647000
507.276	7.389000
507.63	7.389000
507.63	7.635000
507.984	7.635000
507.984	7.437000
508.338	7.437000
508.338	9.315000
508.692	9.315000
508.692	9.521000
509.046	9.521000
509.046	9.135000
509.4	9.135000
509.4	7.803000
509.754	7.803000
509.754	7.591000
510.108	7.591000
510.108	7.654000
510.462	7.654000
510.462	9.680000
510.816	9.680000
510.816	9.752000
511.169	9.752000
511.169	9.564000
511.523	9.564000
511.523	9.296000
511.877	9.296000
511.877	9.095000
512.231	9.095000
512.231	9.159000
512.585	9.159000
512.585	7.358000
512.938	7.358000
512.938	7.272000
513.291	7.272000
513.291	7.247000
513.644	7.247000
513.644	9.183000
513.997	9.183000
513.997	9.088000
514.35	9.088000
514.35	9.273000
514.703	9.273000
514.703	9.706000
515.056	9.706000
515.056	9.847000
515.409	9.847000
515.409	9.759000
515.762	9.759000
515.762	9.005000
516.116	9.005000
516.116	8.656000
516.47	8.656000
516.47	8.773000
516.824	8.773000
516.824	6.972000
517.177	6.972000
517.177	7.010000
517.53	7.010000
517.53	7.060000
517.884	7.060000
517.884	8.793000
518.238	8.793000
518.238	8.865000
518.591	8.865000
518.591	8.603000
518.945	8.603000
518.945	8.330000
519.299	8.330000
519.299	8.436000
519.653	8.436000
519.653	8.334000
520.006	8.334000
520.006	7.659000
520.359	7.659000
520.359	7.305000
520.712	7.305000
520.712	7.384000
521.065	7.384000
521.065	7.763000
521.419	7.763000
521.419	7.811000
521.773	7.811000
521.773	7.630000
522.127	7.630000
522.127	9.770000
522.481	9.770000
522.481	9.477000
522.835	9.477000
522.835	9.693000
523.189	9.693000
523.189	9.335000
523.543	9.335000
523.543	9.255000
523.897	9.255000
523.897	9.355000
524.251	9.355000
524.251	9.792000
524.605	9.792000
524.605	9.969000
524.959	9.969000
524.959	9.693000
525.312	9.693000
525.312	7.731000
525.666	7.731000
525.666	7.646000
526.02	7.646000
526.02	7.709000
526.374	7.709000
526.374	8.308000
526.727	8.308000
526.727	8.444000
527.081	8.444000
527.081	8.694000
527.435	8.694000
527.435	7.486000
527.789	7.486000
527.789	7.401000
528.143	7.401000
528.143	7.484000
528.497	7.484000
528.497	7.879000
528.851	7.879000
528.851	7.800000
529.205	7.800000
529.205	7.936000
529.559	7.936000
529.559	9.198000
529.912	9.198000
529.912	9.164000
530.265	9.164000
530.265	9.241000
530.618	9.241000
530.618	8.573000
530.972	8.573000
530.972	8.420000
531.326	8.420000
531.326	8.430000
531.68	8.430000
531.68	8.652000
532.034	8.652000
532.034	8.259000
532.388	8.259000
532.388	8.271000
532.742	8.271000
532.742	7.730000
533.094	7.730000
533.094	7.453000
533.447	7.453000
533.447	7.417000
533.8	7.417000
533.8	8.944000
534.154	8.944000
534.154	8.800000
534.508	8.800000
534.508	8.751000
534.862	8.751000
534.862	8.640000
535.216	8.640000
535.216	8.654000
535.57	8.654000
535.57	8.589000
535.924	8.589000
535.924	8.834000
536.278	8.834000
536.278	8.911000
536.632	8.911000
536.632	8.982000
536.986	8.982000
536.986	9.958000
537.34	9.958000
537.34	9.978000
537.694	9.978000
537.694	9.761000
538.047	9.761000
538.047	7.486000
538.401	7.486000
538.401	7.436000
538.755	7.436000
538.755	7.488000
539.109	7.488000
539.109	7.358000
539.463	7.358000
539.463	7.349000
539.817	7.349000
539.817	7.258000
540.171	7.258000
540.171	7.950000
540.525	7.950000
540.525	8.030000
540.879	8.030000
540.879	7.971000
541.232	7.971000
541.232	8.023000
541.586	8.023000
541.586	7.965000
541.94	7.965000
541.94	8.032000
542.294	8.032000
542.294	7.519000
542.648	7.519000
542.648	7.582000
543.0	7.582000
543.0	7.624000
543.354	7.624000
543.354	8.751000
543.708	8.751000
543.708	8.541000
544.062	8.541000
544.062	8.545000
544.416	8.545000
544.416	7.347000
544.769	7.347000
544.769	7.420000
545.122	7.420000
545.122	7.299000
545.475	7.299000
545.475	7.938000
545.829	7.938000
545.829	8.025000
546.183	8.025000
546.183	7.739000
546.537	7.739000
546.537	8.817000
546.891	8.817000
546.891	8.476000
547.245	8.476000
547.245	8.669000
547.599	8.669000
547.599	7.783000
547.953	7.783000
547.953	7.739000
548.306	7.739000
548.306	7.693000
548.66	7.693000
548.66	7.053000
549.014	7.053000
549.014	6.669000
549.368	6.669000
549.368	6.875000
549.722	6.875000
549.722	9.257000
550.035	9.257000
550.035	9.440000
550.348	9.440000
550.348	9.194000
550.661	9.194000
