0.0	7.960000
0.317	7.960000
0.317	7.695000
0.634	7.695000
0.634	8.782000
0.951	8.782000
0.951	8.609000
1.268	8.609000
1.268	9.520000
1.585	9.520000
1.585	9.228000
1.902	9.228000
1.902	8.141000
2.218	8.141000
2.218	8.205000
2.533	8.205000
2.533	9.303000
2.849	9.303000
2.849	9.158000
3.166	9.158000
3.166	8.855000
3.483	8.855000
3.483	8.332000
3.8	8.332000
3.8	8.940000
4.117	8.940000
4.117	8.344000
4.434	8.344000
4.434	7.930000
4.751	7.930000
4.751	7.924000
5.068	7.924000
5.068	8.742000
5.385	8.742000
5.385	9.004000
5.702	9.004000
5.702	8.970000
6.019	8.970000
6.019	8.849000
6.336	8.849000
6.336	8.396000
6.653	8.396000
6.653	8.539000
6.97	8.539000
6.97	8.480000
7.287	8.480000
7.287	8.826000
7.604	8.826000
7.604	8.321000
7.92	8.321000
7.92	8.513000
8.236	8.513000
8.236	8.732000
8.553	8.732000
8.553	8.554000
8.87	8.554000
8.87	8.127000
9.187	8.127000
9.187	8.031000
9.504	8.031000
9.504	8.440000
9.821	8.440000
9.821	8.231000
10.138	8.231000
10.138	8.576000
10.455	8.576000
10.455	8.445000
10.772	8.445000
10.772	8.331000
11.088	8.331000
11.088	7.973000
11.405	7.973000
11.405	8.222000
11.721	8.222000
11.721	7.703000
12.038	7.703000
12.038	9.147000
12.355	9.147000
12.355	9.080000
12.672	9.080000
12.672	8.735000
12.988	8.735000
12.988	8.565000
13.305	8.565000
13.305	8.456000
13.622	8.456000
13.622	8.038000
13.939	8.038000
13.939	9.179000
14.256	9.179000
14.256	9.170000
14.573	9.170000
14.573	8.969000
14.89	8.969000
14.89	8.620000
15.207	8.620000
15.207	8.441000
15.524	8.441000
15.524	7.009000
15.841	7.009000
15.841	6.891000
16.158	6.891000
16.158	7.190000
16.474	7.190000
16.474	7.297000
16.79	7.297000
16.79	6.943000
17.106	6.943000
17.106	6.447000
17.422	6.447000
17.422	7.577000
17.739	7.577000
17.739	8.026000
18.056	8.026000
18.056	7.057000
18.373	7.057000
18.373	7.045000
18.69	7.045000
18.69	8.727000
19.007	8.727000
19.007	8.468000
19.324	8.468000
19.324	7.912000
19.641	7.912000
19.641	7.883000
19.958	7.883000
19.958	8.471000
20.275	8.471000
20.275	9.010000
20.592	9.010000
20.592	7.895000
20.909	7.895000
20.909	8.332000
21.226	8.332000
21.226	8.423000
21.543	8.423000
21.543	7.811000
21.86	7.811000
21.86	9.123000
22.176	9.123000
22.176	9.021000
22.492	9.021000
22.492	8.546000
22.809	8.546000
22.809	8.406000
23.126	8.406000
23.126	7.512000
23.443	7.512000
23.443	7.886000
23.759	7.886000
23.759	8.096000
24.076	8.096000
24.076	8.210000
24.392	8.210000
24.392	8.349000
24.709	8.349000
24.709	8.398000
25.026	8.398000
25.026	8.999000
25.343	8.999000
25.343	8.888000
25.66	8.888000
25.66	8.352000
25.977	8.352000
25.977	8.316000
26.293	8.316000
26.293	6.844000
26.61	6.844000
26.61	6.624000
26.927	6.624000
26.927	8.639000
27.244	8.639000
27.244	8.739000
27.561	8.739000
27.561	8.758000
27.879	8.758000
27.879	8.539000
28.197	8.539000
28.197	6.639000
28.514	6.639000
28.514	6.689000
28.83	6.689000
28.83	7.822000
29.147	7.822000
29.147	7.471000
29.464	7.471000
29.464	7.700000
29.781	7.700000
29.781	7.532000
30.097	7.532000
30.097	8.839000
30.414	8.839000
30.414	8.483000
30.731	8.483000
30.731	8.307000
31.048	8.307000
31.048	8.982000
31.365	8.982000
31.365	9.021000
31.682	9.021000
31.682	8.536000
31.999	8.536000
31.999	8.322000
32.315	8.322000
32.315	7.869000
32.632	7.869000
32.632	9.033000
32.949	9.033000
32.949	8.768000
33.266	8.768000
33.266	8.975000
33.583	8.975000
33.583	8.831000
33.9	8.831000
33.9	8.787000
34.217	8.787000
34.217	8.701000
34.534	8.701000
34.534	6.890000
34.851	6.890000
34.851	7.842000
35.168	7.842000
35.168	8.559000
35.485	8.559000
35.485	9.037000
35.802	9.037000
35.802	8.233000
36.119	8.233000
36.119	8.517000
36.436	8.517000
36.436	7.297000
36.753	7.297000
36.753	7.026000
37.07	7.026000
37.07	7.870000
37.387	7.870000
37.387	7.770000
37.703	7.770000
37.703	7.346000
38.02	7.346000
38.02	7.803000
38.336	7.803000
38.336	8.333000
38.653	8.333000
38.653	8.234000
38.97	8.234000
38.97	8.354000
39.287	8.354000
39.287	8.260000
39.604	8.260000
39.604	8.044000
39.921	8.044000
39.921	7.508000
40.238	7.508000
40.238	9.374000
40.555	9.374000
40.555	9.262000
40.872	9.262000
40.872	7.938000
41.189	7.938000
41.189	8.455000
41.506	8.455000
41.506	9.105000
41.823	9.105000
41.823	8.808000
42.14	8.808000
42.14	8.522000
42.457	8.522000
42.457	8.391000
42.773	8.391000
42.773	9.355000
43.09	9.355000
43.09	9.114000
43.407	9.114000
43.407	8.746000
43.724	8.746000
43.724	8.728000
44.041	8.728000
44.041	7.544000
44.358	7.544000
44.358	7.766000
44.674	7.766000
44.674	8.424000
44.991	8.424000
44.991	8.266000
45.308	8.266000
45.308	7.677000
45.624	7.677000
45.624	7.654000
45.941	7.654000
45.941	8.837000
46.258	8.837000
46.258	8.789000
46.575	8.789000
46.575	8.842000
46.892	8.842000
46.892	8.064000
47.209	8.064000
47.209	8.566000
47.526	8.566000
47.526	8.523000
47.843	8.523000
47.843	7.639000
48.16	7.639000
48.16	7.205000
48.477	7.205000
48.477	7.929000
48.794	7.929000
48.794	7.805000
49.111	7.805000
49.111	8.161000
49.428	8.161000
49.428	8.456000
49.745	8.456000
49.745	8.318000
50.062	8.318000
50.062	8.087000
50.379	8.087000
50.379	8.538000
50.696	8.538000
50.696	8.630000
51.013	8.630000
51.013	6.182000
51.329	6.182000
51.329	5.916000
51.645	5.916000
51.645	7.518000
51.962	7.518000
51.962	7.156000
52.279	7.156000
52.279	6.513000
52.596	6.513000
52.596	6.489000
52.913	6.489000
52.913	7.246000
53.23	7.246000
53.23	8.037000
53.547	8.037000
53.547	8.700000
53.864	8.700000
53.864	8.762000
54.181	8.762000
54.181	7.016000
54.498	7.016000
54.498	7.008000
54.815	7.008000
54.815	7.198000
55.132	7.198000
55.132	7.232000
55.447	7.232000
55.447	6.936000
55.764	6.936000
55.764	6.501000
56.08	6.501000
56.08	8.304000
56.397	8.304000
56.397	8.179000
56.714	8.179000
56.714	7.860000
57.031	7.860000
57.031	8.045000
57.348	8.045000
57.348	8.830000
57.665	8.830000
57.665	8.757000
57.982	8.757000
57.982	8.637000
58.299	8.637000
58.299	8.359000
58.615	8.359000
58.615	9.465000
58.967	9.465000
58.967	7.521000
59.284	7.521000
59.284	7.617000
59.6	7.617000
59.6	8.810000
59.917	8.810000
59.917	8.705000
60.234	8.705000
60.234	7.875000
60.548	7.875000
60.548	7.840000
60.864	7.840000
60.864	8.831000
61.181	8.831000
61.181	8.566000
61.498	8.566000
61.498	8.916000
61.815	8.916000
61.815	8.376000
62.132	8.376000
62.132	8.825000
62.449	8.825000
62.449	9.391000
62.766	9.391000
62.766	8.006000
63.083	8.006000
63.083	8.185000
63.4	8.185000
63.4	8.393000
63.717	8.393000
63.717	8.854000
64.034	8.854000
64.034	8.347000
64.351	8.347000
64.351	7.938000
64.668	7.938000
64.668	8.582000
64.985	8.582000
64.985	8.729000
65.302	8.729000
65.302	7.985000
65.619	7.985000
65.619	7.710000
65.936	7.710000
65.936	8.360000
66.253	8.360000
66.253	8.362000
66.57	8.362000
66.57	9.297000
66.887	9.297000
66.887	9.024000
67.204	9.024000
67.204	7.953000
67.521	7.953000
67.521	7.936000
67.838	7.936000
67.838	7.266000
68.114	7.266000
68.114	7.090000
68.39	7.090000
68.39	8.745000
68.707	8.745000
68.707	8.702000
69.024	8.702000
69.024	8.165000
69.341	8.165000
69.341	7.713000
69.658	7.713000
69.658	7.147000
69.933	7.147000
69.933	7.151000
70.208	7.151000
70.208	9.512000
70.525	9.512000
70.525	9.144000
70.842	9.144000
70.842	9.119000
71.159	9.119000
71.159	9.308000
71.476	9.308000
71.476	9.050000
71.751	9.050000
71.751	9.249000
72.027	9.249000
72.027	8.110000
72.302	8.110000
72.302	8.098000
72.578	8.098000
72.578	8.634000
72.895	8.634000
72.895	8.677000
73.212	8.677000
73.212	7.783000
73.529	7.783000
73.529	7.649000
73.845	7.649000
73.845	9.076000
74.162	9.076000
74.162	9.142000
74.479	9.142000
74.479	9.127000
74.796	9.127000
74.796	8.737000
75.113	8.737000
75.113	8.332000
75.429	8.332000
75.429	8.061000
75.745	8.061000
75.745	8.990000
76.062	8.990000
76.062	8.874000
76.379	8.874000
76.379	8.596000
76.695	8.596000
76.695	8.484000
77.012	8.484000
77.012	6.919000
77.329	6.919000
77.329	7.335000
77.646	7.335000
77.646	8.837000
77.963	8.837000
77.963	8.599000
78.28	8.599000
78.28	9.628000
78.598	9.628000
78.598	8.772000
78.916	8.772000
78.916	6.599000
79.233	6.599000
79.233	6.703000
79.549	6.703000
79.549	8.529000
79.866	8.529000
79.866	8.267000
80.183	8.267000
80.183	7.196000
80.5	7.196000
80.5	7.088000
80.817	7.088000
80.817	7.669000
81.134	7.669000
81.134	7.873000
81.451	7.873000
81.451	7.578000
81.768	7.578000
81.768	7.447000
82.085	7.447000
82.085	9.614000
82.438	9.614000
82.438	8.274000
82.755	8.274000
82.755	8.405000
83.071	8.405000
83.071	8.266000
83.388	8.266000
83.388	8.210000
83.705	8.210000
83.705	7.776000
84.021	7.776000
84.021	7.721000
84.337	7.721000
84.337	9.027000
84.653	9.027000
84.653	8.984000
84.97	8.984000
84.97	7.861000
85.287	7.861000
85.287	8.182000
85.604	8.182000
85.604	8.415000
85.921	8.415000
85.921	7.737000
86.238	7.737000
86.238	6.463000
86.555	6.463000
86.555	6.987000
86.872	6.987000
86.872	7.350000
87.189	7.350000
87.189	7.666000
87.506	7.666000
87.506	9.158000
87.823	9.158000
87.823	9.196000
88.14	9.196000
88.14	8.497000
88.457	8.497000
88.457	8.525000
88.774	8.525000
88.774	9.291000
89.091	9.291000
89.091	9.118000
89.408	9.118000
89.408	8.388000
89.724	8.388000
89.724	8.317000
90.04	8.317000
90.04	8.836000
90.357	8.836000
90.357	8.640000
90.674	8.640000
90.674	7.902000
90.991	7.902000
90.991	8.169000
91.307	8.169000
91.307	9.412000
91.624	9.412000
91.624	9.088000
91.941	9.088000
91.941	8.971000
92.257	8.971000
92.257	8.626000
92.574	8.626000
92.574	7.733000
92.891	7.733000
92.891	7.716000
93.207	7.716000
93.207	8.265000
93.525	8.265000
93.525	7.801000
93.843	7.801000
93.843	8.212000
94.16	8.212000
94.16	8.235000
94.477	8.235000
94.477	8.336000
94.794	8.336000
94.794	8.542000
95.111	8.542000
95.111	7.827000
95.428	7.827000
95.428	8.448000
95.745	8.448000
95.745	8.819000
96.062	8.819000
96.062	8.746000
96.379	8.746000
96.379	6.771000
96.696	6.771000
96.696	7.247000
97.013	7.247000
97.013	8.099000
97.33	8.099000
97.33	7.791000
97.647	7.791000
97.647	7.932000
97.964	7.932000
97.964	8.142000
98.28	8.142000
98.28	8.400000
98.597	8.400000
98.597	8.498000
98.914	8.498000
98.914	7.681000
99.23	7.681000
99.23	7.523000
99.547	7.523000
99.547	8.228000
99.864	8.228000
99.864	8.857000
100.181	8.857000
100.181	9.255000
100.498	9.255000
100.498	9.132000
100.815	9.132000
100.815	8.227000
101.132	8.227000
101.132	8.264000
101.449	8.264000
101.449	6.959000
101.765	6.959000
101.765	6.820000
102.081	6.820000
102.081	8.254000
102.398	8.254000
102.398	8.761000
102.715	8.761000
102.715	8.001000
103.032	8.001000
103.032	7.832000
103.349	7.832000
103.349	6.504000
103.665	6.504000
103.665	6.615000
103.981	6.615000
103.981	8.264000
104.298	8.264000
104.298	9.153000
104.615	9.153000
104.615	7.913000
104.931	7.913000
104.931	7.975000
105.248	7.975000
105.248	9.379000
105.565	9.379000
105.565	8.545000
105.882	8.545000
105.882	9.195000
106.199	9.195000
106.199	9.371000
106.516	9.371000
106.516	8.280000
106.831	8.280000
106.831	7.837000
107.148	7.837000
107.148	9.176000
107.465	9.176000
107.465	8.744000
107.782	8.744000
107.782	8.672000
108.099	8.672000
108.099	8.413000
108.416	8.413000
108.416	8.337000
108.733	8.337000
108.733	8.781000
109.05	8.781000
109.05	8.303000
109.367	8.303000
109.367	8.323000
109.684	8.323000
109.684	7.651000
110.001	7.651000
110.001	7.568000
110.318	7.568000
110.318	8.041000
110.669	8.041000
110.669	8.185000
111.021	8.185000
111.021	8.080000
111.338	8.080000
111.338	8.576000
111.654	8.576000
111.654	8.501000
111.972	8.501000
111.972	8.244000
112.29	8.244000
112.29	8.273000
112.607	8.273000
112.607	8.547000
112.924	8.547000
112.924	8.791000
113.241	8.791000
113.241	8.607000
113.558	8.607000
113.558	8.611000
113.875	8.611000
113.875	8.786000
114.192	8.786000
114.192	7.512000
114.509	7.512000
114.509	7.778000
114.826	7.778000
114.826	8.208000
115.143	8.208000
115.143	8.751000
115.46	8.751000
115.46	8.865000
115.777	8.865000
115.777	8.774000
116.094	8.774000
116.094	8.116000
116.412	8.116000
116.412	8.129000
116.73	8.129000
116.73	9.315000
117.047	9.315000
117.047	9.037000
117.364	9.037000
117.364	7.150000
117.681	7.150000
117.681	6.558000
117.998	6.558000
117.998	8.343000
118.274	8.343000
118.274	7.989000
118.55	7.989000
118.55	7.966000
118.902	7.966000
118.902	7.667000
119.254	7.667000
119.254	8.744000
119.529	8.744000
119.529	8.923000
119.803	8.923000
119.803	9.163000
120.079	9.163000
120.079	9.220000
120.355	9.220000
120.355	8.473000
120.631	8.473000
120.631	8.038000
120.907	8.038000
120.907	8.991000
121.182	8.991000
121.182	8.764000
121.458	8.764000
121.458	8.279000
121.775	8.279000
121.775	8.093000
122.092	8.093000
122.092	7.080000
122.381	7.080000
122.381	7.248000
122.67	7.248000
122.67	7.922000
122.946	7.922000
122.946	7.898000
123.222	7.898000
123.222	9.056000
123.539	9.056000
123.539	8.438000
123.856	8.438000
123.856	7.077000
124.147	7.077000
124.147	7.287000
124.438	7.287000
124.438	9.350000
124.714	9.350000
124.714	9.083000
124.99	9.083000
124.99	6.750000
125.279	6.750000
125.279	6.668000
125.568	6.668000
125.568	6.908000
125.885	6.908000
125.885	6.667000
126.202	6.667000
126.202	8.094000
126.519	8.094000
126.519	8.241000
126.836	8.241000
126.836	8.568000
127.153	8.568000
127.153	8.298000
127.47	8.298000
127.47	8.461000
127.786	8.461000
127.786	8.213000
128.103	8.213000
128.103	8.609000
128.421	8.609000
128.421	8.303000
128.739	8.303000
128.739	8.840000
129.059	8.840000
129.059	8.564000
129.38	8.564000
129.38	8.811000
129.697	8.811000
129.697	8.330000
130.014	8.330000
130.014	8.750000
130.331	8.750000
130.331	8.538000
130.648	8.538000
130.648	9.352000
130.965	9.352000
130.965	8.919000
131.282	8.919000
131.282	8.702000
131.599	8.702000
131.599	8.308000
131.916	8.308000
131.916	8.358000
132.233	8.358000
132.233	9.577000
132.55	9.577000
132.55	9.521000
132.867	9.521000
132.867	9.083000
133.184	9.083000
133.184	7.495000
133.501	7.495000
133.501	7.475000
133.818	7.475000
133.818	7.076000
134.135	7.076000
134.135	7.083000
134.452	7.083000
134.452	8.968000
134.769	8.968000
134.769	9.164000
135.086	9.164000
135.086	8.413000
135.403	8.413000
135.403	9.170000
135.72	9.170000
135.72	8.408000
136.037	8.408000
136.037	8.720000
136.354	8.720000
136.354	7.416000
136.67	7.416000
136.67	6.844000
136.987	6.844000
136.987	8.039000
137.304	8.039000
137.304	7.930000
137.621	7.930000
137.621	9.287000
137.938	9.287000
137.938	9.087000
138.255	9.087000
138.255	7.291000
138.572	7.291000
138.572	7.911000
138.889	7.911000
138.889	9.146000
139.206	9.146000
139.206	8.214000
139.523	8.214000
139.523	6.964000
139.84	6.964000
139.84	7.028000
140.157	7.028000
140.157	8.983000
140.474	8.983000
140.474	8.542000
140.791	8.542000
140.791	6.821000
141.108	6.821000
141.108	7.379000
141.424	7.379000
141.424	9.289000
141.741	9.289000
141.741	9.091000
142.058	9.091000
142.058	8.358000
142.375	8.358000
142.375	8.508000
142.692	8.508000
142.692	8.036000
143.009	8.036000
143.009	8.592000
143.326	8.592000
143.326	7.784000
143.643	7.784000
143.643	7.640000
143.96	7.640000
143.96	9.202000
144.276	9.202000
144.276	8.864000
144.593	8.864000
144.593	8.160000
144.91	8.160000
144.91	8.379000
145.227	8.379000
145.227	7.113000
145.544	7.113000
145.544	7.232000
145.861	7.232000
145.861	7.739000
146.178	7.739000
146.178	7.548000
146.495	7.548000
146.495	7.753000
146.812	7.753000
146.812	7.580000
147.129	7.580000
147.129	8.734000
147.446	8.734000
147.446	8.798000
147.763	8.798000
147.763	8.553000
148.08	8.553000
148.08	8.856000
148.396	8.856000
148.396	8.342000
148.712	8.342000
148.712	8.170000
149.029	8.170000
149.029	8.641000
149.346	8.641000
149.346	8.231000
149.664	8.231000
149.664	8.109000
149.981	8.109000
149.981	8.013000
150.298	8.013000
150.298	8.340000
150.615	8.340000
150.615	8.128000
150.932	8.128000
150.932	8.211000
151.249	8.211000
151.249	7.616000
151.566	7.616000
151.566	8.484000
151.883	8.484000
151.883	8.467000
152.2	8.467000
152.2	7.996000
152.517	7.996000
152.517	8.234000
152.834	8.234000
152.834	7.987000
153.151	7.987000
153.151	8.157000
153.468	8.157000
153.468	8.872000
153.785	8.872000
153.785	8.619000
154.102	8.619000
154.102	8.835000
154.419	8.835000
154.419	8.632000
154.736	8.632000
154.736	9.252000
155.053	9.252000
155.053	8.970000
155.37	8.970000
155.37	8.320000
155.687	8.320000
155.687	8.825000
156.004	8.825000
156.004	8.402000
156.321	8.402000
156.321	8.441000
156.638	8.441000
156.638	7.915000
156.955	7.915000
156.955	7.858000
157.271	7.858000
157.271	8.362000
157.588	8.362000
157.588	8.168000
157.905	8.168000
157.905	8.785000
158.222	8.785000
158.222	8.868000
158.539	8.868000
158.539	6.533000
158.856	6.533000
158.856	6.530000
159.172	6.530000
159.172	8.495000
159.489	8.495000
159.489	8.741000
159.806	8.741000
159.806	8.499000
160.123	8.499000
160.123	8.470000
160.44	8.470000
160.44	8.101000
160.757	8.101000
160.757	8.262000
161.074	8.262000
161.074	7.941000
161.391	7.941000
161.391	8.217000
161.708	8.217000
161.708	9.031000
162.025	9.031000
162.025	8.993000
162.342	8.993000
162.342	8.346000
162.694	8.346000
162.694	8.533000
163.046	8.533000
163.046	6.900000
163.322	6.900000
163.322	6.998000
163.598	6.998000
163.598	8.723000
163.915	8.723000
163.915	7.735000
164.231	7.735000
164.231	8.673000
164.547	8.673000
164.547	8.116000
164.864	8.116000
164.864	8.659000
165.216	8.659000
165.216	8.294000
165.568	8.294000
165.568	9.043000
165.92	9.043000
165.92	8.605000
166.272	8.605000
166.272	7.470000
166.589	7.470000
166.589	7.734000
166.906	7.734000
166.906	8.711000
167.182	8.711000
167.182	9.232000
167.458	9.232000
167.458	7.035000
167.774	7.035000
167.774	6.734000
168.091	6.734000
168.091	6.538000
168.367	6.538000
168.367	6.533000
168.643	6.533000
168.643	8.804000
168.96	8.804000
168.96	8.265000
169.277	8.265000
169.277	7.594000
169.594	7.594000
169.594	7.403000
169.911	7.403000
169.911	4.847000
170.227	4.847000
170.227	5.675000
170.543	5.675000
170.543	5.563000
170.819	5.563000
170.819	5.314000
171.095	5.314000
171.095	8.722000
171.412	8.722000
171.412	8.195000
171.729	8.195000
171.729	6.780000
172.047	6.780000
172.047	6.110000
172.365	6.110000
172.365	8.985000
172.682	8.985000
172.682	8.632000
172.999	8.632000
172.999	6.882000
173.316	6.882000
173.316	7.198000
173.632	7.198000
173.632	7.684000
173.949	7.684000
173.949	7.897000
174.266	7.897000
174.266	9.759000
174.618	9.759000
174.618	8.939000
174.97	8.939000
174.97	9.069000
175.287	9.069000
175.287	8.322000
175.604	8.322000
175.604	8.445000
175.921	8.445000
175.921	8.490000
176.238	8.490000
176.238	9.155000
176.555	9.155000
176.555	8.702000
176.872	8.702000
176.872	8.172000
177.189	8.172000
177.189	7.877000
177.506	7.877000
177.506	8.475000
177.823	8.475000
177.823	8.588000
178.14	8.588000
178.14	6.750000
178.457	6.750000
178.457	6.684000
178.774	6.684000
178.774	6.561000
179.091	6.561000
179.091	7.080000
179.408	7.080000
179.408	6.716000
179.725	6.716000
179.725	6.806000
180.042	6.806000
180.042	8.984000
180.359	8.984000
180.359	9.374000
180.676	9.374000
180.676	9.364000
180.992	9.364000
180.992	9.147000
181.309	9.147000
181.309	8.576000
181.626	8.576000
181.626	8.838000
181.942	8.838000
181.942	7.240000
182.26	7.240000
182.26	6.888000
182.578	6.888000
182.578	7.589000
182.894	7.589000
182.894	7.296000
183.21	7.296000
183.21	7.994000
183.527	7.994000
183.527	8.206000
183.844	8.206000
183.844	6.041000
184.161	6.041000
184.161	5.811000
184.478	5.811000
184.478	5.424000
184.795	5.424000
184.795	4.677000
185.112	4.677000
185.112	7.873000
185.429	7.873000
185.429	7.360000
185.746	7.360000
185.746	8.446000
186.063	8.446000
186.063	9.573000
186.38	9.573000
186.38	6.725000
186.697	6.725000
186.697	6.296000
187.014	6.296000
187.014	8.722000
187.331	8.722000
187.331	8.311000
187.648	8.311000
187.648	8.095000
187.965	8.095000
187.965	8.602000
188.282	8.602000
188.282	8.196000
188.599	8.196000
188.599	8.756000
188.916	8.756000
188.916	7.940000
189.233	7.940000
189.233	8.951000
189.549	8.951000
189.549	8.355000
189.866	8.355000
189.866	8.761000
190.183	8.761000
190.183	7.320000
190.5	7.320000
190.5	6.958000
190.817	6.958000
190.817	6.178000
191.134	6.178000
191.134	6.274000
191.451	6.274000
191.451	6.248000
191.768	6.248000
191.768	6.905000
192.084	6.905000
192.084	7.829000
192.401	7.829000
192.401	8.212000
192.718	8.212000
192.718	6.765000
193.035	6.765000
193.035	6.434000
193.352	6.434000
193.352	8.393000
193.667	8.393000
193.667	8.178000
193.984	8.178000
193.984	8.632000
194.301	8.632000
194.301	8.770000
194.617	8.770000
194.617	8.918000
194.969	8.918000
194.969	9.012000
195.321	9.012000
195.321	8.758000
195.637	8.758000
195.637	8.877000
195.954	8.877000
195.954	8.979000
196.271	8.979000
196.271	8.490000
196.588	8.490000
196.588	7.934000
196.905	7.934000
196.905	8.066000
197.221	8.066000
197.221	6.210000
197.538	6.210000
197.538	6.153000
197.855	6.153000
197.855	7.827000
198.171	7.827000
198.171	7.823000
198.488	7.823000
198.488	8.745000
198.805	8.745000
198.805	8.208000
199.122	8.208000
199.122	7.203000
199.438	7.203000
199.438	6.675000
199.755	6.675000
199.755	7.877000
200.072	7.877000
200.072	8.055000
200.389	8.055000
200.389	8.553000
200.706	8.553000
200.706	8.705000
201.023	8.705000
201.023	9.141000
201.341	9.141000
201.341	8.893000
201.659	8.893000
201.659	7.618000
201.977	7.618000
201.977	7.379000
202.295	7.379000
202.295	9.238000
202.613	9.238000
202.613	8.794000
202.931	8.794000
202.931	8.592000
203.249	8.592000
203.249	7.987000
203.567	7.987000
203.567	8.369000
203.885	8.369000
203.885	8.995000
204.203	8.995000
204.203	7.276000
204.521	7.276000
204.521	7.676000
204.838	7.676000
204.838	7.461000
205.156	7.461000
205.156	7.301000
205.474	7.301000
205.474	8.450000
205.792	8.450000
205.792	9.006000
206.109	9.006000
206.109	6.581000
206.427	6.581000
206.427	6.315000
206.745	6.315000
206.745	8.073000
207.063	8.073000
207.063	7.953000
207.381	7.953000
207.381	8.276000
207.699	8.276000
207.699	8.770000
208.017	8.770000
208.017	8.752000
208.335	8.752000
208.335	8.505000
208.653	8.505000
208.653	8.285000
208.971	8.285000
208.971	8.980000
209.288	8.980000
209.288	8.351000
209.605	8.351000
209.605	8.529000
209.922	8.529000
209.922	8.121000
210.239	8.121000
210.239	8.167000
210.556	8.167000
210.556	9.011000
210.874	9.011000
210.874	8.662000
211.192	8.662000
211.192	8.436000
211.51	8.436000
211.51	9.050000
211.828	9.050000
211.828	8.711000
212.146	8.711000
212.146	8.705000
212.464	8.705000
212.464	9.074000
212.782	9.074000
212.782	9.120000
213.1	9.120000
213.1	7.097000
213.417	7.097000
213.417	7.424000
213.735	7.424000
213.735	9.513000
214.052	9.513000
214.052	9.200000
214.37	9.200000
