0.0	8.444000
0.354	8.444000
0.354	8.409000
0.707	8.409000
0.707	7.981000
1.061	7.981000
1.061	8.284000
1.413	8.284000
1.413	8.353000
1.766	8.353000
1.766	8.428000
2.119	8.428000
2.119	8.195000
2.472	8.195000
2.472	8.426000
2.824	8.426000
2.824	8.285000
3.176	8.285000
3.176	8.298000
3.529	8.298000
3.529	8.096000
3.882	8.096000
3.882	7.882000
4.235	7.882000
4.235	8.873000
4.588	8.873000
4.588	8.953000
4.941	8.953000
4.941	9.036000
5.294	9.036000
5.294	7.462000
5.646	7.462000
5.646	7.405000
5.998	7.405000
5.998	6.926000
6.35	6.926000
6.35	7.862000
6.704	7.862000
6.704	7.889000
7.057	7.889000
7.057	7.721000
7.411	7.721000
7.411	7.830000
7.763	7.830000
7.763	7.653000
8.116	7.653000
8.116	7.651000
8.469	7.651000
8.469	8.073000
8.822	8.073000
8.822	8.217000
9.174	8.217000
9.174	8.020000
9.527	8.020000
9.527	6.471000
9.879	6.471000
9.879	6.652000
10.232	6.652000
10.232	6.306000
10.585	6.306000
10.585	8.886000
10.938	8.886000
10.938	9.075000
11.291	9.075000
11.291	9.010000
11.643	9.010000
11.643	8.322000
11.995	8.322000
11.995	8.295000
12.347	8.295000
12.347	8.427000
12.699	8.427000
12.699	9.507000
13.052	9.507000
13.052	9.426000
13.405	9.426000
13.405	9.476000
13.757	9.476000
13.757	8.650000
14.11	8.650000
14.11	8.784000
14.463	8.784000
14.463	8.743000
14.816	8.743000
14.816	7.180000
15.169	7.180000
15.169	7.322000
15.522	7.322000
15.522	7.239000
15.876	7.239000
15.876	7.219000
16.194	7.219000
16.194	7.366000
16.511	7.366000
16.511	7.176000
16.828	7.176000
16.828	7.639000
17.181	7.639000
17.181	7.314000
17.534	7.314000
17.534	7.468000
17.887	7.468000
17.887	7.931000
18.24	7.931000
18.24	8.066000
18.593	8.066000
18.593	7.934000
18.946	7.934000
18.946	7.982000
19.299	7.982000
19.299	8.108000
19.652	8.108000
19.652	7.918000
20.005	7.918000
20.005	9.368000
20.358	9.368000
20.358	9.126000
20.71	9.126000
20.71	9.076000
21.063	9.076000
21.063	8.509000
21.416	8.509000
21.416	8.336000
21.769	8.336000
21.769	8.211000
22.122	8.211000
22.122	8.052000
22.476	8.052000
22.476	7.915000
22.83	7.915000
22.83	7.884000
23.184	7.884000
23.184	7.365000
23.538	7.365000
23.538	7.468000
23.892	7.468000
23.892	7.359000
24.246	7.359000
24.246	8.806000
24.6	8.806000
24.6	8.956000
24.954	8.956000
24.954	8.629000
25.308	8.629000
25.308	7.918000
25.66	7.918000
25.66	7.954000
26.014	7.954000
26.014	7.979000
26.368	7.979000
26.368	6.989000
26.687	6.989000
26.687	7.169000
27.006	7.169000
27.006	7.013000
27.325	7.013000
27.325	7.704000
27.678	7.704000
27.678	7.799000
28.031	7.799000
28.031	7.587000
28.384	7.587000
28.384	9.244000
28.738	9.244000
28.738	9.138000
29.092	9.138000
29.092	9.260000
29.446	9.260000
29.446	7.392000
29.793	7.392000
29.793	7.638000
30.14	7.638000
30.14	7.478000
30.488	7.478000
30.488	8.428000
30.806	8.428000
30.806	8.180000
31.124	8.180000
31.124	8.239000
31.441	8.239000
31.441	8.083000
31.794	8.083000
31.794	8.071000
32.147	8.071000
32.147	7.994000
32.5	7.994000
32.5	8.298000
32.818	8.298000
32.818	8.271000
33.135	8.271000
33.135	8.203000
33.452	8.203000
33.452	6.520000
33.805	6.520000
33.805	6.539000
34.158	6.539000
34.158	6.399000
34.511	6.399000
34.511	8.056000
34.865	8.056000
34.865	7.968000
35.219	7.968000
35.219	7.982000
35.573	7.982000
35.573	8.057000
35.891	8.057000
35.891	8.100000
36.208	8.100000
36.208	7.957000
36.525	7.957000
36.525	7.456000
36.842	7.456000
36.842	7.540000
37.16	7.540000
37.16	7.561000
37.477	7.561000
37.477	9.093000
37.831	9.093000
37.831	8.895000
38.185	8.895000
38.185	8.959000
38.539	8.959000
38.539	7.023000
38.893	7.023000
38.893	7.547000
39.247	7.547000
39.247	7.186000
39.601	7.186000
39.601	7.706000
39.954	7.706000
39.954	8.003000
40.307	8.003000
40.307	7.700000
40.66	7.700000
40.66	7.378000
41.014	7.378000
41.014	7.378000
41.368	7.378000
41.368	7.468000
41.722	7.468000
41.722	8.037000
42.04	8.037000
42.04	8.221000
42.358	8.221000
42.358	8.196000
42.674	8.196000
42.674	7.624000
43.027	7.624000
43.027	7.399000
43.38	7.399000
43.38	7.403000
43.733	7.403000
43.733	7.985000
44.087	7.985000
44.087	7.733000
44.441	7.733000
44.441	7.841000
44.795	7.841000
44.795	7.426000
45.113	7.426000
45.113	7.410000
45.43	7.410000
45.43	7.325000
45.748	7.325000
45.748	7.469000
46.066	7.469000
46.066	7.584000
46.384	7.584000
46.384	7.714000
46.702	7.714000
46.702	8.749000
47.056	8.749000
47.056	8.542000
47.41	8.542000
47.41	8.647000
47.764	8.647000
47.764	7.054000
48.117	7.054000
48.117	6.771000
48.47	6.771000
48.47	6.687000
48.823	6.687000
48.823	7.788000
49.141	7.788000
49.141	7.873000
49.459	7.873000
49.459	7.812000
49.776	7.812000
49.776	8.686000
50.129	8.686000
50.129	8.467000
50.482	8.467000
50.482	8.584000
50.835	8.584000
50.835	8.447000
51.154	8.447000
51.154	8.176000
51.473	8.176000
51.473	8.308000
51.791	8.308000
51.791	7.592000
52.109	7.592000
52.109	7.958000
52.427	7.958000
52.427	7.644000
52.744	7.644000
52.744	8.385000
53.097	8.385000
53.097	8.323000
53.451	8.323000
53.451	8.309000
53.805	8.309000
53.805	6.728000
54.123	6.728000
54.123	7.136000
54.441	7.136000
54.441	6.750000
54.758	6.750000
54.758	7.535000
55.071	7.535000
55.071	7.529000
55.384	7.529000
55.384	7.228000
55.697	7.228000
55.697	8.920000
56.05	8.920000
56.05	8.892000
56.404	8.892000
56.404	8.938000
56.758	8.938000
56.758	9.551000
57.112	9.551000
57.112	9.565000
57.466	9.565000
57.466	9.265000
57.82	9.265000
57.82	7.464000
58.098	7.464000
58.098	7.325000
58.376	7.325000
58.376	7.337000
58.654	7.337000
58.654	8.185000
59.007	8.185000
59.007	8.101000
59.36	8.101000
59.36	8.047000
59.713	8.047000
59.713	8.757000
60.032	8.757000
60.032	8.951000
60.351	8.951000
60.351	9.027000
60.67	9.027000
60.67	7.391000
60.988	7.391000
60.988	7.239000
61.306	7.239000
61.306	7.343000
61.624	7.343000
61.624	8.040000
61.978	8.040000
61.978	7.652000
62.332	7.652000
62.332	7.630000
62.686	7.630000
62.686	6.279000
63.004	6.279000
63.004	6.085000
63.321	6.085000
63.321	6.094000
63.638	6.094000
63.638	6.598000
63.953	6.598000
63.953	6.938000
64.268	6.938000
64.268	6.671000
64.583	6.671000
64.583	8.769000
64.935	8.769000
64.935	8.582000
65.288	8.582000
65.288	8.693000
65.641	8.693000
65.641	6.873000
65.96	6.873000
65.96	6.951000
66.278	6.951000
66.278	6.930000
66.596	6.930000
66.596	6.696000
66.886	6.696000
66.886	6.825000
67.176	6.825000
67.176	6.832000
67.466	6.832000
67.466	9.702000
67.819	9.702000
67.819	9.943000
68.172	9.943000
68.172	9.928000
68.525	9.928000
68.525	7.014000
68.843	7.014000
68.843	6.962000
69.161	6.962000
69.161	6.817000
69.478	6.817000
69.478	9.574000
69.831	9.574000
69.831	9.307000
70.184	9.307000
70.184	9.125000
70.537	9.125000
70.537	9.272000
70.89	9.272000
70.89	9.121000
71.244	9.121000
71.244	9.121000
71.598	9.121000
71.598	9.392000
71.951	9.392000
71.951	9.299000
72.304	9.299000
72.304	9.169000
72.657	9.169000
72.657	9.587000
73.01	9.587000
73.01	9.426000
73.362	9.426000
73.362	9.287000
73.713	9.287000
73.713	7.691000
74.066	7.691000
74.066	7.868000
74.419	7.868000
74.419	7.604000
74.772	7.604000
74.772	6.755000
75.09	6.755000
75.09	7.017000
75.408	7.017000
75.408	6.674000
75.725	6.674000
75.725	8.309000
76.079	8.309000
76.079	8.124000
76.433	8.124000
76.433	8.126000
76.787	8.126000
76.787	8.482000
77.14	8.482000
77.14	8.289000
77.492	8.289000
77.492	8.056000
77.845	8.056000
77.845	7.587000
78.198	7.587000
78.198	7.719000
78.551	7.719000
78.551	7.812000
78.904	7.812000
78.904	8.804000
79.258	8.804000
79.258	8.699000
79.612	8.699000
79.612	8.671000
79.966	8.671000
79.966	7.806000
80.284	7.806000
80.284	8.055000
80.602	8.055000
80.602	7.976000
80.919	7.976000
80.919	8.808000
81.273	8.808000
81.273	8.740000
81.627	8.740000
81.627	8.665000
81.981	8.665000
81.981	7.439000
82.334	7.439000
82.334	7.334000
82.688	7.334000
82.688	7.289000
83.042	7.289000
83.042	7.551000
83.395	7.551000
83.395	7.854000
83.748	7.854000
83.748	7.458000
84.101	7.458000
84.101	8.042000
84.42	8.042000
84.42	8.172000
84.738	8.172000
84.738	8.358000
85.056	8.358000
85.056	7.870000
85.408	7.870000
85.408	7.782000
85.761	7.782000
85.761	7.742000
86.114	7.742000
86.114	8.250000
86.468	8.250000
86.468	8.256000
86.822	8.256000
86.822	8.104000
87.176	8.104000
87.176	7.089000
87.494	7.089000
87.494	7.032000
87.812	7.032000
87.812	6.969000
88.13	6.969000
88.13	9.496000
88.483	9.496000
88.483	9.607000
88.836	9.607000
88.836	9.568000
89.189	9.568000
89.189	9.786000
89.507	9.786000
89.507	9.621000
89.825	9.621000
89.825	9.558000
90.141	9.558000
90.141	7.335000
90.46	7.335000
90.46	7.497000
90.779	7.497000
90.779	7.508000
91.098	7.508000
91.098	9.559000
91.452	9.559000
91.452	9.784000
91.806	9.784000
91.806	9.802000
92.16	9.802000
92.16	8.059000
92.513	8.059000
92.513	7.936000
92.865	7.936000
92.865	7.830000
93.218	7.830000
93.218	8.814000
93.572	8.814000
93.572	8.813000
93.925	8.813000
93.925	8.786000
94.279	8.786000
94.279	8.176000
94.632	8.176000
94.632	8.069000
94.985	8.069000
94.985	8.000000
95.338	8.000000
95.338	7.354000
95.657	7.354000
95.657	7.495000
95.976	7.495000
95.976	7.425000
96.294	7.425000
96.294	7.369000
96.648	7.369000
96.648	7.480000
97.002	7.480000
97.002	7.154000
97.356	7.154000
97.356	7.862000
97.71	7.862000
97.71	7.978000
98.064	7.978000
98.064	8.055000
98.418	8.055000
98.418	8.098000
98.771	8.098000
98.771	8.176000
99.124	8.176000
99.124	7.961000
99.477	7.961000
99.477	7.304000
99.831	7.304000
99.831	7.406000
100.185	7.406000
100.185	7.146000
100.539	7.146000
100.539	7.837000
100.892	7.837000
100.892	8.073000
101.245	8.073000
101.245	8.065000
101.598	8.065000
101.598	7.915000
101.952	7.915000
101.952	7.899000
102.306	7.899000
102.306	7.561000
102.66	7.561000
102.66	7.837000
103.014	7.837000
103.014	7.706000
103.368	7.706000
103.368	7.698000
103.722	7.698000
103.722	7.838000
104.075	7.838000
104.075	7.942000
104.428	7.942000
104.428	7.912000
104.781	7.912000
104.781	6.971000
105.099	6.971000
105.099	7.089000
105.417	7.089000
105.417	7.108000
105.735	7.108000
105.735	7.342000
106.052	7.342000
106.052	7.213000
106.37	7.213000
106.37	7.302000
106.686	7.302000
106.686	9.647000
107.04	9.647000
107.04	9.571000
107.394	9.571000
107.394	9.571000
107.748	9.571000
107.748	8.872000
108.066	8.872000
108.066	8.773000
108.384	8.773000
108.384	8.741000
108.702	8.741000
108.702	9.688000
109.055	9.688000
109.055	9.366000
109.406	9.366000
109.406	9.448000
109.758	9.448000
109.758	9.050000
110.076	9.050000
110.076	9.090000
110.393	9.090000
110.393	9.058000
110.71	9.058000
110.71	8.752000
111.064	8.752000
111.064	8.973000
111.418	8.973000
111.418	8.606000
111.772	8.606000
111.772	8.412000
112.125	8.412000
112.125	8.601000
112.478	8.601000
112.478	8.446000
112.831	8.446000
112.831	7.319000
113.184	7.319000
113.184	7.501000
113.537	7.501000
113.537	7.503000
113.889	7.503000
113.889	7.093000
114.242	7.093000
114.242	7.214000
114.594	7.214000
114.594	6.944000
114.947	6.944000
114.947	9.072000
115.299	9.072000
115.299	9.198000
115.652	9.198000
115.652	9.239000
116.005	9.239000
116.005	7.400000
116.358	7.400000
116.358	7.290000
116.71	7.290000
116.71	7.071000
117.063	7.071000
117.063	8.705000
117.415	8.705000
117.415	8.793000
117.768	8.793000
117.768	8.444000
118.121	8.444000
118.121	8.692000
118.474	8.692000
118.474	8.841000
118.828	8.841000
118.828	8.745000
119.182	8.745000
119.182	6.569000
119.535	6.569000
119.535	6.694000
119.888	6.694000
119.888	6.645000
120.241	6.645000
120.241	8.462000
120.594	8.462000
120.594	8.321000
120.947	8.321000
120.947	8.244000
121.299	8.244000
121.299	8.725000
121.653	8.725000
121.653	8.789000
122.006	8.789000
122.006	8.760000
122.36	8.760000
122.36	9.733000
122.713	9.733000
122.713	9.235000
123.067	9.235000
123.067	9.185000
123.42	9.185000
123.42	8.963000
123.774	8.963000
123.774	7.872000
124.127	7.872000
124.127	8.169000
124.48	8.169000
124.48	7.996000
124.833	7.996000
124.833	9.815000
125.187	9.815000
125.187	9.977000
125.541	9.977000
125.541	9.139000
125.894	9.139000
125.894	9.327000
126.247	9.327000
126.247	8.861000
126.6	8.861000
126.6	7.413000
126.953	7.413000
126.953	7.750000
127.306	7.750000
127.306	7.698000
127.659	7.698000
127.659	9.503000
128.013	9.503000
128.013	9.414000
128.367	9.414000
128.367	9.366000
128.721	9.366000
128.721	8.317000
129.074	8.317000
129.074	8.273000
129.427	8.273000
129.427	8.003000
129.78	8.003000
129.78	8.204000
130.134	8.204000
130.134	7.948000
130.487	7.948000
130.487	7.753000
130.841	7.753000
130.841	8.384000
131.194	8.384000
131.194	8.289000
131.547	8.289000
131.547	8.147000
131.9	8.147000
131.9	7.068000
132.252	7.068000
132.252	7.051000
132.605	7.051000
132.605	6.784000
132.958	6.784000
132.958	7.027000
133.312	7.027000
133.312	7.265000
133.666	7.265000
133.666	7.297000
134.019	7.297000
134.019	8.405000
134.373	8.405000
134.373	8.656000
134.727	8.656000
134.727	8.565000
135.081	8.565000
135.081	8.110000
135.399	8.110000
135.399	8.489000
135.717	8.489000
135.717	8.325000
136.034	8.325000
136.034	7.881000
136.387	7.881000
136.387	7.838000
136.74	7.838000
136.74	7.965000
137.092	7.965000
137.092	8.716000
137.41	8.716000
137.41	8.150000
137.728	8.150000
137.728	8.336000
138.046	8.336000
138.046	8.682000
138.397	8.682000
138.397	8.816000
138.751	8.816000
138.751	8.754000
139.104	8.754000
139.104	7.292000
139.457	7.292000
139.457	7.366000
139.81	7.366000
139.81	7.019000
140.162	7.019000
140.162	8.323000
140.48	8.323000
140.48	8.354000
140.798	8.354000
140.798	8.202000
141.116	8.202000
141.116	9.930000
141.469	9.930000
141.469	9.753000
141.823	9.753000
141.823	9.783000
142.177	9.783000
142.177	8.063000
142.53	8.063000
142.53	8.238000
142.883	8.238000
142.883	8.194000
143.235	8.194000
143.235	9.539000
143.588	9.539000
143.588	9.876000
143.941	9.876000
143.941	9.748000
144.294	9.748000
144.294	7.267000
144.647	7.267000
144.647	7.485000
144.999	7.485000
144.999	7.266000
145.352	7.266000
145.352	7.314000
145.706	7.314000
145.706	7.334000
146.059	7.334000
146.059	7.299000
146.413	7.299000
146.413	8.035000
146.766	8.035000
146.766	7.923000
147.12	7.923000
147.12	8.066000
147.474	8.066000
147.474	8.942000
147.793	8.942000
147.793	9.206000
148.111	9.206000
148.111	8.781000
148.43	8.781000
148.43	9.216000
148.748	9.216000
148.748	9.444000
149.065	9.444000
149.065	9.288000
149.382	9.288000
149.382	8.221000
149.736	8.221000
149.736	8.274000
150.09	8.274000
150.09	8.351000
150.444	8.351000
150.444	8.557000
150.797	8.557000
150.797	8.488000
151.15	8.488000
151.15	8.432000
151.501	8.432000
151.501	8.429000
151.855	8.429000
151.855	8.591000
152.208	8.591000
152.208	8.649000
152.562	8.649000
152.562	8.318000
152.915	8.318000
152.915	8.246000
153.268	8.246000
153.268	8.203000
153.621	8.203000
153.621	8.876000
153.975	8.876000
153.975	8.803000
154.329	8.803000
154.329	9.009000
154.683	9.009000
154.683	7.615000
155.001	7.615000
155.001	7.352000
155.319	7.352000
155.319	7.450000
155.636	7.450000
155.636	8.028000
155.955	8.028000
155.955	8.177000
156.274	8.177000
156.274	7.803000
156.592	7.803000
156.592	8.313000
156.945	8.313000
156.945	8.347000
157.298	8.347000
157.298	8.247000
157.651	8.247000
157.651	8.808000
158.005	8.808000
158.005	8.861000
158.359	8.861000
158.359	8.718000
158.713	8.718000
158.713	9.622000
159.066	9.622000
159.066	9.686000
159.418	9.686000
159.418	9.486000
159.77	9.486000
159.77	8.163000
160.123	8.163000
160.123	8.461000
160.476	8.461000
160.476	8.138000
160.829	8.138000
160.829	8.712000
161.183	8.712000
161.183	8.738000
161.537	8.738000
161.537	8.812000
161.891	8.812000
161.891	7.255000
162.209	7.255000
162.209	7.965000
162.527	7.965000
162.527	7.793000
162.845	7.793000
162.845	7.489000
163.199	7.489000
163.199	7.599000
163.553	7.599000
163.553	7.214000
163.907	7.214000
163.907	7.736000
164.26	7.736000
164.26	7.792000
164.613	7.792000
164.613	7.720000
164.966	7.720000
164.966	6.848000
165.284	6.848000
165.284	7.030000
165.602	7.030000
165.602	6.912000
165.919	6.912000
165.919	6.807000
166.272	6.807000
166.272	6.788000
166.625	6.788000
166.625	6.778000
166.978	6.778000
166.978	8.772000
167.331	8.772000
167.331	8.677000
167.684	8.677000
167.684	8.675000
168.037	8.675000
168.037	9.116000
168.39	9.116000
168.39	9.191000
168.743	9.191000
168.743	8.910000
169.096	8.910000
169.096	7.245000
169.448	7.245000
169.448	7.531000
169.801	7.531000
169.801	6.940000
170.154	6.940000
170.154	9.774000
170.472	9.774000
170.472	9.445000
170.79	9.445000
170.79	9.545000
171.108	9.545000
171.108	8.684000
171.426	8.684000
171.426	8.482000
171.744	8.482000
171.744	8.487000
172.061	8.487000
172.061	7.883000
172.415	7.883000
172.415	7.728000
172.769	7.728000
172.769	7.762000
173.123	7.762000
173.123	8.720000
173.477	8.720000
173.477	8.819000
173.831	8.819000
173.831	8.435000
174.185	8.435000
174.185	8.462000
174.537	8.462000
174.537	8.546000
174.889	8.546000
174.889	8.205000
175.241	8.205000
175.241	9.868000
175.595	9.868000
175.595	9.785000
175.949	9.785000
175.949	9.763000
176.303	9.763000
176.303	9.553000
176.657	9.553000
176.657	9.335000
177.011	9.335000
177.011	9.243000
177.365	9.243000
177.365	7.554000
177.678	7.554000
177.678	7.501000
177.99	7.501000
177.99	7.340000
178.303	7.340000
178.303	8.308000
178.658	8.308000
178.658	8.368000
179.013	8.368000
179.013	8.437000
179.368	8.437000
179.368	7.357000
179.722	7.357000
179.722	7.434000
180.076	7.434000
180.076	7.307000
180.43	7.307000
180.43	7.348000
180.748	7.348000
180.748	7.302000
181.066	7.302000
181.066	7.351000
181.383	7.351000
181.383	8.524000
181.737	8.524000
181.737	8.425000
182.091	8.425000
182.091	8.449000
182.445	8.449000
182.445	7.094000
182.763	7.094000
182.763	6.920000
183.079	6.920000
183.079	6.920000
183.396	6.920000
183.396	6.470000
183.715	6.470000
183.715	6.472000
184.034	6.472000
184.034	6.472000
184.353	6.472000
184.353	8.916000
184.706	8.916000
184.706	8.859000
185.059	8.859000
185.059	8.840000
185.412	8.840000
185.412	7.784000
185.731	7.784000
185.731	7.487000
186.049	7.487000
186.049	7.567000
186.366	7.567000
186.366	7.967000
186.678	7.967000
186.678	7.529000
186.99	7.529000
186.99	7.614000
187.301	7.614000
187.301	9.951000
187.654	9.951000
187.654	9.881000
188.008	9.881000
188.008	9.906000
188.362	9.906000
188.362	8.743000
188.68	8.743000
188.68	8.549000
188.998	8.549000
188.998	8.728000
189.316	8.728000
189.316	8.183000
189.669	8.183000
189.669	8.014000
190.021	8.014000
190.021	8.138000
190.373	8.138000
190.373	8.263000
190.726	8.263000
190.726	8.338000
191.079	8.338000
191.079	8.362000
191.432	8.362000
191.432	8.107000
191.784	8.107000
191.784	8.147000
192.137	8.147000
192.137	7.967000
192.49	7.967000
192.49	9.437000
192.844	9.437000
192.844	9.260000
193.198	9.260000
193.198	9.319000
193.552	9.319000
193.552	9.110000
193.906	9.110000
193.906	8.920000
194.26	8.920000
194.26	8.765000
194.614	8.765000
194.614	7.794000
194.967	7.794000
194.967	7.712000
195.32	7.712000
195.32	7.555000
195.673	7.555000
195.673	6.943000
196.026	6.943000
196.026	6.958000
196.38	6.958000
196.38	7.006000
196.734	7.006000
196.734	7.840000
197.052	7.840000
197.052	7.930000
197.37	7.930000
197.37	7.816000
197.688	7.816000
197.688	8.237000
198.041	8.237000
198.041	8.427000
198.393	8.427000
198.393	8.199000
198.746	8.199000
198.746	7.173000
199.099	7.173000
199.099	7.096000
199.452	7.096000
199.452	7.049000
199.805	7.049000
199.805	8.031000
200.158	8.031000
200.158	8.187000
200.511	8.187000
200.511	8.045000
200.864	8.045000
200.864	8.800000
201.216	8.800000
201.216	8.733000
201.569	8.733000
201.569	8.635000
201.922	8.635000
201.922	7.768000
202.275	7.768000
202.275	7.981000
202.627	7.981000
202.627	7.906000
202.979	7.906000
202.979	8.573000
203.337	8.573000
203.337	8.578000
203.694	8.578000
203.694	8.021000
204.052	8.021000
204.052	8.539000
204.405	8.539000
204.405	8.614000
204.758	8.614000
204.758	8.479000
205.109	8.479000
205.109	9.310000
205.462	9.310000
205.462	9.256000
205.816	9.256000
205.816	9.262000
206.17	9.262000
206.17	7.967000
206.523	7.967000
206.523	7.816000
206.875	7.816000
206.875	7.603000
207.228	7.603000
207.228	8.619000
207.547	8.619000
207.547	8.847000
207.866	8.847000
207.866	8.545000
208.185	8.545000
208.185	9.164000
208.539	9.164000
208.539	8.886000
208.893	8.886000
208.893	8.856000
209.247	8.856000
209.247	8.790000
209.599	8.790000
209.599	8.567000
209.951	8.567000
209.951	6.840000
210.305	6.840000
210.305	7.108000
210.659	7.108000
210.659	6.961000
211.012	6.961000
211.012	8.008000
211.366	8.008000
211.366	7.842000
211.72	7.842000
211.72	7.822000
212.074	7.822000
212.074	6.778000
212.391	6.778000
212.391	6.769000
212.708	6.769000
212.708	7.036000
213.024	7.036000
213.024	7.894000
213.378	7.894000
213.378	8.000000
213.731	8.000000
213.731	7.684000
214.085	7.684000
214.085	7.875000
214.439	7.875000
214.439	7.769000
214.792	7.769000
214.792	7.707000
215.145	7.707000
215.145	8.327000
215.498	8.327000
215.498	8.228000
215.851	8.228000
215.851	8.025000
216.204	8.025000
216.204	8.953000
216.557	8.953000
216.557	8.964000
216.91	8.964000
216.91	8.938000
217.263	8.938000
217.263	9.056000
217.617	9.056000
217.617	8.967000
217.971	8.967000
217.971	8.928000
218.325	8.928000
218.325	8.329000
218.679	8.329000
218.679	8.567000
219.033	8.567000
219.033	8.095000
219.387	8.095000
219.387	6.658000
219.706	6.658000
219.706	6.608000
220.025	6.608000
220.025	6.648000
220.343	6.648000
220.343	8.874000
220.697	8.874000
220.697	8.889000
221.051	8.889000
221.051	8.871000
221.405	8.871000
221.405	9.856000
221.758	9.856000
221.758	9.731000
222.111	9.731000
222.111	9.629000
222.464	9.629000
222.464	9.928000
222.782	9.928000
222.782	9.511000
223.1	9.511000
223.1	9.455000
223.417	9.455000
223.417	8.653000
223.77	8.653000
223.77	8.666000
224.123	8.666000
224.123	8.612000
224.474	8.612000
224.474	8.372000
224.827	8.372000
224.827	8.176000
225.18	8.176000
225.18	8.304000
225.532	8.304000
225.532	8.376000
225.885	8.376000
225.885	8.390000
226.238	8.390000
226.238	8.301000
226.592	8.301000
226.592	8.269000
226.944	8.269000
226.944	8.328000
227.296	8.328000
227.296	8.244000
227.647	8.244000
227.647	6.691000
228.0	6.691000
228.0	6.905000
228.353	6.905000
228.353	7.084000
228.705	7.084000
228.705	8.045000
229.058	8.045000
229.058	7.993000
229.411	7.993000
229.411	7.904000
229.764	7.904000
229.764	8.314000
230.117	8.314000
230.117	8.149000
230.47	8.149000
230.47	8.148000
230.823	8.148000
230.823	6.831000
231.176	6.831000
231.176	7.126000
231.529	7.126000
231.529	7.047000
231.882	7.047000
231.882	7.495000
232.235	7.495000
232.235	7.552000
232.588	7.552000
232.588	7.517000
232.941	7.517000
232.941	6.557000
233.293	6.557000
233.293	6.400000
233.645	6.400000
233.645	6.784000
233.997	6.784000
233.997	7.210000
234.351	7.210000
234.351	7.165000
234.705	7.165000
234.705	7.016000
235.059	7.016000
235.059	7.658000
235.412	7.658000
235.412	7.795000
235.765	7.795000
235.765	7.703000
236.117	7.703000
236.117	9.631000
236.469	9.631000
236.469	9.587000
236.822	9.587000
236.822	9.549000
237.175	9.549000
237.175	9.998000
237.528	9.998000
237.528	9.926000
237.882	9.926000
237.882	9.912000
238.236	9.912000
238.236	9.999000
238.59	9.999000
238.59	9.579000
238.943	9.579000
238.943	9.453000
239.296	9.453000
239.296	9.289000
239.649	9.289000
239.649	8.919000
240.002	8.919000
240.002	8.712000
240.356	8.712000
240.356	8.586000
240.708	8.586000
240.708	7.312000
241.061	7.312000
241.061	7.004000
241.414	7.004000
241.414	7.123000
241.767	7.123000
241.767	7.144000
242.085	7.144000
242.085	7.019000
242.403	7.019000
242.403	7.125000
242.721	7.125000
242.721	7.849000
243.039	7.849000
243.039	7.848000
243.357	7.848000
243.357	7.980000
243.675	7.980000
243.675	7.243000
244.026	7.243000
244.026	7.441000
244.379	7.441000
244.379	7.390000
244.732	7.390000
244.732	7.376000
245.085	7.376000
245.085	7.416000
245.438	7.416000
245.438	7.397000
245.791	7.397000
245.791	7.706000
246.144	7.706000
246.144	8.088000
246.497	8.088000
246.497	7.981000
246.85	7.981000
246.85	8.128000
247.202	8.128000
247.202	8.015000
247.555	8.015000
247.555	8.068000
247.908	8.068000
247.908	8.250000
248.262	8.250000
248.262	8.228000
248.615	8.228000
248.615	8.156000
248.969	8.156000
248.969	7.145000
249.322	7.145000
249.322	7.400000
249.674	7.400000
249.674	7.180000
250.027	7.180000
250.027	9.850000
250.379	9.850000
250.379	9.890000
250.731	9.890000
250.731	7.185000
251.049	7.185000
251.049	7.485000
251.367	7.485000
251.367	7.523000
251.684	7.523000
251.684	8.678000
252.002	8.678000
252.002	8.289000
252.32	8.289000
252.32	8.526000
252.638	8.526000
252.638	6.520000
252.956	6.520000
252.956	6.579000
253.274	6.579000
253.274	6.337000
253.591	6.337000
253.591	7.767000
253.909	7.767000
253.909	7.637000
254.227	7.637000
254.227	7.429000
254.545	7.429000
254.545	8.413000
254.898	8.413000
254.898	8.752000
255.251	8.752000
255.251	8.758000
255.604	8.758000
255.604	7.618000
255.957	7.618000
255.957	7.758000
256.309	7.758000
256.309	7.433000
256.662	7.433000
256.662	8.800000
257.015	8.800000
257.015	8.879000
257.368	8.879000
257.368	8.720000
257.721	8.720000
257.721	8.881000
258.073	8.881000
258.073	8.741000
258.425	8.741000
258.425	8.869000
258.777	8.869000
258.777	7.964000
259.095	7.964000
259.095	8.237000
259.412	8.237000
259.412	8.155000
259.728	8.155000
259.728	8.200000
260.046	8.200000
260.046	8.064000
260.364	8.064000
260.364	8.338000
260.681	8.338000
260.681	9.353000
261.034	9.353000
261.034	9.516000
261.387	9.516000
261.387	9.427000
261.74	9.427000
261.74	7.571000
262.058	7.571000
262.058	7.691000
262.376	7.691000
262.376	7.664000
262.693	7.664000
262.693	7.538000
263.046	7.538000
263.046	7.655000
263.398	7.655000
263.398	7.310000
263.751	7.310000
263.751	7.556000
264.104	7.556000
264.104	7.579000
264.457	7.579000
264.457	7.649000
264.81	7.649000
264.81	7.257000
265.128	7.257000
265.128	6.709000
265.446	6.709000
265.446	6.959000
265.764	6.959000
265.764	8.026000
266.082	8.026000
266.082	7.860000
266.4	7.860000
266.4	7.769000
266.718	7.769000
266.718	8.692000
267.072	8.692000
267.072	9.037000
267.426	9.037000
267.426	8.930000
267.78	8.930000
267.78	7.740000
268.134	7.740000
268.134	7.645000
268.487	7.645000
268.487	7.442000
268.841	7.442000
268.841	7.549000
269.159	7.549000
269.159	7.570000
269.477	7.570000
269.477	7.674000
269.795	7.674000
269.795	9.929000
270.148	9.929000
270.148	8.204000
270.501	8.204000
270.501	8.390000
270.854	8.390000
270.854	8.192000
271.207	8.192000
271.207	8.606000
271.525	8.606000
271.525	8.716000
271.843	8.716000
271.843	8.517000
272.16	8.517000
272.16	7.070000
272.514	7.070000
272.514	7.110000
272.868	7.110000
272.868	7.324000
273.222	7.324000
273.222	9.238000
273.541	9.238000
273.541	9.010000
273.86	9.010000
273.86	8.901000
274.179	8.901000
274.179	7.216000
274.532	7.216000
274.532	7.147000
274.885	7.147000
274.885	7.029000
275.238	7.029000
275.238	7.828000
275.592	7.828000
275.592	7.679000
275.946	7.679000
275.946	7.674000
276.3	7.674000
276.3	7.365000
276.653	7.365000
276.653	7.429000
277.005	7.429000
277.005	7.154000
277.358	7.154000
277.358	8.000000
277.676	8.000000
277.676	8.039000
277.994	8.039000
277.994	7.828000
278.312	7.828000
278.312	8.051000
278.665	8.051000
278.665	8.349000
279.018	8.349000
279.018	8.267000
279.371	8.267000
279.371	8.458000
279.724	8.458000
279.724	8.503000
280.075	8.503000
280.075	8.156000
280.428	8.156000
280.428	7.070000
280.781	7.070000
280.781	6.963000
281.134	6.963000
281.134	6.918000
281.487	6.918000
281.487	7.181000
281.839	7.181000
281.839	7.267000
282.192	7.267000
282.192	7.189000
282.545	7.189000
282.545	8.481000
282.863	8.481000
282.863	8.728000
283.181	8.728000
283.181	8.491000
283.498	8.491000
283.498	7.978000
283.816	7.978000
283.816	7.950000
284.134	7.950000
284.134	7.899000
284.45	7.899000
284.45	8.609000
284.803	8.609000
284.803	8.681000
285.156	8.681000
285.156	8.796000
285.509	8.796000
285.509	8.176000
285.861	8.176000
285.861	8.162000
286.213	8.162000
286.213	7.877000
286.566	7.877000
286.566	8.933000
286.918	8.933000
286.918	8.707000
287.27	8.707000
287.27	8.327000
287.621	8.327000
287.621	9.467000
287.973	9.467000
287.973	9.387000
288.327	9.387000
288.327	9.472000
288.681	9.472000
288.681	8.164000
288.993	8.164000
288.993	8.085000
289.304	8.085000
289.304	7.682000
289.616	7.682000
289.616	8.169000
289.969	8.169000
289.969	8.219000
290.322	8.219000
290.322	8.084000
290.675	8.084000
290.675	9.631000
291.028	9.631000
291.028	9.383000
291.381	9.383000
291.381	9.240000
291.734	9.240000
291.734	8.931000
292.087	8.931000
292.087	8.518000
292.44	8.518000
292.44	8.425000
292.793	8.425000
292.793	8.099000
293.105	8.099000
293.105	8.016000
293.417	8.016000
293.417	7.853000
293.729	7.853000
293.729	7.563000
294.081	7.563000
294.081	7.509000
294.434	7.509000
294.434	7.461000
294.787	7.461000
294.787	8.508000
295.14	8.508000
295.14	8.423000
295.493	8.423000
295.493	8.222000
295.846	8.222000
295.846	7.429000
296.158	7.429000
296.158	7.460000
296.47	7.460000
296.47	7.187000
296.782	7.187000
296.782	8.083000
297.135	8.083000
297.135	8.120000
297.488	8.120000
297.488	8.123000
297.841	8.123000
297.841	7.491000
298.159	7.491000
298.159	7.334000
298.477	7.334000
298.477	7.327000
298.794	7.327000
298.794	8.415000
299.147	8.415000
299.147	8.241000
299.5	8.241000
299.5	8.162000
299.852	8.162000
299.852	8.071000
300.206	8.071000
300.206	7.919000
300.56	7.919000
300.56	7.936000
300.914	7.936000
300.914	7.192000
301.233	7.192000
301.233	7.340000
301.552	7.340000
301.552	7.211000
301.87	7.211000
301.87	7.722000
302.183	7.722000
302.183	7.666000
302.496	7.666000
302.496	7.384000
302.809	7.384000
302.809	8.578000
303.163	8.578000
303.163	8.753000
303.517	8.753000
303.517	8.717000
303.871	8.717000
303.871	7.460000
304.19	7.460000
304.19	7.382000
304.509	7.382000
304.509	7.252000
304.827	7.252000
304.827	8.230000
305.18	8.230000
305.18	8.196000
305.532	8.196000
305.532	8.041000
305.885	8.041000
305.885	9.173000
306.239	9.173000
306.239	8.993000
306.593	8.993000
306.593	9.030000
306.947	9.030000
306.947	9.236000
307.265	9.236000
307.265	8.867000
307.582	8.867000
307.582	9.117000
307.899	9.117000
307.899	7.988000
308.215	7.988000
308.215	7.771000
308.532	7.771000
308.532	7.799000
308.848	7.799000
308.848	9.142000
309.201	9.142000
309.201	9.323000
309.554	9.323000
309.554	9.230000
309.907	9.230000
309.907	7.387000
310.225	7.387000
310.225	7.868000
310.542	7.868000
310.542	7.940000
310.86	7.940000
310.86	7.914000
311.214	7.914000
311.214	8.010000
311.568	8.010000
311.568	7.517000
311.922	7.517000
311.922	8.635000
312.274	8.635000
312.274	8.692000
312.627	8.692000
312.627	8.583000
312.979	8.583000
312.979	6.831000
313.297	6.831000
313.297	7.139000
313.615	7.139000
313.615	7.109000
313.932	7.109000
313.932	6.524000
314.25	6.524000
314.25	6.776000
314.568	6.776000
314.568	6.536000
314.885	6.536000
314.885	9.077000
315.238	9.077000
315.238	8.824000
315.591	8.824000
315.591	8.949000
315.944	8.949000
315.944	7.359000
316.297	7.359000
316.297	7.496000
316.65	7.496000
316.65	7.446000
317.003	7.446000
317.003	7.705000
317.321	7.705000
317.321	7.859000
317.639	7.859000
317.639	7.650000
317.956	7.650000
317.956	7.576000
318.309	7.576000
318.309	7.728000
318.662	7.728000
318.662	7.590000
319.015	7.590000
319.015	8.173000
319.368	8.173000
319.368	8.060000
319.721	8.060000
319.721	7.828000
320.074	7.828000
320.074	7.525000
320.427	7.525000
320.427	7.525000
320.78	7.525000
320.78	7.590000
321.133	7.590000
321.133	9.533000
321.486	9.533000
321.486	9.641000
321.839	9.641000
321.839	9.661000
322.192	9.661000
322.192	9.842000
322.51	9.842000
322.51	9.560000
322.828	9.560000
322.828	9.496000
323.146	9.496000
323.146	8.784000
323.465	8.784000
323.465	8.556000
323.784	8.556000
323.784	8.732000
324.103	8.732000
324.103	8.154000
324.456	8.154000
324.456	8.274000
324.809	8.274000
324.809	8.357000
325.162	8.357000
325.162	8.978000
325.515	8.978000
325.515	8.953000
325.868	8.953000
325.868	8.685000
326.221	8.685000
326.221	8.812000
326.574	8.812000
326.574	9.110000
326.927	9.110000
326.927	9.155000
327.28	9.155000
327.28	9.904000
327.632	9.904000
327.632	7.644000
327.985	7.644000
327.985	7.838000
328.337	7.838000
328.337	7.547000
328.69	7.547000
328.69	6.719000
329.008	6.719000
329.008	6.476000
329.326	6.476000
329.326	6.737000
329.643	6.737000
329.643	7.351000
329.997	7.351000
329.997	7.404000
330.351	7.404000
330.351	7.368000
330.705	7.368000
330.705	8.210000
331.058	8.210000
331.058	8.085000
331.411	8.085000
331.411	8.014000
331.763	8.014000
331.763	7.397000
332.116	7.397000
332.116	7.532000
332.468	7.532000
332.468	7.088000
332.821	7.088000
332.821	9.217000
333.174	9.217000
333.174	9.295000
333.527	9.295000
333.527	9.223000
333.88	9.223000
333.88	7.904000
334.198	7.904000
334.198	7.918000
334.516	7.918000
334.516	8.031000
334.832	8.031000
334.832	7.559000
335.185	7.559000
335.185	7.629000
335.538	7.629000
335.538	7.647000
335.891	7.647000
335.891	9.141000
336.244	9.141000
336.244	8.848000
336.597	8.848000
336.597	8.883000
336.95	8.883000
336.95	7.527000
337.268	7.527000
337.268	7.579000
337.586	7.579000
337.586	7.522000
337.903	7.522000
337.903	8.814000
338.256	8.814000
338.256	8.525000
338.609	8.525000
338.609	8.509000
338.962	8.509000
338.962	8.828000
339.315	8.828000
339.315	8.935000
339.669	8.935000
339.669	8.896000
340.023	8.896000
340.023	8.625000
340.376	8.625000
340.376	8.642000
340.729	8.642000
340.729	8.424000
341.082	8.424000
341.082	9.931000
341.435	9.931000
341.435	9.509000
341.787	9.509000
341.787	9.423000
342.14	9.423000
342.14	8.650000
342.493	8.650000
342.493	8.824000
342.846	8.824000
342.846	8.863000
343.199	8.863000
343.199	7.322000
343.517	7.322000
343.517	7.023000
343.835	7.023000
343.835	7.170000
344.153	7.170000
344.153	8.288000
344.47	8.288000
344.47	8.215000
344.788	8.215000
344.788	8.035000
345.106	8.035000
345.106	8.446000
345.424	8.446000
345.424	8.663000
345.742	8.663000
345.742	8.398000
346.06	8.398000
346.06	7.916000
346.377	7.916000
346.377	7.808000
346.695	7.808000
346.695	7.559000
347.013	7.559000
347.013	8.487000
347.367	8.487000
347.367	8.891000
347.721	8.891000
347.721	8.712000
348.075	8.712000
348.075	8.493000
348.428	8.493000
348.428	8.513000
348.781	8.513000
348.781	8.393000
349.134	8.393000
349.134	7.780000
349.452	7.780000
349.452	0.000000
349.452	0.000000
349.452	7.413000
349.77	7.413000
349.77	9.027000
350.123	9.027000
350.123	9.098000
350.477	9.098000
350.477	9.226000
350.831	9.226000
350.831	8.148000
351.149	8.148000
351.149	7.899000
351.467	7.899000
351.467	7.788000
351.785	7.788000
351.785	8.139000
352.137	8.139000
352.137	7.862000
352.488	7.862000
352.488	8.202000
352.84	8.202000
352.84	9.714000
353.193	9.714000
353.193	9.865000
353.546	9.865000
353.546	7.952000
353.864	7.952000
353.864	7.396000
354.182	7.396000
354.182	7.219000
354.499	7.219000
354.499	8.151000
354.852	8.151000
354.852	7.968000
355.205	7.968000
355.205	7.820000
355.558	7.820000
355.558	7.545000
355.875	7.545000
355.875	7.277000
356.193	7.277000
356.193	7.265000
356.511	7.265000
356.511	7.897000
356.865	7.897000
356.865	7.646000
357.219	7.646000
357.219	7.353000
357.573	7.353000
357.573	8.746000
357.927	8.746000
357.927	8.875000
358.281	8.875000
358.281	8.816000
358.635	8.816000
358.635	8.681000
358.953	8.681000
358.953	8.339000
359.271	8.339000
359.271	8.307000
359.588	8.307000
359.588	8.454000
359.941	8.454000
359.941	8.039000
360.294	8.039000
360.294	8.090000
360.647	8.090000
360.647	9.292000
361.001	9.292000
361.001	9.531000
361.355	9.531000
361.355	9.597000
361.709	9.597000
361.709	9.041000
362.062	9.041000
362.062	8.861000
362.415	8.861000
362.415	8.677000
362.768	8.677000
362.768	7.245000
363.121	7.245000
363.121	7.033000
363.473	7.033000
363.473	6.848000
363.826	6.848000
363.826	9.530000
364.18	9.530000
364.18	9.431000
364.534	9.431000
364.534	9.352000
364.888	9.352000
364.888	7.670000
365.205	7.670000
365.205	7.514000
365.523	7.514000
365.523	7.263000
365.841	7.263000
365.841	7.500000
366.159	7.500000
366.159	7.079000
366.477	7.079000
366.477	6.927000
366.795	6.927000
366.795	8.653000
367.148	8.653000
367.148	8.788000
367.502	8.788000
367.502	8.933000
367.856	8.933000
367.856	7.495000
368.209	7.495000
368.209	7.430000
368.561	7.430000
368.561	7.261000
368.914	7.261000
368.914	7.180000
369.231	7.180000
369.231	7.073000
369.549	7.073000
369.549	7.097000
369.867	7.097000
369.867	9.756000
370.221	9.756000
370.221	9.738000
370.575	9.738000
370.575	9.869000
370.929	9.869000
370.929	8.154000
371.282	8.154000
371.282	7.534000
371.635	7.534000
371.635	7.514000
371.988	7.514000
371.988	7.341000
372.305	7.341000
372.305	6.635000
372.623	6.635000
372.623	6.573000
372.94	6.573000
372.94	8.650000
373.294	8.650000
373.294	9.119000
373.648	9.119000
373.648	8.941000
374.002	8.941000
374.002	8.742000
374.354	8.742000
374.354	8.747000
374.707	8.747000
374.707	8.534000
375.06	8.534000
375.06	9.229000
375.378	9.229000
375.378	9.472000
375.696	9.472000
375.696	9.178000
376.014	9.178000
376.014	9.620000
376.368	9.620000
376.368	9.986000
376.722	9.986000
376.722	9.695000
377.076	9.695000
377.076	6.878000
377.429	6.878000
377.429	6.896000
377.782	6.896000
377.782	6.662000
378.135	6.662000
378.135	9.034000
378.489	9.034000
378.489	9.190000
378.843	9.190000
378.843	9.015000
379.197	9.015000
379.197	9.184000
379.516	9.184000
379.516	9.074000
379.835	9.074000
379.835	9.015000
380.154	9.015000
380.154	8.717000
380.508	8.717000
380.508	8.692000
380.861	8.692000
380.861	8.787000
381.215	8.787000
381.215	6.891000
381.569	6.891000
381.569	6.805000
381.923	6.805000
381.923	6.466000
382.277	6.466000
382.277	7.684000
382.632	7.684000
382.632	7.603000
382.987	7.603000
382.987	7.490000
383.342	7.490000
383.342	9.538000
383.696	9.538000
383.696	9.814000
384.051	9.814000
384.051	9.699000
384.406	9.699000
384.406	8.688000
384.76	8.688000
384.76	8.987000
385.114	8.987000
385.114	8.674000
385.468	8.674000
385.468	8.939000
385.786	8.939000
385.786	8.760000
386.104	8.760000
386.104	8.838000
386.422	8.838000
386.422	8.423000
386.776	8.423000
386.776	8.621000
387.13	8.621000
387.13	8.587000
387.484	8.587000
387.484	8.202000
387.837	8.202000
387.837	7.919000
388.19	7.919000
388.19	7.801000
388.543	7.801000
388.543	7.835000
388.861	7.835000
388.861	7.711000
389.179	7.711000
389.179	7.508000
389.497	7.508000
389.497	9.757000
389.851	9.757000
389.851	9.827000
390.205	9.827000
390.205	9.838000
390.559	9.838000
390.559	7.847000
390.876	7.847000
390.876	7.441000
391.194	7.441000
391.194	7.630000
391.512	7.630000
391.512	8.132000
391.831	8.132000
391.831	8.057000
392.15	8.057000
392.15	8.067000
392.469	8.067000
392.469	8.568000
392.822	8.568000
392.822	8.761000
393.176	8.761000
393.176	8.568000
393.53	8.568000
393.53	8.144000
393.848	8.144000
393.848	7.745000
394.167	7.745000
394.167	7.719000
394.485	7.719000
394.485	8.702000
394.839	8.702000
394.839	8.363000
395.193	8.363000
395.193	8.196000
395.547	8.196000
395.547	9.496000
395.898	9.496000
395.898	9.662000
396.249	9.662000
396.249	9.596000
396.602	9.596000
396.602	9.006000
396.919	9.006000
396.919	8.598000
397.237	8.598000
397.237	8.609000
397.555	8.609000
397.555	7.122000
397.908	7.122000
397.908	7.374000
398.261	7.374000
398.261	7.217000
398.614	7.217000
398.614	8.507000
398.968	8.507000
398.968	8.574000
399.322	8.574000
399.322	8.581000
399.676	8.581000
399.676	7.512000
399.993	7.512000
399.993	7.523000
400.31	7.523000
400.31	7.511000
400.628	7.511000
400.628	7.079000
400.981	7.079000
400.981	7.113000
401.334	7.113000
401.334	6.888000
401.687	6.888000
401.687	8.919000
402.041	8.919000
402.041	8.942000
402.395	8.942000
402.395	8.927000
402.749	8.927000
402.749	7.954000
403.103	7.954000
403.103	8.163000
403.457	8.163000
403.457	8.160000
403.81	8.160000
403.81	7.927000
404.129	7.927000
404.129	7.640000
404.448	7.640000
404.448	7.761000
404.767	7.761000
404.767	9.615000
405.121	9.615000
405.121	9.907000
405.475	9.907000
405.475	8.436000
405.829	8.436000
405.829	8.289000
406.183	8.289000
406.183	8.258000
406.537	8.258000
406.537	8.697000
406.891	8.697000
406.891	8.358000
407.243	8.358000
407.243	8.212000
407.597	8.212000
407.597	9.891000
407.951	9.891000
407.951	9.854000
408.305	9.854000
408.305	9.992000
408.658	9.992000
408.658	8.440000
408.976	8.440000
408.976	8.040000
409.294	8.040000
409.294	8.185000
409.612	8.185000
409.612	7.530000
409.929	7.530000
409.929	7.374000
410.247	7.374000
410.247	7.246000
410.565	7.246000
410.565	7.903000
410.876	7.903000
410.876	8.320000
411.188	8.320000
411.188	8.157000
411.5	8.157000
411.5	9.945000
411.853	9.945000
411.853	9.710000
412.206	9.710000
412.206	8.985000
412.559	8.985000
412.559	9.419000
412.912	9.419000
412.912	9.335000
413.265	9.335000
413.265	9.889000
413.577	9.889000
413.577	9.486000
413.888	9.486000
413.888	9.132000
414.2	9.132000
414.2	8.745000
414.554	8.745000
414.554	8.895000
414.906	8.895000
414.906	8.794000
415.26	8.794000
415.26	9.534000
415.613	9.534000
415.613	9.737000
415.967	9.737000
415.967	9.662000
416.321	9.662000
416.321	8.308000
416.674	8.308000
416.674	8.188000
417.027	8.188000
417.027	7.946000
417.38	7.946000
417.38	8.219000
417.699	8.219000
417.699	7.796000
418.018	7.796000
418.018	7.904000
418.337	7.904000
418.337	8.053000
418.69	8.053000
418.69	8.363000
419.044	8.363000
419.044	8.338000
419.398	8.338000
419.398	7.886000
419.716	7.886000
419.716	7.996000
420.034	7.996000
420.034	7.835000
420.353	7.835000
420.353	6.960000
420.671	6.960000
420.671	6.598000
420.989	6.598000
420.989	6.668000
421.307	6.668000
421.307	9.136000
421.661	9.136000
421.661	9.064000
422.015	9.064000
422.015	9.058000
422.369	9.058000
422.369	8.607000
422.687	8.607000
422.687	8.150000
423.005	8.150000
423.005	8.112000
423.322	8.112000
423.322	9.133000
423.64	9.133000
423.64	9.050000
423.958	9.050000
423.958	8.752000
424.276	8.752000
424.276	9.843000
424.588	9.843000
424.588	7.600000
424.941	7.600000
424.941	7.712000
425.294	7.712000
425.294	7.440000
425.647	7.440000
425.647	9.759000
425.965	9.759000
425.965	9.549000
426.283	9.549000
426.283	9.117000
426.6	9.117000
426.6	8.235000
426.953	8.235000
426.953	8.136000
427.306	8.136000
427.306	7.971000
427.659	7.971000
427.659	8.489000
428.011	8.489000
428.011	8.468000
428.364	8.468000
428.364	8.192000
428.717	8.192000
428.717	9.521000
429.071	9.521000
429.071	8.318000
429.39	8.318000
429.39	8.309000
429.709	8.309000
429.709	8.232000
430.028	8.232000
430.028	7.806000
430.345	7.806000
430.345	7.406000
430.663	7.406000
430.663	7.274000
430.981	7.274000
430.981	9.448000
431.334	9.448000
431.334	9.346000
431.688	9.346000
431.688	9.316000
432.042	9.316000
432.042	8.024000
432.395	8.024000
432.395	7.998000
432.748	7.998000
432.748	7.788000
433.101	7.788000
433.101	8.425000
433.453	8.425000
433.453	8.392000
433.806	8.392000
433.806	8.136000
434.159	8.136000
434.159	9.565000
434.513	9.565000
434.513	9.776000
434.866	9.776000
434.866	9.903000
435.219	9.903000
435.219	6.827000
435.572	6.827000
435.572	6.880000
435.925	6.880000
435.925	6.731000
436.278	6.731000
436.278	7.278000
436.597	7.278000
436.597	7.143000
436.916	7.143000
436.916	7.131000
437.234	7.131000
437.234	8.178000
437.588	8.178000
437.588	8.284000
437.942	8.284000
437.942	7.982000
438.296	7.982000
438.296	8.952000
438.614	8.952000
438.614	8.860000
438.932	8.860000
438.932	8.609000
439.25	8.609000
439.25	9.585000
439.602	9.585000
439.602	9.559000
439.955	9.559000
439.955	9.520000
440.308	9.520000
440.308	8.144000
440.661	8.144000
440.661	8.144000
441.014	8.144000
441.014	7.926000
441.367	7.926000
441.367	9.535000
441.685	9.535000
441.685	9.615000
442.003	9.615000
442.003	9.400000
442.321	9.400000
442.321	8.642000
442.672	8.642000
442.672	8.581000
443.025	8.581000
443.025	8.631000
443.378	8.631000
443.378	7.239000
443.732	7.239000
443.732	7.222000
444.086	7.222000
444.086	7.251000
444.44	7.251000
444.44	9.170000
444.793	9.170000
444.793	9.221000
445.145	9.221000
445.145	9.081000
445.498	9.081000
445.498	8.629000
445.85	8.629000
445.85	8.354000
446.202	8.354000
446.202	8.160000
446.555	8.160000
446.555	8.012000
446.908	8.012000
446.908	7.726000
447.261	7.726000
447.261	7.574000
447.614	7.574000
447.614	8.988000
447.967	8.988000
447.967	9.129000
448.32	9.129000
448.32	9.155000
448.672	9.155000
448.672	7.815000
449.025	7.815000
449.025	7.786000
449.378	7.786000
449.378	7.907000
449.731	7.907000
449.731	8.351000
450.084	8.351000
450.084	8.687000
450.437	8.687000
450.437	8.302000
450.79	8.302000
450.79	7.594000
451.144	7.594000
451.144	7.812000
451.498	7.812000
451.498	7.877000
451.852	7.877000
451.852	8.923000
452.171	8.923000
452.171	8.558000
452.49	8.558000
452.49	8.705000
452.809	8.705000
452.809	7.896000
453.163	7.896000
453.163	8.028000
453.517	8.028000
453.517	7.885000
453.871	7.885000
453.871	9.550000
454.225	9.550000
454.225	9.798000
454.579	9.798000
454.579	9.806000
454.933	9.806000
454.933	9.055000
455.251	9.055000
455.251	8.522000
455.569	8.522000
455.569	8.634000
455.886	8.634000
455.886	8.146000
456.238	8.146000
456.238	7.876000
456.59	7.876000
456.59	7.555000
456.943	7.555000
456.943	7.304000
457.296	7.304000
457.296	7.698000
457.649	7.698000
457.649	7.230000
458.002	7.230000
458.002	7.655000
458.32	7.655000
458.32	7.502000
458.638	7.502000
458.638	7.504000
458.955	7.504000
458.955	8.376000
459.273	8.376000
459.273	7.833000
459.591	7.833000
459.591	7.828000
459.909	7.828000
459.909	7.830000
460.262	7.830000
460.262	8.061000
460.616	8.061000
460.616	8.157000
460.969	8.157000
460.969	7.962000
461.322	7.962000
461.322	7.915000
461.674	7.915000
461.674	7.424000
462.027	7.424000
462.027	7.732000
462.381	7.732000
462.381	7.535000
462.735	7.535000
462.735	7.778000
463.089	7.778000
463.089	8.607000
463.442	8.607000
463.442	8.511000
463.796	8.511000
463.796	8.808000
464.15	8.808000
464.15	7.946000
464.467	7.946000
464.467	7.656000
464.785	7.656000
464.785	7.838000
465.102	7.838000
465.102	9.083000
465.455	9.083000
465.455	9.359000
465.808	9.359000
465.808	9.304000
466.161	9.304000
466.161	9.101000
466.513	9.101000
466.513	0.000000
466.513	0.000000
466.513	9.677000
466.866	9.677000
466.866	7.468000
467.184	7.468000
467.184	0.000000
467.184	0.000000
467.184	7.200000
467.501	7.200000
467.501	6.937000
467.854	6.937000
467.854	0.000000
467.854	0.000000
467.854	6.863000
468.207	6.863000
468.207	8.360000
468.56	8.360000
468.56	0.000000
468.56	0.000000
468.56	8.490000
468.913	8.490000
468.913	1.239000
469.015	1.239000
469.015	0.000000
469.015	0.000000
469.015	1.239000
469.117	1.239000
469.117	1.033000
469.219	1.033000
469.219	0.000000
469.219	0.000000
469.219	1.074000
469.321	1.074000
469.321	8.278000
469.675	8.278000
469.675	0.000000
469.675	0.000000
469.675	8.503000
470.029	8.503000
470.029	1.214000
470.131	1.214000
470.131	0.000000
470.131	0.000000
470.131	1.236000
470.233	1.236000
470.233	8.534000
470.551	8.534000
470.551	0.000000
470.551	0.000000
470.551	8.844000
470.869	8.844000
470.869	0.000000
470.869	0.000000
470.869	1.669000
470.971	1.669000
470.971	0.000000
470.971	0.000000
470.971	1.809000
471.073	1.809000
471.073	1.820000
471.175	1.820000
471.175	0.000000
471.175	0.000000
471.175	1.702000
471.277	1.702000
471.277	0.000000
471.277	0.000000
471.277	2.131000
471.379	2.131000
471.379	0.000000
471.379	0.000000
471.379	2.055000
471.481	2.055000
471.481	8.210000
471.799	8.210000
471.799	0.000000
471.799	0.000000
471.799	8.264000
472.117	8.264000
472.117	8.578000
472.471	8.578000
472.471	0.000000
472.471	0.000000
472.471	8.853000
472.824	8.853000
472.824	7.972000
473.177	7.972000
473.177	0.000000
473.177	0.000000
473.177	7.702000
473.53	7.702000
473.53	7.967000
473.883	7.967000
473.883	8.201000
474.236	8.201000
474.236	7.968000
474.589	7.968000
474.589	9.734000
474.942	9.734000
474.942	9.561000
475.295	9.561000
475.295	9.941000
475.648	9.941000
475.648	7.586000
475.966	7.586000
475.966	7.571000
476.284	7.571000
476.284	7.261000
476.602	7.261000
476.602	7.776000
476.92	7.776000
476.92	7.652000
477.238	7.652000
477.238	7.608000
477.556	7.608000
477.556	8.184000
477.91	8.184000
477.91	8.313000
478.264	8.313000
478.264	8.232000
478.618	8.232000
478.618	7.899000
478.937	7.899000
478.937	8.113000
479.256	8.113000
479.256	8.111000
479.575	8.111000
479.575	7.481000
479.892	7.481000
479.892	7.395000
480.21	7.395000
480.21	7.342000
480.528	7.342000
480.528	9.222000
480.882	9.222000
480.882	9.877000
481.236	9.877000
481.236	9.822000
481.59	9.822000
481.59	7.262000
481.942	7.262000
481.942	6.971000
482.295	6.971000
482.295	6.799000
482.648	6.799000
482.648	7.567000
482.966	7.567000
482.966	7.685000
483.284	7.685000
483.284	7.298000
483.602	7.298000
483.602	9.664000
483.956	9.664000
483.956	9.683000
484.31	9.683000
484.31	9.758000
484.664	9.758000
484.664	7.450000
485.017	7.450000
485.017	7.057000
485.37	7.057000
485.37	7.202000
485.723	7.202000
485.723	7.560000
486.041	7.560000
486.041	7.295000
486.359	7.295000
486.359	7.543000
486.677	7.543000
486.677	7.957000
487.03	7.957000
487.03	7.527000
487.383	7.527000
487.383	7.594000
487.735	7.594000
487.735	8.543000
488.088	8.543000
488.088	8.594000
488.441	8.594000
488.441	8.279000
488.794	8.279000
488.794	8.739000
489.148	8.739000
489.148	8.806000
489.502	8.806000
489.502	8.791000
489.856	8.791000
489.856	7.433000
490.21	7.433000
490.21	7.457000
490.564	7.457000
490.564	7.198000
490.918	7.198000
490.918	7.638000
491.236	7.638000
491.236	7.367000
491.554	7.367000
491.554	7.475000
491.872	7.475000
491.872	8.124000
492.226	8.124000
492.226	7.951000
492.58	7.951000
492.58	7.994000
492.934	7.994000
492.934	8.034000
493.288	8.034000
493.288	7.941000
493.642	7.941000
493.642	7.740000
493.996	7.740000
493.996	7.147000
494.314	7.147000
494.314	7.173000
494.632	7.173000
494.632	7.209000
494.95	7.209000
494.95	9.865000
495.304	9.865000
495.304	8.390000
495.621	8.390000
495.621	8.231000
495.939	8.231000
495.939	8.371000
496.257	8.371000
496.257	7.934000
496.611	7.934000
496.611	7.752000
496.965	7.752000
496.965	7.462000
497.319	7.462000
497.319	7.284000
497.638	7.284000
497.638	6.364000
497.957	6.364000
497.957	6.643000
498.276	6.643000
498.276	9.179000
498.593	9.179000
498.593	8.508000
498.911	8.508000
498.911	8.292000
499.229	8.292000
499.229	9.335000
499.582	9.335000
499.582	9.368000
499.936	9.368000
499.936	9.437000
500.289	9.437000
500.289	8.488000
500.607	8.488000
500.607	8.215000
500.925	8.215000
500.925	8.194000
501.243	8.194000
501.243	7.342000
501.56	7.342000
501.56	6.682000
501.878	6.682000
501.878	6.910000
502.196	6.910000
502.196	7.074000
502.514	7.074000
502.514	7.100000
502.832	7.100000
502.832	6.873000
503.15	6.873000
503.15	8.527000
503.503	8.527000
503.503	8.446000
503.856	8.446000
503.856	8.349000
504.209	8.349000
504.209	9.713000
504.563	9.713000
504.563	9.463000
504.917	9.463000
504.917	9.555000
505.271	9.555000
505.271	6.979000
505.589	6.979000
505.589	7.086000
505.907	7.086000
505.907	7.165000
506.225	7.165000
506.225	8.277000
506.544	8.277000
506.544	8.084000
506.863	8.084000
506.863	8.103000
507.181	8.103000
507.181	8.710000
507.534	8.710000
507.534	9.116000
507.888	9.116000
507.888	8.944000
508.242	8.944000
508.242	7.723000
508.561	7.723000
508.561	7.617000
508.88	7.617000
508.88	7.489000
509.198	7.489000
509.198	9.292000
509.516	9.292000
509.516	9.053000
509.834	9.053000
509.834	8.835000
510.152	8.835000
510.152	8.407000
510.505	8.407000
510.505	8.206000
510.858	8.206000
510.858	8.169000
511.211	8.169000
511.211	9.217000
511.563	9.217000
511.563	8.780000
511.916	8.780000
511.916	8.804000
512.269	8.804000
512.269	9.630000
512.588	9.630000
512.588	8.701000
512.907	8.701000
512.907	8.729000
513.226	8.729000
