0.0	7.247000
0.316	7.247000
0.316	6.974000
0.633	6.974000
0.633	7.191000
0.949	7.191000
0.949	7.803000
1.266	7.803000
1.266	7.589000
1.583	7.589000
1.583	7.454000
1.9	7.454000
1.9	8.699000
2.214	8.699000
2.214	8.834000
2.531	8.834000
2.531	9.056000
2.848	9.056000
2.848	7.638000
3.165	7.638000
3.165	7.364000
3.482	7.364000
3.482	7.296000
3.799	7.296000
3.799	7.992000
4.114	7.992000
4.114	7.676000
4.43	7.676000
4.43	7.972000
4.746	7.972000
4.746	7.585000
5.062	7.585000
5.062	7.425000
5.375	7.425000
5.375	7.488000
5.691	7.488000
5.691	7.762000
5.98	7.762000
5.98	7.607000
6.269	7.607000
6.269	7.484000
6.558	7.484000
6.558	8.429000
6.829	8.429000
6.829	7.000000
7.143	7.000000
7.143	6.830000
7.458	6.830000
7.458	6.719000
7.774	6.719000
7.774	7.603000
8.089	7.603000
8.089	7.745000
8.405	7.745000
8.405	7.747000
8.719	7.747000
8.719	6.397000
9.071	6.397000
9.071	6.399000
9.424	6.399000
9.424	6.503000
9.775	6.503000
9.775	7.618000
10.092	7.618000
10.092	7.309000
10.408	7.309000
10.408	7.391000
10.725	7.391000
10.725	7.673000
11.042	7.673000
11.042	7.518000
11.358	7.518000
11.358	7.394000
11.675	7.394000
11.675	7.561000
11.992	7.561000
11.992	7.440000
12.307	7.440000
12.307	7.560000
12.624	7.560000
12.624	9.777000
12.976	9.777000
12.976	9.801000
13.328	9.801000
13.328	9.966000
13.678	9.966000
13.678	8.945000
13.992	8.945000
13.992	8.921000
14.308	8.921000
14.308	8.863000
14.623	8.863000
14.623	8.167000
14.974	8.167000
14.974	8.132000
15.326	8.132000
15.326	8.030000
15.673	8.030000
15.673	7.383000
15.987	7.383000
15.987	7.163000
16.303	7.163000
16.303	7.236000
16.619	7.236000
16.619	7.095000
16.935	7.095000
16.935	7.185000
17.251	7.185000
17.251	7.203000
17.566	7.203000
17.566	7.460000
17.881	7.460000
17.881	7.353000
18.196	7.353000
18.196	7.308000
18.51	7.308000
18.51	7.430000
18.826	7.430000
18.826	7.478000
19.142	7.478000
19.142	7.500000
19.458	7.500000
19.458	6.742000
19.809	6.742000
19.809	6.646000
20.161	6.646000
20.161	6.653000
20.512	6.653000
20.512	7.321000
20.828	7.321000
20.828	7.414000
21.144	7.414000
21.144	7.534000
21.458	7.534000
21.458	7.937000
21.775	7.937000
21.775	7.657000
22.092	7.657000
22.092	7.651000
22.409	7.651000
22.409	7.466000
22.724	7.466000
22.724	6.962000
23.039	6.962000
23.039	7.219000
23.354	7.219000
23.354	7.594000
23.67	7.594000
23.67	7.433000
23.986	7.433000
23.986	7.318000
24.302	7.318000
24.302	7.565000
24.618	7.565000
24.618	7.255000
24.933	7.255000
24.933	7.266000
25.249	7.266000
25.249	6.549000
25.599	6.549000
25.599	6.517000
25.951	6.517000
25.951	6.663000
26.303	6.663000
26.303	8.540000
26.617	8.540000
26.617	7.795000
26.928	7.795000
26.928	8.447000
27.243	8.447000
27.243	7.388000
27.56	7.388000
27.56	7.277000
27.877	7.277000
27.877	7.209000
28.194	7.209000
28.194	5.951000
28.546	5.951000
28.546	6.407000
28.897	6.407000
28.897	6.425000
29.248	6.425000
29.248	6.892000
29.564	6.892000
29.564	6.810000
29.879	6.810000
29.879	6.829000
30.192	6.829000
30.192	6.746000
30.543	6.746000
30.543	6.477000
30.894	6.477000
30.894	6.967000
31.245	6.967000
31.245	6.219000
31.597	6.219000
31.597	6.483000
31.949	6.483000
31.949	6.283000
32.297	6.283000
32.297	7.195000
32.612	7.195000
32.612	7.137000
32.928	7.137000
32.928	7.091000
33.244	7.091000
33.244	6.841000
33.558	6.841000
33.558	6.844000
33.874	6.844000
33.874	6.937000
34.188	6.937000
34.188	6.079000
34.539	6.079000
34.539	5.767000
34.891	5.767000
34.891	5.873000
35.243	5.873000
35.243	6.876000
35.56	6.876000
35.56	6.730000
35.877	6.730000
35.877	6.923000
36.194	6.923000
36.194	6.387000
36.476	6.387000
36.476	6.292000
36.759	6.292000
36.759	6.306000
37.04	6.306000
37.04	6.437000
37.355	6.437000
37.355	6.179000
37.669	6.179000
37.669	6.239000
37.985	6.239000
37.985	8.812000
38.3	8.812000
38.3	8.515000
38.616	8.515000
38.616	8.794000
38.933	8.794000
38.933	7.006000
39.249	7.006000
39.249	7.146000
39.565	7.146000
39.565	7.128000
39.881	7.128000
39.881	6.598000
40.233	6.598000
40.233	6.282000
40.585	6.282000
40.585	6.517000
40.936	6.517000
40.936	7.188000
41.252	7.188000
41.252	7.417000
41.568	7.417000
41.568	7.126000
41.884	7.126000
41.884	9.916000
42.2	9.916000
42.2	9.944000
42.514	9.944000
42.514	6.441000
42.866	6.441000
42.866	6.501000
43.218	6.501000
43.218	6.606000
43.57	6.606000
43.57	6.904000
43.886	6.904000
43.886	7.110000
44.202	7.110000
44.202	6.853000
44.517	6.853000
44.517	6.493000
44.869	6.493000
44.869	6.459000
45.22	6.459000
45.22	7.188000
45.536	7.188000
45.536	7.149000
45.852	7.149000
45.852	6.798000
46.167	6.798000
46.167	7.504000
46.482	7.504000
46.482	7.617000
46.797	7.617000
46.797	7.508000
47.112	7.508000
47.112	6.390000
47.462	6.390000
47.462	6.260000
47.814	6.260000
47.814	6.547000
48.165	6.547000
48.165	8.114000
48.516	8.114000
48.516	8.794000
48.858	8.794000
48.858	7.839000
49.209	7.839000
49.209	9.894000
49.523	9.894000
49.523	5.756000
49.875	5.756000
49.875	6.233000
50.227	6.233000
50.227	6.370000
50.579	6.370000
50.579	7.369000
50.896	7.369000
50.896	7.323000
51.213	7.323000
51.213	7.317000
51.529	7.317000
51.529	7.584000
51.845	7.584000
51.845	7.432000
52.159	7.432000
52.159	7.578000
52.475	7.578000
52.475	6.565000
52.827	6.565000
52.827	6.851000
53.179	6.851000
53.179	6.947000
53.531	6.947000
53.531	9.413000
53.88	9.413000
53.88	9.098000
54.23	9.098000
54.23	9.207000
54.581	9.207000
54.581	6.346000
54.901	6.346000
54.901	6.256000
55.221	6.256000
55.221	6.691000
55.541	6.691000
55.541	7.254000
55.858	7.254000
55.858	7.308000
56.175	7.308000
56.175	7.177000
56.492	7.177000
56.492	7.219000
56.808	7.219000
56.808	7.297000
57.125	7.297000
57.125	7.249000
57.441	7.249000
57.441	7.706000
57.786	7.706000
57.786	7.659000
58.138	7.659000
58.138	7.873000
58.487	7.873000
58.487	7.298000
58.803	7.298000
58.803	7.366000
59.119	7.366000
59.119	7.155000
59.434	7.155000
59.434	5.860000
59.786	5.860000
59.786	6.203000
60.138	6.203000
60.138	6.123000
60.49	6.123000
60.49	7.489000
60.806	7.489000
60.806	7.782000
61.122	7.782000
61.122	7.501000
61.438	7.501000
61.438	7.460000
61.755	7.460000
61.755	7.174000
62.072	7.174000
62.072	7.320000
62.389	7.320000
62.389	6.154000
62.741	6.154000
62.741	6.163000
63.093	6.163000
63.093	6.281000
63.445	6.281000
63.445	7.318000
63.761	7.318000
63.761	7.365000
64.077	7.365000
64.077	7.312000
64.393	7.312000
64.393	6.822000
64.745	6.822000
64.745	6.771000
65.097	6.771000
65.097	6.777000
65.447	6.777000
65.447	8.142000
65.762	8.142000
65.762	7.708000
66.077	7.708000
66.077	7.712000
66.392	7.712000
66.392	7.619000
66.708	7.619000
66.708	7.162000
67.024	7.162000
67.024	7.238000
67.341	7.238000
67.341	9.380000
67.693	9.380000
67.693	9.135000
68.043	9.135000
68.043	9.174000
68.393	9.174000
68.393	6.579000
68.704	6.579000
68.704	6.518000
69.015	6.518000
69.015	6.447000
69.325	6.447000
69.325	9.357000
69.641	9.357000
69.641	8.926000
69.956	8.926000
69.956	8.962000
70.271	8.962000
70.271	9.138000
70.62	9.138000
70.62	9.313000
70.972	9.313000
70.972	8.991000
71.318	8.991000
71.318	7.119000
71.632	7.119000
71.632	6.984000
71.948	6.984000
71.948	6.872000
72.264	6.872000
72.264	6.463000
72.616	6.463000
72.616	6.726000
72.968	6.726000
72.968	6.684000
73.319	6.684000
73.319	6.779000
73.635	6.779000
73.635	6.958000
73.951	6.958000
73.951	7.099000
74.267	7.099000
74.267	9.874000
74.585	9.874000
74.585	7.364000
74.9	7.364000
74.9	7.172000
75.215	7.172000
75.215	7.110000
75.531	7.110000
75.531	6.010000
75.881	6.010000
75.881	5.942000
76.233	5.942000
76.233	6.080000
76.585	6.080000
76.585	7.649000
76.901	7.649000
76.901	7.004000
77.217	7.004000
77.217	7.322000
77.533	7.322000
77.533	7.380000
77.849	7.380000
77.849	6.937000
78.165	6.937000
78.165	7.116000
78.481	7.116000
78.481	6.436000
78.833	6.436000
78.833	6.589000
79.185	6.589000
79.185	6.860000
79.533	6.860000
79.533	6.831000
79.85	6.831000
79.85	7.116000
80.167	7.116000
80.167	7.128000
80.483	7.128000
80.483	7.194000
80.8	7.194000
80.8	7.311000
81.117	7.311000
81.117	7.276000
81.432	7.276000
81.432	6.341000
81.784	6.341000
81.784	6.361000
82.136	6.361000
82.136	6.544000
82.487	6.544000
82.487	7.857000
82.803	7.857000
82.803	7.508000
83.119	7.508000
83.119	7.419000
83.434	7.419000
83.434	7.026000
83.747	7.026000
83.747	6.908000
84.063	6.908000
84.063	6.955000
84.375	6.955000
84.375	6.633000
84.724	6.633000
84.724	6.680000
85.075	6.680000
85.075	6.786000
85.425	6.786000
85.425	7.272000
85.74	7.272000
85.74	6.948000
86.055	6.948000
86.055	6.924000
86.371	6.924000
86.371	5.793000
86.722	5.793000
86.722	5.758000
87.074	5.758000
87.074	5.457000
87.424	5.457000
87.424	8.004000
87.739	8.004000
87.739	7.549000
88.054	7.549000
88.054	7.657000
88.368	7.657000
88.368	8.787000
88.684	8.787000
88.684	8.428000
89.0	8.428000
89.0	8.375000
89.317	8.375000
89.317	6.944000
89.633	6.944000
89.633	6.843000
89.949	6.843000
89.949	6.907000
90.265	6.907000
90.265	7.928000
90.581	7.928000
90.581	7.423000
90.897	7.423000
90.897	7.508000
91.212	7.508000
91.212	6.670000
91.564	6.670000
91.564	6.738000
91.916	6.738000
91.916	6.979000
92.268	6.979000
92.268	7.476000
92.582	7.476000
92.582	7.330000
92.898	7.330000
92.898	7.296000
93.214	7.296000
93.214	6.813000
93.531	6.813000
93.531	6.817000
93.848	6.817000
93.848	6.963000
94.165	6.963000
94.165	6.985000
94.478	6.985000
94.478	7.182000
94.795	7.182000
94.795	7.103000
95.112	7.103000
95.112	8.397000
95.426	8.397000
95.426	8.561000
95.742	8.561000
95.742	8.488000
96.057	8.488000
96.057	6.045000
96.409	6.045000
96.409	6.265000
96.76	6.265000
96.76	6.362000
97.111	6.362000
97.111	7.888000
97.428	7.888000
97.428	7.843000
97.745	7.843000
97.745	7.877000
98.062	7.877000
98.062	7.859000
98.378	7.859000
98.378	7.957000
98.695	7.957000
98.695	7.843000
99.011	7.843000
99.011	6.417000
99.286	6.417000
99.286	6.195000
99.56	6.195000
99.56	7.864000
99.875	7.864000
99.875	4.835000
100.189	4.835000
100.189	8.250000
100.505	8.250000
100.505	7.395000
100.856	7.395000
100.856	7.729000
101.208	7.729000
101.208	7.829000
101.56	7.829000
101.56	7.406000
101.874	7.406000
101.874	7.386000
102.189	7.386000
102.189	7.487000
102.503	7.487000
102.503	7.181000
102.819	7.181000
102.819	7.246000
103.135	7.246000
103.135	7.382000
103.45	7.382000
103.45	6.387000
103.802	6.387000
103.802	6.682000
104.154	6.682000
104.154	6.910000
104.506	6.910000
104.506	7.565000
104.821	7.565000
104.821	7.094000
105.137	7.094000
105.137	7.125000
105.453	7.125000
105.453	7.598000
105.768	7.598000
105.768	7.222000
106.083	7.222000
106.083	7.270000
106.397	7.270000
106.397	6.142000
106.699	6.142000
106.699	6.320000
107.002	6.320000
107.002	6.449000
107.304	6.449000
107.304	6.926000
107.62	6.926000
107.62	7.115000
107.936	7.115000
107.936	7.230000
108.251	7.230000
108.251	7.519000
108.567	7.519000
108.567	7.474000
108.883	7.474000
108.883	7.396000
109.199	7.396000
109.199	6.870000
109.515	6.870000
109.515	6.829000
109.83	6.829000
109.83	6.768000
110.144	6.768000
110.144	6.868000
110.461	6.868000
110.461	6.827000
110.776	6.827000
110.776	6.898000
111.092	6.898000
111.092	9.317000
111.406	9.317000
111.406	9.111000
111.72	9.111000
111.72	9.147000
112.035	9.147000
112.035	6.018000
112.387	6.018000
112.387	6.426000
112.739	6.426000
112.739	6.294000
113.089	6.294000
113.089	7.502000
113.403	7.502000
113.403	7.274000
113.718	7.274000
113.718	7.508000
114.033	7.508000
114.033	6.825000
114.343	6.825000
114.343	6.925000
114.659	6.925000
114.659	6.775000
114.974	6.775000
114.974	9.289000
115.288	9.289000
115.288	8.524000
115.602	8.524000
115.602	8.518000
115.915	8.518000
115.915	7.988000
116.23	7.988000
116.23	8.204000
116.546	8.204000
116.546	8.085000
116.858	8.085000
116.858	6.553000
117.209	6.553000
117.209	5.941000
117.561	5.941000
117.561	6.149000
117.912	6.149000
117.912	6.957000
118.228	6.957000
118.228	7.050000
118.544	7.050000
118.544	7.153000
118.86	7.153000
118.86	6.099000
119.212	6.099000
119.212	6.669000
119.563	6.669000
119.563	6.730000
119.914	6.730000
119.914	7.537000
120.23	7.537000
120.23	7.557000
120.546	7.557000
120.546	7.665000
120.862	7.665000
120.862	7.636000
121.172	7.636000
121.172	7.427000
121.488	7.427000
121.488	7.299000
121.804	7.299000
121.804	6.509000
122.108	6.509000
122.108	6.639000
122.412	6.639000
122.412	6.703000
122.716	6.703000
122.716	7.524000
123.033	7.524000
123.033	7.433000
123.35	7.433000
123.35	7.814000
123.666	7.814000
123.666	6.950000
124.018	6.950000
124.018	7.246000
124.37	7.246000
124.37	7.335000
124.72	7.335000
124.72	7.452000
125.035	7.452000
125.035	7.117000
125.351	7.117000
125.351	7.341000
125.667	7.341000
125.667	8.488000
125.94	8.488000
125.94	8.094000
126.216	8.094000
126.216	8.394000
126.492	8.394000
126.492	8.339000
126.809	8.339000
126.809	8.566000
127.125	8.566000
127.125	8.717000
127.442	8.717000
127.442	6.792000
127.757	6.792000
127.757	6.809000
128.073	6.809000
128.073	6.951000
128.386	6.951000
128.386	7.762000
128.659	7.762000
128.659	7.417000
128.934	7.417000
128.934	7.777000
129.209	7.777000
129.209	8.113000
129.561	8.113000
129.561	8.427000
129.913	8.427000
129.913	8.446000
130.263	8.446000
130.263	6.787000
130.577	6.787000
130.577	6.766000
130.893	6.766000
130.893	6.985000
131.207	6.985000
131.207	7.527000
131.482	7.527000
131.482	7.268000
131.758	7.268000
131.758	7.617000
132.034	7.617000
132.034	6.417000
132.382	6.417000
132.382	6.606000
132.734	6.606000
132.734	6.748000
133.086	6.748000
133.086	7.754000
133.396	7.754000
133.396	7.598000
133.712	7.598000
133.712	7.711000
134.027	7.711000
134.027	7.603000
134.299	7.603000
134.299	8.647000
134.571	8.647000
134.571	8.145000
134.881	8.145000
134.881	7.699000
135.197	7.699000
135.197	7.917000
135.512	7.917000
135.512	7.770000
135.828	7.770000
135.828	7.970000
136.145	7.970000
136.145	7.798000
136.461	7.798000
136.461	6.885000
136.777	6.885000
136.777	6.999000
137.094	6.999000
137.094	7.018000
137.411	7.018000
137.411	7.252000
137.727	7.252000
137.727	6.900000
138.044	6.900000
138.044	7.028000
138.361	7.028000
138.361	8.995000
138.676	8.995000
138.676	8.932000
138.993	8.932000
138.993	8.913000
139.308	8.913000
139.308	7.309000
139.583	7.309000
139.583	7.405000
139.859	7.405000
139.859	7.507000
140.134	7.507000
140.134	6.262000
140.486	6.262000
140.486	6.153000
140.838	6.153000
140.838	6.181000
141.19	6.181000
141.19	7.333000
141.506	7.333000
141.506	7.075000
141.823	7.075000
141.823	7.044000
142.138	7.044000
142.138	7.474000
142.454	7.474000
142.454	7.360000
142.771	7.360000
142.771	7.288000
143.087	7.288000
143.087	7.459000
143.402	7.459000
143.402	7.794000
143.717	7.794000
143.717	7.320000
144.033	7.320000
144.033	7.210000
144.349	7.210000
144.349	6.925000
144.665	6.925000
144.665	7.167000
144.982	7.167000
144.982	5.885000
145.334	5.885000
145.334	6.036000
145.685	6.036000
145.685	6.128000
146.036	6.128000
146.036	8.134000
146.353	8.134000
146.353	7.927000
146.67	7.927000
146.67	8.092000
146.986	8.092000
146.986	9.895000
147.3	9.895000
147.3	6.848000
147.571	6.848000
147.571	6.991000
147.84	6.991000
147.84	7.078000
148.155	7.078000
148.155	7.018000
148.472	7.018000
148.472	6.885000
148.789	6.885000
148.789	7.772000
149.14	7.772000
149.14	7.467000
149.491	7.467000
149.491	7.403000
149.842	7.403000
149.842	8.777000
150.157	8.777000
150.157	8.724000
150.471	8.724000
150.471	8.755000
150.787	8.755000
150.787	9.011000
151.057	9.011000
151.057	9.126000
151.326	9.126000
151.326	9.284000
151.647	9.284000
151.647	9.103000
151.971	9.103000
151.971	9.300000
152.295	9.300000
152.295	7.692000
152.61	7.692000
152.61	7.038000
152.926	7.038000
152.926	7.123000
153.241	7.123000
153.241	6.495000
153.591	6.495000
153.591	6.296000
153.943	6.296000
153.943	6.508000
154.293	6.508000
154.293	7.370000
154.58	7.370000
154.58	7.265000
154.867	7.265000
154.867	7.353000
155.154	7.353000
155.154	8.696000
155.504	8.696000
155.504	8.515000
155.853	8.515000
155.853	8.542000
156.202	8.542000
156.202	7.599000
156.499	7.599000
156.499	7.395000
156.798	7.395000
156.798	7.366000
157.095	7.366000
157.095	7.221000
157.409	7.221000
157.409	6.960000
157.724	6.960000
157.724	6.992000
158.037	6.992000
158.037	7.731000
158.354	7.731000
158.354	7.748000
158.669	7.748000
158.669	7.646000
158.985	7.646000
158.985	6.402000
159.337	6.402000
159.337	6.589000
159.688	6.589000
159.688	6.774000
160.04	6.774000
160.04	7.238000
160.39	7.238000
160.39	7.233000
160.742	7.233000
160.742	7.306000
161.093	7.306000
161.093	8.875000
161.404	8.875000
161.404	8.940000
161.72	8.940000
161.72	8.985000
162.034	8.985000
162.034	5.427000
162.384	5.427000
162.384	5.421000
162.736	5.421000
162.736	5.665000
163.087	5.665000
163.087	7.443000
163.403	7.443000
163.403	7.206000
163.718	7.206000
163.718	7.257000
164.034	7.257000
164.034	7.857000
164.35	7.857000
164.35	7.620000
164.665	7.620000
164.665	7.666000
164.98	7.666000
164.98	7.644000
165.293	7.644000
165.293	7.390000
165.609	7.390000
165.609	7.453000
165.925	7.453000
165.925	8.023000
166.241	8.023000
166.241	7.880000
166.557	7.880000
166.557	7.761000
166.873	7.761000
166.873	8.731000
167.187	8.731000
167.187	8.876000
167.504	8.876000
167.504	8.909000
167.821	8.909000
167.821	7.663000
168.136	7.663000
168.136	7.358000
168.452	7.358000
168.452	7.422000
168.768	7.422000
168.768	7.070000
169.219	7.070000
169.219	7.049000
169.67	7.049000
169.67	7.506000
170.12	7.506000
170.12	6.119000
170.472	6.119000
170.472	6.202000
170.824	6.202000
170.824	6.354000
171.176	6.354000
171.176	7.297000
171.492	7.297000
171.492	7.369000
171.806	7.369000
171.806	7.366000
172.122	7.366000
172.122	7.044000
172.474	7.044000
172.474	6.938000
172.825	6.938000
172.825	7.073000
173.177	7.073000
173.177	6.120000
173.528	6.120000
173.528	5.892000
173.879	5.892000
173.879	5.880000
174.229	5.880000
174.229	7.276000
174.579	7.276000
174.579	7.079000
174.929	7.079000
174.929	7.258000
175.277	7.258000
175.277	7.415000
175.588	7.415000
175.588	7.027000
175.903	7.027000
175.903	7.342000
176.217	7.342000
176.217	6.354000
176.548	6.354000
176.548	6.539000
176.878	6.539000
176.878	6.599000
177.206	6.599000
177.206	6.820000
177.558	6.820000
177.558	6.798000
177.91	6.798000
177.91	6.811000
178.262	6.811000
178.262	7.633000
178.586	7.633000
178.586	7.530000
178.911	7.530000
178.911	7.795000
179.236	7.795000
179.236	7.810000
179.553	7.810000
179.553	7.615000
179.869	7.615000
179.869	7.610000
180.186	7.610000
180.186	6.387000
180.535	6.387000
180.535	6.477000
180.887	6.477000
180.887	6.642000
181.236	6.642000
181.236	7.388000
181.547	7.388000
181.547	7.191000
181.864	7.191000
181.864	7.215000
182.181	7.215000
182.181	7.651000
182.497	7.651000
182.497	7.089000
182.813	7.089000
182.813	7.366000
183.128	7.366000
183.128	6.105000
183.435	6.105000
183.435	6.063000
183.741	6.063000
183.741	6.173000
184.045	6.173000
184.045	7.019000
184.36	7.019000
184.36	6.985000
184.677	6.985000
184.677	6.941000
184.987	6.941000
184.987	5.835000
185.331	5.835000
185.331	5.935000
185.675	5.935000
185.675	6.034000
186.019	6.034000
186.019	7.287000
186.335	7.287000
186.335	7.513000
186.651	7.513000
186.651	7.189000
186.968	7.189000
186.968	5.760000
187.284	5.760000
187.284	5.984000
187.599	5.984000
187.599	5.813000
187.913	5.813000
187.913	7.055000
188.229	7.055000
188.229	7.296000
188.545	7.296000
188.545	7.456000
188.861	7.456000
188.861	6.135000
189.202	6.135000
189.202	6.187000
189.542	6.187000
189.542	6.232000
189.882	6.232000
189.882	7.948000
190.198	7.948000
190.198	7.902000
190.515	7.902000
190.515	7.996000
190.832	7.996000
190.832	7.830000
191.148	7.830000
191.148	7.634000
191.464	7.634000
191.464	7.805000
191.778	7.805000
191.778	6.759000
192.092	6.759000
192.092	7.154000
192.408	7.154000
192.408	6.889000
192.724	6.889000
192.724	8.288000
193.041	8.288000
193.041	8.625000
193.358	8.625000
193.358	8.448000
193.674	8.448000
193.674	6.479000
194.026	6.479000
194.026	6.755000
194.376	6.755000
194.376	6.780000
194.727	6.780000
194.727	7.601000
195.043	7.601000
195.043	7.432000
195.36	7.432000
195.36	7.656000
195.677	7.656000
195.677	6.868000
195.991	6.868000
195.991	7.300000
196.307	7.300000
196.307	6.831000
196.62	6.831000
196.62	7.405000
196.936	7.405000
196.936	7.649000
197.252	7.649000
197.252	7.553000
197.567	7.553000
197.567	7.749000
197.805	7.749000
197.805	7.826000
198.044	7.826000
198.044	6.061000
198.396	6.061000
198.396	6.214000
198.746	6.214000
198.746	6.229000
199.097	6.229000
199.097	7.571000
199.413	7.571000
199.413	7.432000
199.729	7.432000
199.729	7.426000
200.043	7.426000
200.043	9.048000
200.356	9.048000
200.356	9.248000
200.672	9.248000
200.672	9.338000
200.986	9.338000
200.986	7.271000
201.301	7.271000
201.301	7.224000
201.617	7.224000
201.617	7.303000
201.932	7.303000
201.932	5.732000
202.283	5.732000
202.283	5.309000
202.635	5.309000
202.635	5.487000
202.985	5.487000
202.985	7.349000
203.3	7.349000
203.3	6.681000
203.616	6.681000
203.616	7.071000
203.932	7.071000
203.932	6.246000
204.268	6.246000
204.268	6.416000
204.605	6.416000
204.605	6.670000
204.942	6.670000
204.942	7.980000
205.257	7.980000
205.257	7.619000
205.573	7.619000
205.573	7.726000
205.889	7.726000
205.889	7.157000
206.205	7.157000
206.205	7.062000
206.521	7.062000
206.521	7.245000
206.837	7.245000
206.837	7.570000
207.151	7.570000
207.151	7.532000
207.466	7.532000
207.466	7.421000
207.782	7.421000
207.782	7.952000
208.091	7.952000
208.091	6.842000
208.402	6.842000
208.402	7.297000
208.712	7.297000
208.712	7.228000
209.028	7.228000
209.028	7.118000
209.344	7.118000
209.344	7.164000
209.659	7.164000
209.659	7.477000
209.975	7.477000
209.975	7.214000
210.291	7.214000
210.291	7.405000
210.606	7.405000
210.606	7.255000
210.92	7.255000
210.92	7.211000
211.235	7.211000
211.235	7.236000
211.551	7.236000
211.551	7.755000
211.865	7.755000
211.865	7.265000
212.18	7.265000
212.18	7.180000
212.496	7.180000
212.496	6.540000
212.847	6.540000
212.847	6.130000
213.198	6.130000
213.198	6.237000
213.55	6.237000
213.55	6.838000
213.866	6.838000
213.866	6.673000
214.183	6.673000
214.183	6.568000
214.5	6.568000
214.5	7.211000
214.817	7.211000
214.817	7.088000
215.134	7.088000
215.134	7.097000
215.451	7.097000
215.451	6.380000
215.798	6.380000
215.798	6.545000
216.148	6.545000
216.148	6.374000
216.496	6.374000
216.496	8.314000
216.813	8.314000
216.813	8.471000
217.13	8.471000
217.13	8.361000
217.444	8.361000
217.444	8.301000
217.761	8.301000
217.761	8.431000
218.078	8.431000
218.078	8.381000
218.395	8.381000
218.395	7.877000
218.712	7.877000
218.712	7.752000
219.028	7.752000
219.028	7.681000
219.345	7.681000
219.345	7.327000
219.697	7.327000
219.697	7.423000
220.049	7.423000
220.049	7.486000
220.397	7.486000
220.397	7.586000
220.714	7.586000
220.714	7.223000
221.031	7.223000
221.031	7.368000
221.348	7.368000
221.348	6.932000
221.664	6.932000
221.664	6.863000
221.98	6.863000
221.98	6.853000
222.296	6.853000
222.296	6.770000
222.611	6.770000
222.611	6.889000
222.927	6.889000
222.927	6.970000
223.242	6.970000
223.242	5.713000
223.578	5.713000
223.578	5.749000
223.915	5.749000
223.915	6.036000
224.252	6.036000
224.252	6.658000
224.565	6.658000
224.565	6.964000
224.881	6.964000
224.881	6.861000
225.196	6.861000
225.196	7.228000
225.511	7.228000
225.511	7.396000
225.825	7.396000
225.825	7.277000
226.14	7.277000
226.14	6.297000
226.491	6.297000
226.491	6.693000
226.843	6.693000
226.843	6.916000
227.194	6.916000
227.194	9.331000
227.509	9.331000
227.509	9.128000
227.826	9.128000
227.826	9.091000
228.143	9.091000
228.143	8.044000
228.458	8.044000
228.458	8.057000
228.771	8.057000
228.771	8.180000
229.086	8.180000
229.086	8.205000
229.438	8.205000
229.438	8.539000
229.789	8.539000
229.789	8.379000
230.138	8.379000
230.138	7.048000
230.452	7.048000
230.452	6.729000
230.766	6.729000
230.766	6.788000
231.08	6.788000
231.08	7.017000
231.396	7.017000
231.396	7.105000
231.712	7.105000
231.712	7.193000
232.028	7.193000
232.028	7.267000
232.38	7.267000
232.38	7.132000
232.732	7.132000
232.732	7.346000
233.082	7.346000
233.082	7.173000
233.398	7.173000
233.398	7.539000
233.713	7.539000
233.713	7.172000
234.028	7.172000
234.028	7.850000
234.38	7.850000
234.38	7.705000
234.732	7.705000
234.732	7.611000
235.082	7.611000
235.082	7.529000
235.398	7.529000
235.398	7.372000
235.715	7.372000
235.715	7.322000
236.032	7.322000
236.032	6.174000
236.341	6.174000
236.341	6.084000
236.652	6.084000
236.652	6.226000
236.963	6.226000
236.963	6.939000
237.279	6.939000
237.279	7.025000
237.596	7.025000
237.596	7.114000
237.913	7.114000
237.913	6.038000
238.225	6.038000
238.225	6.160000
238.537	6.160000
238.537	6.116000
238.849	6.116000
238.849	6.702000
239.16	6.702000
239.16	6.966000
239.471	6.966000
239.471	6.937000
239.78	6.937000
239.78	6.299000
240.132	6.299000
240.132	6.380000
240.484	6.380000
240.484	6.529000
240.836	6.529000
240.836	7.653000
241.152	7.653000
241.152	7.558000
241.468	7.558000
241.468	7.641000
241.785	7.641000
241.785	8.036000
242.102	8.036000
242.102	7.888000
242.419	7.888000
242.419	7.978000
242.734	7.978000
242.734	7.565000
243.052	7.565000
243.052	7.285000
243.37	7.285000
243.37	7.340000
243.688	7.340000
243.688	6.165000
244.04	6.165000
244.04	6.528000
244.392	6.528000
244.392	6.714000
244.743	6.714000
244.743	7.634000
245.059	7.634000
245.059	7.323000
245.376	7.323000
245.376	7.481000
245.693	7.481000
245.693	7.213000
246.009	7.213000
246.009	7.342000
246.326	7.342000
246.326	7.460000
246.642	7.460000
246.642	8.897000
246.994	8.897000
246.994	8.978000
247.346	8.978000
247.346	8.713000
247.694	8.713000
247.694	6.139000
247.994	6.139000
247.994	7.814000
248.309	7.814000
248.309	7.696000
248.624	7.696000
248.624	7.728000
248.939	7.728000
248.939	6.577000
249.241	6.577000
249.241	7.175000
249.558	7.175000
249.558	6.847000
249.875	6.847000
249.875	7.084000
250.191	7.084000
250.191	7.066000
250.506	7.066000
250.506	6.801000
250.823	6.801000
250.823	6.990000
251.137	6.990000
251.137	6.359000
251.436	6.359000
251.436	7.680000
251.752	7.680000
251.752	7.233000
252.069	7.233000
252.069	7.662000
252.384	7.662000
252.384	7.027000
252.696	7.027000
252.696	7.066000
253.008	7.066000
253.008	6.936000
253.318	6.936000
253.318	7.344000
253.667	7.344000
253.667	7.610000
254.019	7.610000
254.019	7.458000
254.369	7.458000
254.369	7.681000
254.685	7.681000
254.685	7.577000
255.0	7.577000
255.0	7.518000
255.317	7.518000
255.317	6.198000
255.668	6.198000
255.668	6.619000
256.02	6.619000
256.02	6.485000
256.37	6.485000
256.37	7.629000
256.719	7.629000
256.719	7.172000
257.066	7.172000
257.066	7.686000
257.418	7.686000
257.418	6.552000
257.719	6.552000
257.719	7.674000
258.036	7.674000
258.036	7.426000
258.353	7.426000
258.353	7.452000
258.668	7.452000
258.668	6.250000
258.968	6.250000
258.968	8.191000
259.284	8.191000
259.284	7.726000
259.6	7.726000
259.6	7.865000
259.916	7.865000
259.916	7.873000
260.233	7.873000
260.233	7.692000
260.547	7.692000
260.547	7.680000
260.863	7.680000
260.863	6.553000
261.164	6.553000
261.164	6.439000
261.43	6.439000
261.43	7.232000
261.747	7.232000
261.747	7.298000
262.064	7.298000
262.064	7.215000
262.381	7.215000
262.381	7.087000
262.73	7.087000
262.73	7.098000
263.08	7.098000
263.08	7.118000
263.428	7.118000
263.428	7.147000
263.745	7.147000
263.745	7.106000
264.062	7.106000
264.062	7.220000
264.379	7.220000
264.379	7.904000
264.696	7.904000
264.696	7.520000
265.012	7.520000
265.012	7.480000
265.329	7.480000
265.329	6.086000
265.681	6.086000
265.681	6.325000
266.033	6.325000
266.033	6.163000
266.383	6.163000
266.383	8.054000
266.697	8.054000
266.697	7.947000
267.011	7.947000
267.011	8.191000
267.328	8.191000
267.328	9.630000
267.644	9.630000
267.644	9.319000
267.96	9.319000
267.96	9.449000
268.276	9.449000
268.276	7.857000
268.592	7.857000
268.592	7.786000
268.908	7.786000
268.908	7.874000
269.224	7.874000
269.224	9.400000
269.541	9.400000
269.541	9.378000
269.858	9.378000
269.858	9.497000
270.174	9.497000
270.174	7.868000
270.524	7.868000
270.524	8.197000
270.876	8.197000
270.876	8.023000
271.226	8.023000
271.226	9.870000
271.578	9.870000
271.578	9.348000
271.93	9.348000
271.93	9.400000
272.278	9.400000
272.278	6.931000
272.545	6.931000
272.545	9.196000
272.81	9.196000
272.81	6.704000
273.161	6.704000
273.161	6.599000
273.513	6.599000
273.513	6.735000
273.862	6.735000
273.862	6.961000
274.178	6.961000
274.178	7.173000
274.494	7.173000
274.494	7.197000
274.807	7.197000
274.807	6.857000
275.073	6.857000
275.073	6.229000
275.375	6.229000
275.375	7.659000
275.69	7.659000
275.69	7.472000
276.005	7.472000
276.005	7.560000
276.321	7.560000
276.321	6.275000
276.577	6.275000
276.577	6.386000
276.834	6.386000
276.834	6.497000
277.091	6.497000
277.091	7.208000
277.443	7.208000
277.443	7.206000
277.795	7.206000
277.795	6.994000
278.147	6.994000
278.147	7.236000
278.462	7.236000
278.462	7.298000
278.778	7.298000
278.778	7.328000
279.093	7.328000
279.093	6.310000
279.404	6.310000
279.404	6.112000
279.715	6.112000
279.715	6.423000
280.026	6.423000
280.026	7.550000
280.327	7.550000
280.327	7.444000
280.628	7.444000
280.628	7.456000
280.929	7.456000
280.929	7.767000
281.263	7.767000
281.263	7.469000
281.595	7.469000
281.595	7.689000
281.929	7.689000
281.929	7.572000
282.229	7.572000
282.229	7.562000
282.538	7.562000
282.538	7.364000
282.854	7.364000
282.854	7.530000
283.17	7.530000
283.17	6.902000
283.487	6.902000
283.487	7.139000
283.804	7.139000
283.804	7.158000
284.121	7.158000
284.121	6.485000
284.472	6.485000
284.472	6.624000
284.824	6.624000
284.824	6.760000
285.175	6.760000
285.175	6.528000
285.441	6.528000
285.441	7.372000
285.757	7.372000
285.757	7.230000
286.073	7.230000
286.073	7.261000
286.385	7.261000
286.385	5.157000
286.644	5.157000
286.644	6.960000
286.961	6.960000
286.961	7.257000
287.278	7.257000
287.278	7.208000
287.593	7.208000
287.593	7.135000
287.909	7.135000
287.909	7.180000
288.225	7.180000
288.225	7.155000
288.539	7.155000
288.539	6.103000
288.891	6.103000
288.891	6.612000
289.243	6.612000
289.243	6.572000
289.595	6.572000
289.595	7.293000
289.897	7.293000
289.897	7.290000
290.2	7.290000
290.2	7.379000
290.502	7.379000
290.502	9.017000
290.818	9.017000
290.818	9.025000
291.134	9.025000
291.134	9.135000
291.448	9.135000
291.448	7.436000
291.8	7.436000
291.8	7.354000
292.152	7.354000
292.152	7.423000
292.504	7.423000
292.504	8.793000
292.821	8.793000
292.821	8.525000
293.138	8.525000
293.138	8.472000
293.454	8.472000
293.454	7.682000
293.728	7.682000
293.728	7.856000
294.001	7.856000
294.001	7.879000
294.276	7.879000
294.276	7.773000
294.592	7.773000
294.592	7.321000
294.909	7.321000
294.909	7.556000
295.225	7.556000
295.225	8.736000
295.541	8.736000
295.541	8.396000
295.858	8.396000
295.858	8.355000
296.174	8.355000
296.174	7.822000
296.49	7.822000
296.49	7.371000
296.807	7.371000
296.807	7.261000
297.122	7.261000
297.122	7.963000
297.398	7.963000
297.398	7.650000
297.673	7.650000
297.673	7.711000
297.949	7.711000
297.949	7.615000
298.301	7.615000
298.301	7.643000
298.653	7.643000
298.653	7.703000
299.003	7.703000
299.003	7.107000
299.319	7.107000
299.319	7.235000
299.636	7.235000
299.636	7.403000
299.952	7.403000
299.952	8.692000
300.225	8.692000
300.225	8.335000
300.499	8.335000
300.499	8.619000
300.773	8.619000
300.773	5.201000
301.087	5.201000
301.087	4.930000
301.404	4.930000
301.404	5.130000
301.72	5.130000
301.72	6.038000
302.037	6.038000
302.037	5.759000
302.353	5.759000
302.353	5.737000
302.67	5.737000
302.67	9.212000
303.018	9.212000
303.018	9.903000
303.37	9.903000
303.37	9.738000
303.72	9.738000
303.72	5.575000
304.03	5.575000
304.03	5.257000
304.346	5.257000
304.346	5.369000
304.662	5.369000
304.662	4.701000
304.978	4.701000
304.978	4.191000
305.295	4.191000
305.295	4.385000
305.612	4.385000
305.612	8.129000
305.958	8.129000
305.958	8.634000
306.31	8.634000
306.31	7.920000
306.657	7.920000
306.657	3.678000
306.969	3.678000
306.969	3.666000
307.281	3.666000
307.281	3.862000
307.593	3.862000
307.593	6.870000
307.945	6.870000
307.945	7.132000
308.297	7.132000
308.297	6.967000
308.647	6.967000
308.647	9.752000
308.962	9.752000
308.962	9.918000
309.276	9.918000
309.276	9.325000
309.628	9.325000
309.628	9.436000
309.98	9.436000
309.98	9.381000
310.331	9.381000
310.331	6.209000
310.675	6.209000
310.675	6.265000
311.027	6.265000
311.027	6.260000
311.375	6.260000
311.375	4.769000
311.692	4.769000
311.692	4.437000
312.008	4.437000
312.008	4.413000
312.324	4.413000
312.324	5.401000
312.55	5.401000
312.55	6.316000
312.894	6.316000
312.894	6.151000
313.242	6.151000
313.242	6.568000
313.589	6.568000
313.589	5.898000
313.905	5.898000
313.905	5.928000
314.219	5.928000
314.219	5.998000
314.536	5.998000
314.536	5.501000
314.85	5.501000
314.85	5.150000
315.167	5.150000
315.167	5.257000
315.484	5.257000
315.484	6.085000
315.832	6.085000
315.832	6.141000
316.184	6.141000
316.184	6.253000
316.532	6.253000
316.532	4.671000
316.827	4.671000
316.827	4.663000
317.13	4.663000
317.13	4.775000
317.432	4.775000
317.432	6.777000
317.748	6.777000
317.748	6.441000
318.065	6.441000
318.065	6.498000
318.382	6.498000
318.382	8.522000
318.729	8.522000
318.729	9.635000
319.081	9.635000
319.081	8.647000
319.426	8.647000
319.426	8.422000
319.742	8.422000
319.742	8.326000
320.059	8.326000
320.059	8.533000
320.375	8.533000
320.375	8.736000
320.692	8.736000
320.692	8.532000
321.009	8.532000
321.009	8.494000
321.326	8.494000
321.326	5.550000
321.641	5.550000
321.641	5.384000
321.957	5.384000
321.957	5.431000
322.274	5.431000
322.274	5.260000
322.59	5.260000
322.59	4.987000
322.902	4.987000
322.902	4.953000
323.218	4.953000
323.218	6.230000
323.567	6.230000
323.567	6.093000
323.916	6.093000
323.916	6.206000
324.266	6.206000
324.266	6.934000
324.611	6.934000
324.611	7.303000
324.957	7.303000
324.957	7.266000
325.303	7.266000
325.303	7.097000
325.62	7.097000
325.62	6.951000
325.935	6.951000
325.935	7.106000
326.251	7.106000
326.251	5.071000
326.567	5.071000
326.567	4.867000
326.88	4.867000
326.88	4.842000
327.197	4.842000
327.197	6.570000
327.547	6.570000
327.547	6.435000
327.899	6.435000
327.899	6.462000
328.251	6.462000
328.251	5.347000
328.568	5.347000
328.568	5.244000
328.882	5.244000
328.882	5.122000
329.199	5.122000
329.199	7.050000
329.497	7.050000
329.497	4.937000
329.813	4.937000
329.813	5.205000
330.128	5.205000
330.128	4.917000
330.444	4.917000
330.444	6.328000
330.707	6.328000
330.707	8.024000
331.058	8.024000
331.058	8.065000
331.41	8.065000
331.41	7.927000
331.762	7.927000
331.762	7.427000
332.114	7.427000
332.114	7.574000
332.465	7.574000
332.465	7.753000
332.817	7.753000
332.817	5.199000
333.083	5.199000
333.083	7.252000
333.4	7.252000
333.4	7.915000
333.717	7.915000
333.717	6.986000
334.034	6.986000
334.034	8.949000
334.331	8.949000
334.331	6.486000
334.683	6.486000
334.683	6.551000
335.035	6.551000
335.035	6.613000
335.385	6.613000
335.385	7.102000
335.737	7.102000
335.737	6.951000
336.089	6.951000
336.089	6.949000
336.44	6.949000
336.44	5.532000
336.757	5.532000
336.757	5.230000
337.073	5.230000
337.073	5.291000
337.389	5.291000
337.389	4.401000
337.653	4.401000
337.653	5.646000
337.968	5.646000
337.968	5.635000
338.285	5.635000
338.285	5.768000
338.602	5.768000
338.602	6.367000
338.954	6.367000
338.954	6.396000
339.305	6.396000
339.305	6.700000
339.656	6.700000
339.656	5.103000
339.968	5.103000
339.968	5.087000
340.285	5.087000
340.285	5.222000
340.601	5.222000
340.601	6.646000
340.949	6.646000
340.949	6.412000
341.299	6.412000
341.299	6.154000
341.649	6.154000
341.649	4.478000
341.965	4.478000
341.965	4.239000
342.282	4.239000
342.282	4.163000
342.598	4.163000
342.598	6.228000
342.914	6.228000
342.914	5.950000
343.231	5.950000
343.231	5.946000
343.546	5.946000
343.546	9.904000
343.897	9.904000
343.897	4.459000
344.212	4.459000
344.212	4.428000
344.528	4.428000
344.528	4.204000
344.845	4.204000
344.845	4.973000
345.161	4.973000
345.161	4.702000
345.477	4.702000
345.477	4.697000
345.793	4.697000
345.793	8.062000
346.145	8.062000
346.145	8.204000
346.497	8.204000
346.497	8.000000
346.846	8.000000
346.846	5.733000
347.161	5.733000
347.161	5.303000
347.475	5.303000
347.475	5.262000
347.791	5.262000
347.791	4.807000
348.108	4.807000
348.108	4.745000
348.424	4.745000
348.424	4.601000
348.74	4.601000
348.74	6.818000
349.092	6.818000
349.092	7.088000
349.443	7.088000
349.443	7.121000
349.793	7.121000
349.793	7.334000
350.138	7.334000
350.138	7.163000
350.484	7.163000
350.484	7.083000
350.827	7.083000
350.827	6.251000
351.092	6.251000
351.092	6.295000
351.391	6.295000
351.391	5.854000
351.707	5.854000
351.707	6.025000
352.024	6.025000
352.024	5.889000
352.341	5.889000
352.341	7.899000
352.656	7.899000
352.656	8.091000
352.973	8.091000
352.973	8.034000
353.29	8.034000
353.29	6.606000
353.642	6.606000
353.642	6.661000
353.993	6.661000
353.993	6.765000
354.342	6.765000
354.342	5.371000
354.658	5.371000
354.658	5.312000
354.975	5.312000
354.975	5.210000
355.291	5.210000
355.291	3.365000
355.559	3.365000
355.559	5.783000
355.873	5.783000
355.873	5.219000
356.19	5.219000
356.19	5.434000
356.506	5.434000
356.506	5.027000
356.823	5.027000
356.823	5.366000
357.14	5.366000
357.14	5.081000
357.456	5.081000
357.456	7.101000
357.804	7.101000
357.804	7.758000
358.156	7.758000
358.156	7.254000
358.503	7.254000
358.503	8.930000
358.849	8.930000
358.849	8.863000
359.2	8.863000
359.2	9.072000
359.551	9.072000
359.551	4.766000
359.868	4.766000
359.868	4.454000
360.184	4.454000
360.184	4.363000
360.501	4.363000
360.501	4.790000
360.765	4.790000
360.765	5.928000
361.115	5.928000
361.115	6.380000
361.467	6.380000
361.467	6.595000
361.818	6.595000
361.818	5.619000
362.131	5.619000
362.131	5.472000
362.448	5.472000
362.448	5.587000
362.765	5.587000
362.765	4.300000
363.032	4.300000
363.032	6.636000
363.383	6.636000
363.383	6.699000
363.735	6.699000
363.735	6.813000
364.087	6.813000
364.087	5.890000
364.404	5.890000
364.404	5.668000
364.721	5.668000
364.721	5.856000
365.038	5.856000
365.038	4.738000
365.262	4.738000
365.262	6.470000
365.614	6.470000
365.614	6.714000
365.965	6.714000
365.965	6.612000
366.313	6.612000
366.313	4.750000
366.578	4.750000
366.578	6.404000
366.93	6.404000
366.93	6.580000
367.281	6.580000
367.281	6.671000
367.63	6.671000
367.63	5.162000
367.945	5.162000
367.945	4.863000
368.262	4.863000
368.262	4.697000
368.579	4.697000
