0.0	5.567000
0.34	5.567000
0.34	5.297000
0.68	5.297000
0.68	3.460000
1.039	3.460000
1.039	3.577000
1.398	3.577000
1.398	5.785000
1.745	5.785000
1.745	6.032000
2.092	6.032000
2.092	7.559000
2.439	7.559000
2.439	6.827000
2.786	6.827000
2.786	6.179000
3.133	6.179000
3.133	6.573000
3.475	6.573000
3.475	6.395000
3.817	6.395000
3.817	6.343000
4.159	6.343000
4.159	4.530000
4.507	4.530000
4.507	5.521000
4.855	5.521000
4.855	4.526000
5.203	4.526000
5.203	5.590000
5.535	5.590000
5.535	7.095000
5.867	7.095000
5.867	5.787000
6.199	5.787000
6.199	5.701000
6.549	5.701000
6.549	4.731000
6.899	4.731000
6.899	5.814000
7.249	5.814000
7.249	4.404000
7.699	4.404000
7.699	6.119000
8.149	6.119000
8.149	5.777000
8.599	5.777000
8.599	4.427000
8.953	4.427000
8.953	4.759000
9.307	4.759000
9.307	9.659000
9.661	9.659000
9.661	6.158000
10.0	6.158000
10.0	5.400000
10.339	5.400000
10.339	5.859000
10.69	5.859000
10.69	5.230000
11.039	5.230000
11.039	4.727000
11.477	4.727000
11.477	4.574000
11.916	4.574000
11.916	4.859000
12.268	4.859000
12.268	7.186000
12.62	7.186000
12.62	6.526000
12.972	6.526000
12.972	4.435000
13.323	4.435000
13.323	4.105000
13.674	4.105000
13.674	4.772000
14.025	4.772000
14.025	5.248000
14.373	5.248000
14.373	5.850000
14.721	5.850000
14.721	5.820000
15.069	5.820000
15.069	5.042000
15.418	5.042000
15.418	5.059000
15.767	5.059000
15.767	7.997000
16.116	7.997000
16.116	4.745000
16.46	4.745000
16.46	5.198000
16.804	5.198000
16.804	5.001000
17.15	5.001000
17.15	7.590000
17.496	7.590000
17.496	5.717000
17.841	5.717000
17.841	5.943000
18.186	5.943000
18.186	6.634000
18.532	6.634000
18.532	5.869000
18.88	5.869000
18.88	5.355000
19.228	5.355000
19.228	5.971000
19.576	5.971000
19.576	5.273000
19.883	5.273000
19.883	6.966000
20.19	6.966000
20.19	6.143000
20.498	6.143000
20.498	5.401000
20.849	5.401000
20.849	6.317000
21.2	6.317000
21.2	6.367000
21.551	6.367000
21.551	6.293000
21.895	6.293000
21.895	5.431000
22.239	5.431000
22.239	6.604000
22.583	6.604000
22.583	4.571000
22.935	4.571000
22.935	6.145000
23.287	6.145000
23.287	6.371000
23.639	6.371000
23.639	4.609000
24.094	4.609000
24.094	4.494000
24.548	4.494000
24.548	6.268000
25.002	6.268000
25.002	5.915000
25.348	5.915000
25.348	6.892000
25.694	6.892000
25.694	5.308000
26.047	5.308000
26.047	5.455000
26.4	5.455000
26.4	5.159000
26.753	5.159000
26.753	4.386000
27.106	4.386000
27.106	6.137000
27.459	6.137000
27.459	4.761000
27.812	4.761000
27.812	5.052000
28.158	5.052000
28.158	5.279000
28.504	5.279000
28.504	5.251000
28.85	5.251000
28.85	5.026000
29.197	5.026000
29.197	5.108000
29.544	5.108000
29.544	6.256000
29.89	6.256000
29.89	5.135000
30.234	5.135000
30.234	6.885000
30.578	6.885000
30.578	5.400000
30.928	5.400000
30.928	7.446000
31.278	7.446000
31.278	6.102000
31.628	6.102000
31.628	4.270000
31.966	4.270000
31.966	5.797000
32.304	5.797000
32.304	4.249000
32.642	4.249000
32.642	6.193000
32.988	6.193000
32.988	7.063000
33.334	7.063000
33.334	5.018000
33.68	5.018000
33.68	4.253000
34.03	4.253000
34.03	6.029000
34.38	6.029000
34.38	4.613000
34.73	4.613000
34.73	4.439000
35.08	4.439000
35.08	4.546000
35.43	4.546000
35.43	5.107000
35.78	5.107000
35.78	4.353000
36.127	4.353000
36.127	6.631000
36.474	6.631000
36.474	5.022000
36.821	5.022000
36.821	4.327000
37.171	4.327000
37.171	6.175000
37.521	6.175000
37.521	5.126000
37.871	5.126000
37.871	0.000000
37.871	0.000000
37.871	0.000000
37.871	0.000000
37.871	0.000000
37.871	0.000000
37.871	5.776000
38.224	5.776000
38.224	3.709000
38.578	3.709000
38.578	3.843000
38.93	3.843000
38.93	4.324000
39.283	4.324000
39.283	3.964000
39.635	3.964000
39.635	4.855000
39.988	4.855000
39.988	5.393000
40.332	5.393000
40.332	5.496000
40.676	5.496000
40.676	5.851000
41.02	5.851000
41.02	4.697000
41.373	4.697000
41.373	4.352000
41.726	4.352000
41.726	5.408000
42.079	5.408000
42.079	4.597000
42.425	4.597000
42.425	4.436000
42.771	4.436000
42.771	5.875000
43.117	5.875000
43.117	5.825000
43.469	5.825000
43.469	6.062000
43.821	6.062000
43.821	5.234000
44.173	5.234000
44.173	6.269000
44.52	6.269000
44.52	4.690000
44.868	4.690000
44.868	5.333000
45.216	5.333000
45.216	5.342000
45.566	5.342000
45.566	5.468000
45.916	5.468000
45.916	5.217000
46.266	5.217000
46.266	6.050000
46.615	6.050000
46.615	6.965000
46.964	6.965000
46.964	5.314000
47.313	5.314000
47.313	5.125000
47.653	5.125000
47.653	6.145000
47.993	6.145000
47.993	6.600000
48.333	6.600000
48.333	4.779000
48.781	4.779000
48.781	6.914000
49.229	6.914000
49.229	6.388000
49.677	6.388000
49.677	4.264000
50.032	4.264000
50.032	4.185000
50.387	4.185000
50.387	3.951000
50.741	3.951000
50.741	4.912000
51.088	4.912000
51.088	6.277000
51.434	6.277000
51.434	6.506000
51.781	6.506000
51.781	4.179000
52.14	4.179000
52.14	4.176000
52.499	4.176000
52.499	4.486000
52.858	4.486000
52.858	4.129000
53.216	4.129000
53.216	4.097000
53.574	4.097000
53.574	4.132000
53.932	4.132000
53.932	6.122000
54.276	6.122000
54.276	5.303000
54.62	5.303000
54.62	6.452000
54.964	6.452000
54.964	3.939000
55.323	3.939000
55.323	4.125000
55.682	4.125000
55.682	4.276000
56.041	4.276000
56.041	5.153000
56.486	5.153000
56.486	6.910000
56.931	6.910000
56.931	6.486000
57.376	6.486000
57.376	6.258000
57.727	6.258000
57.727	5.516000
58.078	5.516000
58.078	6.129000
58.429	6.129000
58.429	5.653000
58.989	5.653000
58.989	5.571000
59.549	5.571000
59.549	5.495000
60.109	5.495000
60.109	5.110000
60.454	5.110000
60.454	5.231000
60.799	5.231000
60.799	6.113000
61.144	6.113000
61.144	4.724000
61.444	4.724000
61.444	5.471000
61.744	5.471000
61.744	6.301000
62.044	6.301000
62.044	6.035000
62.375	6.035000
62.375	5.557000
62.706	5.557000
62.706	5.399000
63.037	5.399000
63.037	5.402000
63.387	5.402000
63.387	6.610000
63.737	6.610000
63.737	6.201000
64.087	6.201000
64.087	5.150000
64.426	5.150000
64.426	6.037000
64.765	6.037000
64.765	7.328000
65.104	7.328000
65.104	4.705000
65.449	4.705000
65.449	6.304000
65.794	6.304000
65.794	6.332000
66.139	6.332000
66.139	5.779000
66.484	5.779000
66.484	6.474000
66.829	6.474000
66.829	6.200000
67.174	6.200000
67.174	6.659000
67.521	6.659000
67.521	5.753000
67.867	5.753000
67.867	6.170000
68.213	6.170000
68.213	5.803000
68.566	5.803000
68.566	5.465000
68.919	5.465000
68.919	5.613000
69.272	5.613000
69.272	5.415000
69.725	5.415000
69.725	5.222000
70.178	5.222000
70.178	5.541000
70.631	5.541000
70.631	5.599000
70.972	5.599000
70.972	5.468000
71.313	5.468000
71.313	5.681000
71.654	5.681000
71.654	5.700000
72.106	5.700000
72.106	5.661000
72.558	5.661000
72.558	5.350000
73.01	5.350000
73.01	5.711000
73.363	5.711000
73.363	5.681000
73.716	5.681000
73.716	5.677000
74.069	5.677000
74.069	5.024000
74.608	5.024000
74.608	5.271000
75.147	5.271000
75.147	5.654000
75.685	5.654000
75.685	4.697000
76.075	4.697000
76.075	6.747000
76.465	6.747000
76.465	6.291000
76.855	6.291000
76.855	5.898000
77.131	5.898000
77.131	7.360000
77.407	7.360000
77.407	6.237000
77.683	6.237000
77.683	5.946000
77.964	5.946000
77.964	3.941000
78.245	3.941000
78.245	5.329000
78.526	5.329000
78.526	5.446000
78.856	5.446000
78.856	5.504000
79.186	5.504000
79.186	4.837000
79.516	4.837000
79.516	4.459000
79.819	4.459000
79.819	6.205000
80.122	6.205000
80.122	5.308000
80.425	5.308000
80.425	3.857000
80.734	3.857000
80.734	4.178000
81.043	4.178000
81.043	5.263000
81.352	5.263000
81.352	4.405000
81.617	4.405000
81.617	5.827000
81.882	5.827000
81.882	4.810000
82.147	4.810000
82.147	6.833000
82.498	6.833000
82.498	5.534000
82.849	5.534000
82.849	6.659000
83.2	6.659000
83.2	4.976000
83.542	4.976000
83.542	4.939000
83.884	4.939000
83.884	5.819000
84.226	5.819000
84.226	4.891000
84.574	4.891000
84.574	5.676000
84.922	5.676000
84.922	6.550000
85.27	6.550000
85.27	4.798000
85.614	4.798000
85.614	5.990000
85.958	5.990000
85.958	4.791000
86.302	4.791000
86.302	5.135000
86.606	5.135000
86.606	7.081000
86.91	7.081000
86.91	5.796000
87.214	5.796000
87.214	5.607000
87.661	5.607000
87.661	5.435000
88.108	5.435000
88.108	9.916000
88.555	9.916000
88.555	4.784000
88.901	4.784000
88.901	5.269000
89.247	5.269000
89.247	6.728000
89.593	6.728000
89.593	4.742000
89.945	4.742000
89.945	6.119000
90.297	6.119000
90.297	7.992000
90.649	7.992000
90.649	4.000000
91.001	4.000000
91.001	4.072000
91.353	4.072000
91.353	5.292000
91.703	5.292000
91.703	4.670000
92.053	4.670000
92.053	5.373000
92.359	5.373000
92.359	6.958000
92.666	6.958000
92.666	5.899000
93.01	5.899000
93.01	7.286000
93.354	7.286000
93.354	4.390000
93.708	4.390000
93.708	5.798000
94.062	5.798000
94.062	5.467000
94.411	5.467000
94.411	7.212000
94.76	7.212000
94.76	3.973000
95.125	3.973000
95.125	4.391000
95.49	4.391000
95.49	4.966000
95.841	4.966000
95.841	5.309000
96.192	5.309000
96.192	5.371000
96.539	5.371000
96.539	7.801000
96.886	7.801000
96.886	5.026000
97.24	5.026000
97.24	6.621000
97.594	6.621000
97.594	5.755000
97.948	5.755000
97.948	3.891000
98.299	3.891000
98.299	3.641000
98.65	3.641000
98.65	4.529000
99.001	4.529000
99.001	5.054000
99.452	5.054000
99.452	6.733000
99.903	6.733000
99.903	5.188000
100.354	5.188000
100.354	4.253000
100.703	4.253000
100.703	4.357000
101.052	4.357000
101.052	4.559000
101.401	4.559000
101.401	5.459000
101.754	5.459000
101.754	4.228000
102.107	4.228000
102.107	3.928000
102.46	3.928000
102.46	5.147000
102.906	5.147000
102.906	4.554000
103.353	4.554000
103.353	6.850000
103.799	6.850000
103.799	4.964000
104.148	4.964000
104.148	7.450000
104.497	7.450000
104.497	8.589000
104.846	8.589000
104.846	4.469000
105.195	4.469000
105.195	5.087000
105.545	5.087000
105.545	9.536000
105.894	9.536000
105.894	5.985000
106.247	5.985000
106.247	5.300000
106.6	5.300000
106.6	3.853000
107.055	3.853000
107.055	3.771000
107.51	3.771000
107.51	5.673000
107.853	5.673000
107.853	5.425000
108.196	5.425000
108.196	4.163000
108.549	4.163000
108.549	4.128000
108.902	4.128000
108.902	4.111000
109.263	4.111000
109.263	3.921000
109.624	3.921000
109.624	4.095000
109.974	4.095000
109.974	4.132000
110.323	4.132000
110.323	6.251000
110.675	6.251000
110.675	6.947000
111.027	6.947000
111.027	4.370000
111.38	4.370000
111.38	6.126000
111.733	6.126000
111.733	6.220000
112.086	6.220000
112.086	4.791000
112.427	4.791000
112.427	5.515000
112.768	5.515000
112.768	5.266000
113.109	5.266000
113.109	5.272000
113.455	5.272000
113.455	6.978000
113.801	6.978000
113.801	5.480000
114.147	5.480000
114.147	5.247000
114.494	5.247000
114.494	5.370000
114.841	5.370000
114.841	5.875000
115.188	5.875000
115.188	5.483000
115.528	5.483000
115.528	4.922000
115.868	4.922000
115.868	4.823000
116.208	4.823000
116.208	4.498000
116.657	4.498000
116.657	6.641000
117.106	6.641000
117.106	4.597000
117.555	4.597000
117.555	4.349000
117.906	4.349000
117.906	4.647000
118.257	4.647000
118.257	6.686000
118.608	6.686000
118.608	5.221000
118.957	5.221000
118.957	5.412000
119.306	5.412000
119.306	6.407000
119.655	6.407000
119.655	3.703000
120.109	3.703000
120.109	6.472000
120.563	6.472000
120.563	6.076000
121.017	6.076000
121.017	5.001000
121.373	5.001000
121.373	5.264000
121.728	5.264000
121.728	6.626000
122.171	6.626000
122.171	6.421000
122.614	6.421000
122.614	4.667000
122.953	4.667000
122.953	7.954000
123.293	7.954000
123.293	4.348000
123.638	4.348000
123.638	5.704000
123.983	5.704000
123.983	4.956000
124.335	4.956000
124.335	5.067000
124.687	5.067000
124.687	3.868000
125.049	3.868000
125.049	3.873000
125.411	3.873000
125.411	4.139000
125.777	4.139000
125.777	4.123000
126.143	4.123000
126.143	5.122000
126.582	5.122000
126.582	5.914000
127.021	5.914000
127.021	7.452000
127.46	7.452000
127.46	5.516000
127.807	5.516000
127.807	6.999000
128.154	6.999000
128.154	4.866000
128.507	4.866000
128.507	4.834000
128.86	4.834000
128.86	6.949000
129.213	6.949000
129.213	5.052000
129.655	5.052000
129.655	5.017000
130.097	5.017000
130.097	5.744000
130.539	5.744000
130.539	5.647000
130.83	5.647000
130.83	6.608000
131.121	6.608000
131.121	5.389000
131.412	5.389000
131.412	4.609000
131.693	4.609000
131.693	6.729000
131.974	6.729000
131.974	4.444000
132.255	4.444000
132.255	4.745000
132.676	4.745000
132.676	4.338000
133.095	4.338000
133.095	4.605000
133.514	4.605000
133.514	4.018000
133.825	4.018000
133.825	6.040000
134.136	6.040000
134.136	4.828000
134.447	4.828000
134.447	5.481000
134.738	5.481000
134.738	6.295000
135.029	6.295000
135.029	4.998000
135.31	4.998000
135.31	4.413000
135.591	4.413000
135.591	4.582000
135.916	4.582000
135.916	4.844000
136.241	4.844000
136.241	4.599000
136.538	4.599000
136.538	6.631000
136.835	6.631000
136.835	4.350000
137.137	4.350000
137.137	4.166000
137.439	4.166000
137.439	4.128000
137.77	4.128000
137.77	4.317000
138.101	4.317000
138.101	4.801000
138.55	4.801000
138.55	6.651000
139.0	6.651000
139.0	5.562000
139.449	5.562000
139.449	5.178000
139.799	5.178000
139.799	5.950000
140.149	5.950000
140.149	5.048000
140.499	5.048000
140.499	5.591000
140.838	5.591000
140.838	4.649000
141.177	4.649000
141.177	7.787000
141.516	7.787000
141.516	5.563000
141.866	5.563000
141.866	6.955000
142.216	6.955000
142.216	6.044000
142.566	6.044000
142.566	5.438000
142.918	5.438000
142.918	4.171000
143.27	4.171000
143.27	4.397000
143.622	4.397000
143.622	5.225000
143.972	5.225000
143.972	5.335000
144.323	5.335000
144.323	6.819000
144.673	6.819000
144.673	5.705000
145.022	5.705000
145.022	7.198000
145.371	7.198000
145.371	6.333000
145.72	6.333000
145.72	5.304000
146.057	5.304000
146.057	5.415000
146.394	5.415000
146.394	5.289000
146.74	5.289000
146.74	5.115000
147.086	5.115000
147.086	5.162000
147.435	5.162000
147.435	6.720000
147.784	6.720000
147.784	6.427000
148.133	6.427000
148.133	4.573000
148.486	4.573000
148.486	4.878000
148.839	4.878000
148.839	5.901000
149.185	5.901000
149.185	6.604000
149.531	6.604000
149.531	4.140000
149.894	4.140000
149.894	4.140000
150.257	4.140000
150.257	6.801000
150.595	6.801000
150.595	4.996000
150.933	4.996000
150.933	4.408000
151.287	4.408000
151.287	4.810000
151.641	4.810000
151.641	4.134000
151.994	4.134000
151.994	5.021000
152.347	5.021000
152.347	6.621000
152.7	6.621000
152.7	6.893000
153.048	6.893000
153.048	5.269000
153.396	5.269000
153.396	5.886000
153.744	5.886000
153.744	4.854000
154.192	4.854000
154.192	7.311000
154.64	7.311000
154.64	4.582000
155.089	4.582000
155.089	5.015000
155.435	5.015000
155.435	6.110000
155.782	6.110000
155.782	6.122000
156.129	6.122000
156.129	3.157000
156.483	3.157000
156.483	3.156000
156.836	3.156000
156.836	3.516000
157.19	3.516000
157.19	5.073000
157.54	5.073000
157.54	5.215000
157.89	5.215000
157.89	6.195000
158.24	6.195000
158.24	4.192000
158.594	4.192000
158.594	5.716000
158.948	5.716000
158.948	5.374000
159.302	5.374000
159.302	4.291000
159.654	4.291000
159.654	4.713000
160.006	4.713000
160.006	5.587000
160.349	5.587000
160.349	7.162000
160.692	7.162000
160.692	6.348000
161.042	6.348000
161.042	6.597000
161.392	6.597000
161.392	5.154000
161.93	5.154000
161.93	5.239000
162.468	5.239000
162.468	5.609000
162.822	5.609000
162.822	4.148000
163.176	4.148000
163.176	4.911000
163.53	4.911000
163.53	4.727000
163.878	4.727000
163.878	6.587000
164.226	6.587000
164.226	6.176000
164.574	6.176000
164.574	4.261000
164.927	4.261000
164.927	5.867000
165.28	5.867000
165.28	5.629000
165.633	5.629000
165.633	4.162000
165.987	4.162000
165.987	4.861000
166.341	4.861000
166.341	5.055000
166.695	5.055000
166.695	5.051000
167.041	5.051000
167.041	6.364000
167.387	6.364000
167.387	6.220000
167.732	6.220000
167.732	5.129000
168.075	5.129000
168.075	6.621000
168.417	6.621000
168.417	5.295000
168.76	5.295000
168.76	4.565000
169.115	4.565000
169.115	5.249000
169.47	5.249000
169.47	7.404000
169.825	7.404000
169.825	4.671000
170.168	4.671000
170.168	6.305000
170.511	6.305000
170.511	9.158000
170.854	9.158000
170.854	5.253000
171.207	5.253000
171.207	5.077000
171.56	5.077000
171.56	6.689000
171.913	6.689000
171.913	4.863000
172.259	4.863000
172.259	4.586000
172.605	4.586000
172.605	5.039000
172.951	5.039000
172.951	4.679000
173.306	4.679000
173.306	6.629000
173.661	6.629000
173.661	4.655000
174.016	4.655000
174.016	5.021000
174.367	5.021000
174.367	5.078000
174.718	5.078000
174.718	5.643000
175.069	5.643000
175.069	4.105000
175.419	4.105000
175.419	3.821000
175.769	3.821000
175.769	5.494000
176.119	5.494000
176.119	4.239000
176.566	4.239000
176.566	6.655000
177.013	6.655000
177.013	4.516000
177.46	4.516000
177.46	4.368000
177.81	4.368000
177.81	4.211000
178.16	4.211000
178.16	4.487000
178.51	4.487000
178.51	4.753000
178.853	4.753000
178.853	6.626000
179.196	6.626000
179.196	5.199000
179.539	5.199000
179.539	5.496000
179.882	5.496000
179.882	5.216000
180.227	5.216000
180.227	7.048000
180.572	7.048000
180.572	5.633000
180.928	5.633000
180.928	5.955000
181.284	5.955000
181.284	5.053000
181.64	5.053000
181.64	4.466000
182.09	4.466000
182.09	5.185000
182.54	5.185000
182.54	4.847000
182.99	4.847000
182.99	4.422000
183.44	4.422000
183.44	4.627000
183.89	4.627000
183.89	5.591000
184.236	5.591000
184.236	7.494000
184.582	7.494000
184.582	5.825000
184.94	5.825000
184.94	4.980000
185.298	4.980000
185.298	5.235000
185.656	5.235000
185.656	5.336000
186.004	5.336000
186.004	4.787000
186.352	4.787000
186.352	5.909000
186.7	5.909000
186.7	9.428000
187.053	9.428000
187.053	7.282000
187.411	7.282000
187.411	7.041000
187.769	7.041000
187.769	6.313000
188.127	6.313000
188.127	6.948000
188.52	6.948000
188.52	7.460000
188.946	7.460000
188.946	7.524000
189.378	7.524000
189.378	5.908000
189.733	5.908000
189.733	6.752000
190.087	6.752000
190.087	7.264000
190.441	7.264000
190.441	5.715000
190.894	5.715000
190.894	6.227000
191.347	6.227000
191.347	5.655000
191.8	5.655000
191.8	0.000000
191.8	0.000000
191.8	3.509000
192.154	3.509000
192.154	3.716000
192.477	3.716000
192.477	5.312000
192.922	5.312000
192.922	7.191000
193.366	7.191000
193.366	5.169000
193.81	5.169000
193.81	5.056000
194.158	5.056000
194.158	5.133000
194.506	5.133000
194.506	5.975000
194.854	5.975000
194.854	6.944000
195.196	6.944000
195.196	6.447000
195.538	6.447000
195.538	6.660000
195.88	6.660000
195.88	6.080000
196.234	6.080000
196.234	5.304000
196.587	5.304000
196.587	4.430000
196.942	4.430000
196.942	4.688000
197.297	4.688000
197.297	5.827000
197.65	5.827000
197.65	4.448000
198.003	4.448000
198.003	7.360000
198.356	7.360000
198.356	5.347000
198.698	5.347000
198.698	7.365000
199.04	7.365000
199.04	6.038000
199.382	6.038000
199.382	3.152000
199.835	3.152000
199.835	3.724000
200.288	3.724000
200.288	3.264000
200.741	3.264000
200.741	7.595000
201.088	7.595000
201.088	6.384000
201.435	6.384000
201.435	6.945000
201.782	6.945000
201.782	4.793000
202.127	4.793000
202.127	6.312000
202.472	6.312000
202.472	5.650000
202.817	5.650000
202.817	7.042000
203.267	7.042000
203.267	9.822000
203.717	9.822000
203.717	8.075000
204.167	8.075000
204.167	5.826000
204.453	5.826000
204.453	6.488000
204.739	6.488000
204.739	6.525000
205.09	6.525000
205.09	6.616000
205.441	6.616000
205.441	6.073000
205.792	6.073000
205.792	5.243000
206.116	5.243000
206.116	5.575000
206.44	5.575000
206.44	5.957000
206.764	5.957000
206.764	4.933000
207.115	4.933000
207.115	5.558000
207.466	5.558000
207.466	5.385000
207.817	5.385000
207.817	5.363000
208.164	5.363000
208.164	5.231000
208.511	5.231000
208.511	5.804000
208.858	5.804000
208.858	7.780000
209.208	7.780000
209.208	8.349000
209.559	8.349000
209.559	6.645000
209.895	6.645000
209.895	5.572000
210.231	5.572000
210.231	6.266000
210.567	6.266000
210.567	6.331000
210.919	6.331000
210.919	6.573000
211.271	6.573000
211.271	7.475000
211.623	7.475000
211.623	8.024000
211.956	8.024000
211.956	9.809000
212.289	9.809000
212.289	8.355000
212.621	8.355000
212.621	3.893000
212.972	3.893000
212.972	3.894000
213.324	3.894000
213.324	4.206000
213.675	4.206000
213.675	3.963000
214.028	3.963000
214.028	3.782000
214.381	3.782000
214.381	4.033000
214.733	4.033000
214.733	4.045000
215.184	4.045000
215.184	3.759000
215.633	3.759000
215.633	4.033000
216.084	4.033000
216.084	3.728000
216.5	3.728000
216.5	4.100000
216.915	4.100000
216.915	4.273000
217.33	4.273000
217.33	4.466000
217.68	4.466000
217.68	4.807000
218.03	4.807000
218.03	4.551000
218.378	4.551000
218.378	3.730000
218.729	3.730000
218.729	4.447000
219.08	4.447000
219.08	3.881000
219.431	3.881000
219.431	4.335000
219.782	4.335000
219.782	5.491000
220.133	5.491000
220.133	7.212000
220.484	7.212000
220.484	4.073000
220.837	4.073000
220.837	4.187000
221.189	4.187000
