0.0	6.347000
0.336	6.347000
0.336	3.917000
0.69	3.917000
0.69	4.094000
1.044	4.094000
1.044	6.005000
1.387	6.005000
1.387	8.107000
1.73	8.107000
1.73	5.723000
2.073	5.723000
2.073	5.398000
2.395	5.398000
2.395	6.326000
2.717	6.326000
2.717	6.444000
3.039	6.444000
3.039	5.359000
3.362	5.359000
3.362	4.910000
3.685	4.910000
3.685	4.932000
4.006	4.932000
4.006	5.079000
4.297	5.079000
4.297	5.629000
4.588	5.629000
4.588	5.243000
4.878	5.243000
4.878	5.651000
5.212	5.651000
5.212	6.839000
5.546	6.839000
5.546	5.945000
5.879	5.945000
5.879	6.185000
6.182	6.185000
6.182	6.907000
6.485	6.907000
6.485	6.381000
6.787	6.381000
6.787	9.325000
7.122	9.325000
7.122	5.120000
7.457	5.120000
7.457	7.609000
7.762	7.609000
7.762	5.694000
8.066	5.694000
8.066	5.179000
8.418	5.179000
8.418	4.378000
8.77	4.378000
8.77	6.494000
9.105	6.494000
9.105	8.259000
9.44	8.259000
9.44	5.549000
9.775	5.549000
9.775	4.624000
10.126	4.624000
10.126	5.734000
10.461	5.734000
10.461	9.703000
10.796	9.703000
10.796	6.278000
11.131	6.278000
11.131	8.113000
11.472	8.113000
11.472	5.590000
11.813	5.590000
11.813	4.536000
12.164	4.536000
12.164	4.124000
12.515	4.124000
12.515	5.762000
12.807	5.762000
12.807	5.687000
13.143	5.687000
13.143	6.044000
13.473	6.044000
13.473	6.733000
13.773	6.733000
13.773	6.816000
14.073	6.816000
14.073	7.953000
14.373	7.953000
14.373	4.847000
14.708	4.847000
14.708	4.814000
15.043	4.814000
15.043	4.797000
15.378	4.797000
15.378	4.572000
15.705	4.572000
15.705	5.252000
16.032	5.252000
16.032	4.859000
16.359	4.859000
16.359	6.065000
16.685	6.065000
16.685	5.879000
17.011	5.879000
17.011	6.527000
17.337	6.527000
17.337	6.308000
17.661	6.308000
17.661	6.103000
17.985	6.103000
17.985	6.456000
18.309	6.456000
18.309	5.050000
18.649	5.050000
18.649	6.616000
18.989	6.616000
18.989	4.861000
19.329	4.861000
19.329	5.690000
19.655	5.690000
19.655	7.182000
19.981	7.182000
19.981	4.816000
20.307	4.816000
20.307	6.912000
20.609	6.912000
20.609	8.348000
20.911	8.348000
20.911	6.307000
21.213	6.307000
21.213	7.615000
21.562	7.615000
21.562	7.645000
21.912	7.645000
21.912	6.181000
22.262	6.181000
22.262	4.647000
22.549	4.647000
22.549	4.866000
22.836	4.866000
22.836	4.420000
23.123	4.420000
23.123	5.464000
23.463	5.464000
23.463	6.211000
23.803	6.211000
23.803	5.003000
24.143	5.003000
24.143	7.007000
24.476	7.007000
24.476	8.485000
24.809	8.485000
24.809	5.496000
25.142	5.496000
25.142	6.584000
25.481	6.584000
25.481	8.062000
25.82	8.062000
25.82	4.884000
26.159	4.884000
26.159	7.154000
26.462	7.154000
26.462	7.306000
26.765	7.306000
26.765	7.747000
27.075	7.747000
27.075	5.797000
27.385	5.797000
27.385	4.032000
27.737	4.032000
27.737	8.969000
28.02	8.969000
28.02	8.369000
28.303	8.369000
28.303	5.238000
28.646	5.238000
28.646	4.686000
28.989	4.686000
28.989	5.422000
29.328	5.422000
29.328	5.415000
29.667	5.415000
29.667	5.422000
30.006	5.422000
30.006	5.342000
30.351	5.342000
30.351	6.107000
30.696	6.107000
30.696	6.302000
31.041	6.302000
31.041	6.223000
31.371	6.223000
31.371	6.019000
31.701	6.019000
31.701	7.325000
32.031	7.325000
32.031	4.620000
32.378	4.620000
32.378	4.966000
32.725	4.966000
32.725	5.377000
33.072	5.377000
33.072	6.284000
33.408	6.284000
33.408	6.237000
33.744	6.237000
33.744	5.931000
34.08	5.931000
34.08	6.522000
34.347	6.522000
34.347	7.258000
34.614	7.258000
34.614	6.668000
34.881	6.668000
34.881	7.443000
35.215	7.443000
35.215	6.562000
35.551	6.562000
35.551	7.175000
35.88	7.175000
35.88	9.311000
36.209	9.311000
36.209	7.416000
36.538	7.416000
36.538	7.338000
36.85	7.338000
36.85	8.097000
37.163	8.097000
37.163	5.199000
37.476	5.199000
37.476	7.766000
37.782	7.766000
37.782	9.973000
38.088	9.973000
38.088	6.081000
38.394	6.081000
38.394	5.641000
38.691	5.641000
38.691	9.440000
38.987	9.440000
38.987	5.072000
39.283	5.072000
39.283	6.042000
39.617	6.042000
39.617	7.574000
39.951	7.574000
39.951	6.760000
40.287	6.760000
40.287	4.900000
40.623	4.900000
40.623	6.244000
40.959	6.244000
40.959	5.933000
41.295	5.933000
41.295	6.208000
41.648	6.208000
41.648	5.049000
42.001	5.049000
42.001	4.652000
42.304	4.652000
42.304	6.713000
42.605	6.713000
42.605	5.576000
42.94	5.576000
42.94	5.756000
43.276	5.756000
43.276	4.951000
43.611	4.951000
43.611	6.047000
43.908	6.047000
43.908	5.476000
44.205	5.476000
44.205	5.974000
44.502	5.974000
44.502	5.435000
44.791	5.435000
44.791	5.887000
45.081	5.887000
45.081	6.940000
45.371	6.940000
45.371	6.114000
45.703	6.114000
45.703	6.986000
46.035	6.986000
46.035	6.275000
46.367	6.275000
46.367	4.496000
46.703	4.496000
46.703	5.087000
47.039	5.087000
47.039	4.540000
47.375	4.540000
47.375	5.126000
47.669	5.126000
47.669	6.893000
47.963	6.893000
47.963	4.965000
48.257	4.965000
48.257	7.630000
48.598	7.630000
48.598	6.563000
48.939	6.563000
48.939	5.805000
49.279	5.805000
49.279	5.500000
49.619	5.500000
49.619	5.714000
49.937	5.714000
49.937	4.771000
50.255	4.771000
50.255	9.647000
50.549	9.647000
50.549	6.621000
50.843	6.621000
50.843	5.714000
51.176	5.714000
51.176	5.620000
51.508	5.620000
51.508	6.419000
51.801	6.419000
51.801	5.595000
52.094	5.595000
52.094	5.857000
52.387	5.857000
52.387	6.631000
52.74	6.631000
52.74	3.752000
53.093	3.752000
53.093	4.314000
53.445	4.314000
53.445	6.068000
53.777	6.068000
53.777	8.594000
54.109	8.594000
54.109	6.448000
54.441	6.448000
54.441	6.793000
54.739	6.793000
54.739	6.731000
55.037	6.731000
55.037	5.705000
55.335	5.705000
55.335	5.735000
55.64	5.735000
55.64	6.303000
55.946	6.303000
55.946	6.908000
56.251	6.908000
56.251	6.006000
56.587	6.006000
56.587	6.872000
56.923	6.872000
56.923	5.820000
57.259	5.820000
57.259	5.970000
57.588	5.970000
57.588	6.649000
57.917	6.649000
57.917	6.717000
58.246	6.717000
58.246	6.080000
58.581	6.080000
58.581	6.176000
58.916	6.176000
58.916	7.400000
59.251	7.400000
59.251	5.031000
59.552	5.031000
59.552	6.207000
59.853	6.207000
59.853	6.691000
60.154	6.691000
60.154	6.065000
60.452	6.065000
60.452	6.657000
60.751	6.657000
60.751	6.015000
61.05	6.015000
61.05	6.545000
61.379	6.545000
61.379	7.373000
61.708	7.373000
61.708	7.810000
62.037	7.810000
62.037	5.493000
62.384	5.493000
62.384	7.913000
62.731	7.913000
62.731	5.712000
63.078	5.712000
63.078	8.255000
63.411	8.255000
63.411	8.960000
63.745	8.960000
63.745	6.506000
64.082	6.506000
64.082	6.832000
64.419	6.832000
64.419	7.716000
64.754	7.716000
64.754	7.533000
65.089	7.533000
65.089	7.002000
65.438	7.002000
65.438	8.618000
65.778	8.618000
65.778	8.873000
66.108	8.873000
66.108	4.301000
66.459	4.301000
66.459	6.191000
66.813	6.191000
66.813	6.448000
67.152	6.448000
67.152	7.240000
67.491	7.240000
67.491	6.724000
67.83	6.724000
67.83	0.000000
67.83	0.000000
67.83	0.000000
67.83	0.000000
67.83	0.000000
67.83	0.000000
67.83	0.000000
67.83	0.000000
67.83	0.000000
67.83	0.000000
67.83	0.000000
67.83	0.000000
67.83	5.711000
68.141	5.711000
68.141	5.698000
68.452	5.698000
68.452	7.349000
68.762	7.349000
68.762	5.729000
69.085	5.729000
69.085	6.004000
69.408	6.004000
69.408	6.376000
69.731	6.376000
69.731	6.235000
70.051	6.235000
70.051	6.326000
70.371	6.326000
70.371	7.171000
70.691	7.171000
70.691	6.044000
70.982	6.044000
70.982	6.315000
71.273	6.315000
71.273	7.607000
71.564	7.607000
71.564	5.671000
71.854	5.671000
71.854	6.171000
72.144	6.171000
72.144	6.196000
72.434	6.196000
72.434	4.328000
72.723	4.328000
72.723	4.968000
73.012	4.968000
73.012	5.067000
73.301	5.067000
73.301	5.247000
73.649	5.247000
73.649	5.547000
73.997	5.547000
73.997	6.852000
74.345	6.852000
74.345	6.538000
74.645	6.538000
74.645	6.915000
74.945	6.915000
74.945	6.801000
75.245	6.801000
75.245	5.126000
75.57	5.126000
75.57	5.059000
75.896	5.059000
75.896	5.554000
76.222	5.554000
76.222	6.472000
76.511	6.472000
76.511	6.491000
76.8	6.491000
76.8	7.462000
77.089	7.462000
77.089	6.145000
77.384	6.145000
77.384	6.332000
77.679	6.332000
77.679	6.341000
77.974	6.341000
77.974	5.296000
78.265	5.296000
78.265	5.502000
78.556	5.502000
78.556	5.887000
78.847	5.887000
78.847	6.132000
79.178	6.132000
79.178	7.052000
79.509	7.052000
79.509	6.380000
79.84	6.380000
79.84	6.385000
80.123	6.385000
80.123	6.648000
80.406	6.648000
80.406	6.006000
80.689	6.006000
80.689	5.537000
80.976	5.537000
80.976	6.512000
81.263	6.512000
81.263	6.251000
81.55	6.251000
81.55	5.105000
81.862	5.105000
81.862	6.327000
82.174	6.327000
82.174	5.577000
82.486	5.577000
82.486	5.342000
82.787	5.342000
82.787	6.015000
83.088	6.015000
83.088	5.312000
83.389	5.312000
83.389	6.188000
83.685	6.188000
83.685	5.494000
83.981	5.494000
83.981	6.903000
84.277	6.903000
84.277	5.011000
84.606	5.011000
84.606	5.555000
84.935	5.555000
84.935	7.423000
85.264	7.423000
85.264	7.121000
85.594	7.121000
85.594	7.654000
85.924	7.654000
85.924	7.305000
86.254	7.305000
86.254	6.489000
86.558	6.489000
86.558	6.146000
86.862	6.146000
86.862	8.442000
87.166	8.442000
87.166	4.767000
87.482	4.767000
87.482	6.123000
87.798	6.123000
87.798	5.599000
88.114	5.599000
88.114	5.384000
88.437	5.384000
88.437	6.284000
88.76	6.284000
88.76	6.185000
89.083	6.185000
89.083	5.389000
89.371	5.389000
89.371	6.562000
89.659	6.562000
89.659	6.420000
89.947	6.420000
89.947	5.136000
90.254	5.136000
90.254	5.410000
90.561	5.410000
90.561	7.643000
90.868	7.643000
90.868	5.871000
91.161	5.871000
91.161	5.776000
91.454	5.776000
91.454	5.381000
91.747	5.381000
91.747	5.926000
92.044	5.926000
92.044	6.232000
92.341	6.232000
92.341	5.930000
92.638	5.930000
92.638	4.370000
92.913	4.370000
92.913	4.253000
93.188	4.253000
93.188	4.350000
93.463	4.350000
93.463	6.358000
93.754	6.358000
93.754	6.599000
94.045	6.599000
94.045	6.702000
94.336	6.702000
94.336	6.283000
94.662	6.283000
94.662	7.936000
94.989	7.936000
94.989	6.279000
95.316	6.279000
95.316	5.884000
95.65	5.884000
95.65	6.251000
95.985	6.251000
95.985	6.554000
96.32	6.554000
96.32	5.693000
96.644	5.693000
96.644	6.340000
96.968	6.340000
96.968	6.643000
97.292	6.643000
97.292	6.320000
97.616	6.320000
97.616	6.116000
97.94	6.116000
97.94	6.696000
98.264	6.696000
98.264	5.121000
98.539	5.121000
98.539	5.125000
98.814	5.125000
98.814	5.081000
99.089	5.081000
99.089	5.368000
99.369	5.368000
99.369	5.366000
99.649	5.366000
99.649	5.442000
99.929	5.442000
99.929	5.428000
100.23	5.428000
100.23	6.666000
100.531	6.666000
100.531	5.074000
100.832	5.074000
100.832	3.888000
101.121	3.888000
101.121	3.396000
101.41	3.396000
101.41	4.427000
101.699	4.427000
101.699	5.122000
102.022	5.122000
102.022	5.927000
102.345	5.927000
102.345	5.895000
102.668	5.895000
102.668	5.454000
102.966	5.454000
102.966	5.591000
103.264	5.591000
103.264	6.345000
103.562	6.345000
103.562	5.223000
103.857	5.223000
103.857	6.036000
104.152	6.036000
104.152	5.698000
104.447	5.698000
104.447	4.998000
104.743	4.998000
104.743	5.482000
105.039	5.482000
105.039	5.361000
105.335	5.361000
105.335	4.934000
105.62	4.934000
105.62	4.547000
105.905	4.547000
105.905	5.721000
106.19	5.721000
106.19	5.376000
106.503	5.376000
106.503	5.705000
106.816	5.705000
106.816	5.924000
107.129	5.924000
107.129	5.033000
107.455	5.033000
107.455	5.886000
107.781	5.886000
107.781	5.433000
108.107	5.433000
108.107	6.072000
108.402	6.072000
108.402	5.151000
108.697	5.151000
108.697	6.739000
108.992	6.739000
108.992	4.616000
109.272	4.616000
109.272	3.888000
109.551	3.888000
109.551	4.712000
109.831	4.712000
109.831	6.981000
110.164	6.981000
110.164	7.245000
110.496	7.245000
110.496	6.569000
110.828	6.569000
110.828	6.266000
111.163	6.266000
111.163	6.434000
111.498	6.434000
111.498	6.873000
111.833	6.873000
111.833	5.468000
112.152	5.468000
112.152	6.070000
112.471	6.070000
112.471	5.586000
112.79	5.586000
112.79	6.862000
113.113	6.862000
113.113	6.444000
113.436	6.444000
113.436	6.481000
113.759	6.481000
113.759	6.443000
114.082	6.443000
114.082	6.946000
114.405	6.946000
114.405	6.055000
114.728	6.055000
114.728	5.450000
115.005	5.450000
115.005	6.558000
115.282	6.558000
115.282	4.918000
115.559	4.918000
115.559	6.191000
115.86	6.191000
115.86	6.112000
116.161	6.112000
116.161	6.966000
116.462	6.966000
116.462	5.981000
116.751	5.981000
116.751	5.881000
117.04	5.881000
117.04	7.813000
117.329	7.813000
117.329	6.340000
117.644	6.340000
117.644	6.437000
117.959	6.437000
117.959	7.381000
118.274	7.381000
118.274	6.260000
118.559	6.260000
118.559	6.126000
118.844	6.126000
118.844	5.814000
119.129	5.814000
119.129	5.821000
119.415	5.821000
119.415	6.841000
119.701	6.841000
119.701	6.275000
119.987	6.275000
119.987	5.746000
120.283	5.746000
120.283	7.562000
120.579	7.562000
120.579	5.722000
120.875	5.722000
120.875	4.775000
121.16	4.775000
121.16	5.359000
121.444	5.359000
121.444	4.834000
121.728	4.834000
121.728	5.847000
122.022	5.847000
122.022	5.739000
122.316	5.739000
122.316	7.496000
122.61	7.496000
122.61	4.239000
122.92	4.239000
122.92	5.284000
123.23	5.284000
123.23	4.823000
123.539	4.823000
123.539	5.621000
123.828	5.621000
123.828	5.895000
124.117	5.895000
124.117	6.399000
124.406	6.399000
124.406	5.287000
124.743	5.287000
124.743	5.990000
125.079	5.990000
125.079	5.270000
125.415	5.270000
125.415	4.945000
125.708	4.945000
125.708	6.152000
126.001	6.152000
126.001	5.122000
126.293	5.122000
126.293	6.581000
126.58	6.581000
126.58	6.180000
126.867	6.180000
126.867	6.518000
127.154	6.518000
127.154	5.954000
127.475	5.954000
127.475	6.056000
127.796	6.056000
127.796	7.194000
128.117	7.194000
128.117	6.487000
128.442	6.487000
128.442	6.905000
128.768	6.905000
128.768	5.985000
129.094	5.985000
129.094	7.034000
129.424	7.034000
129.424	6.422000
129.756	6.422000
129.756	7.712000
130.088	7.712000
130.088	6.372000
130.359	6.372000
130.359	6.337000
130.63	6.337000
130.63	6.244000
130.901	6.244000
130.901	5.792000
131.225	5.792000
131.225	6.122000
131.549	6.122000
131.549	6.849000
131.873	6.849000
131.873	6.089000
132.192	6.089000
132.192	5.335000
132.511	5.335000
132.511	6.891000
132.83	6.891000
132.83	5.571000
133.121	5.571000
133.121	6.760000
133.412	6.760000
133.412	5.755000
133.703	5.755000
133.703	6.091000
133.996	6.091000
133.996	6.294000
134.289	6.294000
134.289	5.027000
134.581	5.027000
134.581	6.141000
134.901	6.141000
134.901	6.492000
135.22	6.492000
135.22	5.976000
135.54	5.976000
135.54	7.544000
135.825	7.544000
135.825	6.935000
136.11	6.935000
136.11	6.687000
136.395	6.687000
136.395	4.813000
136.687	4.813000
136.687	5.956000
136.979	5.956000
136.979	4.894000
137.271	4.894000
137.271	8.956000
137.618	8.956000
137.618	8.600000
137.964	8.600000
137.964	7.102000
138.307	7.102000
138.307	8.134000
138.651	8.134000
138.651	8.580000
138.995	8.580000
138.995	6.140000
139.239	6.140000
139.239	6.064000
139.483	6.064000
139.483	7.657000
139.727	7.657000
139.727	7.161000
139.986	7.161000
139.986	7.859000
140.245	7.859000
140.245	7.666000
140.504	7.666000
140.504	6.148000
140.794	6.148000
140.794	7.799000
141.084	7.799000
141.084	6.178000
141.374	6.178000
141.374	8.960000
141.678	8.960000
141.678	9.443000
141.982	9.443000
141.982	9.115000
142.286	9.115000
142.286	6.887000
142.622	6.887000
142.622	7.298000
142.959	7.298000
142.959	7.246000
143.296	7.246000
143.296	8.001000
143.598	8.001000
143.598	8.328000
143.9	8.328000
143.9	9.603000
144.202	9.603000
144.202	6.347000
144.496	6.347000
144.496	7.008000
144.79	7.008000
144.79	7.098000
145.084	7.098000
145.084	5.215000
145.366	5.215000
145.366	5.969000
145.648	5.969000
145.648	5.335000
145.93	5.335000
145.93	5.683000
146.259	5.683000
146.259	5.724000
146.588	5.724000
146.588	7.302000
146.917	7.302000
146.917	6.811000
147.212	6.811000
147.212	7.041000
147.507	7.041000
147.507	6.450000
147.802	6.450000
147.802	5.359000
148.089	5.359000
148.089	6.060000
148.376	6.060000
148.376	5.791000
148.663	5.791000
148.663	3.758000
148.939	3.758000
148.939	4.528000
149.215	4.528000
149.215	5.247000
149.49	5.247000
149.49	5.870000
149.789	5.870000
149.789	6.325000
150.088	6.325000
150.088	5.917000
150.387	5.917000
150.387	6.731000
150.643	6.731000
150.643	6.025000
150.899	6.025000
150.899	5.803000
151.155	5.803000
151.155	4.158000
151.439	4.158000
151.439	5.162000
151.723	5.162000
151.723	4.074000
152.008	4.074000
152.008	5.866000
152.317	5.866000
152.317	5.958000
152.626	5.958000
152.626	6.978000
152.935	6.978000
152.935	6.492000
153.271	6.492000
153.271	6.282000
153.607	6.282000
153.607	5.886000
153.943	5.886000
153.943	5.219000
154.238	5.219000
154.238	5.099000
154.533	5.099000
154.533	4.513000
154.828	4.513000
154.828	6.913000
155.16	6.913000
155.16	8.018000
155.492	8.018000
155.492	7.260000
155.824	7.260000
155.824	7.346000
156.142	7.346000
156.142	7.791000
156.46	7.791000
156.46	7.606000
156.778	7.606000
156.778	6.796000
157.084	6.796000
157.084	7.557000
157.39	7.557000
157.39	7.260000
157.696	7.260000
157.696	6.213000
157.976	6.213000
157.976	7.076000
158.254	7.076000
158.254	8.148000
158.534	8.148000
158.534	6.465000
158.842	6.465000
158.842	7.928000
159.15	7.928000
159.15	5.693000
159.458	5.693000
159.458	5.440000
159.787	5.440000
159.787	8.086000
160.116	8.086000
160.116	6.605000
160.445	6.605000
160.445	5.119000
160.772	5.119000
160.772	6.987000
161.099	6.987000
161.099	5.940000
161.426	5.940000
161.426	5.745000
161.711	5.745000
161.711	6.448000
161.996	6.448000
161.996	6.419000
162.281	6.419000
162.281	5.715000
162.574	5.715000
162.574	4.970000
162.867	4.970000
162.867	6.805000
163.16	6.805000
163.16	4.556000
163.472	4.556000
163.472	4.440000
163.785	4.440000
163.785	4.994000
164.098	4.994000
164.098	4.672000
164.395	4.672000
164.395	5.421000
164.692	5.421000
164.692	5.375000
164.989	5.375000
164.989	7.590000
165.289	7.590000
165.289	8.398000
165.589	8.398000
165.589	7.801000
165.889	7.801000
165.889	5.436000
166.202	5.436000
166.202	5.457000
166.515	5.457000
166.515	5.498000
166.828	5.498000
166.828	5.434000
167.144	5.434000
167.144	5.709000
167.46	5.709000
167.46	6.144000
167.776	6.144000
167.776	5.425000
168.115	5.425000
168.115	5.548000
168.455	5.548000
168.455	5.822000
168.795	5.822000
168.795	6.946000
169.105	6.946000
169.105	5.789000
169.415	5.789000
169.415	7.539000
169.725	7.539000
169.725	5.429000
170.012	5.429000
170.012	6.416000
170.299	6.416000
170.299	5.722000
170.586	5.722000
170.586	5.997000
170.919	5.997000
170.919	5.977000
171.252	5.977000
171.252	7.442000
171.585	7.442000
171.585	5.348000
171.904	5.348000
171.904	8.123000
172.223	8.123000
172.223	6.017000
172.542	6.017000
172.542	6.949000
172.837	6.949000
172.837	7.291000
173.132	7.291000
173.132	6.797000
173.427	6.797000
173.427	6.309000
173.76	6.309000
173.76	7.658000
174.093	7.658000
174.093	6.342000
174.426	6.342000
174.426	4.567000
174.767	4.567000
174.767	5.496000
175.107	5.496000
175.107	4.998000
175.448	4.998000
175.448	5.741000
175.781	5.741000
175.781	6.250000
176.114	6.250000
176.114	6.202000
176.446	6.202000
176.446	8.756000
176.795	8.756000
176.795	8.786000
177.144	8.786000
177.144	6.059000
177.443	6.059000
177.443	7.530000
177.742	7.530000
177.742	6.379000
178.041	6.379000
178.041	6.806000
178.331	6.806000
178.331	6.303000
178.621	6.303000
178.621	5.904000
178.911	5.904000
178.911	5.180000
179.197	5.180000
179.197	5.431000
179.483	5.431000
179.483	6.756000
179.769	6.756000
179.769	5.802000
180.066	5.802000
180.066	6.640000
180.363	6.640000
180.363	5.946000
180.66	5.946000
180.66	5.773000
180.977	5.773000
180.977	5.916000
181.294	5.916000
181.294	6.412000
181.611	6.412000
181.611	6.443000
181.942	6.443000
181.942	7.384000
182.273	7.384000
182.273	6.529000
182.604	6.529000
182.604	5.772000
182.893	5.772000
182.893	6.539000
183.182	6.539000
183.182	5.672000
183.471	5.672000
183.471	7.046000
183.79	7.046000
183.79	6.929000
184.109	6.929000
184.109	6.817000
184.428	6.817000
184.428	5.066000
184.751	5.066000
184.751	5.688000
185.075	5.688000
185.075	4.686000
185.399	4.686000
185.399	6.802000
185.704	6.802000
185.704	6.255000
186.009	6.255000
186.009	7.725000
186.314	7.725000
186.314	5.367000
186.61	5.367000
186.61	5.075000
186.905	5.075000
186.905	5.976000
187.201	5.976000
187.201	5.613000
187.526	5.613000
187.526	6.562000
187.851	6.562000
187.851	7.098000
188.176	7.098000
188.176	5.072000
188.515	5.072000
188.515	6.007000
188.854	6.007000
188.854	5.113000
189.193	5.113000
189.193	5.045000
189.481	5.045000
189.481	5.476000
189.769	5.476000
189.769	6.375000
190.057	6.375000
190.057	6.346000
190.35	6.346000
190.35	7.461000
190.643	7.461000
190.643	6.066000
190.936	6.066000
190.936	6.492000
191.233	6.492000
191.233	6.558000
191.53	6.558000
191.53	6.090000
191.827	6.090000
191.827	6.567000
192.118	6.567000
192.118	7.105000
192.409	7.105000
192.409	6.334000
192.7	6.334000
192.7	7.922000
192.991	7.922000
192.991	7.952000
193.282	7.952000
193.282	5.988000
193.564	5.988000
193.564	5.367000
193.846	5.367000
193.846	6.877000
194.128	6.877000
194.128	6.329000
194.41	6.329000
194.41	6.348000
194.692	6.348000
194.692	6.485000
194.974	6.485000
194.974	6.550000
195.263	6.550000
195.263	6.984000
195.552	6.984000
195.552	6.571000
195.841	6.571000
195.841	5.306000
196.133	5.306000
196.133	6.024000
196.426	6.024000
196.426	6.515000
196.719	6.515000
196.719	5.942000
197.037	5.942000
197.037	6.101000
197.355	6.101000
197.355	6.246000
197.673	6.246000
197.673	3.978000
197.946	3.978000
197.946	4.677000
198.219	4.677000
198.219	3.899000
198.492	3.899000
198.492	6.250000
198.787	6.250000
198.787	6.289000
199.082	6.289000
199.082	7.207000
199.377	7.207000
199.377	5.380000
199.666	5.380000
199.666	5.330000
199.955	5.330000
199.955	6.222000
200.244	6.222000
200.244	5.717000
200.554	5.717000
200.554	5.538000
200.864	5.538000
200.864	8.326000
201.174	8.326000
201.174	5.839000
201.498	5.839000
201.498	6.126000
201.822	6.126000
201.822	6.563000
202.146	6.563000
202.146	6.746000
202.438	6.746000
202.438	8.138000
202.73	8.138000
202.73	6.827000
203.022	6.827000
203.022	4.587000
203.309	4.587000
203.309	5.546000
203.596	5.546000
203.596	5.804000
203.883	5.804000
203.883	6.146000
204.223	6.146000
204.223	6.502000
204.562	6.502000
204.562	6.055000
204.902	6.055000
204.902	7.464000
205.23	7.464000
205.23	9.831000
205.558	9.831000
205.558	7.511000
205.886	7.511000
205.886	5.904000
206.168	5.904000
206.168	6.124000
206.451	6.124000
206.451	7.325000
206.734	7.325000
206.734	6.389000
207.009	6.389000
207.009	6.008000
207.284	6.008000
207.284	6.362000
207.559	6.362000
207.559	5.147000
207.846	5.147000
207.846	5.667000
208.134	5.667000
208.134	6.510000
208.422	6.510000
208.422	5.792000
208.754	5.792000
208.754	5.725000
209.086	5.725000
209.086	5.028000
209.417	5.028000
209.417	6.715000
209.698	6.715000
209.698	4.959000
209.978	4.959000
209.978	4.862000
210.259	4.862000
210.259	6.442000
210.579	6.442000
210.579	6.814000
210.898	6.814000
210.898	6.959000
211.217	6.959000
211.217	6.276000
211.504	6.276000
211.504	6.053000
211.791	6.053000
211.791	7.199000
212.078	7.199000
212.078	6.096000
212.392	6.096000
212.392	5.829000
212.706	5.829000
212.706	6.235000
213.02	6.235000
213.02	5.504000
213.334	5.504000
213.334	6.558000
213.648	6.558000
213.648	5.850000
213.962	5.850000
213.962	5.634000
214.265	5.634000
214.265	6.572000
214.568	6.572000
214.568	5.375000
214.871	5.375000
214.871	5.823000
215.164	5.823000
215.164	5.929000
215.457	5.929000
215.457	6.144000
215.75	6.144000
215.75	5.940000
216.076	5.940000
216.076	6.356000
216.402	6.356000
216.402	5.332000
216.728	5.332000
216.728	6.183000
217.035	6.183000
217.035	6.669000
217.342	6.669000
217.342	8.038000
217.649	8.038000
217.649	6.378000
217.972	6.378000
217.972	6.789000
218.295	6.789000
218.295	6.564000
218.618	6.564000
218.618	6.756000
218.919	6.756000
218.919	6.334000
219.22	6.334000
219.22	8.366000
219.521	8.366000
219.521	5.100000
219.841	5.100000
219.841	5.768000
220.161	5.768000
220.161	5.138000
220.481	5.138000
220.481	7.406000
220.815	7.406000
220.815	7.682000
221.149	7.682000
221.149	7.490000
221.483	7.490000
221.483	5.709000
221.782	5.709000
221.782	5.387000
222.081	5.387000
222.081	6.737000
222.38	6.737000
222.38	5.812000
222.689	5.812000
222.689	6.753000
222.998	6.753000
222.998	5.701000
223.307	5.701000
223.307	7.961000
223.586	7.961000
223.586	7.891000
223.865	7.891000
223.865	8.242000
224.144	8.242000
224.144	5.566000
224.463	5.566000
224.463	5.550000
224.781	5.550000
224.781	6.493000
225.1	6.493000
225.1	6.098000
225.396	6.098000
225.396	5.372000
225.692	5.372000
225.692	6.792000
225.988	6.792000
225.988	5.864000
226.265	5.864000
226.265	6.018000
226.542	6.018000
226.542	6.468000
226.819	6.468000
226.819	6.942000
227.11	6.942000
227.11	8.178000
227.4	8.178000
227.4	5.571000
227.69	5.571000
227.69	5.439000
228.017	5.439000
228.017	6.609000
228.344	6.609000
228.344	5.332000
228.671	5.332000
228.671	5.211000
228.959	5.211000
228.959	5.689000
229.247	5.689000
229.247	5.407000
229.535	5.407000
229.535	5.942000
229.868	5.942000
229.868	5.310000
230.201	5.310000
230.201	6.540000
230.534	6.540000
230.534	4.881000
230.823	4.881000
230.823	4.973000
231.112	4.973000
231.112	6.202000
231.401	6.202000
231.401	6.101000
231.735	6.101000
231.735	6.567000
232.069	6.567000
232.069	5.949000
232.403	5.949000
232.403	4.910000
232.703	4.910000
232.703	5.782000
233.003	5.782000
233.003	5.605000
233.303	5.605000
233.303	5.902000
233.615	5.902000
233.615	5.886000
233.926	5.886000
233.926	5.939000
234.238	5.939000
234.238	6.363000
234.567	6.363000
234.567	6.491000
234.896	6.491000
234.896	6.028000
235.225	6.028000
235.225	5.382000
235.555	5.382000
235.555	6.798000
235.885	6.798000
235.885	5.482000
236.215	5.482000
236.215	6.845000
236.521	6.845000
236.521	7.245000
236.827	7.245000
236.827	6.940000
237.132	6.940000
237.132	6.457000
237.453	6.457000
237.453	6.591000
237.774	6.591000
237.774	6.524000
238.095	6.524000
238.095	4.512000
238.426	4.512000
238.426	4.773000
238.757	4.773000
238.757	5.113000
239.088	5.113000
239.088	5.953000
239.38	5.953000
239.38	6.701000
239.671	6.701000
239.671	5.679000
239.963	5.679000
239.963	4.741000
240.274	4.741000
240.274	6.521000
240.585	6.521000
240.585	5.661000
240.895	5.661000
240.895	5.932000
241.19	5.932000
241.19	5.853000
241.484	5.853000
241.484	7.431000
241.779	7.431000
241.779	5.698000
242.07	5.698000
242.07	5.629000
242.361	5.629000
242.361	7.760000
242.652	7.760000
242.652	6.210000
242.955	6.210000
242.955	6.834000
243.258	6.834000
243.258	6.832000
243.561	6.832000
243.561	5.613000
243.852	5.613000
243.852	6.289000
244.143	6.289000
244.143	7.268000
244.434	7.268000
244.434	5.100000
244.755	5.100000
244.755	5.930000
245.076	5.930000
245.076	5.159000
245.397	5.159000
245.397	5.963000
245.682	5.963000
245.682	6.246000
245.967	6.246000
245.967	6.125000
246.252	6.125000
246.252	5.810000
246.547	5.810000
246.547	6.002000
246.842	6.002000
246.842	5.685000
247.137	5.685000
247.137	6.895000
247.432	6.895000
247.432	6.455000
247.727	6.455000
247.727	6.902000
248.021	6.902000
248.021	6.405000
248.316	6.405000
248.316	6.558000
248.611	6.558000
248.611	6.778000
248.906	6.778000
248.906	6.118000
249.244	6.118000
249.244	6.088000
249.582	6.088000
249.582	5.991000
249.92	5.991000
249.92	8.799000
250.267	8.799000
250.267	9.930000
250.613	9.930000
250.613	6.808000
250.915	6.808000
250.915	8.770000
251.217	8.770000
251.217	7.993000
251.519	7.993000
251.519	8.336000
251.865	8.336000
251.865	8.799000
252.211	8.799000
252.211	8.292000
252.557	8.292000
252.557	5.994000
252.885	5.994000
252.885	7.049000
253.213	7.049000
253.213	7.513000
253.541	7.513000
253.541	6.411000
253.826	6.411000
253.826	8.290000
254.11	8.290000
254.11	7.201000
254.395	7.201000
254.395	6.192000
254.677	6.192000
254.677	7.018000
254.959	7.018000
254.959	7.156000
255.241	7.156000
255.241	4.443000
255.591	4.443000
255.591	4.600000
255.941	4.600000
255.941	4.819000
256.291	4.819000
256.291	6.498000
256.584	6.498000
256.584	6.716000
256.878	6.716000
256.878	6.291000
257.172	6.291000
257.172	6.337000
257.494	6.337000
257.494	6.618000
257.816	6.618000
257.816	7.500000
258.138	7.500000
258.138	4.435000
258.484	4.435000
258.484	4.626000
258.83	4.626000
258.83	4.353000
259.176	4.353000
259.176	5.680000
259.456	5.680000
259.456	6.497000
259.736	6.497000
259.736	5.634000
260.016	5.634000
260.016	5.591000
260.299	5.591000
260.299	4.936000
260.582	4.936000
260.582	4.508000
260.865	4.508000
260.865	6.207000
261.185	6.207000
261.185	6.905000
261.505	6.905000
261.505	7.606000
261.825	7.606000
261.825	4.722000
262.08	4.722000
262.08	5.458000
262.335	5.458000
262.335	5.311000
262.59	5.311000
262.59	6.795000
262.904	6.795000
262.904	6.980000
263.218	6.980000
263.218	7.252000
263.531	7.252000
263.531	5.624000
263.813	5.624000
263.813	6.097000
264.095	6.097000
264.095	6.460000
264.377	6.460000
264.377	6.230000
264.67	6.230000
264.67	6.405000
264.963	6.405000
264.963	6.368000
265.256	6.368000
265.256	6.004000
265.543	6.004000
265.543	7.487000
265.83	7.487000
265.83	6.735000
266.117	6.735000
266.117	4.493000
266.469	4.493000
266.469	4.727000
266.82	4.727000
266.82	4.881000
267.172	4.881000
267.172	6.515000
267.499	6.515000
267.499	6.392000
267.826	6.392000
267.826	6.474000
268.153	6.474000
268.153	5.760000
268.451	5.760000
268.451	6.531000
268.749	6.531000
268.749	7.050000
269.047	7.050000
269.047	8.043000
269.399	8.043000
269.399	8.037000
269.751	8.037000
269.751	7.814000
270.103	7.814000
270.103	5.578000
270.388	5.578000
270.388	5.711000
270.674	5.711000
270.674	5.343000
270.96	5.343000
270.96	7.322000
271.292	7.322000
271.292	9.206000
271.624	9.206000
271.624	9.120000
271.956	9.120000
271.956	5.886000
272.284	5.886000
272.284	6.897000
272.612	6.897000
272.612	7.357000
272.94	7.357000
272.94	6.314000
273.251	6.314000
273.251	7.850000
273.562	7.850000
273.562	7.057000
273.873	7.057000
273.873	5.269000
274.213	5.269000
274.213	5.408000
274.551	5.408000
274.551	5.511000
274.891	5.511000
274.891	5.848000
275.211	5.848000
275.211	6.877000
275.531	6.877000
275.531	6.956000
275.851	6.956000
275.851	6.252000
276.173	6.252000
276.173	6.685000
276.495	6.685000
276.495	6.667000
276.817	6.667000
276.817	5.883000
277.139	5.883000
277.139	6.871000
277.461	6.871000
277.461	7.330000
277.783	7.330000
277.783	5.693000
278.062	5.693000
278.062	6.423000
278.341	6.423000
278.341	6.850000
278.62	6.850000
278.62	5.817000
278.927	5.817000
278.927	7.188000
279.234	7.188000
279.234	6.401000
279.541	6.401000
279.541	5.738000
279.839	5.738000
279.839	6.535000
280.137	6.535000
280.137	6.979000
280.435	6.979000
280.435	5.770000
280.727	5.770000
280.727	5.575000
281.019	5.575000
281.019	6.042000
281.31	6.042000
281.31	5.917000
281.626	5.917000
281.626	6.769000
281.942	6.769000
281.942	6.393000
282.258	6.393000
282.258	4.344000
282.603	4.344000
282.603	4.641000
282.948	4.641000
282.948	4.221000
283.293	4.221000
283.293	6.042000
283.595	6.042000
283.595	6.482000
283.897	6.482000
283.897	7.843000
284.199	7.843000
284.199	5.872000
284.519	5.872000
284.519	7.115000
284.839	7.115000
284.839	6.557000
285.159	6.557000
285.159	4.562000
285.466	4.562000
285.466	4.949000
285.773	4.949000
285.773	4.999000
286.08	4.999000
286.08	5.912000
286.359	5.912000
286.359	7.229000
286.638	7.229000
286.638	7.359000
286.917	7.359000
286.917	5.265000
287.243	5.265000
287.243	6.462000
287.569	6.462000
287.569	5.618000
287.895	5.618000
287.895	5.664000
288.178	5.664000
288.178	6.322000
288.461	6.322000
288.461	6.979000
288.744	6.979000
288.744	5.703000
289.092	5.703000
289.092	6.053000
289.439	6.053000
289.439	5.792000
289.787	5.792000
289.787	6.678000
290.072	6.678000
290.072	7.373000
290.357	7.373000
290.357	6.818000
290.642	6.818000
290.642	5.385000
290.935	5.385000
290.935	6.625000
291.228	6.625000
291.228	6.815000
291.521	6.815000
291.521	5.578000
291.832	5.578000
291.832	6.489000
292.143	6.489000
292.143	5.989000
292.454	5.989000
292.454	5.645000
292.736	5.645000
292.736	5.728000
293.018	5.728000
293.018	5.259000
293.3	5.259000
293.3	4.838000
293.652	4.838000
293.652	4.608000
294.004	4.608000
294.004	4.595000
294.356	4.595000
294.356	4.450000
294.699	4.450000
294.699	4.788000
295.042	4.788000
295.042	4.395000
295.385	4.395000
295.385	5.989000
295.667	5.989000
295.667	7.272000
295.949	7.272000
295.949	6.022000
296.231	6.022000
296.231	7.476000
296.511	7.476000
296.511	6.755000
296.791	6.755000
296.791	8.661000
297.071	8.661000
297.071	3.888000
297.42	3.888000
297.42	4.561000
297.767	4.561000
297.767	4.534000
298.116	4.534000
298.116	6.280000
298.443	6.280000
298.443	7.344000
298.77	7.344000
298.77	6.044000
299.097	6.044000
299.097	5.416000
299.449	5.416000
299.449	6.239000
299.801	6.239000
299.801	5.352000
300.153	5.352000
300.153	5.508000
300.498	5.508000
300.498	6.712000
300.843	6.712000
300.843	6.553000
301.188	6.553000
301.188	6.787000
301.477	6.787000
301.477	7.104000
301.766	7.104000
301.766	5.653000
302.055	5.653000
302.055	4.777000
302.403	4.777000
302.403	4.969000
302.752	4.969000
302.752	4.201000
303.1	4.201000
303.1	5.841000
303.391	5.841000
303.391	6.816000
303.682	6.816000
303.682	6.694000
303.973	6.694000
303.973	5.402000
304.296	5.402000
304.296	6.224000
304.619	6.224000
304.619	5.496000
304.942	5.496000
304.942	6.204000
305.294	6.204000
305.294	6.141000
305.646	6.141000
305.646	5.664000
305.998	5.664000
305.998	6.546000
306.298	6.546000
306.298	8.229000
306.598	8.229000
306.598	7.677000
306.898	7.677000
306.898	7.078000
307.193	7.078000
307.193	8.869000
307.488	8.869000
307.488	7.427000
307.783	7.427000
307.783	6.453000
308.108	6.453000
308.108	7.602000
308.433	7.602000
308.433	7.773000
308.758	7.773000
308.758	4.715000
309.104	4.715000
309.104	4.896000
309.45	4.896000
309.45	4.481000
309.796	4.481000
309.796	5.546000
310.115	5.546000
310.115	6.532000
310.434	6.532000
310.434	5.360000
310.752	5.360000
310.752	5.587000
311.046	5.587000
311.046	7.504000
311.34	7.504000
311.34	6.226000
311.634	6.226000
311.634	4.344000
311.985	4.344000
311.985	5.041000
312.336	5.041000
312.336	4.631000
312.687	4.631000
312.687	6.243000
312.978	6.243000
312.978	7.075000
313.269	7.075000
313.269	6.316000
313.56	6.316000
313.56	4.591000
313.913	4.591000
313.913	4.572000
314.266	4.572000
314.266	4.814000
314.619	4.814000
314.619	5.731000
314.948	5.731000
314.948	7.322000
315.277	7.322000
315.277	6.773000
315.606	6.773000
315.606	6.621000
315.929	6.621000
315.929	7.439000
316.252	7.439000
316.252	6.785000
316.575	6.785000
316.575	4.638000
316.925	4.638000
316.925	4.699000
317.275	4.699000
317.275	5.531000
317.625	5.531000
317.625	5.715000
317.978	5.715000
317.978	5.218000
318.331	5.218000
318.331	5.434000
318.683	5.434000
318.683	6.439000
319.023	6.439000
319.023	6.688000
319.363	6.688000
319.363	5.782000
319.703	5.782000
319.703	5.653000
320.044	5.653000
320.044	6.915000
320.386	6.915000
320.386	6.112000
320.727	6.112000
320.727	5.235000
321.073	5.235000
321.073	4.887000
321.418	4.887000
321.418	4.882000
321.764	4.882000
321.764	6.608000
322.062	6.608000
322.062	8.680000
322.36	8.680000
322.36	6.754000
322.658	6.754000
322.658	4.780000
322.972	4.780000
322.972	4.563000
323.286	4.563000
323.286	4.580000
323.6	4.580000
323.6	5.569000
323.927	5.569000
323.927	6.481000
324.254	6.481000
324.254	6.514000
324.581	6.514000
324.581	6.771000
324.87	6.771000
324.87	7.454000
325.159	7.454000
325.159	6.925000
325.448	6.925000
325.448	6.024000
325.794	6.024000
325.794	5.886000
326.139	5.886000
326.139	6.168000
326.485	6.168000
326.485	4.890000
326.832	4.890000
326.832	4.560000
327.179	4.560000
327.179	4.745000
327.526	4.745000
327.526	6.370000
327.859	6.370000
327.859	6.978000
328.192	6.978000
328.192	5.914000
328.525	5.914000
328.525	6.045000
328.816	6.045000
328.816	6.555000
329.107	6.555000
329.107	7.759000
329.398	7.759000
329.398	5.397000
329.691	5.397000
329.691	6.092000
329.984	6.092000
329.984	6.824000
330.277	6.824000
330.277	6.024000
330.594	6.024000
330.594	6.345000
330.911	6.345000
330.911	6.903000
331.228	6.903000
331.228	5.556000
331.573	5.556000
331.573	6.006000
331.918	6.006000
331.918	5.803000
332.263	5.803000
332.263	6.161000
332.582	6.161000
332.582	6.934000
332.901	6.934000
332.901	5.793000
333.219	5.793000
333.219	5.945000
333.537	5.945000
333.537	7.235000
333.855	7.235000
333.855	8.580000
334.173	8.580000
334.173	4.161000
334.485	4.161000
334.485	5.416000
334.798	5.416000
334.798	5.092000
335.111	5.092000
335.111	5.024000
335.43	5.024000
335.43	5.948000
335.749	5.948000
335.749	4.912000
336.068	4.912000
336.068	5.740000
336.402	5.740000
336.402	7.870000
336.735	7.870000
336.735	7.348000
337.068	7.348000
337.068	5.161000
337.364	5.161000
337.364	6.299000
337.66	6.299000
337.66	5.870000
337.956	5.870000
337.956	6.497000
338.279	6.497000
338.279	7.257000
338.602	7.257000
338.602	6.456000
338.925	6.456000
338.925	4.101000
339.229	4.101000
339.229	4.659000
339.532	4.659000
339.532	4.392000
339.836	4.392000
339.836	5.282000
340.183	5.282000
340.183	6.383000
340.53	6.383000
340.53	5.582000
340.877	5.582000
340.877	6.214000
341.163	6.214000
341.163	6.664000
341.45	6.664000
341.45	6.300000
341.737	6.300000
341.737	6.906000
342.023	6.906000
342.023	6.692000
342.309	6.692000
342.309	7.854000
342.595	7.854000
342.595	6.042000
342.903	6.042000
342.903	7.182000
343.212	7.182000
343.212	5.552000
343.521	5.552000
343.521	5.257000
343.868	5.257000
343.868	4.917000
344.215	4.917000
344.215	4.689000
344.562	4.689000
344.562	4.084000
344.911	4.084000
344.911	4.252000
345.26	4.252000
345.26	4.095000
345.608	4.095000
345.608	6.782000
345.93	6.782000
345.93	6.884000
346.252	6.884000
346.252	6.532000
346.574	6.532000
346.574	6.113000
346.865	6.113000
346.865	6.870000
347.155	6.870000
347.155	7.162000
347.446	7.162000
347.446	6.266000
347.744	6.266000
347.744	8.094000
348.042	8.094000
348.042	7.726000
348.34	7.726000
348.34	6.027000
348.676	6.027000
348.676	7.119000
349.012	7.119000
349.012	6.131000
349.348	6.131000
349.348	6.542000
349.648	6.542000
349.648	6.933000
349.948	6.933000
349.948	7.553000
350.248	7.553000
350.248	4.797000
350.599	4.797000
350.599	5.279000
350.951	5.279000
350.951	4.468000
351.303	4.468000
351.303	6.556000
351.628	6.556000
351.628	8.321000
351.953	8.321000
351.953	7.258000
352.278	7.258000
352.278	5.934000
352.57	5.934000
352.57	7.224000
352.862	7.224000
352.862	7.777000
353.154	7.777000
353.154	5.377000
353.479	5.377000
353.479	6.940000
353.803	6.940000
353.803	6.841000
354.127	6.841000
354.127	6.998000
354.463	6.998000
354.463	8.275000
354.799	8.275000
354.799	7.418000
355.135	7.418000
355.135	4.644000
355.433	4.644000
355.433	6.281000
355.731	6.281000
355.731	6.780000
356.029	6.780000
356.029	6.163000
356.375	6.163000
356.375	6.750000
356.721	6.750000
356.721	5.863000
357.067	5.863000
357.067	5.893000
357.398	5.893000
357.398	6.690000
357.729	6.690000
357.729	5.838000
358.06	5.838000
358.06	5.029000
358.411	5.029000
358.411	5.003000
358.762	5.003000
358.762	4.956000
359.113	4.956000
359.113	6.036000
359.451	6.036000
359.451	6.247000
359.789	6.247000
359.789	5.328000
360.127	5.328000
360.127	5.189000
360.432	5.189000
360.432	5.908000
360.737	5.908000
360.737	5.609000
361.041	5.609000
361.041	5.997000
361.36	5.997000
361.36	6.707000
361.679	6.707000
361.679	7.320000
361.998	7.320000
361.998	5.858000
362.298	5.858000
362.298	6.721000
362.598	6.721000
362.598	7.697000
362.898	7.697000
362.898	5.766000
363.191	5.766000
363.191	5.895000
363.484	5.895000
363.484	4.859000
363.777	4.859000
363.777	5.695000
364.07	5.695000
364.07	7.513000
364.363	7.513000
364.363	7.204000
364.656	7.204000
364.656	6.773000
364.943	6.773000
364.943	7.300000
365.23	7.300000
365.23	7.121000
365.517	7.121000
365.517	7.400000
365.855	7.400000
365.855	9.394000
366.192	9.394000
366.192	7.933000
366.53	7.933000
366.53	7.100000
366.87	7.100000
366.87	8.690000
367.21	8.690000
367.21	8.528000
367.55	8.528000
367.55	5.205000
367.868	5.205000
367.868	5.167000
368.186	5.167000
368.186	6.222000
368.504	6.222000
368.504	7.032000
368.838	7.032000
368.838	6.757000
369.172	6.757000
369.172	6.675000
369.506	6.675000
369.506	6.929000
369.841	6.929000
369.841	8.208000
370.176	8.208000
370.176	7.069000
370.511	7.069000
370.511	6.598000
370.806	6.598000
370.806	7.089000
371.101	7.089000
371.101	8.372000
371.396	8.372000
371.396	5.882000
371.726	5.882000
371.726	5.441000
372.056	5.441000
372.056	5.793000
372.386	5.793000
372.386	8.526000
372.727	8.526000
372.727	9.290000
373.068	9.290000
373.068	7.969000
373.372	7.969000
373.372	7.522000
373.676	7.522000
373.676	8.171000
373.98	8.171000
373.98	6.999000
374.302	6.999000
374.302	7.167000
374.624	7.167000
374.624	7.118000
374.946	7.118000
374.946	7.398000
375.267	7.398000
375.267	8.041000
375.588	8.041000
375.588	7.411000
375.909	7.411000
375.909	6.066000
376.226	6.066000
376.226	4.803000
376.543	4.803000
376.543	5.447000
376.86	5.447000
376.86	4.682000
377.139	4.682000
377.139	4.290000
377.418	4.290000
377.418	6.728000
377.697	6.728000
377.697	5.370000
377.979	5.370000
377.979	5.544000
378.261	5.544000
378.261	6.479000
378.543	6.479000
378.543	5.002000
378.876	5.002000
378.876	5.809000
379.208	5.809000
379.208	5.419000
379.541	5.419000
379.541	4.731000
379.829	4.731000
379.829	5.716000
380.118	5.716000
380.118	5.830000
380.407	5.830000
380.407	6.610000
380.707	6.610000
380.707	5.934000
381.007	5.934000
381.007	7.637000
381.307	7.637000
381.307	5.641000
381.653	5.641000
381.653	5.086000
381.998	5.086000
381.998	5.052000
382.344	5.052000
382.344	4.386000
382.661	4.386000
382.661	4.369000
382.978	4.369000
382.978	4.390000
383.295	4.390000
383.295	5.771000
383.639	5.771000
383.639	5.682000
383.982	5.682000
383.982	7.107000
384.326	7.107000
384.326	6.212000
384.658	6.212000
384.658	6.365000
384.99	6.365000
384.99	6.693000
385.322	6.693000
385.322	3.375000
385.637	3.375000
385.637	3.429000
385.952	3.429000
385.952	3.497000
386.267	3.497000
386.267	6.255000
386.602	6.255000
386.602	5.486000
386.937	5.486000
386.937	6.715000
387.272	6.715000
387.272	7.684000
387.603	7.684000
387.603	6.907000
387.935	6.907000
387.935	6.841000
388.267	6.841000
388.267	6.624000
388.598	6.624000
388.598	6.374000
388.929	6.374000
388.929	7.765000
389.26	7.765000
389.26	6.021000
389.571	6.021000
389.571	6.319000
389.881	6.319000
389.881	6.338000
390.192	6.338000
390.192	5.823000
390.513	5.823000
390.513	6.401000
390.834	6.401000
390.834	5.636000
391.155	5.636000
391.155	5.333000
391.453	5.333000
391.453	5.444000
391.751	5.444000
391.751	5.918000
392.049	5.918000
392.049	5.965000
392.388	5.965000
392.388	7.552000
392.727	7.552000
392.727	5.979000
393.066	5.979000
393.066	6.275000
393.392	6.275000
393.392	6.318000
393.718	6.318000
393.718	6.431000
394.044	6.431000
394.044	5.628000
394.369	5.628000
394.369	6.230000
394.693	6.230000
394.693	6.031000
395.019	6.031000
395.019	4.672000
395.314	4.672000
395.314	4.769000
395.609	4.769000
395.609	5.363000
395.904	5.363000
395.904	5.412000
396.195	5.412000
396.195	5.014000
396.486	5.014000
396.486	5.642000
396.776	5.642000
396.776	5.532000
397.072	5.532000
397.072	5.458000
397.368	5.458000
397.368	7.695000
397.664	7.695000
397.664	3.903000
398.0	3.903000
398.0	4.008000
398.336	4.008000
398.336	3.620000
398.672	3.620000
398.672	4.750000
398.98	4.750000
398.98	4.949000
399.288	4.949000
399.288	5.241000
399.596	5.241000
399.596	4.586000
399.892	4.586000
399.892	5.139000
400.188	5.139000
400.188	5.330000
400.483	5.330000
400.483	3.583000
400.831	3.583000
400.831	3.709000
401.179	3.709000
401.179	3.534000
401.527	3.534000
401.527	5.170000
401.84	5.170000
401.84	4.829000
402.153	4.829000
402.153	4.922000
402.466	4.922000
402.466	5.431000
402.803	5.431000
402.803	5.608000
403.14	5.608000
403.14	5.365000
403.477	5.365000
403.477	5.455000
403.773	5.455000
403.773	5.609000
404.069	5.609000
404.069	6.206000
404.365	6.206000
404.365	7.414000
404.7	7.414000
404.7	7.540000
405.035	7.540000
405.035	7.388000
405.37	7.388000
405.37	5.385000
405.679	5.385000
405.679	5.817000
405.988	5.817000
405.988	5.834000
406.297	5.834000
406.297	6.492000
406.63	6.492000
406.63	6.080000
406.963	6.080000
406.963	5.572000
407.295	5.572000
407.295	5.910000
407.583	5.910000
407.583	6.883000
407.871	6.883000
407.871	6.055000
408.159	6.055000
408.159	4.894000
408.498	4.894000
408.498	5.117000
408.837	5.117000
408.837	5.133000
409.176	5.133000
409.176	5.033000
409.438	5.033000
409.438	5.399000
409.7	5.399000
409.7	5.456000
409.962	5.456000
409.962	5.850000
410.282	5.850000
410.282	6.704000
410.602	6.704000
410.602	5.972000
410.922	5.972000
410.922	5.924000
411.25	5.924000
411.25	5.948000
411.577	5.948000
411.577	5.218000
411.905	5.218000
411.905	5.673000
412.168	5.673000
412.168	6.894000
412.431	6.894000
412.431	5.670000
412.694	5.670000
412.694	6.601000
413.022	6.601000
413.022	6.733000
413.35	6.733000
413.35	6.668000
413.678	6.668000
413.678	4.734000
413.971	4.734000
413.971	4.953000
414.264	4.953000
414.264	5.713000
414.557	5.713000
414.557	6.550000
414.884	6.550000
414.884	7.010000
415.211	7.010000
415.211	6.798000
415.538	6.798000
415.538	6.606000
415.833	6.606000
415.833	6.308000
416.128	6.308000
416.128	5.863000
416.423	5.863000
416.423	5.316000
416.725	5.316000
416.725	6.096000
417.027	6.096000
417.027	6.904000
417.329	6.904000
417.329	6.202000
417.676	6.202000
417.676	7.208000
418.023	7.208000
418.023	6.041000
418.37	6.041000
418.37	6.292000
418.665	6.292000
418.665	5.864000
418.96	5.864000
418.96	6.035000
419.255	6.035000
419.255	5.516000
419.586	5.516000
419.586	5.341000
419.918	5.341000
419.918	6.136000
420.25	6.136000
420.25	6.006000
420.55	6.006000
420.55	6.178000
420.85	6.178000
420.85	7.238000
421.15	7.238000
421.15	5.994000
421.449	5.994000
421.449	6.587000
421.748	6.587000
421.748	6.617000
422.047	6.617000
422.047	5.193000
422.34	5.193000
422.34	5.488000
422.633	5.488000
422.633	5.838000
422.926	5.838000
422.926	6.674000
423.258	6.674000
423.258	6.644000
423.59	6.644000
423.59	6.214000
423.922	6.214000
423.922	4.916000
424.212	4.916000
424.212	5.201000
424.502	5.201000
424.502	5.135000
424.792	5.135000
424.792	6.083000
425.126	6.083000
425.126	5.725000
425.46	5.725000
425.46	5.894000
425.794	5.894000
425.794	6.628000
426.081	6.628000
426.081	7.217000
426.368	7.217000
426.368	6.440000
426.655	6.440000
426.655	4.623000
426.97	4.623000
426.97	4.136000
427.285	4.136000
427.285	4.499000
427.6	4.499000
427.6	5.902000
427.924	5.902000
427.924	6.352000
428.248	6.352000
428.248	6.319000
428.572	6.319000
428.572	6.202000
428.898	6.202000
428.898	5.794000
429.224	5.794000
429.224	7.547000
429.55	7.547000
429.55	6.240000
429.853	6.240000
429.853	5.895000
430.156	5.895000
430.156	6.090000
430.459	6.090000
430.459	5.455000
430.792	5.455000
430.792	5.105000
431.125	5.105000
431.125	6.200000
431.458	6.200000
431.458	5.753000
431.798	5.753000
431.798	5.596000
432.138	5.596000
432.138	7.107000
432.478	7.107000
432.478	6.099000
432.768	6.099000
432.768	6.363000
433.058	6.363000
433.058	6.095000
433.348	6.095000
433.348	5.539000
433.647	5.539000
433.647	5.280000
433.946	5.280000
433.946	4.809000
434.245	4.809000
434.245	5.319000
434.558	5.319000
434.558	5.734000
434.871	5.734000
434.871	5.700000
435.183	5.700000
435.183	4.771000
435.476	4.771000
435.476	4.750000
435.769	4.750000
435.769	4.573000
436.062	4.573000
436.062	4.984000
436.349	4.984000
436.349	4.973000
436.636	4.973000
436.636	5.697000
436.923	5.697000
436.923	4.638000
437.222	4.638000
437.222	4.407000
437.521	4.407000
437.521	4.374000
437.82	4.374000
437.82	6.411000
438.159	6.411000
438.159	6.055000
438.497	6.055000
438.497	6.205000
438.836	6.205000
438.836	6.088000
439.141	6.088000
439.141	6.667000
439.446	6.667000
439.446	5.824000
439.751	5.824000
439.751	6.755000
440.088	6.755000
440.088	7.107000
440.425	7.107000
440.425	6.237000
440.762	6.237000
440.762	5.718000
441.087	5.718000
441.087	5.758000
441.414	5.758000
441.414	5.924000
441.74	5.924000
441.74	5.887000
442.071	5.887000
442.071	6.427000
442.402	6.427000
442.402	6.981000
442.733	6.981000
442.733	5.409000
443.027	5.409000
443.027	6.641000
443.321	6.641000
443.321	5.672000
443.615	5.672000
443.615	5.328000
443.912	5.328000
443.912	5.515000
444.209	5.515000
444.209	5.473000
444.506	5.473000
444.506	5.668000
444.848	5.668000
444.848	5.479000
445.19	5.479000
445.19	5.706000
445.532	5.706000
445.532	5.417000
445.859	5.417000
445.859	5.329000
446.186	5.329000
446.186	7.400000
446.513	7.400000
446.513	5.217000
446.786	5.217000
446.786	5.232000
447.059	5.232000
447.059	5.116000
447.332	5.116000
447.332	6.132000
447.632	6.132000
447.632	6.534000
447.932	6.534000
447.932	5.755000
448.232	5.755000
448.232	3.915000
448.563	3.915000
448.563	4.127000
448.894	4.127000
448.894	4.018000
449.225	4.018000
449.225	4.020000
449.536	4.020000
449.536	4.374000
449.847	4.374000
449.847	4.487000
450.158	4.487000
450.158	5.490000
450.454	5.490000
450.454	5.960000
450.75	5.960000
450.75	7.051000
451.046	7.051000
451.046	6.747000
451.388	6.747000
451.388	7.447000
451.73	7.447000
451.73	7.008000
452.072	7.008000
452.072	7.720000
452.407	7.720000
452.407	7.900000
452.742	7.900000
452.742	7.801000
453.077	7.801000
453.077	8.587000
453.421	8.587000
453.421	8.656000
453.765	8.656000
453.765	8.931000
454.109	8.931000
454.109	6.172000
454.449	6.172000
454.449	6.617000
454.789	6.617000
454.789	7.539000
455.129	7.539000
455.129	8.410000
455.467	8.410000
455.467	7.725000
455.805	7.725000
455.805	8.305000
456.143	8.305000
456.143	7.564000
456.487	7.564000
456.487	7.397000
456.831	7.397000
456.831	8.418000
457.175	8.418000
457.175	5.739000
457.505	5.739000
457.505	5.099000
457.835	5.099000
457.835	5.424000
458.165	5.424000
458.165	5.195000
458.458	5.195000
458.458	5.369000
458.751	5.369000
458.751	5.114000
459.044	5.114000
459.044	6.211000
459.361	6.211000
459.361	5.567000
459.678	5.567000
459.678	6.946000
459.995	6.946000
459.995	4.513000
460.307	4.513000
460.307	4.560000
460.619	4.560000
460.619	4.739000
460.931	4.739000
460.931	6.120000
461.259	6.120000
461.259	6.829000
461.587	6.829000
461.587	6.193000
461.915	6.193000
461.915	5.862000
462.205	5.862000
462.205	6.295000
462.495	6.295000
462.495	7.064000
462.785	7.064000
462.785	6.150000
463.113	6.150000
463.113	6.128000
463.441	6.128000
463.441	6.268000
463.769	6.268000
463.769	6.564000
464.065	6.564000
464.065	6.214000
464.361	6.214000
464.361	7.169000
464.657	7.169000
464.657	7.138000
464.955	7.138000
464.955	6.705000
465.253	6.705000
465.253	7.417000
465.551	7.417000
465.551	5.819000
465.885	5.819000
465.885	5.124000
466.219	5.124000
466.219	5.075000
466.553	5.075000
466.553	5.991000
466.885	5.991000
466.885	6.547000
467.217	6.547000
467.217	5.952000
467.549	5.952000
467.549	4.792000
467.896	4.792000
467.896	5.290000
468.243	5.290000
468.243	5.958000
468.59	5.958000
468.59	4.564000
468.87	4.564000
468.87	5.083000
469.15	5.083000
469.15	4.964000
469.43	4.964000
469.43	5.742000
469.755	5.742000
469.755	6.454000
470.08	6.454000
470.08	6.199000
470.404	6.199000
470.404	6.160000
470.732	6.160000
470.732	7.451000
471.061	7.451000
471.061	5.939000
471.39	5.939000
471.39	6.163000
471.686	6.163000
471.686	5.903000
471.982	5.903000
471.982	6.490000
472.278	6.490000
472.278	6.946000
472.573	6.946000
472.573	6.863000
472.867	6.863000
472.867	6.725000
473.161	6.725000
473.161	5.625000
473.483	5.625000
473.483	4.924000
473.805	4.924000
473.805	6.569000
474.127	6.569000
474.127	4.786000
474.426	4.786000
474.426	6.015000
474.725	6.015000
474.725	5.000000
475.024	5.000000
475.024	5.425000
475.359	5.425000
475.359	6.037000
475.694	6.037000
475.694	7.412000
476.028	7.412000
476.028	6.919000
476.308	6.919000
476.308	6.031000
476.588	6.031000
476.588	6.977000
476.868	6.977000
476.868	6.033000
477.204	6.033000
477.204	5.648000
477.54	5.648000
477.54	6.347000
477.876	6.347000
477.876	6.848000
478.156	6.848000
478.156	5.449000
478.437	5.449000
478.437	6.946000
478.718	6.946000
478.718	5.601000
478.997	5.601000
478.997	5.568000
479.276	5.568000
479.276	6.981000
479.555	6.981000
479.555	4.864000
479.845	4.864000
479.845	5.230000
480.135	5.230000
480.135	5.453000
480.425	5.453000
480.425	4.964000
480.715	4.964000
480.715	5.011000
481.005	5.011000
481.005	5.902000
481.295	5.902000
481.295	5.420000
481.593	5.420000
481.593	5.947000
481.891	5.947000
481.891	5.906000
482.189	5.906000
482.189	6.045000
482.528	6.045000
482.528	6.104000
482.867	6.104000
482.867	6.046000
483.206	6.046000
483.206	4.654000
483.534	4.654000
483.534	4.994000
483.862	4.994000
483.862	4.635000
484.19	4.635000
484.19	5.741000
484.535	5.741000
484.535	7.837000
484.881	7.837000
484.881	6.019000
485.225	6.019000
485.225	6.123000
485.555	6.123000
485.555	5.797000
485.885	5.797000
485.885	5.876000
486.215	5.876000
486.215	5.605000
486.508	5.605000
486.508	5.482000
486.801	5.482000
486.801	7.181000
487.094	7.181000
487.094	7.049000
487.389	7.049000
487.389	6.613000
487.684	6.613000
487.684	8.026000
487.979	8.026000
487.979	5.327000
488.31	5.327000
488.31	5.001000
488.641	5.001000
488.641	5.415000
488.972	5.415000
488.972	4.786000
489.261	4.786000
489.261	5.308000
489.55	5.308000
489.55	5.416000
489.839	5.416000
