0.0	5.572000
0.318	5.572000
0.318	5.590000
0.636	5.590000
0.636	5.645000
0.954	5.645000
0.954	5.000000
1.271	5.000000
1.271	4.995000
1.589	4.995000
1.589	4.992000
1.908	4.992000
1.908	6.085000
2.226	6.085000
2.226	6.098000
2.544	6.098000
2.544	6.094000
2.861	6.094000
2.861	5.309000
3.214	5.309000
3.214	5.303000
3.566	5.303000
3.566	5.285000
3.919	5.285000
3.919	5.221000
4.272	5.221000
4.272	5.175000
4.625	5.175000
4.625	5.263000
4.978	5.263000
4.978	5.016000
5.296	5.016000
5.296	4.999000
5.613	4.999000
5.613	5.042000
5.931	5.042000
5.931	5.558000
6.248	5.558000
6.248	5.590000
6.565	5.590000
6.565	5.582000
6.883	5.582000
6.883	5.476000
7.201	5.476000
7.201	5.475000
7.519	5.475000
7.519	5.457000
7.836	5.457000
7.836	5.562000
8.187	5.562000
8.187	5.584000
8.54	5.584000
8.54	5.665000
8.892	5.665000
8.892	5.289000
9.21	5.289000
9.21	5.218000
9.527	5.218000
9.527	5.281000
9.845	5.281000
9.845	5.437000
10.163	5.437000
10.163	5.431000
10.481	5.431000
10.481	5.403000
10.799	5.403000
10.799	5.909000
11.117	5.909000
11.117	5.897000
11.435	5.897000
11.435	5.918000
11.753	5.918000
11.753	5.229000
12.106	5.229000
12.106	5.232000
12.459	5.232000
12.459	5.290000
12.812	5.290000
12.812	5.444000
13.165	5.444000
13.165	5.461000
13.518	5.461000
13.518	5.489000
13.871	5.489000
13.871	5.202000
14.189	5.202000
14.189	5.201000
14.507	5.201000
14.507	5.209000
14.825	5.209000
14.825	5.752000
15.144	5.752000
15.144	5.701000
15.462	5.701000
15.462	5.738000
15.781	5.738000
15.781	5.861000
16.099	5.861000
16.099	5.870000
16.417	5.870000
16.417	5.880000
16.734	5.880000
16.734	7.118000
17.053	7.118000
17.053	7.077000
17.372	7.077000
17.372	7.200000
17.691	7.200000
17.691	5.598000
18.045	5.598000
18.045	5.592000
18.399	5.592000
18.399	5.566000
18.753	5.566000
18.753	5.525000
19.07	5.525000
19.07	5.530000
19.388	5.530000
19.388	5.573000
19.706	5.573000
19.706	5.693000
20.024	5.693000
20.024	5.707000
20.342	5.707000
20.342	5.717000
20.658	5.717000
20.658	5.567000
20.976	5.567000
20.976	5.567000
21.294	5.567000
21.294	5.580000
21.612	5.580000
21.612	5.206000
21.93	5.206000
21.93	5.196000
22.248	5.196000
22.248	5.245000
22.565	5.245000
22.565	5.453000
22.918	5.453000
22.918	5.486000
23.271	5.486000
23.271	5.492000
23.624	5.492000
23.624	5.716000
23.978	5.716000
23.978	5.753000
24.333	5.753000
24.333	5.757000
24.688	5.757000
24.688	5.262000
25.006	5.262000
25.006	5.270000
25.324	5.270000
25.324	5.293000
25.642	5.293000
25.642	5.918000
25.959	5.918000
25.959	5.949000
26.276	5.949000
26.276	5.928000
26.593	5.928000
26.593	5.547000
26.946	5.547000
26.946	5.538000
27.299	5.538000
27.299	5.502000
27.652	5.502000
27.652	5.479000
27.969	5.479000
27.969	5.504000
28.287	5.504000
28.287	5.477000
28.605	5.477000
28.605	5.317000
28.923	5.317000
28.923	5.292000
29.241	5.292000
29.241	5.277000
29.558	5.277000
29.558	5.713000
29.875	5.713000
29.875	5.742000
30.192	5.742000
30.192	5.741000
30.51	5.741000
30.51	5.577000
30.828	5.577000
30.828	5.555000
31.146	5.555000
31.146	5.817000
31.464	5.817000
31.464	5.845000
31.782	5.845000
31.782	5.812000
32.1	5.812000
32.1	5.475000
32.452	5.475000
32.452	5.437000
32.805	5.437000
32.805	5.478000
33.158	5.478000
33.158	4.959000
33.476	4.959000
33.476	4.921000
33.794	4.921000
33.794	4.933000
34.112	4.933000
34.112	5.270000
34.43	5.270000
34.43	5.570000
34.747	5.570000
34.747	5.261000
35.065	5.261000
35.065	5.257000
35.383	5.257000
35.383	5.245000
35.701	5.245000
35.701	5.264000
36.019	5.264000
36.019	5.775000
36.337	5.775000
36.337	5.531000
36.655	5.531000
36.655	5.545000
36.973	5.545000
36.973	5.774000
37.291	5.774000
37.291	5.764000
37.608	5.764000
37.608	5.781000
37.926	5.781000
37.926	6.070000
38.279	6.070000
38.279	6.038000
38.632	6.038000
38.632	6.024000
38.985	6.024000
38.985	5.342000
39.302	5.342000
39.302	5.324000
39.618	5.324000
39.618	5.310000
39.935	5.310000
39.935	5.416000
40.254	5.416000
40.254	5.453000
40.573	5.453000
40.573	5.387000
40.892	5.387000
40.892	5.277000
41.245	5.277000
41.245	5.273000
41.597	5.273000
41.597	5.237000
41.95	5.237000
41.95	5.528000
42.303	5.528000
42.303	5.618000
42.656	5.618000
42.656	5.097000
42.968	5.097000
42.968	5.091000
43.28	5.091000
43.28	5.105000
43.591	5.105000
43.591	5.307000
43.944	5.307000
43.944	5.393000
44.298	5.393000
44.298	5.340000
44.652	5.340000
44.652	5.566000
44.97	5.566000
44.97	5.458000
45.288	5.458000
45.288	5.476000
45.606	5.476000
45.606	5.933000
45.883	5.933000
45.883	5.943000
46.16	5.943000
46.16	5.946000
46.437	5.946000
46.437	5.401000
46.791	5.401000
46.791	5.416000
47.144	5.416000
47.144	5.383000
47.498	5.383000
47.498	5.609000
47.816	5.609000
47.816	5.641000
48.134	5.641000
48.134	5.575000
48.452	5.575000
48.452	5.738000
48.732	5.738000
48.732	5.740000
49.012	5.740000
49.012	5.789000
49.292	5.789000
49.292	5.161000
49.646	5.161000
49.646	5.177000
50.0	5.177000
50.0	5.167000
50.354	5.167000
50.354	5.469000
50.671	5.469000
50.671	5.404000
50.987	5.404000
50.987	5.428000
51.305	5.428000
51.305	5.543000
51.623	5.543000
51.623	5.486000
51.941	5.486000
51.941	5.546000
52.258	5.546000
52.258	5.278000
52.61	5.278000
52.61	5.275000
52.962	5.275000
52.962	5.288000
53.315	5.288000
53.315	5.732000
53.669	5.732000
53.669	5.742000
54.023	5.742000
54.023	5.760000
54.377	5.760000
54.377	6.226000
54.694	6.226000
54.694	6.234000
55.012	6.234000
55.012	6.238000
55.329	6.238000
55.329	5.671000
55.682	5.671000
55.682	5.707000
56.035	5.707000
56.035	5.615000
56.388	5.615000
56.388	5.407000
56.742	5.407000
56.742	5.436000
57.096	5.436000
57.096	5.457000
57.448	5.457000
57.448	5.421000
57.766	5.421000
57.766	5.447000
58.084	5.447000
58.084	5.437000
58.402	5.437000
58.402	5.020000
58.755	5.020000
58.755	5.064000
59.107	5.064000
59.107	5.016000
59.46	5.016000
59.46	5.105000
59.778	5.105000
59.778	5.134000
60.092	5.134000
60.092	5.116000
60.41	5.116000
60.41	5.231000
60.728	5.231000
60.728	5.308000
61.045	5.308000
61.045	5.265000
61.363	5.265000
61.363	5.050000
61.68	5.050000
61.68	5.057000
61.998	5.057000
61.998	5.022000
62.316	5.022000
62.316	4.911000
62.668	4.911000
62.668	4.825000
63.021	4.825000
63.021	4.826000
63.374	4.826000
63.374	5.965000
63.692	5.965000
63.692	5.944000
64.01	5.944000
64.01	5.968000
64.328	5.968000
64.328	5.921000
64.681	5.921000
64.681	5.931000
65.034	5.931000
65.034	5.909000
65.387	5.909000
65.387	5.688000
65.705	5.688000
65.705	5.712000
66.021	5.712000
66.021	5.703000
66.339	5.703000
66.339	5.655000
66.657	5.655000
66.657	5.641000
66.975	5.641000
66.975	5.721000
67.293	5.721000
67.293	5.494000
67.611	5.494000
67.611	5.507000
67.929	5.507000
67.929	5.501000
68.247	5.501000
68.247	6.039000
68.565	6.039000
68.565	6.031000
68.882	6.031000
68.882	5.958000
69.198	5.958000
69.198	5.292000
69.516	5.292000
69.516	5.301000
69.834	5.301000
69.834	5.307000
70.152	5.307000
70.152	9.123000
70.505	9.123000
70.505	9.173000
70.857	9.173000
70.857	9.180000
71.209	9.180000
71.209	5.093000
71.526	5.093000
71.526	5.080000
71.844	5.080000
71.844	5.077000
72.163	5.077000
72.163	5.676000
72.48	5.676000
72.48	5.713000
72.798	5.713000
72.798	5.647000
73.115	5.647000
73.115	5.624000
73.468	5.624000
73.468	5.699000
73.821	5.699000
73.821	5.655000
74.175	5.655000
74.175	5.496000
74.527	5.496000
74.527	5.490000
74.88	5.490000
74.88	5.463000
75.233	5.463000
75.233	6.116000
75.551	6.116000
75.551	6.121000
75.869	6.121000
75.869	6.112000
76.187	6.112000
76.187	5.193000
76.505	5.193000
76.505	5.299000
76.823	5.299000
76.823	5.217000
77.141	5.217000
77.141	5.429000
77.459	5.429000
77.459	5.451000
77.776	5.451000
77.776	5.448000
78.094	5.448000
78.094	5.629000
78.412	5.629000
78.412	5.665000
78.73	5.665000
78.73	5.639000
79.048	5.639000
79.048	5.397000
79.367	5.397000
79.367	5.410000
79.686	5.410000
79.686	5.405000
80.005	5.405000
80.005	5.001000
80.323	5.001000
80.323	4.962000
80.642	4.962000
80.642	4.988000
80.96	4.988000
80.96	5.223000
81.278	5.223000
81.278	5.195000
81.596	5.195000
81.596	5.203000
81.914	5.203000
81.914	5.063000
82.268	5.063000
82.268	5.106000
82.622	5.106000
82.622	5.056000
82.976	5.056000
82.976	5.043000
83.294	5.043000
83.294	5.097000
83.612	5.097000
83.612	5.066000
83.93	5.066000
83.93	5.529000
84.248	5.529000
84.248	5.576000
84.566	5.576000
84.566	5.562000
84.884	5.562000
84.884	5.357000
85.238	5.357000
85.238	5.420000
85.591	5.420000
85.591	5.379000
85.945	5.379000
85.945	5.471000
86.263	5.471000
86.263	5.483000
86.58	5.483000
86.58	5.512000
86.898	5.512000
86.898	5.411000
87.214	5.411000
87.214	5.409000
87.529	5.409000
87.529	5.427000
87.846	5.427000
87.846	4.933000
88.201	4.933000
88.201	5.064000
88.556	5.064000
88.556	4.912000
88.911	4.912000
88.911	5.386000
89.228	5.386000
89.228	5.451000
89.544	5.451000
89.544	5.400000
89.86	5.400000
89.86	6.346000
90.177	6.346000
90.177	6.370000
90.494	6.370000
90.494	6.315000
90.812	6.315000
90.812	5.285000
91.164	5.285000
91.164	5.327000
91.517	5.327000
91.517	5.274000
91.87	5.274000
91.87	5.515000
92.188	5.515000
92.188	5.538000
92.504	5.538000
92.504	5.524000
92.822	5.524000
92.822	5.550000
93.138	5.550000
93.138	5.557000
93.456	5.557000
93.456	5.594000
93.774	5.594000
93.774	5.507000
94.127	5.507000
94.127	5.509000
94.479	5.509000
94.479	5.433000
94.832	5.433000
94.832	5.257000
95.149	5.257000
95.149	5.281000
95.467	5.281000
95.467	5.264000
95.785	5.264000
95.785	5.527000
96.102	5.527000
96.102	5.503000
96.42	5.503000
96.42	5.482000
96.737	5.482000
96.737	5.436000
97.089	5.436000
97.089	5.496000
97.441	5.496000
97.441	5.427000
97.793	5.427000
97.793	5.540000
98.111	5.540000
98.111	5.526000
98.429	5.526000
98.429	5.475000
98.747	5.475000
98.747	5.618000
99.1	5.618000
99.1	5.584000
99.453	5.584000
99.453	5.619000
99.805	5.619000
99.805	5.190000
100.157	5.190000
100.157	5.139000
100.51	5.139000
100.51	5.130000
100.863	5.130000
100.863	5.356000
101.181	5.356000
101.181	5.352000
101.496	5.352000
101.496	5.377000
101.814	5.377000
101.814	5.652000
102.132	5.652000
102.132	5.642000
102.45	5.642000
102.45	5.643000
102.768	5.643000
102.768	5.505000
103.086	5.505000
103.086	5.515000
103.403	5.515000
103.403	5.524000
103.72	5.524000
103.72	5.600000
104.038	5.600000
104.038	5.670000
104.355	5.670000
104.355	5.629000
104.673	5.629000
104.673	5.812000
105.026	5.812000
105.026	5.781000
105.379	5.781000
105.379	5.824000
105.732	5.824000
105.732	5.779000
106.052	5.779000
106.052	5.671000
106.371	5.671000
106.371	5.698000
106.691	5.698000
106.691	5.574000
107.009	5.574000
107.009	5.569000
107.326	5.569000
107.326	5.570000
107.643	5.570000
107.643	6.444000
107.996	6.444000
107.996	6.425000
108.35	6.425000
108.35	6.443000
108.704	6.443000
108.704	5.573000
109.057	5.573000
109.057	5.630000
109.409	5.630000
109.409	5.606000
109.762	5.606000
109.762	5.179000
110.081	5.179000
110.081	5.249000
110.4	5.249000
110.4	5.238000
110.717	5.238000
110.717	5.357000
111.036	5.357000
111.036	5.346000
111.355	5.346000
111.355	5.342000
111.672	5.342000
111.672	5.331000
111.99	5.331000
111.99	5.376000
112.308	5.376000
112.308	5.362000
112.627	5.362000
112.627	5.192000
112.945	5.192000
112.945	5.143000
113.263	5.143000
113.263	5.256000
113.581	5.256000
113.581	5.362000
113.898	5.362000
113.898	5.337000
114.214	5.337000
114.214	5.412000
114.532	5.412000
114.532	5.372000
114.884	5.372000
114.884	5.386000
115.237	5.386000
115.237	5.362000
115.59	5.362000
115.59	4.858000
115.908	4.858000
115.908	4.864000
116.225	4.864000
116.225	4.875000
116.543	4.875000
116.543	5.474000
116.861	5.474000
116.861	5.528000
117.178	5.528000
117.178	5.468000
117.496	5.468000
117.496	5.310000
117.814	5.310000
117.814	5.372000
118.132	5.372000
118.132	5.274000
118.45	5.274000
118.45	5.063000
118.768	5.063000
118.768	5.053000
119.085	5.053000
119.085	5.078000
119.402	5.078000
119.402	5.459000
119.756	5.459000
119.756	5.424000
120.11	5.424000
120.11	5.442000
120.464	5.442000
120.464	5.282000
120.818	5.282000
120.818	5.313000
121.172	5.313000
121.172	5.234000
121.525	5.234000
121.525	5.273000
121.843	5.273000
121.843	5.359000
122.16	5.359000
122.16	5.357000
122.478	5.357000
122.478	5.439000
122.796	5.439000
122.796	5.468000
123.114	5.468000
123.114	5.412000
123.432	5.412000
123.432	5.450000
123.784	5.450000
123.784	5.472000
124.137	5.472000
124.137	5.431000
124.49	5.431000
124.49	5.066000
124.808	5.066000
124.808	5.097000
125.125	5.097000
125.125	5.104000
125.442	5.104000
125.442	5.909000
125.796	5.909000
125.796	5.898000
126.15	5.898000
126.15	5.930000
126.504	5.930000
126.504	5.437000
126.822	5.437000
126.822	5.417000
127.14	5.417000
127.14	5.366000
127.458	5.366000
127.458	4.946000
127.776	4.946000
127.776	4.980000
128.093	4.980000
128.093	4.967000
128.411	4.967000
128.411	5.199000
128.729	5.199000
128.729	5.294000
129.047	5.294000
129.047	5.171000
129.365	5.171000
129.365	5.178000
129.717	5.178000
129.717	5.225000
130.07	5.225000
130.07	5.160000
130.423	5.160000
130.423	5.360000
130.741	5.360000
130.741	5.379000
131.058	5.379000
131.058	5.378000
131.376	5.378000
131.376	5.592000
131.695	5.592000
131.695	5.525000
132.013	5.525000
132.013	5.548000
132.331	5.548000
132.331	5.511000
132.686	5.511000
132.686	5.511000
133.041	5.511000
133.041	5.509000
133.396	5.509000
133.396	5.633000
133.715	5.633000
133.715	5.635000
134.034	5.635000
134.034	5.671000
134.352	5.671000
134.352	5.716000
134.706	5.716000
134.706	5.692000
135.06	5.692000
135.06	5.734000
135.414	5.734000
135.414	5.606000
135.733	5.606000
135.733	5.650000
136.054	5.650000
136.054	5.595000
136.375	5.595000
136.375	5.445000
136.695	5.445000
136.695	5.437000
137.015	5.437000
137.015	5.409000
137.334	5.409000
137.334	5.806000
137.689	5.806000
137.689	5.811000
138.044	5.811000
138.044	5.824000
138.399	5.824000
138.399	5.128000
138.754	5.128000
138.754	5.185000
139.11	5.185000
139.11	5.178000
139.466	5.178000
139.466	5.445000
139.786	5.445000
139.786	5.500000
140.106	5.500000
140.106	5.520000
140.426	5.520000
140.426	5.704000
140.745	5.704000
140.745	5.740000
141.063	5.740000
141.063	5.718000
141.382	5.718000
141.382	5.641000
141.702	5.641000
141.702	5.657000
142.021	5.657000
142.021	5.620000
142.341	5.620000
142.341	5.510000
142.661	5.510000
142.661	5.494000
142.982	5.494000
142.982	5.502000
143.303	5.502000
143.303	5.454000
143.621	5.454000
143.621	5.447000
143.937	5.447000
143.937	5.447000
144.255	5.447000
144.255	6.567000
144.607	6.567000
144.607	6.695000
144.96	6.695000
144.96	6.667000
145.313	6.667000
145.313	5.446000
145.666	5.446000
145.666	5.413000
146.019	5.413000
146.019	5.451000
146.372	5.451000
146.372	5.370000
146.69	5.370000
146.69	5.375000
147.007	5.375000
147.007	5.343000
147.323	5.343000
147.323	5.612000
147.676	5.612000
147.676	5.672000
148.029	5.672000
148.029	5.613000
148.381	5.613000
148.381	5.489000
148.699	5.489000
148.699	5.491000
149.017	5.491000
149.017	5.495000
149.334	5.495000
149.334	5.522000
149.652	5.522000
149.652	5.543000
149.97	5.543000
149.97	5.601000
150.288	5.601000
150.288	4.661000
150.604	4.661000
150.604	4.679000
150.921	4.679000
150.921	4.663000
151.239	4.663000
151.239	5.458000
151.594	5.458000
151.594	5.437000
151.949	5.437000
151.949	5.486000
152.304	5.486000
152.304	5.518000
152.622	5.518000
152.622	5.512000
152.939	5.512000
152.939	5.508000
153.257	5.508000
153.257	5.560000
153.575	5.560000
153.575	5.580000
153.892	5.580000
153.892	5.558000
154.21	5.558000
154.21	5.685000
154.528	5.685000
154.528	5.660000
154.846	5.660000
154.846	5.679000
155.164	5.679000
155.164	4.920000
155.482	4.920000
155.482	4.895000
155.799	4.895000
155.799	4.914000
156.117	4.914000
156.117	5.643000
156.47	5.643000
156.47	5.659000
156.822	5.659000
156.822	5.665000
157.175	5.665000
157.175	5.086000
157.494	5.086000
157.494	5.066000
157.813	5.066000
157.813	5.165000
158.132	5.165000
158.132	5.490000
158.45	5.490000
158.45	5.528000
158.768	5.528000
158.768	5.610000
159.086	5.610000
159.086	5.180000
159.403	5.180000
159.403	5.200000
159.721	5.200000
159.721	5.154000
160.038	5.154000
160.038	5.346000
160.357	5.346000
160.357	5.352000
160.676	5.352000
160.676	5.383000
160.995	5.383000
160.995	5.420000
161.313	5.420000
161.313	5.395000
161.63	5.395000
161.63	5.392000
161.948	5.392000
161.948	5.705000
162.263	5.705000
162.263	5.830000
162.581	5.830000
162.581	5.801000
162.898	5.801000
162.898	5.751000
163.175	5.751000
163.175	5.762000
163.452	5.762000
163.452	5.756000
163.729	5.756000
163.729	5.293000
164.047	5.293000
164.047	5.313000
164.362	5.313000
164.362	5.282000
164.68	5.282000
164.68	5.593000
164.999	5.593000
164.999	5.722000
165.318	5.722000
165.318	5.636000
165.637	5.636000
165.637	5.678000
165.914	5.678000
165.914	5.677000
166.189	5.677000
166.189	5.657000
166.466	5.657000
166.466	5.160000
166.777	5.160000
166.777	5.143000
167.087	5.143000
167.087	5.143000
167.398	5.143000
167.398	5.533000
167.75	5.533000
167.75	5.583000
168.102	5.583000
168.102	5.591000
168.455	5.591000
168.455	5.180000
168.774	5.180000
168.774	5.183000
169.093	5.183000
169.093	5.199000
169.412	5.199000
169.412	5.531000
169.73	5.531000
169.73	5.547000
170.047	5.547000
170.047	5.537000
170.365	5.537000
170.365	5.259000
170.719	5.259000
170.719	5.356000
171.073	5.356000
171.073	5.217000
171.427	5.217000
171.427	5.168000
171.745	5.168000
171.745	5.156000
172.061	5.156000
172.061	5.156000
172.379	5.156000
172.379	4.967000
172.656	4.967000
172.656	4.970000
172.933	4.970000
172.933	4.961000
173.209	4.961000
173.209	5.332000
173.561	5.332000
173.561	5.381000
173.914	5.381000
173.914	5.339000
174.267	5.339000
174.267	5.669000
174.585	5.669000
174.585	5.724000
174.903	5.724000
174.903	5.763000
175.221	5.763000
175.221	5.910000
175.539	5.910000
175.539	5.883000
175.857	5.883000
175.857	5.898000
176.175	5.898000
176.175	5.502000
176.532	5.502000
176.532	5.765000
176.889	5.765000
176.889	5.483000
177.246	5.483000
177.246	5.564000
177.566	5.564000
177.566	5.523000
177.886	5.523000
177.886	5.599000
178.206	5.599000
178.206	5.691000
178.524	5.691000
178.524	5.606000
178.842	5.606000
178.842	5.714000
179.16	5.714000
179.16	5.356000
179.478	5.356000
179.478	5.284000
179.796	5.284000
179.796	5.276000
180.114	5.276000
180.114	5.086000
180.432	5.086000
180.432	5.067000
180.75	5.067000
180.75	5.110000
181.068	5.110000
181.068	5.241000
181.386	5.241000
181.386	5.279000
181.704	5.279000
181.704	5.205000
182.022	5.205000
182.022	5.568000
182.374	5.568000
182.374	5.645000
182.727	5.645000
182.727	5.574000
183.08	5.574000
183.08	5.186000
183.398	5.186000
183.398	5.097000
183.716	5.097000
183.716	5.199000
184.034	5.199000
184.034	5.593000
184.352	5.593000
184.352	5.540000
184.67	5.540000
184.67	5.554000
184.988	5.554000
184.988	5.368000
185.342	5.368000
185.342	5.356000
185.697	5.356000
185.697	5.343000
186.052	5.343000
186.052	5.377000
186.371	5.377000
186.371	5.365000
186.69	5.365000
186.69	5.409000
187.009	5.409000
187.009	5.963000
187.327	5.963000
187.327	5.986000
187.645	5.986000
187.645	5.969000
187.963	5.969000
187.963	5.448000
188.317	5.448000
188.317	5.486000
188.67	5.486000
188.67	5.381000
189.024	5.381000
189.024	5.395000
189.342	5.395000
189.342	5.418000
189.658	5.418000
189.658	5.421000
189.974	5.421000
189.974	5.988000
190.293	5.988000
190.293	5.931000
190.612	5.931000
190.612	5.999000
190.931	5.999000
190.931	5.559000
191.283	5.559000
191.283	5.601000
191.636	5.601000
191.636	5.618000
191.989	5.618000
191.989	5.745000
192.341	5.745000
192.341	5.795000
192.694	5.795000
192.694	5.754000
193.047	5.754000
193.047	5.740000
193.365	5.740000
193.365	5.759000
193.683	5.759000
193.683	5.727000
194.001	5.727000
194.001	5.679000
194.355	5.679000
194.355	5.664000
194.709	5.664000
194.709	5.646000
195.063	5.646000
195.063	5.911000
195.381	5.911000
195.381	5.838000
195.696	5.838000
195.696	5.871000
196.013	5.871000
196.013	5.625000
196.331	5.625000
196.331	5.583000
196.649	5.583000
196.649	5.574000
196.967	5.574000
196.967	5.552000
197.32	5.552000
197.32	5.670000
197.672	5.670000
197.672	5.578000
198.025	5.578000
198.025	5.323000
198.343	5.323000
198.343	5.538000
198.661	5.538000
198.661	5.336000
198.979	5.336000
198.979	5.836000
199.297	5.836000
199.297	5.781000
199.615	5.781000
199.615	5.821000
199.933	5.821000
199.933	5.558000
200.25	5.558000
200.25	5.634000
200.567	5.634000
200.567	5.588000
200.884	5.588000
200.884	5.122000
201.202	5.122000
201.202	5.061000
201.52	5.061000
201.52	5.127000
201.838	5.127000
201.838	5.567000
202.191	5.567000
202.191	5.623000
202.544	5.623000
202.544	5.673000
202.897	5.673000
202.897	5.556000
203.216	5.556000
203.216	5.511000
203.535	5.511000
203.535	5.505000
203.854	5.505000
203.854	5.633000
204.172	5.633000
204.172	5.668000
204.489	5.668000
204.489	5.579000
204.806	5.579000
204.806	5.378000
205.159	5.378000
205.159	5.343000
205.512	5.343000
205.512	5.379000
205.865	5.379000
205.865	5.564000
206.217	5.564000
206.217	5.563000
206.57	5.563000
206.57	5.563000
206.922	5.563000
206.922	5.258000
207.24	5.258000
207.24	5.239000
207.558	5.239000
207.558	5.233000
207.876	5.233000
207.876	5.546000
208.195	5.546000
208.195	5.548000
208.514	5.548000
208.514	5.474000
208.833	5.474000
208.833	5.566000
209.15	5.566000
209.15	5.599000
209.468	5.599000
209.468	5.604000
209.786	5.604000
209.786	5.327000
210.139	5.327000
210.139	5.323000
210.492	5.323000
210.492	5.348000
210.845	5.348000
210.845	5.796000
211.163	5.796000
211.163	5.768000
211.481	5.768000
211.481	5.789000
211.798	5.789000
211.798	5.264000
212.116	5.264000
212.116	5.263000
212.432	5.263000
212.432	5.238000
212.75	5.238000
212.75	5.359000
213.103	5.359000
213.103	5.278000
213.456	5.278000
213.456	5.321000
213.808	5.321000
213.808	5.467000
214.126	5.467000
214.126	5.445000
214.444	5.445000
214.444	5.482000
214.762	5.482000
214.762	5.607000
215.079	5.607000
215.079	5.640000
215.396	5.640000
215.396	5.606000
215.713	5.606000
215.713	5.790000
216.03	5.790000
216.03	5.748000
216.347	5.748000
216.347	5.737000
216.662	5.737000
216.662	5.586000
216.98	5.586000
216.98	5.537000
217.298	5.537000
217.298	5.531000
217.616	5.531000
217.616	5.345000
217.969	5.345000
217.969	5.337000
218.321	5.337000
218.321	5.360000
218.674	5.360000
218.674	5.214000
218.992	5.214000
218.992	5.200000
219.308	5.200000
219.308	5.232000
219.626	5.232000
219.626	5.368000
219.944	5.368000
219.944	5.346000
220.262	5.346000
220.262	5.316000
220.58	5.316000
220.58	5.779000
220.933	5.779000
220.933	5.794000
221.285	5.794000
221.285	5.781000
221.638	5.781000
221.638	6.046000
221.956	6.046000
221.956	6.029000
222.274	6.029000
222.274	6.016000
222.591	6.016000
222.591	5.615000
222.909	5.615000
222.909	5.683000
223.227	5.683000
223.227	5.666000
223.545	5.666000
223.545	5.005000
223.863	5.005000
223.863	5.015000
224.182	5.015000
224.182	5.031000
224.501	5.031000
224.501	5.435000
224.819	5.435000
224.819	5.401000
225.137	5.401000
225.137	5.473000
225.455	5.473000
225.455	5.414000
225.773	5.414000
225.773	5.433000
226.089	5.433000
226.089	5.478000
226.407	5.478000
226.407	5.340000
226.76	5.340000
226.76	5.298000
227.113	5.298000
227.113	5.307000
227.465	5.307000
227.465	5.390000
227.783	5.390000
227.783	5.353000
228.101	5.353000
228.101	5.337000
228.419	5.337000
228.419	5.443000
228.736	5.443000
228.736	5.445000
229.054	5.445000
229.054	5.467000
229.372	5.467000
229.372	5.386000
229.725	5.386000
229.725	5.278000
230.077	5.278000
230.077	5.365000
230.43	5.365000
230.43	5.583000
230.748	5.583000
230.748	5.600000
231.064	5.600000
231.064	5.546000
231.382	5.546000
231.382	5.546000
231.7	5.546000
231.7	5.564000
232.018	5.564000
232.018	5.554000
232.335	5.554000
232.335	5.509000
232.687	5.509000
232.687	5.516000
233.04	5.516000
233.04	5.477000
233.392	5.477000
233.392	5.408000
233.71	5.408000
233.71	5.473000
234.028	5.473000
234.028	5.443000
234.346	5.443000
234.346	5.392000
234.664	5.392000
234.664	5.416000
234.982	5.416000
234.982	5.409000
235.3	5.409000
235.3	5.405000
235.617	5.405000
235.617	5.511000
235.935	5.511000
235.935	5.421000
236.253	5.421000
236.253	5.360000
236.571	5.360000
236.571	5.419000
236.889	5.419000
236.889	5.356000
237.207	5.356000
237.207	5.234000
237.525	5.234000
237.525	5.264000
237.842	5.264000
237.842	5.215000
238.159	5.215000
238.159	5.355000
238.477	5.355000
238.477	5.348000
238.795	5.348000
238.795	5.366000
239.113	5.366000
239.113	5.859000
239.432	5.859000
239.432	5.827000
239.751	5.827000
239.751	5.787000
240.07	5.787000
240.07	5.631000
240.388	5.631000
240.388	5.632000
240.706	5.632000
240.706	5.647000
241.024	5.647000
241.024	5.756000
241.342	5.756000
241.342	5.783000
241.66	5.783000
241.66	5.782000
241.977	5.782000
241.977	5.764000
242.295	5.764000
242.295	5.837000
242.611	5.837000
242.611	5.778000
242.926	5.778000
242.926	5.547000
243.244	5.547000
243.244	5.559000
243.562	5.559000
243.562	5.576000
243.879	5.576000
243.879	5.451000
244.233	5.451000
244.233	5.422000
244.587	5.422000
244.587	5.379000
244.94	5.379000
244.94	5.441000
245.293	5.441000
245.293	5.444000
245.646	5.444000
245.646	5.464000
245.999	5.464000
245.999	5.650000
246.317	5.650000
246.317	5.627000
246.635	5.627000
246.635	5.600000
246.953	5.600000
246.953	5.390000
247.271	5.390000
247.271	5.457000
247.588	5.457000
247.588	5.365000
247.905	5.365000
247.905	5.730000
248.223	5.730000
248.223	5.788000
248.54	5.788000
248.54	5.762000
248.858	5.762000
248.858	5.470000
249.212	5.470000
249.212	5.427000
249.566	5.427000
249.566	5.453000
249.92	5.453000
249.92	5.446000
250.272	5.446000
250.272	5.473000
250.625	5.473000
250.625	5.483000
250.978	5.483000
250.978	5.399000
251.296	5.399000
251.296	5.429000
251.614	5.429000
251.614	5.389000
251.932	5.389000
251.932	6.041000
252.25	6.041000
252.25	6.036000
252.567	6.036000
252.567	5.998000
252.885	5.998000
252.885	5.507000
253.203	5.507000
253.203	5.547000
253.521	5.547000
253.521	5.451000
253.837	5.451000
253.837	5.714000
254.154	5.714000
254.154	5.722000
254.471	5.722000
254.471	5.681000
254.788	5.681000
254.788	5.698000
255.106	5.698000
255.106	5.732000
255.424	5.732000
255.424	5.705000
255.741	5.705000
255.741	5.715000
256.093	5.715000
256.093	5.793000
256.446	5.793000
256.446	5.744000
256.799	5.744000
256.799	5.260000
257.116	5.260000
257.116	5.225000
257.434	5.225000
257.434	5.262000
257.75	5.262000
257.75	5.184000
258.068	5.184000
258.068	5.113000
258.386	5.113000
258.386	5.138000
258.704	5.138000
258.704	5.564000
259.021	5.564000
259.021	5.564000
259.338	5.564000
259.338	5.549000
259.656	5.549000
259.656	5.629000
259.974	5.629000
259.974	5.597000
260.292	5.597000
260.292	5.610000
260.608	5.610000
260.608	5.369000
260.963	5.369000
260.963	5.379000
261.318	5.379000
261.318	5.423000
261.672	5.423000
261.672	5.084000
261.99	5.084000
261.99	5.089000
262.309	5.089000
262.309	5.076000
262.628	5.076000
262.628	5.678000
262.947	5.678000
262.947	5.681000
263.266	5.681000
263.266	5.663000
263.586	5.663000
263.586	5.356000
263.905	5.356000
263.905	5.394000
264.224	5.394000
264.224	5.469000
264.543	5.469000
264.543	0.000000
264.543	0.000000
264.543	0.000000
264.543	0.000000
264.543	0.000000
264.543	0.000000
264.543	0.000000
264.543	0.000000
264.543	0.000000
264.543	0.000000
264.543	0.000000
264.543	0.000000
264.543	5.860000
264.862	5.860000
264.862	5.882000
265.181	5.882000
265.181	5.914000
265.5	5.914000
265.5	5.693000
265.82	5.693000
265.82	5.684000
266.139	5.684000
266.139	5.674000
266.458	5.674000
266.458	5.465000
266.777	5.465000
266.777	5.443000
267.097	5.443000
267.097	5.495000
267.417	5.495000
267.417	5.520000
267.771	5.520000
267.771	5.502000
268.125	5.502000
268.125	5.524000
268.479	5.524000
268.479	5.214000
268.833	5.214000
268.833	5.257000
269.186	5.257000
269.186	5.176000
269.54	5.176000
269.54	5.871000
269.86	5.871000
269.86	5.851000
270.179	5.851000
270.179	5.836000
270.499	5.836000
270.499	5.765000
270.819	5.765000
270.819	5.771000
271.139	5.771000
271.139	5.711000
271.459	5.711000
271.459	5.455000
271.813	5.455000
271.813	5.484000
272.167	5.484000
272.167	5.436000
272.522	5.436000
272.522	5.617000
272.876	5.617000
272.876	5.618000
273.231	5.618000
273.231	5.632000
273.585	5.632000
273.585	5.529000
273.904	5.529000
273.904	5.470000
274.224	5.470000
274.224	5.475000
274.544	5.475000
274.544	6.971000
274.898	6.971000
274.898	6.990000
275.252	6.990000
275.252	6.932000
275.605	6.932000
275.605	5.621000
275.96	5.621000
275.96	5.603000
276.315	5.603000
276.315	5.664000
276.67	5.664000
276.67	5.231000
276.99	5.231000
276.99	5.257000
277.31	5.257000
277.31	5.223000
277.63	5.223000
277.63	5.489000
277.948	5.489000
277.948	5.458000
278.268	5.458000
278.268	5.496000
278.588	5.496000
278.588	4.974000
278.908	4.974000
278.908	4.993000
279.227	4.993000
279.227	4.935000
279.547	4.935000
279.547	5.564000
279.865	5.564000
279.865	5.584000
280.184	5.584000
280.184	5.557000
280.502	5.557000
280.502	5.687000
280.822	5.687000
280.822	5.653000
281.14	5.653000
281.14	5.678000
281.46	5.678000
281.46	5.788000
281.78	5.788000
281.78	5.811000
282.1	5.811000
282.1	5.790000
282.42	5.790000
282.42	5.579000
282.74	5.579000
282.74	5.706000
283.06	5.706000
283.06	5.669000
283.38	5.669000
283.38	5.710000
283.698	5.710000
283.698	5.740000
284.016	5.740000
284.016	5.695000
284.335	5.695000
284.335	5.616000
284.655	5.616000
284.655	5.524000
284.975	5.524000
284.975	5.678000
285.295	5.678000
285.295	5.327000
285.615	5.327000
285.615	5.380000
285.935	5.380000
285.935	5.306000
286.255	5.306000
286.255	4.929000
286.608	4.929000
286.608	4.962000
286.962	4.962000
286.962	4.876000
287.316	4.876000
287.316	4.969000
287.636	4.969000
287.636	4.962000
287.955	4.962000
287.955	4.981000
288.275	4.981000
288.275	5.405000
288.554	5.405000
288.554	5.382000
288.833	5.382000
288.833	5.398000
289.112	5.398000
289.112	5.438000
289.467	5.438000
289.467	5.432000
289.821	5.432000
289.821	5.437000
290.175	5.437000
290.175	5.275000
290.53	5.275000
290.53	5.274000
290.884	5.274000
290.884	5.338000
291.239	5.338000
291.239	5.819000
291.559	5.819000
291.559	5.884000
291.879	5.884000
291.879	5.837000
292.199	5.837000
292.199	5.396000
292.555	5.396000
292.555	5.387000
292.911	5.387000
292.911	5.361000
293.267	5.361000
293.267	6.865000
293.622	6.865000
293.622	6.853000
293.976	6.853000
293.976	6.808000
294.331	6.808000
294.331	5.445000
294.65	5.445000
294.65	5.354000
294.969	5.354000
294.969	5.439000
295.288	5.439000
295.288	5.700000
295.608	5.700000
295.608	5.683000
295.924	5.683000
295.924	5.720000
296.243	5.720000
296.243	5.324000
296.563	5.324000
296.563	5.292000
296.882	5.292000
296.882	5.329000
297.202	5.329000
297.202	5.657000
297.521	5.657000
297.521	5.688000
297.84	5.688000
297.84	5.649000
298.159	5.649000
298.159	5.143000
298.513	5.143000
298.513	5.196000
298.868	5.196000
298.868	5.159000
299.222	5.159000
299.222	5.573000
299.542	5.573000
299.542	5.553000
299.862	5.553000
299.862	5.541000
300.182	5.541000
300.182	5.292000
300.501	5.292000
300.501	5.331000
300.82	5.331000
300.82	5.244000
301.139	5.244000
301.139	5.643000
301.458	5.643000
301.458	5.665000
301.776	5.665000
301.776	5.633000
302.094	5.633000
302.094	5.144000
302.413	5.144000
302.413	5.159000
302.733	5.159000
302.733	5.119000
303.053	5.119000
303.053	5.584000
303.373	5.584000
303.373	5.599000
303.692	5.599000
303.692	5.608000
304.012	5.608000
304.012	5.431000
304.366	5.431000
304.366	5.466000
304.72	5.466000
304.72	5.415000
305.075	5.415000
305.075	5.421000
305.395	5.421000
305.395	5.406000
305.714	5.406000
305.714	5.376000
306.034	5.376000
306.034	5.551000
306.354	5.551000
306.354	5.540000
306.673	5.540000
306.673	5.577000
306.993	5.577000
306.993	5.140000
307.346	5.140000
307.346	5.161000
307.7	5.161000
307.7	5.122000
308.054	5.122000
308.054	5.570000
308.374	5.570000
308.374	5.578000
308.694	5.578000
308.694	5.581000
309.014	5.581000
309.014	7.773000
309.433	7.773000
309.433	7.927000
309.852	7.927000
309.852	7.864000
310.271	7.864000
310.271	5.819000
310.626	5.819000
310.626	5.830000
310.981	5.830000
310.981	5.798000
311.336	5.798000
311.336	5.961000
311.656	5.961000
311.656	5.955000
311.976	5.955000
311.976	5.942000
312.295	5.942000
312.295	5.307000
312.65	5.307000
312.65	5.331000
313.005	5.331000
313.005	5.336000
313.359	5.336000
313.359	5.109000
313.678	5.109000
313.678	5.049000
313.995	5.049000
313.995	5.063000
314.314	5.063000
314.314	5.517000
314.634	5.517000
314.634	5.463000
314.954	5.463000
314.954	5.476000
315.274	5.476000
315.274	5.792000
315.593	5.792000
315.593	5.813000
315.911	5.813000
315.911	5.744000
316.228	5.744000
316.228	5.443000
316.583	5.443000
316.583	5.421000
316.937	5.421000
316.937	5.390000
317.292	5.390000
317.292	5.548000
317.612	5.548000
317.612	5.561000
317.932	5.561000
317.932	5.546000
318.251	5.546000
318.251	5.298000
318.571	5.298000
318.571	5.328000
318.891	5.328000
318.891	5.274000
319.21	5.274000
319.21	5.875000
319.566	5.875000
319.566	5.927000
319.921	5.927000
319.921	5.930000
320.276	5.930000
320.276	5.380000
320.596	5.380000
320.596	5.311000
320.916	5.311000
320.916	5.311000
321.236	5.311000
321.236	5.198000
321.556	5.198000
321.556	5.210000
321.876	5.210000
321.876	5.176000
322.195	5.176000
322.195	5.796000
322.515	5.796000
322.515	5.829000
322.834	5.829000
322.834	5.871000
323.154	5.871000
323.154	5.231000
323.473	5.231000
323.473	5.238000
323.792	5.238000
323.792	5.207000
324.111	5.207000
324.111	6.023000
324.43	6.023000
324.43	5.963000
324.749	5.963000
324.749	5.963000
325.067	5.963000
325.067	5.084000
325.388	5.084000
325.388	5.218000
325.708	5.218000
325.708	5.125000
326.028	5.125000
326.028	5.337000
326.347	5.337000
326.347	5.372000
326.664	5.372000
326.664	5.393000
326.983	5.393000
326.983	5.478000
327.303	5.478000
327.303	5.500000
327.618	5.500000
327.618	5.419000
327.938	5.419000
327.938	5.545000
328.293	5.545000
328.293	5.553000
328.648	5.553000
328.648	5.549000
329.001	5.549000
329.001	5.394000
329.32	5.394000
329.32	5.508000
329.639	5.508000
329.639	5.452000
329.958	5.452000
329.958	6.032000
330.277	6.032000
330.277	6.108000
330.596	6.108000
330.596	6.087000
330.915	6.087000
330.915	5.233000
331.27	5.233000
331.27	5.221000
331.625	5.221000
331.625	5.178000
331.98	5.178000
331.98	5.416000
332.335	5.416000
332.335	5.441000
332.69	5.441000
332.69	5.457000
333.045	5.457000
333.045	5.829000
333.365	5.829000
333.365	5.791000
333.685	5.791000
333.685	5.736000
334.005	5.736000
334.005	5.430000
334.323	5.430000
334.323	5.467000
334.641	5.467000
334.641	5.470000
334.959	5.470000
334.959	5.144000
335.277	5.144000
335.277	5.144000
335.595	5.144000
335.595	5.191000
335.913	5.191000
335.913	5.543000
336.23	5.543000
336.23	5.535000
336.548	5.535000
336.548	5.561000
336.866	5.561000
336.866	5.056000
337.185	5.056000
337.185	5.081000
337.504	5.081000
337.504	5.094000
337.823	5.094000
337.823	5.281000
338.141	5.281000
338.141	5.284000
338.459	5.284000
338.459	5.275000
338.777	5.275000
338.777	5.314000
339.13	5.314000
339.13	5.282000
339.483	5.282000
339.483	5.316000
339.836	5.316000
339.836	5.170000
340.189	5.170000
340.189	5.219000
340.543	5.219000
340.543	5.195000
340.896	5.195000
340.896	5.352000
341.214	5.352000
341.214	5.335000
341.532	5.335000
341.532	5.388000
341.85	5.388000
341.85	5.443000
342.168	5.443000
342.168	5.407000
342.485	5.407000
342.485	5.477000
342.802	5.477000
342.802	5.701000
343.156	5.701000
343.156	5.737000
343.51	5.737000
343.51	5.732000
343.864	5.732000
343.864	5.584000
344.193	5.584000
344.193	5.623000
344.522	5.623000
344.522	5.602000
344.85	5.602000
344.85	5.284000
345.17	5.284000
345.17	5.263000
345.49	5.263000
345.49	5.252000
345.809	5.252000
345.809	5.128000
346.129	5.128000
346.129	5.176000
346.449	5.176000
346.449	5.126000
346.769	5.126000
346.769	5.281000
347.088	5.281000
347.088	5.283000
347.407	5.283000
347.407	5.279000
347.726	5.279000
347.726	5.344000
348.08	5.344000
348.08	5.279000
348.435	5.279000
348.435	5.328000
348.789	5.328000
348.789	5.451000
349.143	5.451000
349.143	5.457000
349.497	5.457000
349.497	5.418000
349.852	5.418000
349.852	7.220000
350.205	7.220000
350.205	7.125000
350.56	7.125000
350.56	7.128000
350.915	7.128000
350.915	7.000000
351.271	7.000000
351.271	6.989000
351.627	6.989000
351.627	7.019000
351.983	7.019000
351.983	5.059000
352.301	5.059000
352.301	5.056000
352.619	5.056000
352.619	5.133000
352.937	5.133000
352.937	7.143000
353.289	7.143000
353.289	7.126000
353.643	7.126000
353.643	7.063000
353.998	7.063000
353.998	5.234000
354.318	5.234000
354.318	5.247000
354.636	5.247000
354.636	5.230000
354.955	5.230000
354.955	5.325000
355.274	5.325000
355.274	5.314000
355.591	5.314000
355.591	5.343000
355.909	5.343000
355.909	5.545000
356.228	5.545000
356.228	5.542000
356.545	5.542000
356.545	5.569000
356.865	5.569000
356.865	5.654000
357.221	5.654000
357.221	5.643000
357.577	5.643000
357.577	5.631000
357.932	5.631000
357.932	5.432000
358.251	5.432000
358.251	5.411000
358.568	5.411000
358.568	5.418000
358.887	5.418000
358.887	5.541000
359.207	5.541000
359.207	5.558000
359.528	5.558000
359.528	5.521000
359.849	5.521000
359.849	5.329000
360.2	5.329000
360.2	5.371000
360.553	5.371000
360.553	5.344000
360.906	5.344000
360.906	5.001000
361.258	5.001000
361.258	5.020000
361.611	5.020000
361.611	5.050000
361.963	5.050000
361.963	5.257000
362.283	5.257000
362.283	5.242000
362.603	5.242000
362.603	5.227000
362.923	5.227000
362.923	5.648000
363.242	5.648000
363.242	5.654000
363.559	5.654000
363.559	5.634000
363.877	5.634000
363.877	5.029000
364.197	5.029000
364.197	5.048000
364.517	5.048000
364.517	4.984000
364.837	4.984000
364.837	5.847000
365.156	5.847000
365.156	5.847000
365.476	5.847000
365.476	5.855000
365.796	5.855000
365.796	4.935000
366.113	4.935000
366.113	4.948000
366.431	4.948000
366.431	4.979000
366.75	4.979000
366.75	5.392000
367.07	5.392000
367.07	5.418000
367.39	5.418000
367.39	5.405000
367.71	5.405000
367.71	5.949000
368.031	5.949000
368.031	5.860000
368.352	5.860000
368.352	5.947000
368.673	5.947000
368.673	5.423000
368.993	5.423000
368.993	5.406000
369.313	5.406000
369.313	5.380000
369.633	5.380000
369.633	4.210000
369.953	4.210000
369.953	4.257000
370.273	4.257000
370.273	4.302000
370.593	4.302000
370.593	5.439000
370.912	5.439000
370.912	5.384000
371.232	5.384000
371.232	5.422000
371.552	5.422000
371.552	5.900000
371.905	5.900000
371.905	5.930000
372.259	5.930000
372.259	5.882000
372.612	5.882000
372.612	5.779000
372.931	5.779000
372.931	5.853000
373.25	5.853000
373.25	5.823000
373.569	5.823000
373.569	5.644000
373.889	5.644000
373.889	5.664000
374.209	5.664000
374.209	5.655000
374.528	5.655000
374.528	5.556000
374.848	5.556000
374.848	5.579000
375.167	5.579000
375.167	5.559000
375.487	5.559000
375.487	5.142000
375.805	5.142000
375.805	5.207000
376.125	5.207000
376.125	5.203000
376.445	5.203000
376.445	5.545000
376.799	5.545000
376.799	5.535000
377.153	5.535000
377.153	5.549000
377.506	5.549000
377.506	5.098000
377.826	5.098000
377.826	5.179000
378.145	5.179000
378.145	5.141000
378.465	5.141000
378.465	5.149000
378.784	5.149000
378.784	5.182000
379.103	5.182000
379.103	5.191000
379.421	5.191000
379.421	5.063000
379.741	5.063000
379.741	5.091000
380.061	5.091000
380.061	5.069000
380.381	5.069000
380.381	5.281000
380.735	5.281000
380.735	5.303000
381.088	5.303000
381.088	5.288000
381.443	5.288000
381.443	5.664000
381.763	5.664000
381.763	5.653000
382.083	5.653000
382.083	5.658000
382.403	5.658000
382.403	5.219000
382.723	5.219000
382.723	5.191000
383.043	5.191000
383.043	5.182000
383.362	5.182000
383.362	5.142000
383.716	5.142000
383.716	5.208000
384.07	5.208000
384.07	5.150000
384.425	5.150000
384.425	4.978000
384.745	4.978000
384.745	4.873000
385.065	4.873000
385.065	4.867000
385.385	4.867000
385.385	5.607000
385.705	5.607000
385.705	5.590000
386.025	5.590000
386.025	5.653000
386.345	5.653000
386.345	5.654000
386.665	5.654000
386.665	5.732000
386.984	5.732000
386.984	5.668000
387.304	5.668000
387.304	5.566000
387.622	5.566000
387.622	5.616000
387.939	5.616000
387.939	5.657000
388.258	5.657000
388.258	5.462000
388.612	5.462000
388.612	5.452000
388.967	5.452000
388.967	5.413000
389.322	5.413000
389.322	5.751000
389.677	5.751000
389.677	5.755000
390.031	5.755000
390.031	5.774000
390.386	5.774000
390.386	5.065000
390.706	5.065000
390.706	5.093000
391.023	5.093000
391.023	5.123000
391.343	5.123000
391.343	5.224000
391.663	5.224000
391.663	5.198000
391.983	5.198000
391.983	5.294000
392.303	5.294000
392.303	5.591000
392.623	5.591000
392.623	5.656000
392.942	5.656000
392.942	5.595000
393.263	5.595000
393.263	5.408000
393.583	5.408000
393.583	5.433000
393.902	5.433000
393.902	5.415000
394.222	5.415000
394.222	4.815000
394.542	4.815000
394.542	4.867000
394.862	4.867000
394.862	4.806000
395.18	4.806000
395.18	5.495000
395.535	5.495000
395.535	5.517000
395.889	5.517000
395.889	5.554000
396.244	5.554000
396.244	5.357000
396.564	5.357000
396.564	5.382000
396.884	5.382000
396.884	5.456000
397.204	5.456000
397.204	5.867000
397.522	5.867000
397.522	5.833000
397.841	5.833000
397.841	5.789000
398.16	5.789000
398.16	5.822000
398.514	5.822000
398.514	5.791000
398.868	5.791000
398.868	5.823000
399.222	5.823000
399.222	5.705000
399.542	5.705000
399.542	5.669000
399.862	5.669000
399.862	5.603000
400.18	5.603000
400.18	6.010000
400.499	6.010000
400.499	6.041000
400.819	6.041000
400.819	6.061000
401.139	6.061000
401.139	5.748000
401.494	5.748000
401.494	5.710000
401.848	5.710000
401.848	5.751000
402.203	5.751000
402.203	5.592000
402.523	5.592000
402.523	5.592000
402.842	5.592000
402.842	5.620000
403.16	5.620000
403.16	5.724000
403.515	5.724000
403.515	5.722000
403.87	5.722000
403.87	5.733000
404.224	5.733000
404.224	5.302000
404.579	5.302000
404.579	5.333000
404.933	5.333000
404.933	5.314000
405.288	5.314000
405.288	5.956000
405.608	5.956000
405.608	5.958000
405.928	5.958000
405.928	5.927000
406.248	5.927000
406.248	5.444000
406.568	5.444000
406.568	5.450000
406.888	5.450000
406.888	5.434000
407.208	5.434000
407.208	5.542000
407.527	5.542000
407.527	5.629000
407.845	5.629000
407.845	5.583000
408.164	5.583000
408.164	6.029000
408.484	6.029000
408.484	5.876000
408.804	5.876000
408.804	5.885000
409.122	5.885000
409.122	7.990000
409.4	7.990000
409.4	8.050000
409.678	8.050000
409.678	7.871000
409.957	7.871000
409.957	4.945000
410.311	4.945000
410.311	4.951000
410.663	4.951000
410.663	5.018000
411.018	5.018000
411.018	5.412000
411.338	5.412000
411.338	5.381000
411.658	5.381000
411.658	5.413000
411.977	5.413000
411.977	5.824000
412.291	5.824000
412.291	5.791000
412.605	5.791000
412.605	5.849000
412.919	5.849000
412.919	5.564000
413.238	5.564000
413.238	5.552000
413.558	5.552000
413.558	5.567000
413.878	5.567000
413.878	5.756000
414.197	5.756000
414.197	5.666000
414.517	5.666000
414.517	5.676000
414.837	5.676000
414.837	5.656000
415.155	5.656000
415.155	5.682000
415.474	5.682000
415.474	5.738000
415.793	5.738000
415.793	5.645000
416.146	5.645000
416.146	5.669000
416.5	5.669000
416.5	5.675000
416.855	5.675000
416.855	5.046000
417.173	5.046000
417.173	5.044000
417.491	5.044000
417.491	5.116000
417.81	5.116000
417.81	6.271000
418.129	6.271000
418.129	6.193000
418.448	6.193000
418.448	6.240000
418.767	6.240000
418.767	5.577000
419.121	5.577000
419.121	5.551000
419.476	5.551000
419.476	5.573000
419.831	5.573000
419.831	5.361000
420.186	5.361000
420.186	5.422000
420.541	5.422000
420.541	5.363000
420.894	5.363000
420.894	5.620000
421.248	5.620000
421.248	5.581000
421.602	5.581000
421.602	5.613000
421.956	5.613000
421.956	5.524000
422.311	5.524000
422.311	5.554000
422.666	5.554000
422.666	5.554000
423.02	5.554000
423.02	5.697000
423.339	5.697000
423.339	5.604000
423.658	5.604000
423.658	5.664000
423.977	5.664000
423.977	5.359000
424.296	5.359000
424.296	5.377000
424.615	5.377000
424.615	5.403000
424.934	5.403000
424.934	5.405000
425.29	5.405000
425.29	5.441000
425.646	5.441000
425.646	5.401000
426.002	5.401000
426.002	5.406000
426.32	5.406000
426.32	5.443000
426.639	5.443000
426.639	5.440000
426.958	5.440000
426.958	5.112000
427.278	5.112000
427.278	5.124000
427.598	5.124000
427.598	5.165000
427.918	5.165000
427.918	5.214000
428.272	5.214000
428.272	5.232000
428.627	5.232000
428.627	5.234000
428.982	5.234000
428.982	5.632000
429.336	5.632000
429.336	5.565000
429.69	5.565000
429.69	5.542000
430.043	5.542000
430.043	5.607000
430.398	5.607000
430.398	5.548000
430.753	5.548000
430.753	5.508000
431.107	5.508000
431.107	5.453000
431.427	5.453000
431.427	5.501000
431.747	5.501000
431.747	5.436000
432.067	5.436000
432.067	5.308000
432.393	5.308000
432.393	5.275000
432.719	5.275000
432.719	5.265000
433.045	5.265000
433.045	5.769000
433.365	5.769000
433.365	5.831000
433.685	5.831000
433.685	5.783000
434.005	5.783000
434.005	5.322000
434.36	5.322000
434.36	5.365000
434.715	5.365000
434.715	5.368000
435.07	5.368000
435.07	5.410000
435.389	5.410000
435.389	5.471000
435.707	5.471000
435.707	5.418000
436.026	5.418000
436.026	5.579000
436.346	5.579000
436.346	5.556000
436.666	5.556000
436.666	5.546000
436.986	5.546000
436.986	5.187000
437.341	5.187000
437.341	5.260000
437.696	5.260000
437.696	5.170000
438.051	5.170000
438.051	5.644000
438.406	5.644000
438.406	5.600000
438.761	5.600000
438.761	5.572000
439.116	5.572000
439.116	5.150000
439.435	5.150000
439.435	5.044000
439.748	5.044000
439.748	5.148000
440.067	5.148000
440.067	5.455000
440.421	5.455000
440.421	5.445000
440.776	5.445000
440.776	5.433000
441.131	5.433000
441.131	5.459000
441.45	5.459000
441.45	5.834000
441.769	5.834000
441.769	5.458000
442.089	5.458000
442.089	5.818000
442.409	5.818000
442.409	5.800000
442.728	5.800000
442.728	5.808000
443.048	5.808000
443.048	5.300000
443.367	5.300000
443.367	5.361000
443.686	5.361000
443.686	5.393000
444.006	5.393000
444.006	4.989000
444.361	4.989000
444.361	5.015000
444.716	5.015000
444.716	4.993000
445.071	4.993000
445.071	5.913000
445.426	5.913000
445.426	5.949000
445.781	5.949000
445.781	5.962000
446.136	5.962000
446.136	5.314000
446.456	5.314000
446.456	5.362000
446.775	5.362000
446.775	5.266000
447.095	5.266000
447.095	5.632000
447.415	5.632000
447.415	5.515000
447.735	5.515000
447.735	5.553000
448.054	5.553000
448.054	5.269000
448.374	5.269000
448.374	5.311000
448.693	5.311000
448.693	5.271000
449.012	5.271000
449.012	5.585000
449.367	5.585000
449.367	5.948000
449.721	5.948000
449.721	5.551000
450.076	5.551000
450.076	5.336000
450.395	5.336000
450.395	5.399000
450.714	5.399000
450.714	5.416000
451.033	5.416000
451.033	5.265000
451.353	5.265000
451.353	5.234000
451.67	5.234000
451.67	5.224000
451.99	5.224000
451.99	5.530000
452.347	5.530000
452.347	5.509000
452.705	5.509000
452.705	5.486000
453.063	5.486000
453.063	7.837000
453.9	7.837000
453.9	8.011000
454.736	8.011000
454.736	7.933000
455.573	7.933000
455.573	6.266000
455.929	6.266000
455.929	6.946000
456.285	6.946000
456.285	6.340000
456.641	6.340000
456.641	5.341000
456.961	5.341000
456.961	6.092000
457.279	6.092000
457.279	5.340000
457.599	5.340000
457.599	6.016000
457.913	6.016000
457.913	5.432000
458.224	5.432000
458.224	5.977000
458.538	5.977000
458.538	5.570000
458.857	5.570000
458.857	5.604000
459.176	5.604000
459.176	5.548000
459.495	5.548000
459.495	5.760000
459.848	5.760000
459.848	5.802000
460.202	5.802000
460.202	5.756000
460.556	5.756000
460.556	5.844000
460.875	5.844000
460.875	5.854000
461.194	5.854000
461.194	5.774000
461.513	5.774000
461.513	5.319000
461.832	5.319000
461.832	5.309000
462.151	5.309000
462.151	5.282000
462.471	5.282000
462.471	6.096000
462.826	6.096000
462.826	6.114000
463.181	6.114000
463.181	6.150000
463.536	6.150000
463.536	5.769000
463.856	5.769000
463.856	5.804000
464.176	5.804000
464.176	5.759000
464.496	5.759000
464.496	5.541000
464.816	5.541000
464.816	5.556000
465.136	5.556000
465.136	5.522000
465.456	5.522000
465.456	5.480000
465.775	5.480000
465.775	5.514000
466.094	5.514000
466.094	5.484000
466.413	5.484000
466.413	5.500000
466.733	5.500000
466.733	5.480000
467.053	5.480000
467.053	5.505000
467.373	5.505000
467.373	5.462000
467.724	5.462000
467.724	5.437000
468.077	5.437000
468.077	5.454000
468.429	5.454000
468.429	5.386000
468.747	5.386000
468.747	6.512000
469.065	6.512000
469.065	5.388000
469.383	5.388000
469.383	5.529000
469.736	5.529000
469.736	7.124000
470.089	7.124000
470.089	5.446000
470.442	5.446000
470.442	5.413000
470.76	5.413000
470.76	7.178000
471.076	7.178000
471.076	5.480000
471.393	5.480000
471.393	5.681000
471.746	5.681000
471.746	5.956000
472.099	5.956000
472.099	5.698000
472.452	5.698000
472.452	5.370000
472.77	5.370000
472.77	5.491000
473.088	5.491000
473.088	5.391000
473.406	5.391000
473.406	5.022000
473.724	5.022000
473.724	5.035000
474.041	5.035000
474.041	5.055000
474.359	5.055000
474.359	5.122000
474.712	5.122000
474.712	5.323000
475.064	5.323000
475.064	5.124000
475.417	5.124000
475.417	5.256000
475.735	5.256000
475.735	5.536000
476.053	5.536000
476.053	5.216000
476.37	5.216000
476.37	6.705000
476.724	6.705000
476.724	6.172000
477.078	6.172000
477.078	6.751000
477.432	6.751000
477.432	5.032000
477.785	5.032000
477.785	5.035000
478.137	5.035000
478.137	5.028000
478.49	5.028000
478.49	5.578000
478.843	5.578000
478.843	5.569000
479.196	5.569000
479.196	5.612000
479.547	5.612000
479.547	5.346000
479.865	5.346000
479.865	7.191000
480.18	7.191000
480.18	5.341000
480.498	5.341000
480.498	0.000000
480.498	0.000000
480.498	0.000000
480.498	0.000000
480.498	0.000000
480.498	0.000000
480.498	0.000000
480.498	0.000000
480.498	0.000000
480.498	0.000000
480.498	0.000000
480.498	0.000000
480.498	5.480000
480.851	5.480000
480.851	5.507000
481.203	5.507000
481.203	5.439000
481.555	5.439000
481.555	5.154000
481.908	5.154000
481.908	5.152000
482.261	5.152000
482.261	5.192000
482.613	5.192000
482.613	5.375000
482.966	5.375000
482.966	5.392000
483.319	5.392000
483.319	5.357000
483.672	5.357000
483.672	5.339000
483.989	5.339000
483.989	5.277000
484.307	5.277000
484.307	5.350000
484.625	5.350000
484.625	5.302000
484.974	5.302000
484.974	6.586000
485.325	6.586000
485.325	5.305000
485.677	5.305000
485.677	5.545000
485.995	5.545000
485.995	5.324000
486.313	5.324000
486.313	5.586000
486.631	5.586000
486.631	5.494000
486.95	5.494000
486.95	5.503000
487.268	5.503000
487.268	5.502000
487.587	5.502000
487.587	5.543000
487.939	5.543000
487.939	5.591000
488.292	5.591000
488.292	5.540000
488.645	5.540000
488.645	5.607000
488.963	5.607000
488.963	5.547000
489.281	5.547000
489.281	5.607000
489.599	5.607000
489.599	5.082000
489.917	5.082000
489.917	5.187000
490.235	5.187000
490.235	5.113000
490.552	5.113000
490.552	5.329000
490.905	5.329000
490.905	5.319000
491.258	5.319000
491.258	5.289000
491.611	5.289000
491.611	4.794000
491.929	4.794000
491.929	4.785000
492.247	4.785000
492.247	4.812000
492.565	4.812000
492.565	5.410000
492.883	5.410000
492.883	5.416000
493.201	5.416000
493.201	5.462000
493.519	5.462000
493.519	8.251000
493.872	8.251000
493.872	8.199000
494.226	8.199000
494.226	8.237000
494.58	8.237000
494.58	4.973000
494.934	4.973000
494.934	4.956000
495.288	4.956000
495.288	5.066000
495.642	5.066000
495.642	5.592000
495.995	5.592000
495.995	5.955000
496.347	5.955000
496.347	5.575000
496.7	5.575000
496.7	5.685000
497.018	5.685000
497.018	5.717000
497.336	5.717000
497.336	5.658000
497.652	5.658000
497.652	5.439000
497.97	5.439000
497.97	5.479000
498.288	5.479000
498.288	5.486000
498.606	5.486000
498.606	5.115000
498.924	5.115000
498.924	5.148000
499.242	5.148000
499.242	5.158000
499.559	5.158000
499.559	5.411000
499.877	5.411000
499.877	5.383000
500.195	5.383000
500.195	5.395000
500.513	5.395000
500.513	5.959000
500.866	5.959000
500.866	5.949000
501.219	5.949000
501.219	5.993000
501.572	5.993000
501.572	5.419000
501.924	5.419000
501.924	5.453000
502.277	5.453000
502.277	5.420000
502.63	5.420000
502.63	5.358000
502.948	5.358000
502.948	5.366000
503.266	5.366000
503.266	5.348000
503.583	5.348000
503.583	5.512000
503.901	5.512000
503.901	5.467000
504.219	5.467000
504.219	5.462000
504.536	5.462000
504.536	5.373000
504.89	5.373000
504.89	5.354000
505.243	5.354000
505.243	5.355000
505.597	5.355000
505.597	5.155000
505.916	5.155000
505.916	5.100000
506.234	5.100000
506.234	5.112000
506.553	5.112000
506.553	5.439000
506.871	5.439000
506.871	5.448000
507.188	5.448000
507.188	5.480000
507.506	5.480000
507.506	5.199000
507.826	5.199000
507.826	5.149000
508.146	5.149000
508.146	5.141000
508.466	5.141000
508.466	5.296000
508.785	5.296000
508.785	5.317000
509.104	5.317000
509.104	5.316000
509.423	5.316000
509.423	5.239000
509.741	5.239000
509.741	5.265000
510.059	5.265000
510.059	5.282000
510.377	5.282000
510.377	5.485000
510.73	5.485000
510.73	5.419000
511.083	5.419000
511.083	5.440000
511.436	5.440000
511.436	5.573000
511.754	5.573000
511.754	5.603000
512.071	5.603000
512.071	5.554000
512.389	5.554000
512.389	5.018000
512.742	5.018000
512.742	5.078000
513.095	5.078000
513.095	5.044000
513.447	5.044000
513.447	5.627000
513.8	5.627000
513.8	5.670000
514.152	5.670000
514.152	5.673000
514.505	5.673000
514.505	5.490000
514.824	5.490000
514.824	5.505000
515.143	5.505000
515.143	5.449000
515.46	5.449000
515.46	4.989000
515.811	4.989000
515.811	4.987000
516.163	4.987000
516.163	5.039000
516.516	5.039000
516.516	5.451000
516.869	5.451000
516.869	5.592000
517.221	5.592000
517.221	5.598000
517.574	5.598000
517.574	5.578000
517.929	5.578000
517.929	5.460000
518.284	5.460000
518.284	5.663000
518.639	5.663000
518.639	5.979000
518.956	5.979000
518.956	6.062000
519.274	6.062000
519.274	5.960000
519.591	5.960000
519.591	5.476000
519.909	5.476000
519.909	5.499000
520.226	5.499000
520.226	5.553000
520.544	5.553000
520.544	5.531000
520.861	5.531000
520.861	5.592000
521.179	5.592000
521.179	5.512000
521.494	5.512000
521.494	6.830000
521.814	6.830000
521.814	6.849000
522.133	6.849000
522.133	6.823000
522.453	6.823000
522.453	5.567000
522.771	5.567000
522.771	5.592000
523.089	5.592000
523.089	5.597000
523.407	5.597000
523.407	5.516000
523.724	5.516000
523.724	6.041000
524.041	6.041000
524.041	5.520000
524.358	5.520000
524.358	6.198000
524.811	6.198000
524.811	7.125000
525.263	7.125000
525.263	6.130000
525.716	6.130000
525.716	5.074000
526.034	5.074000
526.034	5.085000
526.352	5.085000
526.352	5.076000
526.67	5.076000
526.67	5.674000
527.023	5.674000
527.023	5.642000
527.375	5.642000
527.375	5.651000
527.727	5.651000
527.727	5.224000
528.044	5.224000
528.044	5.191000
528.361	5.191000
528.361	5.238000
528.678	5.238000
528.678	5.504000
528.995	5.504000
528.995	5.344000
529.313	5.344000
529.313	5.478000
529.63	5.478000
529.63	6.275000
529.948	6.275000
529.948	6.071000
530.266	6.071000
530.266	6.274000
530.584	6.274000
530.584	5.721000
530.895	5.721000
530.895	5.703000
531.207	5.703000
531.207	5.705000
531.519	5.705000
531.519	5.564000
531.873	5.564000
531.873	5.742000
532.225	5.742000
532.225	5.527000
532.576	5.527000
532.576	7.526000
532.994	7.526000
532.994	7.485000
533.412	7.485000
533.412	7.382000
533.83	7.382000
533.83	7.938000
534.306	7.938000
534.306	7.932000
534.782	7.932000
534.782	8.036000
535.258	8.036000
535.258	5.484000
535.576	5.484000
535.576	5.384000
535.894	5.384000
535.894	5.552000
536.212	5.552000
536.212	5.239000
536.529	5.239000
536.529	5.242000
536.847	5.242000
536.847	5.266000
537.164	5.266000
537.164	5.658000
537.441	5.658000
537.441	5.629000
537.718	5.629000
537.718	5.605000
537.995	5.605000
537.995	5.228000
538.349	5.228000
538.349	5.054000
538.703	5.054000
538.703	5.213000
539.057	5.213000
539.057	5.360000
539.409	5.360000
539.409	5.459000
539.761	5.459000
539.761	5.304000
540.113	5.304000
540.113	4.933000
540.467	4.933000
540.467	4.896000
540.821	4.896000
540.821	4.970000
541.175	4.970000
541.175	5.460000
541.493	5.460000
541.493	5.383000
541.811	5.383000
541.811	5.454000
542.129	5.454000
542.129	5.181000
542.447	5.181000
542.447	5.251000
542.765	5.251000
542.765	5.205000
543.083	5.205000
543.083	5.066000
543.401	5.066000
543.401	5.006000
543.715	5.006000
543.715	5.056000
544.033	5.056000
