0.0	6.515000
0.284	6.515000
0.284	5.818000
0.568	5.818000
0.568	6.183000
0.852	6.183000
0.852	4.425000
1.199	4.425000
1.199	4.382000
1.546	4.382000
1.546	4.585000
1.893	4.585000
1.893	8.459000
2.245	8.459000
2.245	8.593000
2.597	8.593000
2.597	8.418000
2.948	8.418000
2.948	6.894000
3.215	6.894000
3.215	5.446000
3.482	5.446000
3.482	5.533000
3.749	5.533000
3.749	4.698000
4.093	4.698000
4.093	4.621000
4.437	4.621000
4.437	4.970000
4.781	4.970000
4.781	4.993000
5.109	4.993000
5.109	5.155000
5.437	5.155000
5.437	5.472000
5.765	5.472000
5.765	6.260000
6.046	6.260000
6.046	6.356000
6.327	6.356000
6.327	7.015000
6.608	7.015000
6.608	4.676000
6.942	4.676000
6.942	5.185000
7.276	5.185000
7.276	4.913000
7.61	4.913000
7.61	4.337000
7.961	4.337000
7.961	4.421000
8.312	4.421000
8.312	4.176000
8.663	4.176000
8.663	6.912000
8.981	6.912000
8.981	6.243000
9.3	6.243000
9.3	6.257000
9.619	6.257000
9.619	5.016000
9.973	5.016000
9.973	4.221000
10.327	4.221000
10.327	4.228000
10.68	4.228000
10.68	5.355000
11.025	5.355000
11.025	5.817000
11.37	5.817000
11.37	5.041000
11.715	5.041000
11.715	6.951000
12.0	6.951000
12.0	6.978000
12.285	6.978000
12.285	6.840000
12.57	6.840000
12.57	4.106000
12.922	4.106000
12.922	4.140000
13.274	4.140000
13.274	3.886000
13.626	3.886000
13.626	4.781000
13.978	4.781000
13.978	5.068000
14.33	5.068000
14.33	4.791000
14.682	4.791000
14.682	6.277000
14.977	6.277000
14.977	5.647000
15.272	5.647000
15.272	5.605000
15.567	5.605000
15.567	5.610000
15.892	5.610000
15.892	6.270000
16.218	6.270000
16.218	5.425000
16.544	5.425000
16.544	4.611000
16.891	4.611000
16.891	5.182000
17.238	5.182000
17.238	4.347000
17.585	4.347000
17.585	7.119000
17.887	7.119000
17.887	6.289000
18.189	6.289000
18.189	6.980000
18.491	6.980000
18.491	6.691000
18.839	6.691000
18.839	6.681000
19.187	6.681000
19.187	6.566000
19.535	6.566000
19.535	5.355000
19.874	5.355000
19.874	5.098000
20.213	5.098000
20.213	5.204000
20.552	5.204000
20.552	8.857000
20.836	8.857000
20.836	9.086000
21.12	9.086000
21.12	9.028000
21.404	9.028000
21.404	7.616000
21.752	7.616000
21.752	7.198000
22.099	7.198000
22.099	7.266000
22.447	7.266000
22.447	4.242000
22.798	4.242000
22.798	4.171000
23.149	4.171000
23.149	4.213000
23.5	4.213000
23.5	6.655000
23.783	6.655000
23.783	6.190000
24.066	6.190000
24.066	6.229000
24.349	6.229000
24.349	4.934000
24.687	4.934000
24.687	5.245000
25.025	5.245000
25.025	4.731000
25.363	4.731000
25.363	4.853000
25.707	4.853000
25.707	4.831000
26.051	4.831000
26.051	4.222000
26.395	4.222000
26.395	7.104000
26.643	7.104000
26.643	6.102000
26.892	6.102000
26.892	6.338000
27.141	6.338000
27.141	4.526000
27.479	4.526000
27.479	4.442000
27.817	4.442000
27.817	4.475000
28.155	4.475000
28.155	4.241000
28.508	4.241000
28.508	4.214000
28.86	4.214000
28.86	4.046000
29.213	4.046000
29.213	5.901000
29.471	5.901000
29.471	5.880000
29.729	5.880000
29.729	5.926000
29.987	5.926000
29.987	4.325000
30.335	4.325000
30.335	4.644000
30.681	4.644000
30.681	4.094000
31.029	4.094000
31.029	4.782000
31.381	4.782000
31.381	4.704000
31.732	4.704000
31.732	4.337000
32.084	4.337000
32.084	6.480000
32.388	6.480000
32.388	6.077000
32.692	6.077000
32.692	6.233000
32.996	6.233000
32.996	4.944000
33.344	4.944000
33.344	4.693000
33.692	4.693000
33.692	5.110000
34.039	5.110000
34.039	7.042000
34.319	7.042000
34.319	6.040000
34.599	6.040000
34.599	6.056000
34.879	6.056000
34.879	6.889000
35.225	6.889000
35.225	6.875000
35.571	6.875000
35.571	6.712000
35.917	6.712000
35.917	3.580000
36.266	3.580000
36.266	4.564000
36.615	4.564000
36.615	4.198000
36.964	4.198000
36.964	8.530000
37.268	8.530000
37.268	7.805000
37.572	7.805000
37.572	8.017000
37.876	8.017000
37.876	5.531000
38.189	5.531000
38.189	4.932000
38.501	4.932000
38.501	4.790000
38.813	4.790000
38.813	3.611000
39.166	3.611000
39.166	3.647000
39.519	3.647000
39.519	3.418000
39.872	3.418000
39.872	6.372000
40.181	6.372000
40.181	6.322000
40.49	6.322000
40.49	6.439000
40.799	6.439000
40.799	4.352000
41.147	4.352000
41.147	4.716000
41.494	4.716000
41.494	4.151000
41.842	4.151000
41.842	4.711000
42.189	4.711000
42.189	5.449000
42.536	5.449000
42.536	4.863000
42.883	4.863000
42.883	6.114000
43.15	6.114000
43.15	6.020000
43.417	6.020000
43.417	5.789000
43.684	5.789000
43.684	4.893000
44.027	4.893000
44.027	4.658000
44.37	4.658000
44.37	4.757000
44.713	4.757000
44.713	4.911000
45.062	4.911000
45.062	5.065000
45.412	5.065000
45.412	4.624000
45.762	4.624000
45.762	5.845000
46.074	5.845000
46.074	6.408000
46.386	6.408000
46.386	6.105000
46.698	6.105000
46.698	4.539000
47.047	4.539000
47.047	4.426000
47.396	4.426000
47.396	4.284000
47.745	4.284000
47.745	4.578000
48.098	4.578000
48.098	4.178000
48.451	4.178000
48.451	4.125000
48.804	4.125000
48.804	6.358000
49.118	6.358000
49.118	6.775000
49.432	6.775000
49.432	6.357000
49.746	6.357000
49.746	4.103000
50.097	4.103000
50.097	4.234000
50.448	4.234000
50.448	3.939000
50.799	3.939000
50.799	8.344000
51.096	8.344000
51.096	7.577000
51.393	7.577000
51.393	7.477000
51.69	7.477000
51.69	4.619000
52.018	4.619000
52.018	4.890000
52.346	4.890000
52.346	4.502000
52.674	4.502000
52.674	4.604000
53.019	4.604000
53.019	4.907000
53.363	4.907000
53.363	4.460000
53.708	4.460000
53.708	6.318000
53.982	6.318000
53.982	6.370000
54.256	6.370000
54.256	6.405000
54.53	6.405000
54.53	4.490000
54.878	4.490000
54.878	4.147000
55.226	4.147000
55.226	4.096000
55.574	4.096000
55.574	4.620000
55.915	4.620000
55.915	3.889000
56.256	3.889000
56.256	3.610000
56.597	3.610000
56.597	6.431000
56.821	6.431000
56.821	6.548000
57.045	6.548000
57.045	6.288000
57.269	6.288000
57.269	4.097000
57.618	4.097000
57.618	4.162000
57.967	4.162000
57.967	4.394000
58.316	4.394000
58.316	4.882000
58.667	4.882000
58.667	4.319000
59.018	4.319000
59.018	4.420000
59.369	4.420000
59.369	6.195000
59.636	6.195000
59.636	6.749000
59.903	6.749000
59.903	6.665000
60.17	6.665000
60.17	4.600000
60.503	4.600000
60.503	4.648000
60.836	4.648000
60.836	5.200000
61.169	5.200000
61.169	4.083000
61.52	4.083000
61.52	3.791000
61.871	3.791000
61.871	3.290000
62.222	3.290000
62.222	6.258000
62.51	6.258000
62.51	6.285000
62.798	6.285000
62.798	6.653000
63.086	6.653000
63.086	5.026000
63.435	5.026000
63.435	4.538000
63.784	4.538000
63.784	4.439000
64.133	4.439000
64.133	0.000000
64.133	0.000000
64.133	0.000000
64.133	0.000000
64.133	0.000000
64.133	0.000000
64.133	6.459000
64.429	6.459000
64.429	6.503000
64.725	6.503000
64.725	6.785000
65.021	6.785000
65.021	4.036000
65.374	4.036000
65.374	4.080000
65.727	4.080000
65.727	4.627000
66.08	4.627000
66.08	4.588000
66.43	4.588000
66.43	5.099000
66.78	5.099000
66.78	4.762000
67.13	4.762000
67.13	7.595000
67.39	7.595000
67.39	6.759000
67.65	6.759000
67.65	6.442000
67.91	6.442000
67.91	4.751000
68.26	4.751000
68.26	4.636000
68.61	4.636000
68.61	4.445000
68.96	4.445000
68.96	8.925000
69.309	8.925000
69.309	8.433000
69.657	8.433000
69.657	8.874000
70.005	8.874000
70.005	7.465000
70.318	7.465000
70.318	6.692000
70.631	6.692000
70.631	6.340000
70.944	6.340000
70.944	5.045000
71.294	5.045000
71.294	4.855000
71.644	4.855000
71.644	4.667000
71.994	4.667000
71.994	4.746000
72.342	4.746000
72.342	4.377000
72.689	4.377000
72.689	4.370000
73.036	4.370000
73.036	6.015000
73.34	6.015000
73.34	6.536000
73.644	6.536000
73.644	6.588000
73.948	6.588000
73.948	4.402000
74.294	4.402000
74.294	4.341000
74.64	4.341000
74.64	4.437000
74.986	4.437000
74.986	4.213000
75.337	4.213000
75.337	4.859000
75.687	4.859000
75.687	4.442000
76.038	4.442000
76.038	6.655000
76.323	6.655000
76.323	6.542000
76.608	6.542000
76.608	6.505000
76.893	6.505000
76.893	4.785000
77.239	4.785000
77.239	4.648000
77.585	4.648000
77.585	4.515000
77.931	4.515000
77.931	4.363000
78.284	4.363000
78.284	4.344000
78.636	4.344000
78.636	3.969000
78.989	3.969000
78.989	7.881000
79.289	7.881000
79.289	7.049000
79.589	7.049000
79.589	7.315000
79.889	7.315000
79.889	4.446000
80.232	4.446000
80.232	4.340000
80.575	4.340000
80.575	4.788000
80.918	4.788000
80.918	4.787000
81.268	4.787000
81.268	4.875000
81.618	4.875000
81.618	4.606000
81.968	4.606000
81.968	6.327000
82.285	6.327000
82.285	6.162000
82.602	6.162000
82.602	5.836000
82.919	5.836000
82.919	3.939000
83.271	3.939000
83.271	4.104000
83.623	4.104000
83.623	4.224000
83.975	4.224000
83.975	4.305000
84.322	4.305000
84.322	4.452000
84.669	4.452000
84.669	4.386000
85.016	4.386000
85.016	6.952000
85.345	6.952000
85.345	6.562000
85.674	6.562000
85.674	6.599000
86.003	6.599000
86.003	4.823000
86.357	4.823000
86.357	5.145000
86.711	5.145000
86.711	4.880000
87.065	4.880000
87.065	4.821000
87.406	4.821000
87.406	5.401000
87.747	5.401000
87.747	5.244000
88.089	5.244000
88.089	5.558000
88.376	5.558000
88.376	5.839000
88.663	5.839000
88.663	5.804000
88.95	5.804000
88.95	4.198000
89.293	4.198000
89.293	4.204000
89.636	4.204000
89.636	4.280000
89.978	4.280000
89.978	4.423000
90.33	4.423000
90.33	4.602000
90.682	4.602000
90.682	4.355000
91.034	4.355000
91.034	7.096000
91.332	7.096000
91.332	6.857000
91.63	6.857000
91.63	7.131000
91.928	7.131000
91.928	5.438000
92.27	5.438000
92.27	4.767000
92.612	4.767000
92.612	4.977000
92.954	4.977000
92.954	4.884000
93.306	4.884000
93.306	4.753000
93.658	4.753000
93.658	4.901000
94.01	4.901000
94.01	6.346000
94.337	6.346000
94.337	6.341000
94.664	6.341000
94.664	6.365000
94.991	6.365000
94.991	4.175000
95.344	4.175000
95.344	4.700000
95.697	4.700000
95.697	4.052000
96.05	4.052000
96.05	4.751000
96.403	4.751000
96.403	4.697000
96.756	4.697000
96.756	4.632000
97.109	4.632000
97.109	5.131000
97.42	5.131000
97.42	5.350000
97.732	5.350000
97.732	4.788000
98.044	4.788000
98.044	6.700000
98.33	6.700000
98.33	6.060000
98.616	6.060000
98.616	6.140000
98.902	6.140000
98.902	4.877000
99.245	4.877000
99.245	4.675000
99.588	4.675000
99.588	4.201000
99.931	4.201000
99.931	9.147000
100.244	9.147000
100.244	8.654000
100.557	8.654000
100.557	8.813000
100.87	8.813000
100.87	9.115000
101.218	9.115000
101.218	9.603000
101.565	9.603000
101.565	8.779000
101.913	8.779000
101.913	3.726000
102.218	3.726000
102.218	3.984000
102.523	3.984000
102.523	3.849000
102.828	3.849000
102.828	6.748000
103.119	6.748000
103.119	6.859000
103.41	6.859000
103.41	7.294000
103.701	7.294000
103.701	4.677000
104.052	4.677000
104.052	3.937000
104.403	3.937000
104.403	4.437000
104.753	4.437000
104.753	4.582000
105.061	4.582000
105.061	4.068000
105.369	4.068000
105.369	4.465000
105.676	4.465000
105.676	6.395000
105.921	6.395000
105.921	6.607000
106.166	6.607000
106.166	6.969000
106.411	6.969000
106.411	4.334000
106.745	4.334000
106.745	4.339000
107.08	4.339000
107.08	4.458000
107.415	4.458000
107.415	3.708000
107.727	3.708000
107.727	4.088000
108.038	4.088000
108.038	3.614000
108.35	3.614000
108.35	6.225000
108.612	6.225000
108.612	6.069000
108.874	6.069000
108.874	6.462000
109.136	6.462000
109.136	4.179000
109.483	4.179000
109.483	4.973000
109.83	4.973000
109.83	4.446000
110.177	4.446000
110.177	3.903000
110.53	3.903000
110.53	3.703000
110.883	3.703000
110.883	4.296000
111.236	4.296000
111.236	5.528000
111.586	5.528000
111.586	5.316000
111.936	5.316000
111.936	5.484000
112.286	5.484000
112.286	4.156000
112.63	4.156000
112.63	4.619000
112.974	4.619000
112.974	4.110000
113.318	4.110000
113.318	4.424000
113.666	4.424000
113.666	3.642000
114.014	3.642000
114.014	4.300000
114.362	4.300000
114.362	7.024000
114.666	7.024000
114.666	6.338000
114.97	6.338000
114.97	6.442000
115.274	6.442000
115.274	4.525000
115.622	4.525000
115.622	4.656000
115.97	4.656000
115.97	5.077000
116.318	5.077000
116.318	4.629000
116.66	4.629000
116.66	4.080000
117.002	4.080000
117.002	4.376000
117.344	4.376000
117.344	7.772000
117.639	7.772000
117.639	7.160000
117.934	7.160000
117.934	7.119000
118.229	7.119000
118.229	6.067000
118.57	6.067000
118.57	5.656000
118.911	5.656000
118.911	5.800000
119.251	5.800000
119.251	5.052000
119.593	5.052000
119.593	4.640000
119.935	4.640000
119.935	4.827000
120.277	4.827000
120.277	7.211000
120.584	7.211000
120.584	5.991000
120.891	5.991000
120.891	5.870000
121.198	5.870000
121.198	4.816000
121.539	4.816000
121.539	5.337000
121.88	5.337000
121.88	4.854000
122.221	4.854000
122.221	4.486000
122.57	4.486000
122.57	4.235000
122.919	4.235000
122.919	4.266000
123.268	4.266000
123.268	6.666000
123.571	6.666000
123.571	6.137000
123.874	6.137000
123.874	6.222000
124.177	6.222000
124.177	4.328000
124.512	4.328000
124.512	4.416000
124.847	4.416000
124.847	4.599000
125.182	4.599000
125.182	4.797000
125.533	4.797000
125.533	5.486000
125.884	5.486000
125.884	4.619000
126.235	4.619000
126.235	6.596000
126.533	6.596000
126.533	6.998000
126.831	6.998000
126.831	6.765000
127.129	6.765000
127.129	4.500000
127.476	4.500000
127.476	4.512000
127.823	4.512000
127.823	3.951000
128.17	3.951000
128.17	4.240000
128.52	4.240000
128.52	4.323000
128.87	4.323000
128.87	4.004000
129.22	4.004000
129.22	6.366000
129.521	6.366000
129.521	6.258000
129.822	6.258000
129.822	6.208000
130.123	6.208000
130.123	4.669000
130.471	4.669000
130.471	4.793000
130.818	4.793000
130.818	4.364000
131.165	4.364000
131.165	4.694000
131.509	4.694000
131.509	4.607000
131.853	4.607000
131.853	5.163000
132.197	5.163000
132.197	6.436000
132.519	6.436000
132.519	6.657000
132.841	6.657000
132.841	6.291000
133.163	6.291000
133.163	3.153000
133.516	3.153000
133.516	2.817000
133.869	2.817000
133.869	3.323000
134.222	3.323000
134.222	5.299000
134.573	5.299000
134.573	5.085000
134.924	5.085000
134.924	4.759000
135.275	4.759000
135.275	6.979000
135.57	6.979000
135.57	6.903000
135.865	6.903000
135.865	6.715000
136.16	6.715000
136.16	3.864000
136.513	3.864000
136.513	3.597000
136.866	3.597000
136.866	4.278000
137.219	4.278000
137.219	7.056000
137.526	7.056000
137.526	6.987000
137.833	6.987000
137.833	7.103000
138.14	7.103000
138.14	5.158000
138.49	5.158000
138.49	5.051000
138.84	5.051000
138.84	5.455000
139.19	5.455000
139.19	4.680000
139.536	4.680000
139.536	4.572000
139.882	4.572000
139.882	6.117000
140.19	6.117000
140.19	6.718000
140.498	6.718000
140.498	6.589000
140.806	6.589000
140.806	4.522000
141.148	4.522000
141.148	5.025000
141.489	5.025000
141.489	4.178000
141.831	4.178000
141.831	4.831000
142.178	4.831000
142.178	4.908000
142.525	4.908000
142.525	4.356000
142.872	4.356000
142.872	6.247000
143.145	6.247000
143.145	5.916000
143.418	5.916000
143.418	5.982000
143.691	5.982000
143.691	4.119000
144.039	4.119000
144.039	4.099000
144.387	4.099000
144.387	3.431000
144.735	3.431000
144.735	4.974000
145.083	4.974000
145.083	5.222000
145.431	5.222000
145.431	4.686000
145.779	4.686000
145.779	7.298000
146.098	7.298000
146.098	6.758000
146.417	6.758000
146.417	6.748000
146.736	6.748000
146.736	4.973000
147.083	4.973000
147.083	5.354000
147.43	5.354000
147.43	4.724000
147.777	4.724000
147.777	4.641000
148.123	4.641000
148.123	4.764000
148.469	4.764000
148.469	5.204000
148.815	5.204000
148.815	5.922000
149.128	5.922000
149.128	6.078000
149.441	6.078000
149.441	6.339000
149.754	6.339000
149.754	4.464000
150.098	4.464000
150.098	4.274000
150.442	4.274000
150.442	4.785000
150.786	4.785000
150.786	5.841000
151.111	5.841000
151.111	5.192000
151.436	5.192000
151.436	5.513000
151.761	5.513000
151.761	6.429000
152.084	6.429000
152.084	6.461000
152.407	6.461000
152.407	6.406000
152.73	6.406000
152.73	4.641000
153.076	4.641000
153.076	4.758000
153.421	4.758000
153.421	4.361000
153.767	4.361000
153.767	4.775000
154.114	4.775000
154.114	4.818000
154.46	4.818000
154.46	4.205000
154.807	4.205000
154.807	6.336000
155.133	6.336000
155.133	5.956000
155.459	5.956000
155.459	5.942000
155.785	5.942000
155.785	3.787000
156.137	3.787000
156.137	4.124000
156.489	4.124000
156.489	3.420000
156.841	3.420000
156.841	4.353000
157.19	4.353000
157.19	4.813000
157.539	4.813000
157.539	4.525000
157.888	4.525000
157.888	6.522000
158.197	6.522000
158.197	6.787000
158.506	6.787000
158.506	6.692000
158.815	6.692000
158.815	5.514000
159.163	5.514000
159.163	5.510000
159.511	5.510000
159.511	4.884000
159.859	4.884000
159.859	4.516000
160.206	4.516000
160.206	4.628000
160.553	4.628000
160.553	3.961000
160.9	3.961000
160.9	7.480000
161.197	7.480000
161.197	6.187000
161.494	6.187000
161.494	6.083000
161.791	6.083000
161.791	3.841000
162.136	3.841000
162.136	3.577000
162.481	3.577000
162.481	3.756000
162.826	3.756000
162.826	4.580000
163.177	4.580000
163.177	4.523000
163.528	4.523000
163.528	4.136000
163.879	4.136000
163.879	6.055000
164.163	6.055000
164.163	6.606000
164.447	6.606000
164.447	6.682000
164.731	6.682000
164.731	3.906000
165.082	3.906000
165.082	3.538000
165.433	3.538000
165.433	3.831000
165.784	3.831000
165.784	5.298000
166.131	5.298000
166.131	4.817000
166.478	4.817000
166.478	5.203000
166.825	5.203000
166.825	7.156000
167.127	7.156000
167.127	7.183000
167.429	7.183000
167.429	7.120000
167.731	7.120000
167.731	5.335000
168.064	5.335000
168.064	5.480000
168.397	5.480000
168.397	4.560000
168.73	4.560000
168.73	4.650000
169.082	4.650000
169.082	4.749000
169.434	4.749000
169.434	4.236000
169.786	4.236000
169.786	9.270000
170.139	9.270000
170.139	8.816000
170.491	8.816000
170.491	8.796000
170.844	8.796000
170.844	5.051000
171.189	5.051000
171.189	4.841000
171.534	4.841000
171.534	4.957000
171.879	4.957000
171.879	8.134000
172.183	8.134000
172.183	7.360000
172.488	7.360000
172.488	7.481000
172.793	7.481000
172.793	5.253000
173.128	5.253000
173.128	5.050000
173.463	5.050000
173.463	4.579000
173.798	4.579000
173.798	4.834000
174.143	4.834000
174.143	4.669000
174.488	4.669000
174.488	5.081000
174.833	5.081000
174.833	6.493000
175.146	6.493000
175.146	6.257000
175.46	6.257000
175.46	5.922000
175.774	5.922000
175.774	4.272000
176.124	4.272000
176.124	4.394000
176.474	4.394000
176.474	3.949000
176.824	3.949000
176.824	5.562000
177.172	5.562000
177.172	5.160000
177.521	5.160000
177.521	5.325000
177.87	5.325000
177.87	7.826000
178.109	7.826000
178.109	7.448000
178.348	7.448000
178.348	7.642000
178.587	7.642000
178.587	7.041000
178.921	7.041000
178.921	6.518000
179.255	6.518000
179.255	6.461000
179.588	6.461000
179.588	4.550000
179.942	4.550000
179.942	4.139000
180.296	4.139000
180.296	4.570000
180.65	4.570000
180.65	5.268000
180.935	5.268000
180.935	5.343000
181.22	5.343000
181.22	5.346000
181.505	5.346000
181.505	5.570000
181.857	5.570000
181.857	4.887000
182.208	4.887000
182.208	4.956000
182.56	4.956000
182.56	4.411000
182.899	4.411000
182.899	4.309000
183.238	4.309000
183.238	4.569000
183.577	4.569000
183.577	5.857000
183.868	5.857000
183.868	6.237000
184.159	6.237000
184.159	6.003000
184.45	6.003000
184.45	4.301000
184.797	4.301000
184.797	4.003000
185.144	4.003000
185.144	4.049000
185.491	4.049000
185.491	6.157000
185.801	6.157000
185.801	6.388000
186.111	6.388000
186.111	6.441000
186.421	6.441000
186.421	4.964000
186.764	4.964000
186.764	4.877000
187.106	4.877000
187.106	4.691000
187.449	4.691000
187.449	4.965000
187.799	4.965000
187.799	4.476000
188.149	4.476000
188.149	4.587000
188.499	4.587000
188.499	6.196000
188.778	6.196000
188.778	6.283000
189.057	6.283000
189.057	6.434000
189.336	6.434000
189.336	4.409000
189.673	4.409000
189.673	4.144000
190.01	4.144000
190.01	4.451000
190.347	4.451000
190.347	4.906000
190.693	4.906000
190.693	5.301000
191.039	5.301000
191.039	4.565000
191.385	4.565000
191.385	6.179000
191.666	6.179000
191.666	6.438000
191.947	6.438000
191.947	6.909000
192.228	6.909000
192.228	4.578000
192.58	4.578000
192.58	5.600000
192.932	5.600000
192.932	4.262000
193.284	4.262000
193.284	5.393000
193.63	5.393000
193.63	4.642000
193.976	4.642000
193.976	4.665000
194.322	4.665000
194.322	6.239000
194.662	6.239000
194.662	6.197000
195.003	6.197000
195.003	6.335000
195.344	6.335000
195.344	5.027000
195.679	5.027000
195.679	4.825000
196.016	4.825000
196.016	4.692000
196.353	4.692000
196.353	4.372000
196.705	4.372000
196.705	4.622000
197.056	4.622000
197.056	4.085000
197.408	4.085000
197.408	7.161000
197.703	7.161000
197.703	6.235000
197.998	6.235000
197.998	6.064000
198.293	6.064000
198.293	4.501000
198.646	4.501000
198.646	4.399000
198.999	4.399000
198.999	4.267000
199.352	4.267000
199.352	3.897000
199.703	3.897000
199.703	3.977000
200.053	3.977000
200.053	3.972000
200.403	3.972000
200.403	7.085000
200.689	7.085000
200.689	6.437000
200.975	6.437000
200.975	6.563000
201.261	6.563000
201.261	4.368000
201.61	4.368000
201.61	4.961000
201.957	4.961000
201.957	4.357000
202.306	4.357000
202.306	7.267000
202.603	7.267000
202.603	6.487000
202.9	6.487000
202.9	6.645000
203.197	6.645000
203.197	4.218000
203.542	4.218000
203.542	4.765000
203.886	4.765000
203.886	4.151000
204.231	4.151000
204.231	5.657000
204.582	5.657000
204.582	5.228000
204.933	5.228000
204.933	4.697000
205.284	4.697000
205.284	6.510000
205.606	6.510000
205.606	6.094000
205.928	6.094000
205.928	6.119000
206.25	6.119000
206.25	4.277000
206.599	4.277000
206.599	4.683000
206.948	4.683000
206.948	4.806000
207.297	4.806000
207.297	4.574000
207.64	4.574000
207.64	5.281000
207.981	5.281000
207.981	4.236000
208.324	4.236000
208.324	7.101000
208.634	7.101000
208.634	6.872000
208.944	6.872000
208.944	7.019000
209.254	7.019000
209.254	3.901000
209.607	3.901000
209.607	4.235000
209.96	4.235000
209.96	3.811000
210.313	3.811000
210.313	3.922000
210.656	3.922000
210.656	4.511000
210.999	4.511000
210.999	4.672000
211.342	4.672000
211.342	5.882000
211.62	5.882000
211.62	6.327000
211.898	6.327000
211.898	6.727000
212.176	6.727000
212.176	4.706000
212.521	4.706000
212.521	4.691000
212.866	4.691000
212.866	4.788000
213.211	4.788000
213.211	4.246000
213.564	4.246000
213.564	4.593000
213.917	4.593000
213.917	4.155000
214.27	4.155000
214.27	6.654000
214.568	6.654000
214.568	6.242000
214.866	6.242000
214.866	6.187000
215.164	6.187000
215.164	3.809000
215.516	3.809000
215.516	4.359000
215.868	4.359000
215.868	3.743000
216.22	3.743000
216.22	4.665000
216.565	4.665000
216.565	5.184000
216.91	5.184000
216.91	4.650000
217.255	4.650000
217.255	7.000000
217.581	7.000000
217.581	6.931000
217.907	6.931000
217.907	6.880000
218.233	6.880000
218.233	5.099000
218.568	5.099000
218.568	5.187000
218.903	5.187000
218.903	4.707000
219.238	4.707000
219.238	4.427000
219.592	4.427000
219.592	4.052000
219.946	4.052000
219.946	4.253000
220.3	4.253000
220.3	6.352000
220.598	6.352000
220.598	6.851000
220.896	6.851000
220.896	6.298000
221.194	6.298000
221.194	4.206000
221.54	4.206000
221.54	4.751000
221.885	4.751000
221.885	4.210000
222.231	4.210000
222.231	7.995000
222.542	7.995000
222.542	8.169000
222.853	8.169000
222.853	8.060000
223.164	8.060000
223.164	5.274000
223.513	5.274000
223.513	4.688000
223.862	4.688000
223.862	4.819000
224.211	4.819000
224.211	4.172000
224.561	4.172000
224.561	6.370000
224.911	6.370000
224.911	4.309000
225.261	4.309000
225.261	6.012000
225.566	6.012000
225.566	6.691000
225.871	6.691000
225.871	6.774000
226.176	6.774000
226.176	4.522000
226.511	4.522000
226.511	4.980000
226.846	4.980000
226.846	4.624000
227.181	4.624000
227.181	0.000000
227.181	0.000000
227.181	0.000000
227.181	0.000000
227.181	0.000000
227.181	0.000000
227.181	4.401000
227.534	4.401000
227.534	4.947000
227.887	4.947000
227.887	3.947000
228.24	3.947000
228.24	7.250000
228.518	7.250000
228.518	6.796000
228.796	6.796000
228.796	6.900000
229.074	6.900000
229.074	5.196000
229.422	5.196000
229.422	5.130000
229.77	5.130000
229.77	5.099000
230.118	5.099000
230.118	6.654000
230.433	6.654000
230.433	6.686000
230.748	6.686000
230.748	6.566000
231.063	6.566000
231.063	5.050000
231.411	5.050000
231.411	5.295000
231.759	5.295000
231.759	4.741000
232.107	4.741000
232.107	4.924000
232.452	4.924000
232.452	4.545000
232.797	4.545000
232.797	4.314000
233.142	4.314000
233.142	6.810000
233.442	6.810000
233.442	6.331000
233.742	6.331000
233.742	6.536000
234.042	6.536000
234.042	4.913000
234.382	4.913000
234.382	4.425000
234.722	4.425000
234.722	4.450000
235.062	4.450000
235.062	4.283000
235.408	4.283000
235.408	4.586000
235.754	4.586000
235.754	4.863000
236.1	4.863000
236.1	5.985000
236.42	5.985000
236.42	6.007000
236.74	6.007000
236.74	6.202000
237.06	6.202000
237.06	4.307000
237.404	4.307000
237.404	4.756000
237.746	4.756000
237.746	4.506000
238.09	4.506000
238.09	4.806000
238.434	4.806000
238.434	4.160000
238.778	4.160000
238.778	4.557000
239.121	4.557000
239.121	7.808000
239.387	7.808000
239.387	6.402000
239.653	6.402000
239.653	6.418000
239.919	6.418000
239.919	4.291000
240.275	4.291000
240.275	5.339000
240.631	5.339000
240.631	4.460000
240.987	4.460000
240.987	5.496000
241.319	5.496000
241.319	4.734000
241.651	4.734000
241.651	5.061000
241.983	5.061000
241.983	7.071000
242.288	7.071000
242.288	5.875000
242.593	5.875000
242.593	6.071000
242.898	6.071000
242.898	4.873000
243.239	4.873000
243.239	5.065000
243.578	5.065000
243.578	4.350000
243.919	4.350000
243.919	3.700000
244.272	3.700000
244.272	3.876000
244.625	3.876000
244.625	3.614000
244.978	3.614000
244.978	7.233000
245.291	7.233000
245.291	6.703000
245.604	6.703000
245.604	6.800000
245.917	6.800000
245.917	4.551000
246.258	4.551000
246.258	4.382000
246.599	4.382000
246.599	4.463000
246.94	4.463000
246.94	4.939000
247.285	4.939000
247.285	5.043000
247.63	5.043000
247.63	4.821000
247.975	4.821000
247.975	6.074000
248.298	6.074000
248.298	6.304000
248.621	6.304000
248.621	6.338000
248.944	6.338000
248.944	4.510000
249.287	4.510000
249.287	5.085000
249.63	5.085000
249.63	4.822000
249.973	4.822000
249.973	4.519000
250.325	4.519000
250.325	4.711000
250.677	4.711000
250.677	4.394000
251.029	4.394000
251.029	5.694000
251.299	5.694000
251.299	6.684000
251.569	6.684000
251.569	6.371000
251.839	6.371000
251.839	4.472000
252.181	4.472000
252.181	4.532000
252.523	4.532000
252.523	4.693000
252.865	4.693000
252.865	6.475000
253.175	6.475000
253.175	6.607000
253.485	6.607000
253.485	6.695000
253.795	6.695000
253.795	4.790000
254.143	4.790000
254.143	4.382000
254.492	4.382000
254.492	4.326000
254.84	4.326000
254.84	4.337000
255.192	4.337000
255.192	4.652000
255.544	4.652000
255.544	4.748000
255.896	4.748000
255.896	6.952000
256.18	6.952000
256.18	6.492000
256.464	6.492000
256.464	6.921000
256.748	6.921000
256.748	4.874000
257.097	4.874000
257.097	4.760000
257.446	4.760000
257.446	4.850000
257.795	4.850000
257.795	4.746000
258.143	4.746000
258.143	5.325000
258.491	5.325000
258.491	4.722000
258.839	4.722000
258.839	6.579000
259.156	6.579000
259.156	5.829000
259.473	5.829000
259.473	5.835000
259.79	5.835000
259.79	4.872000
260.134	4.872000
260.134	5.117000
260.478	5.117000
260.478	4.747000
260.822	4.747000
260.822	5.295000
261.169	5.295000
261.169	5.188000
261.516	5.188000
261.516	4.877000
261.863	4.877000
261.863	9.804000
262.184	9.804000
262.184	9.291000
262.505	9.291000
262.505	9.334000
262.826	9.334000
262.826	4.995000
263.156	4.995000
263.156	5.885000
263.486	5.885000
263.486	5.025000
263.816	5.025000
263.816	5.140000
264.074	5.140000
264.074	4.780000
264.332	4.780000
264.332	4.841000
264.59	4.841000
264.59	5.839000
264.892	5.839000
264.892	6.206000
265.194	6.206000
265.194	5.970000
265.496	5.970000
265.496	3.883000
265.848	3.883000
265.848	3.491000
266.2	3.491000
266.2	3.777000
266.552	3.777000
266.552	4.945000
266.9	4.945000
266.9	4.924000
267.248	4.924000
267.248	4.146000
267.596	4.146000
267.596	7.299000
267.933	7.299000
267.933	6.652000
268.27	6.652000
268.27	6.435000
268.607	6.435000
268.607	4.112000
268.954	4.112000
268.954	4.155000
269.301	4.155000
269.301	3.867000
269.648	3.867000
269.648	4.921000
269.992	4.921000
269.992	4.872000
270.336	4.872000
270.336	4.418000
270.68	4.418000
270.68	7.014000
270.959	7.014000
270.959	6.490000
271.238	6.490000
271.238	6.772000
271.517	6.772000
271.517	4.856000
271.861	4.856000
271.861	4.539000
272.205	4.539000
272.205	4.953000
272.549	4.953000
272.549	7.637000
272.9	7.637000
272.9	7.339000
273.25	7.339000
273.25	7.582000
273.601	7.582000
273.601	6.633000
273.879	6.633000
273.879	6.252000
274.157	6.252000
274.157	6.063000
274.435	6.063000
274.435	3.704000
274.782	3.704000
274.782	4.669000
275.129	4.669000
275.129	4.330000
275.476	4.330000
275.476	4.667000
275.825	4.667000
275.825	4.566000
276.174	4.566000
276.174	4.643000
276.523	4.643000
276.523	6.149000
276.823	6.149000
276.823	5.809000
277.123	5.809000
277.123	5.805000
277.423	5.805000
277.423	5.210000
277.772	5.210000
277.772	4.914000
278.12	4.914000
278.12	5.251000
278.467	5.251000
278.467	4.430000
278.811	4.430000
278.811	4.712000
279.154	4.712000
279.154	4.266000
279.498	4.266000
279.498	8.520000
279.778	8.520000
279.778	7.251000
280.058	7.251000
280.058	7.449000
280.338	7.449000
280.338	7.780000
280.688	7.780000
280.688	7.409000
281.037	7.409000
281.037	7.295000
281.387	7.295000
281.387	4.994000
281.729	4.994000
281.729	4.620000
282.071	4.620000
282.071	4.968000
282.413	4.968000
282.413	6.520000
282.719	6.520000
282.719	6.592000
283.025	6.592000
283.025	6.516000
283.331	6.516000
283.331	4.741000
283.675	4.741000
283.675	4.598000
284.019	4.598000
284.019	4.965000
284.361	4.965000
284.361	4.513000
284.672	4.513000
284.672	4.308000
284.983	4.308000
284.983	4.160000
285.294	4.160000
285.294	6.569000
285.604	6.569000
285.604	6.330000
285.914	6.330000
285.914	6.319000
286.224	6.319000
286.224	3.835000
286.576	3.835000
286.576	3.923000
286.928	3.923000
286.928	3.605000
287.28	3.605000
287.28	4.577000
287.583	4.577000
287.583	5.044000
287.886	5.044000
287.886	4.842000
288.189	4.842000
288.189	5.982000
288.489	5.982000
288.489	6.096000
288.789	6.096000
288.789	6.442000
289.089	6.442000
289.089	4.910000
289.434	4.910000
289.434	4.912000
289.779	4.912000
289.779	5.136000
290.124	5.136000
290.124	4.315000
290.476	4.315000
290.476	4.117000
290.828	4.117000
290.828	4.169000
291.18	4.169000
291.18	5.643000
291.459	5.643000
291.459	6.067000
291.738	6.067000
291.738	6.243000
292.017	6.243000
292.017	4.838000
292.366	4.838000
292.366	5.772000
292.714	5.772000
292.714	5.526000
293.063	5.526000
293.063	4.685000
293.403	4.685000
293.403	4.751000
293.742	4.751000
293.742	4.497000
294.082	4.497000
294.082	6.182000
294.387	6.182000
294.387	5.875000
294.692	5.875000
294.692	6.033000
294.997	6.033000
294.997	4.434000
295.347	4.434000
295.347	4.902000
295.697	4.902000
295.697	4.966000
296.046	4.966000
296.046	4.751000
296.389	4.751000
296.389	5.166000
296.732	5.166000
296.732	4.588000
297.075	4.588000
297.075	4.176000
297.419	4.176000
297.419	4.609000
297.763	4.609000
297.763	4.202000
298.107	4.202000
298.107	5.452000
298.406	5.452000
298.406	6.052000
298.705	6.052000
298.705	6.093000
299.004	6.093000
299.004	4.591000
299.344	4.591000
299.344	4.595000
299.684	4.595000
299.684	4.998000
300.023	4.998000
300.023	4.793000
300.329	4.793000
300.329	4.364000
300.635	4.364000
300.635	4.505000
300.941	4.505000
300.941	6.659000
301.241	6.659000
301.241	6.216000
301.541	6.216000
301.541	6.083000
301.841	6.083000
301.841	4.704000
302.187	4.704000
302.187	4.397000
302.533	4.397000
302.533	4.229000
302.879	4.229000
302.879	4.152000
303.189	4.152000
303.189	4.211000
303.499	4.211000
303.499	3.746000
303.809	3.746000
303.809	7.657000
304.065	7.657000
304.065	6.320000
304.321	6.320000
304.321	5.956000
304.577	5.956000
304.577	5.405000
304.923	5.405000
304.923	4.496000
305.269	4.496000
305.269	4.733000
305.615	4.733000
305.615	4.621000
305.968	4.621000
305.968	5.112000
306.321	5.112000
306.321	4.299000
306.674	4.299000
306.674	4.972000
306.956	4.972000
306.956	5.039000
307.238	5.039000
307.238	5.231000
307.52	5.231000
307.52	4.158000
307.862	4.158000
307.862	4.761000
308.204	4.761000
308.204	4.112000
308.546	4.112000
308.546	4.439000
308.896	4.439000
308.896	4.245000
309.246	4.245000
309.246	4.472000
309.596	4.472000
309.596	6.417000
309.917	6.417000
309.917	5.815000
310.238	5.815000
310.238	5.911000
310.559	5.911000
310.559	4.721000
310.908	4.721000
310.908	4.874000
311.256	4.874000
311.256	4.532000
311.605	4.532000
311.605	4.309000
311.958	4.309000
311.958	3.937000
312.311	3.937000
312.311	4.333000
312.664	4.333000
312.664	6.454000
312.988	6.454000
312.988	6.401000
313.312	6.401000
313.312	6.315000
313.636	6.315000
313.636	4.400000
313.974	4.400000
313.974	4.275000
314.312	4.275000
314.312	4.290000
314.65	4.290000
314.65	6.427000
314.929	6.427000
314.929	5.841000
315.208	5.841000
315.208	5.917000
315.487	5.917000
315.487	4.027000
315.839	4.027000
315.839	4.144000
316.191	4.144000
316.191	3.572000
316.543	3.572000
316.543	5.353000
316.888	5.353000
316.888	5.793000
317.233	5.793000
317.233	4.833000
317.578	4.833000
317.578	6.299000
317.845	6.299000
317.845	5.911000
318.113	5.911000
318.113	6.084000
318.381	6.084000
318.381	5.182000
318.727	5.182000
318.727	4.915000
319.074	4.915000
319.074	4.573000
319.421	4.573000
319.421	4.118000
319.772	4.118000
319.772	3.966000
320.123	3.966000
320.123	4.718000
320.474	4.718000
320.474	6.075000
320.733	6.075000
320.733	5.624000
320.992	5.624000
320.992	5.792000
321.251	5.792000
321.251	4.339000
321.599	4.339000
321.599	4.209000
321.947	4.209000
321.947	4.341000
322.295	4.341000
322.295	5.054000
322.644	5.054000
322.644	5.406000
322.993	5.406000
322.993	4.733000
323.342	4.733000
323.342	6.900000
323.658	6.900000
323.658	5.848000
323.975	5.848000
323.975	5.847000
324.292	5.847000
324.292	4.190000
324.643	4.190000
324.643	4.665000
324.994	4.665000
324.994	3.993000
325.345	3.993000
325.345	5.130000
325.693	5.130000
325.693	4.645000
326.041	4.645000
326.041	5.331000
326.389	5.331000
326.389	6.835000
326.682	6.835000
326.682	6.054000
326.975	6.054000
326.975	6.172000
327.268	6.172000
327.268	4.926000
327.618	4.926000
327.618	4.391000
327.968	4.391000
327.968	4.977000
328.318	4.977000
328.318	5.261000
328.669	5.261000
328.669	4.957000
329.02	4.957000
329.02	4.510000
329.371	4.510000
329.371	6.017000
329.635	6.017000
329.635	5.248000
329.899	5.248000
329.899	5.472000
330.163	5.472000
330.163	4.549000
330.503	4.549000
330.503	4.398000
330.843	4.398000
330.843	5.159000
331.183	5.159000
331.183	5.005000
331.525	5.005000
331.525	4.575000
331.867	4.575000
331.867	4.994000
332.209	4.994000
332.209	6.262000
332.521	6.262000
332.521	6.756000
332.833	6.756000
332.833	6.743000
333.145	6.743000
333.145	4.329000
333.491	4.329000
333.491	4.525000
333.837	4.525000
333.837	3.976000
334.183	3.976000
334.183	4.429000
334.525	4.429000
334.525	4.980000
334.867	4.980000
334.867	4.292000
335.209	4.292000
335.209	7.588000
335.505	7.588000
335.505	6.248000
335.802	6.248000
335.802	6.167000
336.099	6.167000
336.099	3.983000
336.451	3.983000
336.451	3.143000
336.803	3.143000
336.803	3.744000
337.155	3.744000
337.155	5.037000
337.508	5.037000
337.508	4.584000
337.861	4.584000
337.861	4.722000
338.214	4.722000
338.214	6.871000
338.48	6.871000
338.48	6.361000
338.746	6.361000
338.746	6.331000
339.012	6.331000
339.012	4.328000
339.355	4.328000
339.355	4.813000
339.698	4.813000
339.698	4.389000
340.041	4.389000
340.041	4.951000
340.392	4.951000
340.392	4.284000
340.743	4.284000
340.743	4.382000
341.094	4.382000
341.094	6.216000
341.4	6.216000
341.4	6.256000
341.705	6.256000
341.705	6.170000
342.011	6.170000
342.011	4.952000
342.364	4.952000
342.364	4.737000
342.717	4.737000
342.717	4.023000
343.07	4.023000
343.07	5.007000
343.421	5.007000
343.421	4.813000
343.771	4.813000
343.771	5.000000
344.122	5.000000
344.122	6.815000
344.437	6.815000
344.437	6.633000
344.752	6.633000
344.752	6.535000
345.067	6.535000
345.067	4.501000
345.417	4.501000
345.417	4.427000
345.767	4.427000
345.767	3.998000
346.117	3.998000
346.117	5.471000
346.452	5.471000
346.452	5.352000
346.787	5.352000
346.787	4.931000
347.122	4.931000
347.122	5.400000
347.398	5.400000
347.398	5.512000
347.674	5.512000
347.674	5.564000
347.95	5.564000
347.95	3.975000
348.302	3.975000
348.302	3.508000
348.654	3.508000
348.654	3.327000
349.006	3.327000
349.006	4.880000
349.356	4.880000
349.356	5.437000
349.707	5.437000
349.707	4.993000
350.058	4.993000
350.058	5.440000
350.343	5.440000
350.343	5.927000
350.628	5.927000
350.628	5.522000
350.913	5.522000
350.913	5.711000
351.259	5.711000
351.259	5.077000
351.605	5.077000
351.605	5.569000
351.951	5.569000
351.951	4.268000
352.302	4.268000
352.302	4.526000
352.653	4.526000
352.653	3.936000
353.004	3.936000
353.004	6.047000
353.333	6.047000
353.333	6.190000
353.662	6.190000
353.662	6.222000
353.991	6.222000
353.991	3.984000
354.342	3.984000
354.342	4.457000
354.693	4.457000
354.693	4.052000
355.044	4.052000
355.044	4.080000
355.388	4.080000
355.388	3.992000
355.732	3.992000
355.732	4.399000
356.075	4.399000
356.075	6.140000
356.36	6.140000
356.36	6.348000
356.645	6.348000
356.645	6.234000
356.93	6.234000
356.93	4.118000
357.283	4.118000
357.283	4.047000
357.636	4.047000
357.636	4.120000
357.989	4.120000
357.989	6.329000
358.249	6.329000
358.249	6.302000
358.509	6.302000
358.509	6.134000
358.769	6.134000
358.769	5.011000
359.112	5.011000
359.112	4.622000
359.454	4.622000
359.454	4.978000
359.796	4.978000
359.796	4.703000
360.145	4.703000
360.145	4.574000
360.493	4.574000
360.493	4.588000
360.84	4.588000
360.84	6.736000
361.154	6.736000
361.154	6.458000
361.468	6.458000
361.468	6.476000
361.782	6.476000
361.782	4.638000
362.132	4.638000
362.132	5.122000
362.482	5.122000
362.482	4.431000
362.832	4.431000
362.832	4.882000
363.184	4.882000
363.184	4.931000
363.536	4.931000
363.536	4.505000
363.888	4.505000
363.888	7.374000
364.144	7.374000
364.144	6.326000
364.4	6.326000
364.4	6.619000
364.656	6.619000
364.656	4.695000
365.003	4.695000
365.003	4.835000
365.35	4.835000
365.35	4.765000
365.697	4.765000
365.697	4.665000
366.045	4.665000
366.045	4.719000
366.392	4.719000
366.392	4.138000
366.74	4.138000
366.74	6.811000
367.033	6.811000
367.033	6.055000
367.326	6.055000
367.326	6.163000
367.619	6.163000
367.619	4.753000
367.966	4.753000
367.966	4.494000
368.313	4.494000
368.313	4.505000
368.66	4.505000
368.66	4.456000
369.009	4.456000
369.009	4.709000
369.358	4.709000
369.358	4.330000
369.707	4.330000
369.707	7.264000
370.047	7.264000
370.047	7.540000
370.387	7.540000
370.387	7.494000
370.727	7.494000
370.727	4.339000
371.076	4.339000
371.076	4.735000
371.425	4.735000
371.425	4.283000
371.774	4.283000
371.774	4.865000
372.046	4.865000
372.046	4.501000
372.318	4.501000
372.318	4.659000
372.59	4.659000
372.59	4.988000
372.94	4.988000
372.94	4.847000
373.29	4.847000
373.29	4.196000
373.64	4.196000
373.64	6.364000
373.965	6.364000
373.965	6.094000
374.29	6.094000
374.29	6.264000
374.615	6.264000
374.615	4.312000
374.963	4.312000
374.963	4.344000
375.311	4.344000
375.311	4.057000
375.659	4.057000
375.659	5.799000
375.978	5.799000
375.978	6.232000
376.297	6.232000
376.297	6.315000
376.616	6.315000
376.616	5.020000
376.96	5.020000
376.96	5.200000
377.304	5.200000
377.304	4.637000
377.648	4.637000
377.648	4.539000
377.992	4.539000
377.992	4.482000
378.334	4.482000
378.334	4.579000
378.676	4.579000
378.676	5.369000
378.963	5.369000
378.963	5.542000
379.25	5.542000
379.25	5.538000
379.537	5.538000
379.537	4.871000
379.882	4.871000
379.882	4.860000
380.227	4.860000
380.227	4.579000
380.572	4.579000
380.572	7.136000
380.882	7.136000
380.882	7.076000
381.192	7.076000
381.192	7.151000
381.502	7.151000
381.502	5.368000
381.852	5.368000
381.852	5.266000
382.202	5.266000
382.202	4.665000
382.552	4.665000
382.552	5.437000
382.903	5.437000
382.903	5.040000
383.254	5.040000
383.254	4.854000
383.605	4.854000
383.605	6.301000
383.89	6.301000
383.89	6.447000
384.175	6.447000
384.175	7.016000
384.46	7.016000
384.46	5.369000
384.81	5.369000
384.81	5.453000
385.16	5.453000
385.16	4.971000
385.51	4.971000
385.51	4.427000
385.86	4.427000
385.86	4.059000
386.21	4.059000
386.21	4.251000
386.56	4.251000
386.56	6.526000
386.843	6.526000
386.843	6.879000
387.126	6.879000
387.126	6.557000
387.409	6.557000
387.409	4.371000
387.75	4.371000
387.75	4.451000
388.092	4.451000
388.092	4.812000
388.434	4.812000
388.434	5.167000
388.736	5.167000
388.736	5.351000
389.038	5.351000
389.038	4.952000
389.34	4.952000
389.34	5.668000
389.681	5.668000
389.681	6.014000
390.022	6.014000
390.022	6.101000
390.363	6.101000
390.363	4.537000
390.706	4.537000
390.706	4.946000
391.048	4.946000
391.048	4.374000
391.391	4.374000
391.391	5.745000
391.7	5.745000
391.7	5.920000
392.009	5.920000
392.009	5.603000
392.318	5.603000
392.318	4.380000
392.666	4.380000
392.666	4.062000
393.014	4.062000
393.014	4.471000
393.362	4.471000
393.362	5.064000
393.697	5.064000
393.697	5.348000
394.032	5.348000
394.032	4.852000
394.367	4.852000
394.367	6.947000
394.641	6.947000
394.641	6.743000
394.915	6.743000
394.915	6.921000
395.189	6.921000
395.189	4.131000
395.5	4.131000
395.5	4.484000
395.81	4.484000
395.81	4.250000
396.121	4.250000
396.121	4.180000
396.474	4.180000
396.474	3.805000
396.827	3.805000
396.827	3.956000
397.179	3.956000
397.179	6.099000
397.454	6.099000
397.454	6.319000
397.729	6.319000
397.729	6.525000
398.004	6.525000
398.004	4.470000
398.356	4.470000
398.356	4.531000
398.707	4.531000
398.707	4.138000
399.059	4.138000
399.059	4.761000
399.409	4.761000
399.409	4.411000
399.759	4.411000
399.759	4.256000
400.109	4.256000
400.109	6.149000
400.398	6.149000
400.398	6.276000
400.687	6.276000
400.687	6.369000
400.976	6.369000
400.976	4.004000
401.324	4.004000
401.324	4.391000
401.672	4.391000
401.672	3.904000
402.02	3.904000
402.02	4.419000
402.359	4.419000
402.359	4.075000
402.698	4.075000
402.698	4.550000
403.037	4.550000
403.037	5.982000
403.351	5.982000
403.351	5.987000
403.665	5.987000
403.665	6.037000
403.979	6.037000
403.979	5.155000
404.329	5.155000
404.329	4.867000
404.679	4.867000
404.679	5.100000
405.029	5.100000
405.029	4.601000
405.379	4.601000
405.379	5.035000
405.729	5.035000
405.729	4.457000
406.079	4.457000
406.079	6.939000
406.397	6.939000
406.397	6.211000
406.715	6.211000
406.715	6.377000
407.033	6.377000
407.033	5.171000
407.385	5.171000
407.385	4.987000
407.737	4.987000
407.737	5.334000
408.089	5.334000
408.089	4.777000
408.432	4.777000
408.432	4.481000
408.775	4.481000
408.775	4.780000
409.117	4.780000
409.117	6.060000
409.411	6.060000
409.411	6.722000
409.705	6.722000
409.705	6.578000
409.999	6.578000
409.999	4.998000
410.353	4.998000
410.353	5.733000
410.707	5.733000
410.707	4.680000
411.061	4.680000
411.061	4.646000
411.413	4.646000
411.413	4.774000
411.765	4.774000
411.765	4.151000
412.117	4.151000
412.117	6.409000
412.397	6.409000
412.397	6.223000
412.677	6.223000
412.677	6.355000
412.957	6.355000
412.957	4.811000
413.305	4.811000
413.305	5.302000
413.653	5.302000
413.653	4.927000
414.001	4.927000
414.001	4.430000
414.353	4.430000
414.353	4.149000
414.705	4.149000
414.705	3.793000
415.057	3.793000
415.057	6.565000
415.352	6.565000
415.352	6.243000
415.647	6.243000
415.647	6.390000
415.942	6.390000
415.942	4.715000
416.291	4.715000
416.291	4.668000
416.639	4.668000
416.639	4.681000
416.987	4.681000
416.987	6.463000
417.278	6.463000
417.278	6.793000
417.569	6.793000
417.569	6.513000
417.86	6.513000
417.86	4.869000
418.208	4.869000
418.208	4.624000
418.555	4.624000
418.555	4.634000
418.902	4.634000
418.902	5.393000
419.252	5.393000
419.252	5.889000
419.601	5.889000
419.601	5.449000
419.951	5.449000
419.951	5.961000
420.225	5.961000
420.225	6.283000
420.499	6.283000
420.499	6.306000
420.773	6.306000
420.773	3.738000
421.122	3.738000
421.122	3.897000
421.47	3.897000
421.47	3.685000
421.819	3.685000
421.819	4.972000
422.168	4.972000
422.168	4.375000
422.517	4.375000
422.517	4.458000
422.866	4.458000
422.866	6.462000
423.117	6.462000
423.117	5.989000
423.368	5.989000
423.368	6.482000
423.619	6.482000
423.619	4.437000
423.967	4.437000
423.967	4.767000
424.315	4.767000
424.315	4.270000
424.663	4.270000
424.663	4.603000
425.005	4.603000
425.005	4.342000
425.348	4.342000
425.348	4.707000
425.691	4.707000
425.691	5.453000
425.963	5.453000
425.963	6.492000
426.235	6.492000
426.235	6.631000
426.507	6.631000
426.507	4.887000
426.847	4.887000
426.847	5.062000
427.187	5.062000
427.187	4.821000
427.527	4.821000
427.527	4.385000
427.881	4.385000
427.881	4.391000
428.235	4.391000
428.235	3.962000
428.589	3.962000
428.589	5.705000
428.911	5.705000
428.911	5.994000
429.233	5.994000
429.233	6.064000
429.555	6.064000
429.555	4.902000
429.894	4.902000
429.894	5.294000
430.232	5.294000
430.232	4.825000
430.571	4.825000
430.571	4.620000
430.913	4.620000
430.913	4.902000
431.254	4.902000
431.254	4.586000
431.596	4.586000
431.596	6.969000
431.908	6.969000
431.908	6.264000
432.22	6.264000
432.22	6.456000
432.532	6.456000
432.532	4.574000
432.875	4.574000
432.875	4.140000
433.218	4.140000
433.218	4.058000
433.561	4.058000
433.561	4.338000
433.906	4.338000
433.906	3.776000
434.251	3.776000
434.251	4.219000
434.596	4.219000
434.596	6.982000
434.864	6.982000
434.864	6.665000
435.132	6.665000
435.132	6.548000
435.4	6.548000
435.4	5.469000
435.746	5.469000
435.746	5.461000
436.091	5.461000
436.091	5.568000
436.436	5.568000
436.436	4.807000
436.785	4.807000
436.785	4.693000
437.134	4.693000
437.134	4.585000
437.483	4.585000
437.483	6.579000
437.752	6.579000
437.752	6.365000
438.021	6.365000
438.021	6.005000
438.29	6.005000
438.29	4.805000
438.637	4.805000
438.637	4.376000
438.983	4.376000
438.983	4.992000
439.33	4.992000
439.33	4.369000
439.682	4.369000
439.682	5.265000
440.032	5.265000
440.032	4.383000
440.384	4.383000
440.384	7.308000
440.68	7.308000
440.68	6.694000
440.976	6.694000
440.976	6.950000
441.271	6.950000
441.271	4.480000
441.615	4.480000
441.615	4.586000
441.959	4.586000
441.959	4.246000
442.303	4.246000
442.303	4.689000
442.654	4.689000
442.654	4.834000
443.005	4.834000
443.005	4.217000
443.356	4.217000
443.356	7.148000
443.604	7.148000
443.604	6.826000
443.852	6.826000
443.852	7.036000
444.1	7.036000
444.1	4.551000
444.446	4.551000
444.446	4.092000
444.792	4.092000
444.792	4.670000
445.138	4.670000
445.138	6.114000
445.447	6.114000
445.447	6.346000
445.756	6.346000
445.756	6.145000
446.065	6.145000
446.065	5.189000
446.414	5.189000
446.414	4.715000
446.763	4.715000
446.763	5.395000
447.112	5.395000
447.112	4.137000
447.464	4.137000
447.464	4.299000
447.816	4.299000
447.816	3.938000
448.168	3.938000
448.168	6.259000
448.474	6.259000
448.474	6.474000
448.78	6.474000
448.78	6.407000
449.086	6.407000
449.086	5.303000
449.433	5.303000
449.433	5.577000
449.78	5.577000
449.78	5.039000
450.127	5.039000
450.127	4.738000
450.473	4.738000
450.473	4.637000
450.82	4.637000
450.82	4.434000
451.167	4.434000
451.167	7.005000
451.478	7.005000
451.478	6.828000
451.789	6.828000
451.789	6.319000
452.1	6.319000
452.1	5.247000
452.439	5.247000
452.439	5.016000
452.778	5.016000
452.778	5.033000
453.117	5.033000
453.117	4.353000
453.454	4.353000
453.454	3.958000
453.791	3.958000
453.791	4.427000
454.128	4.427000
454.128	6.555000
454.442	6.555000
454.442	6.294000
454.756	6.294000
454.756	6.443000
455.07	6.443000
455.07	4.112000
455.419	4.112000
455.419	4.487000
455.767	4.487000
455.767	3.657000
456.116	3.657000
456.116	5.053000
456.458	5.053000
456.458	4.186000
456.8	4.186000
456.8	4.933000
457.142	4.933000
457.142	5.908000
457.417	5.908000
457.417	6.076000
457.692	6.076000
457.692	6.382000
457.967	6.382000
457.967	3.524000
458.32	3.524000
458.32	3.758000
458.673	3.758000
458.673	3.486000
459.026	3.486000
459.026	5.021000
459.371	5.021000
459.371	5.284000
459.716	5.284000
459.716	4.561000
460.061	4.561000
460.061	6.772000
460.32	6.772000
460.32	6.515000
460.579	6.515000
460.579	6.829000
460.838	6.829000
460.838	4.908000
461.17	4.908000
461.17	4.257000
461.502	4.257000
461.502	5.037000
461.834	5.037000
461.834	3.874000
462.186	3.874000
462.186	3.560000
462.538	3.560000
462.538	3.339000
462.89	3.339000
462.89	8.171000
463.208	8.171000
463.208	7.175000
463.526	7.175000
463.526	7.204000
463.844	7.204000
463.844	4.988000
464.188	4.988000
464.188	4.144000
464.532	4.144000
464.532	4.461000
464.876	4.461000
464.876	4.007000
465.227	4.007000
465.227	4.321000
465.578	4.321000
465.578	7.520000
465.889	7.520000
465.889	6.986000
466.2	6.986000
466.2	7.056000
466.511	7.056000
466.511	5.286000
466.855	5.286000
466.855	5.841000
467.199	5.841000
467.199	4.872000
467.544	4.872000
467.544	4.499000
467.894	4.499000
467.894	3.970000
468.246	3.970000
468.246	4.703000
468.597	4.703000
468.597	6.751000
468.908	6.751000
468.908	6.265000
469.219	6.265000
469.219	5.966000
469.53	5.966000
469.53	3.584000
469.883	3.584000
469.883	3.725000
470.236	3.725000
470.236	3.951000
470.589	3.951000
470.589	5.054000
470.934	5.054000
470.934	4.598000
471.279	4.598000
471.279	5.254000
471.624	5.254000
471.624	6.952000
471.948	6.952000
471.948	6.524000
472.272	6.524000
472.272	6.338000
472.596	6.338000
472.596	4.694000
472.939	4.694000
472.939	4.482000
473.282	4.482000
473.282	4.557000
473.623	4.557000
473.623	4.365000
473.976	4.365000
473.976	4.041000
474.329	4.041000
474.329	3.788000
474.682	3.788000
474.682	7.454000
474.978	7.454000
474.978	6.715000
475.274	6.715000
475.274	6.680000
475.57	6.680000
475.57	4.079000
475.905	4.079000
475.905	3.930000
476.24	3.930000
476.24	4.002000
476.575	4.002000
476.575	5.019000
476.906	5.019000
476.906	5.374000
477.236	5.374000
477.236	4.640000
477.567	4.640000
477.567	6.866000
477.857	6.866000
477.857	6.478000
478.147	6.478000
478.147	6.506000
478.437	6.506000
478.437	4.445000
478.785	4.445000
478.785	5.097000
479.131	5.097000
479.131	4.594000
479.479	4.594000
479.479	4.758000
479.831	4.758000
479.831	4.649000
480.184	4.649000
480.184	4.148000
480.537	4.148000
480.537	6.984000
480.857	6.984000
480.857	6.213000
481.177	6.213000
481.177	6.139000
481.497	6.139000
481.497	5.072000
481.842	5.072000
481.842	4.866000
482.187	4.866000
482.187	4.901000
482.53	4.901000
482.53	4.511000
482.874	4.511000
482.874	4.525000
483.218	4.525000
483.218	6.045000
483.506	6.045000
483.506	6.025000
483.794	6.025000
483.794	6.119000
484.082	6.119000
484.082	4.871000
484.435	4.871000
484.435	5.584000
484.787	5.584000
484.787	4.822000
485.14	4.822000
485.14	4.259000
485.489	4.259000
485.489	4.012000
485.838	4.012000
485.838	4.114000
486.187	4.114000
486.187	6.555000
486.471	6.555000
486.471	6.205000
486.755	6.205000
486.755	6.067000
487.039	6.067000
487.039	4.803000
487.385	4.803000
487.385	5.197000
487.732	5.197000
487.732	4.449000
488.078	4.449000
488.078	4.977000
488.43	4.977000
488.43	5.165000
488.781	5.165000
488.781	4.903000
489.133	4.903000
489.133	6.405000
489.45	6.405000
489.45	6.358000
489.767	6.358000
489.767	6.145000
490.084	6.145000
490.084	4.637000
490.431	4.637000
490.431	4.769000
490.777	4.769000
490.777	4.058000
491.124	4.058000
491.124	4.489000
491.476	4.489000
491.476	4.728000
491.826	4.728000
491.826	4.186000
492.178	4.186000
492.178	5.528000
492.444	5.528000
492.444	6.875000
492.71	6.875000
492.71	6.714000
492.976	6.714000
492.976	4.362000
493.318	4.362000
493.318	4.959000
493.66	4.959000
493.66	4.166000
494.002	4.166000
494.002	4.521000
494.354	4.521000
494.354	4.404000
494.706	4.404000
494.706	4.106000
495.058	4.106000
495.058	6.613000
495.376	6.613000
495.376	6.650000
495.694	6.650000
495.694	6.831000
496.012	6.831000
496.012	4.441000
496.353	4.441000
496.353	3.854000
496.694	3.854000
496.694	3.902000
497.035	3.902000
497.035	4.718000
497.387	4.718000
497.387	4.132000
497.739	4.132000
497.739	4.662000
498.091	4.662000
498.091	5.926000
498.433	5.926000
498.433	5.726000
498.775	5.726000
498.775	5.735000
499.117	5.735000
499.117	4.831000
499.468	4.831000
499.468	4.941000
499.819	4.941000
499.819	4.458000
500.17	4.458000
500.17	4.348000
500.515	4.348000
500.515	5.792000
500.86	5.792000
500.86	4.579000
501.205	4.579000
501.205	7.618000
501.507	7.618000
501.507	6.848000
501.81	6.848000
501.81	7.161000
502.113	7.161000
502.113	4.885000
502.462	4.885000
502.462	4.743000
502.811	4.743000
502.811	4.290000
503.16	4.290000
503.16	4.273000
503.507	4.273000
503.507	4.485000
503.854	4.485000
503.854	3.974000
504.201	3.974000
