0.0	8.048000
0.318	8.048000
0.318	8.230000
0.636	8.230000
0.636	7.943000
0.954	7.943000
0.954	7.380000
1.307	7.380000
1.307	7.018000
1.66	7.018000
1.66	7.141000
2.013	7.141000
2.013	6.163000
2.33	6.163000
2.33	6.688000
2.647	6.688000
2.647	5.969000
2.963	5.969000
2.963	8.330000
3.316	8.330000
3.316	8.514000
3.669	8.514000
3.669	8.536000
4.022	8.536000
4.022	8.383000
4.339	8.383000
4.339	8.297000
4.655	8.297000
4.655	8.434000
4.972	8.434000
4.972	8.981000
5.29	8.981000
5.29	8.716000
5.608	8.716000
5.608	9.150000
5.926	9.150000
5.926	8.670000
6.279	8.670000
6.279	8.812000
6.632	8.812000
6.632	8.874000
6.985	8.874000
6.985	9.418000
7.302	9.418000
7.302	9.705000
7.619	9.705000
7.619	9.452000
7.936	9.452000
7.936	7.644000
8.253	7.644000
8.253	7.790000
8.57	7.790000
8.57	7.484000
8.887	7.484000
8.887	8.812000
9.24	8.812000
9.24	8.732000
9.593	8.732000
9.593	8.745000
9.946	8.745000
9.946	8.564000
10.264	8.564000
10.264	8.509000
10.582	8.509000
10.582	8.744000
10.899	8.744000
10.899	7.403000
11.216	7.403000
11.216	7.364000
11.533	7.364000
11.533	7.565000
11.85	7.565000
11.85	8.943000
12.203	8.943000
12.203	9.116000
12.556	9.116000
12.556	9.129000
12.909	9.129000
12.909	7.458000
13.261	7.458000
13.261	7.605000
13.613	7.605000
13.613	7.458000
13.965	7.458000
13.965	7.536000
14.318	7.536000
14.318	7.883000
14.671	7.883000
14.671	7.600000
15.024	7.600000
15.024	6.397000
15.341	6.397000
15.341	6.627000
15.658	6.627000
15.658	6.658000
15.975	6.658000
15.975	8.233000
16.328	8.233000
16.328	8.186000
16.681	8.186000
16.681	8.136000
17.034	8.136000
17.034	7.389000
17.351	7.389000
17.351	6.985000
17.668	6.985000
17.668	7.331000
17.985	7.331000
17.985	7.094000
18.302	7.094000
18.302	7.056000
18.619	7.056000
18.619	7.140000
18.936	7.140000
18.936	8.635000
19.289	8.635000
19.289	8.438000
19.642	8.438000
19.642	8.385000
19.995	8.385000
19.995	7.551000
20.348	7.551000
20.348	7.613000
20.701	7.613000
20.701	7.416000
21.054	7.416000
21.054	7.377000
21.371	7.377000
21.371	6.781000
21.688	6.781000
21.688	7.392000
22.005	7.392000
22.005	8.066000
22.357	8.066000
22.357	7.985000
22.709	7.985000
22.709	7.990000
23.061	7.990000
23.061	8.235000
23.378	8.235000
23.378	8.271000
23.695	8.271000
23.695	7.995000
24.012	7.995000
24.012	8.854000
24.329	8.854000
24.329	8.769000
24.646	8.769000
24.646	8.584000
24.963	8.584000
24.963	7.877000
25.315	7.877000
25.315	7.699000
25.668	7.699000
25.668	7.730000
26.021	7.730000
26.021	7.537000
26.374	7.537000
26.374	7.673000
26.726	7.673000
26.726	7.720000
27.079	7.720000
27.079	8.136000
27.396	8.136000
27.396	8.214000
27.713	8.214000
27.713	7.980000
28.03	7.980000
28.03	8.024000
28.382	8.024000
28.382	8.042000
28.735	8.042000
28.735	8.037000
29.088	8.037000
29.088	6.688000
29.405	6.688000
29.405	6.852000
29.722	6.852000
29.722	6.442000
30.039	6.442000
30.039	7.963000
30.357	7.963000
30.357	7.823000
30.675	7.823000
30.675	7.678000
30.993	7.678000
30.993	8.431000
31.346	8.431000
31.346	8.392000
31.699	8.392000
31.699	8.530000
32.052	8.530000
32.052	6.811000
32.369	6.811000
32.369	6.868000
32.686	6.868000
32.686	6.780000
33.003	6.780000
33.003	8.801000
33.32	8.801000
33.32	8.635000
33.637	8.635000
33.637	8.282000
33.954	8.282000
33.954	8.191000
34.307	8.191000
34.307	8.283000
34.66	8.283000
34.66	8.235000
35.013	8.235000
35.013	6.566000
35.365	6.566000
35.365	6.338000
35.717	6.338000
35.717	6.247000
36.069	6.247000
36.069	6.770000
36.386	6.770000
36.386	7.291000
36.702	7.291000
36.702	6.801000
37.018	6.801000
37.018	8.572000
37.371	8.572000
37.371	8.588000
37.724	8.588000
37.724	8.607000
38.077	8.607000
38.077	7.537000
38.394	7.537000
38.394	7.660000
38.711	7.660000
38.711	7.554000
39.028	7.554000
39.028	8.492000
39.345	8.492000
39.345	8.350000
39.662	8.350000
39.662	8.695000
39.979	8.695000
39.979	8.662000
40.331	8.662000
40.331	8.797000
40.683	8.797000
40.683	8.721000
41.035	8.721000
41.035	8.588000
41.387	8.588000
41.387	8.703000
41.738	8.703000
41.738	8.360000
42.09	8.360000
42.09	7.572000
42.407	7.572000
42.407	7.412000
42.724	7.412000
42.724	7.478000
43.041	7.478000
43.041	8.928000
43.394	8.928000
43.394	8.979000
43.747	8.979000
43.747	9.085000
44.1	9.085000
44.1	7.508000
44.452	7.508000
44.452	8.139000
44.804	8.139000
44.804	7.628000
45.156	7.628000
45.156	7.104000
45.473	7.104000
45.473	7.172000
45.79	7.172000
45.79	7.044000
46.107	7.044000
46.107	7.773000
46.459	7.773000
46.459	7.706000
46.811	7.706000
46.811	7.698000
47.163	7.698000
47.163	8.621000
47.48	8.621000
47.48	8.394000
47.797	8.394000
47.797	8.458000
48.113	8.458000
48.113	5.999000
48.45	5.999000
48.45	6.133000
48.787	6.133000
48.787	5.987000
49.124	5.987000
49.124	8.856000
49.477	8.856000
49.477	8.807000
49.83	8.807000
49.83	8.770000
50.183	8.770000
50.183	8.080000
50.535	8.080000
50.535	8.227000
50.887	8.227000
50.887	7.904000
51.239	7.904000
51.239	8.568000
51.515	8.568000
51.515	8.396000
51.791	8.396000
51.791	8.587000
52.066	8.587000
52.066	8.212000
52.418	8.212000
52.418	8.196000
52.77	8.196000
52.77	8.107000
53.122	8.107000
53.122	7.088000
53.439	7.088000
53.439	7.214000
53.756	7.214000
53.756	7.090000
54.073	7.090000
54.073	7.585000
54.425	7.585000
54.425	8.051000
54.777	8.051000
54.777	7.610000
55.129	7.610000
55.129	8.464000
55.482	8.464000
55.482	8.233000
55.835	8.233000
55.835	8.268000
56.188	8.268000
56.188	7.240000
56.505	7.240000
56.505	7.410000
56.822	7.410000
56.822	7.296000
57.139	7.296000
57.139	7.039000
57.439	7.039000
57.439	7.165000
57.739	7.165000
57.739	7.160000
58.039	7.160000
58.039	7.636000
58.391	7.636000
58.391	7.657000
58.743	7.657000
58.743	7.647000
59.095	7.647000
59.095	8.554000
59.447	8.554000
59.447	8.698000
59.798	8.698000
59.798	8.575000
60.15	8.575000
60.15	7.973000
60.502	7.973000
60.502	8.261000
60.854	8.261000
60.854	8.036000
61.206	8.036000
61.206	9.162000
61.559	9.162000
61.559	9.171000
61.912	9.171000
61.912	9.108000
62.265	9.108000
62.265	7.220000
62.617	7.220000
62.617	7.481000
62.969	7.481000
62.969	7.275000
63.321	7.275000
63.321	7.212000
63.638	7.212000
63.638	7.185000
63.955	7.185000
63.955	7.248000
64.272	7.248000
64.272	7.928000
64.625	7.928000
64.625	8.080000
64.978	8.080000
64.978	7.994000
65.331	7.994000
65.331	8.193000
65.649	8.193000
65.649	8.243000
65.967	8.243000
65.967	8.034000
66.285	8.034000
66.285	6.080000
66.638	6.080000
66.638	6.146000
66.991	6.146000
66.991	5.971000
67.344	5.971000
67.344	8.010000
67.696	8.010000
67.696	7.875000
68.048	7.875000
68.048	7.863000
68.4	7.863000
68.4	8.007000
68.718	8.007000
68.718	8.171000
69.036	8.171000
69.036	8.176000
69.354	8.176000
69.354	8.203000
69.672	8.203000
69.672	8.221000
69.99	8.221000
69.99	8.156000
70.308	8.156000
70.308	8.856000
70.661	8.856000
70.661	8.493000
71.014	8.493000
71.014	8.508000
71.367	8.508000
71.367	7.088000
71.684	7.088000
71.684	7.059000
72.001	7.059000
72.001	7.101000
72.318	7.101000
72.318	8.202000
72.635	8.202000
72.635	8.438000
72.952	8.438000
72.952	8.429000
73.269	8.429000
73.269	8.627000
73.621	8.627000
73.621	8.518000
73.974	8.518000
73.974	8.595000
74.327	8.595000
74.327	7.291000
74.645	7.291000
74.645	7.138000
74.963	7.138000
74.963	7.329000
75.281	7.329000
75.281	7.427000
75.598	7.427000
75.598	7.629000
75.915	7.629000
75.915	7.471000
76.232	7.471000
76.232	8.353000
76.585	8.353000
76.585	8.240000
76.938	8.240000
76.938	8.136000
77.291	8.136000
77.291	7.334000
77.608	7.334000
77.608	7.319000
77.925	7.319000
77.925	7.235000
78.242	7.235000
78.242	6.414000
78.594	6.414000
78.594	6.793000
78.946	6.793000
78.946	6.683000
79.298	6.683000
79.298	7.695000
79.651	7.695000
79.651	7.503000
80.004	7.503000
80.004	7.702000
80.357	7.702000
80.357	8.202000
80.674	8.202000
80.674	8.370000
80.991	8.370000
80.991	8.064000
81.308	8.064000
81.308	7.271000
81.625	7.271000
81.625	7.824000
81.942	7.824000
81.942	7.278000
82.258	7.278000
82.258	8.383000
82.61	8.383000
82.61	8.824000
82.962	8.824000
82.962	8.369000
83.314	8.369000
83.314	9.108000
83.665	9.108000
83.665	9.095000
84.016	9.095000
84.016	9.067000
84.367	9.067000
84.367	7.280000
84.684	7.280000
84.684	7.021000
85.001	7.021000
85.001	7.356000
85.317	7.356000
85.317	6.435000
85.634	6.435000
85.634	6.451000
85.951	6.451000
85.951	6.612000
86.268	6.612000
86.268	8.879000
86.621	8.879000
86.621	8.902000
86.974	8.902000
86.974	8.861000
87.327	8.861000
87.327	6.953000
87.645	6.953000
87.645	6.842000
87.963	6.842000
87.963	6.900000
88.279	6.900000
88.279	8.097000
88.596	8.097000
88.596	8.556000
88.913	8.556000
88.913	8.250000
89.23	8.250000
89.23	9.033000
89.582	9.033000
89.582	9.172000
89.935	9.172000
89.935	9.239000
90.288	9.239000
90.288	7.440000
90.605	7.440000
90.605	8.069000
90.922	8.069000
90.922	7.826000
91.239	7.826000
91.239	7.265000
91.591	7.265000
91.591	7.259000
91.942	7.259000
91.942	7.059000
92.294	7.059000
92.294	7.843000
92.647	7.843000
92.647	7.953000
93.0	7.953000
93.0	7.938000
93.353	7.938000
93.353	8.092000
93.67	8.092000
93.67	8.171000
93.986	8.171000
93.986	7.944000
94.303	7.944000
94.303	7.422000
94.655	7.422000
94.655	7.641000
95.007	7.641000
95.007	7.357000
95.359	7.357000
95.359	7.757000
95.711	7.757000
95.711	7.900000
96.063	7.900000
96.063	7.868000
96.415	7.868000
96.415	7.866000
96.767	7.866000
96.767	7.945000
97.118	7.945000
97.118	7.677000
97.47	7.677000
97.47	7.015000
97.822	7.015000
97.822	6.826000
98.174	6.826000
98.174	6.906000
98.526	6.906000
98.526	9.070000
98.877	9.070000
98.877	8.876000
99.229	8.876000
99.229	8.875000
99.581	8.875000
99.581	8.364000
99.933	8.364000
99.933	8.143000
100.285	8.143000
100.285	8.492000
100.637	8.492000
100.637	7.980000
100.954	7.980000
100.954	8.492000
101.271	8.492000
101.271	7.986000
101.588	7.986000
101.588	8.791000
101.941	8.791000
101.941	8.493000
102.294	8.493000
102.294	8.428000
102.647	8.428000
102.647	7.729000
102.964	7.729000
102.964	7.838000
103.281	7.838000
103.281	7.523000
103.598	7.523000
103.598	7.833000
103.95	7.833000
103.95	7.749000
104.302	7.749000
104.302	7.699000
104.654	7.699000
104.654	6.600000
104.971	6.600000
104.971	6.881000
105.288	6.881000
105.288	6.884000
105.605	6.884000
105.605	9.430000
105.957	9.430000
105.957	9.251000
106.309	9.251000
106.309	9.239000
106.661	9.239000
106.661	8.116000
107.013	8.116000
107.013	8.267000
107.365	8.267000
107.365	8.083000
107.717	8.083000
107.717	7.514000
108.034	7.514000
108.034	7.604000
108.351	7.604000
108.351	7.670000
108.668	7.670000
108.668	8.700000
109.02	8.700000
109.02	8.793000
109.372	8.793000
109.372	8.775000
109.724	8.775000
109.724	7.564000
110.076	7.564000
110.076	7.680000
110.428	7.680000
110.428	7.646000
110.78	7.646000
110.78	8.223000
111.098	8.223000
111.098	8.325000
111.416	8.325000
111.416	8.092000
111.734	8.092000
111.734	8.737000
112.085	8.737000
112.085	8.711000
112.437	8.711000
112.437	8.738000
112.789	8.738000
112.789	9.378000
113.141	9.378000
113.141	9.672000
113.493	9.672000
113.493	9.260000
113.845	9.260000
113.845	7.320000
114.197	7.320000
114.197	7.435000
114.548	7.435000
114.548	7.170000
114.9	7.170000
114.9	8.115000
115.253	8.115000
115.253	8.053000
115.606	8.053000
115.606	8.081000
115.959	8.081000
115.959	6.008000
116.276	6.008000
116.276	5.764000
116.593	5.764000
116.593	6.017000
116.91	6.017000
116.91	7.902000
117.263	7.902000
117.263	7.796000
117.616	7.796000
117.616	7.645000
117.969	7.645000
117.969	9.674000
118.322	9.674000
118.322	9.796000
118.675	9.796000
118.675	9.870000
119.028	9.870000
119.028	7.862000
119.38	7.862000
119.38	8.007000
119.731	8.007000
119.731	7.773000
120.083	7.773000
120.083	9.114000
120.436	9.114000
120.436	9.377000
120.789	9.377000
120.789	9.416000
121.142	9.416000
121.142	7.831000
121.459	7.831000
121.459	7.938000
121.776	7.938000
121.776	7.523000
122.093	7.523000
122.093	8.266000
122.446	8.266000
122.446	8.423000
122.799	8.423000
122.799	8.266000
123.152	8.266000
123.152	8.774000
123.505	8.774000
123.505	8.721000
123.858	8.721000
123.858	8.700000
124.211	8.700000
124.211	7.729000
124.563	7.729000
124.563	7.998000
124.915	7.998000
124.915	7.735000
125.267	7.735000
125.267	7.172000
125.619	7.172000
125.619	7.471000
125.971	7.471000
125.971	7.204000
126.323	7.204000
126.323	8.648000
126.676	8.648000
126.676	8.352000
127.029	8.352000
127.029	8.486000
127.382	8.486000
127.382	7.764000
127.699	7.764000
127.699	8.308000
128.016	8.308000
128.016	7.931000
128.333	7.931000
128.333	5.650000
128.621	5.650000
128.621	5.864000
128.909	5.864000
128.909	5.961000
129.197	5.961000
129.197	9.288000
129.55	9.288000
129.55	9.584000
129.903	9.584000
129.903	9.659000
130.256	9.659000
130.256	6.360000
130.573	6.360000
130.573	6.455000
130.89	6.455000
130.89	6.449000
131.207	6.449000
131.207	7.065000
131.524	7.065000
131.524	6.841000
131.84	6.841000
131.84	6.887000
132.157	6.887000
132.157	8.495000
132.509	8.495000
132.509	8.550000
132.862	8.550000
132.862	8.586000
133.215	8.586000
133.215	7.932000
133.533	7.932000
133.533	7.900000
133.851	7.900000
133.851	7.809000
134.169	7.809000
134.169	8.706000
134.522	8.706000
134.522	8.618000
134.875	8.618000
134.875	8.567000
135.228	8.567000
135.228	7.858000
135.545	7.858000
135.545	7.872000
135.862	7.872000
135.862	7.887000
136.179	7.887000
136.179	8.177000
136.531	8.177000
136.531	8.542000
136.883	8.542000
136.883	8.379000
137.235	8.379000
137.235	8.697000
137.588	8.697000
137.588	8.496000
137.941	8.496000
137.941	8.296000
138.294	8.296000
138.294	7.685000
138.611	7.685000
138.611	7.858000
138.928	7.858000
138.928	7.898000
139.245	7.898000
139.245	8.616000
139.598	8.616000
139.598	8.804000
139.951	8.804000
139.951	8.857000
140.304	8.857000
140.304	6.934000
140.657	6.934000
140.657	6.860000
141.009	6.860000
141.009	6.602000
141.362	6.602000
141.362	7.369000
141.679	7.369000
141.679	7.589000
141.996	7.589000
141.996	7.771000
142.313	7.771000
142.313	7.678000
142.666	7.678000
142.666	7.828000
143.019	7.828000
143.019	7.776000
143.372	7.776000
143.372	7.880000
143.689	7.880000
143.689	8.556000
144.005	8.556000
144.005	8.075000
144.322	8.075000
144.322	7.385000
144.639	7.385000
144.639	7.366000
144.956	7.366000
144.956	7.434000
145.273	7.434000
145.273	8.193000
145.626	8.193000
145.626	8.383000
145.979	8.383000
145.979	8.385000
146.332	8.385000
146.332	8.796000
146.649	8.796000
146.649	8.696000
146.966	8.696000
146.966	8.442000
147.283	8.442000
147.283	8.574000
147.6	8.574000
147.6	8.687000
147.916	8.687000
147.916	8.632000
148.233	8.632000
148.233	8.312000
148.586	8.312000
148.586	8.307000
148.939	8.307000
148.939	8.312000
149.292	8.312000
149.292	7.635000
149.644	7.635000
149.644	8.050000
149.996	8.050000
149.996	7.779000
150.348	7.779000
150.348	7.396000
150.7	7.396000
150.7	7.197000
151.051	7.197000
151.051	7.316000
151.403	7.316000
151.403	8.018000
151.721	8.018000
151.721	7.947000
152.039	7.947000
152.039	8.065000
152.357	8.065000
152.357	7.692000
152.709	7.692000
152.709	7.413000
153.061	7.413000
153.061	7.313000
153.413	7.313000
153.413	6.956000
153.73	6.956000
153.73	7.080000
154.047	7.080000
154.047	6.769000
154.364	6.769000
154.364	7.836000
154.717	7.836000
154.717	7.903000
155.07	7.903000
155.07	7.886000
155.423	7.886000
155.423	7.401000
155.74	7.401000
155.74	7.512000
156.057	7.512000
156.057	7.247000
156.374	7.247000
156.374	8.980000
156.727	8.980000
156.727	9.188000
157.08	9.188000
157.08	9.131000
157.433	9.131000
157.433	7.354000
157.75	7.354000
157.75	7.326000
158.067	7.326000
158.067	7.411000
158.383	7.411000
158.383	6.777000
158.735	6.777000
158.735	6.877000
159.087	6.877000
159.087	6.750000
159.439	6.750000
159.439	8.554000
159.791	8.554000
159.791	9.139000
160.144	9.139000
160.144	9.038000
160.497	9.038000
160.497	7.942000
160.849	7.942000
160.849	7.455000
161.199	7.455000
161.199	7.322000
161.551	7.322000
161.551	6.914000
161.903	6.914000
161.903	6.850000
162.254	6.850000
162.254	6.886000
162.606	6.886000
162.606	8.727000
162.958	8.727000
162.958	8.816000
163.31	8.816000
163.31	8.846000
163.662	8.846000
163.662	8.135000
164.014	8.135000
164.014	7.849000
164.366	7.849000
164.366	8.043000
164.718	8.043000
164.718	6.753000
165.07	6.753000
165.07	6.838000
165.421	6.838000
165.421	7.066000
165.773	7.066000
165.773	7.720000
166.126	7.720000
166.126	7.968000
166.479	7.968000
166.479	7.840000
166.832	7.840000
166.832	8.637000
167.184	8.637000
167.184	8.758000
167.536	8.758000
167.536	8.529000
167.888	8.529000
167.888	6.646000
168.199	6.646000
168.199	7.029000
168.51	7.029000
168.51	6.672000
168.821	6.672000
168.821	8.108000
169.174	8.108000
169.174	7.885000
169.527	7.885000
169.527	7.944000
169.88	7.944000
169.88	7.475000
170.233	7.475000
170.233	7.586000
170.586	7.586000
170.586	7.479000
170.939	7.479000
170.939	7.774000
171.216	7.774000
171.216	7.651000
171.493	7.651000
171.493	7.766000
171.77	7.766000
171.77	7.200000
172.123	7.200000
172.123	7.519000
172.475	7.519000
172.475	7.475000
172.828	7.475000
172.828	7.810000
173.181	7.810000
173.181	8.004000
173.534	8.004000
173.534	7.910000
173.887	7.910000
173.887	7.094000
174.204	7.094000
174.204	7.299000
174.521	7.299000
174.521	7.387000
174.838	7.387000
174.838	8.512000
175.15	8.512000
175.15	8.794000
175.462	8.794000
175.462	8.657000
175.774	8.657000
175.774	7.301000
176.126	7.301000
176.126	7.099000
176.478	7.099000
176.478	7.006000
176.83	7.006000
176.83	7.852000
177.147	7.852000
177.147	8.139000
177.464	8.139000
177.464	7.850000
177.78	7.850000
177.78	9.820000
178.133	9.820000
178.133	9.453000
178.486	9.453000
178.486	9.407000
178.839	9.407000
178.839	8.634000
179.157	8.634000
179.157	8.801000
179.475	8.801000
179.475	8.527000
179.793	8.527000
179.793	8.558000
180.146	8.558000
180.146	8.391000
180.499	8.391000
180.499	8.441000
180.852	8.441000
180.852	6.912000
181.203	6.912000
181.203	7.143000
181.554	7.143000
181.554	7.223000
181.905	7.223000
181.905	7.884000
182.222	7.884000
182.222	7.897000
182.539	7.897000
182.539	7.797000
182.856	7.797000
182.856	9.070000
183.209	9.070000
183.209	8.993000
183.562	8.993000
183.562	9.013000
183.915	9.013000
183.915	7.824000
184.233	7.824000
184.233	7.963000
184.551	7.963000
184.551	7.932000
184.868	7.932000
184.868	6.809000
185.186	6.809000
185.186	7.125000
185.504	7.125000
185.504	6.991000
185.821	6.991000
185.821	8.351000
186.173	8.351000
186.173	8.402000
186.526	8.402000
186.526	8.458000
186.879	8.458000
186.879	7.357000
187.231	7.357000
187.231	7.285000
187.583	7.285000
187.583	7.544000
187.935	7.544000
187.935	8.783000
188.288	8.783000
188.288	8.642000
188.641	8.642000
188.641	8.511000
188.994	8.511000
188.994	8.432000
189.312	8.432000
189.312	8.919000
189.63	8.919000
189.63	8.330000
189.948	8.330000
189.948	6.896000
190.3	6.896000
190.3	7.096000
190.652	7.096000
190.652	7.153000
191.003	7.153000
191.003	8.462000
191.356	8.462000
191.356	8.471000
191.709	8.471000
191.709	8.460000
192.062	8.460000
192.062	6.751000
192.414	6.751000
192.414	6.480000
192.766	6.480000
192.766	6.710000
193.118	6.710000
193.118	6.976000
193.47	6.976000
193.47	7.246000
193.822	7.246000
193.822	6.852000
194.174	6.852000
194.174	8.920000
194.527	8.920000
194.527	8.900000
194.88	8.900000
194.88	8.925000
195.233	8.925000
195.233	6.887000
195.55	6.887000
195.55	6.997000
195.867	6.997000
195.867	6.939000
196.184	6.939000
196.184	7.504000
196.501	7.504000
196.501	7.738000
196.818	7.738000
196.818	7.373000
197.135	7.373000
197.135	8.490000
197.488	8.490000
197.488	8.389000
197.841	8.389000
197.841	8.369000
198.194	8.369000
198.194	7.432000
198.511	7.432000
198.511	7.445000
198.828	7.445000
198.828	7.515000
199.145	7.515000
199.145	7.209000
199.462	7.209000
199.462	7.174000
199.779	7.174000
199.779	6.822000
200.096	6.822000
200.096	8.228000
200.448	8.228000
200.448	8.412000
200.801	8.412000
200.801	8.630000
201.154	8.630000
201.154	6.932000
201.507	6.932000
201.507	7.053000
201.86	7.053000
201.86	6.979000
202.213	6.979000
202.213	6.819000
202.531	6.819000
202.531	7.075000
202.849	7.075000
202.849	6.887000
203.167	6.887000
203.167	9.778000
203.52	9.778000
203.52	9.703000
203.873	9.703000
203.873	9.607000
204.226	9.607000
204.226	6.670000
204.543	6.670000
204.543	7.415000
204.86	7.415000
204.86	6.991000
205.177	6.991000
205.177	7.504000
205.494	7.504000
205.494	7.341000
205.811	7.341000
205.811	7.583000
206.128	7.583000
206.128	9.359000
206.481	9.359000
206.481	9.481000
206.834	9.481000
206.834	9.488000
207.187	9.488000
207.187	8.070000
207.504	8.070000
207.504	8.286000
207.821	8.286000
207.821	7.935000
208.138	7.935000
208.138	7.697000
208.455	7.697000
208.455	7.458000
208.772	7.458000
208.772	7.623000
209.089	7.623000
209.089	8.168000
209.442	8.168000
209.442	8.236000
209.795	8.236000
209.795	8.377000
210.148	8.377000
210.148	7.794000
210.465	7.794000
210.465	8.172000
210.782	8.172000
210.782	8.028000
211.099	8.028000
211.099	7.210000
211.452	7.210000
211.452	7.677000
211.805	7.677000
211.805	7.218000
212.158	7.218000
212.158	9.829000
212.51	9.829000
212.51	9.560000
212.863	9.560000
212.863	9.551000
213.216	9.551000
213.216	7.007000
213.568	7.007000
213.568	7.052000
213.92	7.052000
213.92	6.919000
214.272	6.919000
214.272	7.503000
214.589	7.503000
214.589	7.470000
214.906	7.470000
214.906	7.593000
215.223	7.593000
215.223	9.010000
215.576	9.010000
215.576	9.107000
215.929	9.107000
215.929	9.057000
216.282	9.057000
216.282	7.469000
216.599	7.469000
216.599	7.555000
216.916	7.555000
216.916	7.435000
217.233	7.435000
217.233	6.951000
217.585	6.951000
217.585	7.051000
217.937	7.051000
217.937	6.820000
218.289	6.820000
218.289	8.152000
218.642	8.152000
218.642	8.164000
218.995	8.164000
218.995	8.191000
219.348	8.191000
219.348	8.070000
219.665	8.070000
219.665	8.303000
219.982	8.303000
219.982	7.984000
220.299	7.984000
220.299	8.249000
220.651	8.249000
220.651	8.388000
221.003	8.388000
221.003	8.132000
221.355	8.132000
221.355	7.242000
221.672	7.242000
221.672	7.841000
221.989	7.841000
221.989	7.384000
222.306	7.384000
222.306	7.318000
222.658	7.318000
222.658	7.441000
223.01	7.441000
223.01	7.370000
223.362	7.370000
223.362	8.559000
223.714	8.559000
223.714	8.789000
224.066	8.789000
224.066	8.559000
224.418	8.559000
224.418	6.842000
224.735	6.842000
224.735	7.101000
225.052	7.101000
225.052	6.924000
225.369	6.924000
225.369	9.057000
225.72	9.057000
225.72	8.810000
226.072	8.810000
226.072	8.861000
226.424	8.861000
226.424	8.115000
226.741	8.115000
226.741	8.436000
227.058	8.436000
227.058	8.023000
227.375	8.023000
227.375	6.906000
227.692	6.906000
227.692	6.838000
228.009	6.838000
228.009	6.936000
228.326	6.936000
228.326	7.918000
228.677	7.918000
228.677	8.054000
229.03	8.054000
229.03	8.042000
229.383	8.042000
229.383	7.333000
229.735	7.333000
229.735	7.252000
230.086	7.252000
230.086	7.150000
230.438	7.150000
230.438	7.775000
230.755	7.775000
230.755	7.657000
231.072	7.657000
231.072	7.586000
231.389	7.586000
231.389	8.953000
231.741	8.953000
231.741	9.187000
232.094	9.187000
232.094	9.062000
232.447	9.062000
232.447	8.041000
232.799	8.041000
232.799	8.060000
233.151	8.060000
233.151	7.919000
233.503	7.919000
233.503	8.177000
233.82	8.177000
233.82	8.373000
234.137	8.373000
234.137	8.053000
234.454	8.053000
234.454	9.905000
234.807	9.905000
234.807	8.247000
235.124	8.247000
235.124	8.535000
235.441	8.535000
235.441	8.058000
235.758	8.058000
235.758	9.094000
236.11	9.094000
236.11	8.920000
236.463	8.920000
236.463	8.890000
236.816	8.890000
236.816	6.465000
237.133	6.465000
237.133	6.912000
237.45	6.912000
237.45	6.657000
237.767	6.657000
237.767	8.105000
238.085	8.105000
238.085	7.947000
238.403	7.947000
238.403	7.904000
238.721	7.904000
238.721	9.970000
239.073	9.970000
239.073	7.010000
239.425	7.010000
239.425	7.127000
239.777	7.127000
239.777	7.053000
240.129	7.053000
240.129	7.833000
240.481	7.833000
240.481	8.057000
240.833	8.057000
240.833	8.006000
241.185	8.006000
241.185	7.617000
241.502	7.617000
241.502	7.514000
241.819	7.514000
241.819	7.525000
242.136	7.525000
242.136	8.893000
242.488	8.893000
242.488	8.830000
242.839	8.830000
242.839	8.488000
243.191	8.488000
243.191	7.772000
243.544	7.772000
243.544	7.776000
243.897	7.776000
243.897	7.653000
244.25	7.653000
244.25	7.894000
244.567	7.894000
244.567	7.893000
244.884	7.893000
244.884	7.883000
245.201	7.883000
245.201	6.955000
245.553	6.955000
245.553	7.077000
245.905	7.077000
245.905	6.932000
246.257	6.932000
246.257	8.054000
246.61	8.054000
246.61	8.435000
246.963	8.435000
246.963	8.326000
247.316	8.326000
247.316	7.987000
247.632	7.987000
247.632	8.290000
247.949	8.290000
247.949	8.072000
248.266	8.072000
248.266	6.886000
248.583	6.886000
248.583	7.102000
248.9	7.102000
248.9	7.180000
249.217	7.180000
249.217	6.726000
249.569	6.726000
249.569	6.865000
249.921	6.865000
249.921	6.823000
250.273	6.823000
250.273	7.442000
250.625	7.442000
250.625	7.531000
250.977	7.531000
250.977	7.197000
251.329	7.197000
251.329	7.391000
251.646	7.391000
251.646	7.292000
251.963	7.292000
251.963	7.564000
252.28	7.564000
252.28	8.268000
252.632	8.268000
252.632	8.223000
252.985	8.223000
252.985	8.179000
253.338	8.179000
253.338	8.630000
253.655	8.630000
253.655	8.579000
253.972	8.579000
253.972	8.098000
254.289	8.098000
254.289	6.881000
254.641	6.881000
254.641	7.175000
254.993	7.175000
254.993	6.893000
255.345	6.893000
255.345	8.821000
255.698	8.821000
255.698	8.667000
256.051	8.667000
256.051	8.765000
256.403	8.765000
256.403	7.685000
256.756	7.685000
256.756	7.817000
257.109	7.817000
257.109	7.549000
257.462	7.549000
257.462	8.543000
257.815	8.543000
257.815	8.745000
258.168	8.745000
258.168	8.690000
258.521	8.690000
258.521	8.654000
258.839	8.654000
258.839	8.832000
259.157	8.832000
259.157	8.721000
259.475	8.721000
259.475	7.704000
259.827	7.704000
259.827	7.545000
260.179	7.545000
260.179	7.345000
260.531	7.345000
260.531	7.092000
260.848	7.092000
260.848	6.545000
261.165	6.545000
261.165	7.113000
261.482	7.113000
261.482	8.952000
261.835	8.952000
261.835	8.894000
262.188	8.894000
262.188	8.849000
262.541	8.849000
262.541	7.049000
262.893	7.049000
262.893	7.186000
263.244	7.186000
263.244	7.180000
263.596	7.180000
263.596	7.982000
263.948	7.982000
263.948	7.794000
264.3	7.794000
264.3	7.565000
264.652	7.565000
264.652	8.392000
264.969	8.392000
264.969	8.030000
265.286	8.030000
265.286	7.914000
265.603	7.914000
265.603	7.149000
265.92	7.149000
265.92	7.293000
266.237	7.293000
266.237	7.290000
266.554	7.290000
266.554	6.774000
266.871	6.774000
266.871	6.751000
267.187	6.751000
267.187	6.576000
267.504	6.576000
267.504	8.796000
267.857	8.796000
267.857	8.857000
268.21	8.857000
268.21	8.891000
268.563	8.891000
268.563	7.466000
268.88	7.466000
268.88	7.525000
269.197	7.525000
269.197	7.430000
269.514	7.430000
269.514	8.372000
269.831	8.372000
269.831	8.113000
270.148	8.113000
270.148	8.893000
270.465	8.893000
270.465	9.567000
270.818	9.567000
270.818	9.576000
271.171	9.576000
271.171	9.626000
271.524	9.626000
271.524	7.504000
271.876	7.504000
271.876	7.295000
272.228	7.295000
272.228	7.473000
272.58	7.473000
272.58	7.831000
272.933	7.831000
272.933	7.933000
273.286	7.933000
273.286	7.747000
273.639	7.747000
273.639	7.908000
273.991	7.908000
273.991	8.273000
274.343	8.273000
274.343	8.205000
274.695	8.205000
274.695	8.208000
275.047	8.208000
275.047	7.996000
275.399	7.996000
275.399	8.007000
275.751	8.007000
275.751	7.471000
276.103	7.471000
276.103	7.846000
276.455	7.846000
276.455	7.279000
276.807	7.279000
276.807	8.731000
277.16	8.731000
277.16	8.940000
277.513	8.940000
277.513	8.947000
277.866	8.947000
277.866	6.788000
278.183	6.788000
278.183	6.797000
278.5	6.797000
278.5	6.812000
278.817	6.812000
278.817	8.303000
279.134	8.303000
279.134	8.614000
279.451	8.614000
279.451	7.931000
279.768	7.931000
279.768	9.894000
280.121	9.894000
280.121	9.554000
280.474	9.554000
280.474	9.532000
280.827	9.532000
280.827	7.427000
281.144	7.427000
281.144	7.317000
281.461	7.317000
281.461	7.445000
281.778	7.445000
281.778	7.451000
282.095	7.451000
282.095	8.086000
282.412	8.086000
282.412	6.990000
282.729	6.990000
282.729	9.495000
283.082	9.495000
283.082	9.411000
283.435	9.411000
283.435	9.259000
283.788	9.259000
283.788	7.343000
284.105	7.343000
284.105	7.795000
284.422	7.795000
284.422	7.467000
284.739	7.467000
284.739	7.088000
285.056	7.088000
285.056	7.152000
285.373	7.152000
285.373	7.225000
285.689	7.225000
285.689	8.454000
286.006	8.454000
286.006	8.943000
286.323	8.943000
286.323	8.709000
286.64	8.709000
286.64	7.593000
286.957	7.593000
286.957	7.619000
287.274	7.619000
287.274	7.721000
287.591	7.721000
287.591	6.676000
287.943	6.676000
287.943	7.031000
288.294	7.031000
288.294	6.781000
288.646	6.781000
288.646	9.077000
288.999	9.077000
288.999	9.081000
289.352	9.081000
289.352	9.062000
289.705	9.062000
289.705	5.453000
290.007	5.453000
290.007	5.481000
290.309	5.481000
290.309	5.560000
290.611	5.560000
290.611	7.554000
290.922	7.554000
290.922	7.539000
291.233	7.539000
291.233	7.137000
291.544	7.137000
291.544	9.594000
291.897	9.594000
291.897	9.872000
292.25	9.872000
292.25	9.904000
292.603	9.904000
292.603	7.630000
292.92	7.630000
292.92	7.842000
293.237	7.842000
293.237	7.723000
293.554	7.723000
293.554	6.735000
293.871	6.735000
293.871	6.903000
294.188	6.903000
294.188	6.988000
294.505	6.988000
294.505	9.571000
294.858	9.571000
294.858	9.908000
295.211	9.908000
295.211	7.899000
295.564	7.899000
295.564	7.824000
295.915	7.824000
295.915	7.683000
296.268	7.683000
296.268	9.239000
296.621	9.239000
296.621	9.051000
296.974	9.051000
296.974	8.997000
297.327	8.997000
297.327	9.206000
297.645	9.206000
297.645	9.050000
297.963	9.050000
297.963	9.032000
298.281	9.032000
298.281	7.017000
298.633	7.017000
298.633	7.560000
298.985	7.560000
298.985	7.041000
299.337	7.041000
299.337	9.291000
299.688	9.291000
299.688	9.157000
300.04	9.157000
300.04	9.088000
300.392	9.088000
300.392	7.020000
300.744	7.020000
300.744	6.807000
301.096	6.807000
301.096	6.761000
301.448	6.761000
301.448	7.569000
301.765	7.569000
301.765	7.877000
302.082	7.877000
302.082	7.820000
302.398	7.820000
302.398	7.957000
302.751	7.957000
302.751	7.810000
303.104	7.810000
303.104	7.843000
303.457	7.843000
303.457	8.251000
303.809	8.251000
303.809	8.378000
304.161	8.378000
304.161	8.100000
304.513	8.100000
304.513	8.459000
304.83	8.459000
304.83	8.371000
305.147	8.371000
305.147	8.237000
305.464	8.237000
305.464	9.836000
305.817	9.836000
305.817	9.937000
306.17	9.937000
306.17	7.472000
306.487	7.472000
306.487	7.680000
306.804	7.680000
306.804	7.747000
307.121	7.747000
307.121	6.722000
307.439	6.722000
307.439	7.049000
307.757	7.049000
307.757	6.738000
308.075	6.738000
308.075	8.794000
308.428	8.794000
308.428	8.815000
308.781	8.815000
308.781	8.830000
309.134	8.830000
309.134	6.107000
309.451	6.107000
309.451	6.423000
309.768	6.423000
309.768	6.091000
310.085	6.091000
310.085	7.048000
310.402	7.048000
310.402	7.199000
310.719	7.199000
310.719	6.960000
311.036	6.960000
311.036	8.515000
311.389	8.515000
311.389	8.614000
311.742	8.614000
311.742	8.711000
312.095	8.711000
312.095	7.653000
312.448	7.653000
312.448	7.677000
312.801	7.677000
312.801	7.612000
313.154	7.612000
313.154	8.504000
313.506	8.504000
313.506	8.658000
313.858	8.658000
313.858	8.459000
314.21	8.459000
314.21	7.325000
314.563	7.325000
314.563	7.386000
314.915	7.386000
314.915	7.420000
315.268	7.420000
315.268	8.202000
315.585	8.202000
315.585	8.492000
315.902	8.492000
315.902	8.473000
316.219	8.473000
316.219	8.246000
316.571	8.246000
316.571	8.451000
316.922	8.451000
316.922	8.409000
317.274	8.409000
317.274	9.909000
317.627	9.909000
317.627	9.720000
317.98	9.720000
317.98	9.865000
318.333	9.865000
318.333	8.195000
318.685	8.195000
318.685	8.087000
319.037	8.087000
319.037	8.096000
319.389	8.096000
319.389	7.357000
319.706	7.357000
319.706	7.533000
320.023	7.533000
320.023	7.369000
320.34	7.369000
320.34	9.263000
320.693	9.263000
320.693	9.381000
321.046	9.381000
321.046	9.400000
321.399	9.400000
321.399	7.318000
321.751	7.318000
321.751	7.707000
322.103	7.707000
322.103	7.411000
322.455	7.411000
322.455	6.639000
322.772	6.639000
322.772	6.948000
323.089	6.948000
323.089	6.728000
323.406	6.728000
323.406	9.646000
323.759	9.646000
323.759	9.713000
324.112	9.713000
324.112	9.555000
324.465	9.555000
324.465	7.694000
324.782	7.694000
324.782	7.955000
325.099	7.955000
325.099	7.576000
325.416	7.576000
325.416	8.556000
325.734	8.556000
325.734	8.724000
326.052	8.724000
326.052	8.481000
326.37	8.481000
326.37	8.503000
326.723	8.503000
326.723	8.859000
327.076	8.859000
327.076	8.741000
327.428	8.741000
327.428	8.023000
327.746	8.023000
327.746	8.343000
328.064	8.343000
328.064	7.871000
328.382	7.871000
328.382	8.582000
328.735	8.582000
328.735	8.560000
329.088	8.560000
329.088	8.518000
329.441	8.518000
329.441	8.042000
329.758	8.042000
329.758	8.070000
330.074	8.070000
330.074	7.994000
330.391	7.994000
330.391	7.096000
330.708	7.096000
330.708	6.744000
331.025	6.744000
331.025	7.237000
331.342	7.237000
331.342	8.951000
331.659	8.951000
331.659	8.942000
331.976	8.942000
331.976	8.695000
332.293	8.695000
332.293	6.046000
332.61	6.046000
332.61	5.941000
332.927	5.941000
332.927	6.274000
333.244	6.274000
333.244	8.027000
333.596	8.027000
333.596	8.109000
333.949	8.109000
333.949	8.050000
334.302	8.050000
334.302	7.326000
334.619	7.326000
334.619	7.252000
334.936	7.252000
334.936	7.252000
335.253	7.252000
335.253	1.895000
335.354	1.895000
335.354	0.000000
335.354	0.000000
335.354	2.020000
335.455	2.020000
335.455	8.688000
335.807	8.688000
335.807	0.000000
335.807	0.000000
335.807	8.622000
336.159	8.622000
336.159	7.553000
336.476	7.553000
336.476	0.000000
336.476	0.000000
336.476	7.286000
336.793	7.286000
336.793	7.542000
337.11	7.542000
337.11	8.051000
337.427	8.051000
337.427	7.458000
337.744	7.458000
337.744	8.926000
338.096	8.926000
338.096	8.507000
338.448	8.507000
338.448	8.654000
338.8	8.654000
338.8	7.828000
339.117	7.828000
339.117	7.957000
339.434	7.957000
339.434	7.797000
339.751	7.797000
339.751	6.742000
340.069	6.742000
340.069	6.911000
340.387	6.911000
340.387	6.832000
340.705	6.832000
340.705	9.767000
341.057	9.767000
341.057	9.594000
341.41	9.594000
341.41	9.651000
341.763	9.651000
341.763	7.406000
342.115	7.406000
342.115	7.540000
342.467	7.540000
342.467	7.579000
342.819	7.579000
342.819	7.990000
343.136	7.990000
343.136	7.860000
343.453	7.860000
343.453	7.658000
343.77	7.658000
343.77	7.899000
344.088	7.899000
344.088	7.681000
344.406	7.681000
344.406	7.819000
344.724	7.819000
344.724	8.985000
345.076	8.985000
345.076	8.634000
345.428	8.634000
345.428	8.682000
345.781	8.682000
345.781	9.605000
346.099	9.605000
346.099	9.494000
346.417	9.494000
346.417	9.269000
346.735	9.269000
346.735	7.534000
347.052	7.534000
347.052	7.566000
347.369	7.566000
347.369	7.893000
347.686	7.893000
347.686	9.295000
348.037	9.295000
348.037	9.265000
348.39	9.265000
348.39	9.199000
348.743	9.199000
348.743	7.265000
349.095	7.265000
349.095	6.787000
349.446	6.787000
349.446	6.848000
349.798	6.848000
349.798	8.558000
350.15	8.558000
350.15	8.340000
350.502	8.340000
350.502	8.314000
350.854	8.314000
350.854	8.327000
351.207	8.327000
351.207	8.177000
351.56	8.177000
351.56	8.172000
351.913	8.172000
351.913	7.410000
352.265	7.410000
352.265	7.183000
352.617	7.183000
352.617	7.475000
352.969	7.475000
352.969	7.520000
353.286	7.520000
353.286	7.865000
353.603	7.865000
353.603	7.423000
353.92	7.423000
353.92	8.587000
354.272	8.587000
354.272	8.933000
354.624	8.933000
354.624	8.994000
354.976	8.994000
354.976	9.465000
355.293	9.465000
355.293	9.755000
355.61	9.755000
355.61	9.458000
355.927	9.458000
355.927	7.698000
356.244	7.698000
356.244	7.763000
356.561	7.763000
356.561	7.584000
356.878	7.584000
356.878	8.072000
357.23	8.072000
357.23	7.842000
357.582	7.842000
357.582	8.032000
357.934	8.032000
357.934	7.040000
358.286	7.040000
358.286	7.044000
358.638	7.044000
358.638	6.801000
358.99	6.801000
358.99	8.438000
359.307	8.438000
359.307	8.668000
359.624	8.668000
359.624	8.287000
359.941	8.287000
359.941	8.371000
360.293	8.371000
360.293	8.481000
360.645	8.481000
360.645	8.435000
360.997	8.435000
360.997	7.173000
361.314	7.173000
361.314	7.089000
361.631	7.089000
361.631	7.279000
361.948	7.279000
361.948	9.215000
362.3	9.215000
362.3	9.099000
362.652	9.099000
362.652	9.190000
363.004	9.190000
363.004	7.357000
363.356	7.357000
363.356	7.281000
363.708	7.281000
363.708	7.407000
364.06	7.407000
364.06	7.833000
364.378	7.833000
364.378	8.186000
364.696	8.186000
364.696	7.993000
365.014	7.993000
365.014	8.493000
365.332	8.493000
365.332	8.563000
365.65	8.563000
365.65	8.590000
365.968	8.590000
365.968	7.709000
366.286	7.709000
366.286	7.672000
366.604	7.672000
366.604	7.789000
366.921	7.789000
366.921	8.660000
367.239	8.660000
367.239	8.883000
367.557	8.883000
367.557	8.578000
367.875	8.578000
367.875	9.014000
368.228	9.014000
368.228	8.972000
368.582	8.972000
368.582	9.062000
368.936	9.062000
368.936	7.854000
369.254	7.854000
369.254	8.022000
369.572	8.022000
369.572	8.029000
369.89	8.029000
369.89	7.646000
370.208	7.646000
370.208	7.714000
370.526	7.714000
370.526	7.672000
370.844	7.672000
370.844	8.041000
371.197	8.041000
371.197	7.888000
371.55	7.888000
371.55	7.873000
371.903	7.873000
371.903	7.607000
372.22	7.607000
372.22	7.646000
372.537	7.646000
372.537	7.541000
372.853	7.541000
372.853	5.416000
373.17	5.416000
373.17	6.497000
373.487	6.497000
373.487	5.800000
373.804	5.800000
373.804	7.924000
374.156	7.924000
374.156	7.995000
374.508	7.995000
374.508	7.924000
374.86	7.924000
374.86	8.078000
375.177	8.078000
375.177	8.468000
375.494	8.468000
375.494	7.974000
375.811	7.974000
375.811	6.832000
376.128	6.832000
376.128	6.568000
376.445	6.568000
376.445	6.542000
376.762	6.542000
376.762	8.550000
377.115	8.550000
377.115	8.273000
377.468	8.273000
377.468	8.289000
377.821	8.289000
377.821	7.915000
378.173	7.915000
378.173	7.874000
378.525	7.874000
378.525	7.870000
378.877	7.870000
378.877	7.411000
379.229	7.411000
379.229	7.632000
379.581	7.632000
379.581	7.405000
379.933	7.405000
379.933	8.148000
380.283	8.148000
380.283	8.206000
380.635	8.206000
380.635	8.156000
380.987	8.156000
380.987	8.271000
381.304	8.271000
381.304	8.049000
381.621	8.049000
381.621	7.788000
381.937	7.788000
381.937	7.175000
382.289	7.175000
382.289	7.252000
382.64	7.252000
382.64	6.836000
382.992	6.836000
382.992	8.710000
383.344	8.710000
383.344	8.439000
383.697	8.439000
383.697	8.404000
384.05	8.404000
384.05	7.537000
384.367	7.537000
384.367	7.553000
384.684	7.553000
384.684	7.489000
385.001	7.489000
385.001	8.511000
385.318	8.511000
385.318	8.302000
385.635	8.302000
385.635	7.862000
385.952	7.862000
385.952	8.553000
386.305	8.553000
386.305	8.718000
386.658	8.718000
386.658	8.772000
387.011	8.772000
387.011	7.725000
387.328	7.725000
387.328	7.820000
387.645	7.820000
387.645	7.827000
387.962	7.827000
387.962	7.450000
388.279	7.450000
388.279	7.977000
388.596	7.977000
388.596	7.545000
388.913	7.545000
388.913	7.483000
389.266	7.483000
389.266	7.456000
389.619	7.456000
389.619	7.456000
389.972	7.456000
389.972	8.307000
390.325	8.307000
390.325	8.606000
390.678	8.606000
390.678	8.208000
391.031	8.208000
391.031	8.469000
391.348	8.469000
391.348	8.521000
391.665	8.521000
391.665	8.484000
391.982	8.484000
391.982	8.650000
392.335	8.650000
392.335	8.253000
392.688	8.253000
392.688	8.183000
393.041	8.183000
393.041	8.450000
393.393	8.450000
393.393	8.675000
393.745	8.675000
393.745	8.278000
394.097	8.278000
394.097	7.357000
394.414	7.357000
394.414	6.991000
394.731	6.991000
394.731	7.143000
395.048	7.143000
395.048	7.688000
395.401	7.688000
395.401	7.197000
395.754	7.197000
395.754	7.137000
396.107	7.137000
396.107	5.069000
396.392	5.069000
396.392	5.045000
396.677	5.045000
396.677	4.903000
396.962	4.903000
396.962	8.629000
397.278	8.629000
397.278	9.166000
397.595	9.166000
397.595	8.661000
397.91	8.661000
397.91	8.909000
398.262	8.909000
398.262	8.596000
398.614	8.596000
398.614	8.667000
398.966	8.667000
398.966	7.566000
399.284	7.566000
399.284	7.432000
399.602	7.432000
399.602	7.395000
399.92	7.395000
399.92	8.196000
400.272	8.196000
400.272	8.193000
400.624	8.193000
400.624	8.137000
400.976	8.137000
400.976	9.032000
401.293	9.032000
401.293	9.356000
401.61	9.356000
401.61	9.026000
401.927	9.026000
401.927	6.694000
402.203	6.694000
402.203	6.771000
402.479	6.771000
402.479	6.736000
402.755	6.736000
402.755	8.642000
403.089	8.642000
403.089	8.920000
403.424	8.920000
403.424	8.816000
403.759	8.816000
403.759	6.351000
404.076	6.351000
404.076	6.406000
404.393	6.406000
404.393	6.360000
404.71	6.360000
404.71	8.052000
405.062	8.052000
405.062	8.119000
405.414	8.119000
405.414	7.843000
405.766	7.843000
405.766	8.544000
406.119	8.544000
406.119	8.780000
406.472	8.780000
406.472	8.774000
406.825	8.774000
406.825	8.038000
407.142	8.038000
407.142	7.749000
407.459	7.749000
407.459	8.055000
407.776	8.055000
407.776	7.614000
408.093	7.614000
408.093	7.991000
408.41	7.991000
408.41	8.068000
408.727	8.068000
408.727	8.573000
409.08	8.573000
409.08	8.559000
409.433	8.559000
409.433	8.473000
409.786	8.473000
409.786	8.026000
410.103	8.026000
410.103	7.978000
410.42	7.978000
410.42	7.852000
410.737	7.852000
410.737	7.830000
411.055	7.830000
411.055	7.779000
411.373	7.779000
411.373	7.641000
411.691	7.641000
411.691	8.226000
412.042	8.226000
412.042	8.585000
412.394	8.585000
412.394	8.651000
412.746	8.651000
412.746	6.595000
413.063	6.595000
413.063	6.644000
413.38	6.644000
413.38	6.983000
413.696	6.983000
413.696	7.210000
414.013	7.210000
414.013	6.882000
414.33	6.882000
414.33	6.770000
414.647	6.770000
414.647	9.171000
415.0	9.171000
415.0	8.940000
415.353	8.940000
415.353	8.925000
415.706	8.925000
415.706	7.106000
416.023	7.106000
416.023	7.109000
416.34	7.109000
416.34	7.079000
416.657	7.079000
416.657	8.365000
416.975	8.365000
416.975	8.167000
417.292	8.167000
417.292	8.189000
417.61	8.189000
417.61	8.046000
417.963	8.046000
417.963	8.006000
418.316	8.006000
418.316	8.077000
418.669	8.077000
418.669	7.627000
418.986	7.627000
418.986	7.844000
419.303	7.844000
419.303	7.630000
419.619	7.630000
419.619	9.069000
419.971	9.069000
419.971	9.125000
420.323	9.125000
420.323	9.009000
420.675	9.009000
420.675	8.043000
421.026	8.043000
421.026	8.013000
421.378	8.013000
421.378	7.916000
421.73	7.916000
421.73	7.785000
422.082	7.785000
422.082	8.188000
422.434	8.188000
422.434	7.599000
422.786	7.599000
422.786	6.834000
423.138	6.834000
423.138	6.951000
423.49	6.951000
423.49	6.747000
423.842	6.747000
423.842	8.781000
424.195	8.781000
424.195	8.976000
424.548	8.976000
424.548	8.897000
424.901	8.897000
424.901	7.541000
425.218	7.541000
425.218	7.452000
425.535	7.452000
425.535	7.539000
425.852	7.539000
425.852	7.308000
426.169	7.308000
426.169	7.592000
426.486	7.592000
426.486	7.273000
426.802	7.273000
426.802	8.238000
427.12	8.238000
427.12	8.046000
427.438	8.046000
427.438	8.042000
427.756	8.042000
427.756	7.048000
428.109	7.048000
428.109	7.189000
428.461	7.189000
428.461	6.862000
428.814	6.862000
428.814	8.274000
429.167	8.274000
429.167	8.548000
429.52	8.548000
429.52	8.450000
429.873	8.450000
429.873	7.739000
430.191	7.739000
430.191	7.821000
430.509	7.821000
430.509	7.625000
430.827	7.625000
430.827	9.210000
431.18	9.210000
431.18	9.403000
431.533	9.403000
431.533	9.326000
431.886	9.326000
431.886	8.502000
432.239	8.502000
432.239	8.562000
432.592	8.562000
432.592	8.429000
432.945	8.429000
432.945	7.490000
433.263	7.490000
433.263	7.525000
433.581	7.525000
433.581	7.564000
433.899	7.564000
433.899	9.030000
434.252	9.030000
434.252	9.179000
434.605	9.179000
434.605	9.214000
434.958	9.214000
434.958	7.320000
435.275	7.320000
435.275	7.064000
435.592	7.064000
435.592	7.095000
435.909	7.095000
435.909	7.988000
436.261	7.988000
436.261	8.077000
436.613	8.077000
436.613	7.956000
436.965	7.956000
436.965	8.495000
437.317	8.495000
437.317	8.399000
437.669	8.399000
437.669	8.385000
438.021	8.385000
438.021	7.090000
438.373	7.090000
438.373	7.068000
438.725	7.068000
438.725	7.024000
439.077	7.024000
439.077	8.134000
439.429	8.134000
439.429	8.271000
439.781	8.271000
439.781	8.337000
440.133	8.337000
440.133	8.377000
440.45	8.377000
440.45	7.784000
440.767	7.784000
440.767	8.067000
441.084	8.067000
441.084	7.738000
441.401	7.738000
441.401	8.125000
441.718	8.125000
441.718	7.935000
442.035	7.935000
442.035	7.693000
442.352	7.693000
442.352	7.794000
442.669	7.794000
442.669	7.813000
442.986	7.813000
442.986	6.972000
443.303	6.972000
443.303	7.110000
443.62	7.110000
443.62	6.997000
443.937	6.997000
443.937	7.479000
444.254	7.479000
444.254	7.773000
444.571	7.773000
444.571	7.692000
444.888	7.692000
444.888	9.456000
445.24	9.456000
445.24	9.276000
445.592	9.276000
445.592	9.337000
445.944	9.337000
445.944	6.603000
446.261	6.603000
446.261	7.115000
446.578	7.115000
446.578	6.794000
446.895	6.794000
446.895	9.148000
447.212	9.148000
447.212	9.231000
447.529	9.231000
447.529	9.001000
447.846	9.001000
447.846	9.083000
448.198	9.083000
448.198	9.535000
448.55	9.535000
448.55	9.263000
448.901	9.263000
448.901	7.414000
449.253	7.414000
449.253	7.613000
449.605	7.613000
449.605	7.197000
449.957	7.197000
449.957	8.956000
450.309	8.956000
450.309	9.301000
450.661	9.301000
450.661	9.312000
451.013	9.312000
451.013	9.415000
451.33	9.415000
451.33	9.746000
451.647	9.746000
451.647	9.454000
451.964	9.454000
451.964	6.392000
452.281	6.392000
452.281	6.625000
452.598	6.625000
452.598	6.542000
452.915	6.542000
452.915	9.477000
453.268	9.477000
453.268	0.000000
453.268	0.000000
453.268	9.368000
453.621	9.368000
453.621	7.913000
453.938	7.913000
453.938	0.000000
453.938	0.000000
453.938	8.205000
454.255	8.205000
454.255	9.103000
454.608	9.103000
454.608	0.000000
454.608	0.000000
454.608	8.944000
454.961	8.944000
454.961	2.092000
455.062	2.092000
455.062	0.000000
455.062	0.000000
455.062	1.974000
455.163	1.974000
455.163	2.408000
455.264	2.408000
455.264	0.000000
455.264	0.000000
455.264	2.354000
455.365	2.354000
455.365	9.088000
455.717	9.088000
455.717	0.000000
455.717	0.000000
455.717	9.003000
456.069	9.003000
456.069	1.924000
456.17	1.924000
456.17	0.000000
456.17	0.000000
456.17	2.115000
456.271	2.115000
456.271	7.613000
456.588	7.613000
456.588	0.000000
456.588	0.000000
456.588	7.574000
456.905	7.574000
456.905	9.363000
457.257	9.363000
457.257	0.000000
457.257	0.000000
457.257	9.400000
457.609	9.400000
457.609	2.126000
457.71	2.126000
457.71	0.000000
457.71	0.000000
457.71	2.026000
457.811	2.026000
457.811	7.970000
458.128	7.970000
458.128	0.000000
458.128	0.000000
458.128	7.870000
458.445	7.870000
458.445	9.464000
458.798	9.464000
458.798	0.000000
458.798	0.000000
458.798	9.861000
459.151	9.861000
459.151	2.465000
459.252	2.465000
459.252	0.000000
459.252	0.000000
459.252	2.220000
459.353	2.220000
459.353	8.833000
459.706	8.833000
459.706	0.000000
459.706	0.000000
459.706	8.393000
460.059	8.393000
460.059	8.020000
460.376	8.020000
460.376	0.000000
460.376	0.000000
460.376	7.969000
460.693	7.969000
460.693	0.000000
460.694	0.000000
460.694	0.000000
460.694	0.000000
460.694	0.000000
460.695	0.000000
460.695	8.222000
461.047	8.222000
461.047	0.000000
461.047	0.000000
461.047	7.843000
461.399	7.843000
461.399	0.000000
461.4	0.000000
461.4	0.000000
461.4	0.000000
461.4	0.000000
461.401	0.000000
461.401	7.106000
461.718	7.106000
461.718	6.906000
462.035	6.906000
462.035	7.143000
462.352	7.143000
462.352	7.107000
462.706	7.107000
462.706	7.012000
463.06	7.012000
463.06	6.967000
463.414	6.967000
463.414	8.488000
463.73	8.488000
463.73	8.300000
464.046	8.300000
464.046	8.468000
464.362	8.468000
464.362	7.990000
464.679	7.990000
464.679	7.738000
464.996	7.738000
464.996	7.677000
465.313	7.677000
465.313	8.706000
465.666	8.706000
465.666	8.998000
466.019	8.998000
466.019	9.017000
466.372	9.017000
466.372	7.162000
466.724	7.162000
466.724	7.379000
467.076	7.379000
467.076	7.153000
467.428	7.153000
467.428	8.028000
467.781	8.028000
467.781	7.897000
468.134	7.897000
468.134	7.658000
468.487	7.658000
468.487	8.376000
468.84	8.376000
468.84	8.292000
469.193	8.292000
469.193	8.265000
469.546	8.265000
469.546	6.722000
469.898	6.722000
469.898	6.915000
470.25	6.915000
470.25	7.013000
470.602	7.013000
470.602	7.805000
470.954	7.805000
470.954	7.961000
471.306	7.961000
471.306	7.541000
471.658	7.541000
471.658	8.978000
472.009	8.978000
472.009	8.835000
472.361	8.835000
472.361	8.881000
472.713	8.881000
472.713	7.487000
473.03	7.487000
473.03	7.393000
473.347	7.393000
473.347	7.299000
473.664	7.299000
473.664	9.355000
474.015	9.355000
474.015	9.103000
474.367	9.103000
474.367	9.126000
474.719	9.126000
474.719	6.881000
475.036	6.881000
475.036	7.406000
475.353	7.406000
475.353	6.948000
475.67	6.948000
475.67	8.551000
476.022	8.551000
476.022	8.753000
476.374	8.753000
476.374	8.659000
476.726	8.659000
476.726	8.909000
477.079	8.909000
477.079	9.069000
477.432	9.069000
477.432	9.089000
477.785	9.089000
477.785	7.457000
478.102	7.457000
478.102	7.526000
478.419	7.526000
478.419	7.444000
478.736	7.444000
478.736	8.964000
479.089	8.964000
479.089	9.064000
479.442	9.064000
479.442	9.165000
479.795	9.165000
479.795	6.327000
480.147	6.327000
480.147	6.363000
480.499	6.363000
480.499	6.255000
480.851	6.255000
480.851	8.362000
481.168	8.362000
481.168	8.121000
481.484	8.121000
481.484	8.346000
481.801	8.346000
481.801	8.633000
482.154	8.633000
482.154	8.662000
482.507	8.662000
482.507	8.689000
482.86	8.689000
482.86	9.087000
483.177	9.087000
483.177	8.982000
483.494	8.982000
483.494	8.978000
483.811	8.978000
483.811	7.439000
484.128	7.439000
484.128	7.571000
484.445	7.571000
484.445	7.418000
484.762	7.418000
484.762	8.484000
485.114	8.484000
485.114	8.505000
485.467	8.505000
485.467	8.537000
485.82	8.537000
485.82	8.166000
486.137	8.166000
486.137	8.371000
486.454	8.371000
486.454	8.121000
486.771	8.121000
486.771	9.446000
487.121	9.446000
487.121	7.293000
487.473	7.293000
487.473	7.392000
487.825	7.392000
487.825	7.420000
488.177	7.420000
488.177	8.824000
488.529	8.824000
488.529	8.930000
488.881	8.930000
488.881	8.862000
489.233	8.862000
489.233	7.554000
489.55	7.554000
489.55	7.376000
489.867	7.376000
489.867	7.222000
490.184	7.222000
490.184	7.245000
490.536	7.245000
490.536	7.392000
490.888	7.392000
490.888	7.309000
491.24	7.309000
491.24	7.420000
491.593	7.420000
491.593	7.703000
491.946	7.703000
491.946	7.803000
492.299	7.803000
492.299	8.156000
492.616	8.156000
492.616	8.691000
492.933	8.691000
492.933	8.428000
493.25	8.428000
493.25	8.403000
493.601	8.403000
493.601	8.389000
493.952	8.389000
493.952	8.247000
494.303	8.247000
494.303	8.282000
494.656	8.282000
494.656	8.441000
495.009	8.441000
495.009	8.428000
495.362	8.428000
495.362	7.508000
495.679	7.508000
495.679	7.340000
495.996	7.340000
495.996	7.088000
496.313	7.088000
496.313	7.548000
496.63	7.548000
496.63	7.438000
496.947	7.438000
496.947	7.586000
497.264	7.586000
497.264	9.644000
497.616	9.644000
497.616	9.432000
497.968	9.432000
497.968	9.364000
498.32	9.364000
498.32	8.034000
498.672	8.034000
498.672	7.819000
499.024	7.819000
499.024	7.854000
499.376	7.854000
499.376	8.133000
499.687	8.133000
499.687	8.373000
499.998	8.373000
499.998	8.278000
500.308	8.278000
500.308	9.462000
500.66	9.462000
500.66	9.175000
501.012	9.175000
501.012	9.133000
501.364	9.133000
501.364	7.372000
501.716	7.372000
501.716	7.776000
502.068	7.776000
502.068	7.668000
502.419	7.668000
