0.0	6.517000
0.338	6.517000
0.338	6.156000
0.676	6.156000
0.676	6.193000
1.014	6.193000
1.014	9.675000
1.314	9.675000
1.314	8.616000
1.642	8.616000
1.642	8.668000
1.97	8.668000
1.97	8.477000
2.298	8.477000
2.298	9.025000
2.608	9.025000
2.608	8.192000
2.93	8.192000
2.93	8.776000
3.252	8.776000
3.252	9.181000
3.574	9.181000
3.574	8.863000
3.907	8.863000
3.907	9.264000
4.24	9.264000
4.24	8.827000
4.573	8.827000
4.573	6.782000
4.912	6.782000
4.912	6.914000
5.251	6.914000
5.251	7.428000
5.59	7.428000
5.59	7.771000
5.933	7.771000
5.933	7.879000
6.276	7.879000
6.276	7.864000
6.619	7.864000
6.619	9.665000
6.934	9.665000
6.934	9.889000
7.249	9.889000
7.249	9.324000
7.564	9.324000
7.564	6.072000
7.91	6.072000
7.91	5.914000
8.256	5.914000
8.256	5.029000
8.602	5.029000
8.602	9.611000
8.917	9.611000
8.917	9.017000
9.243	9.017000
9.243	9.273000
9.545	9.273000
9.545	8.151000
9.812	8.151000
9.812	9.833000
10.08	9.833000
10.08	9.172000
10.348	9.172000
10.348	8.548000
10.638	8.548000
10.638	8.498000
10.928	8.498000
10.928	8.811000
11.218	8.811000
11.218	9.906000
11.508	9.906000
11.508	9.200000
11.802	9.200000
11.802	9.772000
12.097	9.772000
12.097	8.526000
12.392	8.526000
12.392	8.367000
12.719	8.367000
12.719	8.190000
13.046	8.190000
13.046	9.093000
13.373	9.093000
13.373	8.595000
13.685	8.595000
13.685	9.170000
13.997	9.170000
13.997	9.163000
14.308	9.163000
14.308	7.704000
14.603	7.704000
14.603	9.009000
14.898	9.009000
14.898	8.606000
15.193	8.606000
15.193	7.101000
15.542	7.101000
15.542	6.526000
15.891	6.526000
15.891	6.427000
16.24	6.427000
16.24	8.110000
16.543	8.110000
16.543	7.623000
16.846	7.623000
16.846	7.734000
17.149	7.734000
17.149	8.571000
17.422	8.571000
17.422	7.985000
17.695	7.985000
17.695	8.594000
17.968	8.594000
17.968	3.522000
18.322	3.522000
18.322	2.402000
18.676	2.402000
18.676	2.594000
19.029	2.594000
19.029	2.600000
19.383	2.600000
19.383	2.581000
19.737	2.581000
19.737	2.285000
20.091	2.285000
20.091	2.699000
20.444	2.699000
20.444	3.229000
20.797	3.229000
20.797	2.313000
21.15	2.313000
21.15	2.880000
21.504	2.880000
21.504	1.845000
21.858	1.845000
21.858	2.030000
22.212	2.030000
22.212	2.085000
22.566	2.085000
22.566	2.102000
22.92	2.102000
22.92	2.047000
23.274	2.047000
23.274	2.635000
23.628	2.635000
23.628	3.165000
23.981	3.165000
23.981	2.273000
24.334	2.273000
24.334	2.859000
24.688	2.859000
24.688	2.122000
25.042	2.122000
25.042	2.343000
25.397	2.343000
25.397	2.439000
25.751	2.439000
25.751	2.790000
26.105	2.790000
26.105	2.242000
26.458	2.242000
26.458	2.842000
26.81	2.842000
26.81	2.907000
27.162	2.907000
27.162	2.422000
27.515	2.422000
27.515	2.750000
27.868	2.750000
27.868	1.873000
28.221	1.873000
28.221	2.265000
28.575	2.265000
28.575	2.749000
28.929	2.749000
28.929	2.897000
29.283	2.897000
29.283	2.202000
29.637	2.202000
29.637	3.505000
29.991	3.505000
29.991	3.243000
30.345	3.243000
30.345	3.286000
30.699	3.286000
30.699	3.370000
31.053	3.370000
31.053	2.454000
31.408	2.454000
31.408	2.633000
31.762	2.633000
31.762	3.033000
32.115	3.033000
32.115	3.390000
32.467	3.390000
32.467	2.545000
32.82	2.545000
32.82	2.547000
33.173	2.547000
33.173	2.503000
33.525	2.503000
33.525	2.237000
33.878	2.237000
33.878	3.694000
34.232	3.694000
34.232	2.412000
34.586	2.412000
34.586	2.550000
34.94	2.550000
34.94	3.027000
35.294	3.027000
35.294	3.210000
35.648	3.210000
35.648	2.340000
36.002	2.340000
36.002	8.753000
36.351	8.753000
36.351	9.113000
36.7	9.113000
36.7	7.633000
37.049	7.633000
37.049	0.000000
37.049	0.000000
37.049	0.000000
37.049	0.000000
37.049	0.000000
37.049	0.000000
37.049	9.244000
37.399	9.244000
37.399	8.172000
37.749	8.172000
37.749	9.359000
38.099	9.359000
38.099	4.275000
38.441	4.275000
38.441	4.165000
38.783	4.165000
38.783	5.255000
39.124	5.255000
39.124	3.130000
39.475	3.130000
39.475	3.090000
39.826	3.090000
39.826	3.539000
40.177	3.539000
40.177	5.189000
40.502	5.189000
40.502	4.536000
40.827	4.536000
40.827	5.524000
41.152	5.524000
41.152	3.115000
41.504	3.115000
41.504	2.573000
41.856	2.573000
41.856	2.996000
42.208	2.996000
42.208	4.599000
42.544	4.599000
42.544	5.513000
42.88	5.513000
42.88	5.271000
43.216	5.271000
43.216	8.137000
43.559	8.137000
43.559	7.557000
43.901	7.557000
43.901	8.622000
44.244	8.622000
44.244	4.824000
44.594	4.824000
44.594	4.593000
44.944	4.593000
44.944	5.052000
45.294	5.052000
45.294	3.844000
45.646	3.844000
45.646	2.925000
45.998	2.925000
45.998	2.634000
46.349	2.634000
46.349	7.635000
46.682	7.635000
46.682	8.496000
47.015	8.496000
47.015	7.931000
47.348	7.931000
47.348	7.620000
47.677	7.620000
47.677	7.112000
48.006	7.112000
48.006	6.272000
48.335	6.272000
48.335	4.022000
48.685	4.022000
48.685	3.983000
49.035	3.983000
49.035	4.575000
49.385	4.575000
49.385	4.059000
49.736	4.059000
49.736	5.011000
50.087	5.011000
50.087	3.685000
50.439	3.685000
50.439	3.906000
50.788	3.906000
50.788	3.058000
51.136	3.058000
51.136	3.419000
51.485	3.419000
51.485	4.598000
51.829	4.598000
51.829	4.538000
52.173	4.538000
52.173	4.606000
52.517	4.606000
52.517	3.563000
52.87	3.563000
52.87	3.899000
53.223	3.899000
53.223	3.613000
53.576	3.613000
53.576	3.103000
53.933	3.103000
53.933	2.130000
54.29	2.130000
54.29	2.531000
54.647	2.531000
54.647	3.893000
54.994	3.893000
54.994	4.036000
55.341	4.036000
55.341	3.098000
55.688	3.098000
55.688	3.762000
56.041	3.762000
56.041	3.569000
56.394	3.569000
56.394	3.608000
56.747	3.608000
56.747	4.707000
57.087	4.707000
57.087	4.377000
57.427	4.377000
57.427	4.411000
57.767	4.411000
57.767	2.627000
58.122	2.627000
58.122	2.413000
58.477	2.413000
58.477	2.488000
58.832	2.488000
58.832	4.845000
59.183	4.845000
59.183	4.732000
59.534	4.732000
59.534	4.724000
59.884	4.724000
59.884	8.630000
60.199	8.630000
60.199	8.217000
60.514	8.217000
60.514	8.341000
60.829	8.341000
60.829	3.908000
61.178	3.908000
61.178	3.579000
61.527	3.579000
61.527	4.086000
61.876	4.086000
61.876	4.670000
62.231	4.670000
62.231	4.944000
62.586	4.944000
62.586	4.876000
62.941	4.876000
62.941	5.535000
63.289	5.535000
63.289	4.719000
63.637	4.719000
63.637	5.362000
63.985	5.362000
63.985	4.745000
64.334	4.745000
64.334	5.601000
64.683	5.601000
64.683	5.371000
65.032	5.371000
65.032	8.545000
65.371	8.545000
65.371	3.652000
65.719	3.652000
65.719	4.329000
66.067	4.329000
66.067	4.384000
66.415	4.384000
66.415	2.851000
66.769	2.851000
66.769	1.960000
67.123	1.960000
67.123	1.972000
67.477	1.972000
67.477	3.459000
67.828	3.459000
67.828	2.954000
68.179	2.954000
68.179	3.548000
68.53	3.548000
68.53	5.408000
68.87	5.408000
68.87	3.921000
69.21	3.921000
69.21	4.530000
69.55	4.530000
69.55	2.827000
69.903	2.827000
69.903	3.244000
70.256	3.244000
70.256	2.184000
70.609	2.184000
70.609	2.330000
70.961	2.330000
70.961	3.324000
71.314	3.324000
71.314	2.475000
71.666	2.475000
71.666	6.912000
72.011	6.912000
72.011	6.245000
72.355	6.245000
72.355	6.482000
72.699	6.482000
72.699	4.654000
73.052	4.654000
73.052	5.557000
73.405	5.557000
73.405	5.052000
73.758	5.052000
73.758	5.389000
74.112	5.389000
74.112	5.358000
74.466	5.358000
74.466	5.122000
74.82	5.122000
74.82	5.429000
75.131	5.429000
75.131	4.514000
75.442	4.514000
75.442	5.135000
75.752	5.135000
75.752	6.940000
76.09	6.940000
76.09	7.727000
76.427	7.727000
76.427	6.564000
76.765	6.564000
76.765	4.371000
77.107	4.371000
77.107	2.929000
77.449	2.929000
77.449	3.186000
77.791	3.186000
77.791	2.967000
78.138	2.967000
78.138	3.724000
78.485	3.724000
78.485	3.269000
78.832	3.269000
78.832	5.268000
79.177	5.268000
79.177	5.905000
79.522	5.905000
79.522	5.504000
79.868	5.504000
79.868	4.673000
80.221	4.673000
80.221	4.849000
80.574	4.849000
80.574	3.827000
80.927	3.827000
80.927	4.153000
81.274	4.153000
81.274	3.050000
81.621	3.050000
81.621	3.770000
81.968	3.770000
81.968	4.653000
82.294	4.653000
82.294	5.665000
82.62	5.665000
82.62	5.660000
82.946	5.660000
82.946	3.368000
83.285	3.368000
83.285	4.520000
83.624	4.520000
83.624	4.469000
83.963	4.469000
83.963	6.364000
84.308	6.364000
84.308	5.765000
84.653	5.765000
84.653	6.060000
84.998	6.060000
84.998	4.833000
85.329	4.833000
85.329	5.949000
85.66	5.949000
85.66	5.433000
85.991	5.433000
85.991	3.608000
86.337	3.608000
86.337	4.172000
86.683	4.172000
86.683	3.627000
87.029	3.627000
87.029	6.739000
87.374	6.739000
87.374	6.044000
87.719	6.044000
87.719	7.576000
88.064	7.576000
88.064	5.743000
88.41	5.743000
88.41	5.661000
88.756	5.661000
88.756	6.419000
89.102	6.419000
89.102	6.917000
89.448	6.917000
89.448	7.731000
89.794	7.731000
89.794	7.593000
90.139	7.593000
90.139	7.487000
90.476	7.487000
90.476	6.610000
90.813	6.610000
90.813	7.085000
91.15	7.085000
91.15	8.335000
91.497	8.335000
91.497	8.214000
91.844	8.214000
91.844	8.146000
92.191	8.146000
92.191	3.858000
92.545	3.858000
92.545	3.988000
92.899	3.988000
92.899	4.278000
93.253	4.278000
93.253	6.978000
93.596	6.978000
93.596	6.460000
93.939	6.460000
93.939	6.687000
94.281	6.687000
94.281	9.945000
94.629	9.945000
94.629	9.638000
94.977	9.638000
94.977	4.071000
95.328	4.071000
95.328	4.158000
95.679	4.158000
95.679	4.006000
96.03	4.006000
96.03	6.853000
96.339	6.853000
96.339	5.488000
96.648	5.488000
96.648	6.652000
96.957	6.652000
96.957	4.630000
97.299	4.630000
97.299	4.991000
97.641	4.991000
97.641	4.556000
97.983	4.556000
97.983	4.819000
98.32	4.819000
98.32	3.955000
98.657	3.955000
98.657	4.071000
98.994	4.071000
98.994	3.462000
99.335	3.462000
99.335	4.328000
99.676	4.328000
99.676	3.709000
100.017	3.709000
100.017	3.314000
100.361	3.314000
100.361	3.117000
100.705	3.117000
100.705	3.854000
101.049	3.854000
101.049	5.748000
101.389	5.748000
101.389	4.697000
101.729	4.697000
101.729	5.620000
102.069	5.620000
102.069	2.279000
102.423	2.279000
102.423	2.444000
102.777	2.444000
102.777	2.655000
103.131	2.655000
103.131	2.928000
103.483	2.928000
103.483	2.920000
103.835	2.920000
103.835	3.657000
104.187	3.657000
104.187	3.646000
104.541	3.646000
104.541	3.626000
104.895	3.626000
104.895	3.291000
105.249	3.291000
105.249	2.936000
105.602	2.936000
105.602	2.044000
105.955	2.044000
105.955	2.437000
106.308	2.437000
106.308	2.952000
106.662	2.952000
106.662	2.906000
107.016	2.906000
107.016	3.302000
107.37	3.302000
107.37	3.852000
107.72	3.852000
107.72	3.967000
108.07	3.967000
108.07	3.046000
108.42	3.046000
108.42	8.274000
108.715	8.274000
108.715	8.206000
109.01	8.206000
109.01	8.014000
109.305	8.014000
109.305	8.386000
109.646	8.386000
109.646	8.786000
109.987	8.786000
109.987	8.251000
110.328	8.251000
110.328	4.271000
110.666	4.271000
110.666	3.839000
111.004	3.839000
111.004	3.732000
111.342	3.732000
111.342	2.727000
111.65	2.727000
111.65	2.792000
111.958	2.792000
111.958	3.043000
112.267	3.043000
112.267	2.745000
112.622	2.745000
112.622	2.865000
112.977	2.865000
112.977	2.776000
113.332	2.776000
113.332	4.475000
113.677	4.475000
113.677	3.450000
114.021	3.450000
114.021	4.931000
114.366	4.931000
114.366	5.146000
114.701	5.146000
114.701	5.654000
115.036	5.654000
115.036	5.002000
115.371	5.002000
115.371	4.403000
115.722	4.403000
115.722	5.055000
116.073	5.055000
116.073	4.730000
116.425	4.730000
116.425	6.285000
116.766	6.285000
116.766	5.795000
117.107	5.795000
117.107	5.799000
117.448	5.799000
117.448	4.393000
117.758	4.393000
117.758	4.076000
118.069	4.076000
118.069	4.454000
118.38	4.454000
118.38	4.323000
118.73	4.323000
118.73	4.332000
119.079	4.332000
119.079	4.064000
119.429	4.064000
119.429	8.124000
119.768	8.124000
119.768	7.746000
120.108	7.746000
120.108	6.799000
120.448	6.799000
120.448	4.544000
120.758	4.544000
120.758	3.726000
121.068	3.726000
121.068	4.794000
121.378	4.794000
121.378	5.941000
121.731	5.941000
121.731	5.938000
122.084	5.938000
122.084	6.204000
122.437	6.204000
122.437	8.450000
122.75	8.450000
122.75	7.576000
123.063	7.576000
123.063	7.890000
123.375	7.890000
123.375	6.129000
123.67	6.129000
123.67	6.944000
123.965	6.944000
123.965	6.483000
124.26	6.483000
124.26	6.589000
124.602	6.589000
124.602	6.847000
124.945	6.847000
124.945	6.375000
125.288	6.375000
125.288	8.607000
125.65	8.607000
125.65	8.566000
126.012	8.566000
126.012	9.906000
126.374	9.906000
126.374	4.496000
126.725	4.496000
126.725	4.538000
127.076	4.538000
127.076	4.654000
127.426	4.654000
127.426	3.947000
127.775	3.947000
127.775	3.263000
128.124	3.263000
128.124	3.302000
128.472	3.302000
128.472	5.416000
128.804	5.416000
128.804	6.145000
129.136	6.145000
129.136	6.291000
129.467	6.291000
129.467	3.937000
129.814	3.937000
129.814	4.061000
130.161	4.061000
130.161	3.848000
130.508	3.848000
130.508	3.661000
130.857	3.661000
130.857	3.138000
131.206	3.138000
131.206	4.083000
131.555	4.083000
131.555	4.459000
131.905	4.459000
131.905	4.851000
132.255	4.851000
132.255	3.982000
132.605	3.982000
132.605	5.389000
132.947	5.389000
132.947	5.436000
133.289	5.436000
133.289	5.227000
133.631	5.227000
133.631	4.876000
133.982	4.876000
133.982	4.225000
134.333	4.225000
134.333	4.965000
134.684	4.965000
134.684	5.469000
135.023	5.469000
135.023	6.074000
135.362	6.074000
135.362	5.512000
135.701	5.512000
135.701	3.467000
136.05	3.467000
136.05	3.680000
136.399	3.680000
136.399	3.520000
136.748	3.520000
136.748	7.039000
137.092	7.039000
137.092	4.917000
137.436	4.917000
137.436	5.676000
137.78	5.676000
137.78	5.251000
138.119	5.251000
138.119	5.730000
138.458	5.730000
138.458	5.791000
138.797	5.791000
138.797	9.953000
139.142	9.953000
139.142	5.430000
139.495	5.430000
139.495	4.964000
139.847	4.964000
139.847	4.923000
140.199	4.923000
140.199	5.598000
140.55	5.598000
140.55	5.753000
140.901	5.753000
140.901	5.122000
141.252	5.122000
141.252	4.531000
141.599	4.531000
141.599	4.446000
141.945	4.446000
141.945	4.444000
142.291	4.444000
142.291	9.288000
142.626	9.288000
142.626	9.427000
142.961	9.427000
142.961	8.407000
143.296	8.407000
143.296	6.086000
143.627	6.086000
143.627	6.431000
143.958	6.431000
143.958	6.008000
144.288	6.008000
144.288	6.228000
144.633	6.228000
144.633	5.730000
144.978	5.730000
144.978	6.298000
145.323	6.298000
145.323	4.684000
145.673	4.684000
145.673	4.663000
146.023	4.663000
146.023	4.638000
146.373	4.638000
146.373	2.486000
146.721	2.486000
146.721	2.352000
147.069	2.352000
147.069	2.299000
147.417	2.299000
147.417	5.849000
147.746	5.849000
147.746	4.993000
148.075	4.993000
148.075	6.524000
148.404	6.524000
148.404	4.190000
148.75	4.190000
148.75	4.659000
149.096	4.659000
149.096	4.638000
149.441	4.638000
149.441	3.884000
149.793	3.884000
149.793	3.874000
150.144	3.874000
150.144	3.227000
150.496	3.227000
150.496	4.699000
150.848	4.699000
150.848	3.365000
151.2	3.365000
151.2	3.882000
151.552	3.882000
151.552	4.380000
151.902	4.380000
151.902	4.350000
152.252	4.350000
152.252	4.193000
152.602	4.193000
152.602	5.190000
152.945	5.190000
152.945	5.165000
153.288	5.165000
153.288	4.706000
153.631	4.706000
153.631	8.836000
153.976	8.836000
153.976	8.229000
154.321	8.229000
154.321	8.373000
154.666	8.373000
154.666	7.071000
154.999	7.071000
154.999	6.888000
155.332	6.888000
155.332	7.038000
155.664	7.038000
155.664	3.484000
156.019	3.484000
156.019	3.553000
156.374	3.553000
156.374	2.619000
156.728	2.619000
156.728	4.265000
157.078	4.265000
157.078	4.440000
157.428	4.440000
157.428	4.441000
157.778	4.441000
157.778	8.835000
158.13	8.835000
158.13	8.853000
158.482	8.853000
158.482	8.683000
158.834	8.683000
158.834	7.632000
159.171	7.632000
159.171	7.720000
159.508	7.720000
159.508	6.857000
159.845	6.857000
159.845	3.181000
160.197	3.181000
160.197	3.591000
160.549	3.591000
160.549	3.848000
160.901	3.848000
160.901	3.772000
161.253	3.772000
161.253	2.590000
161.605	2.590000
161.605	3.690000
161.957	3.690000
161.957	3.007000
162.311	3.007000
162.311	3.146000
162.665	3.146000
162.665	2.539000
163.019	2.539000
163.019	5.190000
163.354	5.190000
163.354	5.508000
163.689	5.508000
163.689	5.953000
164.024	5.953000
164.024	3.094000
164.377	3.094000
164.377	2.783000
164.73	2.783000
164.73	2.360000
165.083	2.360000
165.083	2.220000
165.437	2.220000
165.437	2.429000
165.791	2.429000
165.791	2.280000
166.145	2.280000
166.145	4.066000
166.484	4.066000
166.484	4.488000
166.823	4.488000
166.823	3.650000
167.162	3.650000
167.162	8.098000
167.494	8.098000
167.494	7.050000
167.826	7.050000
167.826	7.786000
168.157	7.786000
168.157	3.526000
168.512	3.526000
168.512	3.811000
168.867	3.811000
168.867	3.534000
169.222	3.534000
169.222	3.837000
169.58	3.837000
169.58	3.957000
169.938	3.957000
169.938	3.889000
170.296	3.889000
170.296	9.062000
170.634	9.062000
170.634	9.176000
170.972	9.176000
170.972	8.502000
171.31	8.502000
171.31	3.495000
171.664	3.495000
171.664	3.561000
172.018	3.561000
172.018	3.165000
172.372	3.165000
172.372	4.613000
172.72	4.613000
172.72	3.966000
173.068	3.966000
173.068	4.681000
173.416	4.681000
173.416	4.927000
173.754	4.927000
173.754	5.090000
174.092	5.090000
174.092	4.698000
174.431	4.698000
174.431	6.282000
174.782	6.282000
174.782	6.448000
175.133	6.448000
175.133	5.845000
175.483	5.845000
175.483	9.976000
175.835	9.976000
175.835	9.422000
176.187	9.422000
176.187	9.966000
176.518	9.966000
176.518	9.371000
176.85	9.371000
176.85	6.793000
177.171	6.793000
177.171	5.707000
177.492	5.707000
177.492	6.257000
177.813	6.257000
177.813	4.455000
178.162	4.455000
178.162	4.698000
178.512	4.698000
178.512	4.420000
178.862	4.420000
178.862	4.637000
179.206	4.637000
179.206	4.476000
179.55	4.476000
179.55	4.962000
179.893	4.962000
179.893	4.148000
180.234	4.148000
180.234	3.510000
180.575	3.510000
180.575	4.771000
180.916	4.771000
180.916	4.446000
181.262	4.446000
181.262	4.622000
181.608	4.622000
181.608	4.576000
181.955	4.576000
181.955	5.752000
182.272	5.752000
182.272	6.297000
182.589	6.297000
182.589	6.318000
182.906	6.318000
182.906	4.484000
183.257	4.484000
183.257	4.033000
183.608	4.033000
183.608	4.912000
183.959	4.912000
183.959	5.002000
184.3	5.002000
184.3	5.003000
184.641	5.003000
184.641	4.662000
184.981	4.662000
184.981	4.153000
185.334	4.153000
185.334	4.117000
185.687	4.117000
185.687	3.874000
186.04	3.874000
186.04	6.014000
186.374	6.014000
186.374	5.553000
186.708	5.553000
186.708	5.930000
187.042	5.930000
187.042	3.522000
187.394	3.522000
187.394	3.584000
187.746	3.584000
187.746	3.852000
188.098	3.852000
188.098	7.672000
188.452	7.672000
188.452	7.464000
188.806	7.464000
188.806	7.560000
189.16	7.560000
189.16	7.138000
189.494	7.138000
189.494	6.502000
189.828	6.502000
189.828	7.334000
190.162	7.334000
190.162	4.875000
190.507	4.875000
190.507	4.791000
190.852	4.791000
190.852	4.483000
191.197	4.483000
191.197	5.582000
191.542	5.582000
191.542	6.394000
191.886	6.394000
191.886	5.989000
192.231	5.989000
192.231	8.599000
192.584	8.599000
192.584	8.412000
192.937	8.412000
192.937	9.960000
193.29	9.960000
193.29	3.337000
193.643	3.337000
193.643	3.170000
193.996	3.170000
193.996	3.310000
194.349	3.310000
194.349	4.154000
194.702	4.154000
194.702	2.916000
195.055	2.916000
195.055	3.223000
195.408	3.223000
195.408	2.650000
195.762	2.650000
195.762	2.792000
196.116	2.792000
196.116	2.134000
196.467	2.134000
196.467	3.653000
196.819	3.653000
196.819	3.747000
197.171	3.747000
197.171	4.128000
197.523	4.128000
197.523	3.437000
197.876	3.437000
197.876	2.903000
198.229	2.903000
198.229	3.040000
198.582	3.040000
198.582	2.258000
198.936	2.258000
198.936	2.180000
199.29	2.180000
199.29	2.498000
199.644	2.498000
199.644	3.475000
199.998	3.475000
199.998	3.463000
200.352	3.463000
200.352	2.639000
200.706	2.639000
200.706	8.360000
201.006	8.360000
201.006	7.739000
201.306	7.739000
201.306	7.708000
201.606	7.708000
201.606	4.874000
201.946	4.874000
201.946	5.004000
202.286	5.004000
202.286	5.496000
202.626	5.496000
202.626	3.893000
202.973	3.893000
202.973	3.689000
203.32	3.689000
203.32	4.453000
203.667	4.453000
203.667	4.837000
204.006	4.837000
204.006	4.207000
204.345	4.207000
204.345	5.055000
204.685	5.055000
204.685	4.940000
205.035	4.940000
205.035	4.737000
205.385	4.737000
205.385	3.953000
205.735	3.953000
205.735	4.263000
206.089	4.263000
206.089	4.354000
206.443	4.354000
206.443	3.568000
206.797	3.568000
206.797	5.075000
207.138	5.075000
207.138	4.501000
207.479	4.501000
207.479	4.777000
207.819	4.777000
207.819	9.407000
208.133	9.407000
208.133	9.711000
208.47	9.711000
208.47	9.991000
208.806	9.991000
208.806	8.631000
209.143	8.631000
209.143	6.505000
209.488	6.505000
209.488	6.744000
209.833	6.744000
209.833	6.822000
210.178	6.822000
210.178	4.899000
210.525	4.899000
210.525	3.497000
210.872	3.497000
210.872	4.708000
211.219	4.708000
211.219	4.909000
211.57	4.909000
211.57	5.031000
211.921	5.031000
211.921	4.300000
212.272	4.300000
212.272	3.116000
212.615	3.116000
212.615	3.311000
212.958	3.311000
212.958	2.460000
213.301	2.460000
213.301	3.969000
213.652	3.969000
213.652	3.409000
214.003	3.409000
214.003	3.543000
214.354	3.543000
214.354	5.671000
214.695	5.671000
214.695	5.823000
215.036	5.823000
215.036	5.958000
215.377	5.958000
215.377	5.833000
215.71	5.833000
215.71	6.089000
216.043	6.089000
216.043	6.385000
216.376	6.385000
216.376	5.312000
216.722	5.312000
216.722	4.239000
217.069	4.239000
217.069	5.264000
217.416	5.264000
217.416	3.920000
217.762	3.920000
217.762	3.970000
218.108	3.970000
218.108	4.130000
218.454	4.130000
218.454	4.961000
218.806	4.961000
218.806	5.393000
219.159	5.393000
219.159	4.359000
219.512	4.359000
219.512	6.915000
219.847	6.915000
219.847	7.698000
220.182	7.698000
220.182	7.729000
220.517	7.729000
220.517	4.190000
220.869	4.190000
220.869	3.842000
221.221	3.842000
221.221	3.976000
221.573	3.976000
221.573	5.817000
221.923	5.817000
221.923	5.827000
222.273	5.827000
222.273	6.265000
222.623	6.265000
222.623	6.885000
222.963	6.885000
222.963	7.381000
223.304	7.381000
223.304	7.340000
223.645	7.340000
223.645	5.324000
223.981	5.324000
223.981	4.898000
224.317	4.898000
224.317	5.327000
224.653	5.327000
224.653	5.012000
225.0	5.012000
225.0	5.117000
225.347	5.117000
225.347	4.818000
225.694	4.818000
225.694	8.959000
226.024	8.959000
226.024	9.445000
226.354	9.445000
226.354	9.238000
226.684	9.238000
226.684	3.348000
227.031	3.348000
227.031	3.037000
227.379	3.037000
227.379	2.917000
227.727	2.917000
227.727	3.619000
228.081	3.619000
228.081	3.651000
228.435	3.651000
228.435	3.330000
228.789	3.330000
228.789	3.182000
229.14	3.182000
229.14	3.248000
229.491	3.248000
229.491	3.356000
229.841	3.356000
229.841	5.304000
230.186	5.304000
230.186	4.702000
230.531	4.702000
230.531	6.265000
230.876	6.265000
230.876	5.002000
231.219	5.002000
231.219	5.236000
231.562	5.236000
231.562	5.505000
231.906	5.505000
231.906	6.640000
232.248	6.640000
232.248	6.321000
232.59	6.321000
232.59	5.999000
232.932	5.999000
232.932	6.187000
233.255	6.187000
233.255	5.600000
233.578	5.600000
233.578	6.412000
233.901	6.412000
233.901	5.388000
234.24	5.388000
234.24	5.739000
234.579	5.739000
234.579	5.697000
234.918	5.697000
234.918	9.735000
235.26	9.735000
235.26	3.490000
235.615	3.490000
235.615	2.552000
235.97	2.552000
235.97	2.536000
236.325	2.536000
236.325	6.337000
236.671	6.337000
236.671	6.254000
237.017	6.254000
237.017	5.863000
237.363	5.863000
237.363	3.788000
237.717	3.788000
237.717	3.486000
238.071	3.486000
238.071	3.519000
238.425	3.519000
238.425	6.073000
238.761	6.073000
238.761	4.794000
239.097	4.794000
239.097	5.983000
239.433	5.983000
239.433	4.670000
239.781	4.670000
239.781	5.168000
240.129	5.168000
240.129	4.020000
240.476	4.020000
240.476	4.511000
240.826	4.511000
240.826	4.693000
241.176	4.693000
241.176	4.605000
241.525	4.605000
241.525	8.067000
241.879	8.067000
241.879	8.034000
242.233	8.034000
242.233	7.387000
242.587	7.387000
242.587	7.806000
242.93	7.806000
242.93	8.124000
243.273	8.124000
243.273	7.868000
243.616	7.868000
243.616	4.918000
243.951	4.918000
243.951	4.393000
244.286	4.393000
244.286	4.496000
244.621	4.496000
244.621	4.954000
244.964	4.954000
244.964	5.276000
245.307	5.276000
245.307	4.352000
245.65	4.352000
245.65	3.533000
245.996	3.533000
245.996	3.535000
246.342	3.535000
246.342	3.256000
246.687	3.256000
246.687	5.191000
247.026	5.191000
247.026	4.453000
247.365	4.453000
247.365	5.543000
247.704	5.543000
247.704	4.022000
248.053	4.022000
248.053	3.671000
248.402	3.671000
248.402	3.419000
248.751	3.419000
248.751	8.703000
249.101	8.703000
249.101	8.198000
249.45	8.198000
249.45	7.530000
249.8	7.530000
249.8	5.389000
250.154	5.389000
250.154	5.491000
250.507	5.491000
250.507	4.743000
250.861	4.743000
250.861	4.022000
251.206	4.022000
251.206	4.031000
251.55	4.031000
251.55	4.850000
251.895	4.850000
251.895	7.900000
252.232	7.900000
252.232	7.474000
252.569	7.474000
252.569	7.566000
252.906	7.566000
252.906	5.211000
253.249	5.211000
253.249	5.332000
253.592	5.332000
253.592	5.007000
253.935	5.007000
253.935	9.639000
254.291	9.639000
254.291	9.485000
254.646	9.485000
254.646	5.727000
254.986	5.727000
254.986	5.707000
255.328	5.707000
255.328	5.678000
255.67	5.678000
255.67	3.862000
256.003	3.862000
256.003	3.047000
256.336	3.047000
256.336	3.075000
256.669	3.075000
256.669	4.404000
257.017	4.404000
257.017	4.842000
257.365	4.842000
257.365	4.859000
257.713	4.859000
257.713	5.117000
258.055	5.117000
258.055	5.286000
258.397	5.286000
258.397	5.999000
258.739	5.999000
258.739	4.736000
259.074	4.736000
259.074	4.149000
259.409	4.149000
259.409	4.627000
259.744	4.627000
259.744	3.331000
260.096	3.331000
260.096	3.216000
260.448	3.216000
260.448	3.132000
260.8	3.132000
260.8	5.081000
261.137	5.081000
261.137	5.635000
261.475	5.635000
261.475	5.568000
261.813	5.568000
261.813	3.022000
262.167	3.022000
262.167	2.911000
262.521	2.911000
262.521	3.222000
262.875	3.222000
262.875	3.654000
263.222	3.654000
263.222	3.965000
263.569	3.965000
263.569	3.854000
263.916	3.854000
263.916	4.435000
264.267	4.435000
264.267	4.522000
264.618	4.522000
264.618	5.138000
264.969	5.138000
264.969	4.812000
265.322	4.812000
265.322	4.485000
265.675	4.485000
265.675	4.351000
266.028	4.351000
266.028	5.727000
266.372	5.727000
266.372	5.181000
266.716	5.181000
266.716	4.840000
267.059	4.840000
267.059	6.448000
267.413	6.448000
267.413	6.733000
267.767	6.733000
267.767	6.238000
268.121	6.238000
268.121	6.616000
268.443	6.616000
268.443	6.083000
268.765	6.083000
268.765	6.656000
269.087	6.656000
269.087	4.545000
269.431	4.545000
269.431	4.873000
269.775	4.873000
269.775	4.695000
270.119	4.695000
270.119	3.889000
270.465	3.889000
270.465	3.730000
270.811	3.730000
270.811	3.510000
271.157	3.510000
271.157	5.216000
271.51	5.216000
271.51	4.946000
271.863	4.946000
271.863	3.890000
272.215	3.890000
272.215	3.657000
272.566	3.657000
272.566	2.789000
272.917	2.789000
272.917	2.711000
273.268	2.711000
273.268	3.297000
273.617	3.297000
273.617	3.205000
273.966	3.205000
273.966	3.460000
274.315	3.460000
274.315	3.437000
274.667	3.437000
274.667	3.453000
275.019	3.453000
275.019	3.261000
275.371	3.261000
275.371	4.497000
275.712	4.497000
275.712	3.228000
276.053	3.228000
276.053	3.911000
276.393	3.911000
276.393	2.996000
276.743	2.996000
276.743	3.026000
277.093	3.026000
277.093	3.017000
277.443	3.017000
277.443	4.804000
277.79	4.804000
277.79	4.489000
278.137	4.489000
278.137	4.491000
278.484	4.491000
278.484	5.929000
278.805	5.929000
278.805	5.713000
279.126	5.713000
279.126	5.737000
279.447	5.737000
279.447	3.470000
279.799	3.470000
279.799	3.441000
280.151	3.441000
280.151	3.830000
280.503	3.830000
280.503	7.300000
280.85	7.300000
280.85	7.347000
281.197	7.347000
281.197	6.628000
281.543	6.628000
281.543	6.959000
281.892	6.959000
281.892	6.188000
282.241	6.188000
282.241	5.950000
282.589	5.950000
282.589	8.941000
282.913	8.941000
282.913	9.580000
283.237	9.580000
283.237	9.936000
283.561	9.936000
283.561	2.901000
283.915	2.901000
283.915	2.761000
284.269	2.761000
284.269	3.147000
284.623	3.147000
284.623	6.604000
284.97	6.604000
284.97	6.529000
285.318	6.529000
285.318	6.882000
285.666	6.882000
285.666	4.186000
286.018	4.186000
286.018	4.160000
286.37	4.160000
286.37	3.961000
286.723	3.961000
286.723	6.854000
287.061	6.854000
287.061	5.618000
287.399	5.618000
287.399	6.693000
287.737	6.693000
287.737	6.236000
288.088	6.236000
288.088	6.251000
288.439	6.251000
288.439	5.733000
288.79	5.733000
288.79	8.626000
289.133	8.626000
289.133	9.091000
289.475	9.091000
289.475	7.513000
289.818	7.513000
289.818	4.087000
290.169	4.087000
290.169	3.398000
290.52	3.398000
290.52	3.647000
290.871	3.647000
290.871	3.788000
291.216	3.788000
291.216	3.854000
291.561	3.854000
291.561	3.743000
291.906	3.743000
291.906	3.664000
292.256	3.664000
292.256	3.656000
292.606	3.656000
292.606	3.744000
292.956	3.744000
292.956	5.758000
293.309	5.758000
293.309	5.360000
293.662	5.360000
293.662	5.592000
294.015	5.592000
294.015	4.284000
294.368	4.284000
294.368	4.222000
294.721	4.222000
294.721	3.663000
295.074	3.663000
295.074	2.845000
295.427	2.845000
295.427	3.004000
295.78	3.004000
295.78	2.682000
296.133	2.682000
296.133	6.269000
296.47	6.269000
296.47	5.186000
296.807	5.186000
296.807	6.543000
297.144	6.543000
297.144	7.518000
297.483	7.518000
297.483	7.853000
297.822	7.853000
297.822	6.177000
298.161	6.177000
298.161	5.320000
298.513	5.320000
298.513	4.916000
298.865	4.916000
298.865	5.435000
299.217	5.435000
299.217	3.317000
299.574	3.317000
299.574	2.560000
299.931	2.560000
299.931	3.044000
300.288	3.044000
300.288	8.010000
300.635	8.010000
300.635	8.330000
300.982	8.330000
300.982	8.248000
301.328	8.248000
301.328	9.184000
301.678	9.184000
301.678	9.365000
302.028	9.365000
302.028	8.820000
302.378	8.820000
302.378	6.431000
302.727	6.431000
302.727	5.954000
303.076	5.954000
303.076	5.189000
303.425	5.189000
303.425	5.327000
303.773	5.327000
303.773	5.145000
304.121	5.145000
304.121	5.368000
304.469	5.368000
304.469	7.187000
304.785	7.187000
304.785	7.706000
305.101	7.706000
305.101	6.954000
305.417	6.954000
305.417	9.459000
305.756	9.459000
305.756	9.020000
306.095	9.020000
306.095	8.488000
306.434	8.488000
306.434	7.321000
306.783	7.321000
306.783	7.418000
307.132	7.418000
307.132	7.186000
307.481	7.186000
307.481	3.271000
307.835	3.271000
307.835	3.327000
308.189	3.327000
308.189	3.411000
308.543	3.411000
308.543	4.120000
308.897	4.120000
308.897	3.452000
309.251	3.452000
309.251	3.692000
309.604	3.692000
309.604	4.574000
309.942	4.574000
309.942	4.672000
310.28	4.672000
310.28	5.191000
310.618	5.191000
310.618	3.050000
310.969	3.050000
310.969	3.274000
311.32	3.274000
311.32	3.170000
311.67	3.170000
311.67	3.465000
312.022	3.465000
312.022	3.362000
312.374	3.362000
312.374	3.285000
312.726	3.285000
312.726	2.908000
313.077	2.908000
313.077	2.930000
313.428	2.930000
313.428	2.957000
313.779	2.957000
313.779	3.230000
314.126	3.230000
314.126	3.294000
314.473	3.294000
314.473	3.322000
314.82	3.322000
314.82	5.449000
315.164	5.449000
315.164	5.266000
315.508	5.266000
315.508	5.430000
315.852	5.430000
315.852	3.732000
316.207	3.732000
316.207	3.694000
316.562	3.694000
316.562	3.474000
316.917	3.474000
316.917	3.362000
317.27	3.362000
317.27	3.375000
317.623	3.375000
317.623	3.242000
317.976	3.242000
317.976	5.704000
318.326	5.704000
318.326	4.889000
318.676	4.889000
318.676	5.106000
319.026	5.106000
319.026	3.423000
319.38	3.423000
319.38	3.274000
319.734	3.274000
319.734	3.619000
320.087	3.619000
320.087	5.662000
320.437	5.662000
320.437	5.116000
320.788	5.116000
320.788	4.593000
321.14	4.593000
321.14	4.845000
321.483	4.845000
321.483	4.042000
321.826	4.042000
321.826	4.908000
322.168	4.908000
322.168	4.139000
322.52	4.139000
322.52	4.237000
322.872	4.237000
322.872	4.483000
323.224	4.483000
323.224	3.842000
323.574	3.842000
323.574	3.507000
323.924	3.507000
323.924	3.754000
324.274	3.754000
324.274	6.831000
324.626	6.831000
324.626	6.523000
324.978	6.523000
324.978	6.064000
325.33	6.064000
325.33	8.542000
325.677	8.542000
325.677	8.568000
326.024	8.568000
326.024	8.573000
326.372	8.573000
326.372	4.268000
326.717	4.268000
326.717	3.565000
327.062	3.565000
327.062	4.107000
327.407	4.107000
327.407	3.514000
327.76	3.514000
327.76	3.628000
328.113	3.628000
328.113	3.545000
328.465	3.545000
328.465	3.827000
328.813	3.827000
328.813	3.561000
329.161	3.561000
329.161	3.483000
329.509	3.483000
329.509	4.942000
329.832	4.942000
329.832	4.076000
330.155	4.076000
330.155	4.468000
330.477	4.468000
330.477	2.433000
330.828	2.433000
330.828	2.524000
331.179	2.524000
331.179	2.678000
331.53	2.678000
331.53	3.105000
331.883	3.105000
331.883	2.946000
332.236	2.946000
332.236	2.842000
332.589	2.842000
332.589	6.853000
332.925	6.853000
332.925	7.260000
333.261	7.260000
333.261	6.860000
333.597	6.860000
333.597	4.309000
333.943	4.309000
333.943	4.520000
334.29	4.520000
334.29	4.349000
334.637	4.349000
334.637	9.164000
334.979	9.164000
334.979	8.537000
335.321	8.537000
335.321	4.895000
335.663	4.895000
335.663	4.812000
336.005	4.812000
336.005	4.879000
336.346	4.879000
336.346	5.664000
336.7	5.664000
336.7	5.736000
337.054	5.736000
337.054	4.937000
337.408	4.937000
337.408	3.983000
337.76	3.983000
337.76	3.863000
338.112	3.863000
338.112	3.933000
338.465	3.933000
338.465	3.738000
338.818	3.738000
338.818	3.766000
339.171	3.766000
339.171	3.677000
339.524	3.677000
339.524	6.370000
339.852	6.370000
339.852	7.433000
340.18	7.433000
340.18	7.492000
340.508	7.492000
340.508	4.505000
340.836	4.505000
340.836	5.177000
341.163	5.177000
341.163	4.142000
341.491	4.142000
341.491	3.409000
341.845	3.409000
341.845	2.546000
342.199	2.546000
342.199	3.471000
342.553	3.471000
342.553	4.060000
342.899	4.060000
342.899	5.137000
343.245	5.137000
343.245	5.029000
343.591	5.029000
343.591	4.513000
343.934	4.513000
343.934	4.311000
344.277	4.311000
344.277	4.266000
344.62	4.266000
344.62	4.732000
344.953	4.732000
344.953	3.459000
345.288	3.459000
345.288	4.596000
345.623	4.596000
345.623	4.312000
345.951	4.312000
345.951	4.603000
346.279	4.603000
346.279	4.803000
346.607	4.803000
346.607	6.374000
346.947	6.374000
346.947	7.559000
347.286	7.559000
347.286	7.701000
347.626	7.701000
347.626	5.738000
347.97	5.738000
347.97	6.426000
348.314	6.426000
348.314	6.987000
348.658	6.987000
348.658	6.737000
349.012	6.737000
349.012	6.484000
349.366	6.484000
349.366	6.371000
349.72	6.371000
349.72	9.391000
350.042	9.391000
350.042	9.464000
350.365	9.464000
350.365	7.052000
350.709	7.052000
350.709	7.554000
351.053	7.554000
351.053	7.125000
351.396	7.125000
351.396	3.824000
351.75	3.824000
351.75	3.720000
352.104	3.720000
352.104	3.482000
352.458	3.482000
352.458	4.432000
352.799	4.432000
352.799	3.587000
353.14	3.587000
353.14	3.826000
353.481	3.826000
353.481	4.293000
353.831	4.293000
353.831	4.506000
354.181	4.506000
354.181	4.451000
354.531	4.451000
354.531	8.657000
354.874	8.657000
354.874	8.060000
355.217	8.060000
355.217	7.206000
355.56	7.206000
355.56	5.371000
355.911	5.371000
355.911	5.180000
356.262	5.180000
356.262	5.214000
356.613	5.214000
356.613	7.771000
356.95	7.771000
356.95	7.956000
357.287	7.956000
357.287	7.415000
357.625	7.415000
357.625	3.730000
357.973	3.730000
357.973	2.942000
358.321	2.942000
358.321	3.256000
358.669	3.256000
358.669	2.832000
359.023	2.832000
359.023	2.695000
359.377	2.695000
359.377	2.825000
359.731	2.825000
359.731	2.891000
360.081	2.891000
360.081	2.979000
360.431	2.979000
360.431	2.865000
360.78	2.865000
360.78	3.508000
361.133	3.508000
361.133	2.553000
361.486	2.553000
361.486	2.481000
361.838	2.481000
361.838	2.613000
362.187	2.613000
362.187	3.033000
362.537	3.033000
362.537	3.197000
362.886	3.197000
362.886	4.146000
363.234	4.146000
363.234	4.000000
363.582	4.000000
363.582	3.843000
363.93	3.843000
363.93	7.433000
364.272	7.433000
364.272	7.316000
364.615	7.316000
364.615	8.022000
364.958	8.022000
364.958	4.951000
365.305	4.951000
365.305	5.006000
365.652	5.006000
365.652	4.965000
365.998	4.965000
365.998	4.336000
366.351	4.336000
366.351	3.838000
366.704	3.838000
366.704	3.992000
367.057	3.992000
367.057	7.637000
367.385	7.637000
367.385	7.042000
367.713	7.042000
367.713	6.946000
368.041	6.946000
368.041	4.904000
368.391	4.904000
368.391	4.843000
368.741	4.843000
368.741	4.627000
369.091	4.627000
369.091	5.786000
369.445	5.786000
369.445	5.862000
369.799	5.862000
369.799	6.457000
370.153	6.457000
370.153	6.319000
370.493	6.319000
370.493	5.452000
370.833	5.452000
370.833	6.918000
371.173	6.918000
371.173	5.760000
371.514	5.760000
371.514	5.556000
371.854	5.556000
371.854	5.736000
372.195	5.736000
372.195	6.393000
372.541	6.393000
372.541	5.966000
372.887	5.966000
372.887	5.958000
373.233	5.958000
373.233	5.443000
373.582	5.443000
373.582	5.556000
373.931	5.556000
373.931	5.289000
374.279	5.289000
374.279	3.340000
374.63	3.340000
374.63	3.092000
374.981	3.092000
374.981	3.078000
375.332	3.078000
375.332	4.576000
375.662	4.576000
375.662	5.199000
375.992	5.199000
375.992	5.581000
376.323	5.581000
376.323	2.924000
376.676	2.924000
376.676	2.636000
377.029	2.636000
377.029	2.543000
377.382	2.543000
377.382	2.588000
377.736	2.588000
377.736	1.912000
378.09	1.912000
378.09	2.137000
378.444	2.137000
378.444	5.132000
378.789	5.132000
378.789	5.796000
379.134	5.796000
379.134	5.844000
379.479	5.844000
379.479	2.882000
379.83	2.882000
379.83	3.246000
380.181	3.246000
380.181	3.896000
380.532	3.896000
380.532	4.258000
380.881	4.258000
380.881	3.742000
381.23	3.742000
381.23	3.333000
381.579	3.333000
381.579	5.760000
381.929	5.760000
381.929	5.743000
382.279	5.743000
382.279	5.915000
382.63	5.915000
382.63	5.773000
382.982	5.773000
382.982	5.772000
383.334	5.772000
383.334	5.648000
383.686	5.648000
383.686	9.608000
384.017	9.608000
384.017	9.254000
384.348	9.254000
384.348	9.801000
384.679	9.801000
384.679	7.356000
385.013	7.356000
385.013	7.208000
385.348	7.208000
385.348	8.087000
385.682	8.087000
385.682	9.259000
385.967	9.259000
385.967	7.479000
386.303	7.479000
386.303	7.542000
386.639	7.542000
386.639	5.990000
386.974	5.990000
386.974	4.636000
387.326	4.636000
387.326	4.158000
387.678	4.158000
387.678	5.323000
388.03	5.323000
388.03	9.437000
388.355	9.437000
388.355	9.777000
388.68	9.777000
388.68	8.991000
389.004	8.991000
389.004	6.366000
389.328	6.366000
389.328	7.279000
389.652	7.279000
389.652	6.463000
389.975	6.463000
389.975	7.323000
390.291	7.323000
390.291	7.068000
390.607	7.068000
390.607	7.768000
390.923	7.768000
390.923	3.159000
391.273	3.159000
391.273	3.200000
391.623	3.200000
391.623	2.823000
391.973	2.823000
391.973	4.410000
392.321	4.410000
392.321	4.372000
392.669	4.372000
392.669	4.397000
393.018	4.397000
393.018	4.710000
393.332	4.710000
393.332	5.199000
393.646	5.199000
393.646	6.164000
393.96	6.164000
393.96	2.561000
394.309	2.561000
394.309	2.907000
394.658	2.907000
394.658	2.982000
395.007	2.982000
395.007	4.517000
395.349	4.517000
395.349	4.211000
395.691	4.211000
395.691	3.514000
396.033	3.514000
396.033	3.640000
396.383	3.640000
396.383	3.546000
396.733	3.546000
396.733	4.045000
397.083	4.045000
397.083	7.142000
397.432	7.142000
397.432	6.845000
397.78	6.845000
397.78	7.158000
398.129	7.158000
398.129	8.842000
398.424	8.842000
398.424	9.276000
398.719	9.276000
398.719	8.726000
399.013	8.726000
399.013	5.045000
399.36	5.045000
399.36	5.158000
399.707	5.158000
399.707	5.772000
400.054	5.772000
400.054	6.934000
400.406	6.934000
400.406	6.892000
400.757	6.892000
400.757	5.940000
401.108	5.940000
401.108	3.598000
401.459	3.598000
401.459	3.444000
401.81	3.444000
401.81	4.103000
402.161	4.103000
402.161	8.959000
402.483	8.959000
402.483	9.363000
402.805	9.363000
402.805	8.955000
403.127	8.955000
403.127	9.150000
403.42	9.150000
403.42	6.345000
403.75	6.345000
403.75	6.554000
404.08	6.554000
404.08	5.676000
404.409	5.676000
404.409	4.237000
404.755	4.237000
404.755	4.587000
405.101	4.587000
405.101	4.266000
405.447	4.266000
405.447	6.780000
405.743	6.780000
405.743	6.911000
406.039	6.911000
406.039	8.179000
406.335	8.179000
406.335	4.013000
406.686	4.013000
406.686	3.767000
407.037	3.767000
407.037	3.037000
407.388	3.037000
407.388	5.027000
407.733	5.027000
407.733	5.588000
408.078	5.588000
408.078	5.610000
408.423	5.610000
408.423	8.360000
408.711	8.360000
408.711	7.153000
408.999	7.153000
408.999	8.108000
409.287	8.108000
409.287	3.086000
409.637	3.086000
409.637	3.243000
409.987	3.243000
409.987	3.524000
410.337	3.524000
410.337	3.029000
410.687	3.029000
410.687	3.969000
411.038	3.969000
411.038	3.696000
411.389	3.696000
411.389	9.804000
411.677	9.804000
411.677	9.227000
411.966	9.227000
411.966	9.879000
412.255	9.879000
412.255	4.777000
412.6	4.777000
412.6	4.978000
412.945	4.978000
412.945	5.635000
413.289	5.635000
413.289	7.157000
413.625	7.157000
413.625	7.842000
413.961	7.842000
413.961	7.521000
414.297	7.521000
414.297	9.138000
414.576	9.138000
414.576	9.091000
414.855	9.091000
414.855	9.953000
415.134	9.953000
415.134	5.149000
415.481	5.149000
415.481	5.072000
415.828	5.072000
415.828	5.796000
416.175	5.796000
416.175	4.662000
416.527	4.662000
416.527	4.602000
416.879	4.602000
416.879	5.007000
417.231	5.007000
417.231	4.168000
417.579	4.168000
417.579	4.129000
417.927	4.129000
417.927	4.569000
418.275	4.569000
418.275	7.719000
418.615	7.719000
418.615	8.051000
418.955	8.051000
418.955	8.157000
419.295	8.157000
419.295	4.263000
419.643	4.263000
419.643	4.158000
419.991	4.158000
419.991	4.272000
420.339	4.272000
420.339	7.419000
420.609	7.419000
420.609	7.284000
420.879	7.284000
420.879	8.808000
421.149	8.808000
421.149	3.556000
421.469	3.556000
421.469	3.659000
421.788	3.659000
421.788	3.883000
422.108	3.883000
422.108	4.817000
422.455	4.817000
422.455	5.028000
422.802	5.028000
422.802	5.227000
423.149	5.227000
423.149	6.795000
423.425	6.795000
423.425	7.296000
423.701	7.296000
423.701	7.611000
423.977	7.611000
423.977	3.314000
424.329	3.314000
424.329	3.532000
424.681	3.532000
424.681	2.805000
425.033	2.805000
425.033	3.056000
425.358	3.056000
425.358	3.408000
425.683	3.408000
425.683	4.452000
426.008	4.452000
426.008	9.946000
426.308	9.946000
426.308	6.802000
426.651	6.802000
426.651	6.964000
426.994	6.964000
426.994	7.621000
427.337	7.621000
427.337	7.659000
427.672	7.659000
427.672	7.596000
428.007	7.596000
428.007	8.277000
428.342	8.277000
428.342	6.763000
428.676	6.763000
428.676	6.554000
429.01	6.554000
429.01	6.443000
429.344	6.443000
429.344	6.473000
429.696	6.473000
429.696	6.861000
430.048	6.861000
430.048	6.773000
430.4	6.773000
430.4	8.159000
430.696	8.159000
430.696	8.425000
430.992	8.425000
430.992	8.333000
431.288	8.333000
431.288	7.947000
431.638	7.947000
431.638	7.918000
431.988	7.918000
431.988	6.995000
432.338	6.995000
432.338	9.753000
432.607	9.753000
432.607	9.762000
432.876	9.762000
432.876	3.627000
433.23	3.627000
433.23	3.959000
433.584	3.959000
433.584	3.430000
433.938	3.430000
433.938	9.410000
434.253	9.410000
434.253	9.794000
434.568	9.794000
434.568	2.855000
434.919	2.855000
434.919	2.887000
435.27	2.887000
435.27	2.368000
435.62	2.368000
435.62	5.448000
435.962	5.448000
435.962	5.826000
436.304	5.826000
436.304	5.426000
436.646	5.426000
436.646	5.567000
436.996	5.567000
436.996	5.240000
437.346	5.240000
437.346	6.254000
437.696	6.254000
437.696	5.090000
438.029	5.090000
438.029	5.952000
438.362	5.952000
438.362	6.787000
438.695	6.787000
438.695	4.373000
439.041	4.373000
439.041	4.182000
439.387	4.182000
439.387	4.745000
439.733	4.745000
