0.0	7.300000
0.352	7.300000
0.352	6.990000
0.704	6.990000
0.704	6.743000
1.056	6.743000
1.056	6.847000
1.373	6.847000
1.373	7.127000
1.689	7.127000
1.689	8.121000
2.006	8.121000
2.006	6.296000
2.358	6.296000
2.358	6.329000
2.71	6.329000
2.71	6.119000
3.062	6.119000
3.062	7.669000
3.379	7.669000
3.379	8.346000
3.696	8.346000
3.696	8.207000
4.013	8.207000
4.013	6.494000
4.33	6.494000
4.33	6.301000
4.647	6.301000
4.647	6.894000
4.964	6.894000
4.964	7.383000
5.281	7.383000
5.281	7.561000
5.599	7.561000
5.599	8.127000
5.917	8.127000
5.917	6.206000
6.269	6.206000
6.269	5.916000
6.621	5.916000
6.621	5.607000
6.973	5.607000
6.973	8.003000
7.289	8.003000
7.289	7.777000
7.606	7.777000
7.606	7.829000
7.923	7.829000
7.923	7.160000
8.24	7.160000
8.24	7.296000
8.557	7.296000
8.557	6.701000
8.874	6.701000
8.874	8.195000
9.189	8.195000
9.189	7.916000
9.506	7.916000
9.506	7.932000
9.823	7.932000
9.823	6.148000
10.174	6.148000
10.174	6.387000
10.525	6.387000
10.525	6.010000
10.876	6.010000
10.876	7.566000
11.192	7.566000
11.192	7.258000
11.508	7.258000
11.508	7.377000
11.824	7.377000
11.824	7.050000
12.141	7.050000
12.141	6.353000
12.458	6.353000
12.458	6.026000
12.775	6.026000
12.775	7.787000
13.091	7.787000
13.091	8.156000
13.408	8.156000
13.408	7.988000
13.725	7.988000
13.725	5.508000
14.042	5.508000
14.042	6.322000
14.359	6.322000
14.359	6.327000
14.676	6.327000
14.676	8.129000
14.993	8.129000
14.993	8.075000
15.31	8.075000
15.31	8.160000
15.627	8.160000
15.627	6.230000
15.979	6.230000
15.979	6.259000
16.331	6.259000
16.331	6.226000
16.683	6.226000
16.683	8.011000
16.999	8.011000
16.999	7.996000
17.315	7.996000
17.315	8.027000
17.631	8.027000
17.631	6.732000
17.983	6.732000
17.983	6.618000
18.335	6.618000
18.335	6.864000
18.687	6.864000
18.687	7.284000
19.003	7.284000
19.003	7.745000
19.319	7.745000
19.319	7.806000
19.636	7.806000
19.636	6.076000
19.907	6.076000
19.907	6.798000
20.177	6.798000
20.177	6.514000
20.448	6.514000
20.448	7.720000
20.764	7.720000
20.764	8.052000
21.08	8.052000
21.08	8.510000
21.396	8.510000
21.396	6.827000
21.713	6.827000
21.713	7.137000
22.03	7.137000
22.03	6.426000
22.346	6.426000
22.346	7.458000
22.663	7.458000
22.663	8.094000
22.98	8.094000
22.98	8.066000
23.297	8.066000
23.297	7.863000
23.614	7.863000
23.614	7.887000
23.931	7.887000
23.931	7.817000
24.248	7.817000
24.248	7.454000
24.565	7.454000
24.565	8.193000
24.883	8.193000
24.883	8.196000
25.201	8.196000
25.201	6.994000
25.517	6.994000
25.517	7.270000
25.833	7.270000
25.833	7.061000
26.15	7.061000
26.15	7.967000
26.467	7.967000
26.467	8.337000
26.784	8.337000
26.784	8.490000
27.101	8.490000
27.101	6.353000
27.418	6.353000
27.418	6.701000
27.735	6.701000
27.735	6.377000
28.052	6.377000
28.052	7.675000
28.37	7.675000
28.37	8.248000
28.688	8.248000
28.688	8.417000
29.005	8.417000
29.005	5.706000
29.322	5.706000
29.322	5.948000
29.638	5.948000
29.638	5.512000
29.954	5.512000
29.954	7.732000
30.27	7.732000
30.27	7.976000
30.587	7.976000
30.587	8.252000
30.903	8.252000
30.903	6.778000
31.22	6.778000
31.22	6.560000
31.536	6.560000
31.536	6.608000
31.852	6.608000
31.852	7.381000
32.169	7.381000
32.169	7.968000
32.486	7.968000
32.486	8.241000
32.803	8.241000
32.803	5.026000
33.114	5.026000
33.114	4.917000
33.425	4.917000
33.425	4.754000
33.736	4.754000
33.736	7.898000
34.053	7.898000
34.053	8.074000
34.37	8.074000
34.37	8.607000
34.687	8.607000
34.687	7.674000
35.004	7.674000
35.004	7.389000
35.32	7.389000
35.32	7.849000
35.636	7.849000
35.636	7.749000
35.954	7.749000
35.954	8.122000
36.272	8.122000
36.272	8.382000
36.59	8.382000
36.59	5.894000
36.941	5.894000
36.941	5.760000
37.293	5.760000
37.293	5.838000
37.645	5.838000
37.645	7.536000
37.962	7.536000
37.962	8.078000
38.279	8.078000
38.279	7.962000
38.596	7.962000
38.596	6.524000
38.913	6.524000
38.913	6.926000
39.23	6.926000
39.23	6.408000
39.547	6.408000
39.547	7.539000
39.863	7.539000
39.863	8.189000
40.18	8.189000
40.18	8.376000
40.497	8.376000
40.497	6.637000
40.849	6.637000
40.849	6.866000
41.201	6.866000
41.201	6.295000
41.553	6.295000
41.553	6.843000
41.871	6.843000
41.871	7.852000
42.189	7.852000
42.189	7.928000
42.507	7.928000
42.507	5.880000
42.824	5.880000
42.824	6.204000
43.141	6.204000
43.141	5.558000
43.458	5.558000
43.458	8.045000
43.763	8.045000
43.763	7.778000
44.068	7.778000
44.068	7.885000
44.373	7.885000
44.373	5.405000
44.691	5.405000
44.691	5.485000
45.009	5.485000
45.009	5.069000
45.327	5.069000
45.327	7.298000
45.643	7.298000
45.643	7.667000
45.96	7.667000
45.96	7.819000
46.277	7.819000
46.277	6.560000
46.594	6.560000
46.594	6.720000
46.91	6.720000
46.91	6.236000
47.226	6.236000
47.226	9.922000
47.544	9.922000
47.544	7.364000
47.86	7.364000
47.86	7.528000
48.175	7.528000
48.175	6.770000
48.491	6.770000
48.491	8.072000
48.809	8.072000
48.809	7.808000
49.127	7.808000
49.127	7.991000
49.445	7.991000
49.445	6.156000
49.763	6.156000
49.763	6.527000
50.081	6.527000
50.081	5.998000
50.399	5.998000
50.399	7.431000
50.715	7.431000
50.715	7.800000
51.031	7.800000
51.031	7.895000
51.347	7.895000
51.347	6.094000
51.699	6.094000
51.699	6.004000
52.051	6.004000
52.051	5.905000
52.403	5.905000
52.403	8.128000
52.719	8.128000
52.719	8.096000
53.035	8.096000
53.035	8.417000
53.351	8.417000
53.351	6.829000
53.667	6.829000
53.667	6.338000
53.984	6.338000
53.984	6.262000
54.3	6.262000
54.3	7.117000
54.618	7.117000
54.618	8.019000
54.936	8.019000
54.936	7.887000
55.254	7.887000
55.254	6.487000
55.572	6.487000
55.572	6.497000
55.89	6.497000
55.89	6.137000
56.208	6.137000
56.208	8.004000
56.523	8.004000
56.523	8.434000
56.839	8.434000
56.839	8.414000
57.155	8.414000
57.155	8.057000
57.471	8.057000
57.471	7.769000
57.788	7.769000
57.788	7.750000
58.104	7.750000
58.104	6.815000
58.42	6.815000
58.42	6.509000
58.737	6.509000
58.737	6.520000
59.054	6.520000
59.054	7.829000
59.371	7.829000
59.371	8.322000
59.687	8.322000
59.687	8.133000
60.004	8.133000
60.004	6.568000
60.321	6.568000
60.321	6.632000
60.638	6.632000
60.638	6.250000
60.955	6.250000
60.955	7.559000
61.272	7.559000
61.272	7.985000
61.589	7.985000
61.589	7.785000
61.906	7.785000
61.906	8.614000
62.258	8.614000
62.258	8.246000
62.61	8.246000
62.61	8.399000
62.962	8.399000
62.962	9.739000
63.203	9.739000
63.203	9.929000
63.444	9.929000
63.444	6.806000
63.761	6.806000
63.761	6.694000
64.078	6.694000
64.078	6.389000
64.395	6.389000
64.395	8.306000
64.711	8.306000
64.711	8.169000
65.027	8.169000
65.027	8.328000
65.343	8.328000
65.343	7.037000
65.659	7.037000
65.659	6.942000
65.976	6.942000
65.976	6.703000
66.292	6.703000
66.292	8.315000
66.609	8.315000
66.609	8.181000
66.926	8.181000
66.926	8.170000
67.243	8.170000
67.243	6.340000
67.56	6.340000
67.56	6.452000
67.877	6.452000
67.877	6.281000
68.194	6.281000
68.194	8.314000
68.511	8.314000
68.511	8.010000
68.828	8.010000
68.828	8.352000
69.145	8.352000
69.145	5.717000
69.462	5.717000
69.462	5.451000
69.779	5.451000
69.779	5.615000
70.096	5.615000
70.096	8.057000
70.412	8.057000
70.412	8.069000
70.729	8.069000
70.729	7.994000
71.046	7.994000
71.046	6.453000
71.363	6.453000
71.363	6.821000
71.68	6.821000
71.68	6.900000
71.996	6.900000
71.996	8.733000
72.311	8.733000
72.311	8.102000
72.628	8.102000
72.628	8.545000
72.945	8.545000
72.945	7.832000
73.295	7.832000
73.295	7.624000
73.646	7.624000
73.646	7.725000
73.997	7.725000
73.997	7.399000
74.314	7.399000
74.314	7.975000
74.631	7.975000
74.631	8.031000
74.948	8.031000
74.948	7.915000
75.264	7.915000
75.264	7.418000
75.581	7.418000
75.581	7.832000
75.898	7.832000
75.898	7.696000
76.214	7.696000
76.214	8.169000
76.531	8.169000
76.531	8.237000
76.848	8.237000
76.848	6.457000
77.165	6.457000
77.165	5.779000
77.482	5.779000
77.482	5.852000
77.799	5.852000
77.799	7.742000
78.116	7.742000
78.116	8.116000
78.433	8.116000
78.433	8.317000
78.75	8.317000
78.75	7.043000
79.066	7.043000
79.066	6.957000
79.382	6.957000
79.382	6.963000
79.698	6.963000
79.698	6.528000
80.014	6.528000
80.014	6.777000
80.33	6.777000
80.33	6.734000
80.646	6.734000
80.646	8.292000
80.962	8.292000
80.962	8.621000
81.279	8.621000
81.279	8.866000
81.596	8.866000
81.596	7.889000
81.913	7.889000
81.913	7.235000
82.23	7.235000
82.23	7.537000
82.547	7.537000
82.547	6.965000
82.864	6.965000
82.864	7.591000
83.181	7.591000
83.181	7.858000
83.498	7.858000
83.498	6.474000
83.85	6.474000
83.85	6.078000
84.202	6.078000
84.202	5.814000
84.554	5.814000
84.554	7.753000
84.87	7.753000
84.87	7.687000
85.186	7.687000
85.186	7.694000
85.502	7.694000
85.502	9.971000
85.819	9.971000
85.819	8.343000
86.136	8.343000
86.136	8.162000
86.453	8.162000
86.453	8.127000
86.77	8.127000
86.77	5.722000
87.088	5.722000
87.088	6.048000
87.406	6.048000
87.406	6.097000
87.724	6.097000
87.724	7.956000
88.041	7.956000
88.041	7.638000
88.358	7.638000
88.358	7.610000
88.675	7.610000
88.675	6.278000
88.992	6.278000
88.992	6.006000
89.309	6.006000
89.309	5.617000
89.626	5.617000
89.626	8.183000
89.943	8.183000
89.943	7.740000
90.26	7.740000
90.26	7.768000
90.577	7.768000
90.577	6.066000
90.928	6.066000
90.928	6.224000
91.279	6.224000
91.279	6.035000
91.63	6.035000
91.63	8.167000
91.947	8.167000
91.947	7.935000
92.264	7.935000
92.264	7.916000
92.581	7.916000
92.581	6.755000
92.898	6.755000
92.898	6.918000
93.215	6.918000
93.215	6.299000
93.532	6.299000
93.532	8.609000
93.849	8.609000
93.849	8.360000
94.166	8.360000
94.166	8.323000
94.483	8.323000
94.483	7.396000
94.799	7.396000
94.799	7.800000
95.115	7.800000
95.115	7.532000
95.43	7.532000
95.43	7.994000
95.746	7.994000
95.746	7.763000
96.061	7.763000
96.061	8.032000
96.377	8.032000
96.377	7.944000
96.692	7.944000
96.692	8.918000
97.007	8.918000
97.007	8.956000
97.322	8.956000
97.322	5.960000
97.638	5.960000
97.638	6.381000
97.954	6.381000
97.954	6.562000
98.271	6.562000
98.271	7.937000
98.587	7.937000
98.587	8.047000
98.904	8.047000
98.904	8.154000
99.221	8.154000
99.221	6.187000
99.538	6.187000
99.538	6.371000
99.854	6.371000
99.854	6.588000
100.17	6.588000
100.17	7.528000
100.465	7.528000
100.465	8.122000
100.758	8.122000
100.758	8.300000
101.051	8.300000
101.051	6.524000
101.368	6.524000
101.368	6.521000
101.685	6.521000
101.685	6.174000
102.002	6.174000
102.002	7.610000
102.319	7.610000
102.319	7.894000
102.636	7.894000
102.636	8.254000
102.953	8.254000
102.953	5.962000
103.27	5.962000
103.27	5.897000
103.587	5.897000
103.587	5.565000
103.904	5.565000
103.904	7.791000
104.221	7.791000
104.221	7.679000
104.538	7.679000
104.538	8.045000
104.855	8.045000
104.855	6.001000
105.207	6.001000
105.207	6.252000
105.559	6.252000
105.559	5.430000
105.911	5.430000
105.911	8.049000
106.228	8.049000
106.228	8.077000
106.545	8.077000
106.545	8.253000
106.862	8.253000
106.862	5.382000
107.138	5.382000
107.138	4.997000
107.412	4.997000
107.412	4.986000
107.687	4.986000
107.687	7.619000
108.004	7.619000
108.004	7.904000
108.321	7.904000
108.321	8.214000
108.638	8.214000
108.638	6.140000
108.956	6.140000
108.956	6.174000
109.274	6.174000
109.274	5.888000
109.592	5.888000
109.592	7.490000
109.909	7.490000
109.909	8.215000
110.226	8.215000
110.226	8.573000
110.543	8.573000
110.543	6.445000
110.859	6.445000
110.859	6.554000
111.175	6.554000
111.175	6.203000
111.491	6.203000
111.491	7.312000
111.808	7.312000
111.808	7.464000
112.125	7.464000
112.125	7.957000
112.442	7.957000
112.442	6.218000
112.759	6.218000
112.759	6.677000
113.076	6.677000
113.076	6.090000
113.393	6.090000
113.393	7.608000
113.71	7.608000
113.71	7.707000
114.027	7.707000
114.027	8.327000
114.344	8.327000
114.344	5.192000
114.655	5.192000
114.655	5.404000
114.966	5.404000
114.966	5.170000
115.277	5.170000
115.277	7.267000
115.594	7.267000
115.594	7.508000
115.911	7.508000
115.911	8.110000
116.228	8.110000
116.228	8.215000
116.545	8.215000
116.545	7.418000
116.862	7.418000
116.862	8.005000
117.179	8.005000
117.179	7.938000
117.494	7.938000
117.494	8.311000
117.811	8.311000
117.811	8.352000
118.128	8.352000
118.128	7.060000
118.444	7.060000
118.444	6.260000
118.76	6.260000
118.76	6.860000
119.077	6.860000
119.077	7.728000
119.393	7.728000
119.393	8.413000
119.71	8.413000
119.71	8.395000
120.027	8.395000
120.027	6.898000
120.379	6.898000
120.379	6.725000
120.731	6.725000
120.731	6.505000
121.083	6.505000
121.083	6.284000
121.434	6.284000
121.434	6.146000
121.785	6.146000
121.785	5.498000
122.136	5.498000
122.136	8.006000
122.452	8.006000
122.452	8.238000
122.769	8.238000
122.769	8.212000
123.086	8.212000
123.086	8.427000
123.403	8.427000
123.403	8.079000
123.719	8.079000
123.719	8.024000
124.035	8.024000
124.035	7.742000
124.352	7.742000
124.352	7.747000
124.669	7.747000
124.669	7.749000
124.986	7.749000
124.986	6.723000
125.251	6.723000
125.251	6.691000
125.516	6.691000
125.516	6.434000
125.781	6.434000
125.781	7.807000
126.098	7.807000
126.098	7.628000
126.415	7.628000
126.415	7.637000
126.732	7.637000
126.732	6.573000
127.048	6.573000
127.048	6.821000
127.364	6.821000
127.364	6.421000
127.68	6.421000
127.68	5.698000
128.032	5.698000
128.032	5.923000
128.383	5.923000
128.383	5.487000
128.735	5.487000
128.735	8.022000
129.051	8.022000
129.051	8.077000
129.368	8.077000
129.368	8.255000
129.685	8.255000
129.685	8.038000
130.001	8.038000
130.001	8.364000
130.316	8.364000
130.316	7.765000
130.632	7.765000
130.632	7.974000
130.948	7.974000
130.948	7.884000
131.265	7.884000
131.265	8.062000
131.582	8.062000
131.582	6.181000
131.899	6.181000
131.899	6.798000
132.216	6.798000
132.216	5.990000
132.533	5.990000
132.533	8.598000
132.849	8.598000
132.849	8.322000
133.166	8.322000
133.166	8.464000
133.483	8.464000
133.483	6.240000
133.8	6.240000
133.8	6.648000
134.117	6.648000
134.117	5.527000
134.434	5.527000
134.434	8.490000
134.751	8.490000
134.751	8.736000
135.068	8.736000
135.068	8.751000
135.385	8.751000
135.385	6.325000
135.701	6.325000
135.701	6.685000
136.017	6.685000
136.017	5.718000
136.333	5.718000
136.333	8.455000
136.649	8.455000
136.649	8.416000
136.966	8.416000
136.966	8.501000
137.283	8.501000
137.283	6.631000
137.599	6.631000
137.599	6.712000
137.915	6.712000
137.915	6.813000
138.231	6.813000
138.231	7.561000
138.547	7.561000
138.547	7.999000
138.864	7.999000
138.864	8.000000
139.181	8.000000
139.181	7.429000
139.498	7.429000
139.498	7.671000
139.815	7.671000
139.815	7.683000
140.132	7.683000
140.132	5.502000
140.449	5.502000
140.449	5.068000
140.766	5.068000
140.766	5.038000
141.083	5.038000
141.083	6.922000
141.399	6.922000
141.399	7.613000
141.715	7.613000
141.715	7.456000
142.031	7.456000
142.031	8.859000
142.381	8.859000
142.381	8.786000
142.733	8.786000
142.733	8.775000
143.085	8.775000
143.085	7.401000
143.401	7.401000
143.401	7.605000
143.718	7.605000
143.718	7.646000
144.035	7.646000
144.035	6.386000
144.387	6.386000
144.387	6.387000
144.739	6.387000
144.739	6.850000
145.091	6.850000
145.091	8.053000
145.408	8.053000
145.408	8.259000
145.725	8.259000
145.725	8.430000
146.042	8.430000
146.042	8.059000
146.359	8.059000
146.359	7.648000
146.676	7.648000
146.676	7.872000
146.992	7.872000
146.992	7.605000
147.309	7.605000
147.309	7.960000
147.626	7.960000
147.626	8.397000
147.943	8.397000
147.943	7.028000
148.26	7.028000
148.26	6.487000
148.577	6.487000
148.577	6.737000
148.894	6.737000
148.894	7.512000
149.211	7.512000
149.211	7.636000
149.528	7.636000
149.528	8.002000
149.845	8.002000
149.845	6.595000
150.162	6.595000
150.162	6.441000
150.479	6.441000
150.479	6.133000
150.796	6.133000
150.796	7.580000
151.113	7.580000
151.113	7.394000
151.43	7.394000
151.43	7.725000
151.747	7.725000
151.747	6.527000
152.098	6.527000
152.098	6.266000
152.448	6.266000
152.448	5.999000
152.799	5.999000
152.799	6.900000
153.116	6.900000
153.116	7.047000
153.433	7.047000
153.433	7.326000
153.75	7.326000
153.75	5.894000
154.101	5.894000
154.101	6.045000
154.452	6.045000
154.452	5.990000
154.803	5.990000
154.803	7.653000
155.12	7.653000
155.12	8.248000
155.437	8.248000
155.437	8.520000
155.754	8.520000
155.754	6.636000
156.071	6.636000
156.071	6.529000
156.388	6.529000
156.388	6.269000
156.705	6.269000
156.705	7.421000
157.022	7.421000
157.022	7.730000
157.339	7.730000
157.339	8.083000
157.655	8.083000
157.655	6.214000
157.972	6.214000
157.972	6.483000
158.289	6.483000
158.289	6.013000
158.605	6.013000
158.605	7.534000
158.922	7.534000
158.922	8.271000
159.239	8.271000
159.239	8.255000
159.556	8.255000
159.556	6.507000
159.872	6.507000
159.872	6.011000
160.187	6.011000
160.187	5.764000
160.502	5.764000
160.502	7.720000
160.819	7.720000
160.819	8.009000
161.136	8.009000
161.136	7.999000
161.453	7.999000
161.453	7.653000
161.77	7.653000
161.77	7.615000
162.087	7.615000
162.087	7.840000
162.401	7.840000
162.401	6.877000
162.718	6.877000
162.718	7.737000
163.035	7.737000
163.035	7.663000
163.352	7.663000
163.352	6.307000
163.669	6.307000
163.669	6.436000
163.986	6.436000
163.986	6.350000
164.303	6.350000
164.303	7.270000
164.62	7.270000
164.62	7.547000
164.937	7.547000
164.937	7.673000
165.254	7.673000
165.254	6.184000
165.571	6.184000
165.571	6.567000
165.888	6.567000
165.888	6.580000
166.205	6.580000
166.205	7.397000
166.523	7.397000
166.523	7.461000
166.841	7.461000
166.841	7.488000
167.159	7.488000
167.159	6.133000
167.511	6.133000
167.511	5.776000
167.863	5.776000
167.863	5.754000
168.215	5.754000
168.215	7.797000
168.531	7.797000
168.531	7.931000
168.848	7.931000
168.848	7.972000
169.165	7.972000
169.165	6.984000
169.481	6.984000
169.481	6.246000
169.797	6.246000
169.797	6.613000
170.113	6.613000
170.113	7.788000
170.402	7.788000
170.402	8.725000
170.691	8.725000
170.691	8.744000
170.98	8.744000
170.98	6.564000
171.251	6.564000
171.251	6.382000
171.521	6.382000
171.521	6.183000
171.791	6.183000
171.791	7.786000
172.108	7.786000
172.108	8.163000
172.425	8.163000
172.425	8.112000
172.742	8.112000
172.742	6.675000
173.059	6.675000
173.059	6.628000
173.376	6.628000
173.376	7.074000
173.693	7.074000
173.693	7.569000
174.001	7.569000
174.001	8.164000
174.309	8.164000
174.309	8.135000
174.617	8.135000
174.617	6.185000
174.934	6.185000
174.934	6.340000
175.251	6.340000
175.251	6.383000
175.568	6.383000
175.568	8.087000
175.796	8.087000
175.796	9.050000
176.024	9.050000
176.024	9.070000
176.252	9.070000
176.252	6.029000
176.604	6.029000
176.604	5.961000
176.956	5.961000
176.956	6.167000
177.308	6.167000
177.308	7.614000
177.624	7.614000
177.624	8.062000
177.94	8.062000
177.94	8.008000
178.256	8.008000
178.256	5.897000
178.573	5.897000
178.573	6.085000
178.889	6.085000
178.889	6.192000
179.205	6.192000
179.205	7.552000
179.521	7.552000
179.521	7.892000
179.838	7.892000
179.838	7.921000
180.155	7.921000
180.155	6.550000
180.458	6.550000
180.458	6.010000
180.76	6.010000
180.76	5.925000
181.063	5.925000
181.063	7.404000
181.38	7.404000
181.38	7.809000
181.697	7.809000
181.697	7.753000
182.014	7.753000
182.014	7.581000
182.366	7.581000
182.366	7.653000
182.718	7.653000
182.718	7.505000
183.07	7.505000
183.07	7.879000
183.386	7.879000
183.386	7.649000
183.703	7.649000
183.703	8.053000
184.02	8.053000
184.02	7.826000
184.337	7.826000
184.337	7.887000
184.654	7.887000
184.654	7.728000
184.971	7.728000
184.971	8.193000
185.286	8.193000
185.286	8.125000
185.601	8.125000
185.601	8.476000
185.917	8.476000
185.917	8.544000
186.227	8.544000
186.227	8.116000
186.54	8.116000
186.54	8.500000
186.853	8.500000
186.853	8.448000
187.17	8.448000
187.17	9.026000
187.487	9.026000
187.487	8.527000
187.804	8.527000
187.804	8.138000
188.119	8.138000
188.119	7.628000
188.436	7.628000
188.436	8.205000
188.753	8.205000
188.753	6.486000
189.029	6.486000
189.029	6.530000
189.305	6.530000
189.305	6.467000
189.581	6.467000
189.581	9.289000
189.856	9.289000
189.856	8.921000
190.132	8.921000
190.132	9.110000
190.408	9.110000
190.408	5.928000
190.684	5.928000
190.684	6.311000
190.959	6.311000
190.959	5.694000
191.235	5.694000
191.235	8.147000
191.6	8.147000
191.6	8.243000
191.965	8.243000
191.965	8.425000
192.331	8.425000
192.331	6.401000
192.684	6.401000
192.684	6.390000
193.036	6.390000
193.036	5.986000
193.389	5.986000
193.389	8.134000
193.807	8.134000
193.807	7.621000
194.225	7.621000
194.225	7.870000
194.643	7.870000
194.643	6.480000
194.996	6.480000
194.996	6.843000
195.347	6.843000
195.347	6.197000
195.7	6.197000
195.7	8.011000
196.016	8.011000
196.016	8.076000
196.333	8.076000
196.333	8.280000
196.65	8.280000
196.65	5.885000
197.002	5.885000
197.002	6.302000
197.354	6.302000
197.354	5.434000
197.706	5.434000
197.706	7.416000
198.023	7.416000
198.023	7.349000
198.34	7.349000
198.34	7.424000
198.657	7.424000
198.657	6.404000
198.974	6.404000
198.974	6.492000
199.29	6.492000
199.29	6.379000
199.607	6.379000
199.607	8.045000
199.925	8.045000
199.925	7.845000
200.243	7.845000
200.243	7.892000
200.561	7.892000
200.561	3.854000
200.913	3.854000
200.913	4.018000
201.263	4.018000
201.263	3.659000
201.616	3.659000
201.616	8.380000
201.933	8.380000
201.933	7.752000
202.25	7.752000
202.25	7.915000
202.567	7.915000
202.567	6.977000
202.884	6.977000
202.884	7.526000
203.201	7.526000
203.201	6.597000
203.518	6.597000
203.518	8.438000
203.835	8.438000
203.835	8.137000
204.152	8.137000
204.152	8.202000
204.469	8.202000
204.469	6.858000
204.785	6.858000
204.785	6.376000
205.101	6.376000
205.101	6.424000
205.416	6.424000
205.416	7.780000
205.732	7.780000
205.732	7.816000
206.049	7.816000
206.049	7.796000
206.366	7.796000
206.366	7.225000
206.718	7.225000
206.718	7.257000
207.069	7.257000
207.069	6.964000
207.421	6.964000
207.421	8.081000
207.737	8.081000
207.737	8.190000
208.053	8.190000
208.053	8.063000
208.369	8.063000
208.369	6.276000
208.602	6.276000
208.602	6.477000
208.835	6.477000
208.835	6.560000
209.068	6.560000
209.068	7.852000
209.383	7.852000
209.383	8.073000
209.699	8.073000
209.699	8.013000
210.015	8.013000
210.015	6.135000
210.331	6.135000
210.331	6.300000
210.648	6.300000
210.648	6.381000
210.965	6.381000
210.965	8.640000
211.159	8.640000
211.159	8.574000
211.353	8.574000
211.353	8.477000
211.547	8.477000
211.547	6.733000
211.863	6.733000
211.863	6.974000
212.178	6.974000
212.178	7.023000
212.493	7.023000
212.493	8.254000
212.809	8.254000
212.809	8.031000
213.126	8.031000
213.126	8.111000
213.443	8.111000
213.443	6.772000
213.759	6.772000
213.759	7.110000
214.075	7.110000
214.075	6.970000
214.391	6.970000
214.391	7.859000
214.707	7.859000
214.707	8.268000
215.023	8.268000
215.023	8.139000
215.339	8.139000
215.339	6.715000
215.656	6.715000
215.656	6.654000
215.973	6.654000
215.973	6.260000
216.289	6.260000
216.289	8.093000
216.606	8.093000
216.606	7.935000
216.923	7.935000
216.923	8.034000
217.24	8.034000
217.24	7.085000
217.556	7.085000
217.556	7.450000
217.873	7.450000
217.873	6.813000
218.19	6.813000
218.19	7.661000
218.506	7.661000
218.506	7.732000
218.823	7.732000
218.823	7.883000
219.14	7.883000
219.14	6.809000
219.457	6.809000
219.457	7.489000
219.774	7.489000
219.774	6.518000
220.09	6.518000
220.09	8.517000
220.405	8.517000
220.405	8.056000
220.722	8.056000
220.722	8.568000
221.039	8.568000
221.039	5.823000
221.356	5.823000
221.356	5.775000
221.673	5.775000
221.673	5.602000
221.99	5.602000
221.99	7.892000
222.306	7.892000
222.306	7.645000
222.623	7.645000
222.623	8.173000
222.94	8.173000
222.94	5.859000
223.256	5.859000
223.256	6.286000
223.572	6.286000
223.572	5.959000
223.889	5.959000
223.889	8.115000
224.204	8.115000
224.204	8.212000
224.521	8.212000
224.521	8.280000
224.838	8.280000
224.838	6.579000
225.154	6.579000
225.154	7.121000
225.471	7.121000
225.471	6.404000
225.788	6.404000
225.788	9.003000
225.953	9.003000
225.953	9.061000
226.118	9.061000
226.118	9.530000
226.282	9.530000
226.282	6.644000
226.598	6.644000
226.598	6.971000
226.914	6.971000
226.914	6.987000
227.23	6.987000
227.23	8.135000
227.546	8.135000
227.546	8.143000
227.863	8.143000
227.863	8.134000
228.18	8.134000
228.18	7.403000
228.532	7.403000
228.532	7.179000
228.884	7.179000
228.884	7.015000
229.236	7.015000
229.236	7.381000
229.551	7.381000
229.551	7.418000
229.868	7.418000
229.868	7.216000
230.185	7.216000
230.185	6.179000
230.537	6.179000
230.537	6.115000
230.889	6.115000
230.889	6.041000
231.241	6.041000
231.241	8.297000
231.557	8.297000
231.557	8.156000
231.874	8.156000
231.874	8.211000
232.191	8.211000
232.191	7.159000
232.508	7.159000
232.508	6.831000
232.825	6.831000
232.825	7.013000
233.142	7.013000
233.142	6.504000
233.459	6.504000
233.459	6.724000
233.776	6.724000
233.776	6.714000
234.093	6.714000
234.093	7.891000
234.41	7.891000
234.41	8.040000
234.727	8.040000
234.727	8.206000
235.044	8.206000
235.044	8.324000
235.361	8.324000
235.361	8.235000
235.678	8.235000
235.678	8.291000
235.995	8.291000
235.995	8.332000
236.311	8.332000
236.311	8.566000
236.627	8.566000
236.627	8.512000
236.943	8.512000
236.943	6.870000
237.295	6.870000
237.295	7.001000
237.647	7.001000
237.647	5.830000
237.999	5.830000
237.999	8.344000
238.316	8.344000
238.316	7.907000
238.632	7.907000
238.632	8.045000
238.948	8.045000
238.948	6.446000
239.265	6.446000
239.265	7.054000
239.582	7.054000
239.582	6.788000
239.899	6.788000
239.899	7.909000
240.216	7.909000
240.216	7.785000
240.533	7.785000
240.533	7.771000
240.85	7.771000
240.85	5.575000
241.167	5.575000
241.167	6.340000
241.484	6.340000
241.484	5.979000
241.801	5.979000
241.801	7.972000
242.115	7.972000
242.115	7.505000
242.432	7.505000
242.432	7.598000
242.749	7.598000
242.749	7.832000
243.066	7.832000
243.066	8.014000
243.383	8.014000
243.383	6.983000
243.7	6.983000
243.7	8.061000
244.016	8.061000
244.016	7.700000
244.333	7.700000
244.333	7.572000
244.65	7.572000
244.65	6.377000
244.967	6.377000
244.967	6.814000
245.283	6.814000
245.283	5.978000
245.6	5.978000
245.6	8.091000
245.918	8.091000
245.918	7.923000
246.236	7.923000
246.236	7.874000
246.554	7.874000
246.554	7.883000
246.872	7.883000
246.872	8.026000
247.189	8.026000
247.189	7.163000
247.507	7.163000
247.507	7.953000
247.824	7.953000
247.824	7.922000
248.142	7.922000
248.142	7.995000
248.46	7.995000
248.46	6.020000
248.811	6.020000
248.811	5.711000
249.163	5.711000
249.163	5.653000
249.515	5.653000
249.515	9.755000
249.831	9.755000
249.831	7.829000
250.148	7.829000
250.148	8.079000
250.465	8.079000
250.465	7.890000
250.782	7.890000
250.782	8.148000
251.099	8.148000
251.099	8.226000
251.416	8.226000
251.416	8.306000
251.733	8.306000
251.733	7.205000
252.05	7.205000
252.05	6.533000
252.367	6.533000
252.367	6.636000
252.684	6.636000
252.684	8.626000
253.0	8.626000
253.0	8.288000
253.317	8.288000
253.317	8.358000
253.634	8.358000
253.634	6.535000
253.985	6.535000
253.985	5.961000
254.337	5.961000
254.337	6.424000
254.688	6.424000
254.688	8.282000
255.006	8.282000
255.006	8.134000
255.324	8.134000
255.324	8.054000
255.642	8.054000
255.642	6.477000
255.959	6.477000
255.959	6.075000
256.276	6.075000
256.276	6.582000
256.593	6.582000
256.593	8.792000
256.892	8.792000
256.892	8.301000
257.193	8.301000
257.193	7.988000
257.494	7.988000
257.494	6.507000
257.811	6.507000
257.811	6.546000
258.128	6.546000
258.128	6.530000
258.445	6.530000
258.445	7.972000
258.762	7.972000
258.762	7.881000
259.08	7.881000
259.08	8.003000
259.398	8.003000
259.398	6.242000
259.715	6.242000
259.715	6.140000
260.032	6.140000
260.032	6.082000
260.349	6.082000
260.349	8.044000
260.665	8.044000
260.665	8.199000
260.981	8.199000
260.981	8.276000
261.297	8.276000
261.297	9.133000
261.614	9.133000
261.614	9.986000
261.93	9.986000
261.93	9.928000
262.246	9.928000
262.246	8.125000
262.561	8.125000
262.561	8.614000
262.878	8.614000
262.878	8.493000
263.195	8.493000
263.195	7.200000
263.506	7.200000
263.506	7.527000
263.816	7.527000
263.816	6.735000
264.126	6.735000
264.126	9.925000
264.442	9.925000
264.442	5.719000
264.717	5.719000
264.717	6.220000
264.992	6.220000
264.992	6.066000
265.267	6.066000
265.267	8.322000
265.543	8.322000
265.543	7.768000
265.819	7.768000
265.819	7.725000
266.095	7.725000
266.095	6.507000
266.406	6.507000
266.406	6.733000
266.717	6.733000
266.717	6.564000
267.028	6.564000
267.028	7.959000
267.345	7.959000
267.345	8.171000
267.662	8.171000
267.662	8.269000
267.979	8.269000
267.979	6.813000
268.296	6.813000
268.296	7.381000
268.613	7.381000
268.613	7.457000
268.929	7.457000
268.929	8.718000
269.204	8.718000
269.204	8.536000
269.48	8.536000
269.48	8.598000
269.756	8.598000
269.756	6.382000
270.108	6.382000
270.108	6.303000
270.46	6.303000
270.46	5.850000
270.812	5.850000
270.812	8.172000
271.129	8.172000
271.129	8.003000
271.446	8.003000
271.446	8.719000
271.763	8.719000
271.763	6.921000
272.02	6.921000
272.02	6.706000
272.277	6.706000
272.277	6.575000
272.534	6.575000
272.534	8.213000
272.849	8.213000
272.849	7.980000
273.166	7.980000
273.166	8.271000
273.483	8.271000
273.483	5.303000
273.801	5.303000
273.801	5.277000
274.119	5.277000
274.119	4.892000
274.437	4.892000
274.437	8.158000
274.754	8.158000
274.754	8.363000
275.071	8.363000
275.071	8.630000
275.388	8.630000
275.388	6.151000
275.705	6.151000
275.705	6.554000
276.022	6.554000
276.022	6.252000
276.339	6.252000
276.339	8.120000
276.656	8.120000
276.656	7.795000
276.973	7.795000
276.973	8.177000
277.289	8.177000
277.289	6.322000
277.601	6.322000
277.601	7.172000
277.913	7.172000
277.913	6.279000
278.225	6.279000
278.225	7.995000
278.539	7.995000
278.539	7.576000
278.853	7.576000
278.853	8.081000
279.167	8.081000
279.167	7.111000
279.484	7.111000
279.484	7.709000
279.802	7.709000
279.802	6.977000
280.12	6.977000
280.12	8.722000
280.338	8.722000
280.338	8.914000
280.557	8.914000
280.557	9.355000
280.776	9.355000
280.776	5.701000
281.092	5.701000
281.092	6.235000
281.408	6.235000
281.408	6.020000
281.724	6.020000
281.724	7.659000
282.039	7.659000
282.039	7.960000
282.355	7.960000
282.355	8.103000
282.671	8.103000
282.671	7.428000
282.987	7.428000
282.987	6.910000
283.303	6.910000
283.303	7.523000
283.619	7.523000
283.619	8.286000
283.935	8.286000
283.935	8.663000
284.251	8.663000
284.251	8.638000
284.567	8.638000
284.567	6.962000
284.918	6.962000
284.918	6.809000
285.268	6.809000
285.268	6.728000
285.619	6.728000
285.619	7.985000
285.935	7.985000
285.935	7.944000
286.251	7.944000
286.251	7.934000
286.567	7.934000
286.567	6.428000
286.883	6.428000
286.883	6.522000
287.199	6.522000
287.199	6.635000
287.515	6.635000
287.515	8.229000
287.83	8.229000
287.83	7.955000
288.147	7.955000
288.147	7.933000
288.464	7.933000
288.464	7.298000
288.816	7.298000
288.816	7.500000
289.168	7.500000
289.168	7.093000
289.52	7.093000
289.52	7.575000
289.837	7.575000
289.837	7.624000
290.154	7.624000
290.154	7.562000
290.471	7.562000
290.471	6.378000
290.824	6.378000
290.824	6.772000
291.177	6.772000
291.177	6.780000
291.53	6.780000
291.53	8.151000
291.847	8.151000
291.847	8.127000
292.165	8.127000
292.165	8.095000
292.483	8.095000
292.483	6.926000
292.8	6.926000
292.8	6.784000
293.117	6.784000
293.117	6.676000
293.434	6.676000
293.434	7.445000
293.751	7.445000
293.751	7.937000
294.068	7.937000
294.068	7.802000
294.385	7.802000
294.385	7.127000
294.701	7.127000
294.701	6.412000
295.017	6.412000
295.017	6.424000
295.333	6.424000
295.333	7.831000
295.65	7.831000
295.65	8.004000
295.967	8.004000
295.967	8.081000
296.284	8.081000
296.284	6.199000
296.636	6.199000
296.636	5.729000
296.988	5.729000
296.988	5.743000
297.34	5.743000
297.34	6.763000
297.656	6.763000
297.656	6.900000
297.972	6.900000
297.972	6.924000
298.288	6.924000
298.288	7.988000
298.605	7.988000
298.605	7.669000
298.921	7.669000
298.921	7.602000
299.238	7.602000
299.238	7.540000
299.554	7.540000
299.554	7.713000
299.871	7.713000
299.871	7.777000
300.188	7.777000
300.188	6.414000
300.505	6.414000
300.505	5.763000
300.822	5.763000
300.822	5.901000
301.139	5.901000
301.139	7.593000
301.456	7.593000
301.456	8.121000
301.772	8.121000
301.772	7.976000
302.089	7.976000
302.089	5.928000
302.44	5.928000
302.44	5.422000
302.791	5.422000
302.791	5.587000
303.142	5.587000
303.142	8.353000
303.459	8.353000
303.459	8.320000
303.776	8.320000
303.776	8.812000
304.093	8.812000
304.093	6.094000
304.41	6.094000
304.41	5.612000
304.727	5.612000
304.727	5.683000
305.044	5.683000
305.044	7.561000
305.36	7.561000
305.36	7.814000
305.677	7.814000
305.677	8.173000
305.994	8.173000
305.994	6.851000
306.31	6.851000
306.31	6.630000
306.626	6.630000
306.626	6.565000
306.942	6.565000
306.942	7.309000
307.258	7.309000
307.258	7.659000
307.575	7.659000
307.575	7.546000
307.892	7.546000
307.892	6.402000
308.209	6.402000
308.209	5.678000
308.526	5.678000
308.526	5.500000
308.843	5.500000
308.843	7.959000
309.158	7.959000
309.158	8.473000
309.474	8.473000
309.474	8.579000
309.789	8.579000
309.789	6.776000
310.106	6.776000
310.106	6.152000
310.423	6.152000
310.423	5.944000
310.74	5.944000
310.74	7.960000
311.057	7.960000
311.057	8.408000
311.374	8.408000
311.374	8.517000
311.691	8.517000
311.691	6.893000
312.008	6.893000
312.008	6.956000
312.325	6.956000
312.325	6.825000
312.642	6.825000
312.642	7.987000
312.934	7.987000
312.934	8.025000
313.225	8.025000
313.225	8.087000
313.516	8.087000
313.516	6.478000
313.868	6.478000
313.868	6.269000
314.22	6.269000
314.22	6.630000
314.572	6.630000
314.572	7.472000
314.889	7.472000
314.889	8.061000
315.206	8.061000
315.206	8.280000
315.523	8.280000
315.523	5.956000
315.875	5.956000
315.875	6.025000
316.227	6.025000
316.227	5.951000
316.579	5.951000
316.579	7.751000
316.896	7.751000
316.896	7.659000
317.213	7.659000
317.213	7.576000
317.53	7.576000
317.53	6.338000
317.845	6.338000
317.845	5.998000
318.161	5.998000
318.161	5.863000
318.477	5.863000
318.477	7.952000
318.794	7.952000
318.794	7.729000
319.111	7.729000
319.111	7.739000
319.428	7.739000
319.428	6.395000
319.746	6.395000
319.746	6.636000
320.064	6.636000
320.064	6.770000
320.382	6.770000
320.382	7.960000
320.698	7.960000
320.698	7.935000
321.015	7.935000
321.015	7.925000
321.332	7.925000
321.332	6.409000
321.648	6.409000
321.648	7.033000
321.964	7.033000
321.964	6.489000
322.28	6.489000
322.28	8.115000
322.597	8.115000
322.597	7.743000
322.914	7.743000
322.914	7.730000
323.231	7.730000
323.231	7.302000
323.547	7.302000
323.547	7.764000
323.862	7.764000
323.862	7.259000
324.178	7.259000
324.178	8.487000
324.495	8.487000
324.495	8.318000
324.812	8.318000
324.812	8.229000
325.129	8.229000
325.129	6.667000
325.446	6.667000
325.446	6.870000
325.763	6.870000
325.763	7.064000
326.078	7.064000
326.078	7.633000
326.395	7.633000
326.395	7.855000
326.712	7.855000
326.712	7.816000
327.029	7.816000
327.029	6.174000
327.381	6.174000
327.381	6.011000
327.732	6.011000
327.732	6.051000
328.084	6.051000
328.084	7.832000
328.399	7.832000
328.399	8.189000
328.716	8.189000
328.716	8.135000
329.033	8.135000
329.033	6.426000
329.384	6.426000
329.384	6.363000
329.735	6.363000
329.735	6.056000
330.086	6.056000
330.086	8.215000
330.403	8.215000
330.403	8.036000
330.72	8.036000
330.72	7.980000
331.037	7.980000
331.037	6.080000
331.354	6.080000
331.354	6.283000
331.671	6.283000
331.671	6.503000
331.988	6.503000
331.988	6.417000
332.305	6.417000
332.305	7.364000
332.622	7.364000
332.622	7.411000
332.939	7.411000
332.939	7.917000
333.255	7.917000
333.255	7.605000
333.571	7.605000
333.571	7.597000
333.886	7.597000
333.886	7.599000
334.203	7.599000
334.203	7.822000
334.52	7.822000
334.52	7.838000
334.837	7.838000
334.837	6.912000
335.189	6.912000
335.189	6.820000
335.541	6.820000
335.541	6.581000
335.893	6.581000
335.893	7.631000
336.21	7.631000
336.21	8.374000
336.527	8.374000
336.527	8.356000
336.844	8.356000
336.844	6.167000
337.196	6.167000
337.196	6.192000
337.548	6.192000
337.548	5.730000
337.9	5.730000
337.9	8.309000
338.217	8.309000
338.217	8.330000
338.534	8.330000
338.534	8.146000
338.851	8.146000
338.851	7.514000
339.203	7.514000
339.203	7.860000
339.555	7.860000
339.555	6.768000
339.907	6.768000
339.907	7.751000
340.224	7.751000
340.224	7.620000
340.541	7.620000
340.541	7.807000
340.858	7.807000
340.858	7.828000
341.174	7.828000
341.174	8.078000
341.49	8.078000
341.49	7.550000
341.806	7.550000
341.806	7.853000
342.087	7.853000
342.087	8.588000
342.368	8.588000
342.368	8.654000
342.649	8.654000
342.649	7.459000
342.966	7.459000
342.966	7.794000
343.283	7.794000
343.283	7.732000
343.6	7.732000
