0.0	0.000000
0.0	0.000000
0.0	0.000000
0.0	0.000000
0.0	0.000000
0.0	0.000000
0.0	6.119000
0.347	6.119000
0.347	6.228000
0.694	6.228000
0.694	6.420000
1.041	6.420000
1.041	6.614000
1.275	6.614000
1.275	6.816000
1.508	6.816000
1.508	6.972000
1.742	6.972000
1.742	8.396000
2.079	8.396000
2.079	8.429000
2.416	8.429000
2.416	7.657000
2.752	7.657000
2.752	6.984000
3.089	6.984000
3.089	8.489000
3.428	8.489000
3.428	7.075000
3.767	7.075000
3.767	8.004000
4.081	8.004000
4.081	7.922000
4.379	7.922000
4.379	7.802000
4.693	7.802000
4.693	7.673000
5.038	7.673000
5.038	7.647000
5.383	7.647000
5.383	7.488000
5.728	7.488000
5.728	8.180000
5.955	8.180000
5.955	7.991000
6.182	7.991000
6.182	7.293000
6.409	7.293000
6.409	7.770000
6.648	7.770000
6.648	7.790000
6.887	7.790000
6.887	7.924000
7.126	7.924000
7.126	9.285000
7.355	9.285000
7.355	9.309000
7.584	9.309000
7.584	8.914000
7.813	8.914000
7.813	6.081000
8.118	6.081000
8.118	6.255000
8.423	6.255000
8.423	5.733000
8.728	5.733000
8.728	6.962000
9.025	6.962000
9.025	6.756000
9.322	6.756000
9.322	6.699000
9.619	6.699000
9.619	6.708000
9.886	6.708000
9.886	6.676000
10.153	6.676000
10.153	6.414000
10.42	6.414000
10.42	6.307000
10.682	6.307000
10.682	6.320000
10.944	6.320000
10.944	6.468000
11.206	6.468000
11.206	8.133000
11.559	8.133000
11.559	8.221000
11.912	8.221000
11.912	8.150000
12.265	8.150000
12.265	7.898000
12.609	7.898000
12.609	7.999000
12.953	7.999000
12.953	7.331000
13.296	7.331000
13.296	7.042000
13.534	7.042000
13.534	6.863000
13.771	6.863000
13.771	6.702000
14.009	6.702000
14.009	5.659000
14.357	5.659000
14.357	5.519000
14.705	5.519000
14.705	5.822000
15.053	5.822000
15.053	6.646000
15.365	6.646000
15.365	6.686000
15.677	6.686000
15.677	6.942000
15.989	6.942000
15.989	2.213000
16.341	2.213000
16.341	2.430000
16.667	2.430000
16.667	2.233000
17.019	2.233000
17.019	7.088000
17.366	7.088000
17.366	8.040000
17.713	8.040000
17.713	6.777000
18.06	6.777000
18.06	8.300000
18.411	8.300000
18.411	8.211000
18.762	8.211000
18.762	8.145000
19.112	8.145000
19.112	5.648000
19.446	5.648000
19.446	5.527000
19.78	5.527000
19.78	5.788000
20.114	5.788000
20.114	8.136000
20.352	8.136000
20.352	7.745000
20.59	7.745000
20.59	7.276000
20.828	7.276000
20.828	6.826000
21.05	6.826000
21.05	6.985000
21.272	6.985000
21.272	6.768000
21.494	6.768000
21.494	7.729000
21.753	7.729000
21.753	8.091000
22.011	8.091000
22.011	6.794000
22.27	6.794000
22.27	7.882000
22.538	7.882000
22.538	7.873000
22.806	7.873000
22.806	7.309000
23.074	7.309000
23.074	6.936000
23.31	6.936000
23.31	7.108000
23.546	7.108000
23.546	6.521000
23.782	6.521000
23.782	6.603000
24.09	6.603000
24.09	6.908000
24.397	6.908000
24.397	6.680000
24.705	6.680000
24.705	7.190000
25.013	7.190000
25.013	6.484000
25.322	6.484000
25.322	6.471000
25.631	6.471000
25.631	7.091000
25.919	7.091000
25.919	7.374000
26.207	7.374000
26.207	6.908000
26.495	6.908000
26.495	7.906000
26.777	7.906000
26.777	8.148000
27.059	8.148000
27.059	7.723000
27.34	7.723000
27.34	7.764000
27.657	7.764000
27.657	7.958000
27.974	7.958000
27.974	8.150000
28.291	8.150000
28.291	7.975000
28.616	7.975000
28.616	8.027000
28.942	8.027000
28.942	7.695000
29.268	7.695000
29.268	6.572000
29.576	6.572000
29.576	6.897000
29.884	6.897000
29.884	6.457000
30.192	6.457000
30.192	7.403000
30.476	7.403000
30.476	7.274000
30.761	7.274000
30.761	6.913000
31.046	6.913000
31.046	8.611000
31.345	8.611000
31.345	8.525000
31.644	8.525000
31.644	8.752000
31.943	8.752000
31.943	8.157000
32.287	8.157000
32.287	8.359000
32.63	8.359000
32.63	8.371000
32.974	8.371000
32.974	5.965000
33.301	5.965000
33.301	6.006000
33.628	6.006000
33.628	6.070000
33.955	6.070000
33.955	9.964000
34.277	9.964000
34.277	9.587000
34.599	9.587000
34.599	6.642000
34.924	6.642000
34.924	6.985000
35.249	6.985000
35.249	6.800000
35.574	6.800000
35.574	6.635000
35.876	6.635000
35.876	6.043000
36.178	6.043000
36.178	6.345000
36.48	6.345000
36.48	5.976000
36.743	5.976000
36.743	6.065000
37.006	6.065000
37.006	6.456000
37.269	6.456000
37.269	7.817000
37.485	7.817000
37.485	7.529000
37.7	7.529000
37.7	6.851000
37.916	6.851000
37.916	7.553000
38.162	7.553000
38.162	7.354000
38.408	7.354000
38.408	7.073000
38.654	7.073000
38.654	7.718000
38.875	7.718000
38.875	7.490000
39.095	7.490000
39.095	7.149000
39.316	7.149000
39.316	8.977000
39.613	8.977000
39.613	9.082000
39.91	9.082000
39.91	8.910000
40.207	8.910000
40.207	7.485000
40.521	7.485000
40.521	7.360000
40.836	7.360000
40.836	7.198000
41.151	7.198000
41.151	8.144000
41.482	8.144000
41.482	8.154000
41.812	8.154000
41.812	7.818000
42.143	7.818000
42.143	5.587000
42.427	5.587000
42.427	5.616000
42.711	5.616000
42.711	5.640000
42.995	5.640000
42.995	5.970000
43.286	5.970000
43.286	5.684000
43.577	5.684000
43.577	5.880000
43.868	5.880000
43.868	8.990000
44.166	8.990000
44.166	9.038000
44.465	9.038000
44.465	9.076000
44.763	9.076000
44.763	5.772000
45.074	5.772000
45.074	5.408000
45.386	5.408000
45.386	5.585000
45.698	5.585000
45.698	6.776000
45.999	6.776000
45.999	6.837000
46.3	6.837000
46.3	6.438000
46.601	6.438000
46.601	8.080000
46.918	8.080000
46.918	7.913000
47.235	7.913000
47.235	8.011000
47.552	8.011000
47.552	7.092000
47.879	7.092000
47.879	8.026000
48.206	8.026000
48.206	7.081000
48.533	7.081000
48.533	9.349000
48.809	9.349000
48.809	9.149000
49.085	9.149000
49.085	9.271000
49.361	9.271000
49.361	5.570000
49.676	5.570000
49.676	5.636000
49.991	5.636000
49.991	5.625000
50.306	5.625000
50.306	6.919000
50.597	6.919000
50.597	6.626000
50.89	6.626000
50.89	6.646000
51.183	6.646000
51.183	6.233000
51.448	6.233000
51.448	6.276000
51.712	6.276000
51.712	6.408000
51.977	6.408000
51.977	7.499000
52.212	7.499000
52.212	7.632000
52.447	7.632000
52.447	6.710000
52.682	6.710000
52.682	7.523000
52.917	7.523000
52.917	7.535000
53.152	7.535000
53.152	6.757000
53.387	6.757000
53.387	7.636000
53.585	7.636000
53.585	8.173000
53.783	8.173000
53.783	7.540000
53.981	7.540000
53.981	6.989000
54.26	6.989000
54.26	6.180000
54.539	6.180000
54.539	5.979000
54.817	5.979000
54.817	7.323000
55.094	7.323000
55.094	7.751000
55.371	7.751000
55.371	6.871000
55.648	6.871000
55.648	6.904000
55.954	6.904000
55.954	7.392000
56.26	7.392000
56.26	7.285000
56.566	7.285000
56.566	7.165000
56.809	7.165000
56.809	7.461000
57.053	7.461000
57.053	7.326000
57.297	7.326000
57.297	9.020000
57.563	9.020000
57.563	9.103000
57.829	9.103000
57.829	8.225000
58.095	8.225000
58.095	7.357000
58.408	7.357000
58.408	7.465000
58.721	7.465000
58.721	6.959000
59.034	6.959000
59.034	7.525000
59.332	7.525000
59.332	7.334000
59.63	7.334000
59.63	7.997000
59.928	7.997000
59.928	5.530000
60.269	5.530000
60.269	6.050000
60.61	6.050000
60.61	5.603000
60.951	5.603000
60.951	6.925000
61.237	6.925000
61.237	6.905000
61.522	6.905000
61.522	6.733000
61.808	6.733000
61.808	7.399000
62.15	7.399000
62.15	7.335000
62.492	7.335000
62.492	7.381000
62.834	7.381000
62.834	9.038000
63.179	9.038000
63.179	9.115000
63.524	9.115000
63.524	8.608000
63.869	8.608000
63.869	7.375000
64.22	7.375000
64.22	7.472000
64.571	7.472000
64.571	7.342000
64.922	7.342000
64.922	7.034000
65.175	7.034000
65.175	6.769000
65.428	6.769000
65.428	6.622000
65.681	6.622000
65.681	7.969000
65.955	7.969000
65.955	7.837000
66.229	7.837000
66.229	7.562000
66.503	7.562000
66.503	7.014000
66.743	7.014000
66.743	7.318000
66.983	7.318000
66.983	6.986000
67.223	6.986000
67.223	5.942000
67.566	5.942000
67.566	5.771000
67.91	5.771000
67.91	5.899000
68.254	5.899000
68.254	8.632000
68.544	8.632000
68.544	8.698000
68.834	8.698000
68.834	8.363000
69.124	8.363000
69.124	8.243000
69.438	8.243000
69.438	8.495000
69.751	8.495000
69.751	7.967000
70.065	7.967000
70.065	7.091000
70.416	7.091000
70.416	7.347000
70.768	7.347000
70.768	7.688000
71.12	7.688000
71.12	7.628000
71.469	7.628000
71.469	7.506000
71.818	7.506000
71.818	7.053000
72.167	7.053000
72.167	7.412000
72.481	7.412000
72.481	7.491000
72.795	7.491000
72.795	6.719000
73.109	6.719000
73.109	6.389000
73.418	6.389000
73.418	5.892000
73.727	5.892000
73.727	6.189000
74.036	6.189000
74.036	5.875000
74.373	5.875000
74.373	6.605000
74.71	6.605000
74.71	6.402000
75.047	6.402000
75.047	8.831000
75.401	8.831000
75.401	8.769000
75.755	8.769000
75.755	8.474000
76.109	8.474000
76.109	6.710000
76.44	6.710000
76.44	6.523000
76.773	6.523000
76.773	6.442000
77.106	6.442000
77.106	7.173000
77.444	7.173000
77.444	7.628000
77.782	7.628000
77.782	7.608000
78.12	7.608000
78.12	7.432000
78.468	7.432000
78.468	7.016000
78.816	7.016000
78.816	6.939000
79.164	6.939000
79.164	8.006000
79.507	8.006000
79.507	8.097000
79.85	8.097000
79.85	7.691000
80.193	7.691000
80.193	5.370000
80.543	5.370000
80.543	5.694000
80.892	5.694000
80.892	5.628000
81.242	5.628000
81.242	7.368000
81.472	7.368000
81.472	7.568000
81.702	7.568000
81.702	6.940000
81.932	6.940000
81.932	7.169000
82.204	7.169000
82.204	7.324000
82.476	7.324000
82.476	6.836000
82.748	6.836000
82.748	8.482000
82.964	8.482000
82.964	8.234000
83.18	8.234000
83.18	7.811000
83.395	7.811000
83.395	7.790000
83.61	7.790000
83.61	7.648000
83.825	7.648000
83.825	7.758000
84.04	7.758000
84.04	9.053000
84.271	9.053000
84.271	9.096000
84.502	9.096000
84.502	8.589000
84.733	8.589000
84.733	7.427000
85.044	7.427000
85.044	7.540000
85.355	7.540000
85.355	7.395000
85.666	7.395000
85.666	6.607000
85.998	6.607000
85.998	6.331000
86.33	6.331000
86.33	7.073000
86.662	7.073000
86.662	5.948000
86.98	5.948000
86.98	6.080000
87.298	6.080000
87.298	6.235000
87.616	6.235000
87.616	6.428000
87.913	6.428000
87.913	6.560000
88.209	6.560000
88.209	6.684000
88.506	6.684000
88.506	7.489000
88.831	7.489000
88.831	7.563000
89.156	7.563000
89.156	7.381000
89.481	7.381000
89.481	7.840000
89.795	7.840000
89.795	8.166000
90.108	8.166000
90.108	7.851000
90.422	7.851000
90.422	7.724000
90.731	7.724000
90.731	7.341000
91.041	7.341000
91.041	7.491000
91.351	7.491000
91.351	9.755000
91.703	9.755000
91.703	7.456000
92.05	7.456000
92.05	7.353000
92.398	7.353000
92.398	7.240000
92.746	7.240000
92.746	8.329000
93.096	8.329000
93.096	8.287000
93.446	8.287000
93.446	7.980000
93.796	7.980000
93.796	6.022000
94.109	6.022000
94.109	6.147000
94.422	6.147000
94.422	6.091000
94.735	6.091000
94.735	6.660000
94.976	6.660000
94.976	6.537000
95.218	6.537000
95.218	5.686000
95.46	5.686000
95.46	6.739000
95.693	6.739000
95.693	6.831000
95.926	6.831000
95.926	6.354000
96.159	6.354000
96.159	7.663000
96.39	7.663000
96.39	7.591000
96.621	7.591000
96.621	8.086000
96.852	8.086000
96.852	7.058000
97.117	7.058000
97.117	6.751000
97.382	6.751000
97.382	6.206000
97.647	6.206000
97.647	8.911000
97.889	8.911000
97.889	8.770000
98.131	8.770000
98.131	8.752000
98.373	8.752000
98.373	8.300000
98.717	8.300000
98.717	8.251000
99.061	8.251000
99.061	8.489000
99.405	8.489000
99.405	7.344000
99.74	7.344000
99.74	7.385000
100.076	7.385000
100.076	7.453000
100.412	7.453000
100.412	6.336000
100.755	6.336000
100.755	6.360000
101.098	6.360000
101.098	6.514000
101.44	6.514000
101.44	9.300000
101.751	9.300000
101.751	9.352000
102.062	9.352000
102.062	9.283000
102.373	9.283000
102.373	6.294000
102.699	6.294000
102.699	6.389000
103.026	6.389000
103.026	6.609000
103.353	6.609000
103.353	7.943000
103.669	7.943000
103.669	8.050000
103.985	8.050000
103.985	7.876000
104.301	7.876000
104.301	9.486000
104.632	9.486000
104.632	9.443000
104.963	9.443000
104.963	9.335000
105.294	9.335000
105.294	8.171000
105.634	8.171000
105.634	8.206000
105.977	8.206000
105.977	8.623000
106.32	8.623000
106.32	6.750000
106.6	6.750000
106.6	6.956000
106.882	6.956000
106.882	6.541000
107.164	6.541000
107.164	3.887000
107.516	3.887000
107.516	4.527000
107.867	4.527000
107.867	4.032000
108.219	4.032000
108.219	6.290000
108.542	6.290000
108.542	6.364000
108.865	6.364000
108.865	6.406000
109.188	6.406000
109.188	6.344000
109.476	6.344000
109.476	5.996000
109.764	5.996000
109.764	6.069000
110.052	6.069000
110.052	7.436000
110.307	7.436000
110.307	7.759000
110.562	7.759000
110.562	7.692000
110.816	7.692000
110.816	8.185000
111.048	8.185000
111.048	8.153000
111.28	8.153000
111.28	8.218000
111.512	8.218000
111.512	7.380000
111.724	7.380000
111.724	7.397000
111.936	7.397000
111.936	6.760000
112.148	6.760000
112.148	7.847000
112.356	7.847000
112.356	7.758000
112.563	7.758000
112.563	7.323000
112.771	7.323000
112.771	8.820000
113.063	8.820000
113.063	8.641000
113.354	8.641000
113.354	8.380000
113.646	8.380000
113.646	7.090000
113.95	7.090000
113.95	6.660000
114.254	6.660000
114.254	6.636000
114.558	6.636000
114.558	6.356000
114.869	6.356000
114.869	6.558000
115.181	6.558000
115.181	6.445000
115.493	6.445000
115.493	7.786000
115.769	7.786000
115.769	7.557000
116.045	7.557000
116.045	7.330000
116.321	7.330000
116.321	7.143000
116.62	7.143000
116.62	7.076000
116.919	7.076000
116.919	6.683000
117.218	6.683000
117.218	8.440000
117.541	8.440000
117.541	8.535000
117.864	8.535000
117.864	8.636000
118.187	8.636000
118.187	6.072000
118.462	6.072000
118.462	5.820000
118.738	5.820000
118.738	5.676000
119.014	5.676000
119.014	6.818000
119.283	6.818000
119.283	6.750000
119.551	6.750000
119.551	6.180000
119.82	6.180000
119.82	6.295000
120.167	6.295000
120.167	6.679000
120.515	6.679000
120.515	6.655000
120.863	6.655000
120.863	9.695000
121.205	9.695000
121.205	9.466000
121.547	9.466000
121.547	9.645000
121.889	9.645000
121.889	6.199000
122.185	6.199000
122.185	6.133000
122.481	6.133000
122.481	6.582000
122.777	6.582000
122.777	7.518000
123.003	7.518000
123.003	7.327000
123.229	7.327000
123.229	7.086000
123.455	7.086000
123.455	7.364000
123.715	7.364000
123.715	7.367000
123.975	7.367000
123.975	7.942000
124.235	7.942000
124.235	8.221000
124.464	8.221000
124.464	8.192000
124.693	8.192000
124.693	8.758000
124.922	8.758000
124.922	7.354000
125.187	7.354000
125.187	7.359000
125.452	7.359000
125.452	6.810000
125.717	6.810000
125.717	9.022000
125.972	9.022000
125.972	8.993000
126.227	8.993000
126.227	8.542000
126.482	8.542000
126.482	6.749000
126.826	6.749000
126.826	6.685000
127.17	6.685000
127.17	7.013000
127.514	7.013000
127.514	6.377000
127.811	6.377000
127.811	6.367000
128.108	6.367000
128.108	6.528000
128.405	6.528000
128.405	6.402000
128.722	6.402000
128.722	6.411000
129.039	6.411000
129.039	5.724000
129.356	5.724000
129.356	6.654000
129.626	6.654000
129.626	6.387000
129.897	6.387000
129.897	6.591000
130.168	6.591000
130.168	7.869000
130.482	7.869000
130.482	7.958000
130.796	7.958000
130.796	7.591000
131.11	7.591000
131.11	6.398000
131.404	6.398000
131.404	6.271000
131.697	6.271000
131.697	6.490000
131.991	6.490000
131.991	9.590000
132.338	9.590000
132.338	9.304000
132.685	9.304000
132.685	9.238000
133.032	9.238000
133.032	5.616000
133.339	5.616000
133.339	5.550000
133.646	5.550000
133.646	5.888000
133.953	5.888000
133.953	6.309000
134.252	6.309000
134.252	5.958000
134.551	5.958000
134.551	6.406000
134.85	6.406000
134.85	6.553000
135.1	6.553000
135.1	6.859000
135.35	6.859000
135.35	6.056000
135.6	6.056000
135.6	8.901000
135.864	8.901000
135.864	8.957000
136.128	8.957000
136.128	9.096000
136.392	9.096000
136.392	7.150000
136.625	7.150000
136.625	7.040000
136.859	7.040000
136.859	6.811000
137.093	6.811000
137.093	8.954000
137.324	8.954000
137.324	9.048000
137.555	9.048000
137.555	9.131000
137.786	9.131000
137.786	6.632000
138.053	6.632000
138.053	7.145000
138.319	7.145000
138.319	7.026000
138.586	7.026000
138.586	7.130000
138.908	7.130000
138.908	6.817000
139.23	6.817000
139.23	7.395000
139.552	7.395000
139.552	6.179000
139.812	6.179000
139.812	6.586000
140.072	6.586000
140.072	6.502000
140.332	6.502000
140.332	5.002000
140.673	5.002000
140.673	5.426000
141.013	5.426000
141.013	5.288000
141.354	5.288000
141.354	6.543000
141.682	6.543000
141.682	6.818000
142.012	6.818000
142.012	6.401000
142.342	6.401000
142.342	8.679000
142.669	8.679000
142.669	8.516000
142.996	8.516000
142.996	8.150000
143.323	8.150000
143.323	9.532000
143.669	9.532000
143.669	9.579000
144.015	9.579000
144.015	9.366000
144.363	9.366000
144.363	9.882000
144.713	9.882000
144.713	7.915000
145.057	7.915000
145.057	7.849000
145.401	7.849000
145.401	7.901000
145.745	7.901000
145.745	6.433000
146.085	6.433000
146.085	6.732000
146.424	6.732000
146.424	6.538000
146.764	6.538000
146.764	7.795000
147.115	7.795000
147.115	7.785000
147.467	7.785000
147.467	7.238000
147.819	7.238000
147.819	7.254000
148.038	7.254000
148.038	7.317000
148.257	7.317000
148.257	7.029000
148.476	7.029000
148.476	8.250000
148.717	8.250000
148.717	8.249000
148.958	8.249000
148.958	8.646000
149.199	8.646000
149.199	7.309000
149.432	7.309000
149.432	7.411000
149.665	7.411000
149.665	7.409000
149.898	7.409000
149.898	6.864000
150.133	6.864000
150.133	6.760000
150.368	6.760000
150.368	6.378000
150.603	6.378000
150.603	8.526000
150.847	8.526000
150.847	8.532000
151.091	8.532000
151.091	8.760000
151.335	8.760000
151.335	9.009000
151.657	9.009000
151.657	8.979000
151.979	8.979000
151.979	8.679000
152.3	8.679000
152.3	6.432000
152.597	6.432000
152.597	6.372000
152.894	6.372000
152.894	6.247000
153.191	6.247000
153.191	8.212000
153.48	8.212000
153.48	8.176000
153.769	8.176000
153.769	7.520000
154.058	7.520000
154.058	8.337000
154.38	8.337000
154.38	8.140000
154.702	8.140000
154.702	7.641000
155.024	7.641000
155.024	5.895000
155.328	5.895000
155.328	5.898000
155.632	5.898000
155.632	5.874000
155.936	5.874000
155.936	6.083000
156.227	6.083000
156.227	6.474000
156.518	6.474000
156.518	5.867000
156.809	5.867000
156.809	7.523000
157.053	7.523000
157.053	7.622000
157.297	7.622000
157.297	7.184000
157.541	7.184000
157.541	7.333000
157.859	7.333000
157.859	6.978000
158.177	6.978000
158.177	6.959000
158.495	6.959000
158.495	8.298000
158.787	8.298000
158.787	8.404000
159.079	8.404000
159.079	8.498000
159.371	8.498000
159.371	6.145000
159.709	6.145000
159.709	6.424000
160.047	6.424000
160.047	6.403000
160.385	6.403000
160.385	6.746000
160.732	6.746000
160.732	6.644000
161.079	6.644000
161.079	6.770000
161.426	6.770000
161.426	6.717000
161.762	6.717000
161.762	7.090000
162.098	7.090000
162.098	7.105000
162.434	7.105000
162.434	9.006000
162.777	9.006000
162.777	8.899000
163.12	8.899000
163.12	8.040000
163.463	8.040000
163.463	6.532000
163.684	6.532000
163.684	6.387000
163.905	6.387000
163.905	6.481000
164.126	6.481000
164.126	7.140000
164.384	7.140000
164.384	7.563000
164.642	7.563000
164.642	6.949000
164.9	6.949000
164.9	8.434000
165.153	8.434000
165.153	8.264000
165.406	8.264000
165.406	8.186000
165.659	8.186000
165.659	6.891000
165.899	6.891000
165.899	6.612000
166.139	6.612000
166.139	6.609000
166.379	6.609000
166.379	6.650000
166.648	6.650000
166.648	6.931000
166.917	6.931000
166.917	5.965000
167.186	5.965000
167.186	6.620000
167.518	6.620000
167.518	6.921000
167.85	6.921000
167.85	6.458000
168.182	6.458000
168.182	7.011000
168.47	7.011000
168.47	7.171000
168.758	7.171000
168.758	7.376000
169.046	7.376000
169.046	7.726000
169.358	7.726000
169.358	8.037000
169.67	8.037000
169.67	7.168000
169.982	7.168000
169.982	6.996000
170.271	6.996000
170.271	6.835000
170.56	6.835000
170.56	6.942000
170.849	6.942000
170.849	6.409000
171.154	6.409000
171.154	6.312000
171.459	6.312000
171.459	6.419000
171.764	6.419000
171.764	8.184000
172.033	8.184000
172.033	8.297000
172.302	8.297000
172.302	7.109000
172.571	7.109000
172.571	8.317000
172.904	8.317000
172.904	8.101000
173.237	8.101000
173.237	8.273000
173.57	8.273000
173.57	9.211000
173.915	9.211000
173.915	9.302000
174.259	9.302000
174.259	8.813000
174.604	8.813000
174.604	9.224000
174.947	9.224000
174.947	9.124000
175.291	9.124000
175.291	8.693000
175.635	8.693000
175.635	9.480000
175.986	9.480000
175.986	9.384000
176.337	9.384000
176.337	9.492000
176.688	9.492000
176.688	8.013000
177.017	8.013000
177.017	7.871000
177.346	7.871000
177.346	7.701000
177.675	7.701000
177.675	6.599000
177.919	6.599000
177.919	6.117000
178.164	6.117000
178.164	6.030000
178.409	6.030000
178.409	9.027000
178.665	9.027000
178.665	9.275000
178.921	9.275000
178.921	9.049000
179.177	9.049000
179.177	7.345000
179.392	7.345000
179.392	7.137000
179.607	7.137000
179.607	7.138000
179.822	7.138000
179.822	7.805000
180.111	7.805000
180.111	7.344000
180.4	7.344000
180.4	6.699000
180.689	6.699000
180.689	7.464000
180.987	7.464000
180.987	7.122000
181.285	7.122000
181.285	6.830000
181.583	6.830000
181.583	7.494000
181.869	7.494000
181.869	7.543000
182.155	7.543000
182.155	6.377000
182.441	6.377000
182.441	5.973000
182.751	5.973000
182.751	5.668000
183.062	5.668000
183.062	6.144000
183.373	6.144000
183.373	9.661000
183.705	9.661000
183.705	9.647000
184.037	9.647000
184.037	9.402000
184.369	9.402000
184.369	7.831000
184.689	7.831000
184.689	7.747000
185.009	7.747000
185.009	6.861000
185.329	6.861000
185.329	6.726000
185.64	6.726000
185.64	6.627000
185.951	6.627000
185.951	6.914000
186.262	6.914000
186.262	6.685000
186.596	6.685000
186.596	6.868000
186.929	6.868000
186.929	6.420000
187.263	6.420000
187.263	6.992000
187.609	6.992000
187.609	7.128000
187.955	7.128000
187.955	7.205000
188.301	7.205000
188.301	8.130000
188.653	8.130000
188.653	8.290000
189.005	8.290000
189.005	7.834000
189.355	7.834000
189.355	6.569000
189.707	6.569000
189.707	6.447000
190.059	6.447000
190.059	6.885000
190.411	6.885000
190.411	6.103000
190.758	6.103000
190.758	6.119000
191.105	6.119000
191.105	5.719000
191.452	5.719000
191.452	6.084000
191.759	6.084000
191.759	6.572000
192.064	6.572000
192.064	6.277000
192.371	6.277000
192.371	6.431000
192.616	6.431000
192.616	6.663000
192.861	6.663000
192.861	6.448000
193.106	6.448000
193.106	7.731000
193.369	7.731000
193.369	7.885000
193.632	7.885000
193.632	7.920000
193.895	7.920000
193.895	7.126000
194.118	7.126000
194.118	7.290000
194.339	7.290000
194.339	6.405000
194.562	6.405000
194.562	6.529000
194.814	6.529000
194.814	6.320000
195.067	6.320000
195.067	6.713000
195.32	6.713000
195.32	6.959000
195.545	6.959000
195.545	7.652000
195.77	7.652000
195.77	7.108000
195.995	7.108000
195.995	7.777000
196.327	7.777000
196.327	7.673000
196.658	7.673000
196.658	7.469000
196.99	7.469000
196.99	7.259000
197.304	7.259000
197.304	7.120000
197.618	7.120000
197.618	7.553000
197.932	7.553000
197.932	6.809000
198.246	6.809000
198.246	6.836000
198.557	6.836000
198.557	6.518000
198.871	6.518000
198.871	9.526000
199.199	9.526000
199.199	7.146000
199.482	7.146000
199.482	7.107000
199.765	7.107000
199.765	6.777000
200.048	6.777000
200.048	7.847000
200.364	7.847000
200.364	7.925000
200.68	7.925000
200.68	7.669000
200.996	7.669000
200.996	7.473000
201.343	7.473000
201.343	7.437000
201.69	7.437000
201.69	7.335000
202.036	7.335000
202.036	6.019000
202.376	6.019000
202.376	6.081000
202.716	6.081000
202.716	6.139000
203.056	6.139000
203.056	7.290000
203.4	7.290000
203.4	7.648000
203.74	7.648000
203.74	7.258000
204.084	7.258000
204.084	9.632000
204.432	9.632000
204.432	9.374000
204.78	9.374000
204.78	9.293000
205.128	9.293000
205.128	8.337000
205.472	8.337000
205.472	8.266000
205.817	8.266000
205.817	8.560000
206.162	8.560000
206.162	6.022000
206.509	6.022000
206.509	5.930000
206.856	5.930000
206.856	5.472000
207.203	5.472000
207.203	8.337000
207.552	8.337000
207.552	8.381000
207.901	8.381000
207.901	7.922000
208.25	7.922000
208.25	7.037000
208.524	7.037000
208.524	6.772000
208.798	6.772000
208.798	6.724000
209.072	6.724000
209.072	8.522000
209.376	8.522000
209.376	8.531000
209.68	8.531000
209.68	8.221000
209.984	8.221000
209.984	8.180000
210.201	8.180000
210.201	8.195000
210.418	8.195000
210.418	6.809000
210.635	6.809000
210.635	7.447000
210.877	7.447000
210.877	6.479000
211.119	6.479000
211.119	6.849000
211.361	6.849000
211.361	7.566000
211.599	7.566000
211.599	7.565000
211.836	7.565000
211.836	7.497000
212.074	7.497000
212.074	8.685000
212.362	8.685000
212.362	8.446000
212.649	8.446000
212.649	7.775000
212.937	7.775000
212.937	6.272000
213.225	6.272000
213.225	5.856000
213.514	5.856000
213.514	6.248000
213.803	6.248000
213.803	6.274000
214.083	6.274000
214.083	6.488000
214.362	6.488000
214.362	6.288000
214.642	6.288000
214.642	6.538000
214.937	6.538000
214.937	6.898000
215.232	6.898000
215.232	6.463000
215.527	6.463000
215.527	8.068000
215.85	8.068000
215.85	8.008000
216.174	8.008000
216.174	7.883000
216.498	7.883000
216.498	6.884000
216.822	6.884000
216.822	7.311000
217.145	7.311000
217.145	6.747000
217.469	6.747000
217.469	6.028000
217.791	6.028000
217.791	6.215000
218.114	6.215000
218.114	5.972000
218.437	5.972000
218.437	7.174000
218.75	7.174000
218.75	7.190000
219.063	7.190000
219.063	7.368000
219.376	7.368000
219.376	5.635000
219.719	5.635000
219.719	5.886000
220.062	5.886000
220.062	5.825000
220.405	5.825000
220.405	5.401000
220.741	5.401000
220.741	5.192000
221.077	5.192000
221.077	4.769000
221.413	4.769000
221.413	7.618000
221.693	7.618000
221.693	7.430000
221.974	7.430000
221.974	7.212000
222.255	7.212000
222.255	6.662000
222.5	6.662000
222.5	6.613000
222.745	6.613000
222.745	6.701000
222.99	6.701000
222.99	8.645000
223.275	8.645000
223.275	8.646000
223.56	8.646000
223.56	7.265000
223.845	7.265000
223.845	7.809000
224.052	7.809000
224.052	7.418000
224.259	7.418000
224.259	7.413000
224.466	7.413000
224.466	7.985000
224.704	7.985000
224.704	7.799000
224.942	7.799000
224.942	7.684000
225.18	7.684000
225.18	8.833000
225.509	8.833000
225.509	8.738000
225.838	8.738000
225.838	8.482000
226.167	8.482000
226.167	6.694000
226.511	6.694000
226.511	6.632000
226.856	6.632000
226.856	6.476000
227.201	6.476000
227.201	6.781000
227.539	6.781000
227.539	6.904000
227.877	6.904000
227.877	6.815000
228.215	6.815000
228.215	7.397000
228.541	7.397000
228.541	7.780000
228.866	7.780000
228.866	6.924000
229.192	6.924000
229.192	7.082000
229.498	7.082000
229.498	6.735000
229.804	6.735000
229.804	7.335000
230.11	7.335000
230.11	7.363000
230.454	7.363000
230.454	7.471000
230.798	7.471000
230.798	6.948000
231.142	6.948000
231.142	6.849000
231.454	6.849000
231.454	7.045000
231.766	7.045000
231.766	6.645000
232.078	6.645000
232.078	6.823000
232.386	6.823000
232.386	6.402000
232.694	6.402000
232.694	6.652000
233.002	6.652000
233.002	7.637000
233.327	7.637000
233.327	7.700000
233.652	7.700000
233.652	7.015000
233.977	7.015000
233.977	7.550000
234.322	7.550000
234.322	7.250000
234.668	7.250000
234.668	7.447000
235.014	7.447000
235.014	8.982000
235.358	8.982000
235.358	8.779000
235.702	8.779000
235.702	8.151000
236.046	8.151000
236.046	8.898000
236.388	8.898000
236.388	8.729000
236.73	8.729000
236.73	8.090000
237.072	8.090000
237.072	6.621000
237.372	6.621000
237.372	6.455000
237.673	6.455000
237.673	6.588000
237.974	6.588000
237.974	6.212000
238.206	6.212000
238.206	6.669000
238.438	6.669000
238.438	6.285000
238.67	6.285000
238.67	6.893000
238.867	6.893000
238.867	7.408000
239.064	7.408000
239.064	6.919000
239.261	6.919000
239.261	7.699000
239.483	7.699000
239.483	7.364000
239.706	7.364000
239.706	6.906000
239.929	6.906000
239.929	7.932000
240.253	7.932000
240.253	8.013000
240.577	8.013000
240.577	7.791000
240.901	7.791000
240.901	7.221000
241.176	7.221000
241.176	7.188000
241.451	7.188000
241.451	6.473000
241.726	6.473000
241.726	7.623000
242.075	7.623000
242.075	7.586000
242.424	7.586000
242.424	7.859000
242.773	7.859000
242.773	7.416000
243.121	7.416000
243.121	7.340000
243.469	7.340000
243.469	7.048000
243.817	7.048000
243.817	6.058000
244.161	6.058000
244.161	5.766000
244.505	5.766000
244.505	6.135000
244.849	6.135000
244.849	6.339000
245.2	6.339000
245.2	6.665000
245.55	6.665000
245.55	6.939000
245.901	6.939000
245.901	5.616000
246.24	5.616000
246.24	6.066000
246.578	6.066000
246.578	6.167000
246.917	6.167000
246.917	6.736000
247.257	6.736000
247.257	6.719000
247.597	6.719000
247.597	6.771000
247.937	6.771000
247.937	9.506000
248.248	9.506000
248.248	9.476000
248.559	9.476000
248.559	9.285000
248.87	9.285000
248.87	7.915000
249.221	7.915000
249.221	7.971000
249.572	7.971000
249.572	7.907000
249.924	7.907000
249.924	6.242000
250.225	6.242000
250.225	6.402000
250.526	6.402000
250.526	6.585000
250.827	6.585000
250.827	7.791000
251.133	7.791000
251.133	8.028000
251.439	8.028000
251.439	7.833000
251.745	7.833000
251.745	6.938000
252.097	6.938000
252.097	6.970000
252.449	6.970000
252.449	6.392000
252.801	6.392000
252.801	7.283000
253.033	7.283000
253.033	7.348000
253.265	7.348000
253.265	7.158000
253.497	7.158000
253.497	7.715000
253.727	7.715000
253.727	7.801000
253.957	7.801000
253.957	6.879000
254.187	6.879000
254.187	6.881000
254.426	6.881000
254.426	7.467000
254.665	7.467000
254.665	6.506000
254.904	6.506000
254.904	7.286000
255.169	7.286000
255.169	7.432000
255.434	7.432000
255.434	6.921000
255.699	6.921000
255.699	8.192000
255.97	8.192000
255.97	8.185000
256.24	8.185000
256.24	7.330000
256.511	7.330000
256.511	7.802000
256.835	7.802000
256.835	7.590000
257.159	7.590000
257.159	7.297000
257.483	7.297000
257.483	6.321000
257.75	6.321000
257.75	6.328000
258.017	6.328000
258.017	6.628000
258.284	6.628000
258.284	6.425000
258.582	6.425000
258.582	6.553000
258.879	6.553000
258.879	6.220000
259.177	6.220000
259.177	6.521000
259.515	6.521000
259.515	7.182000
259.853	7.182000
259.853	6.793000
260.191	6.793000
260.191	7.042000
260.482	7.042000
260.482	7.325000
260.773	7.325000
260.773	7.135000
261.064	7.135000
261.064	8.124000
261.373	8.124000
261.373	8.206000
261.682	8.206000
261.682	8.043000
261.991	8.043000
261.991	8.047000
262.335	8.047000
262.335	7.967000
262.679	7.967000
262.679	7.669000
263.023	7.669000
263.023	7.273000
263.368	7.273000
263.368	7.176000
263.713	7.176000
263.713	7.415000
264.058	7.415000
264.058	5.983000
264.353	5.983000
264.353	6.536000
264.647	6.536000
264.647	6.149000
264.942	6.149000
264.942	7.480000
265.281	7.480000
265.281	7.565000
265.62	7.565000
265.62	6.854000
265.959	6.854000
265.959	6.710000
266.295	6.710000
266.295	6.689000
266.631	6.689000
266.631	6.569000
266.967	6.569000
266.967	6.386000
267.318	6.386000
267.318	6.637000
267.669	6.637000
267.669	6.419000
268.02	6.419000
268.02	5.701000
268.335	5.701000
268.335	5.617000
268.65	5.617000
268.65	5.871000
268.965	5.871000
268.965	7.153000
269.191	7.153000
269.191	7.172000
269.417	7.172000
269.417	6.642000
269.643	6.642000
269.643	7.511000
269.878	7.511000
269.878	7.263000
270.113	7.263000
270.113	7.057000
270.348	7.057000
270.348	6.362000
270.576	6.362000
270.576	6.594000
270.803	6.594000
270.803	6.291000
271.031	6.291000
271.031	6.403000
271.28	6.403000
271.28	5.795000
271.53	5.795000
271.53	5.817000
271.78	5.817000
271.78	7.490000
271.977	7.490000
271.977	7.463000
272.174	7.463000
272.174	7.113000
272.371	7.113000
272.371	7.417000
272.687	7.417000
272.687	7.524000
273.003	7.524000
273.003	7.154000
273.319	7.154000
273.319	6.188000
273.644	6.188000
273.644	5.612000
273.97	5.612000
273.97	5.977000
274.296	5.977000
274.296	7.814000
274.604	7.814000
274.604	7.925000
274.912	7.925000
274.912	7.597000
275.22	7.597000
275.22	7.827000
275.524	7.827000
275.524	7.932000
275.828	7.932000
275.828	7.712000
276.132	7.712000
276.132	5.578000
276.418	5.578000
276.418	5.500000
276.705	5.500000
276.705	6.031000
276.992	6.031000
276.992	6.604000
277.261	6.604000
277.261	6.804000
277.53	6.804000
277.53	6.641000
277.799	6.641000
277.799	7.958000
278.125	7.958000
278.125	8.007000
278.451	8.007000
278.451	7.745000
278.777	7.745000
278.777	6.603000
279.11	6.603000
279.11	6.484000
279.443	6.484000
279.443	6.400000
279.776	6.400000
279.776	8.919000
280.128	8.919000
280.128	9.048000
280.48	9.048000
280.48	8.669000
280.832	8.669000
280.832	7.787000
281.174	7.787000
281.174	7.697000
281.516	7.697000
281.516	7.440000
281.858	7.440000
281.858	7.628000
282.204	7.628000
282.204	7.227000
282.55	7.227000
282.55	6.888000
282.896	6.888000
282.896	7.310000
283.146	7.310000
283.146	6.985000
283.396	6.985000
283.396	6.628000
283.646	6.628000
283.646	8.131000
283.873	8.131000
283.873	8.119000
284.1	8.119000
284.1	7.872000
284.327	7.872000
284.327	7.284000
284.539	7.284000
284.539	7.379000
284.751	7.379000
284.751	6.423000
284.963	6.423000
284.963	7.238000
285.267	7.238000
285.267	7.147000
285.571	7.147000
285.571	7.016000
285.875	7.016000
285.875	9.251000
286.193	9.251000
286.193	9.138000
286.511	9.138000
286.511	8.273000
286.829	8.273000
286.829	6.700000
287.121	6.700000
287.121	6.900000
287.414	6.900000
287.414	6.526000
287.707	6.526000
287.707	6.582000
288.013	6.582000
288.013	6.346000
288.319	6.346000
288.319	6.254000
288.625	6.254000
288.625	6.745000
288.913	6.745000
288.913	6.887000
289.2	6.887000
289.2	6.731000
289.49	6.731000
289.49	9.302000
289.818	9.302000
289.818	9.425000
290.146	9.425000
290.146	9.569000
290.474	9.569000
290.474	6.110000
290.801	6.110000
290.801	5.593000
291.129	5.593000
291.129	5.917000
291.457	5.917000
291.457	8.249000
291.748	8.249000
291.748	8.255000
292.039	8.255000
292.039	7.921000
292.33	7.921000
292.33	8.241000
292.664	8.241000
292.664	8.105000
292.998	8.105000
292.998	7.341000
293.331	7.341000
293.331	6.562000
293.64	6.562000
293.64	6.728000
293.95	6.728000
293.95	6.524000
294.26	6.524000
294.26	7.317000
294.606	7.317000
294.606	7.027000
294.952	7.027000
294.952	7.469000
295.298	7.469000
295.298	8.118000
295.647	8.118000
295.647	7.981000
295.996	7.981000
295.996	7.975000
296.345	7.975000
296.345	5.252000
296.697	5.252000
296.697	5.550000
297.048	5.550000
297.048	5.373000
297.4	5.373000
297.4	7.027000
297.607	7.027000
297.607	7.185000
297.814	7.185000
297.814	7.182000
298.021	7.182000
298.021	8.396000
298.256	8.396000
298.256	7.788000
298.491	7.788000
298.491	7.852000
298.726	7.852000
298.726	7.281000
298.956	7.281000
298.956	7.490000
299.186	7.490000
299.186	7.314000
299.416	7.314000
299.416	7.310000
299.642	7.310000
299.642	7.258000
299.868	7.258000
299.868	7.621000
300.094	7.621000
300.094	9.475000
300.373	9.475000
300.373	9.411000
300.652	9.411000
300.652	9.323000
300.931	9.323000
300.931	6.623000
301.203	6.623000
301.203	6.703000
301.475	6.703000
301.475	6.383000
301.747	6.383000
301.747	6.358000
302.07	6.358000
302.07	5.999000
302.393	5.999000
302.393	6.172000
302.716	6.172000
302.716	7.534000
303.05	7.534000
303.05	7.343000
303.384	7.343000
303.384	7.324000
303.718	7.324000
303.718	7.896000
304.013	7.896000
304.013	7.540000
304.308	7.540000
304.308	7.102000
304.603	7.102000
304.603	6.750000
304.929	6.750000
304.929	6.637000
305.255	6.637000
305.255	6.643000
305.581	6.643000
305.581	6.189000
305.844	6.189000
305.844	6.850000
306.107	6.850000
306.107	6.478000
306.37	6.478000
306.37	7.666000
306.657	7.666000
306.657	7.875000
306.944	7.875000
306.944	7.896000
307.231	7.896000
307.231	6.460000
307.538	6.460000
307.538	6.527000
307.845	6.527000
307.845	6.837000
308.152	6.837000
308.152	9.199000
308.495	9.199000
308.495	8.966000
308.838	8.966000
308.838	8.732000
309.181	8.732000
309.181	6.797000
309.523	6.797000
309.523	7.043000
309.865	7.043000
309.865	6.847000
310.207	6.847000
310.207	7.414000
310.559	7.414000
310.559	7.472000
310.911	7.472000
310.911	7.963000
311.263	7.963000
311.263	6.356000
311.568	6.356000
311.568	6.573000
311.873	6.573000
311.873	6.675000
312.178	6.675000
312.178	7.606000
312.419	7.606000
312.419	7.642000
312.66	7.642000
312.66	7.306000
312.901	7.306000
312.901	8.045000
313.133	8.045000
313.133	7.840000
313.365	7.840000
313.365	7.767000
313.597	7.767000
313.597	8.547000
313.84	8.547000
313.84	8.706000
314.084	8.706000
314.084	8.444000
314.328	8.444000
314.328	7.827000
314.542	7.827000
314.542	7.813000
314.756	7.813000
314.756	7.624000
314.97	7.624000
314.97	7.254000
315.17	7.254000
315.17	7.487000
315.37	7.487000
315.37	6.545000
315.57	6.545000
315.57	7.447000
315.88	7.447000
315.88	7.381000
316.19	7.381000
316.19	7.508000
316.5	7.508000
316.5	7.925000
316.835	7.925000
316.835	8.166000
317.17	8.166000
317.17	7.889000
317.505	7.889000
317.505	8.168000
317.798	8.168000
317.798	8.522000
318.091	8.522000
318.091	8.148000
318.384	8.148000
318.384	7.500000
318.69	7.500000
318.69	7.832000
318.996	7.832000
318.996	7.695000
319.302	7.695000
319.302	9.192000
319.637	9.192000
319.637	9.212000
319.972	9.212000
319.972	8.889000
320.307	8.889000
320.307	7.241000
320.617	7.241000
320.617	7.256000
320.925	7.256000
320.925	7.548000
321.235	7.548000
321.235	5.302000
321.558	5.302000
321.558	5.277000
321.881	5.277000
321.881	5.541000
322.204	5.541000
322.204	7.538000
322.548	7.538000
322.548	7.533000
322.892	7.533000
322.892	7.045000
323.236	7.045000
323.236	7.834000
323.586	7.834000
323.586	8.011000
323.935	8.011000
323.935	7.975000
324.285	7.975000
324.285	6.088000
324.619	6.088000
324.619	6.151000
324.953	6.151000
324.953	6.267000
325.287	6.267000
325.287	8.299000
325.634	8.299000
325.634	8.314000
325.981	8.314000
325.981	7.885000
326.328	7.885000
326.328	5.493000
326.645	5.493000
326.645	5.767000
326.962	5.767000
326.962	5.712000
327.279	5.712000
327.279	7.522000
327.554	7.522000
327.554	7.729000
327.829	7.729000
327.829	8.136000
328.104	8.136000
328.104	6.711000
328.328	6.711000
328.328	6.826000
328.552	6.826000
328.552	6.531000
328.776	6.531000
328.776	7.255000
329.026	7.255000
329.026	7.590000
329.276	7.590000
329.276	6.841000
329.526	6.841000
329.526	6.912000
329.761	6.912000
329.761	6.718000
329.996	6.718000
329.996	6.634000
330.231	6.634000
330.231	7.616000
330.446	7.616000
330.446	7.378000
330.661	7.378000
330.661	7.290000
330.876	7.290000
330.876	7.823000
331.142	7.823000
331.142	8.015000
331.408	8.015000
331.408	8.015000
331.674	8.015000
331.674	7.317000
331.972	7.317000
331.972	7.128000
332.27	7.128000
332.27	6.821000
332.568	6.821000
332.568	8.094000
332.863	8.094000
332.863	8.417000
333.159	8.417000
333.159	8.172000
333.455	8.172000
333.455	7.807000
333.794	7.807000
333.794	7.756000
334.133	7.756000
334.133	7.654000
334.472	7.654000
334.472	5.203000
334.795	5.203000
334.795	5.298000
335.119	5.298000
335.119	5.439000
335.443	5.439000
335.443	6.083000
335.775	6.083000
335.775	6.037000
336.107	6.037000
336.107	5.994000
336.439	5.994000
336.439	6.463000
336.766	6.463000
336.766	6.680000
337.093	6.680000
337.093	6.351000
337.419	6.351000
337.419	6.379000
337.721	6.379000
337.721	6.138000
338.023	6.138000
338.023	6.012000
338.325	6.012000
338.325	5.886000
338.638	5.886000
338.638	5.720000
338.951	5.720000
338.951	6.185000
339.264	6.185000
339.264	8.431000
339.614	8.431000
339.614	8.544000
339.964	8.544000
339.964	8.363000
340.314	8.363000
340.314	7.502000
340.604	7.502000
340.604	7.212000
340.894	7.212000
340.894	7.120000
341.184	7.120000
341.184	7.759000
341.515	7.759000
341.515	7.878000
341.846	7.878000
341.846	7.500000
342.175	7.500000
342.175	6.441000
342.522	6.441000
342.522	6.336000
342.869	6.336000
342.869	6.420000
343.216	6.420000
343.216	6.473000
343.51	6.473000
343.51	6.187000
343.804	6.187000
343.804	6.504000
344.098	6.504000
344.098	8.032000
344.427	8.032000
344.427	7.944000
344.756	7.944000
344.756	7.735000
345.085	7.735000
345.085	8.453000
345.299	8.453000
345.299	8.329000
345.513	8.329000
345.513	8.099000
345.726	8.099000
345.726	6.500000
345.982	6.500000
345.982	6.350000
346.238	6.350000
346.238	6.145000
346.494	6.145000
346.494	6.731000
346.716	6.731000
346.716	7.053000
346.938	7.053000
346.938	6.579000
347.16	6.579000
347.16	6.231000
347.466	6.231000
347.466	6.405000
347.772	6.405000
347.772	6.140000
348.078	6.140000
348.078	5.394000
348.39	5.394000
348.39	5.845000
348.702	5.845000
348.702	5.926000
349.014	5.926000
349.014	5.460000
349.358	5.460000
349.358	5.615000
349.702	5.615000
349.702	5.548000
350.046	5.548000
350.046	8.230000
350.367	8.230000
350.367	8.021000
350.688	8.021000
350.688	7.887000
351.009	7.887000
351.009	7.699000
351.341	7.699000
351.341	7.516000
351.673	7.516000
351.673	6.987000
352.005	6.987000
352.005	6.872000
352.309	6.872000
352.309	7.214000
352.613	7.214000
352.613	6.988000
352.917	6.988000
352.917	7.750000
353.222	7.750000
353.222	7.771000
353.527	7.771000
353.527	7.279000
353.832	7.279000
353.832	6.059000
354.168	6.059000
354.168	6.112000
354.504	6.112000
354.504	6.094000
354.84	6.094000
354.84	5.895000
355.161	5.895000
355.161	6.379000
355.482	6.379000
355.482	6.224000
355.803	6.224000
355.803	7.894000
356.137	7.894000
356.137	8.003000
356.471	8.003000
356.471	7.871000
356.805	7.871000
356.805	7.045000
357.023	7.045000
357.023	6.989000
357.24	6.989000
357.24	6.834000
357.457	6.834000
357.457	8.047000
357.72	8.047000
357.72	8.107000
357.983	8.107000
357.983	8.064000
358.245	8.064000
358.245	7.764000
358.459	7.764000
358.459	7.760000
358.673	7.760000
358.673	7.781000
358.887	7.781000
358.887	5.553000
359.184	5.553000
359.184	5.525000
359.481	5.525000
359.481	5.794000
359.778	5.794000
359.778	7.449000
360.006	7.449000
360.006	7.507000
360.234	7.507000
360.234	7.236000
360.462	7.236000
360.462	7.081000
360.757	7.081000
360.757	7.847000
361.052	7.847000
361.052	7.060000
361.347	7.060000
361.347	7.125000
361.652	7.125000
361.652	7.105000
361.957	7.105000
361.957	7.140000
362.262	7.140000
362.262	8.982000
362.589	8.982000
362.589	8.909000
362.916	8.909000
362.916	8.668000
363.243	8.668000
363.243	7.378000
363.574	7.378000
363.574	7.497000
363.905	7.497000
363.905	7.201000
364.236	7.201000
364.236	9.142000
364.577	9.142000
364.577	9.063000
364.918	9.063000
364.918	9.137000
365.259	9.137000
365.259	6.531000
365.585	6.531000
365.585	6.566000
365.911	6.566000
365.911	6.780000
366.237	6.780000
366.237	7.618000
366.561	7.618000
366.561	7.579000
366.885	7.579000
366.885	7.369000
367.209	7.369000
367.209	5.705000
367.545	5.705000
367.545	6.168000
367.881	6.168000
367.881	5.855000
368.217	5.855000
368.217	7.340000
368.423	7.340000
368.423	7.046000
368.629	7.046000
368.629	6.577000
368.835	6.577000
368.835	9.041000
369.062	9.041000
369.062	8.788000
369.288	8.788000
369.288	7.388000
369.515	7.388000
369.515	7.833000
369.738	7.833000
369.738	7.744000
369.961	7.744000
369.961	8.402000
370.184	8.402000
370.184	6.500000
370.506	6.500000
370.506	6.270000
370.829	6.270000
370.829	6.115000
371.152	6.115000
371.152	6.111000
371.428	6.111000
371.428	6.523000
371.704	6.523000
371.704	6.300000
371.98	6.300000
371.98	8.643000
372.332	8.643000
372.332	8.757000
372.685	8.757000
372.685	9.104000
373.038	9.104000
373.038	5.950000
373.39	5.950000
373.39	5.616000
373.743	5.616000
373.743	5.879000
374.096	5.879000
374.096	6.503000
374.416	6.503000
374.416	6.559000
374.736	6.559000
374.736	6.243000
375.056	6.243000
375.056	8.312000
375.39	8.312000
375.39	8.517000
375.724	8.517000
375.724	8.436000
376.057	8.436000
376.057	6.768000
376.408	6.768000
376.408	6.347000
376.759	6.347000
376.759	6.507000
377.11	6.507000
377.11	7.556000
377.411	7.556000
377.411	7.713000
377.712	7.713000
377.712	7.415000
378.012	7.415000
378.012	8.444000
378.364	8.444000
378.364	8.406000
378.716	8.406000
378.716	8.542000
379.068	8.542000
379.068	8.055000
379.42	8.055000
379.42	8.124000
379.772	8.124000
379.772	8.105000
380.124	8.105000
380.124	7.808000
380.459	7.808000
380.459	7.773000
380.795	7.773000
380.795	7.560000
381.13	7.560000
381.13	7.387000
381.441	7.387000
381.441	7.512000
381.752	7.512000
381.752	7.665000
382.063	7.665000
382.063	5.635000
382.403	5.635000
382.403	5.950000
382.742	5.950000
382.742	5.924000
383.082	5.924000
383.082	7.593000
383.347	7.593000
383.347	7.395000
383.612	7.395000
383.612	7.137000
383.877	7.137000
383.877	9.385000
384.109	9.385000
384.109	9.408000
384.341	9.408000
384.341	9.567000
384.573	9.567000
384.573	6.984000
384.78	6.984000
384.78	7.384000
384.986	7.384000
384.986	6.778000
385.193	6.778000
385.193	7.121000
385.409	7.121000
385.409	6.569000
385.625	6.569000
385.625	6.694000
385.841	6.694000
385.841	6.511000
386.076	6.511000
386.076	6.908000
386.311	6.908000
386.311	6.212000
386.546	6.212000
386.546	6.973000
386.884	6.973000
386.884	6.876000
387.222	6.876000
387.222	6.854000
387.56	6.854000
387.56	6.649000
387.877	6.649000
387.877	6.796000
388.194	6.796000
388.194	6.781000
388.511	6.781000
388.511	6.652000
388.773	6.652000
388.773	6.901000
389.035	6.901000
389.035	6.652000
389.297	6.652000
389.297	8.524000
389.61	8.524000
389.61	8.347000
389.923	8.347000
389.923	7.672000
390.236	7.672000
390.236	5.054000
390.556	5.054000
390.556	5.027000
390.876	5.027000
390.876	5.126000
391.196	5.126000
391.196	7.181000
391.521	7.181000
391.521	7.654000
391.845	7.654000
391.845	6.905000
392.17	6.905000
392.17	6.640000
392.441	6.640000
392.441	7.109000
392.712	7.109000
392.712	6.880000
392.983	6.880000
392.983	6.009000
393.275	6.009000
393.275	6.152000
393.567	6.152000
393.567	6.345000
393.859	6.345000
393.859	8.595000
394.207	8.595000
394.207	8.480000
394.555	8.480000
394.555	8.265000
394.903	8.265000
394.903	5.155000
395.239	5.155000
395.239	5.479000
395.575	5.479000
395.575	5.270000
395.911	5.270000
395.911	7.265000
396.206	7.265000
396.206	7.302000
396.502	7.302000
396.502	7.525000
396.798	7.525000
396.798	7.142000
397.144	7.142000
397.144	7.092000
397.49	7.092000
397.49	6.953000
397.836	6.953000
397.836	7.981000
398.18	7.981000
398.18	8.038000
398.524	8.038000
398.524	7.344000
398.868	7.344000
398.868	6.686000
399.054	6.686000
399.054	7.009000
399.239	7.009000
399.239	6.287000
399.425	6.287000
399.425	7.322000
399.695	7.322000
399.695	7.749000
399.965	7.749000
399.965	6.925000
400.235	6.925000
400.235	9.342000
400.452	9.342000
400.452	9.483000
400.669	9.483000
400.669	9.451000
400.886	9.451000
400.886	5.853000
401.145	5.853000
401.145	5.743000
401.404	5.743000
401.404	5.635000
401.662	5.635000
401.662	6.306000
401.894	6.306000
401.894	6.055000
402.126	6.055000
402.126	6.112000
402.358	6.112000
402.358	7.109000
402.607	7.109000
402.607	7.314000
402.856	7.314000
402.856	7.029000
403.105	7.029000
403.105	6.496000
403.369	6.496000
403.369	6.351000
403.633	6.351000
403.633	5.691000
403.896	5.691000
403.896	7.990000
404.152	7.990000
404.152	8.053000
404.408	8.053000
404.408	7.517000
404.664	7.517000
404.664	8.634000
404.95	8.634000
404.95	8.544000
405.236	8.544000
405.236	8.167000
405.521	8.167000
405.521	6.466000
405.773	6.466000
405.773	6.341000
406.025	6.341000
406.025	6.466000
406.277	6.466000
406.277	7.021000
406.58	7.021000
406.58	7.283000
406.883	7.283000
406.883	7.074000
407.186	7.074000
407.186	8.444000
407.505	8.444000
407.505	8.411000
407.824	8.411000
407.824	7.835000
408.142	7.835000
408.142	5.657000
408.4	5.657000
408.4	5.822000
408.658	5.822000
408.658	5.840000
408.915	5.840000
408.915	6.057000
409.251	6.057000
409.251	6.079000
409.586	6.079000
409.586	5.904000
409.922	5.904000
409.922	7.613000
410.243	7.613000
410.243	7.581000
410.564	7.581000
410.564	7.166000
410.885	7.166000
410.885	5.092000
411.185	5.092000
411.185	5.138000
411.485	5.138000
411.485	5.682000
411.784	5.682000
411.784	6.122000
412.123	6.122000
412.123	6.374000
412.462	6.374000
412.462	6.313000
412.801	6.313000
412.801	6.098000
413.102	6.098000
413.102	6.597000
413.403	6.597000
413.403	6.405000
413.704	6.405000
413.704	4.849000
414.001	4.849000
414.001	4.986000
414.297	4.986000
414.297	4.911000
414.594	4.911000
414.594	8.320000
414.846	8.320000
414.846	6.648000
415.098	6.648000
415.098	7.783000
415.35	7.783000
415.35	7.053000
415.58	7.053000
415.58	6.654000
415.81	6.654000
415.81	6.966000
416.04	6.966000
416.04	5.723000
416.282	5.723000
416.282	5.231000
416.523	5.231000
416.523	5.839000
416.765	5.839000
416.765	6.533000
417.012	6.533000
417.012	6.158000
417.259	6.158000
417.259	6.499000
417.506	6.499000
417.506	7.429000
417.77	7.429000
417.77	7.192000
418.034	7.192000
418.034	6.941000
418.298	6.941000
418.298	6.011000
418.573	6.011000
418.573	6.267000
418.848	6.267000
418.848	6.539000
419.122	6.539000
419.122	9.798000
419.443	9.798000
419.443	9.320000
419.764	9.320000
419.764	9.824000
420.085	9.824000
420.085	8.439000
420.415	8.439000
420.415	8.302000
420.744	8.302000
420.744	8.516000
421.074	8.516000
421.074	9.533000
421.423	9.533000
421.423	8.524000
421.771	8.524000
421.771	9.202000
422.12	9.202000
422.12	7.628000
422.47	7.628000
422.47	7.370000
422.819	7.370000
422.819	7.645000
423.169	7.645000
423.169	7.441000
423.474	7.441000
423.474	7.309000
423.779	7.309000
423.779	7.284000
424.084	7.284000
424.084	6.501000
424.369	6.501000
424.369	6.489000
424.654	6.489000
424.654	6.435000
424.938	6.435000
424.938	7.456000
425.269	7.456000
425.269	7.110000
425.6	7.110000
425.6	7.130000
425.931	7.130000
425.931	8.667000
426.282	8.667000
426.282	8.241000
426.633	8.241000
426.633	8.728000
426.984	8.728000
426.984	5.610000
427.297	5.610000
427.297	5.646000
427.61	5.646000
427.61	5.364000
427.923	5.364000
427.923	7.126000
428.261	7.126000
428.261	6.908000
428.599	6.908000
428.599	7.166000
428.937	7.166000
428.937	6.415000
429.27	6.415000
429.27	6.069000
429.603	6.069000
429.603	6.025000
429.936	6.025000
429.936	5.466000
430.128	5.466000
430.128	4.438000
430.32	4.438000
430.32	5.436000
430.509	5.436000
430.509	7.212000
430.801	7.212000
430.801	6.913000
431.093	6.913000
431.093	7.094000
431.385	7.094000
431.385	7.291000
431.596	7.291000
431.596	6.589000
431.807	6.589000
431.807	6.820000
432.018	6.820000
432.018	5.815000
432.241	5.815000
432.241	5.293000
432.463	5.293000
432.463	5.865000
432.686	5.865000
432.686	8.924000
432.923	8.924000
432.923	9.105000
433.16	9.105000
433.16	8.786000
433.397	8.786000
433.397	5.547000
433.72	5.547000
433.72	5.605000
434.043	5.605000
434.043	5.402000
434.366	5.402000
434.366	6.751000
434.687	6.751000
434.687	6.915000
435.008	6.915000
435.008	6.448000
435.329	6.448000
435.329	5.670000
435.578	5.670000
435.578	5.964000
435.826	5.964000
435.826	5.739000
436.075	5.739000
436.075	7.490000
436.351	7.490000
436.351	7.656000
436.628	7.656000
436.628	7.496000
436.905	7.496000
436.905	7.679000
437.253	7.679000
437.253	7.418000
437.601	7.418000
437.601	7.648000
437.949	7.648000
437.949	5.394000
438.255	5.394000
438.255	5.464000
438.561	5.464000
438.561	5.437000
438.867	5.437000
438.867	6.349000
439.215	6.349000
439.215	6.383000
439.563	6.383000
439.563	5.788000
439.911	5.788000
439.911	6.645000
440.256	6.645000
440.256	5.994000
440.601	5.994000
440.601	6.028000
440.946	6.028000
440.946	9.710000
441.29	9.710000
441.29	7.683000
441.64	7.683000
441.64	7.338000
441.99	7.338000
441.99	7.836000
442.34	7.836000
442.34	5.027000
442.639	5.027000
442.639	4.889000
442.94	4.889000
442.94	5.134000
443.241	5.134000
443.241	8.460000
443.499	8.460000
443.499	8.467000
443.757	8.467000
443.757	8.351000
444.015	8.351000
444.015	8.545000
444.25	8.545000
444.25	8.998000
444.485	8.998000
444.485	8.616000
444.72	8.616000
444.72	5.838000
444.992	5.838000
444.992	5.519000
445.264	5.519000
445.264	5.182000
445.534	5.182000
445.534	8.758000
445.831	8.758000
445.831	8.922000
446.128	8.922000
446.128	7.796000
446.425	7.796000
446.425	8.234000
446.759	8.234000
446.759	8.126000
447.093	8.126000
447.093	7.682000
447.427	7.682000
447.427	4.698000
447.696	4.698000
447.696	4.697000
447.965	4.697000
447.965	5.094000
448.234	5.094000
448.234	6.498000
448.525	6.498000
448.525	6.557000
448.816	6.557000
448.816	6.389000
449.107	6.389000
449.107	7.315000
449.413	7.315000
449.413	7.332000
449.718	7.332000
449.718	7.280000
450.024	7.280000
450.024	8.752000
450.358	8.752000
450.358	8.734000
450.692	8.734000
450.692	8.773000
451.026	8.773000
