0.0	9.475000
0.353	9.475000
0.353	9.940000
0.705	9.940000
0.705	6.850000
1.056	6.850000
1.056	7.402000
1.408	7.402000
1.408	7.617000
1.761	7.617000
1.761	7.940000
2.079	7.940000
2.079	8.703000
2.397	8.703000
2.397	8.910000
2.715	8.910000
2.715	9.956000
3.033	9.956000
3.033	8.518000
3.385	8.518000
3.385	8.033000
3.738	8.033000
3.738	8.711000
4.091	8.711000
4.091	9.066000
4.409	9.066000
4.409	9.507000
4.727	9.507000
4.727	7.769000
5.075	7.769000
5.075	8.024000
5.428	8.024000
5.428	8.611000
5.781	8.611000
5.781	9.065000
6.099	9.065000
6.099	9.653000
6.417	9.653000
6.417	8.264000
6.735	8.264000
6.735	8.201000
7.053	8.201000
7.053	8.123000
7.365	8.123000
7.365	9.391000
7.715	9.391000
7.715	9.236000
8.068	9.236000
8.068	9.636000
8.421	9.636000
8.421	7.840000
8.772	7.840000
8.772	8.517000
9.126	8.517000
9.126	8.962000
9.48	8.962000
9.48	9.774000
9.798	9.774000
9.798	8.718000
10.114	8.718000
10.114	9.053000
10.467	9.053000
10.467	8.692000
10.82	8.692000
10.82	7.773000
11.172	7.773000
11.172	7.012000
11.518	7.012000
11.518	7.471000
11.87	7.471000
11.87	8.091000
12.223	8.091000
12.223	9.650000
12.539	9.650000
12.539	9.099000
12.892	9.099000
12.892	9.665000
13.24	9.665000
13.24	9.473000
13.593	9.473000
13.593	9.064000
13.944	9.064000
13.944	9.602000
14.298	9.602000
14.298	9.378000
14.612	9.378000
14.612	9.477000
14.963	9.477000
14.963	9.182000
15.316	9.182000
15.316	7.305000
15.669	7.305000
15.669	8.222000
16.022	8.222000
16.022	8.234000
16.375	8.234000
16.375	9.831000
16.691	9.831000
16.691	8.311000
17.009	8.311000
17.009	8.938000
17.325	8.938000
17.325	7.468000
17.643	7.468000
17.643	9.036000
17.99	9.036000
17.99	9.139000
18.343	9.139000
18.343	9.830000
18.696	9.830000
18.696	9.838000
19.014	9.838000
19.014	9.815000
19.367	9.815000
19.367	9.745000
19.715	9.745000
19.715	9.987000
20.068	9.987000
20.068	9.208000
20.385	9.208000
20.385	8.033000
20.732	8.033000
20.732	8.900000
21.085	8.900000
21.085	9.687000
21.438	9.687000
21.438	8.600000
21.791	8.600000
21.791	7.095000
22.138	7.095000
22.138	8.728000
22.491	8.728000
22.491	8.911000
22.844	8.911000
22.844	9.342000
23.159	9.342000
23.159	9.787000
23.475	9.787000
23.475	6.624000
23.821	6.624000
23.821	8.371000
24.174	8.371000
24.174	8.501000
24.527	8.501000
24.527	8.846000
24.88	8.846000
24.88	8.438000
25.234	8.438000
25.234	9.100000
25.587	9.100000
25.587	8.718000
25.933	8.718000
25.933	7.538000
26.286	7.538000
26.286	8.194000
26.639	8.194000
26.639	7.918000
26.991	7.918000
26.991	7.527000
27.34	7.527000
27.34	8.254000
27.693	8.254000
27.693	8.635000
28.046	8.635000
28.046	9.001000
28.364	9.001000
28.364	8.691000
28.682	8.691000
28.682	8.513000
28.997	8.513000
28.997	8.557000
29.35	8.557000
29.35	9.606000
29.703	9.606000
29.703	8.457000
30.056	8.457000
30.056	7.864000
30.409	7.864000
30.409	8.421000
30.762	8.421000
30.762	8.026000
31.115	8.026000
31.115	8.824000
31.433	8.824000
31.433	9.869000
31.751	9.869000
31.751	8.232000
32.068	8.232000
32.068	9.968000
32.419	9.968000
32.419	9.141000
32.772	9.141000
32.772	9.598000
33.126	9.598000
33.126	9.721000
33.48	9.721000
33.48	9.700000
33.834	9.700000
33.834	9.624000
34.15	9.624000
34.15	8.609000
34.503	8.609000
34.503	8.442000
34.856	8.442000
34.856	7.809000
35.206	7.809000
35.206	8.971000
35.56	8.971000
35.56	9.989000
35.912	9.989000
35.912	9.375000
36.264	9.375000
36.264	8.302000
36.616	8.302000
36.616	8.808000
36.969	8.808000
36.969	9.087000
37.286	9.087000
37.286	9.578000
37.603	9.578000
37.603	8.744000
37.919	8.744000
37.919	9.426000
38.237	9.426000
38.237	9.295000
38.555	9.295000
38.555	9.152000
38.873	9.152000
38.873	8.752000
39.227	8.752000
39.227	8.902000
39.581	8.902000
39.581	9.825000
39.935	9.825000
39.935	7.066000
40.288	7.066000
40.288	5.997000
40.64	5.997000
40.64	6.537000
40.993	6.537000
40.993	8.696000
41.341	8.696000
41.341	8.570000
41.694	8.570000
41.694	9.322000
42.047	9.322000
42.047	9.123000
42.399	9.123000
42.399	9.074000
42.752	9.074000
42.752	8.599000
43.1	8.599000
43.1	8.982000
43.453	8.982000
43.453	8.669000
43.806	8.669000
43.806	9.898000
44.124	9.898000
44.124	9.211000
44.441	9.211000
44.441	9.880000
44.759	9.880000
44.759	6.903000
45.11	6.903000
45.11	7.990000
45.463	7.990000
45.463	8.177000
45.816	8.177000
45.816	9.829000
46.133	9.829000
46.133	9.270000
46.45	9.270000
46.45	8.722000
46.767	8.722000
46.767	8.943000
47.12	8.943000
47.12	7.864000
47.473	7.864000
47.473	8.203000
47.825	8.203000
47.825	9.848000
48.143	9.848000
48.143	8.628000
48.489	8.628000
48.489	6.813000
48.843	6.813000
48.843	6.435000
49.197	6.435000
49.197	7.250000
49.551	7.250000
49.551	9.357000
49.869	9.357000
49.869	8.065000
50.185	8.065000
50.185	7.911000
50.538	7.911000
50.538	8.068000
50.891	8.068000
50.891	7.903000
51.242	7.903000
51.242	7.860000
51.594	7.860000
51.594	8.934000
51.947	8.934000
51.947	8.831000
52.3	8.831000
52.3	8.490000
52.653	8.490000
52.653	8.480000
53.004	8.480000
53.004	8.073000
53.357	8.073000
53.357	9.797000
53.675	9.797000
53.675	6.963000
54.025	6.963000
54.025	6.506000
54.378	6.506000
54.378	7.869000
54.731	7.869000
54.731	7.956000
55.049	7.956000
55.049	8.911000
55.367	8.911000
55.367	8.439000
55.685	8.439000
55.685	9.075000
56.038	9.075000
56.038	8.102000
56.391	8.102000
56.391	9.930000
56.744	9.930000
56.744	9.876000
57.061	9.876000
57.061	9.462000
57.375	9.462000
57.375	7.328000
57.725	7.328000
57.725	8.775000
58.079	8.775000
58.079	8.482000
58.433	8.482000
58.433	8.926000
58.751	8.926000
58.751	7.922000
59.103	7.922000
59.103	9.811000
59.456	9.811000
59.456	7.004000
59.809	7.004000
59.809	7.008000
60.16	7.008000
60.16	7.382000
60.511	7.382000
60.511	9.036000
60.829	9.036000
60.829	7.555000
61.182	7.555000
61.182	7.380000
61.535	7.380000
61.535	6.719000
61.888	6.719000
61.888	8.460000
62.206	8.460000
62.206	9.242000
62.524	9.242000
62.524	7.341000
62.877	7.341000
62.877	7.520000
63.23	7.520000
63.23	8.089000
63.583	8.089000
63.583	8.245000
63.936	8.245000
63.936	9.181000
64.287	9.181000
64.287	9.613000
64.639	9.613000
64.639	8.961000
64.987	8.961000
64.987	8.923000
65.336	8.923000
65.336	9.234000
65.68	9.234000
65.68	8.508000
66.029	8.508000
66.029	7.886000
66.382	7.886000
66.382	7.979000
66.735	7.979000
66.735	9.223000
67.088	9.223000
67.088	8.590000
67.439	8.590000
67.439	8.872000
67.792	8.872000
67.792	9.862000
68.11	9.862000
68.11	9.008000
68.426	9.008000
68.426	6.954000
68.776	6.954000
68.776	6.316000
69.129	6.316000
69.129	7.315000
69.482	7.315000
69.482	8.560000
69.835	8.560000
69.835	7.091000
70.187	7.091000
70.187	6.902000
70.54	6.902000
70.54	9.741000
70.894	9.741000
70.894	9.203000
71.247	9.203000
71.247	6.609000
71.596	6.609000
71.596	8.336000
71.95	8.336000
71.95	7.861000
72.304	7.861000
72.304	9.346000
72.622	9.346000
72.622	9.538000
72.94	9.538000
72.94	9.931000
73.257	9.931000
73.257	7.186000
73.603	7.186000
73.603	8.603000
73.92	8.603000
73.92	9.540000
74.237	9.540000
74.237	8.169000
74.553	8.169000
74.553	9.936000
74.906	9.936000
74.906	9.434000
75.258	9.434000
75.258	9.621000
75.607	9.621000
75.607	9.465000
75.958	9.465000
75.958	9.298000
76.304	9.298000
76.304	7.339000
76.654	7.339000
76.654	9.519000
77.008	9.519000
77.008	9.206000
77.363	9.206000
77.363	9.261000
77.683	9.261000
77.683	8.571000
77.994	8.571000
77.994	9.171000
78.342	9.171000
78.342	9.685000
78.697	9.685000
78.697	9.490000
79.052	9.490000
79.052	8.858000
79.406	8.858000
79.406	8.725000
79.76	8.725000
79.76	8.675000
80.115	8.675000
80.115	9.113000
80.468	9.113000
80.468	9.672000
80.822	9.672000
80.822	9.365000
81.17	9.365000
81.17	9.612000
81.488	9.612000
81.488	6.780000
81.84	6.780000
81.84	7.469000
82.193	7.469000
82.193	7.164000
82.546	7.164000
82.546	8.240000
82.899	8.240000
82.899	7.629000
83.249	7.629000
83.249	9.192000
83.602	9.192000
83.602	9.369000
83.92	9.369000
83.92	8.778000
84.273	8.778000
84.273	8.532000
84.626	8.532000
84.626	8.562000
84.979	8.562000
84.979	9.169000
85.296	9.169000
85.296	7.464000
85.606	7.464000
85.606	9.590000
85.922	9.590000
85.922	7.878000
86.274	7.878000
86.274	7.004000
86.627	7.004000
86.627	7.130000
86.98	7.130000
86.98	9.659000
87.333	9.659000
87.333	9.276000
87.651	9.276000
87.651	8.837000
87.965	8.837000
87.965	7.322000
88.318	7.322000
88.318	6.800000
88.67	6.800000
88.67	6.498000
89.023	6.498000
89.023	7.918000
89.374	7.918000
89.374	7.972000
89.727	7.972000
89.727	7.580000
90.08	7.580000
90.08	8.376000
90.436	8.376000
90.436	9.182000
90.792	9.182000
90.792	7.964000
91.148	7.964000
91.148	8.424000
91.497	8.424000
91.497	9.777000
91.814	9.777000
91.814	7.840000
92.167	7.840000
92.167	6.691000
92.52	6.691000
92.52	6.723000
92.873	6.723000
92.873	8.159000
93.226	8.159000
93.226	8.823000
93.578	8.823000
93.578	7.088000
93.928	7.088000
93.928	8.467000
94.281	8.467000
94.281	7.947000
94.634	7.947000
94.634	9.546000
94.984	9.546000
94.984	9.184000
95.337	9.184000
95.337	9.685000
95.684	9.685000
95.684	8.629000
96.038	8.629000
96.038	8.203000
96.392	8.203000
96.392	9.219000
96.74	9.219000
96.74	9.986000
97.093	9.986000
97.093	8.923000
97.444	8.923000
97.444	9.674000
97.796	9.674000
97.796	9.102000
98.148	9.102000
98.148	8.164000
98.5	8.164000
98.5	8.719000
98.852	8.719000
98.852	9.195000
99.164	9.195000
99.164	9.803000
99.476	9.803000
99.476	7.769000
99.785	7.769000
99.785	8.026000
100.097	8.026000
100.097	8.477000
100.409	8.477000
100.409	6.588000
100.718	6.588000
100.718	6.737000
101.03	6.737000
101.03	7.571000
101.342	7.571000
101.342	8.599000
101.687	8.599000
101.687	7.830000
102.032	7.830000
102.032	7.901000
102.377	7.901000
102.377	8.819000
102.73	8.819000
102.73	9.620000
103.083	9.620000
103.083	8.249000
103.43	8.249000
103.43	6.869000
103.783	6.869000
103.783	7.637000
104.136	7.637000
104.136	6.998000
104.489	6.998000
104.489	8.621000
104.842	8.621000
104.842	9.245000
105.195	9.245000
105.195	8.405000
105.547	8.405000
105.547	9.568000
105.9	9.568000
105.9	8.607000
106.253	8.607000
106.253	9.098000
106.605	9.098000
106.605	8.353000
106.95	8.353000
106.95	9.237000
107.303	9.237000
107.303	9.171000
107.656	9.171000
107.656	9.515000
107.974	9.515000
107.974	8.920000
108.292	8.920000
108.292	8.257000
108.609	8.257000
108.609	9.082000
108.96	9.082000
108.96	9.963000
109.313	9.963000
109.313	9.862000
109.666	9.862000
109.666	8.626000
109.984	8.626000
109.984	9.593000
110.302	9.593000
110.302	9.346000
110.62	9.346000
110.62	7.693000
110.97	7.693000
110.97	8.509000
111.323	8.509000
111.323	8.528000
111.676	8.528000
111.676	8.516000
111.994	8.516000
111.994	9.072000
112.312	9.072000
112.312	8.985000
112.665	8.985000
112.665	8.434000
113.018	8.434000
113.018	8.281000
113.37	8.281000
113.37	8.676000
113.716	8.676000
113.716	7.925000
114.069	7.925000
114.069	8.947000
114.421	8.947000
114.421	9.194000
114.773	9.194000
114.773	9.362000
115.125	9.362000
115.125	6.285000
115.477	6.285000
115.477	5.700000
115.829	5.700000
115.829	5.603000
116.181	5.603000
116.181	8.516000
116.531	8.516000
116.531	8.211000
116.884	8.211000
116.884	8.640000
117.237	8.640000
117.237	9.390000
117.555	9.390000
117.555	9.822000
117.873	9.822000
117.873	8.428000
118.191	8.428000
118.191	9.476000
118.544	9.476000
118.544	9.134000
118.897	9.134000
118.897	7.572000
119.248	7.572000
119.248	8.326000
119.6	8.326000
119.6	8.191000
119.954	8.191000
119.954	9.713000
120.308	9.713000
120.308	8.939000
120.622	8.939000
120.622	7.934000
120.975	7.934000
120.975	8.445000
121.328	8.445000
121.328	7.380000
121.681	7.380000
121.681	9.932000
122.035	9.932000
122.035	9.214000
122.38	9.214000
122.38	8.156000
122.734	8.156000
122.734	8.760000
123.087	8.760000
123.087	8.347000
123.44	8.347000
123.44	9.264000
123.789	9.264000
123.789	9.901000
124.141	9.901000
124.141	9.511000
124.459	9.511000
124.459	8.121000
124.773	8.121000
124.773	6.144000
125.12	6.144000
125.12	7.303000
125.473	7.303000
125.473	7.010000
125.826	7.010000
125.826	9.133000
126.179	9.133000
126.179	9.347000
126.53	9.347000
126.53	8.464000
126.883	8.464000
126.883	9.854000
127.236	9.854000
127.236	9.797000
127.589	9.797000
127.589	8.152000
127.938	8.152000
127.938	6.861000
128.279	6.861000
128.279	9.064000
128.632	9.064000
128.632	9.893000
128.985	9.893000
128.985	8.583000
129.303	8.583000
129.303	9.540000
129.62	9.540000
129.62	8.304000
129.938	8.304000
129.938	8.266000
130.289	8.266000
130.289	9.933000
130.642	9.933000
130.642	9.334000
130.995	9.334000
130.995	9.902000
131.348	9.902000
131.348	9.970000
131.7	9.970000
131.7	8.572000
132.053	8.572000
132.053	6.590000
132.405	6.590000
132.405	7.394000
132.758	7.394000
132.758	7.089000
133.107	7.089000
133.107	7.731000
133.46	7.731000
133.46	8.037000
133.812	8.037000
133.812	9.852000
134.13	9.852000
134.13	8.677000
134.448	8.677000
134.448	9.030000
134.766	9.030000
134.766	8.538000
135.084	8.538000
135.084	6.757000
135.432	6.757000
135.432	7.220000
135.785	7.220000
135.785	6.758000
136.138	6.758000
136.138	9.132000
136.491	9.132000
136.491	8.716000
136.843	8.716000
136.843	8.138000
137.196	8.138000
137.196	9.249000
137.549	9.249000
137.549	7.709000
137.901	7.709000
137.901	8.101000
138.254	8.101000
138.254	6.907000
138.605	6.907000
138.605	7.410000
138.958	7.410000
138.958	6.536000
139.311	6.536000
139.311	6.558000
139.66	6.558000
139.66	7.589000
140.013	7.589000
140.013	7.760000
140.366	7.760000
140.366	8.614000
140.719	8.614000
140.719	7.893000
141.07	7.893000
141.07	7.799000
141.423	7.799000
141.423	9.767000
141.741	9.767000
141.741	6.176000
142.091	6.176000
142.091	6.998000
142.444	6.998000
142.444	7.202000
142.797	7.202000
142.797	9.850000
143.115	9.850000
143.115	9.387000
143.466	9.387000
143.466	9.153000
143.819	9.153000
143.819	9.636000
144.172	9.636000
144.172	9.809000
144.488	9.809000
144.488	9.885000
144.806	9.885000
144.806	9.640000
145.123	9.640000
145.123	8.052000
145.477	8.052000
145.477	8.945000
145.831	8.945000
145.831	7.560000
146.185	7.560000
146.185	8.714000
146.504	8.714000
146.504	8.166000
146.823	8.166000
146.823	8.860000
147.177	8.860000
147.177	9.574000
147.531	9.574000
147.531	7.906000
147.885	7.906000
147.885	7.489000
148.239	7.489000
148.239	8.231000
148.594	8.231000
148.594	7.312000
148.949	7.312000
148.949	9.445000
149.303	9.445000
149.303	9.618000
149.656	9.618000
149.656	8.830000
150.01	8.830000
150.01	9.872000
150.364	9.872000
150.364	8.572000
150.717	8.572000
150.717	6.472000
151.066	6.472000
151.066	7.875000
151.42	7.875000
151.42	7.330000
151.774	7.330000
151.774	9.633000
152.093	9.633000
152.093	6.661000
152.448	6.661000
152.448	6.377000
152.803	6.377000
152.803	6.657000
153.158	6.657000
153.158	9.417000
153.511	9.417000
153.511	7.898000
153.86	7.898000
153.86	7.313000
154.214	7.313000
154.214	7.246000
154.568	7.246000
154.568	9.655000
154.921	9.655000
154.921	9.350000
155.275	9.350000
155.275	8.348000
155.629	8.348000
155.629	9.163000
155.982	9.163000
155.982	7.541000
156.336	7.541000
156.336	7.793000
156.69	7.793000
156.69	7.241000
157.044	7.241000
157.044	7.639000
157.398	7.639000
157.398	8.415000
157.717	8.415000
157.717	9.582000
158.036	9.582000
158.036	8.351000
158.355	8.351000
158.355	8.013000
158.71	8.013000
158.71	7.145000
159.065	7.145000
159.065	6.602000
159.419	6.602000
159.419	7.437000
159.738	7.437000
159.738	7.250000
160.055	7.250000
160.055	7.936000
160.374	7.936000
160.374	6.658000
160.693	6.658000
160.693	7.471000
161.012	7.471000
161.012	6.959000
161.33	6.959000
161.33	9.220000
161.683	9.220000
161.683	9.648000
162.037	9.648000
162.037	9.586000
162.356	9.586000
162.356	9.162000
162.675	9.162000
162.675	8.473000
162.994	8.473000
162.994	9.223000
163.348	9.223000
163.348	8.502000
163.701	8.502000
163.701	8.046000
164.054	8.046000
164.054	9.035000
164.373	9.035000
164.373	7.823000
164.725	7.823000
164.725	7.926000
165.08	7.926000
165.08	7.882000
165.435	7.882000
165.435	8.580000
165.788	8.580000
165.788	8.625000
166.14	8.625000
166.14	8.647000
166.494	8.647000
166.494	9.089000
166.811	9.089000
166.811	9.439000
167.163	9.439000
167.163	7.717000
167.512	7.717000
167.512	7.491000
167.865	7.491000
167.865	8.257000
168.219	8.257000
168.219	8.687000
168.525	8.687000
168.525	8.852000
168.875	8.852000
168.875	8.949000
169.229	8.949000
169.229	8.966000
169.583	8.966000
169.583	9.841000
169.935	9.841000
169.935	8.834000
170.287	8.834000
170.287	9.685000
170.642	9.685000
170.642	9.712000
170.997	9.712000
170.997	9.161000
171.273	9.161000
171.273	7.883000
171.624	7.883000
171.624	8.690000
171.978	8.690000
171.978	8.710000
172.332	8.710000
172.332	7.852000
172.685	7.852000
172.685	8.821000
173.039	8.821000
173.039	7.980000
173.393	7.980000
173.393	8.168000
173.747	8.168000
173.747	8.554000
174.101	8.554000
174.101	8.635000
174.455	8.635000
174.455	9.567000
174.805	9.567000
174.805	7.674000
175.158	7.674000
175.158	8.587000
175.513	8.587000
175.513	8.423000
175.868	8.423000
175.868	9.180000
176.187	9.180000
176.187	9.217000
176.506	9.217000
176.506	9.741000
176.825	9.741000
176.825	7.518000
177.144	7.518000
177.144	8.148000
177.463	8.148000
177.463	7.983000
177.782	7.983000
177.782	7.124000
178.136	7.124000
178.136	7.669000
178.49	7.669000
178.49	7.604000
178.845	7.604000
178.845	8.099000
179.199	8.099000
179.199	7.001000
179.553	7.001000
179.553	7.280000
179.907	7.280000
179.907	8.436000
180.259	8.436000
180.259	9.721000
180.614	9.721000
180.614	9.151000
180.968	9.151000
180.968	9.749000
181.287	9.749000
181.287	9.977000
181.606	9.977000
181.606	8.527000
181.96	8.527000
181.96	8.288000
182.31	8.288000
182.31	8.897000
182.664	8.897000
182.664	8.536000
183.009	8.536000
183.009	6.785000
183.36	6.785000
183.36	7.414000
183.714	7.414000
183.714	7.910000
184.068	7.910000
184.068	7.805000
184.423	7.805000
184.423	7.710000
184.778	7.710000
184.778	9.863000
185.132	9.863000
185.132	9.846000
185.484	9.846000
185.484	9.966000
185.837	9.966000
185.837	9.686000
186.191	9.686000
186.191	9.046000
186.543	9.046000
186.543	8.588000
186.894	8.588000
186.894	7.712000
187.245	7.712000
187.245	9.073000
187.597	9.073000
187.597	9.334000
187.947	9.334000
187.947	8.241000
188.299	8.241000
188.299	6.014000
188.648	6.014000
188.648	6.448000
189.001	6.448000
189.001	6.098000
189.353	6.098000
189.353	9.707000
189.67	9.707000
189.67	8.763000
189.985	8.763000
189.985	9.254000
190.303	9.254000
190.303	8.815000
190.62	8.815000
190.62	8.350000
190.937	8.350000
190.937	6.354000
191.285	6.354000
191.285	7.339000
191.638	7.339000
191.638	7.172000
191.991	7.172000
191.991	8.346000
192.309	8.346000
192.309	9.751000
192.627	9.751000
192.627	8.185000
192.945	8.185000
192.945	9.356000
193.262	9.356000
193.262	8.877000
193.578	8.877000
193.578	9.026000
193.928	9.026000
193.928	8.849000
194.281	8.849000
194.281	7.958000
194.634	7.958000
194.634	9.382000
194.985	9.382000
194.985	9.384000
195.337	9.384000
195.337	8.244000
195.688	8.244000
195.688	8.975000
196.003	8.975000
196.003	5.468000
196.352	5.468000
196.352	8.403000
196.707	8.403000
196.707	7.722000
197.062	7.722000
197.062	9.812000
197.411	9.812000
197.411	9.286000
197.764	9.286000
197.764	9.526000
198.083	9.526000
198.083	9.922000
198.402	9.922000
198.402	7.969000
198.721	7.969000
198.721	8.282000
199.079	8.282000
199.079	9.222000
199.437	9.222000
199.437	8.822000
199.795	8.822000
199.795	7.999000
200.149	7.999000
200.149	8.766000
200.502	8.766000
200.502	7.432000
200.856	7.432000
200.856	9.371000
201.21	9.371000
201.21	7.765000
201.561	7.765000
201.561	8.432000
201.915	8.432000
201.915	8.034000
202.269	8.034000
202.269	8.573000
202.588	8.573000
202.588	9.532000
202.907	9.532000
202.907	8.544000
203.226	8.544000
203.226	7.801000
203.545	7.801000
203.545	8.582000
203.862	8.582000
203.862	7.763000
204.181	7.763000
204.181	8.889000
204.533	8.889000
204.533	8.257000
204.886	8.257000
204.886	8.310000
205.24	8.310000
205.24	9.366000
205.559	9.366000
205.559	9.298000
205.877	9.298000
205.877	9.493000
206.196	9.493000
206.196	8.519000
206.546	8.519000
206.546	9.572000
206.9	9.572000
206.9	8.549000
207.254	8.549000
207.254	7.767000
207.608	7.767000
207.608	8.372000
207.962	8.372000
207.962	8.011000
208.278	8.011000
208.278	8.215000
208.597	8.215000
208.597	7.971000
208.95	7.971000
208.95	7.651000
209.304	7.651000
209.304	8.483000
209.658	8.483000
209.658	8.392000
210.009	8.392000
210.009	8.519000
210.364	8.519000
210.364	9.032000
210.719	9.032000
210.719	9.302000
211.064	9.302000
211.064	9.512000
211.415	9.512000
211.415	7.838000
211.766	7.838000
211.766	7.395000
212.121	7.395000
212.121	7.707000
212.476	7.707000
212.476	8.097000
212.83	8.097000
212.83	6.859000
213.177	6.859000
213.177	7.776000
213.531	7.776000
213.531	9.730000
213.85	9.730000
213.85	9.935000
214.169	9.935000
214.169	9.368000
214.52	9.368000
214.52	9.320000
214.869	9.320000
214.869	8.210000
215.222	8.210000
215.222	7.642000
215.574	7.642000
215.574	6.642000
215.928	6.642000
215.928	6.789000
216.282	6.789000
216.282	7.647000
216.636	7.647000
216.636	7.784000
216.989	7.784000
216.989	7.970000
217.342	7.970000
217.342	8.754000
217.695	8.754000
217.695	8.211000
218.049	8.211000
218.049	8.683000
218.403	8.683000
218.403	9.514000
218.722	9.514000
218.722	8.829000
219.039	8.829000
219.039	8.073000
219.393	8.073000
219.393	7.721000
219.747	7.721000
219.747	6.967000
220.101	6.967000
220.101	9.262000
220.454	9.262000
220.454	8.634000
220.809	8.634000
220.809	8.710000
221.164	8.710000
221.164	7.681000
221.518	7.681000
221.518	6.398000
221.872	6.398000
221.872	6.948000
222.226	6.948000
222.226	9.748000
222.581	9.748000
222.581	9.962000
222.936	9.962000
222.936	7.654000
223.29	7.654000
223.29	8.740000
223.644	8.740000
223.644	8.600000
223.998	8.600000
223.998	9.534000
224.353	9.534000
224.353	9.729000
224.702	9.729000
224.702	8.884000
225.056	8.884000
225.056	9.506000
225.41	9.506000
225.41	8.083000
225.764	8.083000
225.764	8.996000
226.118	8.996000
226.118	9.341000
226.471	9.341000
226.471	9.397000
226.825	9.397000
226.825	8.728000
227.145	8.728000
227.145	9.430000
227.463	9.430000
227.463	8.107000
227.808	8.107000
227.808	9.381000
228.16	9.381000
228.16	7.881000
228.507	7.881000
228.507	8.180000
228.852	8.180000
228.852	7.890000
229.206	7.890000
229.206	8.114000
229.559	8.114000
229.559	7.356000
229.912	7.356000
229.912	7.577000
230.264	7.577000
230.264	8.075000
230.618	8.075000
230.618	7.983000
230.972	7.983000
230.972	8.120000
231.285	8.120000
231.285	8.029000
231.597	8.029000
231.597	8.773000
231.91	8.773000
231.91	9.925000
232.263	9.925000
232.263	7.678000
232.576	7.678000
232.576	6.771000
232.887	6.771000
232.887	6.957000
233.199	6.957000
233.199	7.714000
233.518	7.714000
233.518	7.748000
233.837	7.748000
233.837	7.280000
234.155	7.280000
234.155	7.299000
234.509	7.299000
234.509	8.015000
234.863	8.015000
234.863	7.307000
235.218	7.307000
235.218	7.598000
235.537	7.598000
235.537	8.881000
235.856	8.881000
235.856	8.442000
236.175	8.442000
236.175	9.426000
236.494	9.426000
236.494	9.547000
236.813	9.547000
236.813	9.344000
237.132	9.344000
237.132	8.783000
237.483	8.783000
237.483	9.037000
237.838	9.037000
237.838	9.038000
238.192	9.038000
238.192	7.498000
238.546	7.498000
238.546	7.490000
238.899	7.490000
238.899	8.122000
239.252	8.122000
239.252	8.886000
239.53	8.886000
239.53	9.214000
239.808	9.214000
239.808	8.779000
240.155	8.779000
240.155	9.350000
240.505	9.350000
240.505	9.067000
240.859	9.067000
240.859	8.830000
241.212	8.830000
241.212	8.476000
241.566	8.476000
241.566	9.401000
241.92	9.401000
241.92	9.181000
242.273	9.181000
242.273	6.572000
242.625	6.572000
242.625	6.738000
242.979	6.738000
242.979	6.202000
243.333	6.202000
243.333	8.274000
243.687	8.274000
243.687	8.742000
244.037	8.742000
244.037	9.879000
244.391	9.879000
244.391	9.107000
244.745	9.107000
244.745	8.402000
245.099	8.402000
245.099	8.397000
245.452	8.397000
245.452	9.103000
245.802	9.103000
245.802	9.864000
246.147	9.864000
246.147	9.934000
246.466	9.934000
246.466	9.962000
246.784	9.962000
246.784	9.465000
247.137	9.465000
247.137	9.564000
247.493	9.564000
247.493	7.842000
247.784	7.842000
247.784	7.914000
248.075	7.914000
248.075	8.693000
248.428	8.693000
248.428	8.777000
248.783	8.777000
248.783	8.598000
249.138	8.598000
249.138	9.735000
249.492	9.735000
249.492	9.591000
249.846	9.591000
249.846	9.742000
250.165	9.742000
250.165	9.101000
250.519	9.101000
250.519	8.949000
250.874	8.949000
250.874	9.294000
251.229	9.294000
251.229	8.527000
251.583	8.527000
251.583	9.280000
251.935	9.280000
251.935	8.902000
252.289	8.902000
252.289	9.589000
252.641	9.589000
252.641	8.755000
252.993	8.755000
252.993	8.555000
253.347	8.555000
253.347	8.181000
253.701	8.181000
253.701	8.660000
254.055	8.660000
254.055	9.424000
254.409	9.424000
254.409	8.085000
254.761	8.085000
254.761	7.986000
255.08	7.986000
255.08	9.424000
255.399	9.424000
255.399	7.256000
255.718	7.256000
255.718	9.636000
256.069	9.636000
256.069	9.484000
256.423	9.484000
256.423	8.445000
256.777	8.445000
256.777	8.386000
257.096	8.386000
257.096	9.457000
257.415	9.457000
257.415	8.183000
257.732	8.183000
257.732	9.581000
258.083	9.581000
258.083	9.408000
258.436	9.408000
258.436	8.377000
258.789	8.377000
258.789	8.811000
259.104	8.811000
259.104	9.259000
259.422	9.259000
259.422	7.434000
259.74	7.434000
259.74	7.865000
260.092	7.865000
260.092	9.325000
260.445	9.325000
260.445	9.083000
260.798	9.083000
260.798	8.377000
261.151	8.377000
261.151	8.125000
261.504	8.125000
261.504	7.361000
261.857	7.361000
261.857	9.875000
262.17	9.875000
262.17	8.431000
262.526	8.431000
262.526	8.462000
262.882	8.462000
262.882	8.077000
263.237	8.077000
263.237	9.687000
263.555	9.687000
263.555	8.692000
263.872	8.692000
263.872	8.596000
264.223	8.596000
264.223	9.143000
264.576	9.143000
264.576	9.398000
264.928	9.398000
264.928	8.848000
265.243	8.848000
265.243	7.677000
265.596	7.677000
265.596	9.047000
265.949	9.047000
265.949	8.960000
266.302	8.960000
266.302	9.545000
266.655	9.545000
266.655	8.533000
267.004	8.533000
267.004	9.126000
267.357	9.126000
267.357	8.951000
267.674	8.951000
267.674	8.207000
268.026	8.207000
268.026	9.312000
268.379	9.312000
268.379	9.072000
268.732	9.072000
268.732	8.196000
269.083	8.196000
269.083	8.275000
269.435	8.275000
269.435	7.646000
269.787	7.646000
269.787	9.274000
270.14	9.274000
270.14	9.187000
270.492	9.187000
270.492	9.143000
270.844	9.143000
270.844	9.862000
271.197	9.862000
271.197	9.976000
271.55	9.976000
271.55	9.173000
271.868	9.173000
271.868	8.729000
272.184	8.729000
272.184	8.402000
272.497	8.402000
272.497	9.103000
272.813	9.103000
272.813	8.647000
273.163	8.647000
273.163	9.088000
273.516	9.088000
273.516	9.506000
273.869	9.506000
273.869	7.945000
274.185	7.945000
274.185	8.570000
274.501	8.570000
274.501	8.285000
274.817	8.285000
274.817	8.661000
275.161	8.661000
275.161	9.160000
275.479	9.160000
275.479	9.050000
275.797	9.050000
275.797	8.224000
276.115	8.224000
276.115	9.978000
276.468	9.978000
276.468	9.898000
276.82	9.898000
276.82	6.757000
277.137	6.757000
277.137	7.682000
277.455	7.682000
277.455	6.982000
277.773	6.982000
277.773	7.487000
278.119	7.487000
278.119	7.223000
278.467	7.223000
278.467	7.282000
278.82	7.282000
278.82	7.457000
279.173	7.457000
279.173	8.040000
279.518	8.040000
279.518	8.633000
279.871	8.633000
279.871	8.338000
280.223	8.338000
280.223	8.522000
280.575	8.522000
280.575	8.101000
280.926	8.101000
280.926	7.474000
281.276	7.474000
281.276	8.554000
281.629	8.554000
281.629	9.242000
281.982	9.242000
281.982	9.408000
282.333	9.408000
