0.0	9.608000
0.353	9.608000
0.353	9.797000
0.706	9.797000
0.706	9.332000
1.06	9.332000
1.06	9.395000
1.412	9.395000
1.412	9.181000
1.766	9.181000
1.766	9.966000
2.119	9.966000
2.119	9.988000
2.471	9.988000
2.471	9.886000
2.824	9.886000
2.824	8.934000
3.177	8.934000
3.177	9.231000
3.53	9.231000
3.53	9.270000
3.883	9.270000
3.883	9.941000
4.236	9.941000
4.236	9.624000
4.589	9.624000
4.589	9.622000
4.942	9.622000
4.942	9.962000
5.295	9.962000
5.295	9.008000
5.648	9.008000
5.648	9.313000
6.0	9.313000
6.0	9.272000
6.353	9.272000
6.353	9.685000
6.707	9.685000
6.707	9.743000
7.061	9.743000
7.061	9.564000
7.414	9.564000
7.414	9.519000
7.767	9.519000
7.767	9.425000
8.12	9.425000
8.12	9.699000
8.474	9.699000
8.474	9.891000
8.828	9.891000
8.828	9.552000
9.182	9.552000
9.182	9.633000
9.535	9.633000
9.535	9.779000
9.888	9.779000
9.888	9.852000
10.241	9.852000
10.241	8.577000
10.594	8.577000
10.594	8.637000
10.946	8.637000
10.946	8.511000
11.299	8.511000
11.299	9.503000
11.652	9.503000
11.652	9.980000
12.003	9.980000
12.003	9.216000
12.356	9.216000
12.356	9.532000
12.709	9.532000
12.709	9.659000
13.062	9.659000
13.062	9.660000
13.416	9.660000
13.416	9.619000
13.77	9.619000
13.77	9.314000
14.124	9.314000
14.124	9.467000
14.477	9.467000
14.477	9.977000
14.83	9.977000
14.83	9.906000
15.183	9.906000
15.183	9.396000
15.537	9.396000
15.537	9.941000
15.891	9.941000
15.891	9.345000
16.245	9.345000
16.245	9.062000
16.598	9.062000
16.598	9.117000
16.951	9.117000
16.951	8.915000
17.304	8.915000
17.304	9.220000
17.657	9.220000
17.657	9.325000
18.01	9.325000
18.01	8.988000
18.363	8.988000
18.363	9.680000
18.716	9.680000
18.716	9.961000
19.069	9.961000
19.069	8.947000
19.422	8.947000
19.422	9.490000
19.775	9.490000
19.775	9.623000
20.128	9.623000
20.128	9.500000
20.481	9.500000
20.481	9.893000
20.834	9.893000
20.834	9.788000
21.187	9.788000
21.187	9.866000
21.54	9.866000
21.54	9.298000
21.859	9.298000
21.859	9.244000
22.178	9.244000
22.178	9.272000
22.497	9.272000
22.497	8.450000
22.809	8.450000
22.809	8.720000
23.121	8.720000
23.121	8.468000
23.433	8.468000
23.433	9.298000
23.786	9.298000
23.786	9.721000
24.138	9.721000
24.138	9.114000
24.491	9.114000
24.491	9.795000
24.844	9.795000
24.844	9.192000
25.197	9.192000
25.197	9.553000
25.55	9.553000
25.55	9.608000
25.903	9.608000
25.903	9.449000
26.256	9.449000
26.256	9.648000
26.609	9.648000
26.609	6.859000
26.921	6.859000
26.921	6.876000
27.233	6.876000
27.233	6.922000
27.545	6.922000
27.545	9.474000
27.897	9.474000
27.897	9.934000
28.249	9.934000
28.249	9.600000
28.602	9.600000
28.602	9.239000
28.955	9.239000
28.955	9.535000
29.308	9.535000
29.308	9.311000
29.661	9.311000
29.661	9.377000
30.015	9.377000
30.015	9.843000
30.368	9.843000
30.368	9.275000
30.722	9.275000
30.722	8.796000
31.075	8.796000
31.075	9.401000
31.428	9.401000
31.428	9.037000
31.78	9.037000
31.78	9.084000
32.133	9.084000
32.133	9.223000
32.486	9.223000
32.486	9.143000
32.839	9.143000
32.839	8.834000
33.192	8.834000
33.192	9.248000
33.545	9.248000
33.545	9.261000
33.897	9.261000
33.897	9.241000
34.25	9.241000
34.25	9.780000
34.603	9.780000
34.603	9.729000
34.956	9.729000
34.956	8.875000
35.308	8.875000
35.308	9.120000
35.66	9.120000
35.66	8.987000
36.013	8.987000
36.013	9.767000
36.366	9.767000
36.366	9.796000
36.719	9.796000
36.719	9.613000
37.073	9.613000
37.073	9.888000
37.427	9.888000
37.427	9.816000
37.781	9.816000
37.781	9.385000
38.134	9.385000
38.134	9.901000
38.487	9.901000
38.487	9.416000
38.84	9.416000
38.84	9.157000
39.193	9.157000
39.193	9.112000
39.546	9.112000
39.546	9.167000
39.899	9.167000
39.899	8.706000
40.252	8.706000
40.252	9.354000
40.605	9.354000
40.605	9.294000
40.958	9.294000
40.958	9.177000
41.311	9.177000
41.311	9.093000
41.664	9.093000
41.664	9.063000
42.017	9.063000
42.017	9.563000
42.37	9.563000
42.37	9.955000
42.723	9.955000
42.723	9.873000
43.075	9.873000
43.075	9.902000
43.428	9.902000
43.428	9.882000
43.781	9.882000
43.781	9.936000
44.134	9.936000
44.134	9.294000
44.487	9.294000
44.487	8.927000
44.84	8.927000
44.84	9.165000
45.193	9.165000
45.193	9.620000
45.546	9.620000
45.546	9.668000
45.899	9.668000
45.899	9.652000
46.252	9.652000
46.252	8.571000
46.605	8.571000
46.605	9.087000
46.958	9.087000
46.958	8.985000
47.311	8.985000
47.311	8.776000
47.664	8.776000
47.664	9.424000
48.017	9.424000
48.017	9.158000
48.37	9.158000
48.37	9.637000
48.723	9.637000
48.723	9.654000
49.076	9.654000
49.076	9.780000
49.429	9.780000
49.429	9.963000
49.782	9.963000
49.782	9.877000
50.135	9.877000
50.135	9.716000
50.488	9.716000
50.488	9.890000
50.84	9.890000
50.84	9.728000
51.193	9.728000
51.193	9.264000
51.546	9.264000
51.546	9.347000
51.899	9.347000
51.899	9.341000
52.25	9.341000
52.25	9.469000
52.603	9.469000
52.603	9.851000
52.956	9.851000
52.956	9.344000
53.309	9.344000
53.309	8.986000
53.662	8.986000
53.662	9.384000
54.015	9.384000
54.015	9.041000
54.368	9.041000
54.368	9.977000
54.721	9.977000
54.721	9.939000
55.074	9.939000
55.074	9.612000
55.427	9.612000
55.427	9.766000
55.78	9.766000
55.78	9.630000
56.133	9.630000
56.133	7.699000
56.486	7.699000
56.486	7.734000
56.839	7.734000
56.839	7.713000
57.192	7.713000
57.192	9.497000
57.545	9.497000
57.545	9.579000
57.897	9.579000
57.897	9.385000
58.249	9.385000
58.249	9.678000
58.602	9.678000
58.602	9.515000
58.955	9.515000
58.955	9.575000
59.308	9.575000
59.308	9.399000
59.662	9.399000
59.662	9.500000
60.015	9.500000
60.015	9.365000
60.369	9.365000
60.369	9.798000
60.722	9.798000
60.722	9.495000
61.074	9.495000
61.074	9.577000
61.426	9.577000
61.426	9.449000
61.778	9.449000
61.778	9.674000
62.131	9.674000
62.131	9.501000
62.484	9.501000
62.484	9.519000
62.837	9.519000
62.837	9.486000
63.19	9.486000
63.19	9.722000
63.543	9.722000
63.543	9.748000
63.896	9.748000
63.896	9.094000
64.249	9.094000
64.249	9.496000
64.602	9.496000
64.602	9.467000
64.955	9.467000
64.955	9.510000
65.308	9.510000
65.308	9.943000
65.661	9.943000
65.661	9.449000
66.014	9.449000
66.014	9.513000
66.367	9.513000
66.367	9.735000
66.72	9.735000
66.72	9.264000
67.073	9.264000
67.073	9.635000
67.426	9.635000
67.426	9.655000
67.779	9.655000
67.779	9.427000
68.132	9.427000
68.132	9.488000
68.484	9.488000
68.484	9.378000
68.837	9.378000
68.837	9.423000
69.19	9.423000
69.19	9.626000
69.544	9.626000
69.544	9.726000
69.898	9.726000
69.898	9.346000
70.252	9.346000
70.252	9.156000
70.605	9.156000
70.605	9.522000
70.957	9.522000
70.957	9.284000
71.309	9.284000
71.309	8.413000
71.662	8.413000
71.662	8.255000
72.015	8.255000
72.015	8.301000
72.368	8.301000
72.368	9.803000
72.721	9.803000
72.721	9.840000
73.074	9.840000
73.074	9.489000
73.427	9.489000
73.427	9.774000
73.78	9.774000
73.78	9.869000
74.133	9.869000
74.133	9.999000
74.486	9.999000
74.486	9.909000
74.839	9.909000
74.839	9.727000
75.193	9.727000
75.193	9.738000
75.546	9.738000
75.546	9.309000
75.898	9.309000
75.898	9.619000
76.25	9.619000
76.25	9.731000
76.602	9.731000
76.602	9.403000
76.955	9.403000
76.955	9.382000
77.308	9.382000
77.308	9.391000
77.661	9.391000
77.661	9.666000
78.014	9.666000
78.014	9.555000
78.367	9.555000
78.367	9.956000
78.72	9.956000
78.72	9.985000
79.073	9.985000
79.073	9.995000
79.426	9.995000
79.426	9.909000
79.779	9.909000
79.779	8.955000
80.132	8.955000
80.132	9.033000
80.485	9.033000
80.485	8.907000
80.838	8.907000
80.838	9.292000
81.155	9.292000
81.155	9.701000
81.472	9.701000
81.472	9.001000
81.79	9.001000
81.79	9.806000
82.143	9.806000
82.143	9.920000
82.496	9.920000
82.496	9.121000
82.849	9.121000
82.849	9.806000
83.202	9.806000
83.202	9.155000
83.555	9.155000
83.555	9.617000
83.908	9.617000
83.908	9.393000
84.261	9.393000
84.261	9.519000
84.614	9.519000
84.614	9.539000
84.967	9.539000
84.967	9.947000
85.32	9.947000
85.32	9.914000
85.673	9.914000
85.673	9.510000
86.027	9.510000
86.027	9.947000
86.381	9.947000
86.381	9.811000
86.735	9.811000
86.735	9.414000
87.089	9.414000
87.089	9.513000
87.443	9.513000
87.443	9.368000
87.797	9.368000
87.797	9.226000
88.15	9.226000
88.15	9.762000
88.503	9.762000
88.503	9.218000
88.856	9.218000
88.856	8.998000
89.174	8.998000
89.174	9.375000
89.492	9.375000
89.492	8.811000
89.81	8.811000
89.81	9.719000
90.163	9.719000
90.163	9.635000
90.501	9.635000
90.501	9.909000
90.839	9.909000
90.839	8.783000
91.192	8.783000
91.192	9.215000
91.545	9.215000
91.545	9.142000
91.898	9.142000
91.898	8.741000
92.251	8.741000
92.251	9.578000
92.604	9.578000
92.604	9.108000
92.957	9.108000
92.957	9.714000
93.31	9.714000
93.31	6.384000
93.622	6.384000
93.622	6.829000
93.934	6.829000
93.934	6.322000
94.246	6.322000
94.246	9.034000
94.558	9.034000
94.558	9.025000
94.87	9.025000
94.87	9.086000
95.181	9.086000
95.181	8.666000
95.534	8.666000
95.534	8.901000
95.887	8.901000
95.887	8.560000
96.24	8.560000
96.24	9.684000
96.593	9.684000
96.593	9.839000
96.946	9.839000
96.946	9.682000
97.299	9.682000
97.299	9.993000
97.64	9.993000
97.64	7.940000
97.993	7.940000
97.993	8.204000
98.346	8.204000
98.346	8.048000
98.699	8.048000
98.699	9.259000
99.053	9.259000
99.053	9.678000
99.407	9.678000
99.407	9.521000
99.76	9.521000
99.76	9.324000
100.113	9.324000
100.113	9.494000
100.466	9.494000
100.466	9.824000
100.82	9.824000
100.82	9.826000
101.174	9.826000
101.174	9.812000
101.528	9.812000
101.528	9.586000
101.881	9.586000
101.881	9.473000
102.234	9.473000
102.234	9.441000
102.587	9.441000
102.587	9.114000
102.94	9.114000
102.94	8.703000
103.293	8.703000
103.293	8.967000
103.646	8.967000
103.646	9.682000
103.999	9.682000
103.999	9.928000
104.352	9.928000
104.352	9.844000
104.705	9.844000
104.705	8.845000
105.058	8.845000
105.058	8.849000
105.411	8.849000
105.411	8.766000
105.764	8.766000
105.764	9.565000
106.117	9.565000
106.117	9.910000
106.469	9.910000
106.469	9.685000
106.822	9.685000
106.822	9.320000
107.176	9.320000
107.176	9.474000
107.53	9.474000
107.53	9.601000
107.884	9.601000
107.884	9.358000
108.237	9.358000
108.237	9.832000
108.59	9.832000
108.59	9.777000
108.943	9.777000
108.943	9.745000
109.297	9.745000
109.297	9.816000
109.651	9.816000
109.651	9.794000
110.004	9.794000
110.004	9.797000
110.358	9.797000
110.358	9.821000
110.711	9.821000
110.711	9.633000
111.064	9.633000
111.064	9.702000
111.417	9.702000
111.417	9.763000
111.77	9.763000
111.77	9.720000
112.123	9.720000
112.123	9.297000
112.476	9.297000
112.476	9.395000
112.829	9.395000
112.829	9.319000
113.182	9.319000
113.182	6.847000
113.535	6.847000
113.535	7.295000
113.888	7.295000
113.888	6.546000
114.241	6.546000
114.241	8.891000
114.594	8.891000
114.594	9.635000
114.942	9.635000
114.942	9.642000
115.295	9.642000
115.295	7.443000
115.649	7.443000
115.649	8.377000
116.002	8.377000
116.002	7.265000
116.356	7.265000
116.356	8.845000
116.709	8.845000
116.709	9.826000
117.062	9.826000
117.062	8.978000
117.415	8.978000
117.415	9.439000
117.769	9.439000
117.769	9.692000
118.123	9.692000
118.123	9.470000
118.477	9.470000
118.477	9.879000
118.83	9.879000
118.83	9.958000
119.183	9.958000
119.183	9.464000
119.536	9.464000
119.536	9.886000
119.888	9.886000
119.888	9.441000
120.241	9.441000
120.241	9.527000
120.594	9.527000
120.594	9.899000
120.947	9.899000
120.947	9.478000
121.3	9.478000
121.3	9.314000
121.653	9.314000
121.653	9.768000
122.006	9.768000
122.006	9.083000
122.359	9.083000
122.359	8.476000
122.713	8.476000
122.713	8.743000
123.067	8.743000
123.067	9.056000
123.421	9.056000
123.421	9.202000
123.774	9.202000
123.774	9.145000
124.127	9.145000
124.127	9.068000
124.48	9.068000
124.48	9.892000
124.833	9.892000
124.833	9.363000
125.187	9.363000
125.187	8.975000
125.541	8.975000
125.541	9.300000
125.895	9.300000
125.895	9.984000
126.248	9.984000
126.248	9.860000
126.601	9.860000
126.601	9.830000
126.954	9.830000
126.954	9.628000
127.307	9.628000
127.307	9.384000
127.66	9.384000
127.66	9.601000
128.013	9.601000
128.013	8.832000
128.365	8.832000
128.365	9.604000
128.718	9.604000
128.718	9.548000
129.07	9.548000
129.07	9.056000
129.424	9.056000
129.424	8.964000
129.778	8.964000
129.778	8.981000
130.132	8.981000
130.132	9.186000
130.485	9.186000
130.485	9.534000
130.838	9.534000
130.838	9.626000
131.191	9.626000
131.191	9.749000
131.544	9.749000
131.544	9.719000
131.897	9.719000
131.897	9.721000
132.25	9.721000
132.25	9.802000
132.603	9.802000
132.603	9.764000
132.956	9.764000
132.956	8.751000
133.309	8.751000
133.309	8.507000
133.662	8.507000
133.662	8.691000
134.015	8.691000
134.015	5.401000
134.334	5.401000
134.334	5.997000
134.653	5.997000
134.653	5.481000
134.972	5.481000
134.972	9.770000
135.325	9.770000
135.325	9.993000
135.677	9.993000
135.677	9.302000
136.03	9.302000
136.03	9.163000
136.383	9.163000
136.383	9.264000
136.736	9.264000
136.736	9.953000
137.089	9.953000
137.089	9.351000
137.442	9.351000
137.442	9.812000
137.795	9.812000
137.795	9.299000
138.147	9.299000
138.147	9.493000
138.5	9.493000
138.5	9.421000
138.853	9.421000
138.853	9.908000
139.206	9.908000
139.206	9.816000
139.558	9.816000
139.558	9.802000
139.912	9.802000
139.912	9.742000
140.266	9.742000
140.266	9.996000
140.619	9.996000
140.619	9.197000
140.972	9.197000
140.972	9.503000
141.325	9.503000
141.325	9.153000
141.678	9.153000
141.678	9.784000
142.031	9.784000
142.031	9.874000
142.384	9.874000
142.384	9.946000
142.737	9.946000
142.737	9.564000
143.09	9.564000
143.09	9.762000
143.443	9.762000
143.443	9.790000
143.796	9.790000
143.796	9.353000
144.149	9.353000
144.149	9.457000
144.502	9.457000
144.502	9.248000
144.855	9.248000
144.855	9.931000
145.208	9.931000
145.208	9.838000
145.561	9.838000
145.561	9.455000
145.914	9.455000
145.914	9.538000
146.267	9.538000
146.267	9.319000
146.62	9.319000
146.62	9.416000
146.973	9.416000
146.973	9.056000
147.326	9.056000
147.326	9.096000
147.679	9.096000
147.679	9.965000
147.991	9.965000
147.991	9.802000
148.303	9.802000
148.303	9.796000
148.615	9.796000
148.615	9.804000
148.968	9.804000
148.968	9.613000
149.321	9.613000
149.321	9.464000
149.674	9.464000
149.674	9.459000
150.027	9.459000
150.027	9.651000
150.38	9.651000
150.38	9.737000
150.733	9.737000
150.733	9.924000
151.086	9.924000
151.086	9.529000
151.439	9.529000
151.439	9.482000
151.763	9.482000
151.763	9.948000
152.087	9.948000
152.087	9.839000
152.411	9.839000
152.411	9.873000
152.764	9.873000
152.764	9.405000
153.117	9.405000
153.117	9.773000
153.47	9.773000
153.47	9.351000
153.824	9.351000
153.824	9.737000
154.178	9.737000
154.178	9.440000
154.532	9.440000
154.532	9.824000
154.886	9.824000
154.886	9.898000
155.24	9.898000
155.24	9.810000
155.594	9.810000
155.594	9.516000
155.947	9.516000
155.947	9.025000
156.3	9.025000
156.3	9.279000
156.653	9.279000
156.653	8.943000
157.006	8.943000
157.006	9.885000
157.359	9.885000
157.359	9.936000
157.71	9.936000
157.71	7.655000
158.063	7.655000
158.063	8.020000
158.416	8.020000
158.416	8.017000
158.769	8.017000
158.769	8.880000
159.122	8.880000
159.122	9.147000
159.475	9.147000
159.475	9.064000
159.828	9.064000
159.828	9.126000
160.181	9.126000
160.181	9.527000
160.534	9.527000
160.534	9.056000
160.886	9.056000
160.886	9.091000
161.239	9.091000
161.239	9.349000
161.592	9.349000
161.592	9.361000
161.945	9.361000
161.945	9.478000
162.298	9.478000
162.298	9.962000
162.651	9.962000
162.651	9.646000
163.003	9.646000
163.003	9.175000
163.356	9.175000
163.356	9.804000
163.709	9.804000
163.709	9.840000
164.061	9.840000
164.061	9.009000
164.414	9.009000
164.414	9.577000
164.767	9.577000
164.767	9.207000
165.12	9.207000
165.12	8.814000
165.473	8.814000
165.473	9.262000
165.826	9.262000
165.826	9.214000
166.179	9.214000
166.179	9.614000
166.532	9.614000
166.532	9.994000
166.885	9.994000
166.885	9.638000
167.238	9.638000
167.238	9.047000
167.592	9.047000
167.592	8.677000
167.946	8.677000
167.946	8.875000
168.3	8.875000
168.3	9.152000
168.653	9.152000
168.653	9.401000
169.006	9.401000
169.006	9.340000
169.359	9.340000
169.359	9.297000
169.712	9.297000
169.712	9.080000
170.065	9.080000
170.065	9.245000
170.418	9.245000
170.418	9.455000
170.771	9.455000
170.771	9.802000
171.124	9.802000
171.124	9.170000
171.477	9.170000
171.477	9.577000
171.83	9.577000
171.83	9.081000
172.183	9.081000
172.183	9.476000
172.536	9.476000
172.536	9.914000
172.889	9.914000
172.889	9.454000
173.242	9.454000
173.242	9.775000
173.595	9.775000
173.595	9.799000
173.947	9.799000
173.947	9.449000
174.299	9.449000
174.299	9.553000
174.651	9.553000
174.651	9.173000
175.004	9.173000
175.004	9.567000
175.357	9.567000
175.357	9.364000
175.71	9.364000
175.71	5.105000
176.063	5.105000
176.063	5.713000
176.416	5.713000
176.416	5.481000
176.768	5.481000
176.768	9.989000
177.121	9.989000
177.121	9.936000
177.474	9.936000
177.474	9.330000
177.827	9.330000
177.827	9.061000
178.18	9.061000
178.18	9.206000
178.533	9.206000
178.533	8.647000
178.886	8.647000
178.886	9.374000
179.239	9.374000
179.239	9.254000
179.592	9.254000
179.592	8.270000
179.945	8.270000
179.945	8.695000
180.298	8.695000
180.298	8.127000
180.651	8.127000
180.651	8.118000
181.005	8.118000
181.005	7.909000
181.359	7.909000
181.359	8.021000
181.713	8.021000
181.713	9.461000
182.066	9.461000
182.066	9.254000
182.419	9.254000
182.419	9.324000
182.772	9.324000
182.772	9.858000
183.125	9.858000
183.125	9.874000
183.478	9.874000
183.478	9.900000
183.831	9.900000
183.831	9.530000
184.184	9.530000
184.184	9.339000
184.537	9.339000
184.537	9.321000
184.89	9.321000
184.89	9.418000
185.243	9.418000
185.243	9.515000
185.596	9.515000
185.596	9.374000
185.949	9.374000
185.949	9.577000
186.302	9.577000
186.302	9.381000
186.655	9.381000
186.655	9.393000
187.008	9.393000
187.008	9.690000
187.361	9.690000
187.361	9.923000
187.713	9.923000
187.713	9.503000
188.066	9.503000
188.066	9.574000
188.419	9.574000
188.419	9.518000
188.772	9.518000
188.772	9.622000
189.125	9.622000
189.125	9.975000
189.477	9.975000
189.477	9.925000
189.829	9.925000
189.829	9.369000
190.182	9.369000
190.182	9.392000
190.535	9.392000
190.535	9.268000
190.888	9.268000
190.888	9.460000
191.241	9.460000
191.241	9.559000
191.594	9.559000
191.594	9.488000
191.947	9.488000
191.947	7.059000
192.3	7.059000
192.3	7.432000
192.653	7.432000
192.653	7.153000
193.006	7.153000
193.006	9.154000
193.359	9.154000
193.359	9.494000
193.712	9.494000
193.712	9.039000
194.065	9.039000
194.065	9.396000
194.419	9.396000
194.419	9.295000
194.773	9.295000
194.773	9.227000
195.127	9.227000
195.127	9.871000
195.48	9.871000
195.48	9.968000
195.833	9.968000
195.833	8.517000
196.186	8.517000
196.186	9.037000
196.539	9.037000
196.539	8.761000
196.892	8.761000
196.892	9.897000
197.246	9.897000
197.246	9.986000
197.6	9.986000
197.6	9.814000
197.954	9.814000
197.954	9.551000
198.308	9.551000
198.308	9.756000
198.662	9.756000
198.662	9.774000
199.015	9.774000
199.015	9.806000
199.369	9.806000
199.369	9.818000
199.722	9.818000
199.722	9.873000
200.075	9.873000
200.075	9.849000
200.427	9.849000
200.427	9.759000
200.78	9.759000
200.78	9.503000
201.133	9.503000
201.133	9.308000
201.486	9.308000
201.486	9.045000
201.839	9.045000
201.839	8.858000
202.192	8.858000
202.192	8.930000
202.545	8.930000
202.545	9.354000
202.898	9.354000
202.898	9.792000
203.251	9.792000
203.251	9.498000
203.604	9.498000
203.604	9.335000
203.957	9.335000
203.957	9.332000
204.31	9.332000
204.31	9.232000
204.663	9.232000
204.663	9.902000
205.016	9.902000
205.016	9.884000
205.369	9.884000
205.369	9.416000
205.723	9.416000
205.723	9.110000
206.077	9.110000
206.077	9.537000
206.431	9.537000
206.431	9.439000
206.784	9.439000
206.784	8.913000
207.137	8.913000
207.137	9.623000
207.49	9.623000
207.49	9.474000
207.843	9.474000
207.843	8.006000
208.156	8.006000
208.156	8.142000
208.468	8.142000
208.468	7.984000
208.781	7.984000
208.781	8.657000
209.084	8.657000
209.084	8.689000
209.388	8.689000
209.388	8.587000
209.691	8.587000
209.691	7.031000
210.044	7.031000
210.044	7.607000
210.397	7.607000
210.397	7.763000
210.75	7.763000
210.75	6.652000
211.062	6.652000
211.062	6.870000
211.374	6.870000
211.374	7.020000
211.686	7.020000
211.686	9.641000
212.039	9.641000
212.039	9.953000
212.392	9.953000
212.392	6.265000
212.741	6.265000
212.741	7.023000
213.09	7.023000
213.09	7.043000
213.438	7.043000
213.438	7.641000
213.79	7.641000
213.79	8.070000
214.142	8.070000
214.142	7.666000
214.494	7.666000
214.494	9.820000
214.847	9.820000
214.847	7.504000
215.2	7.504000
215.2	8.006000
215.553	8.006000
215.553	8.027000
215.906	8.027000
215.906	8.613000
216.26	8.613000
216.26	8.526000
216.614	8.526000
216.614	9.431000
216.968	9.431000
216.968	7.038000
217.286	7.038000
217.286	7.200000
217.604	7.200000
217.604	7.224000
217.922	7.224000
217.922	8.412000
218.277	8.412000
218.277	8.594000
218.632	8.594000
218.632	8.627000
218.987	8.627000
218.987	9.837000
219.34	9.837000
219.34	9.939000
219.693	9.939000
219.693	9.694000
220.046	9.694000
220.046	9.507000
220.399	9.507000
220.399	9.890000
220.752	9.890000
220.752	9.674000
221.106	9.674000
221.106	9.303000
221.46	9.303000
221.46	9.513000
221.814	9.513000
221.814	9.962000
222.168	9.962000
222.168	9.988000
222.522	9.988000
222.522	9.946000
222.876	9.946000
222.876	9.363000
223.231	9.363000
223.231	9.150000
223.586	9.150000
223.586	9.351000
223.941	9.351000
223.941	9.723000
224.288	9.723000
224.288	9.737000
224.635	9.737000
224.635	9.847000
224.988	9.847000
224.988	9.638000
225.341	9.638000
225.341	9.765000
225.694	9.765000
225.694	9.360000
226.047	9.360000
226.047	9.148000
226.4	9.148000
226.4	9.307000
226.753	9.307000
226.753	9.839000
227.106	9.839000
227.106	9.854000
227.459	9.854000
227.459	9.999000
227.812	9.999000
227.812	8.895000
228.165	8.895000
228.165	9.346000
228.518	9.346000
228.518	8.776000
228.871	8.776000
228.871	6.834000
229.225	6.834000
229.225	7.447000
229.579	7.447000
229.579	6.787000
229.933	6.787000
229.933	9.206000
230.298	9.206000
230.298	9.017000
230.663	9.017000
230.663	9.241000
231.028	9.241000
231.028	9.192000
231.382	9.192000
231.382	9.760000
231.736	9.760000
231.736	9.158000
232.089	9.158000
232.089	9.432000
232.442	9.432000
232.442	9.928000
232.795	9.928000
232.795	9.617000
233.148	9.617000
233.148	9.531000
233.483	9.531000
233.483	9.804000
233.818	9.804000
233.818	9.907000
234.153	9.907000
234.153	8.184000
234.504	8.184000
234.504	8.117000
234.855	8.117000
234.855	7.852000
235.206	7.852000
235.206	9.210000
235.558	9.210000
235.558	9.392000
235.911	9.392000
235.911	9.380000
236.264	9.380000
236.264	9.356000
236.617	9.356000
236.617	9.703000
236.97	9.703000
236.97	9.620000
237.323	9.620000
237.323	9.641000
237.676	9.641000
237.676	9.470000
238.029	9.470000
238.029	9.605000
238.382	9.605000
238.382	9.443000
238.735	9.443000
238.735	9.703000
239.088	9.703000
239.088	9.631000
239.44	9.631000
239.44	9.380000
239.793	9.380000
239.793	9.678000
240.146	9.678000
240.146	9.697000
240.499	9.697000
240.499	9.614000
240.852	9.614000
240.852	9.868000
241.205	9.868000
241.205	5.774000
241.558	5.774000
241.558	6.005000
241.911	6.005000
241.911	6.061000
242.264	6.061000
242.264	9.144000
242.617	9.144000
242.617	9.715000
242.97	9.715000
242.97	9.588000
243.323	9.588000
243.323	9.935000
243.677	9.935000
243.677	9.946000
244.031	9.946000
244.031	9.991000
244.385	9.991000
244.385	8.953000
244.737	8.953000
244.737	9.369000
245.089	9.369000
245.089	8.976000
245.441	8.976000
245.441	9.423000
245.794	9.423000
245.794	9.661000
246.147	9.661000
246.147	9.350000
246.5	9.350000
246.5	7.820000
246.851	7.820000
246.851	8.448000
247.203	8.448000
247.203	8.106000
247.555	8.106000
247.555	9.976000
247.908	9.976000
247.908	9.930000
248.261	9.930000
248.261	6.797000
248.614	6.797000
248.614	6.935000
248.966	6.935000
248.966	6.756000
249.319	6.756000
249.319	6.561000
249.671	6.561000
249.671	6.900000
250.023	6.900000
250.023	6.661000
250.375	6.661000
250.375	9.265000
250.728	9.265000
250.728	9.606000
251.081	9.606000
251.081	9.666000
251.434	9.666000
251.434	9.795000
251.788	9.795000
251.788	9.684000
252.141	9.684000
252.141	9.673000
252.495	9.673000
252.495	9.387000
252.848	9.387000
252.848	9.763000
253.201	9.763000
253.201	9.872000
253.554	9.872000
253.554	8.849000
253.907	8.849000
253.907	9.023000
254.26	9.023000
254.26	9.080000
254.613	9.080000
254.613	9.908000
254.966	9.908000
254.966	9.569000
255.319	9.569000
255.319	9.903000
255.672	9.903000
255.672	9.689000
256.025	9.689000
256.025	9.942000
256.378	9.942000
256.378	9.755000
256.729	9.755000
256.729	6.772000
257.083	6.772000
257.083	7.134000
257.437	7.134000
257.437	6.758000
257.791	6.758000
257.791	9.053000
258.144	9.053000
258.144	9.424000
258.497	9.424000
258.497	8.990000
258.85	8.990000
258.85	9.012000
259.203	9.012000
259.203	8.853000
259.556	8.853000
259.556	8.831000
259.909	8.831000
259.909	9.098000
260.262	9.098000
260.262	9.322000
260.615	9.322000
260.615	8.968000
260.968	8.968000
260.968	9.815000
261.321	9.815000
261.321	9.973000
261.674	9.973000
261.674	9.119000
262.027	9.119000
262.027	9.711000
262.38	9.711000
262.38	9.818000
262.733	9.818000
262.733	9.290000
263.086	9.290000
263.086	9.795000
263.439	9.795000
263.439	9.821000
263.792	9.821000
263.792	9.751000
264.146	9.751000
264.146	9.812000
264.5	9.812000
264.5	9.844000
264.854	9.844000
264.854	9.394000
265.207	9.394000
265.207	9.852000
265.56	9.852000
265.56	9.658000
265.912	9.658000
265.912	9.810000
266.263	9.810000
266.263	9.568000
266.616	9.568000
266.616	9.992000
266.969	9.992000
266.969	9.905000
267.322	9.905000
267.322	8.529000
267.675	8.529000
267.675	9.041000
268.028	9.041000
268.028	8.877000
268.381	8.877000
268.381	9.408000
268.734	9.408000
268.734	9.320000
269.087	9.320000
269.087	9.240000
269.44	9.240000
269.44	9.795000
269.793	9.795000
269.793	9.826000
270.146	9.826000
270.146	9.787000
270.499	9.787000
270.499	9.776000
270.852	9.776000
270.852	9.121000
271.205	9.121000
271.205	9.677000
271.558	9.677000
271.558	9.376000
271.911	9.376000
271.911	9.465000
272.264	9.465000
272.264	9.808000
272.617	9.808000
272.617	9.334000
272.97	9.334000
272.97	6.640000
273.322	6.640000
273.322	6.825000
273.675	6.825000
273.675	6.804000
274.028	6.804000
274.028	9.815000
274.381	9.815000
274.381	9.963000
274.734	9.963000
274.734	8.513000
275.047	8.513000
275.047	9.122000
275.36	9.122000
275.36	8.918000
275.673	8.918000
275.673	9.626000
276.026	9.626000
276.026	9.824000
276.379	9.824000
276.379	9.910000
276.732	9.910000
276.732	9.531000
277.085	9.531000
277.085	9.443000
277.438	9.443000
277.438	9.547000
277.791	9.547000
