0.0	5.096000
0.318	5.096000
0.318	5.148000
0.636	5.148000
0.636	5.178000
0.954	5.178000
0.954	4.700000
1.272	4.700000
1.272	4.785000
1.588	4.785000
1.588	4.731000
1.904	4.731000
1.904	4.092000
2.221	4.092000
2.221	4.064000
2.537	4.064000
2.537	4.102000
2.854	4.102000
2.854	5.374000
3.206	5.374000
3.206	5.173000
3.558	5.173000
3.558	5.136000
3.911	5.136000
3.911	5.185000
4.261	5.185000
4.261	5.169000
4.611	5.169000
4.611	5.146000
4.96	5.146000
4.96	5.356000
5.276	5.356000
5.276	5.352000
5.593	5.352000
5.593	5.393000
5.911	5.393000
5.911	5.310000
6.263	5.310000
6.263	5.307000
6.617	5.307000
6.617	5.318000
6.971	5.318000
6.971	4.541000
7.323	4.541000
7.323	4.532000
7.674	4.532000
7.674	4.517000
8.027	4.517000
8.027	4.296000
8.343	4.296000
8.343	4.285000
8.661	4.285000
8.661	4.331000
8.977	4.331000
8.977	4.698000
9.294	4.698000
9.294	4.712000
9.611	4.712000
9.611	4.712000
9.928	4.712000
9.928	4.818000
10.281	4.818000
10.281	4.809000
10.633	4.809000
10.633	4.787000
10.985	4.787000
10.985	5.475000
11.336	5.475000
11.336	5.403000
11.686	5.403000
11.686	5.467000
12.037	5.467000
12.037	4.492000
12.389	4.492000
12.389	4.497000
12.741	4.497000
12.741	4.509000
13.094	4.509000
13.094	4.827000
13.409	4.827000
13.409	4.870000
13.727	4.870000
13.727	4.786000
14.04	4.786000
14.04	4.326000
14.357	4.326000
14.357	4.281000
14.674	4.281000
14.674	4.316000
14.99	4.316000
14.99	5.635000
15.342	5.635000
15.342	5.622000
15.694	5.622000
15.694	5.572000
16.046	5.572000
16.046	5.067000
16.363	5.067000
16.363	5.050000
16.681	5.050000
16.681	5.015000
16.997	5.015000
16.997	4.584000
17.315	4.584000
17.315	4.617000
17.633	4.617000
17.633	4.571000
17.951	4.571000
17.951	5.176000
18.266	5.176000
18.266	4.999000
18.582	4.999000
18.582	5.136000
18.897	5.136000
18.897	6.556000
19.247	6.556000
19.247	6.646000
19.6	6.646000
19.6	6.625000
19.952	6.625000
19.952	6.384000
20.268	6.384000
20.268	6.373000
20.584	6.373000
20.584	6.368000
20.899	6.368000
20.899	5.120000
21.217	5.120000
21.217	5.080000
21.533	5.080000
21.533	5.057000
21.851	5.057000
21.851	4.192000
22.168	4.192000
22.168	4.192000
22.482	4.192000
22.482	4.194000
22.799	4.194000
22.799	4.239000
23.149	4.239000
23.149	4.245000
23.501	4.245000
23.501	4.228000
23.852	4.228000
23.852	5.395000
24.17	5.395000
24.17	4.499000
24.488	4.499000
24.488	4.408000
24.804	4.408000
24.804	4.607000
25.122	4.607000
25.122	4.629000
25.439	4.629000
25.439	4.694000
25.756	4.694000
25.756	4.269000
26.072	4.269000
26.072	4.307000
26.389	4.307000
26.389	4.332000
26.707	4.332000
26.707	5.342000
27.058	5.342000
27.058	5.291000
27.41	5.291000
27.41	5.317000
27.761	5.317000
27.761	6.064000
28.078	6.064000
28.078	6.003000
28.396	6.003000
28.396	6.012000
28.714	6.012000
28.714	5.896000
29.031	5.896000
29.031	5.910000
29.348	5.910000
29.348	5.873000
29.666	5.873000
29.666	5.755000
30.015	5.755000
30.015	5.832000
30.365	5.832000
30.365	5.803000
30.714	5.803000
30.714	5.202000
31.063	5.202000
31.063	5.255000
31.415	5.255000
31.415	5.223000
31.765	5.223000
31.765	6.552000
32.081	6.552000
32.081	6.106000
32.399	6.106000
32.399	6.245000
32.717	6.245000
32.717	4.397000
33.069	4.397000
33.069	4.428000
33.422	4.428000
33.422	4.403000
33.774	4.403000
33.774	5.072000
34.126	5.072000
34.126	5.098000
34.479	5.098000
34.479	5.097000
34.831	5.097000
34.831	5.188000
35.182	5.188000
35.182	5.157000
35.535	5.157000
35.535	5.179000
35.887	5.179000
35.887	5.222000
36.238	5.222000
36.238	5.198000
36.59	5.198000
36.59	5.207000
36.942	5.207000
36.942	4.931000
37.258	4.931000
37.258	4.886000
37.575	4.886000
37.575	4.910000
37.892	4.910000
37.892	4.599000
38.209	4.599000
38.209	4.682000
38.527	4.682000
38.527	4.584000
38.843	4.584000
38.843	5.327000
39.195	5.327000
39.195	5.419000
39.548	5.419000
39.548	5.327000
39.9	5.327000
39.9	5.157000
40.251	5.157000
40.251	5.216000
40.603	5.216000
40.603	5.159000
40.955	5.159000
40.955	5.673000
41.228	5.673000
41.228	5.660000
41.504	5.660000
41.504	5.739000
41.78	5.739000
41.78	5.224000
42.132	5.224000
42.132	5.196000
42.485	5.196000
42.485	5.192000
42.838	5.192000
42.838	5.385000
43.154	5.385000
43.154	5.429000
43.471	5.429000
43.471	5.393000
43.785	5.393000
43.785	5.774000
44.102	5.774000
44.102	5.716000
44.417	5.716000
44.417	5.745000
44.732	5.745000
44.732	5.221000
45.085	5.221000
45.085	5.216000
45.436	5.216000
45.436	5.216000
45.788	5.216000
45.788	4.977000
46.14	4.977000
46.14	4.970000
46.493	4.970000
46.493	4.997000
46.845	4.997000
46.845	6.235000
47.12	6.235000
47.12	6.441000
47.397	6.441000
47.397	6.224000
47.674	6.224000
47.674	4.667000
48.027	4.667000
48.027	5.101000
48.379	5.101000
48.379	4.597000
48.73	4.597000
48.73	4.030000
49.081	4.030000
49.081	4.045000
49.432	4.045000
49.432	4.107000
49.785	4.107000
49.785	5.379000
50.137	5.379000
50.137	5.335000
50.49	5.335000
50.49	5.349000
50.843	5.349000
50.843	4.945000
51.195	4.945000
51.195	4.970000
51.546	4.970000
51.546	4.981000
51.898	4.981000
51.898	5.440000
52.215	5.440000
52.215	5.446000
52.531	5.446000
52.531	5.459000
52.848	5.459000
52.848	5.341000
53.159	5.341000
53.159	5.350000
53.471	5.350000
53.471	5.356000
53.783	5.356000
53.783	4.897000
54.135	4.897000
54.135	4.949000
54.488	4.949000
54.488	4.972000
54.84	4.972000
54.84	5.991000
55.157	5.991000
55.157	5.702000
55.475	5.702000
55.475	6.025000
55.793	6.025000
55.793	5.189000
56.144	5.189000
56.144	5.229000
56.493	5.229000
56.493	5.171000
56.843	5.171000
56.843	4.181000
57.196	4.181000
57.196	4.464000
57.546	4.464000
57.546	4.207000
57.897	4.207000
57.897	4.156000
58.212	4.156000
58.212	4.207000
58.528	4.207000
58.528	4.226000
58.845	4.226000
58.845	3.888000
59.162	3.888000
59.162	3.886000
59.479	3.886000
59.479	3.875000
59.794	3.875000
59.794	4.703000
60.112	4.703000
60.112	4.748000
60.429	4.748000
60.429	4.694000
60.746	4.694000
60.746	4.312000
61.062	4.312000
61.062	4.352000
61.376	4.352000
61.376	4.363000
61.692	4.363000
61.692	4.292000
62.04	4.292000
62.04	4.280000
62.392	4.280000
62.392	4.296000
62.742	4.296000
62.742	5.354000
63.057	5.354000
63.057	5.342000
63.375	5.342000
63.375	5.389000
63.692	5.389000
63.692	5.403000
64.008	5.403000
64.008	5.391000
64.325	5.391000
64.325	5.404000
64.642	5.404000
64.642	4.409000
64.991	4.409000
64.991	4.447000
65.343	4.447000
65.343	4.447000
65.692	4.447000
65.692	5.491000
66.043	5.491000
66.043	5.491000
66.393	5.491000
66.393	5.510000
66.745	5.510000
66.745	5.100000
67.097	5.100000
67.097	5.148000
67.45	5.148000
67.45	5.166000
67.803	5.166000
67.803	6.202000
68.154	6.202000
68.154	6.223000
68.504	6.223000
68.504	6.227000
68.855	6.227000
68.855	6.133000
69.172	6.133000
69.172	6.155000
69.487	6.155000
69.487	6.189000
69.803	6.189000
69.803	8.051000
70.152	8.051000
70.152	7.995000
70.504	7.995000
70.504	8.027000
70.854	8.027000
70.854	5.871000
71.17	5.871000
71.17	5.877000
71.487	5.877000
71.487	5.883000
71.804	5.883000
71.804	6.583000
72.153	6.583000
72.153	6.685000
72.503	6.685000
72.503	6.634000
72.853	6.634000
72.853	6.457000
73.169	6.457000
73.169	6.103000
73.485	6.103000
73.485	6.144000
73.8	6.144000
73.8	6.180000
74.151	6.180000
74.151	6.259000
74.502	6.259000
74.502	6.264000
74.853	6.264000
74.853	6.319000
75.169	6.319000
75.169	6.382000
75.486	6.382000
75.486	6.345000
75.802	6.345000
75.802	5.435000
76.118	5.435000
76.118	5.480000
76.435	5.480000
76.435	5.403000
76.749	5.403000
76.749	5.023000
77.1	5.023000
77.1	4.983000
77.453	4.983000
77.453	4.965000
77.805	4.965000
77.805	5.166000
78.122	5.166000
78.122	5.125000
78.439	5.125000
78.439	5.173000
78.756	5.173000
78.756	5.231000
79.107	5.231000
79.107	5.222000
79.46	5.222000
79.46	5.189000
79.812	5.189000
79.812	5.093000
80.164	5.093000
80.164	5.220000
80.516	5.220000
80.516	5.125000
80.867	5.125000
80.867	4.773000
81.185	4.773000
81.185	4.760000
81.503	4.760000
81.503	4.745000
81.821	4.745000
81.821	6.550000
82.138	6.550000
82.138	6.574000
82.455	6.574000
82.455	6.510000
82.769	6.510000
82.769	5.755000
83.119	5.755000
83.119	5.881000
83.471	5.881000
83.471	5.768000
83.822	5.768000
83.822	6.155000
84.174	6.155000
84.174	6.135000
84.527	6.135000
84.527	6.193000
84.88	6.193000
84.88	7.111000
85.243	7.111000
85.243	7.038000
85.607	7.038000
85.607	7.070000
85.97	7.070000
85.97	5.326000
86.321	5.326000
86.321	5.376000
86.674	5.376000
86.674	5.345000
87.027	5.345000
87.027	5.982000
87.344	5.982000
87.344	5.956000
87.661	5.956000
87.661	5.915000
87.976	5.915000
87.976	7.211000
88.293	7.211000
88.293	7.308000
88.608	7.308000
88.608	7.248000
88.925	7.248000
88.925	6.104000
89.241	6.104000
89.241	6.083000
89.558	6.083000
89.558	6.075000
89.874	6.075000
89.874	5.593000
90.192	5.593000
90.192	5.634000
90.509	5.634000
90.509	5.646000
90.827	5.646000
90.827	5.625000
91.144	5.625000
91.144	5.135000
91.462	5.135000
91.462	5.247000
91.78	5.247000
91.78	5.097000
92.131	5.097000
92.131	5.079000
92.483	5.079000
92.483	5.039000
92.834	5.039000
92.834	5.572000
93.187	5.572000
93.187	5.355000
93.54	5.355000
93.54	5.583000
93.892	5.583000
93.892	5.839000
94.21	5.839000
94.21	5.855000
94.528	5.855000
94.528	5.879000
94.846	5.879000
94.846	4.881000
95.199	4.881000
95.199	4.907000
95.552	4.907000
95.552	4.859000
95.904	4.859000
95.904	5.335000
96.22	5.335000
96.22	5.268000
96.538	5.268000
96.538	5.374000
96.856	5.374000
96.856	4.646000
97.171	4.646000
97.171	4.651000
97.489	4.651000
97.489	4.650000
97.806	4.650000
97.806	5.476000
98.158	5.476000
98.158	5.541000
98.508	5.541000
98.508	5.450000
98.859	5.450000
98.859	5.081000
99.173	5.081000
99.173	5.110000
99.49	5.110000
99.49	5.046000
99.804	5.046000
99.804	4.560000
100.122	4.560000
100.122	4.181000
100.439	4.181000
100.439	4.189000
100.757	4.189000
100.757	4.475000
101.106	4.475000
101.106	4.491000
101.457	4.491000
101.457	4.513000
101.806	4.513000
101.806	4.388000
102.124	4.388000
102.124	4.353000
102.441	4.353000
102.441	4.375000
102.758	4.375000
102.758	3.958000
103.11	3.958000
103.11	3.554000
103.462	3.554000
103.462	3.966000
103.814	3.966000
103.814	5.378000
104.166	5.378000
104.166	5.325000
104.519	5.325000
104.519	5.353000
104.871	5.353000
104.871	5.119000
105.186	5.119000
105.186	5.118000
105.503	5.118000
105.503	5.118000
105.819	5.118000
105.819	4.623000
106.17	4.623000
106.17	4.616000
106.52	4.616000
106.52	4.665000
106.87	4.665000
106.87	4.184000
107.221	4.184000
107.221	4.154000
107.574	4.154000
107.574	4.144000
107.925	4.144000
107.925	4.559000
108.241	4.559000
108.241	4.548000
108.555	4.548000
108.555	4.544000
108.87	4.544000
108.87	4.710000
109.222	4.710000
109.222	4.725000
109.575	4.725000
109.575	4.683000
109.923	4.683000
109.923	4.290000
110.237	4.290000
110.237	4.309000
110.554	4.309000
110.554	4.282000
110.871	4.282000
110.871	4.350000
111.222	4.350000
111.222	4.330000
111.573	4.330000
111.573	4.355000
111.925	4.355000
111.925	6.683000
112.278	6.683000
112.278	6.624000
112.63	6.624000
112.63	6.658000
112.983	6.658000
112.983	5.904000
113.3	5.904000
113.3	5.891000
113.618	5.891000
113.618	5.940000
113.935	5.940000
113.935	5.778000
114.253	5.778000
114.253	5.934000
114.569	5.934000
114.569	5.885000
114.885	5.885000
114.885	6.388000
115.202	6.388000
115.202	6.354000
115.518	6.354000
115.518	6.399000
115.835	6.399000
115.835	6.015000
116.188	6.015000
116.188	6.015000
116.54	6.015000
116.54	6.015000
116.893	6.015000
116.893	7.028000
117.21	7.028000
117.21	6.990000
117.527	6.990000
117.527	6.973000
117.844	6.973000
117.844	6.630000
118.195	6.630000
118.195	6.628000
118.547	6.628000
118.547	6.659000
118.899	6.659000
118.899	7.067000
119.212	7.067000
119.212	7.138000
119.527	7.138000
119.527	7.085000
119.842	7.085000
119.842	6.180000
120.158	6.180000
120.158	6.187000
120.472	6.187000
120.472	5.740000
120.821	5.740000
120.821	5.750000
121.171	5.750000
121.171	5.749000
121.521	5.749000
121.521	4.862000
121.837	4.862000
121.837	4.904000
122.154	4.904000
122.154	4.863000
122.471	4.863000
122.471	4.312000
122.789	4.312000
122.789	4.276000
123.107	4.276000
123.107	4.283000
123.423	4.283000
123.423	4.689000
123.775	4.689000
123.775	4.793000
124.128	4.793000
124.128	4.724000
124.479	4.724000
124.479	4.230000
124.796	4.230000
124.796	4.264000
125.111	4.264000
125.111	4.241000
125.427	4.241000
125.427	3.956000
125.779	3.956000
125.779	3.926000
126.131	3.926000
126.131	3.931000
126.484	3.931000
126.484	4.424000
126.836	4.424000
126.836	4.493000
127.187	4.493000
127.187	4.444000
127.535	4.444000
127.535	3.870000
127.886	3.870000
127.886	3.899000
128.237	3.899000
128.237	3.912000
128.59	3.912000
128.59	6.089000
128.905	6.089000
128.905	5.978000
129.222	5.978000
129.222	6.171000
129.538	6.171000
129.538	5.760000
129.855	5.760000
129.855	5.868000
130.172	5.868000
130.172	5.761000
130.489	5.761000
130.489	5.060000
130.842	5.060000
130.842	5.107000
131.196	5.107000
131.196	5.103000
131.55	5.103000
131.55	6.506000
131.901	6.506000
131.901	6.732000
132.255	6.732000
132.255	6.688000
132.608	6.688000
132.608	6.072000
132.926	6.072000
132.926	6.077000
133.246	6.077000
133.246	6.074000
133.565	6.074000
133.565	5.225000
133.882	5.225000
133.882	5.261000
134.199	5.261000
134.199	5.270000
134.516	5.270000
134.516	7.169000
134.868	7.169000
134.868	7.185000
135.221	7.185000
135.221	7.171000
135.574	7.171000
135.574	7.385000
135.892	7.385000
135.892	7.422000
136.211	7.422000
136.211	7.373000
136.529	7.373000
136.529	5.164000
136.881	5.164000
136.881	5.100000
137.234	5.100000
137.234	5.136000
137.586	5.136000
137.586	4.401000
137.94	4.401000
137.94	4.472000
138.294	4.472000
138.294	4.459000
138.646	4.459000
138.646	4.114000
138.998	4.114000
138.998	3.813000
139.349	3.813000
139.349	4.149000
139.7	4.149000
139.7	4.613000
140.016	4.613000
140.016	4.603000
140.332	4.603000
140.332	4.670000
140.648	4.670000
140.648	5.035000
140.998	5.035000
140.998	5.096000
141.348	5.096000
141.348	5.098000
141.698	5.098000
141.698	4.160000
142.049	4.160000
142.049	4.204000
142.401	4.204000
142.401	4.212000
142.752	4.212000
142.752	4.144000
143.104	4.144000
143.104	4.006000
143.456	4.006000
143.456	4.118000
143.808	4.118000
143.808	5.728000
144.158	5.728000
144.158	5.714000
144.51	5.714000
144.51	5.746000
144.861	5.746000
144.861	5.691000
145.176	5.691000
145.176	5.841000
145.49	5.841000
145.49	5.836000
145.807	5.836000
145.807	5.166000
146.159	5.166000
146.159	5.164000
146.512	5.164000
146.512	5.144000
146.863	5.144000
146.863	6.213000
147.216	6.213000
147.216	6.335000
147.568	6.335000
147.568	6.191000
147.922	6.191000
147.922	5.494000
148.238	5.494000
148.238	5.533000
148.556	5.533000
148.556	5.547000
148.873	5.547000
148.873	4.157000
149.189	4.157000
149.189	4.180000
149.505	4.180000
149.505	4.190000
149.821	4.190000
149.821	4.420000
150.171	4.420000
150.171	4.604000
150.522	4.604000
150.522	4.603000
150.875	4.603000
150.875	4.860000
151.226	4.860000
151.226	4.910000
151.578	4.910000
151.578	4.908000
151.93	4.908000
151.93	5.586000
152.283	5.586000
152.283	5.676000
152.636	5.676000
152.636	5.620000
152.989	5.620000
152.989	5.237000
153.339	5.237000
153.339	5.457000
153.691	5.457000
153.691	5.220000
154.042	5.220000
154.042	5.729000
154.394	5.729000
154.394	5.608000
154.746	5.608000
154.746	5.652000
155.097	5.652000
155.097	6.108000
155.415	6.108000
155.415	6.141000
155.733	6.141000
155.733	6.104000
156.051	6.104000
156.051	4.651000
156.403	4.651000
156.403	5.055000
156.754	5.055000
156.754	4.707000
157.105	4.707000
157.105	5.128000
157.423	5.128000
157.423	5.120000
157.741	5.120000
157.741	5.121000
158.058	5.121000
158.058	3.938000
158.409	3.938000
158.409	3.815000
158.762	3.815000
158.762	3.981000
159.114	3.981000
159.114	4.657000
159.468	4.657000
159.468	4.768000
159.819	4.768000
159.819	4.677000
160.171	4.677000
160.171	4.016000
160.488	4.016000
160.488	4.012000
160.805	4.012000
160.805	3.987000
161.123	3.987000
161.123	4.888000
161.439	4.888000
161.439	4.906000
161.757	4.906000
161.757	4.832000
162.074	4.832000
162.074	4.419000
162.425	4.419000
162.425	4.499000
162.777	4.499000
162.777	4.486000
163.13	4.486000
163.13	3.824000
163.447	3.824000
163.447	3.836000
163.765	3.836000
163.765	3.835000
164.081	3.835000
164.081	5.033000
164.398	5.033000
164.398	5.306000
164.715	5.306000
164.715	5.005000
165.03	5.005000
165.03	5.931000
165.347	5.931000
165.347	5.901000
165.665	5.901000
165.665	5.943000
165.983	5.943000
165.983	6.078000
166.301	6.078000
166.301	6.056000
166.619	6.056000
166.619	6.038000
166.935	6.038000
166.935	5.310000
167.226	5.310000
167.226	5.328000
167.518	5.328000
167.518	5.360000
167.81	5.360000
167.81	4.829000
168.087	4.829000
168.087	4.890000
168.364	4.890000
168.364	4.861000
168.641	4.861000
168.641	4.463000
168.994	4.463000
168.994	4.422000
169.346	4.422000
169.346	4.441000
169.698	4.441000
169.698	6.418000
170.048	6.418000
170.048	5.729000
170.4	5.729000
170.4	5.729000
170.751	5.729000
170.751	5.414000
171.063	5.414000
171.063	5.455000
171.375	5.455000
171.375	5.423000
171.685	5.423000
171.685	5.395000
172.036	5.395000
172.036	5.360000
172.388	5.360000
172.388	5.459000
172.741	5.459000
172.741	6.126000
173.093	6.126000
173.093	6.200000
173.446	6.200000
173.446	6.116000
173.798	6.116000
173.798	5.805000
174.083	5.805000
174.083	5.781000
174.367	5.781000
174.367	5.807000
174.652	5.807000
174.652	6.359000
175.003	6.359000
175.003	6.165000
175.355	6.165000
175.355	6.323000
175.706	6.323000
175.706	4.246000
176.021	4.246000
176.021	4.327000
176.334	4.327000
176.334	4.267000
176.649	4.267000
176.649	4.534000
177.0	4.534000
177.0	4.555000
177.351	4.555000
177.351	4.575000
177.703	4.575000
177.703	4.164000
178.019	4.164000
178.019	4.169000
178.334	4.169000
178.334	4.177000
178.65	4.177000
178.65	4.324000
178.999	4.324000
178.999	4.294000
179.35	4.294000
179.35	4.285000
179.7	4.285000
179.7	4.221000
180.051	4.221000
180.051	4.240000
180.402	4.240000
180.402	4.230000
180.752	4.230000
180.752	4.005000
181.069	4.005000
181.069	3.993000
181.386	3.993000
181.386	3.960000
181.702	3.960000
181.702	4.172000
182.019	4.172000
182.019	4.179000
182.335	4.179000
182.335	4.168000
182.648	4.168000
182.648	5.548000
182.964	5.548000
182.964	5.530000
183.28	5.530000
183.28	5.539000
183.596	5.539000
183.596	5.090000
183.913	5.090000
183.913	5.115000
184.229	5.115000
184.229	5.069000
184.545	5.069000
184.545	4.233000
184.861	4.233000
184.861	4.235000
185.177	4.235000
185.177	4.236000
185.495	4.236000
185.495	4.520000
185.811	4.520000
185.811	4.496000
186.127	4.496000
186.127	4.538000
186.443	4.538000
186.443	4.462000
186.794	4.462000
186.794	4.713000
187.147	4.713000
187.147	4.754000
187.499	4.754000
187.499	5.112000
187.816	5.112000
187.816	5.081000
188.134	5.081000
188.134	5.107000
188.452	5.107000
188.452	5.350000
188.804	5.350000
188.804	5.320000
189.155	5.320000
189.155	5.348000
189.507	5.348000
189.507	4.861000
189.823	4.861000
189.823	4.847000
190.14	4.847000
190.14	4.852000
190.455	4.852000
190.455	4.364000
190.773	4.364000
190.773	4.368000
191.091	4.368000
191.091	4.362000
191.409	4.362000
191.409	4.503000
191.759	4.503000
191.759	4.527000
192.109	4.527000
192.109	4.491000
192.459	4.491000
192.459	4.783000
192.809	4.783000
192.809	4.761000
193.157	4.761000
193.157	4.786000
193.508	4.786000
193.508	4.231000
193.824	4.231000
193.824	4.244000
194.141	4.244000
194.141	4.257000
194.458	4.257000
194.458	4.596000
194.775	4.596000
194.775	4.608000
195.09	4.608000
195.09	4.659000
195.405	4.659000
195.405	4.228000
195.758	4.228000
195.758	4.174000
196.108	4.174000
196.108	4.211000
196.457	4.211000
196.457	4.372000
196.774	4.372000
196.774	4.341000
197.092	4.341000
197.092	4.336000
197.409	4.336000
197.409	4.567000
197.727	4.567000
197.727	4.602000
198.045	4.602000
198.045	4.634000
198.363	4.634000
198.363	6.713000
198.678	6.713000
198.678	6.763000
198.996	6.763000
198.996	6.711000
199.311	6.711000
199.311	6.125000
199.629	6.125000
199.629	6.128000
199.947	6.128000
199.947	6.089000
200.265	6.089000
200.265	6.415000
200.58	6.415000
200.58	6.288000
200.898	6.288000
200.898	6.254000
201.214	6.254000
201.214	5.314000
201.532	5.314000
201.532	5.327000
201.85	5.327000
201.85	5.292000
202.168	5.292000
202.168	4.764000
202.484	4.764000
202.484	4.798000
202.801	4.798000
202.801	4.777000
203.118	4.777000
203.118	4.412000
203.436	4.412000
203.436	4.375000
203.752	4.375000
203.752	4.457000
204.07	4.457000
204.07	4.676000
204.42	4.676000
204.42	4.715000
204.772	4.715000
204.772	4.673000
205.124	4.673000
205.124	4.673000
205.441	4.673000
205.441	4.673000
205.757	4.673000
205.757	4.646000
206.071	4.646000
206.071	6.358000
206.423	6.358000
206.423	6.370000
206.776	6.370000
206.776	6.427000
207.129	6.427000
207.129	5.622000
207.482	5.622000
207.482	5.724000
207.834	5.724000
207.834	5.648000
208.184	5.648000
208.184	5.439000
208.536	5.439000
208.536	5.411000
208.886	5.411000
208.886	5.418000
209.237	5.418000
209.237	4.098000
209.553	4.098000
209.553	3.958000
209.871	3.958000
209.871	4.091000
210.189	4.091000
210.189	4.607000
210.505	4.607000
210.505	4.800000
210.822	4.800000
210.822	4.622000
211.139	4.622000
211.139	4.314000
211.491	4.314000
211.491	4.323000
211.843	4.323000
211.843	4.314000
212.194	4.314000
212.194	4.481000
212.511	4.481000
212.511	4.435000
212.828	4.435000
212.828	4.458000
213.145	4.458000
213.145	4.432000
213.496	4.432000
213.496	4.510000
213.847	4.510000
213.847	4.499000
214.196	4.499000
214.196	4.342000
214.549	4.342000
214.549	4.369000
214.901	4.369000
214.901	4.394000
215.253	4.394000
215.253	4.985000
215.567	4.985000
215.567	5.051000
215.884	5.051000
215.884	4.955000
216.199	4.955000
216.199	5.401000
216.548	5.401000
216.548	5.497000
216.9	5.497000
216.9	5.487000
217.25	5.487000
217.25	5.712000
217.566	5.712000
217.566	5.753000
217.882	5.753000
217.882	5.712000
218.199	5.712000
218.199	4.515000
218.514	4.515000
218.514	4.524000
218.832	4.524000
218.832	4.475000
219.149	4.475000
219.149	4.499000
219.498	4.499000
219.498	4.487000
219.847	4.487000
219.847	4.491000
220.199	4.491000
220.199	4.189000
220.514	4.189000
220.514	4.178000
220.829	4.178000
220.829	4.199000
221.144	4.199000
221.144	5.471000
221.461	5.471000
221.461	5.339000
221.778	5.339000
221.778	5.354000
222.096	5.354000
222.096	6.208000
222.413	6.208000
222.413	6.423000
222.731	6.423000
222.731	6.217000
223.048	6.217000
223.048	5.788000
223.365	5.788000
223.365	5.854000
223.682	5.854000
223.682	5.864000
224.0	5.864000
224.0	4.600000
224.317	4.600000
224.317	4.567000
224.633	4.567000
224.633	4.576000
224.949	4.576000
224.949	4.109000
225.299	4.109000
225.299	4.129000
225.651	4.129000
225.651	4.109000
226.002	4.109000
226.002	4.622000
226.318	4.622000
226.318	4.540000
226.634	4.540000
226.634	4.399000
226.952	4.399000
226.952	4.451000
227.269	4.451000
227.269	4.472000
227.586	4.472000
227.586	4.258000
227.904	4.258000
227.904	4.243000
228.221	4.243000
228.221	4.237000
228.539	4.237000
228.539	4.481000
228.888	4.481000
228.888	3.987000
229.241	3.987000
229.241	3.999000
229.593	3.999000
229.593	4.325000
229.945	4.325000
229.945	4.296000
230.297	4.296000
230.297	4.310000
230.649	4.310000
230.649	4.146000
230.966	4.146000
230.966	4.160000
231.282	4.160000
231.282	4.161000
231.595	4.161000
231.595	5.031000
231.946	5.031000
231.946	5.009000
232.296	5.009000
232.296	5.009000
232.647	5.009000
232.647	6.422000
232.996	6.422000
232.996	6.529000
233.346	6.529000
233.346	6.435000
233.696	6.435000
233.696	6.312000
234.013	6.312000
234.013	6.304000
234.331	6.304000
234.331	6.333000
234.648	6.333000
234.648	5.080000
234.964	5.080000
234.964	5.063000
235.281	5.063000
235.281	5.037000
235.597	5.037000
235.597	5.966000
235.914	5.966000
235.914	6.050000
236.232	6.050000
236.232	6.031000
236.549	6.031000
236.549	5.883000
236.867	5.883000
236.867	5.921000
237.185	5.921000
237.185	5.869000
237.502	5.869000
237.502	4.502000
237.82	4.502000
237.82	4.448000
238.135	4.448000
238.135	4.451000
238.453	4.451000
238.453	5.352000
238.802	5.352000
238.802	5.321000
239.154	5.321000
239.154	5.350000
239.505	5.350000
239.505	5.243000
239.857	5.243000
239.857	5.249000
240.208	5.249000
240.208	5.247000
240.56	5.247000
240.56	6.509000
240.876	6.509000
240.876	6.476000
241.194	6.476000
241.194	6.461000
241.512	6.461000
241.512	6.106000
241.862	6.106000
241.862	6.182000
242.215	6.182000
242.215	6.203000
242.567	6.203000
242.567	6.517000
242.885	6.517000
242.885	6.492000
243.202	6.492000
243.202	6.503000
243.52	6.503000
243.52	6.324000
243.872	6.324000
243.872	6.029000
244.224	6.029000
244.224	6.069000
244.576	6.069000
244.576	6.719000
244.929	6.719000
244.929	6.823000
245.281	6.823000
245.281	6.915000
245.634	6.915000
245.634	6.206000
245.987	6.206000
245.987	6.206000
246.34	6.206000
246.34	6.151000
246.693	6.151000
246.693	5.154000
247.045	5.154000
247.045	5.188000
247.397	5.188000
247.397	5.107000
247.747	5.107000
247.747	5.147000
248.1	5.147000
248.1	5.456000
248.452	5.456000
248.452	5.191000
248.805	5.191000
248.805	5.902000
249.156	5.902000
249.156	5.923000
249.507	5.923000
249.507	5.914000
249.859	5.914000
249.859	4.127000
250.175	4.127000
250.175	4.141000
250.492	4.141000
250.492	4.178000
250.808	4.178000
250.808	4.838000
251.159	4.838000
251.159	4.834000
251.511	4.834000
251.511	4.836000
251.863	4.836000
251.863	5.107000
252.181	5.107000
252.181	5.109000
252.499	5.109000
252.499	5.107000
252.816	5.107000
252.816	5.190000
253.168	5.190000
253.168	5.254000
253.521	5.254000
253.521	5.193000
253.873	5.193000
253.873	4.711000
254.227	4.711000
254.227	4.654000
254.581	4.654000
254.581	4.675000
254.935	4.675000
254.935	5.381000
255.25	5.381000
255.25	5.410000
255.566	5.410000
255.566	5.397000
255.881	5.397000
255.881	4.874000
256.2	4.874000
256.2	4.915000
256.519	4.915000
256.519	4.889000
256.838	4.889000
256.838	5.246000
257.19	5.246000
257.19	5.241000
257.543	5.241000
257.543	5.257000
257.894	5.257000
257.894	5.512000
258.212	5.512000
258.212	5.505000
258.531	5.505000
258.531	5.444000
258.848	5.444000
258.848	0.406000
258.852	0.406000
258.852	0.367000
258.856	0.367000
258.856	0.261000
258.86	0.261000
258.86	5.299000
259.213	5.299000
259.213	5.245000
259.567	5.245000
259.567	5.297000
259.921	5.297000
259.921	5.142000
260.274	5.142000
260.274	5.044000
260.628	5.044000
260.628	5.103000
260.982	5.103000
260.982	4.978000
261.3	4.978000
261.3	4.852000
261.618	4.852000
261.618	4.761000
261.936	4.761000
261.936	4.509000
262.289	4.509000
262.289	4.504000
262.641	4.504000
262.641	4.493000
262.992	4.493000
262.992	4.211000
263.345	4.211000
263.345	4.183000
263.699	4.183000
263.699	4.169000
264.052	4.169000
264.052	4.517000
264.37	4.517000
264.37	4.549000
264.689	4.549000
264.689	4.522000
265.008	4.522000
265.008	4.695000
265.361	4.695000
265.361	5.045000
265.711	5.045000
265.711	4.642000
266.062	4.642000
266.062	4.257000
266.38	4.257000
266.38	4.245000
266.698	4.245000
266.698	4.262000
267.017	4.262000
267.017	5.680000
267.369	5.680000
267.369	5.406000
267.72	5.406000
267.72	5.416000
268.072	5.416000
268.072	4.938000
268.424	4.938000
268.424	5.129000
268.777	5.129000
268.777	5.077000
269.13	5.077000
269.13	5.457000
269.482	5.457000
269.482	5.423000
269.835	5.423000
269.835	5.450000
270.188	5.450000
270.188	5.454000
270.506	5.454000
270.506	4.965000
270.824	4.965000
270.824	4.945000
271.143	4.945000
271.143	5.756000
271.459	5.756000
271.459	5.359000
271.778	5.359000
271.778	5.352000
272.095	5.352000
272.095	5.295000
272.445	5.295000
272.445	5.318000
272.798	5.318000
272.798	5.260000
273.148	5.260000
273.148	5.917000
273.462	5.917000
273.462	6.168000
273.779	6.168000
273.779	6.009000
274.094	6.009000
274.094	7.105000
274.412	7.105000
274.412	7.070000
274.731	7.070000
274.731	7.081000
275.05	7.081000
275.05	5.669000
275.369	5.669000
275.369	5.821000
275.687	5.821000
275.687	5.655000
276.005	5.655000
276.005	5.406000
276.356	5.406000
276.356	5.346000
276.71	5.346000
276.71	5.345000
277.063	5.345000
277.063	4.356000
277.414	4.356000
277.414	4.413000
277.768	4.413000
277.768	4.419000
278.121	4.419000
278.121	4.612000
278.475	4.612000
278.475	4.619000
278.828	4.619000
278.828	4.609000
279.182	4.609000
279.182	4.435000
279.532	4.435000
279.532	4.427000
279.882	4.427000
279.882	4.588000
280.234	4.588000
280.234	4.654000
280.587	4.654000
280.587	4.670000
280.94	4.670000
280.94	4.650000
281.218	4.650000
281.218	4.588000
281.493	4.588000
281.493	4.645000
281.77	4.645000
281.77	4.754000
282.088	4.754000
282.088	4.713000
282.406	4.713000
282.406	4.627000
282.722	4.627000
282.722	4.427000
283.071	4.427000
283.071	4.418000
283.422	4.418000
283.422	4.435000
283.773	4.435000
283.773	4.216000
284.127	4.216000
284.127	4.200000
284.481	4.200000
284.481	4.219000
284.835	4.219000
284.835	4.813000
285.185	4.813000
285.185	4.747000
285.539	4.747000
285.539	4.715000
285.891	4.715000
285.891	5.086000
286.243	5.086000
286.243	5.133000
286.597	5.133000
286.597	5.079000
286.95	5.079000
286.95	4.956000
287.267	4.956000
287.267	4.971000
287.586	4.971000
287.586	4.914000
287.901	4.914000
287.901	4.385000
288.22	4.385000
288.22	4.405000
288.538	4.405000
288.538	4.397000
288.856	4.397000
288.856	4.666000
289.17	4.666000
289.17	4.678000
289.489	4.678000
289.489	4.667000
289.806	4.667000
289.806	4.154000
290.081	4.154000
290.081	4.184000
290.356	4.184000
290.356	4.195000
290.633	4.195000
290.633	5.231000
290.95	5.231000
290.95	4.630000
291.266	4.630000
291.266	4.724000
291.584	4.724000
291.584	8.263000
291.902	8.263000
291.902	8.282000
292.221	8.282000
292.221	8.258000
292.539	8.258000
292.539	7.884000
292.857	7.884000
292.857	7.911000
293.176	7.911000
293.176	7.924000
293.494	7.924000
293.494	8.351000
293.811	8.351000
293.811	8.212000
294.129	8.212000
294.129	8.087000
294.446	8.087000
294.446	5.396000
294.798	5.396000
294.798	5.403000
295.151	5.403000
295.151	5.414000
295.504	5.414000
295.504	5.685000
295.781	5.685000
295.781	5.731000
296.059	5.731000
296.059	5.721000
296.337	5.721000
296.337	4.841000
296.689	4.841000
296.689	4.751000
297.043	4.751000
297.043	4.813000
297.395	4.813000
297.395	4.406000
297.711	4.406000
297.711	4.404000
298.027	4.404000
298.027	4.397000
298.346	4.397000
298.346	4.285000
298.664	4.285000
298.664	4.320000
298.981	4.320000
298.981	4.284000
299.3	4.284000
299.3	4.011000
299.654	4.011000
299.654	3.963000
300.01	3.963000
300.01	3.993000
300.365	3.993000
300.365	4.554000
300.678	4.554000
300.678	4.531000
300.994	4.531000
300.994	4.562000
301.31	4.562000
301.31	4.150000
301.628	4.150000
301.628	4.151000
301.945	4.151000
301.945	4.169000
302.263	4.169000
302.263	4.191000
302.583	4.191000
302.583	4.252000
302.903	4.252000
302.903	4.187000
303.221	4.187000
303.221	7.232000
303.54	7.232000
303.54	7.260000
303.861	7.260000
303.861	7.291000
304.182	7.291000
304.182	6.702000
304.502	6.702000
304.502	6.728000
304.822	6.728000
304.822	6.694000
305.141	6.694000
305.141	4.018000
305.459	4.018000
305.459	4.055000
305.778	4.055000
305.778	4.017000
306.098	4.017000
306.098	4.834000
306.449	4.834000
306.449	4.966000
306.802	4.966000
306.802	4.906000
307.155	4.906000
307.155	5.293000
307.508	5.293000
307.508	5.297000
307.861	5.297000
307.861	5.315000
308.215	5.315000
308.215	5.838000
308.567	5.838000
308.567	5.850000
308.922	5.850000
308.922	5.891000
309.276	5.891000
309.276	6.228000
309.63	6.228000
309.63	6.181000
309.984	6.181000
309.984	6.158000
310.338	6.158000
310.338	5.859000
310.653	5.859000
310.653	5.897000
310.971	5.897000
310.971	5.912000
311.289	5.912000
311.289	6.703000
311.607	6.703000
311.607	6.723000
311.923	6.723000
311.923	6.684000
312.241	6.684000
312.241	5.194000
312.592	5.194000
312.592	5.327000
312.946	5.327000
312.946	5.338000
313.3	5.338000
313.3	5.656000
313.617	5.656000
313.617	5.674000
313.936	5.674000
313.936	5.621000
314.254	5.621000
314.254	4.798000
314.57	4.798000
314.57	4.210000
314.886	4.210000
314.886	4.192000
315.2	4.192000
315.2	4.449000
315.554	4.449000
315.554	4.601000
315.907	4.601000
315.907	4.444000
316.259	4.444000
316.259	4.211000
316.576	4.211000
316.576	4.040000
316.895	4.040000
316.895	4.195000
317.213	4.195000
317.213	5.033000
317.528	5.033000
317.528	4.313000
317.845	4.313000
317.845	4.359000
318.162	4.359000
318.162	4.643000
318.515	4.643000
318.515	4.644000
318.869	4.644000
318.869	4.635000
319.217	4.635000
319.217	4.406000
319.57	4.406000
319.57	4.371000
319.923	4.371000
319.923	4.492000
320.275	4.492000
320.275	6.625000
320.593	6.625000
320.593	6.657000
320.912	6.657000
320.912	6.754000
321.23	6.754000
321.23	5.584000
321.547	5.584000
321.547	5.541000
321.865	5.541000
321.865	5.471000
322.183	5.471000
322.183	5.260000
322.536	5.260000
322.536	5.316000
322.89	5.316000
322.89	5.308000
323.244	5.308000
323.244	5.619000
323.597	5.619000
323.597	5.572000
323.951	5.572000
323.951	5.607000
324.302	5.607000
324.302	5.342000
324.654	5.342000
324.654	5.424000
325.008	5.424000
325.008	5.445000
325.361	5.445000
325.361	5.123000
325.714	5.123000
325.714	5.154000
326.068	5.154000
326.068	5.186000
326.422	5.186000
326.422	4.924000
326.738	4.924000
326.738	4.932000
327.056	4.932000
327.056	4.912000
327.374	4.912000
327.374	5.907000
327.691	5.907000
327.691	5.913000
328.008	5.913000
328.008	5.932000
328.325	5.932000
328.325	4.390000
328.643	4.390000
328.643	4.446000
328.961	4.446000
328.961	4.444000
329.279	4.444000
329.279	5.424000
329.595	5.424000
329.595	5.416000
329.913	5.416000
329.913	5.409000
330.229	5.409000
330.229	5.514000
330.545	5.514000
330.545	5.573000
330.863	5.573000
330.863	5.493000
331.18	5.493000
331.18	4.498000
331.532	4.498000
331.532	4.598000
331.883	4.598000
331.883	4.614000
332.236	4.614000
332.236	4.282000
332.551	4.282000
332.551	4.291000
332.867	4.291000
332.867	4.270000
333.181	4.270000
333.181	4.547000
333.533	4.547000
333.533	4.540000
333.884	4.540000
333.884	4.543000
334.234	4.543000
334.234	4.042000
334.584	4.042000
334.584	4.080000
334.936	4.080000
334.936	4.055000
335.286	4.055000
335.286	4.290000
335.637	4.290000
335.637	4.267000
335.988	4.267000
335.988	4.259000
336.34	4.259000
336.34	4.506000
336.658	4.506000
336.658	4.541000
336.976	4.541000
336.976	4.572000
337.294	4.572000
337.294	6.761000
337.646	6.761000
337.646	6.822000
337.998	6.822000
337.998	6.822000
338.35	6.822000
338.35	7.039000
338.665	7.039000
338.665	6.966000
338.982	6.966000
338.982	7.040000
339.298	7.040000
339.298	5.692000
339.646	5.692000
339.646	5.574000
340.0	5.574000
340.0	5.563000
340.353	5.563000
340.353	5.280000
340.704	5.280000
340.704	5.329000
341.057	5.329000
341.057	5.297000
341.408	5.297000
341.408	5.067000
341.761	5.067000
341.761	4.969000
342.115	4.969000
342.115	5.003000
342.469	5.003000
342.469	5.947000
342.787	5.947000
342.787	5.950000
343.106	5.950000
343.106	5.996000
343.425	5.996000
343.425	6.034000
343.742	6.034000
343.742	6.089000
344.061	6.089000
344.061	6.112000
344.38	6.112000
344.38	5.993000
344.697	5.993000
344.697	5.973000
345.016	5.973000
345.016	6.000000
345.335	6.000000
345.335	5.152000
345.688	5.152000
345.688	5.264000
346.042	5.264000
346.042	5.289000
346.396	5.289000
346.396	4.697000
346.714	4.697000
346.714	4.725000
347.032	4.725000
347.032	4.725000
347.35	4.725000
347.35	4.642000
347.705	4.642000
347.705	4.732000
348.06	4.732000
348.06	4.623000
348.413	4.623000
348.413	4.516000
348.768	4.516000
348.768	4.641000
349.122	4.641000
349.122	4.610000
349.475	4.610000
349.475	4.173000
349.794	4.173000
349.794	4.207000
350.111	4.207000
350.111	4.196000
350.43	4.196000
350.43	4.700000
350.747	4.700000
350.747	4.770000
351.063	4.770000
351.063	4.712000
351.382	4.712000
351.382	4.414000
351.734	4.414000
351.734	4.495000
352.086	4.495000
352.086	4.489000
352.438	4.489000
352.438	4.135000
352.756	4.135000
352.756	4.148000
353.073	4.148000
353.073	4.133000
353.389	4.133000
353.389	6.038000
353.706	6.038000
353.706	6.179000
354.024	6.179000
354.024	6.175000
354.342	6.175000
354.342	6.435000
354.659	6.435000
354.659	6.691000
354.975	6.691000
354.975	6.458000
355.292	6.458000
355.292	6.680000
355.609	6.680000
355.609	6.667000
355.928	6.667000
355.928	6.707000
356.246	6.707000
356.246	8.142000
356.596	8.142000
356.596	8.158000
356.948	8.158000
356.948	8.106000
357.298	8.106000
357.298	8.551000
357.617	8.551000
357.617	8.736000
357.934	8.736000
357.934	8.563000
358.253	8.563000
358.253	4.453000
358.572	4.453000
358.572	4.441000
358.889	4.441000
358.889	4.335000
359.207	4.335000
359.207	4.531000
359.559	4.531000
359.559	4.614000
359.912	4.614000
359.912	4.569000
360.266	4.569000
360.266	4.249000
360.584	4.249000
360.584	4.240000
360.902	4.240000
360.902	4.292000
361.22	4.292000
361.22	5.180000
361.571	5.180000
361.571	5.251000
361.924	5.251000
361.924	5.235000
362.277	5.235000
362.277	5.022000
362.631	5.022000
362.631	5.136000
362.986	5.136000
362.986	5.148000
363.341	5.148000
363.341	5.115000
363.694	5.115000
363.694	5.171000
364.047	5.171000
364.047	5.210000
364.399	5.210000
364.399	4.904000
364.718	4.904000
364.718	4.875000
365.037	4.875000
365.037	4.887000
365.356	4.887000
365.356	4.834000
365.71	4.834000
365.71	5.065000
366.064	5.065000
366.064	5.028000
366.416	5.028000
366.416	5.009000
366.735	5.009000
366.735	4.963000
367.053	4.963000
367.053	4.992000
367.371	4.992000
367.371	5.114000
367.722	5.114000
367.722	5.109000
368.076	5.109000
368.076	5.103000
368.429	5.103000
368.429	5.174000
368.783	5.174000
368.783	5.208000
369.137	5.208000
369.137	5.194000
369.49	5.194000
369.49	5.721000
369.841	5.721000
369.841	5.703000
370.194	5.703000
370.194	5.669000
370.546	5.669000
370.546	6.864000
370.897	6.864000
370.897	6.891000
371.251	6.891000
371.251	6.888000
371.604	6.888000
371.604	7.594000
371.955	7.594000
371.955	7.584000
372.309	7.584000
372.309	7.595000
372.661	7.595000
372.661	7.040000
372.978	7.040000
372.978	7.043000
373.294	7.043000
373.294	7.064000
373.611	7.064000
373.611	4.371000
373.966	4.371000
373.966	4.307000
374.321	4.307000
374.321	4.255000
374.674	4.255000
374.674	4.899000
375.027	4.899000
375.027	4.955000
375.38	4.955000
375.38	4.892000
375.733	4.892000
375.733	4.094000
376.05	4.094000
376.05	4.153000
376.369	4.153000
376.369	4.119000
376.686	4.119000
376.686	5.390000
377.037	5.390000
377.037	5.370000
377.39	5.370000
377.39	5.316000
377.742	5.316000
377.742	9.093000
378.06	9.093000
378.06	9.075000
378.378	9.075000
378.378	9.206000
378.696	9.206000
378.696	8.306000
379.014	8.306000
379.014	8.245000
379.332	8.245000
379.332	8.238000
379.65	8.238000
379.65	7.178000
379.968	7.178000
379.968	7.530000
380.286	7.530000
380.286	7.200000
380.604	7.200000
380.604	8.475000
380.923	8.475000
380.923	8.598000
381.241	8.598000
381.241	8.575000
381.561	8.575000
381.561	8.094000
381.915	8.094000
381.915	8.058000
382.27	8.058000
382.27	8.137000
382.624	8.137000
382.624	4.436000
382.942	4.436000
382.942	4.376000
383.261	4.376000
383.261	4.383000
383.579	4.383000
383.579	4.104000
383.897	4.104000
383.897	4.409000
384.216	4.409000
384.216	4.408000
384.536	4.408000
384.536	4.035000
384.855	4.035000
384.855	4.054000
385.174	4.054000
385.174	3.985000
385.493	3.985000
385.493	4.487000
385.813	4.487000
385.813	4.375000
386.133	4.375000
386.133	4.347000
386.453	4.347000
386.453	4.783000
386.77	4.783000
386.77	5.022000
387.089	5.022000
387.089	5.022000
387.407	5.022000
387.407	4.274000
387.727	4.274000
387.727	4.290000
388.047	4.290000
388.047	4.302000
388.367	4.302000
388.367	4.242000
388.685	4.242000
388.685	4.240000
389.004	4.240000
389.004	4.258000
389.322	4.258000
389.322	7.591000
389.64	7.591000
389.64	7.744000
389.959	7.744000
389.959	7.686000
390.278	7.686000
390.278	7.917000
390.596	7.917000
390.596	7.806000
390.913	7.806000
390.913	7.872000
391.23	7.872000
391.23	6.512000
391.545	6.512000
391.545	6.432000
391.864	6.432000
391.864	6.479000
392.182	6.479000
392.182	5.309000
392.534	5.309000
392.534	5.447000
392.887	5.447000
392.887	5.424000
393.239	5.424000
393.239	5.454000
393.557	5.454000
393.557	5.880000
393.874	5.880000
393.874	5.468000
394.192	5.468000
394.192	5.809000
394.543	5.809000
394.543	5.568000
394.897	5.568000
394.897	5.824000
395.25	5.824000
395.25	5.008000
395.603	5.008000
395.603	5.225000
395.955	5.225000
395.955	5.223000
396.309	5.223000
396.309	5.235000
396.628	5.235000
396.628	5.269000
396.945	5.269000
396.945	5.280000
397.264	5.280000
397.264	6.790000
397.582	6.790000
397.582	6.866000
397.901	6.866000
397.901	6.757000
398.219	6.757000
398.219	5.054000
398.536	5.054000
398.536	5.276000
398.855	5.276000
398.855	5.288000
399.173	5.288000
399.173	5.035000
399.525	5.035000
399.525	5.439000
399.877	5.439000
399.877	5.003000
400.23	5.003000
400.23	3.882000
400.583	3.882000
400.583	4.342000
400.937	4.342000
400.937	4.672000
401.29	4.672000
401.29	4.725000
401.642	4.725000
401.642	4.723000
401.996	4.723000
401.996	4.369000
402.314	4.369000
402.314	4.216000
402.633	4.216000
402.633	4.385000
402.952	4.385000
402.952	4.475000
403.27	4.475000
403.27	4.231000
403.589	4.231000
403.589	4.230000
403.908	4.230000
403.908	4.462000
404.26	4.462000
404.26	4.665000
404.614	4.665000
404.614	4.651000
404.967	4.651000
404.967	4.174000
405.241	4.174000
405.241	4.227000
405.517	4.227000
405.517	4.209000
405.792	4.209000
405.792	4.341000
406.111	4.341000
406.111	4.373000
406.429	4.373000
406.429	4.319000
406.747	4.319000
406.747	6.146000
407.066	6.146000
407.066	6.071000
407.383	6.071000
407.383	6.124000
407.702	6.124000
407.702	5.931000
408.021	5.931000
408.021	5.774000
408.34	5.774000
408.34	5.846000
408.658	5.846000
408.658	5.698000
409.012	5.698000
409.012	5.657000
409.367	5.657000
409.367	5.673000
409.722	5.673000
409.722	5.195000
410.039	5.195000
410.039	5.180000
410.357	5.180000
410.357	5.213000
410.676	5.213000
410.676	5.756000
411.026	5.756000
411.026	5.772000
411.379	5.772000
411.379	5.765000
411.732	5.765000
411.732	5.753000
412.01	5.753000
412.01	5.678000
412.288	5.678000
412.288	5.781000
412.566	5.781000
412.566	5.242000
412.92	5.242000
412.92	5.168000
413.274	5.168000
413.274	5.189000
413.628	5.189000
413.628	5.306000
413.982	5.306000
413.982	5.329000
414.336	5.329000
414.336	5.312000
414.69	5.312000
414.69	5.768000
415.008	5.768000
415.008	5.595000
415.325	5.595000
415.325	5.656000
415.643	5.656000
415.643	5.664000
415.962	5.664000
415.962	5.676000
416.28	5.676000
416.28	5.698000
416.598	5.698000
416.598	6.217000
416.891	6.217000
416.891	6.219000
417.185	6.219000
417.185	6.212000
417.479	6.212000
417.479	4.966000
417.796	4.966000
417.796	5.009000
418.115	5.009000
418.115	4.910000
418.432	4.910000
418.432	5.572000
418.785	5.572000
418.785	5.599000
419.139	5.599000
419.139	5.602000
419.493	5.602000
419.493	4.267000
419.812	4.267000
419.812	4.264000
420.131	4.264000
420.131	4.239000
420.45	4.239000
420.45	4.719000
420.768	4.719000
420.768	4.715000
421.088	4.715000
421.088	4.700000
421.407	4.700000
421.407	4.816000
421.76	4.816000
421.76	4.807000
422.112	4.807000
422.112	4.819000
422.465	4.819000
422.465	4.324000
422.783	4.324000
422.783	4.308000
423.1	4.308000
423.1	4.301000
423.418	4.301000
423.418	4.653000
423.772	4.653000
423.772	4.678000
424.124	4.678000
424.124	5.519000
424.477	5.519000
424.477	5.600000
424.831	5.600000
424.831	5.601000
425.184	5.601000
425.184	5.634000
425.503	5.634000
425.503	5.573000
425.821	5.573000
425.821	5.620000
426.139	5.620000
426.139	6.217000
426.492	6.217000
426.492	6.252000
426.844	6.252000
426.844	6.153000
427.195	6.153000
427.195	6.230000
427.514	6.230000
427.514	6.222000
427.832	6.222000
427.832	6.334000
428.151	6.334000
428.151	6.498000
428.467	6.498000
428.467	6.534000
428.783	6.534000
428.783	6.515000
429.099	6.515000
429.099	7.947000
429.415	7.947000
429.415	8.052000
429.733	8.052000
429.733	8.011000
430.05	8.011000
430.05	8.177000
430.369	8.177000
430.369	8.298000
430.688	8.298000
430.688	8.226000
431.007	8.226000
431.007	8.107000
431.359	8.107000
431.359	8.123000
431.712	8.123000
431.712	8.071000
432.062	8.071000
432.062	5.891000
432.38	5.891000
432.38	8.452000
432.698	8.452000
432.698	6.049000
433.017	6.049000
433.017	4.628000
433.37	4.628000
433.37	4.586000
433.723	4.586000
433.723	4.641000
434.075	4.641000
434.075	4.002000
434.433	4.002000
434.433	3.982000
434.791	3.982000
434.791	4.017000
435.149	4.017000
435.149	4.456000
435.468	4.456000
435.468	4.472000
435.787	4.472000
435.787	4.462000
436.106	4.462000
436.106	5.451000
436.456	5.451000
436.456	5.467000
436.81	5.467000
436.81	5.485000
437.164	5.485000
437.164	5.172000
437.524	5.172000
437.524	5.121000
437.884	5.121000
437.884	5.144000
438.244	5.144000
438.244	5.285000
438.561	5.285000
438.561	5.297000
438.879	5.297000
438.879	5.289000
439.197	5.289000
439.197	5.609000
439.549	5.609000
439.549	5.604000
439.902	5.604000
439.902	5.579000
440.253	5.579000
440.253	5.430000
440.607	5.430000
440.607	5.420000
440.961	5.420000
440.961	5.392000
441.315	5.392000
441.315	4.519000
441.632	4.519000
441.632	4.457000
441.948	4.457000
441.948	4.497000
442.266	4.497000
442.266	7.410000
442.623	7.410000
442.623	7.452000
442.983	7.452000
442.983	7.427000
443.341	7.427000
443.341	6.507000
443.656	6.507000
443.656	6.831000
443.971	6.831000
443.971	6.578000
444.289	6.578000
444.289	8.155000
444.743	8.155000
444.743	8.167000
445.197	8.167000
445.197	8.123000
445.651	8.123000
445.651	6.544000
445.966	6.544000
445.966	6.617000
446.284	6.617000
446.284	6.615000
446.601	6.615000
446.601	5.237000
446.953	5.237000
446.953	5.231000
447.307	5.231000
447.307	5.250000
447.66	5.250000
447.66	5.328000
448.013	5.328000
448.013	5.344000
448.367	5.344000
448.367	5.387000
448.72	5.387000
448.72	5.235000
449.072	5.235000
449.072	5.209000
449.424	5.209000
449.424	5.235000
449.776	5.235000
449.776	5.709000
450.094	5.709000
450.094	5.702000
450.413	5.702000
450.413	5.707000
450.731	5.707000
450.731	5.384000
451.085	5.384000
451.085	5.383000
451.439	5.383000
451.439	5.384000
451.793	5.384000
451.793	5.231000
452.145	5.231000
452.145	5.249000
452.499	5.249000
452.499	5.172000
452.85	5.172000
452.85	4.567000
453.169	4.567000
453.169	4.615000
453.487	4.615000
453.487	4.571000
453.806	4.571000
453.806	4.344000
454.16	4.344000
454.16	4.456000
454.511	4.456000
454.511	4.345000
454.863	4.345000
454.863	4.245000
455.214	4.245000
455.214	4.233000
455.565	4.233000
455.565	4.221000
455.917	4.221000
455.917	4.504000
456.233	4.504000
456.233	4.511000
456.551	4.511000
456.551	4.445000
456.869	4.445000
456.869	4.658000
457.22	4.658000
457.22	4.693000
457.572	4.693000
457.572	4.617000
457.924	4.617000
457.924	4.488000
458.275	4.488000
458.275	4.466000
458.627	4.466000
458.627	4.508000
458.979	4.508000
458.979	4.166000
459.297	4.166000
459.297	4.171000
459.615	4.171000
459.615	4.136000
459.931	4.136000
459.931	5.563000
460.249	5.563000
460.249	5.586000
460.566	5.586000
460.566	5.556000
460.883	5.556000
460.883	5.998000
461.2	5.998000
461.2	6.038000
461.516	6.038000
461.516	6.055000
461.832	6.055000
461.832	4.214000
462.184	4.214000
462.184	4.160000
462.534	4.160000
462.534	4.213000
462.886	4.213000
462.886	4.287000
463.237	4.287000
463.237	4.265000
463.589	4.265000
463.589	4.312000
463.94	4.312000
463.94	4.266000
464.257	4.266000
464.257	4.296000
464.575	4.296000
464.575	4.281000
464.892	4.281000
464.892	5.496000
465.243	5.496000
465.243	5.484000
465.596	5.484000
465.596	5.560000
465.947	5.560000
465.947	5.960000
466.296	5.960000
466.296	6.103000
466.649	6.103000
466.649	6.084000
467.0	6.084000
467.0	6.283000
467.316	6.283000
467.316	6.287000
467.633	6.287000
467.633	6.293000
467.951	6.293000
467.951	6.403000
468.267	6.403000
468.267	6.657000
468.585	6.657000
468.585	6.410000
468.901	6.410000
468.901	4.349000
469.218	4.349000
469.218	4.355000
469.536	4.355000
469.536	4.369000
469.852	4.369000
469.852	4.222000
470.169	4.222000
470.169	4.226000
470.486	4.226000
470.486	4.249000
470.804	4.249000
470.804	4.213000
471.121	4.213000
471.121	4.219000
471.437	4.219000
471.437	4.256000
471.753	4.256000
471.753	4.594000
472.104	4.594000
472.104	4.621000
472.457	4.621000
472.457	4.622000
472.809	4.622000
472.809	4.509000
473.159	4.509000
473.159	4.495000
473.51	4.495000
473.51	4.521000
473.861	4.521000
473.861	4.719000
474.214	4.719000
474.214	4.771000
474.566	4.771000
474.566	4.793000
474.918	4.793000
474.918	4.190000
475.269	4.190000
475.269	4.330000
475.621	4.330000
475.621	4.313000
475.971	4.313000
475.971	4.304000
476.289	4.304000
476.289	4.342000
476.606	4.342000
476.606	4.329000
476.924	4.329000
476.924	7.985000
477.241	7.985000
477.241	8.109000
477.559	8.109000
477.559	7.938000
477.877	7.938000
477.877	5.655000
478.191	5.655000
478.191	5.683000
478.509	5.683000
478.509	5.743000
478.825	5.743000
478.825	5.156000
479.143	5.156000
479.143	5.215000
479.461	5.215000
479.461	5.198000
479.778	5.198000
479.778	5.930000
480.095	5.930000
480.095	5.837000
480.411	5.837000
480.411	5.880000
480.727	5.880000
480.727	7.767000
481.076	7.767000
481.076	7.762000
481.428	7.762000
481.428	7.755000
481.778	7.755000
481.778	7.727000
482.093	7.727000
482.093	7.712000
482.409	7.712000
482.409	7.700000
482.724	7.700000
482.724	5.075000
483.041	5.075000
483.041	4.915000
483.359	4.915000
483.359	5.035000
483.675	5.035000
483.675	5.719000
484.027	5.719000
484.027	5.760000
484.38	5.760000
484.38	5.732000
484.732	5.732000
484.732	4.673000
485.05	4.673000
485.05	5.261000
485.368	5.261000
485.368	4.685000
485.686	4.685000
485.686	5.642000
486.004	5.642000
486.004	5.669000
486.322	5.669000
486.322	5.630000
486.64	5.630000
486.64	5.152000
486.955	5.152000
486.955	5.574000
487.272	5.574000
487.272	5.221000
487.588	5.221000
487.588	4.414000
487.904	4.414000
487.904	4.464000
488.22	4.464000
488.22	4.434000
488.537	4.434000
488.537	5.218000
488.853	5.218000
488.853	5.275000
489.17	5.275000
489.17	5.235000
489.486	5.235000
489.486	4.314000
489.804	4.314000
489.804	4.355000
490.122	4.355000
490.122	4.314000
490.439	4.314000
490.439	5.243000
490.756	5.243000
490.756	5.270000
491.072	5.270000
491.072	5.227000
491.389	5.227000
491.389	5.378000
491.739	5.378000
491.739	5.193000
492.092	5.193000
492.092	5.416000
492.445	5.416000
492.445	4.576000
492.794	4.576000
492.794	4.600000
493.147	4.600000
493.147	4.577000
493.497	4.577000
493.497	4.763000
493.849	4.763000
493.849	4.822000
494.202	4.822000
494.202	4.772000
494.553	4.772000
494.553	4.958000
494.868	4.958000
494.868	4.583000
495.184	4.583000
495.184	4.670000
495.501	4.670000
495.501	4.725000
495.853	4.725000
495.853	4.692000
496.204	4.692000
496.204	4.700000
496.556	4.700000
496.556	5.182000
496.874	5.182000
496.874	5.148000
497.192	5.148000
497.192	5.128000
497.51	5.128000
497.51	4.354000
497.826	4.354000
497.826	4.522000
498.142	4.522000
498.142	4.465000
498.458	4.465000
498.458	4.543000
498.81	4.543000
498.81	4.642000
499.163	4.642000
499.163	4.653000
499.515	4.653000
499.515	5.194000
499.867	5.194000
499.867	5.194000
500.22	5.194000
500.22	5.217000
500.573	5.217000
500.573	5.320000
500.924	5.320000
500.924	4.868000
501.275	4.868000
501.275	4.968000
501.625	4.968000
501.625	5.710000
501.977	5.710000
501.977	5.688000
502.33	5.688000
502.33	5.746000
502.683	5.746000
502.683	5.800000
503.001	5.800000
503.001	5.693000
503.318	5.693000
503.318	5.750000
503.636	5.750000
503.636	5.335000
503.951	5.335000
503.951	5.340000
504.268	5.340000
504.268	5.319000
504.585	5.319000
504.585	5.217000
504.936	5.217000
504.936	5.213000
505.289	5.213000
505.289	5.221000
505.641	5.221000
505.641	5.381000
505.958	5.381000
505.958	5.389000
506.276	5.389000
506.276	5.369000
506.592	5.369000
506.592	4.797000
506.91	4.797000
506.91	4.118000
507.228	4.118000
507.228	4.096000
507.546	4.096000
507.546	4.343000
507.896	4.343000
507.896	4.364000
508.245	4.364000
508.245	4.342000
508.594	4.342000
508.594	3.916000
508.912	3.916000
508.912	3.884000
509.229	3.884000
509.229	3.857000
509.546	3.857000
509.546	4.027000
509.862	4.027000
509.862	3.982000
510.179	3.982000
510.179	3.957000
510.494	3.957000
510.494	4.568000
510.809	4.568000
510.809	4.551000
511.125	4.551000
511.125	4.555000
511.442	4.555000
511.442	4.872000
511.895	4.872000
511.895	4.823000
512.346	4.823000
512.346	4.856000
512.799	4.856000
512.799	5.587000
513.116	5.587000
513.116	5.100000
513.433	5.100000
513.433	5.080000
513.749	5.080000
513.749	5.168000
514.102	5.168000
514.102	5.190000
514.451	5.190000
514.451	5.209000
514.804	5.209000
514.804	5.193000
515.121	5.193000
515.121	5.235000
515.438	5.235000
515.438	5.198000
515.755	5.198000
515.755	5.476000
516.107	5.476000
516.107	5.438000
516.458	5.438000
516.458	5.460000
516.809	5.460000
516.809	5.274000
517.158	5.274000
517.158	5.433000
517.511	5.433000
517.511	5.435000
517.863	5.435000
517.863	4.841000
518.18	4.841000
518.18	4.828000
518.498	4.828000
518.498	4.813000
518.816	4.813000
518.816	5.335000
519.134	5.335000
519.134	5.405000
519.452	5.405000
519.452	5.307000
519.77	5.307000
519.77	5.546000
520.122	5.546000
520.122	5.667000
520.471	5.667000
520.471	5.530000
520.823	5.530000
520.823	5.627000
521.176	5.627000
521.176	5.597000
521.529	5.597000
521.529	5.663000
521.882	5.663000
521.882	5.030000
522.199	5.030000
522.199	4.965000
522.516	4.965000
522.516	5.023000
522.833	5.023000
522.833	5.047000
523.186	5.047000
523.186	5.047000
523.538	5.047000
523.538	5.094000
523.891	5.094000
523.891	4.827000
524.208	4.827000
524.208	4.806000
524.525	4.806000
524.525	4.814000
524.842	4.814000
524.842	4.611000
525.195	4.611000
525.195	4.517000
525.547	4.517000
525.547	4.527000
525.9	4.527000
525.9	4.416000
526.217	4.416000
526.217	4.013000
526.534	4.013000
526.534	4.003000
526.851	4.003000
526.851	4.537000
527.202	4.537000
527.202	4.535000
527.554	4.535000
527.554	4.541000
527.906	4.541000
527.906	4.645000
528.259	4.645000
528.259	3.920000
528.609	3.920000
528.609	4.600000
528.96	4.600000
528.96	4.275000
529.276	4.275000
529.276	4.584000
529.591	4.584000
529.591	4.279000
529.905	4.279000
529.905	5.214000
530.258	5.214000
530.258	5.218000
530.611	5.218000
530.611	5.213000
530.963	5.213000
530.963	4.943000
531.28	4.943000
531.28	4.857000
531.595	4.857000
531.595	4.887000
531.912	4.887000
531.912	5.150000
532.228	5.150000
532.228	5.128000
532.545	5.128000
532.545	5.100000
532.86	5.100000
532.86	4.508000
533.213	4.508000
533.213	4.572000
533.564	4.572000
533.564	4.541000
533.917	4.541000
533.917	4.325000
534.231	4.325000
534.231	4.341000
534.547	4.341000
534.547	4.329000
534.862	4.329000
534.862	4.934000
535.213	4.934000
535.213	4.923000
535.565	4.923000
535.565	4.922000
535.917	4.922000
535.917	4.863000
536.269	4.863000
536.269	4.953000
536.622	4.953000
536.622	4.950000
536.974	4.950000
536.974	5.864000
537.29	5.864000
537.29	5.768000
537.607	5.768000
537.607	5.762000
537.924	5.762000
