0.0	5.330000
0.318	5.330000
0.318	4.845000
0.636	4.845000
0.636	4.992000
0.954	4.992000
0.954	5.355000
1.307	5.355000
1.307	5.519000
1.66	5.519000
1.66	5.502000
2.013	5.502000
2.013	6.289000
2.29	6.289000
2.29	5.534000
2.567	5.534000
2.567	6.004000
2.843	6.004000
2.843	5.775000
3.161	5.775000
3.161	5.117000
3.479	5.117000
3.479	4.796000
3.797	4.796000
3.797	4.408000
4.115	4.408000
4.115	4.808000
4.433	4.808000
4.433	4.719000
4.751	4.719000
4.751	5.065000
5.028	5.065000
5.028	3.971000
5.305	3.971000
5.305	4.007000
5.58	4.007000
5.58	5.428000
5.933	5.428000
5.933	5.283000
6.284	5.283000
6.284	4.722000
6.637	4.722000
6.637	4.226000
6.954	4.226000
6.954	4.462000
7.271	4.462000
7.271	4.391000
7.587	4.391000
7.587	4.814000
7.899	4.814000
7.899	4.374000
8.211	4.374000
8.211	3.973000
8.523	3.973000
8.523	5.331000
8.841	5.331000
8.841	4.507000
9.159	4.507000
9.159	4.547000
9.473	4.547000
9.473	4.934000
9.789	4.934000
9.789	5.021000
10.106	5.021000
10.106	4.995000
10.424	4.995000
10.424	6.139000
10.741	6.139000
10.741	5.891000
11.057	5.891000
11.057	5.355000
11.374	5.355000
11.374	5.933000
11.692	5.933000
11.692	5.165000
12.01	5.165000
12.01	5.208000
12.326	5.208000
12.326	5.247000
12.644	5.247000
12.644	5.188000
12.962	5.188000
12.962	5.188000
13.28	5.188000
13.28	5.203000
13.598	5.203000
13.598	4.627000
13.916	4.627000
13.916	4.842000
14.234	4.842000
14.234	4.709000
14.552	4.709000
14.552	4.244000
14.87	4.244000
14.87	4.323000
15.185	4.323000
15.185	4.943000
15.501	4.943000
15.501	5.195000
15.819	5.195000
15.819	4.955000
16.137	4.955000
16.137	5.100000
16.455	5.100000
16.455	4.666000
16.773	4.666000
16.773	4.948000
17.089	4.948000
17.089	4.685000
17.406	4.685000
17.406	4.403000
17.723	4.403000
17.723	4.841000
18.037	4.841000
18.037	6.915000
18.353	6.915000
18.353	6.050000
18.671	6.050000
18.671	6.652000
18.987	6.652000
18.987	5.106000
19.34	5.106000
19.34	4.576000
19.69	4.576000
19.69	4.278000
20.043	4.278000
20.043	4.868000
20.361	4.868000
20.361	4.642000
20.679	4.642000
20.679	4.696000
20.997	4.696000
20.997	5.723000
21.314	5.723000
21.314	5.597000
21.629	5.597000
21.629	5.212000
21.946	5.212000
21.946	5.621000
22.299	5.621000
22.299	5.371000
22.65	5.371000
22.65	5.291000
23.0	5.291000
23.0	4.616000
23.318	4.616000
23.318	4.715000
23.635	4.715000
23.635	4.764000
23.953	4.764000
23.953	4.802000
24.271	4.802000
24.271	3.932000
24.589	3.932000
24.589	4.005000
24.904	4.005000
24.904	5.271000
25.257	5.271000
25.257	5.428000
25.609	5.428000
25.609	5.315000
25.962	5.315000
25.962	5.263000
26.278	5.263000
26.278	5.488000
26.595	5.488000
26.595	5.445000
26.913	5.445000
26.913	5.545000
27.231	5.545000
27.231	5.474000
27.549	5.474000
27.549	5.805000
27.867	5.805000
27.867	4.812000
28.22	4.812000
28.22	5.326000
28.569	5.326000
28.569	4.859000
28.922	4.859000
28.922	4.904000
29.24	4.904000
29.24	4.655000
29.558	4.655000
29.558	4.629000
29.876	4.629000
29.876	5.529000
30.194	5.529000
30.194	5.782000
30.512	5.782000
30.512	5.366000
30.83	5.366000
30.83	5.008000
31.183	5.008000
31.183	5.225000
31.535	5.225000
31.535	4.970000
31.888	4.970000
31.888	4.881000
32.206	4.881000
32.206	4.771000
32.524	4.771000
32.524	4.833000
32.842	4.833000
32.842	4.690000
33.194	4.690000
33.194	5.274000
33.543	5.274000
33.543	4.680000
33.895	4.680000
33.895	4.965000
34.248	4.965000
34.248	5.231000
34.596	5.231000
34.596	5.160000
34.949	5.160000
34.949	5.032000
35.267	5.032000
35.267	5.057000
35.585	5.057000
35.585	5.041000
35.903	5.041000
35.903	4.177000
36.22	4.177000
36.22	4.323000
36.536	4.323000
36.536	4.085000
36.853	4.085000
36.853	4.390000
37.171	4.390000
37.171	4.426000
37.488	4.426000
37.488	4.271000
37.806	4.271000
37.806	4.433000
38.124	4.433000
38.124	4.678000
38.441	4.678000
38.441	4.747000
38.756	4.747000
38.756	4.444000
39.109	4.444000
39.109	4.679000
39.46	4.679000
39.46	4.486000
39.813	4.486000
39.813	4.478000
40.13	4.478000
40.13	4.401000
40.447	4.401000
40.447	4.499000
40.763	4.499000
40.763	4.870000
41.079	4.870000
41.079	5.064000
41.397	5.064000
41.397	5.159000
41.714	5.159000
41.714	4.333000
42.031	4.333000
42.031	4.298000
42.348	4.298000
42.348	4.428000
42.663	4.428000
42.663	4.946000
42.98	4.946000
42.98	4.465000
43.297	4.465000
43.297	4.598000
43.612	4.598000
43.612	5.114000
43.93	5.114000
43.93	4.660000
44.247	4.660000
44.247	5.118000
44.565	5.118000
44.565	5.689000
44.882	5.689000
44.882	4.852000
45.199	4.852000
45.199	5.199000
45.516	5.199000
45.516	4.958000
45.833	4.958000
45.833	4.417000
46.15	4.417000
46.15	4.636000
46.467	4.636000
46.467	4.755000
46.82	4.755000
46.82	4.401000
47.173	4.401000
47.173	4.522000
47.525	4.522000
47.525	4.392000
47.843	4.392000
47.843	3.815000
48.161	3.815000
48.161	4.210000
48.479	4.210000
48.479	5.533000
48.797	5.533000
48.797	4.956000
49.115	4.956000
49.115	5.405000
49.432	5.405000
49.432	4.784000
49.75	4.784000
49.75	4.972000
50.068	4.972000
50.068	4.858000
50.386	4.858000
50.386	4.661000
50.704	4.661000
50.704	5.075000
51.021	5.075000
51.021	4.623000
51.339	4.623000
51.339	6.328000
51.692	6.328000
51.692	6.398000
52.045	6.398000
52.045	6.331000
52.398	6.331000
52.398	4.384000
52.716	4.384000
52.716	4.736000
53.034	4.736000
53.034	4.730000
53.352	4.730000
53.352	5.421000
53.67	5.421000
53.67	4.741000
53.988	4.741000
53.988	4.924000
54.306	4.924000
54.306	6.148000
54.623	6.148000
54.623	5.388000
54.94	5.388000
54.94	5.531000
55.256	5.531000
55.256	5.443000
55.574	5.443000
55.574	5.327000
55.892	5.327000
55.892	5.577000
56.21	5.577000
56.21	4.181000
56.494	4.181000
56.494	3.611000
56.778	3.611000
56.778	3.582000
57.061	3.582000
57.061	4.234000
57.378	4.234000
57.378	4.693000
57.694	4.693000
57.694	4.531000
58.011	4.531000
58.011	5.145000
58.328	5.145000
58.328	4.831000
58.645	4.831000
58.645	5.048000
58.961	5.048000
58.961	4.927000
59.273	4.927000
59.273	5.195000
59.585	5.195000
59.585	5.041000
59.897	5.041000
59.897	4.365000
60.25	4.365000
60.25	4.269000
60.603	4.269000
60.603	4.429000
60.955	4.429000
60.955	5.078000
61.273	5.078000
61.273	4.993000
61.591	4.993000
61.591	4.990000
61.909	4.990000
61.909	5.119000
62.227	5.119000
62.227	4.874000
62.545	4.874000
62.545	5.028000
62.86	5.028000
62.86	5.937000
63.178	5.937000
63.178	5.592000
63.496	5.592000
63.496	5.757000
63.814	5.757000
63.814	5.025000
64.167	5.025000
64.167	4.768000
64.52	4.768000
64.52	5.115000
64.872	5.115000
64.872	4.822000
65.225	4.822000
65.225	4.936000
65.578	4.936000
65.578	4.839000
65.931	4.839000
65.931	5.268000
66.284	5.268000
66.284	5.700000
66.636	5.700000
66.636	5.539000
66.989	5.539000
66.989	5.081000
67.307	5.081000
67.307	4.931000
67.625	4.931000
67.625	5.176000
67.943	5.176000
67.943	5.553000
68.26	5.553000
68.26	5.207000
68.577	5.207000
68.577	5.534000
68.89	5.534000
68.89	4.640000
69.207	4.640000
69.207	4.632000
69.524	4.632000
69.524	5.030000
69.841	5.030000
69.841	4.742000
70.158	4.742000
70.158	4.864000
70.476	4.864000
70.476	5.038000
70.794	5.038000
70.794	4.260000
71.112	4.260000
71.112	4.314000
71.43	4.314000
71.43	4.444000
71.748	4.444000
71.748	5.181000
72.101	5.181000
72.101	5.560000
72.45	5.560000
72.45	5.459000
72.803	5.459000
72.803	4.378000
73.155	4.378000
73.155	4.515000
73.507	4.515000
73.507	4.875000
73.859	4.875000
73.859	4.689000
74.212	4.689000
74.212	4.814000
74.564	4.814000
74.564	4.749000
74.917	4.749000
74.917	4.432000
75.233	4.432000
75.233	4.125000
75.55	4.125000
75.55	4.189000
75.867	4.189000
75.867	4.455000
76.185	4.455000
76.185	4.523000
76.503	4.523000
76.503	4.495000
76.821	4.495000
76.821	5.411000
77.138	5.411000
77.138	5.208000
77.455	5.208000
77.455	5.151000
77.772	5.151000
77.772	5.173000
78.09	5.173000
78.09	4.208000
78.408	4.208000
78.408	4.651000
78.726	4.651000
78.726	5.663000
79.041	5.663000
79.041	5.457000
79.359	5.457000
79.359	5.601000
79.677	5.601000
79.677	4.953000
79.994	4.953000
79.994	4.426000
80.311	4.426000
80.311	4.362000
80.626	4.362000
80.626	4.897000
80.944	4.897000
80.944	4.213000
81.262	4.213000
81.262	4.543000
81.58	4.543000
81.58	4.741000
81.898	4.741000
81.898	4.840000
82.216	4.840000
82.216	4.903000
82.534	4.903000
82.534	5.657000
82.852	5.657000
82.852	5.502000
83.17	5.502000
83.17	5.528000
83.488	5.528000
83.488	5.032000
83.806	5.032000
83.806	4.325000
84.124	4.325000
84.124	4.253000
84.441	4.253000
84.441	4.622000
84.759	4.622000
84.759	4.566000
85.077	4.566000
85.077	4.753000
85.395	4.753000
85.395	5.816000
85.713	5.816000
85.713	5.828000
86.031	5.828000
86.031	5.763000
86.349	5.763000
86.349	5.175000
86.702	5.175000
86.702	4.768000
87.055	4.768000
87.055	4.870000
87.407	4.870000
87.407	5.277000
87.725	5.277000
87.725	4.996000
88.043	4.996000
88.043	5.336000
88.361	5.336000
88.361	6.794000
88.713	6.794000
88.713	6.918000
89.066	6.918000
89.066	6.947000
89.419	6.947000
89.419	4.785000
89.771	4.785000
89.771	5.156000
90.123	5.156000
90.123	5.072000
90.474	5.072000
90.474	4.685000
90.792	4.685000
90.792	4.803000
91.11	4.803000
91.11	5.224000
91.427	5.224000
91.427	5.209000
91.745	5.209000
91.745	4.403000
92.063	4.403000
92.063	4.500000
92.38	4.500000
92.38	4.780000
92.732	4.780000
92.732	4.808000
93.084	4.808000
93.084	4.680000
93.436	4.680000
93.436	4.485000
93.754	4.485000
93.754	4.401000
94.072	4.401000
94.072	4.789000
94.39	4.789000
94.39	4.690000
94.707	4.690000
94.707	4.268000
95.024	4.268000
95.024	4.295000
95.341	4.295000
95.341	5.716000
95.659	5.716000
95.659	5.639000
95.977	5.639000
95.977	5.710000
96.295	5.710000
96.295	5.120000
96.613	5.120000
96.613	4.574000
96.93	4.574000
96.93	4.574000
97.248	4.574000
97.248	4.227000
97.566	4.227000
97.566	4.273000
97.884	4.273000
97.884	4.149000
98.198	4.149000
98.198	4.357000
98.515	4.357000
98.515	4.959000
98.831	4.959000
98.831	4.657000
99.148	4.657000
99.148	4.830000
99.466	4.830000
99.466	5.235000
99.783	5.235000
99.783	5.220000
100.1	5.220000
100.1	4.517000
100.418	4.517000
100.418	4.408000
100.736	4.408000
100.736	4.651000
101.052	4.651000
101.052	4.831000
101.405	4.831000
101.405	5.529000
101.758	5.529000
101.758	5.268000
102.111	5.268000
102.111	6.742000
102.463	6.742000
102.463	6.581000
102.815	6.581000
102.815	6.532000
103.167	6.532000
103.167	6.188000
103.484	6.188000
103.484	6.002000
103.8	6.002000
103.8	6.373000
104.112	6.373000
104.112	5.326000
104.429	5.326000
104.429	5.128000
104.747	5.128000
104.747	5.500000
105.061	5.500000
105.061	4.729000
105.379	4.729000
105.379	4.680000
105.696	4.680000
105.696	4.553000
106.014	4.553000
106.014	4.591000
106.366	4.591000
106.366	5.102000
106.718	5.102000
106.718	4.887000
107.07	4.887000
107.07	5.232000
107.422	5.232000
107.422	5.583000
107.774	5.583000
107.774	5.522000
108.125	5.522000
108.125	4.728000
108.442	4.728000
108.442	4.744000
108.759	4.744000
108.759	4.826000
109.076	4.826000
109.076	4.164000
109.393	4.164000
109.393	4.070000
109.71	4.070000
109.71	4.165000
110.027	4.165000
110.027	4.196000
110.344	4.196000
110.344	4.109000
110.661	4.109000
110.661	4.434000
110.975	4.434000
110.975	4.493000
111.292	4.493000
111.292	4.459000
111.609	4.459000
111.609	4.527000
111.926	4.527000
111.926	4.304000
112.244	4.304000
112.244	4.245000
112.562	4.245000
112.562	4.472000
112.876	4.472000
112.876	5.002000
113.193	5.002000
113.193	5.133000
113.51	5.133000
113.51	5.483000
113.826	5.483000
113.826	4.602000
114.144	4.602000
114.144	4.567000
114.462	4.567000
114.462	4.648000
114.78	4.648000
114.78	4.741000
115.097	4.741000
115.097	4.746000
115.414	4.746000
115.414	4.797000
115.73	4.797000
115.73	4.266000
116.048	4.266000
116.048	4.383000
116.366	4.383000
116.366	4.669000
116.681	4.669000
116.681	4.516000
116.997	4.516000
116.997	4.469000
117.312	4.469000
117.312	4.477000
117.629	4.477000
117.629	4.606000
117.947	4.606000
117.947	4.542000
118.265	4.542000
118.265	4.706000
118.581	4.706000
118.581	5.118000
118.899	5.118000
118.899	5.128000
119.217	5.128000
119.217	5.954000
119.531	5.954000
119.531	6.407000
119.847	6.407000
119.847	6.462000
120.164	6.462000
120.164	6.494000
120.481	6.494000
120.481	6.103000
120.799	6.103000
120.799	6.198000
121.117	6.198000
121.117	6.681000
121.432	6.681000
121.432	4.376000
121.749	4.376000
121.749	4.415000
122.066	4.415000
122.066	4.812000
122.378	4.812000
122.378	5.498000
122.731	5.498000
122.731	5.458000
123.084	5.458000
123.084	5.437000
123.437	5.437000
123.437	5.101000
123.755	5.101000
123.755	5.192000
124.072	5.192000
124.072	5.769000
124.389	5.769000
124.389	5.359000
124.741	5.359000
124.741	5.972000
125.092	5.972000
125.092	6.091000
125.443	6.091000
125.443	4.720000
125.761	4.720000
125.761	4.711000
126.079	4.711000
126.079	4.855000
126.396	4.855000
126.396	4.198000
126.749	4.198000
126.749	4.529000
127.101	4.529000
127.101	4.383000
127.454	4.383000
127.454	4.201000
127.806	4.201000
127.806	4.773000
128.157	4.773000
128.157	4.565000
128.509	4.565000
128.509	4.470000
128.826	4.470000
128.826	4.433000
129.143	4.433000
129.143	4.826000
129.46	4.826000
129.46	4.362000
129.777	4.362000
129.777	4.388000
130.094	4.388000
130.094	4.686000
130.409	4.686000
130.409	5.182000
130.726	5.182000
130.726	5.047000
131.043	5.047000
131.043	5.249000
131.36	5.249000
131.36	4.818000
131.678	4.818000
131.678	4.717000
131.996	4.717000
131.996	4.873000
132.314	4.873000
132.314	5.272000
132.667	5.272000
132.667	5.468000
133.019	5.468000
133.019	5.505000
133.371	5.505000
133.371	5.345000
133.724	5.345000
133.724	5.807000
134.076	5.807000
134.076	5.649000
134.429	5.649000
134.429	5.277000
134.744	5.277000
134.744	5.252000
135.062	5.252000
135.062	5.177000
135.38	5.177000
135.38	4.671000
135.732	4.671000
135.732	5.095000
136.083	5.095000
136.083	4.790000
136.435	4.790000
136.435	4.601000
136.752	4.601000
136.752	4.614000
137.069	4.614000
137.069	4.762000
137.386	4.762000
137.386	5.202000
137.704	5.202000
137.704	5.194000
138.022	5.194000
138.022	5.161000
138.339	5.161000
138.339	4.943000
138.657	4.943000
138.657	5.360000
138.974	5.360000
138.974	5.400000
139.292	5.400000
139.292	4.542000
139.61	4.542000
139.61	4.530000
139.928	4.530000
139.928	4.978000
140.246	4.978000
140.246	4.474000
140.564	4.474000
140.564	4.504000
140.882	4.504000
140.882	4.743000
141.199	4.743000
141.199	4.955000
141.516	4.955000
141.516	5.232000
141.833	5.232000
141.833	4.792000
142.149	4.792000
142.149	4.382000
142.467	4.382000
142.467	4.249000
142.785	4.249000
142.785	4.474000
143.102	4.474000
143.102	5.391000
143.42	5.391000
143.42	5.401000
143.737	5.401000
143.737	5.316000
144.054	5.316000
144.054	4.029000
144.371	4.029000
144.371	4.014000
144.688	4.014000
144.688	4.419000
145.003	4.419000
145.003	3.978000
145.32	3.978000
145.32	3.941000
145.637	3.941000
145.637	4.205000
145.953	4.205000
145.953	4.492000
146.271	4.492000
146.271	4.566000
146.589	4.566000
146.589	4.869000
146.907	4.869000
146.907	4.302000
147.224	4.302000
147.224	4.255000
147.541	4.255000
147.541	4.583000
147.858	4.583000
147.858	4.497000
148.176	4.497000
148.176	4.524000
148.493	4.524000
148.493	4.412000
148.811	4.412000
148.811	4.693000
149.129	4.693000
149.129	5.051000
149.447	5.051000
149.447	5.255000
149.765	5.255000
149.765	4.580000
150.082	4.580000
150.082	4.604000
150.399	4.604000
150.399	4.644000
150.711	4.644000
150.711	4.591000
151.029	4.591000
151.029	4.744000
151.347	4.744000
151.347	4.776000
151.665	4.776000
151.665	4.592000
151.983	4.592000
151.983	4.969000
152.301	4.969000
152.301	4.688000
152.619	4.688000
152.619	5.296000
152.937	5.296000
152.937	5.035000
153.255	5.035000
153.255	5.435000
153.57	5.435000
153.57	4.766000
153.887	4.766000
153.887	4.858000
154.205	4.858000
154.205	5.036000
154.523	5.036000
154.523	4.268000
154.84	4.268000
154.84	4.116000
155.157	4.116000
155.157	4.661000
155.471	4.661000
155.471	5.104000
155.824	5.104000
155.824	5.340000
156.176	5.340000
156.176	5.226000
156.528	5.226000
156.528	5.003000
156.845	5.003000
156.845	5.424000
157.162	5.424000
157.162	5.273000
157.478	5.273000
157.478	4.569000
157.796	4.569000
157.796	4.828000
158.114	4.828000
158.114	4.562000
158.427	4.562000
158.427	5.193000
158.744	5.193000
158.744	5.062000
159.062	5.062000
159.062	4.983000
159.38	4.983000
159.38	5.457000
159.697	5.457000
159.697	5.785000
160.014	5.785000
160.014	5.586000
160.331	5.586000
160.331	4.469000
160.683	4.469000
160.683	4.826000
161.034	4.826000
161.034	4.574000
161.386	4.574000
161.386	4.479000
161.702	4.479000
161.702	4.412000
162.018	4.412000
162.018	4.455000
162.335	4.455000
162.335	4.610000
162.652	4.610000
162.652	4.779000
162.968	4.779000
162.968	4.562000
163.285	4.562000
163.285	4.866000
163.602	4.866000
163.602	4.375000
163.919	4.375000
163.919	4.296000
164.234	4.296000
164.234	6.655000
164.582	6.655000
164.582	6.419000
164.935	6.419000
164.935	6.982000
165.287	6.982000
165.287	6.496000
165.604	6.496000
165.604	6.848000
165.92	6.848000
165.92	6.657000
166.237	6.657000
166.237	4.964000
166.555	4.964000
166.555	5.041000
166.872	5.041000
166.872	5.007000
167.19	5.007000
167.19	5.218000
167.507	5.218000
167.507	4.513000
167.824	4.513000
167.824	4.841000
168.131	4.841000
168.131	5.507000
168.449	5.507000
168.449	5.866000
168.766	5.866000
168.766	5.553000
169.084	5.553000
169.084	4.658000
169.402	4.658000
169.402	4.100000
169.72	4.100000
169.72	3.921000
170.035	3.921000
170.035	4.485000
170.353	4.485000
170.353	4.589000
170.671	4.589000
170.671	4.542000
170.989	4.542000
170.989	8.670000
171.405	8.670000
171.405	7.405000
171.821	7.405000
171.821	9.005000
172.233	9.005000
172.233	5.662000
172.55	5.662000
172.55	4.669000
172.867	4.669000
172.867	5.327000
173.178	5.327000
173.178	4.305000
173.496	4.305000
173.496	4.183000
173.814	4.183000
173.814	4.218000
174.13	4.218000
174.13	3.728000
174.459	3.728000
174.459	4.195000
174.789	4.195000
174.789	3.853000
175.119	3.853000
175.119	4.917000
175.437	4.917000
175.437	4.590000
175.755	4.590000
175.755	4.792000
176.07	4.792000
176.07	4.333000
176.388	4.333000
176.388	4.188000
176.706	4.188000
176.706	4.749000
177.023	4.749000
177.023	4.977000
177.34	4.977000
177.34	4.914000
177.655	4.914000
177.655	4.712000
177.972	4.712000
177.972	4.430000
178.324	4.430000
178.324	4.570000
178.675	4.570000
178.675	4.448000
179.027	4.448000
179.027	4.737000
179.345	4.737000
179.345	4.663000
179.663	4.663000
179.663	4.883000
179.981	4.883000
179.981	4.977000
180.298	4.977000
180.298	4.872000
180.614	4.872000
180.614	4.825000
180.931	4.825000
180.931	4.575000
181.283	4.575000
181.283	4.817000
181.636	4.817000
181.636	4.668000
181.988	4.668000
181.988	5.139000
182.306	5.139000
182.306	5.209000
182.624	5.209000
182.624	5.196000
182.941	5.196000
182.941	5.100000
183.258	5.100000
183.258	5.206000
183.575	5.206000
183.575	4.910000
183.892	4.910000
183.892	5.656000
184.208	5.656000
184.208	5.983000
184.525	5.983000
184.525	5.906000
184.839	5.906000
184.839	5.927000
185.157	5.927000
185.157	5.169000
185.475	5.169000
185.475	5.516000
185.787	5.516000
185.787	4.880000
186.104	4.880000
186.104	4.245000
186.421	4.245000
186.421	4.264000
186.735	4.264000
186.735	5.100000
187.052	5.100000
187.052	5.078000
187.369	5.078000
187.369	5.295000
187.686	5.295000
187.686	5.293000
188.038	5.293000
188.038	4.779000
188.39	4.779000
188.39	5.145000
188.739	5.145000
188.739	5.065000
189.056	5.065000
189.056	5.243000
189.372	5.243000
189.372	5.256000
189.689	5.256000
189.689	4.670000
190.041	4.670000
190.041	4.736000
190.394	4.736000
190.394	4.945000
190.747	4.945000
190.747	5.126000
191.099	5.126000
191.099	5.284000
191.451	5.284000
191.451	5.192000
191.803	5.192000
191.803	5.033000
192.12	5.033000
192.12	4.558000
192.437	4.558000
192.437	5.013000
192.75	5.013000
192.75	4.436000
193.068	4.436000
193.068	4.739000
193.386	4.739000
193.386	4.773000
193.704	4.773000
193.704	5.661000
194.021	5.661000
194.021	4.967000
194.338	4.967000
194.338	5.278000
194.651	5.278000
194.651	4.639000
195.003	4.639000
195.003	4.721000
195.356	4.721000
195.356	4.493000
195.709	4.493000
195.709	4.752000
196.027	4.752000
196.027	4.665000
196.345	4.665000
196.345	4.853000
196.663	4.853000
196.663	5.330000
196.981	5.330000
196.981	4.699000
197.299	4.699000
197.299	4.626000
197.616	4.626000
197.616	4.821000
197.934	4.821000
197.934	5.200000
198.251	5.200000
198.251	4.730000
198.569	4.730000
198.569	4.914000
198.886	4.914000
198.886	5.108000
199.204	5.108000
199.204	5.130000
199.521	5.130000
199.521	5.021000
199.839	5.021000
199.839	4.610000
200.157	4.610000
200.157	4.511000
200.472	4.511000
200.472	6.293000
200.824	6.293000
200.824	6.641000
201.176	6.641000
201.176	6.569000
201.528	6.569000
201.528	5.850000
201.846	5.850000
201.846	5.679000
202.163	5.679000
202.163	5.704000
202.481	5.704000
202.481	5.128000
202.799	5.128000
202.799	4.574000
203.117	4.574000
203.117	4.652000
203.435	4.652000
203.435	5.883000
203.752	5.883000
203.752	5.985000
204.07	5.985000
204.07	5.967000
204.388	5.967000
204.388	5.634000
204.741	5.634000
204.741	5.938000
205.093	5.938000
205.093	5.923000
205.446	5.923000
205.446	5.084000
205.799	5.084000
205.799	5.536000
206.151	5.536000
206.151	5.193000
206.502	5.193000
206.502	5.383000
206.82	5.383000
206.82	5.286000
207.14	5.286000
207.14	5.204000
207.46	5.204000
207.46	5.173000
207.78	5.173000
207.78	5.099000
208.1	5.099000
208.1	5.077000
208.42	5.077000
208.42	4.766000
208.772	4.766000
208.772	5.127000
209.124	5.127000
209.124	4.809000
209.473	4.809000
209.473	5.253000
209.825	5.253000
209.825	5.030000
210.178	5.030000
210.178	5.443000
210.531	5.443000
210.531	5.346000
210.849	5.346000
210.849	4.663000
211.167	4.663000
211.167	4.875000
211.485	4.875000
211.485	4.904000
211.802	4.904000
211.802	4.136000
212.119	4.136000
212.119	4.397000
212.435	4.397000
212.435	4.956000
212.753	4.956000
212.753	4.902000
213.071	4.902000
213.071	5.020000
213.389	5.020000
213.389	4.640000
213.706	4.640000
213.706	3.911000
214.023	3.911000
214.023	4.065000
214.339	4.065000
214.339	4.909000
214.692	4.909000
214.692	5.041000
215.044	5.041000
215.044	4.727000
215.396	4.727000
215.396	4.754000
215.712	4.754000
215.712	5.124000
216.029	5.124000
216.029	4.953000
216.346	4.953000
216.346	5.481000
216.699	5.481000
216.699	5.876000
217.05	5.876000
217.05	5.680000
217.403	5.680000
217.403	4.681000
217.721	4.681000
217.721	3.904000
218.039	3.904000
218.039	4.553000
218.357	4.553000
218.357	5.525000
218.675	5.525000
218.675	4.890000
218.993	4.890000
218.993	5.202000
219.31	5.202000
219.31	4.621000
219.628	4.621000
219.628	4.716000
219.945	4.716000
219.945	4.954000
220.263	4.954000
220.263	5.458000
220.58	5.458000
220.58	4.683000
220.898	4.683000
220.898	4.866000
221.216	4.866000
221.216	5.345000
221.534	5.345000
221.534	4.749000
221.852	4.749000
221.852	5.097000
222.17	5.097000
222.17	4.654000
222.488	4.654000
222.488	4.502000
222.806	4.502000
222.806	4.612000
223.123	4.612000
223.123	4.676000
223.441	4.676000
223.441	3.921000
223.759	3.921000
223.759	4.122000
224.076	4.122000
224.076	4.837000
224.428	4.837000
224.428	4.608000
224.781	4.608000
224.781	4.664000
225.134	4.664000
225.134	4.772000
225.452	4.772000
225.452	4.983000
225.77	4.983000
225.77	4.891000
226.088	4.891000
226.088	5.620000
226.365	5.620000
226.365	5.167000
226.642	5.167000
226.642	5.382000
226.919	5.382000
226.919	4.531000
227.271	4.531000
227.271	4.747000
227.623	4.747000
227.623	4.614000
227.975	4.614000
227.975	4.657000
228.294	4.657000
228.294	4.586000
228.613	4.586000
228.613	4.598000
228.932	4.598000
228.932	4.016000
229.25	4.016000
229.25	4.055000
229.568	4.055000
229.568	4.121000
229.886	4.121000
229.886	4.481000
230.204	4.481000
230.204	4.918000
230.522	4.918000
230.522	4.639000
230.84	4.639000
230.84	4.833000
231.158	4.833000
231.158	4.848000
231.476	4.848000
231.476	4.738000
231.794	4.738000
231.794	4.677000
232.147	4.677000
232.147	5.063000
232.5	5.063000
232.5	5.017000
232.852	5.017000
232.852	4.922000
233.205	4.922000
233.205	5.283000
233.558	5.283000
233.558	5.012000
233.911	5.012000
233.911	5.292000
234.229	5.292000
234.229	5.307000
234.547	5.307000
234.547	5.273000
234.865	5.273000
234.865	5.077000
235.218	5.077000
235.218	5.424000
235.571	5.424000
235.571	5.330000
235.924	5.330000
235.924	4.743000
236.241	4.743000
236.241	4.721000
236.559	4.721000
236.559	5.066000
236.875	5.066000
236.875	5.303000
237.193	5.303000
237.193	5.086000
237.511	5.086000
237.511	4.953000
237.829	4.953000
237.829	4.533000
238.147	4.533000
238.147	5.196000
238.465	5.196000
238.465	4.471000
238.782	4.471000
238.782	4.447000
239.1	4.447000
239.1	4.437000
239.418	4.437000
239.418	4.578000
239.733	4.578000
239.733	4.912000
240.051	4.912000
240.051	4.969000
240.369	4.969000
240.369	5.408000
240.687	5.408000
240.687	5.192000
241.04	5.192000
241.04	5.487000
241.393	5.487000
241.393	5.540000
241.746	5.540000
241.746	3.955000
242.063	3.955000
242.063	3.900000
242.38	3.900000
242.38	3.990000
242.697	3.990000
242.697	4.464000
243.015	4.464000
243.015	4.294000
243.333	4.294000
243.333	4.232000
243.651	4.232000
243.651	3.957000
243.969	3.957000
243.969	3.953000
244.287	3.953000
244.287	4.017000
244.604	4.017000
244.604	5.512000
244.922	5.512000
244.922	6.118000
245.24	6.118000
245.24	6.184000
245.558	6.184000
245.558	4.782000
245.876	4.782000
245.876	4.748000
246.194	4.748000
246.194	4.778000
246.511	4.778000
246.511	4.749000
246.829	4.749000
246.829	5.160000
247.145	5.160000
247.145	4.732000
247.463	4.732000
247.463	4.558000
247.781	4.558000
247.781	4.543000
248.099	4.543000
248.099	4.656000
248.416	4.656000
248.416	5.162000
248.734	5.162000
248.734	5.157000
249.052	5.157000
249.052	5.119000
249.37	5.119000
249.37	5.081000
249.688	5.081000
249.688	5.589000
250.005	5.589000
250.005	5.771000
250.323	5.771000
250.323	4.490000
250.641	4.490000
250.641	4.480000
250.959	4.480000
250.959	4.435000
251.277	4.435000
251.277	5.141000
251.63	5.141000
251.63	5.035000
251.983	5.035000
251.983	5.096000
252.334	5.096000
252.334	5.272000
252.651	5.272000
252.651	5.206000
252.968	5.206000
252.968	5.588000
253.282	5.588000
253.282	4.518000
253.635	4.518000
253.635	4.916000
253.986	4.916000
253.986	4.783000
254.339	4.783000
254.339	4.555000
254.657	4.555000
254.657	4.479000
254.975	4.479000
254.975	4.862000
255.293	4.862000
255.293	4.624000
255.646	4.624000
255.646	5.255000
255.999	5.255000
255.999	5.051000
256.35	5.051000
256.35	4.203000
256.668	4.203000
256.668	4.620000
256.985	4.620000
256.985	4.322000
257.303	4.322000
257.303	5.352000
257.621	5.352000
257.621	5.299000
257.939	5.299000
257.939	5.628000
258.257	5.628000
258.257	4.584000
258.575	4.584000
258.575	4.579000
258.893	4.579000
258.893	5.138000
259.211	5.138000
259.211	4.304000
259.564	4.304000
259.564	4.675000
259.916	4.675000
259.916	4.604000
260.269	4.604000
260.269	5.001000
260.587	5.001000
260.587	4.957000
260.905	4.957000
260.905	5.243000
261.223	5.243000
261.223	4.081000
261.541	4.081000
261.541	4.063000
261.859	4.063000
261.859	4.165000
262.176	4.165000
262.176	7.720000
262.589	7.720000
262.589	6.967000
263.004	6.967000
263.004	8.119000
263.417	8.119000
263.417	4.378000
263.77	4.378000
263.77	4.307000
264.123	4.307000
264.123	4.608000
264.476	4.608000
264.476	5.046000
264.794	5.046000
264.794	4.498000
265.112	4.498000
265.112	4.601000
265.429	4.601000
265.429	4.947000
265.747	4.947000
265.747	4.571000
266.065	4.571000
266.065	4.737000
266.383	4.737000
266.383	4.739000
266.701	4.739000
266.701	4.337000
267.019	4.337000
267.019	4.644000
267.337	4.644000
267.337	5.925000
267.654	5.925000
267.654	5.155000
267.971	5.155000
267.971	5.566000
268.288	5.566000
268.288	5.495000
268.606	5.495000
268.606	4.699000
268.924	4.699000
268.924	5.024000
269.241	5.024000
269.241	5.399000
269.559	5.399000
269.559	5.378000
269.877	5.378000
269.877	5.341000
270.193	5.341000
270.193	4.143000
270.511	4.143000
270.511	4.833000
270.828	4.833000
270.828	4.537000
271.145	4.537000
271.145	4.610000
271.498	4.610000
271.498	4.975000
271.849	4.975000
271.849	4.808000
272.202	4.808000
272.202	4.284000
272.52	4.284000
272.52	4.693000
272.838	4.693000
272.838	4.690000
273.156	4.690000
273.156	4.910000
273.473	4.910000
273.473	4.510000
273.79	4.510000
273.79	4.723000
274.107	4.723000
274.107	4.408000
274.46	4.408000
274.46	5.046000
274.812	5.046000
274.812	4.302000
275.165	4.302000
275.165	4.515000
275.483	4.515000
275.483	4.495000
275.801	4.495000
275.801	4.487000
276.119	4.487000
276.119	4.669000
276.437	4.669000
276.437	4.067000
276.755	4.067000
276.755	4.100000
277.073	4.100000
277.073	4.275000
277.391	4.275000
277.391	4.015000
277.709	4.015000
277.709	3.875000
278.027	3.875000
278.027	4.719000
278.345	4.719000
278.345	4.715000
278.663	4.715000
278.663	4.855000
278.981	4.855000
278.981	4.891000
279.298	4.891000
279.298	4.216000
279.615	4.216000
279.615	4.590000
279.932	4.590000
279.932	4.480000
280.25	4.480000
280.25	4.349000
280.568	4.349000
280.568	4.397000
280.879	4.397000
280.879	5.310000
281.197	5.310000
281.197	4.931000
281.515	4.931000
281.515	5.032000
281.832	5.032000
281.832	4.560000
282.15	4.560000
282.15	4.390000
282.468	4.390000
282.468	4.494000
282.784	4.494000
282.784	5.500000
283.102	5.500000
283.102	5.908000
283.419	5.908000
283.419	5.660000
283.736	5.660000
283.736	4.529000
284.054	4.529000
284.054	4.765000
284.372	4.765000
284.372	4.970000
284.69	4.970000
284.69	4.438000
284.967	4.438000
284.967	4.184000
285.244	4.184000
285.244	4.364000
285.521	4.364000
285.521	4.845000
285.839	4.845000
285.839	4.753000
286.157	4.753000
286.157	4.879000
286.473	4.879000
286.473	4.838000
286.791	4.838000
286.791	4.693000
287.107	4.693000
287.107	4.673000
287.425	4.673000
287.425	4.580000
287.701	4.580000
287.701	4.400000
287.977	4.400000
287.977	4.789000
288.252	4.789000
288.252	4.701000
288.57	4.701000
288.57	4.934000
288.888	4.934000
288.888	4.798000
289.206	4.798000
289.206	5.416000
289.524	5.416000
289.524	4.692000
289.842	4.692000
289.842	4.944000
290.158	4.944000
290.158	4.952000
290.511	4.952000
290.511	4.708000
290.859	4.708000
290.859	4.371000
291.212	4.371000
291.212	4.961000
291.53	4.961000
291.53	5.145000
291.848	5.145000
291.848	5.167000
292.166	5.167000
292.166	4.362000
292.484	4.362000
292.484	3.789000
292.802	3.789000
292.802	3.935000
293.119	3.935000
293.119	4.249000
293.437	4.249000
293.437	4.643000
293.755	4.643000
293.755	4.691000
294.073	4.691000
294.073	4.886000
294.384	4.886000
294.384	4.968000
294.693	4.968000
294.693	4.782000
295.004	4.782000
295.004	4.743000
295.322	4.743000
295.322	4.658000
295.64	4.658000
295.64	4.842000
295.958	4.842000
295.958	4.830000
296.276	4.830000
296.276	4.616000
296.594	4.616000
296.594	4.706000
296.912	4.706000
296.912	4.476000
297.23	4.476000
297.23	4.242000
297.548	4.242000
297.548	4.408000
297.864	4.408000
297.864	4.915000
298.181	4.915000
298.181	5.011000
298.495	5.011000
298.495	4.776000
298.812	4.776000
298.812	4.922000
299.13	4.922000
299.13	4.983000
299.447	4.983000
299.447	5.016000
299.763	5.016000
299.763	4.377000
300.116	4.377000
300.116	4.887000
300.465	4.887000
300.465	4.417000
300.818	4.417000
300.818	5.136000
301.17	5.136000
301.17	5.401000
301.522	5.401000
301.522	4.976000
301.874	4.976000
301.874	5.515000
302.192	5.515000
302.192	5.397000
302.51	5.397000
302.51	5.430000
302.828	5.430000
302.828	5.832000
303.146	5.832000
303.146	5.728000
303.464	5.728000
303.464	5.987000
303.781	5.987000
303.781	4.794000
304.134	4.794000
304.134	4.977000
304.487	4.977000
304.487	4.905000
304.84	4.905000
304.84	4.940000
305.158	4.940000
305.158	4.821000
305.475	4.821000
305.475	4.802000
305.792	4.802000
305.792	4.440000
306.145	4.440000
306.145	4.336000
306.498	4.336000
306.498	4.634000
306.851	4.634000
306.851	4.035000
307.169	4.035000
307.169	3.970000
307.487	3.970000
307.487	4.156000
307.805	4.156000
307.805	4.718000
308.122	4.718000
308.122	4.874000
308.439	4.874000
308.439	4.954000
308.756	4.954000
308.756	4.297000
309.074	4.297000
309.074	4.150000
309.392	4.150000
309.392	4.533000
309.709	4.533000
309.709	3.755000
310.026	3.755000
310.026	3.755000
310.343	3.755000
310.343	4.008000
310.66	4.008000
310.66	4.255000
310.977	4.255000
310.977	4.156000
311.294	4.156000
311.294	4.282000
311.611	4.282000
311.611	4.492000
311.964	4.492000
311.964	4.763000
312.317	4.763000
312.317	4.480000
312.67	4.480000
312.67	4.855000
312.988	4.855000
312.988	4.539000
313.306	4.539000
313.306	4.617000
313.622	4.617000
313.622	4.653000
313.939	4.653000
313.939	4.900000
314.257	4.900000
314.257	4.827000
314.575	4.827000
314.575	5.222000
314.928	5.222000
314.928	5.335000
315.281	5.335000
315.281	4.661000
315.634	4.661000
315.634	6.295000
315.951	6.295000
315.951	5.447000
316.268	5.447000
316.268	5.972000
316.584	5.972000
316.584	4.957000
316.902	4.957000
316.902	5.202000
317.22	5.202000
317.22	5.198000
317.537	5.198000
317.537	5.518000
317.855	5.518000
317.855	5.113000
318.173	5.113000
318.173	5.229000
318.491	5.229000
318.491	5.184000
318.809	5.184000
318.809	4.831000
319.127	4.831000
319.127	5.333000
319.444	5.333000
319.444	6.300000
319.761	6.300000
319.761	6.455000
320.079	6.455000
320.079	6.282000
320.396	6.282000
320.396	6.710000
320.714	6.710000
320.714	6.623000
321.03	6.623000
321.03	6.086000
321.348	6.086000
321.348	5.915000
321.666	5.915000
321.666	6.124000
321.984	6.124000
321.984	6.124000
322.302	6.124000
322.302	4.730000
322.655	4.730000
322.655	4.506000
323.008	4.506000
323.008	4.737000
323.361	4.737000
323.361	4.833000
323.679	4.833000
323.679	4.205000
323.997	4.205000
323.997	4.490000
324.315	4.490000
324.315	4.909000
324.633	4.909000
324.633	4.881000
324.95	4.881000
324.95	4.959000
325.268	4.959000
325.268	5.346000
325.585	5.346000
325.585	5.050000
325.902	5.050000
325.902	5.159000
326.219	5.159000
326.219	4.679000
326.537	4.679000
326.537	3.918000
326.855	3.918000
326.855	4.138000
327.173	4.138000
327.173	4.444000
327.491	4.444000
327.491	4.484000
327.809	4.484000
327.809	4.677000
328.127	4.677000
328.127	4.934000
328.444	4.934000
328.444	4.113000
328.761	4.113000
328.761	4.554000
329.078	4.554000
329.078	4.915000
329.395	4.915000
329.395	5.075000
329.711	5.075000
329.711	5.266000
330.028	5.266000
330.028	4.877000
330.341	4.877000
330.341	5.187000
330.656	5.187000
330.656	5.141000
330.97	5.141000
330.97	5.148000
331.324	5.148000
331.324	5.287000
331.678	5.287000
331.678	4.991000
332.032	4.991000
332.032	4.606000
332.35	4.606000
332.35	4.625000
332.668	4.625000
332.668	4.889000
332.986	4.889000
332.986	4.667000
333.303	4.667000
333.303	4.925000
333.619	4.925000
333.619	4.859000
333.935	4.859000
333.935	4.360000
334.252	4.360000
334.252	4.230000
334.569	4.230000
334.569	4.114000
334.885	4.114000
334.885	4.393000
335.203	4.393000
335.203	3.809000
335.521	3.809000
335.521	4.319000
335.838	4.319000
335.838	5.473000
336.156	5.473000
336.156	5.258000
336.473	5.258000
336.473	5.198000
336.789	5.198000
336.789	6.151000
337.107	6.151000
337.107	6.058000
337.425	6.058000
337.425	6.326000
337.742	6.326000
337.742	5.397000
338.094	5.397000
338.094	5.594000
338.446	5.594000
338.446	5.211000
338.798	5.211000
338.798	5.651000
339.151	5.651000
339.151	5.649000
339.504	5.649000
339.504	5.570000
339.857	5.570000
339.857	4.886000
340.21	4.886000
340.21	4.992000
340.563	4.992000
340.563	5.385000
340.916	5.385000
340.916	4.851000
341.269	4.851000
341.269	5.049000
341.619	5.049000
341.619	4.748000
341.972	4.748000
341.972	4.860000
342.29	4.860000
342.29	5.101000
342.606	5.101000
342.606	5.080000
342.923	5.080000
342.923	4.753000
343.275	4.753000
343.275	4.745000
343.625	4.745000
343.625	4.582000
343.977	4.582000
343.977	4.644000
344.33	4.644000
344.33	4.655000
344.682	4.655000
344.682	4.503000
345.034	4.503000
345.034	4.287000
345.352	4.287000
345.352	4.521000
345.67	4.521000
345.67	4.564000
345.988	4.564000
345.988	6.144000
346.304	6.144000
346.304	6.680000
346.621	6.680000
346.621	5.868000
346.938	5.868000
346.938	4.354000
347.256	4.354000
347.256	3.982000
347.574	3.982000
347.574	4.153000
347.891	4.153000
347.891	5.183000
348.209	5.183000
348.209	5.128000
348.527	5.128000
348.527	5.167000
348.845	5.167000
348.845	4.174000
349.162	4.174000
349.162	4.633000
349.479	4.633000
349.479	4.592000
349.795	4.592000
349.795	4.678000
350.113	4.678000
350.113	4.768000
350.43	4.768000
350.43	4.557000
350.748	4.557000
350.748	5.278000
351.067	5.278000
351.067	5.391000
351.386	5.391000
351.386	5.369000
351.705	5.369000
351.705	4.359000
352.023	4.359000
352.023	4.641000
352.341	4.641000
352.341	4.505000
352.658	4.505000
352.658	6.277000
353.011	6.277000
353.011	5.967000
353.364	5.967000
353.364	6.032000
353.717	6.032000
353.717	6.122000
354.034	6.122000
354.034	5.506000
354.351	5.506000
354.351	6.042000
354.667	6.042000
354.667	4.249000
354.985	4.249000
354.985	4.397000
355.303	4.397000
355.303	4.236000
355.621	4.236000
355.621	4.725000
355.938	4.725000
355.938	4.605000
356.255	4.605000
356.255	4.984000
356.572	4.984000
356.572	5.432000
356.889	5.432000
356.889	5.771000
357.203	5.771000
357.203	5.151000
357.519	5.151000
357.519	4.411000
357.837	4.411000
357.837	4.724000
358.155	4.724000
358.155	4.778000
358.472	4.778000
358.472	4.791000
358.79	4.791000
358.79	4.900000
359.108	4.900000
359.108	4.937000
359.425	4.937000
359.425	5.462000
359.743	5.462000
359.743	4.980000
360.061	4.980000
360.061	5.266000
360.378	5.266000
360.378	4.984000
360.695	4.984000
360.695	4.758000
361.013	4.758000
361.013	4.815000
361.331	4.815000
361.331	4.712000
361.684	4.712000
361.684	4.648000
362.037	4.648000
362.037	4.228000
362.39	4.228000
362.39	5.077000
362.742	5.077000
362.742	4.918000
363.094	4.918000
363.094	5.038000
363.443	5.038000
363.443	5.193000
363.759	5.193000
363.759	5.126000
364.076	5.126000
364.076	5.008000
364.393	5.008000
364.393	4.365000
364.711	4.365000
364.711	4.469000
365.029	4.469000
365.029	4.677000
365.344	4.677000
365.344	4.628000
365.695	4.628000
365.695	4.831000
366.045	4.831000
366.045	4.573000
366.397	4.573000
366.397	5.008000
366.716	5.008000
366.716	4.916000
367.035	4.916000
367.035	4.959000
367.354	4.959000
367.354	4.930000
367.707	4.930000
367.707	5.004000
368.054	5.004000
368.054	4.661000
368.407	4.661000
368.407	4.528000
368.724	4.528000
368.724	4.744000
369.039	4.744000
369.039	4.652000
369.356	4.652000
369.356	5.230000
369.673	5.230000
369.673	4.807000
369.99	4.807000
369.99	4.880000
370.307	4.880000
370.307	5.883000
370.624	5.883000
370.624	6.340000
370.941	6.340000
370.941	5.455000
371.258	5.455000
371.258	3.680000
371.575	3.680000
371.575	4.002000
371.891	4.002000
371.891	4.163000
372.204	4.163000
372.204	4.698000
372.556	4.698000
372.556	4.857000
372.908	4.857000
372.908	4.837000
373.261	4.837000
373.261	5.558000
373.578	5.558000
373.578	5.837000
373.893	5.837000
373.893	5.447000
374.21	5.447000
374.21	5.100000
374.528	5.100000
374.528	5.182000
374.846	5.182000
374.846	5.005000
375.164	5.005000
375.164	5.382000
375.516	5.382000
375.516	5.576000
375.869	5.576000
375.869	5.618000
376.221	5.618000
376.221	5.720000
376.538	5.720000
376.538	5.018000
376.855	5.018000
376.855	5.482000
377.168	5.482000
377.168	4.323000
377.486	4.323000
377.486	4.075000
377.803	4.075000
377.803	4.340000
378.119	4.340000
378.119	4.544000
378.472	4.544000
378.472	5.048000
378.825	5.048000
378.825	5.147000
379.178	5.147000
379.178	4.210000
379.496	4.210000
379.496	4.432000
379.814	4.432000
379.814	4.661000
380.13	4.661000
380.13	5.742000
380.448	5.742000
380.448	6.206000
380.763	6.206000
380.763	5.552000
381.081	5.552000
381.081	4.875000
381.399	4.875000
381.399	4.585000
381.717	4.585000
381.717	4.548000
382.035	4.548000
382.035	4.792000
382.353	4.792000
382.353	4.773000
382.671	4.773000
382.671	4.572000
382.988	4.572000
382.988	4.515000
383.306	4.515000
383.306	4.369000
383.624	4.369000
383.624	4.423000
383.941	4.423000
383.941	5.311000
384.259	5.311000
384.259	4.804000
384.577	4.804000
384.577	4.773000
384.895	4.773000
384.895	5.760000
385.212	5.760000
385.212	5.946000
385.529	5.946000
385.529	5.302000
385.847	5.302000
385.847	4.335000
386.164	4.335000
386.164	3.929000
386.481	3.929000
386.481	4.055000
386.797	4.055000
386.797	5.222000
387.114	5.222000
387.114	4.570000
387.432	4.570000
387.432	4.495000
387.75	4.495000
387.75	4.688000
388.068	4.688000
388.068	4.433000
388.386	4.433000
388.386	4.710000
388.703	4.710000
388.703	4.838000
389.02	4.838000
389.02	4.635000
389.337	4.635000
389.337	4.908000
389.654	4.908000
389.654	4.791000
389.972	4.791000
389.972	5.124000
390.29	5.124000
390.29	5.050000
390.608	5.050000
390.608	4.582000
390.926	4.582000
390.926	4.641000
391.244	4.641000
391.244	4.710000
391.562	4.710000
391.562	5.305000
391.915	5.305000
391.915	5.338000
392.263	5.338000
392.263	4.886000
392.616	4.886000
392.616	4.659000
392.933	4.659000
392.933	4.459000
393.251	4.459000
393.251	4.500000
393.569	4.500000
393.569	4.999000
393.922	4.999000
393.922	4.881000
394.272	4.881000
394.272	5.017000
394.625	5.017000
394.625	4.959000
394.943	4.959000
394.943	4.907000
395.258	4.907000
395.258	4.901000
395.576	4.901000
395.576	4.816000
395.894	4.816000
395.894	4.645000
396.212	4.645000
396.212	4.684000
396.53	4.684000
396.53	5.384000
396.882	5.384000
396.882	5.564000
397.231	5.564000
397.231	5.079000
397.584	5.079000
397.584	4.647000
397.902	4.647000
397.902	5.128000
398.22	5.128000
398.22	4.727000
398.538	4.727000
398.538	5.027000
398.856	5.027000
398.856	4.722000
399.174	4.722000
399.174	4.661000
399.492	4.661000
399.492	4.861000
399.804	4.861000
399.804	5.090000
400.116	5.090000
400.116	4.944000
400.428	4.944000
400.428	5.576000
400.746	5.576000
400.746	5.883000
401.063	5.883000
401.063	5.998000
401.381	5.998000
401.381	4.805000
401.697	4.805000
401.697	4.679000
402.015	4.679000
402.015	4.879000
402.333	4.879000
402.333	4.585000
402.61	4.585000
402.61	4.404000
402.887	4.404000
402.887	4.554000
403.162	4.554000
403.162	5.523000
403.479	5.523000
403.479	5.768000
403.795	5.768000
403.795	5.668000
404.112	5.668000
404.112	5.788000
404.428	5.788000
404.428	5.471000
404.746	5.471000
404.746	5.394000
405.064	5.394000
405.064	5.834000
405.382	5.834000
405.382	5.485000
405.7	5.485000
405.7	5.814000
406.018	5.814000
406.018	4.679000
406.335	4.679000
406.335	4.534000
406.653	4.534000
406.653	4.668000
406.971	4.668000
406.971	4.696000
407.288	4.696000
407.288	4.379000
407.605	4.379000
407.605	4.778000
407.92	4.778000
407.92	4.417000
408.237	4.417000
408.237	4.678000
408.554	4.678000
408.554	4.425000
408.871	4.425000
408.871	4.677000
409.224	4.677000
409.224	4.466000
409.577	4.466000
409.577	4.695000
409.93	4.695000
409.93	4.478000
410.248	4.478000
410.248	4.300000
410.566	4.300000
410.566	4.420000
410.881	4.420000
410.881	5.142000
411.198	5.142000
411.198	4.972000
411.515	4.972000
411.515	4.921000
411.831	4.921000
411.831	4.636000
412.149	4.636000
412.149	4.769000
412.466	4.769000
412.466	4.806000
412.782	4.806000
412.782	4.535000
413.1	4.535000
413.1	4.086000
413.418	4.086000
413.418	4.345000
413.735	4.345000
413.735	4.929000
414.054	4.929000
414.054	5.290000
414.371	5.290000
414.371	5.236000
414.689	5.236000
414.689	4.644000
415.007	4.644000
415.007	4.951000
415.324	4.951000
415.324	4.963000
415.642	4.963000
415.642	4.873000
415.96	4.873000
415.96	5.286000
416.277	5.286000
416.277	4.830000
416.594	4.830000
416.594	4.268000
416.912	4.268000
416.912	4.190000
417.23	4.190000
417.23	4.327000
417.546	4.327000
417.546	4.992000
417.865	4.992000
417.865	4.790000
418.184	4.790000
418.184	4.805000
418.503	4.805000
418.503	4.657000
418.855	4.657000
418.855	4.870000
419.204	4.870000
419.204	4.789000
419.556	4.789000
419.556	4.747000
419.908	4.747000
419.908	4.799000
420.259	4.799000
420.259	4.797000
420.611	4.797000
420.611	5.222000
420.93	5.222000
420.93	4.936000
421.249	4.936000
421.249	5.136000
421.568	5.136000
421.568	5.341000
421.857	5.341000
421.857	5.742000
422.145	5.742000
422.145	5.615000
422.434	5.615000
422.434	4.476000
422.751	4.476000
422.751	4.777000
423.067	4.777000
423.067	4.445000
423.383	4.445000
423.383	4.931000
423.701	4.931000
423.701	4.732000
424.018	4.732000
424.018	4.671000
424.336	4.671000
424.336	4.606000
424.631	4.606000
424.631	4.239000
424.926	4.239000
424.926	4.575000
425.22	4.575000
425.22	4.571000
425.538	4.571000
425.538	4.510000
425.856	4.510000
425.856	4.459000
426.174	4.459000
426.174	5.593000
426.451	5.593000
426.451	5.177000
426.728	5.177000
426.728	5.675000
427.003	5.675000
427.003	4.119000
427.32	4.119000
427.32	4.071000
427.637	4.071000
427.637	4.293000
427.953	4.293000
427.953	4.488000
428.27	4.488000
428.27	4.596000
428.588	4.596000
428.588	4.951000
428.904	4.951000
428.904	4.518000
429.222	4.518000
429.222	4.315000
429.54	4.315000
429.54	4.743000
429.858	4.743000
429.858	4.934000
430.175	4.934000
430.175	4.098000
430.492	4.098000
430.492	4.262000
430.807	4.262000
430.807	4.822000
431.125	4.822000
431.125	4.720000
431.442	4.720000
431.442	4.716000
431.759	4.716000
431.759	4.801000
432.076	4.801000
432.076	4.887000
432.392	4.887000
432.392	5.289000
432.709	5.289000
432.709	5.663000
433.026	5.663000
433.026	5.504000
433.343	5.504000
433.343	5.977000
433.66	5.977000
433.66	4.788000
434.015	4.788000
434.015	4.764000
434.37	4.764000
434.37	5.081000
434.724	5.081000
434.724	4.586000
435.041	4.586000
435.041	4.448000
435.358	4.448000
435.358	4.703000
435.674	4.703000
435.674	5.688000
435.989	5.688000
435.989	5.726000
436.307	5.726000
436.307	5.757000
436.625	5.757000
436.625	6.730000
436.978	6.730000
436.978	6.886000
437.331	6.886000
437.331	7.047000
437.681	7.047000
437.681	5.006000
438.025	5.006000
438.025	5.186000
438.369	5.186000
438.369	5.478000
438.711	5.478000
438.711	5.324000
439.064	5.324000
439.064	5.524000
439.417	5.524000
439.417	5.543000
439.77	5.543000
439.77	3.884000
440.088	3.884000
440.088	4.018000
440.406	4.018000
440.406	4.202000
440.723	4.202000
440.723	4.920000
441.076	4.920000
441.076	5.479000
441.426	5.479000
441.426	5.136000
441.777	5.136000
441.777	4.623000
442.094	4.623000
442.094	4.365000
442.412	4.365000
442.412	4.261000
442.729	4.261000
442.729	4.482000
443.047	4.482000
443.047	4.183000
443.365	4.183000
443.365	4.325000
443.683	4.325000
443.683	4.982000
444.001	4.982000
444.001	5.354000
444.317	5.354000
444.317	5.070000
444.634	5.070000
444.634	4.910000
444.952	4.910000
444.952	4.745000
445.27	4.745000
445.27	4.701000
445.588	4.701000
445.588	4.361000
445.864	4.361000
445.864	4.064000
446.14	4.064000
446.14	4.232000
446.414	4.232000
446.414	5.891000
446.731	5.891000
446.731	5.484000
447.048	5.484000
447.048	5.814000
447.364	5.814000
447.364	5.264000
447.717	5.264000
447.717	5.360000
448.069	5.360000
448.069	5.574000
448.422	5.574000
448.422	4.601000
448.74	4.601000
448.74	4.457000
449.058	4.457000
449.058	4.572000
449.373	4.572000
449.373	4.959000
449.691	4.959000
449.691	4.537000
450.009	4.537000
450.009	4.695000
450.327	4.695000
450.327	4.022000
450.644	4.022000
450.644	3.793000
450.962	3.793000
450.962	3.569000
451.28	3.569000
451.28	5.249000
451.598	5.249000
451.598	4.933000
451.916	4.933000
451.916	5.332000
452.233	5.332000
452.233	4.678000
452.551	4.678000
452.551	4.387000
452.869	4.387000
452.869	4.575000
453.187	4.575000
453.187	6.447000
453.505	6.447000
453.505	6.592000
453.824	6.592000
453.824	6.555000
454.143	6.555000
454.143	6.096000
454.496	6.096000
454.496	5.805000
454.849	5.805000
454.849	6.451000
455.2	6.451000
455.2	4.694000
455.518	4.694000
455.518	4.542000
455.835	4.542000
455.835	4.906000
456.153	4.906000
456.153	4.359000
456.471	4.359000
456.471	4.188000
456.789	4.188000
456.789	4.130000
457.106	4.130000
457.106	5.000000
457.424	5.000000
457.424	5.147000
457.742	5.147000
457.742	5.102000
458.058	5.102000
458.058	4.339000
458.376	4.339000
458.376	4.212000
458.694	4.212000
458.694	4.369000
459.011	4.369000
459.011	3.752000
459.329	3.752000
459.329	3.790000
459.647	3.790000
459.647	3.765000
459.964	3.765000
459.964	4.135000
460.281	4.135000
460.281	3.963000
460.598	3.963000
460.598	4.167000
460.914	4.167000
460.914	5.431000
461.267	5.431000
461.267	5.515000
461.62	5.515000
461.62	5.632000
461.972	5.632000
461.972	3.618000
462.29	3.618000
462.29	3.262000
462.608	3.262000
462.608	3.182000
462.925	3.182000
462.925	4.651000
463.243	4.651000
463.243	4.470000
463.561	4.470000
463.561	4.618000
463.878	4.618000
463.878	4.701000
464.231	4.701000
464.231	4.974000
464.583	4.974000
464.583	4.886000
464.936	4.886000
464.936	3.473000
465.254	3.473000
465.254	3.495000
465.572	3.495000
465.572	3.455000
465.889	3.455000
465.889	4.524000
466.206	4.524000
466.206	4.360000
466.523	4.360000
466.523	4.601000
466.839	4.601000
466.839	5.475000
467.192	5.475000
467.192	5.680000
467.543	5.680000
467.543	5.709000
467.895	5.709000
467.895	4.012000
468.213	4.012000
468.213	3.850000
468.531	3.850000
468.531	3.853000
468.849	3.853000
468.849	5.642000
469.167	5.642000
469.167	6.077000
469.482	6.077000
469.482	5.985000
469.797	5.985000
469.797	4.563000
470.115	4.563000
470.115	4.295000
470.433	4.295000
470.433	4.589000
470.75	4.589000
470.75	5.516000
471.067	5.516000
471.067	5.200000
471.384	5.200000
471.384	5.841000
471.698	5.841000
471.698	4.201000
472.016	4.201000
472.016	4.483000
472.334	4.483000
472.334	4.501000
472.652	4.501000
472.652	5.395000
472.97	5.395000
472.97	5.385000
473.288	5.385000
473.288	5.591000
473.604	5.591000
473.604	4.931000
473.957	4.931000
473.957	5.002000
474.309	5.002000
474.309	4.790000
474.661	4.790000
474.661	3.245000
474.978	3.245000
474.978	3.939000
475.295	3.939000
475.295	3.901000
475.613	3.901000
475.613	4.421000
475.931	4.421000
475.931	4.332000
476.249	4.332000
476.249	4.694000
476.561	4.694000
476.561	4.139000
476.879	4.139000
476.879	3.887000
477.197	3.887000
477.197	4.262000
477.511	4.262000
477.511	4.203000
477.827	4.203000
477.827	4.077000
478.143	4.077000
478.143	3.868000
478.459	3.868000
478.459	4.932000
478.776	4.932000
478.776	4.823000
479.093	4.823000
479.093	4.859000
479.409	4.859000
479.409	4.495000
479.727	4.495000
479.727	4.691000
480.041	4.691000
480.041	4.673000
480.359	4.673000
480.359	3.323000
480.675	3.323000
480.675	3.413000
480.99	3.413000
480.99	3.276000
481.307	3.276000
481.307	5.067000
481.658	5.067000
481.658	4.949000
482.011	4.949000
482.011	4.941000
482.364	4.941000
482.364	5.270000
482.681	5.270000
482.681	5.511000
482.997	5.511000
482.997	5.365000
483.315	5.365000
483.315	3.692000
483.633	3.692000
483.633	3.673000
483.951	3.673000
483.951	3.724000
484.266	3.724000
484.266	4.462000
484.584	4.462000
484.584	4.060000
484.899	4.060000
484.899	4.103000
485.217	4.103000
485.217	4.360000
485.535	4.360000
485.535	4.672000
485.851	4.672000
485.851	4.652000
486.169	4.652000
486.169	3.449000
486.487	3.449000
486.487	3.476000
486.805	3.476000
486.805	3.454000
487.122	3.454000
487.122	4.770000
487.473	4.770000
487.473	4.481000
487.826	4.481000
487.826	4.600000
488.179	4.600000
488.179	4.325000
488.496	4.325000
488.496	4.580000
488.809	4.580000
488.809	4.308000
489.126	4.308000
489.126	5.482000
489.476	5.482000
489.476	4.895000
489.827	4.895000
489.827	5.261000
490.18	5.261000
490.18	3.192000
490.496	3.192000
490.496	3.160000
490.813	3.160000
490.813	3.162000
491.13	3.162000
491.13	5.254000
491.48	5.254000
491.48	5.131000
491.833	5.131000
491.833	5.029000
492.186	5.029000
492.186	5.157000
492.503	5.157000
492.503	5.069000
492.818	5.069000
492.818	5.351000
493.136	5.351000
493.136	3.176000
493.454	3.176000
493.454	3.528000
493.77	3.528000
493.77	3.494000
494.086	3.494000
494.086	4.173000
494.404	4.173000
494.404	4.278000
494.719	4.278000
494.719	4.257000
495.037	4.257000
495.037	4.171000
495.355	4.171000
495.355	4.393000
495.67	4.393000
495.67	4.434000
495.988	4.434000
495.988	3.603000
496.306	3.603000
496.306	3.447000
496.622	3.447000
496.622	3.358000
496.94	3.358000
496.94	4.270000
497.258	4.270000
497.258	4.307000
497.57	4.307000
497.57	4.602000
497.888	4.602000
497.888	5.038000
498.24	5.038000
498.24	4.693000
498.592	4.693000
498.592	4.876000
498.945	4.876000
498.945	3.065000
499.262	3.065000
499.262	3.095000
499.579	3.095000
499.579	3.137000
499.895	3.137000
499.895	4.482000
500.213	4.482000
500.213	4.711000
500.523	4.711000
500.523	4.571000
500.841	4.571000
500.841	5.029000
501.193	5.029000
501.193	4.725000
501.546	4.725000
501.546	4.867000
501.899	4.867000
501.899	3.498000
502.216	3.498000
502.216	3.371000
502.533	3.371000
502.533	3.386000
502.849	3.386000
502.849	4.687000
503.167	4.687000
503.167	5.412000
503.484	5.412000
503.484	5.051000
503.802	5.051000
503.802	4.834000
504.12	4.834000
504.12	4.981000
504.435	4.981000
504.435	4.936000
504.752	4.936000
504.752	3.425000
505.069	3.425000
505.069	3.378000
505.386	3.378000
505.386	3.883000
505.701	3.883000
505.701	4.553000
506.019	4.553000
506.019	4.625000
506.336	4.625000
506.336	4.571000
506.654	4.571000
506.654	4.370000
506.972	4.370000
506.972	4.827000
507.284	4.827000
507.284	4.718000
507.602	4.718000
507.602	3.545000
507.919	3.545000
507.919	3.715000
508.235	3.715000
508.235	3.508000
508.55	3.508000
508.55	5.336000
508.903	5.336000
508.903	5.277000
509.256	5.277000
509.256	5.250000
509.609	5.250000
509.609	5.251000
509.961	5.251000
509.961	5.476000
510.31	5.476000
510.31	5.681000
510.662	5.681000
510.662	3.020000
510.979	3.020000
510.979	3.200000
511.293	3.200000
511.293	3.283000
511.609	3.283000
511.609	3.823000
511.926	3.823000
511.926	4.096000
512.239	4.096000
512.239	4.315000
512.556	4.315000
512.556	5.579000
512.874	5.579000
512.874	5.656000
513.192	5.656000
513.192	5.688000
513.51	5.688000
513.51	3.474000
513.828	3.474000
513.828	3.364000
514.146	3.364000
514.146	3.453000
514.464	3.453000
514.464	5.107000
514.781	5.107000
514.781	4.824000
515.099	4.824000
515.099	4.837000
515.417	4.837000
515.417	4.550000
515.735	4.550000
515.735	4.669000
516.053	4.669000
516.053	4.915000
516.371	4.915000
516.371	3.557000
516.688	3.557000
516.688	3.500000
517.005	3.500000
517.005	3.151000
517.322	3.151000
517.322	4.661000
517.675	4.661000
517.675	4.566000
518.028	4.566000
518.028	4.282000
518.381	4.282000
518.381	5.189000
518.698	5.189000
518.698	5.022000
519.015	5.022000
519.015	4.989000
519.333	4.989000
519.333	3.669000
519.651	3.669000
519.651	3.670000
519.969	3.670000
519.969	3.735000
520.286	3.735000
520.286	5.614000
520.604	5.614000
520.604	5.838000
520.922	5.838000
520.922	5.738000
521.24	5.738000
