0.0	9.790000
0.318	9.790000
0.318	8.802000
0.62	8.802000
0.62	8.874000
0.922	8.874000
0.922	7.065000
1.229	7.065000
1.229	9.040000
1.536	9.040000
1.536	9.193000
1.887	9.193000
1.887	9.192000
2.238	9.192000
2.238	8.257000
2.552	8.257000
2.552	8.358000
2.866	8.358000
2.866	7.498000
3.18	7.498000
3.18	6.199000
3.494	6.199000
3.494	7.276000
3.798	7.276000
3.798	8.981000
4.113	8.981000
4.113	9.099000
4.428	9.099000
4.428	7.411000
4.74	7.411000
4.74	9.766000
5.052	9.766000
5.052	9.563000
5.36	9.563000
5.36	9.511000
5.668	9.511000
5.668	8.156000
5.975	8.156000
5.975	8.871000
6.282	8.871000
6.282	6.799000
6.628	6.799000
6.628	7.983000
6.974	7.983000
6.974	8.914000
7.282	8.914000
7.282	9.664000
7.626	9.664000
7.626	8.285000
7.941	8.285000
7.941	6.465000
8.256	6.465000
8.256	8.989000
8.567	8.989000
8.567	7.930000
8.878	7.930000
8.878	9.235000
9.189	9.235000
9.189	8.764000
9.502	8.764000
9.502	9.264000
9.853	9.264000
9.853	9.316000
10.204	9.316000
10.204	9.955000
10.517	9.955000
10.517	6.319000
10.832	6.319000
10.832	7.741000
11.147	7.741000
11.147	8.121000
11.462	8.121000
11.462	7.873000
11.771	7.873000
11.771	8.515000
12.08	8.515000
12.08	8.928000
12.393	8.928000
12.393	8.806000
12.706	8.806000
12.706	8.702000
12.975	8.702000
12.975	8.337000
13.244	8.337000
13.244	8.706000
13.549	8.706000
13.549	7.383000
13.854	7.383000
13.854	8.602000
14.159	8.602000
14.159	8.961000
14.464	8.961000
14.464	8.836000
14.735	8.836000
14.735	9.531000
15.042	9.531000
15.042	6.622000
15.359	6.622000
15.359	6.825000
15.676	6.825000
15.676	9.678000
16.016	9.678000
16.016	7.614000
16.329	7.614000
16.329	6.675000
16.642	6.675000
16.642	8.476000
16.948	8.476000
16.948	8.791000
17.263	8.791000
17.263	8.458000
17.609	8.458000
17.609	7.928000
17.956	7.928000
17.956	8.906000
18.264	8.906000
18.264	8.796000
18.577	8.796000
18.577	8.858000
18.89	8.858000
18.89	8.747000
19.196	8.747000
19.196	8.652000
19.497	8.652000
19.497	8.751000
19.798	8.751000
19.798	6.652000
20.107	6.652000
20.107	7.003000
20.416	7.003000
20.416	9.130000
20.733	9.130000
20.733	8.223000
21.05	8.223000
21.05	7.792000
21.355	7.792000
21.355	9.620000
21.66	9.620000
21.66	7.368000
21.972	7.368000
21.972	7.205000
22.285	7.205000
22.285	8.501000
22.601	8.501000
22.601	8.394000
22.916	8.394000
22.916	8.652000
23.224	8.652000
23.224	9.813000
23.532	9.813000
23.532	9.700000
23.846	9.700000
23.846	9.754000
24.16	9.754000
24.16	8.801000
24.474	8.801000
24.474	7.359000
24.788	7.359000
24.788	9.636000
25.099	9.636000
25.099	8.949000
25.41	8.949000
25.41	8.793000
25.716	8.793000
25.716	8.927000
26.021	8.927000
26.021	9.194000
26.322	9.194000
26.322	9.896000
26.623	9.896000
26.623	7.449000
26.969	7.449000
26.969	8.464000
27.315	8.464000
27.315	8.716000
27.617	8.716000
27.617	9.666000
27.92	9.666000
27.92	7.188000
28.229	7.188000
28.229	8.596000
28.538	8.596000
28.538	8.099000
28.846	8.099000
28.846	6.863000
29.157	6.863000
29.157	9.210000
29.498	9.210000
29.498	6.976000
29.81	6.976000
29.81	9.122000
30.122	9.122000
30.122	9.615000
30.432	9.615000
30.432	7.577000
30.742	7.577000
30.742	7.270000
31.088	7.270000
31.088	8.512000
31.434	8.512000
31.434	7.301000
31.738	7.301000
31.738	8.816000
32.042	8.816000
32.042	8.369000
32.348	8.369000
32.348	8.262000
32.654	8.262000
32.654	7.504000
33.006	7.504000
33.006	6.219000
33.358	6.219000
33.358	9.176000
33.667	9.176000
33.667	8.449000
34.014	8.449000
34.014	7.567000
34.361	7.567000
34.361	8.393000
34.698	8.393000
34.698	9.513000
35.005	9.513000
35.005	9.970000
35.312	9.970000
35.312	9.272000
35.616	9.272000
35.616	8.794000
35.958	8.794000
35.958	8.981000
36.3	8.981000
36.3	9.303000
36.612	9.303000
36.612	9.152000
36.915	9.152000
36.915	9.614000
37.217	9.614000
37.217	8.505000
37.522	8.505000
37.522	8.131000
37.832	8.131000
37.832	9.083000
38.142	9.083000
38.142	6.067000
38.459	6.067000
38.459	6.149000
38.776	6.149000
38.776	6.668000
39.086	6.668000
39.086	6.830000
39.396	6.830000
39.396	8.627000
39.699	8.627000
39.699	7.892000
40.002	7.892000
40.002	8.999000
40.345	8.999000
40.345	7.750000
40.66	7.750000
40.66	8.332000
40.975	8.332000
40.975	7.491000
41.28	7.491000
41.28	9.268000
41.587	9.268000
41.587	9.610000
41.894	9.610000
41.894	8.778000
42.233	8.778000
42.233	8.496000
42.55	8.496000
42.55	8.421000
42.867	8.421000
42.867	7.423000
43.179	7.423000
43.179	8.376000
43.491	8.376000
43.491	8.049000
43.844	8.049000
43.844	9.369000
44.197	9.369000
44.197	7.271000
44.512	7.271000
44.512	8.101000
44.827	8.101000
44.827	8.448000
45.178	8.448000
45.178	8.302000
45.529	8.302000
45.529	8.339000
45.839	8.339000
45.839	7.548000
46.151	7.548000
46.151	9.111000
46.464	9.111000
46.464	9.303000
46.773	9.303000
46.773	8.868000
47.082	8.868000
47.082	9.573000
47.392	9.573000
47.392	8.066000
47.744	8.066000
47.744	8.297000
48.096	8.297000
48.096	8.786000
48.409	8.786000
48.409	8.494000
48.722	8.494000
48.722	9.772000
49.053	9.772000
49.053	9.851000
49.371	9.851000
49.371	8.219000
49.689	8.219000
49.689	6.010000
50.005	6.010000
50.005	7.624000
50.321	7.624000
50.321	9.388000
50.67	9.388000
50.67	6.344000
51.019	6.344000
51.019	9.974000
51.357	9.974000
51.357	9.464000
51.695	9.464000
51.695	7.759000
52.006	7.759000
52.006	9.380000
52.317	9.380000
52.317	6.373000
52.636	6.373000
52.636	7.936000
52.955	7.936000
52.955	7.961000
53.305	7.961000
53.305	8.295000
53.655	8.295000
53.655	9.947000
53.966	9.947000
53.966	8.869000
54.277	8.869000
54.277	9.930000
54.59	9.930000
54.59	9.128000
54.903	9.128000
54.903	9.145000
55.214	9.145000
55.214	9.461000
55.529	9.461000
55.529	9.074000
55.844	9.074000
55.844	8.989000
56.114	8.989000
56.114	5.561000
56.431	5.561000
56.431	8.263000
56.748	8.263000
56.748	9.364000
57.012	9.364000
57.012	8.168000
57.276	8.168000
57.276	8.536000
57.546	8.536000
57.546	7.024000
57.816	7.024000
57.816	7.980000
58.108	7.980000
58.108	7.622000
58.4	7.622000
58.4	9.877000
58.701	9.877000
58.701	6.992000
59.002	6.992000
59.002	9.706000
59.315	9.706000
59.315	9.000000
59.628	9.000000
59.628	9.223000
59.938	9.223000
59.938	8.584000
60.248	8.584000
60.248	7.756000
60.556	7.756000
60.556	8.132000
60.864	8.132000
60.864	9.904000
61.176	9.904000
61.176	9.743000
61.488	9.743000
61.488	9.763000
61.828	9.763000
61.828	8.969000
62.168	8.969000
62.168	5.485000
62.485	5.485000
62.485	7.957000
62.802	7.957000
62.802	8.764000
63.148	8.764000
63.148	8.166000
63.494	8.166000
63.494	9.481000
63.806	9.481000
63.806	8.762000
64.118	8.762000
64.118	8.383000
64.421	8.383000
64.421	9.359000
64.73	9.359000
64.73	8.684000
65.039	8.684000
65.039	6.850000
65.351	6.850000
65.351	8.153000
65.663	8.153000
65.663	9.275000
65.962	9.275000
65.962	8.746000
66.269	8.746000
66.269	8.579000
66.576	8.579000
66.576	8.581000
66.883	8.581000
66.883	7.637000
67.189	7.637000
67.189	5.825000
67.501	5.825000
67.501	8.698000
67.813	8.698000
67.813	9.665000
68.154	9.665000
68.154	9.174000
68.495	9.174000
68.495	7.969000
68.805	7.969000
68.805	9.166000
69.115	9.166000
69.115	9.035000
69.433	9.035000
69.433	9.080000
69.751	9.080000
69.751	8.693000
70.068	8.693000
70.068	7.390000
70.385	7.390000
70.385	7.936000
70.737	7.936000
70.737	7.376000
71.089	7.376000
71.089	7.745000
71.398	7.745000
71.398	9.091000
71.707	9.091000
71.707	9.230000
72.02	9.230000
72.02	9.464000
72.336	9.464000
72.336	8.838000
72.649	8.838000
72.649	9.774000
72.962	9.774000
72.962	5.932000
73.275	5.932000
73.275	7.605000
73.588	7.605000
73.588	7.973000
73.896	7.973000
73.896	8.645000
74.204	8.645000
74.204	9.415000
74.513	9.415000
74.513	9.101000
74.821	9.101000
74.821	8.436000
75.167	8.436000
75.167	8.348000
75.475	8.348000
75.475	8.767000
75.783	8.767000
75.783	8.994000
76.094	8.994000
76.094	8.600000
76.402	8.600000
76.402	8.749000
76.71	8.749000
76.71	8.864000
77.029	8.864000
77.029	7.310000
77.347	7.310000
77.347	6.454000
77.664	6.454000
77.664	7.625000
77.981	7.625000
77.981	8.740000
78.332	8.740000
78.332	8.486000
78.643	8.486000
78.643	8.790000
78.954	8.790000
78.954	9.206000
79.261	9.206000
79.261	9.463000
79.568	9.463000
79.568	8.838000
79.874	8.838000
79.874	8.113000
80.18	8.113000
80.18	9.409000
80.487	9.409000
80.487	9.392000
80.8	9.392000
80.8	8.554000
81.113	8.554000
81.113	9.443000
81.43	9.443000
81.43	7.913000
81.747	7.913000
81.747	6.709000
82.055	6.709000
82.055	6.106000
82.363	6.106000
82.363	9.991000
82.709	9.991000
82.709	9.156000
83.054	9.156000
83.054	7.090000
83.367	7.090000
83.367	7.259000
83.68	7.259000
83.68	9.520000
84.019	9.520000
84.019	7.936000
84.358	7.936000
84.358	9.773000
84.7	9.773000
84.7	8.937000
85.042	8.937000
85.042	7.998000
85.353	7.998000
85.353	7.497000
85.664	7.497000
85.664	9.333000
85.975	9.333000
85.975	7.812000
86.287	7.812000
86.287	7.542000
86.637	7.542000
86.637	7.429000
86.987	7.429000
86.987	0.281000
87.088	0.281000
87.088	0.127000
87.189	0.127000
87.189	9.300000
87.504	9.300000
87.504	7.991000
87.855	7.991000
87.855	7.130000
88.206	7.130000
88.206	9.367000
88.511	9.367000
88.511	9.792000
88.816	9.792000
88.816	7.773000
89.131	7.773000
89.131	8.784000
89.446	8.784000
89.446	7.213000
89.797	7.213000
89.797	8.067000
90.148	8.067000
90.148	7.265000
90.466	7.265000
90.466	8.414000
90.784	8.414000
90.784	8.868000
91.092	8.868000
91.092	9.894000
91.4	9.894000
91.4	8.759000
91.712	8.759000
91.712	8.597000
92.024	8.597000
92.024	9.307000
92.37	9.307000
92.37	8.698000
92.705	8.698000
92.705	8.994000
93.04	8.994000
93.04	8.702000
93.35	8.702000
93.35	9.587000
93.66	9.587000
93.66	7.814000
93.976	7.814000
93.976	8.971000
94.292	8.971000
94.292	9.642000
94.611	9.642000
94.611	9.184000
94.93	9.184000
94.93	9.663000
95.27	9.663000
95.27	9.285000
95.61	9.285000
95.61	6.084000
95.918	6.084000
95.918	8.553000
96.226	8.553000
96.226	7.883000
96.568	7.883000
96.568	8.857000
96.91	8.857000
96.91	9.711000
97.221	9.711000
97.221	6.460000
97.532	6.460000
97.532	9.011000
97.841	9.011000
97.841	9.822000
98.15	9.822000
98.15	8.776000
98.453	8.776000
98.453	9.330000
98.756	9.330000
98.756	8.345000
99.065	8.345000
99.065	7.216000
99.377	7.216000
99.377	7.752000
99.689	7.752000
99.689	8.792000
99.998	8.792000
99.998	8.740000
100.307	8.740000
100.307	8.987000
100.61	8.987000
100.61	9.559000
100.913	9.559000
100.913	7.529000
101.219	7.529000
101.219	9.004000
101.536	9.004000
101.536	9.846000
101.853	9.846000
101.853	8.804000
102.125	8.804000
102.125	7.935000
102.471	7.935000
102.471	7.844000
102.817	7.844000
102.817	9.114000
103.091	9.114000
103.091	8.655000
103.395	8.655000
103.395	9.097000
103.699	9.097000
103.699	9.359000
103.973	9.359000
103.973	9.858000
104.247	9.858000
104.247	9.155000
104.55	9.155000
104.55	9.243000
104.863	9.243000
104.863	7.699000
105.176	7.699000
105.176	0.000000
105.176	0.000000
105.176	7.106000
105.493	7.106000
105.493	0.000000
105.493	0.000000
105.493	0.000000
105.493	0.000000
105.493	0.000000
105.493	0.000000
105.493	0.000000
105.493	0.000000
105.493	7.478000
105.811	7.478000
105.811	0.000000
105.811	0.000000
105.811	0.153000
105.912	0.153000
105.912	0.000000
105.912	0.000000
105.912	7.313000
106.262	7.313000
106.262	0.000000
106.262	0.000000
106.262	0.000000
106.262	0.000000
106.262	0.177000
106.363	0.177000
106.363	9.300000
106.679	9.300000
106.679	9.437000
106.995	9.437000
106.995	8.090000
107.304	8.090000
107.304	8.604000
107.614	8.604000
107.614	8.085000
107.92	8.085000
107.92	9.124000
108.226	9.124000
108.226	8.860000
108.573	8.860000
108.573	6.030000
108.92	6.030000
108.92	9.679000
109.225	9.679000
109.225	9.594000
109.53	9.594000
109.53	9.926000
109.868	9.926000
109.868	9.446000
110.207	9.446000
110.207	9.081000
110.511	9.081000
110.511	9.365000
110.816	9.365000
110.816	7.132000
111.169	7.132000
111.169	9.870000
111.522	9.870000
111.522	9.377000
111.826	9.377000
111.826	9.650000
112.13	9.650000
112.13	8.431000
112.477	8.431000
112.477	9.233000
112.824	9.233000
112.824	9.687000
113.131	9.687000
113.131	8.462000
113.438	8.462000
113.438	9.030000
113.752	9.030000
113.752	9.693000
114.066	9.693000
114.066	9.806000
114.376	9.806000
114.376	9.738000
114.686	9.738000
114.686	9.126000
115.001	9.126000
115.001	9.821000
115.316	9.821000
115.316	8.379000
115.632	8.379000
115.632	7.519000
115.948	7.519000
115.948	8.209000
116.261	8.209000
116.261	8.355000
116.577	8.355000
116.577	8.415000
116.893	8.415000
116.893	7.905000
117.206	7.905000
117.206	8.509000
117.519	8.509000
117.519	6.788000
117.868	6.788000
117.868	8.320000
118.217	8.320000
118.217	9.339000
118.532	9.339000
118.532	7.203000
118.846	7.203000
118.846	7.243000
119.16	7.243000
119.16	9.330000
119.501	9.330000
119.501	9.059000
119.842	9.059000
119.842	8.498000
120.159	8.498000
120.159	9.328000
120.476	9.328000
120.476	8.477000
120.79	8.477000
120.79	6.960000
121.1	6.960000
121.1	7.834000
121.409	7.834000
121.409	7.008000
121.724	7.008000
121.724	8.717000
122.039	8.717000
122.039	8.624000
122.385	8.624000
122.385	5.841000
122.732	5.841000
122.732	7.231000
123.079	7.231000
123.079	9.797000
123.388	9.797000
123.388	8.501000
123.741	8.501000
123.741	7.212000
124.094	7.212000
124.094	8.959000
124.407	8.959000
124.407	9.522000
124.72	9.522000
124.72	7.222000
125.037	7.222000
125.037	6.988000
125.354	6.988000
125.354	8.854000
125.666	8.854000
125.666	9.438000
125.978	9.438000
125.978	9.069000
126.287	9.069000
126.287	8.463000
126.596	8.463000
126.596	7.808000
126.903	7.808000
126.903	9.131000
127.21	9.131000
127.21	9.655000
127.521	9.655000
127.521	7.715000
127.832	7.715000
127.832	8.639000
128.138	8.639000
128.138	6.703000
128.444	6.703000
128.444	8.704000
128.754	8.704000
128.754	9.985000
129.058	9.985000
129.058	9.681000
129.362	9.681000
129.362	8.100000
129.67	8.100000
129.67	8.639000
129.984	8.639000
129.984	8.779000
130.298	8.779000
130.298	6.980000
130.615	6.980000
130.615	8.930000
130.932	8.930000
130.932	9.008000
131.247	9.008000
131.247	7.254000
131.562	7.254000
131.562	9.126000
131.876	9.126000
131.876	9.306000
132.19	9.306000
132.19	6.785000
132.497	6.785000
132.497	9.018000
132.805	9.018000
132.805	7.507000
133.144	7.507000
133.144	6.875000
133.483	6.875000
133.483	8.889000
133.827	8.889000
133.827	7.945000
134.171	7.945000
134.171	9.695000
134.506	9.695000
134.506	7.350000
134.841	7.350000
134.841	8.157000
135.184	8.157000
135.184	8.167000
135.527	8.167000
135.527	8.523000
135.837	8.523000
135.837	9.507000
136.149	9.507000
136.149	7.811000
136.459	7.811000
136.459	8.094000
136.769	8.094000
136.769	7.411000
137.072	7.411000
137.072	9.236000
137.375	9.236000
137.375	7.156000
137.717	7.156000
137.717	6.467000
138.059	6.467000
138.059	9.315000
138.366	9.315000
138.366	6.316000
138.677	6.316000
138.677	7.274000
138.988	7.274000
138.988	9.560000
139.293	9.560000
139.293	9.795000
139.598	9.795000
139.598	9.211000
139.909	9.211000
139.909	8.411000
140.252	8.411000
140.252	9.627000
140.556	9.627000
140.556	9.480000
140.86	9.480000
140.86	8.869000
141.17	8.869000
141.17	9.036000
141.476	9.036000
141.476	9.539000
141.782	9.539000
141.782	8.611000
142.087	8.611000
142.087	7.649000
142.392	7.649000
142.392	9.297000
142.691	9.297000
142.691	7.077000
143.002	7.077000
143.002	6.706000
143.313	6.706000
143.313	7.781000
143.665	7.781000
143.665	7.542000
144.016	7.542000
144.016	8.531000
144.325	8.531000
144.325	9.043000
144.634	9.043000
144.634	9.315000
144.919	9.315000
144.919	9.119000
145.205	9.119000
145.205	9.622000
145.546	9.622000
145.546	9.998000
145.887	9.998000
145.887	8.304000
146.154	8.304000
146.154	6.843000
146.422	6.843000
146.422	8.298000
146.693	8.298000
146.693	9.186000
147.005	9.186000
147.005	9.607000
147.317	9.607000
147.317	7.848000
147.617	7.848000
147.617	9.419000
147.917	9.419000
147.917	7.875000
148.223	7.875000
148.223	7.602000
148.53	7.602000
148.53	9.017000
148.835	9.017000
148.835	9.609000
149.14	9.609000
149.14	9.195000
149.471	9.195000
149.471	8.124000
149.803	8.124000
149.803	9.574000
150.111	9.574000
150.111	8.137000
150.429	8.137000
150.429	6.763000
150.747	6.763000
150.747	6.743000
151.096	6.743000
151.096	7.340000
151.445	7.340000
151.445	8.832000
151.793	8.832000
151.793	8.718000
152.106	8.718000
152.106	7.053000
152.419	7.053000
152.419	8.806000
152.734	8.806000
152.734	7.886000
153.049	7.886000
153.049	9.930000
153.36	9.930000
153.36	8.419000
153.671	8.419000
153.671	9.298000
153.947	9.298000
153.947	7.104000
154.223	7.104000
154.223	7.575000
154.499	7.575000
154.499	8.325000
154.775	8.325000
154.775	6.757000
155.08	6.757000
155.08	6.669000
155.385	6.669000
155.385	9.396000
155.694	9.396000
155.694	8.592000
156.003	8.592000
156.003	9.659000
156.312	9.659000
156.312	8.169000
156.621	8.169000
156.621	7.214000
156.938	7.214000
156.938	7.205000
157.255	7.205000
157.255	7.886000
157.57	7.886000
157.57	8.099000
157.885	8.099000
157.885	7.352000
158.195	7.352000
158.195	7.775000
158.5	7.775000
158.5	7.741000
158.808	7.741000
158.808	9.543000
159.12	9.543000
159.12	7.230000
159.432	7.230000
159.432	8.444000
159.778	8.444000
159.778	6.097000
160.055	6.097000
160.055	6.854000
160.332	6.854000
160.332	8.156000
160.629	8.156000
160.629	9.319000
160.901	9.319000
160.901	8.163000
161.173	8.163000
161.173	6.640000
161.491	6.640000
161.491	6.365000
161.809	6.365000
161.809	8.268000
162.157	8.268000
162.157	9.123000
162.468	9.123000
162.468	8.788000
162.779	8.788000
162.779	9.504000
163.084	9.504000
163.084	9.305000
163.394	9.305000
163.394	8.296000
163.699	8.296000
163.699	8.283000
164.004	8.283000
164.004	8.966000
164.313	8.966000
164.313	7.718000
164.659	7.718000
164.659	8.973000
165.005	8.973000
165.005	9.509000
165.344	9.509000
165.344	9.091000
165.69	9.091000
165.69	8.034000
166.036	8.034000
166.036	7.380000
166.338	7.380000
166.338	4.741000
166.685	4.741000
166.685	7.756000
167.032	7.756000
167.032	9.068000
167.348	9.068000
167.348	6.648000
167.662	6.648000
167.662	6.940000
167.976	6.940000
167.976	6.602000
168.287	6.602000
168.287	9.064000
168.6	9.064000
168.6	7.827000
168.913	7.827000
168.913	9.472000
169.225	9.472000
169.225	8.114000
169.543	8.114000
169.543	7.173000
169.861	7.173000
169.861	7.298000
170.179	7.298000
170.179	7.342000
170.497	7.342000
170.497	7.442000
170.801	7.442000
170.801	9.324000
171.105	9.324000
171.105	7.907000
171.458	7.907000
171.458	7.158000
171.811	7.158000
171.811	9.342000
172.155	9.342000
172.155	8.282000
172.503	8.282000
172.503	7.928000
172.812	7.928000
172.812	9.343000
173.121	9.343000
173.121	9.003000
173.436	9.003000
173.436	8.461000
173.741	8.461000
173.741	8.065000
174.046	8.065000
174.046	7.771000
174.361	7.771000
174.361	7.193000
174.676	7.193000
174.676	8.858000
174.989	8.858000
174.989	9.467000
175.302	9.467000
175.302	6.724000
175.647	6.724000
175.647	8.967000
175.992	8.967000
175.992	7.208000
176.342	7.208000
176.342	7.300000
176.692	7.300000
176.692	7.826000
176.999	7.826000
176.999	9.637000
177.306	9.637000
177.306	9.125000
177.611	9.125000
177.611	7.851000
177.919	7.851000
177.919	6.645000
178.227	6.645000
178.227	7.175000
178.572	7.175000
178.572	8.341000
178.917	8.341000
178.917	8.949000
179.229	8.949000
179.229	8.684000
179.541	8.684000
179.541	9.972000
179.858	9.972000
179.858	8.294000
180.206	8.294000
180.206	8.077000
180.512	8.077000
180.512	6.565000
180.818	6.565000
180.818	7.130000
181.121	7.130000
181.121	8.380000
181.424	8.380000
181.424	5.256000
181.738	5.256000
181.738	7.598000
182.052	7.598000
182.052	8.719000
182.363	8.719000
182.363	7.811000
182.673	7.811000
182.673	9.464000
182.981	9.464000
182.981	8.171000
183.289	8.171000
183.289	8.832000
183.597	8.832000
183.597	8.172000
183.905	8.172000
183.905	9.673000
184.221	9.673000
184.221	9.254000
184.537	9.254000
184.537	9.284000
184.845	9.284000
184.845	8.506000
185.153	8.506000
185.153	9.048000
185.463	9.048000
185.463	9.035000
185.773	9.035000
185.773	8.291000
186.125	8.291000
186.125	6.874000
186.477	6.874000
186.477	8.096000
186.796	8.096000
186.796	8.267000
187.107	8.267000
187.107	8.795000
187.417	8.795000
187.417	8.919000
187.722	8.919000
187.722	8.385000
188.027	8.385000
188.027	8.762000
188.337	8.762000
188.337	7.738000
188.647	7.738000
188.647	9.769000
188.991	9.769000
188.991	9.243000
189.335	9.243000
189.335	8.597000
189.685	8.597000
189.685	8.983000
190.035	8.983000
190.035	8.448000
190.374	8.448000
190.374	9.457000
190.713	9.457000
190.713	8.674000
191.063	8.674000
191.063	9.477000
191.413	9.477000
191.413	8.710000
191.724	8.710000
191.724	8.058000
192.035	8.058000
192.035	8.018000
192.347	8.018000
192.347	9.415000
192.659	9.415000
192.659	8.704000
192.966	8.704000
192.966	8.121000
193.273	8.121000
193.273	9.194000
193.588	9.194000
193.588	8.053000
193.903	8.053000
