0.0	5.392000
0.316	5.392000
0.316	5.605000
0.632	5.605000
0.632	5.448000
0.948	5.448000
0.948	6.751000
1.3	6.751000
1.3	6.546000
1.651	6.546000
1.651	6.677000
2.001	6.677000
2.001	7.126000
2.352	7.126000
2.352	7.161000
2.702	7.161000
2.702	7.014000
3.052	7.014000
3.052	7.024000
3.403	7.024000
3.403	6.915000
3.754	6.915000
3.754	6.998000
4.105	6.998000
4.105	6.026000
4.422	6.026000
4.422	6.378000
4.739	6.378000
4.739	6.101000
5.055	6.101000
5.055	6.918000
5.403	6.918000
5.403	6.833000
5.751	6.833000
5.751	6.829000
6.101	6.829000
6.101	6.659000
6.417	6.659000
6.417	6.525000
6.732	6.525000
6.732	6.561000
7.047	6.561000
7.047	6.345000
7.398	6.345000
7.398	6.615000
7.748	6.615000
7.748	6.380000
8.099	6.380000
8.099	6.896000
8.45	6.896000
8.45	6.919000
8.799	6.919000
8.799	6.852000
9.15	6.852000
9.15	7.677000
9.502	7.677000
9.502	7.414000
9.852	7.414000
9.852	7.534000
10.203	7.534000
10.203	6.031000
10.552	6.031000
10.552	6.210000
10.902	6.210000
10.902	6.153000
11.251	6.153000
11.251	6.016000
11.566	6.016000
11.566	6.009000
11.883	6.009000
11.883	5.885000
12.2	5.885000
12.2	6.448000
12.516	6.448000
12.516	6.671000
12.832	6.671000
12.832	6.270000
13.146	6.270000
13.146	6.912000
13.497	6.912000
13.497	7.103000
13.846	7.103000
13.846	6.930000
14.195	6.930000
14.195	6.706000
14.512	6.706000
14.512	6.582000
14.828	6.582000
14.828	6.638000
15.145	6.638000
15.145	6.272000
15.46	6.272000
15.46	6.191000
15.776	6.191000
15.776	6.203000
16.091	6.203000
16.091	6.170000
16.44	6.170000
16.44	6.451000
16.791	6.451000
16.791	6.233000
17.14	6.233000
17.14	6.114000
17.455	6.114000
17.455	5.975000
17.77	5.975000
17.77	6.096000
18.085	6.096000
18.085	6.256000
18.436	6.256000
18.436	6.054000
18.788	6.054000
18.788	6.180000
19.14	6.180000
19.14	5.985000
19.456	5.985000
19.456	5.976000
19.772	5.976000
19.772	6.110000
20.087	6.110000
20.087	6.431000
20.438	6.431000
20.438	6.499000
20.787	6.499000
20.787	6.430000
21.138	6.430000
21.138	6.831000
21.454	6.831000
21.454	6.769000
21.769	6.769000
21.769	6.674000
22.082	6.674000
22.082	7.005000
22.397	7.005000
22.397	6.848000
22.713	6.848000
22.713	6.905000
23.028	6.905000
23.028	6.043000
23.342	6.043000
23.342	6.339000
23.658	6.339000
23.658	6.023000
23.974	6.023000
23.974	6.280000
24.29	6.280000
24.29	6.239000
24.607	6.239000
24.607	6.283000
24.922	6.283000
24.922	8.116000
25.239	8.116000
25.239	7.617000
25.554	7.617000
25.554	7.899000
25.869	7.899000
25.869	8.922000
26.224	8.922000
26.224	9.156000
26.577	9.156000
26.577	9.050000
26.933	9.050000
26.933	6.998000
27.284	6.998000
27.284	6.909000
27.636	6.909000
27.636	6.948000
27.987	6.948000
27.987	6.016000
28.301	6.016000
28.301	5.997000
28.617	5.997000
28.617	5.914000
28.931	5.914000
28.931	6.685000
29.249	6.685000
29.249	6.807000
29.564	6.807000
29.564	6.998000
29.88	6.998000
29.88	6.454000
30.193	6.454000
30.193	6.391000
30.507	6.391000
30.507	6.416000
30.821	6.416000
30.821	7.171000
31.173	7.171000
31.173	7.004000
31.522	7.004000
31.522	6.963000
31.871	6.963000
31.871	6.584000
32.189	6.584000
32.189	6.898000
32.505	6.898000
32.505	6.713000
32.822	6.713000
32.822	7.501000
33.139	7.501000
33.139	7.378000
33.454	7.378000
33.454	7.337000
33.769	7.337000
33.769	7.903000
34.084	7.903000
34.084	7.758000
34.398	7.758000
34.398	7.850000
34.712	7.850000
34.712	7.230000
35.065	7.230000
35.065	7.047000
35.417	7.047000
35.417	7.085000
35.77	7.085000
35.77	6.793000
36.12	6.793000
36.12	6.939000
36.468	6.939000
36.468	7.074000
36.818	7.074000
36.818	6.390000
37.168	6.390000
37.168	6.288000
37.519	6.288000
37.519	6.271000
37.87	6.271000
37.87	6.880000
38.221	6.880000
38.221	6.716000
38.573	6.716000
38.573	6.780000
38.924	6.780000
38.924	6.044000
39.242	6.044000
39.242	6.292000
39.56	6.292000
39.56	6.165000
39.876	6.165000
39.876	6.300000
40.19	6.300000
40.19	6.364000
40.507	6.364000
40.507	6.096000
40.822	6.096000
40.822	7.411000
41.136	7.411000
41.136	7.256000
41.452	7.256000
41.452	7.275000
41.768	7.275000
41.768	5.923000
42.084	5.923000
42.084	5.986000
42.401	5.986000
42.401	5.954000
42.717	5.954000
42.717	6.187000
43.07	6.187000
43.07	6.212000
43.422	6.212000
43.422	6.269000
43.773	6.269000
43.773	5.460000
44.088	5.460000
44.088	5.397000
44.403	5.397000
44.403	5.403000
44.718	5.403000
44.718	5.907000
45.034	5.907000
45.034	5.865000
45.349	5.865000
45.349	5.903000
45.665	5.903000
45.665	9.888000
46.012	9.888000
46.012	9.967000
46.36	9.967000
46.36	6.194000
46.676	6.194000
46.676	6.163000
46.991	6.163000
46.991	6.200000
47.302	6.200000
47.302	6.136000
47.604	6.136000
47.604	6.193000
47.907	6.193000
47.907	6.170000
48.21	6.170000
48.21	5.870000
48.527	5.870000
48.527	5.893000
48.842	5.893000
48.842	5.875000
49.158	5.875000
49.158	5.522000
49.476	5.522000
49.476	5.500000
49.792	5.500000
49.792	5.523000
50.109	5.523000
50.109	5.930000
50.426	5.930000
50.426	5.866000
50.74	5.866000
50.74	5.874000
51.056	5.874000
51.056	5.112000
51.372	5.112000
51.372	5.116000
51.687	5.116000
51.687	5.150000
52.003	5.150000
52.003	6.072000
52.353	6.072000
52.353	6.067000
52.704	6.067000
52.704	6.069000
53.055	6.069000
53.055	5.750000
53.404	5.750000
53.404	5.784000
53.754	5.784000
53.754	5.780000
54.104	5.780000
54.104	5.641000
54.421	5.641000
54.421	5.621000
54.738	5.621000
54.738	5.622000
55.053	5.622000
55.053	5.859000
55.369	5.859000
55.369	5.852000
55.686	5.852000
55.686	5.804000
56.003	5.804000
56.003	6.894000
56.355	6.894000
56.355	6.781000
56.706	6.781000
56.706	6.752000
57.058	6.752000
57.058	6.338000
57.373	6.338000
57.373	6.308000
57.689	6.308000
57.689	6.247000
58.002	6.247000
58.002	5.951000
58.319	5.951000
58.319	5.889000
58.636	5.889000
58.636	5.907000
58.953	5.907000
58.953	6.431000
59.272	6.431000
59.272	6.369000
59.59	6.369000
59.59	6.363000
59.908	6.363000
59.908	6.257000
60.222	6.257000
60.222	6.343000
60.538	6.343000
60.538	6.334000
60.853	6.334000
60.853	6.649000
61.167	6.649000
61.167	6.675000
61.481	6.675000
61.481	6.665000
61.796	6.665000
61.796	5.548000
62.112	5.548000
62.112	5.508000
62.428	5.508000
62.428	5.575000
62.744	5.575000
62.744	6.181000
63.058	6.181000
63.058	6.209000
63.375	6.209000
63.375	6.181000
63.69	6.181000
63.69	6.853000
64.005	6.853000
64.005	6.866000
64.321	6.866000
64.321	6.915000
64.637	6.915000
64.637	5.827000
64.953	5.827000
64.953	5.890000
65.269	5.890000
65.269	5.827000
65.584	5.827000
65.584	6.115000
65.899	6.115000
65.899	6.072000
66.215	6.072000
66.215	6.038000
66.529	6.038000
66.529	7.551000
66.879	7.551000
66.879	7.473000
67.23	7.473000
67.23	7.463000
67.58	7.463000
67.58	6.511000
67.897	6.511000
67.897	6.478000
68.213	6.478000
68.213	6.417000
68.529	6.417000
68.529	6.227000
68.843	6.227000
68.843	6.194000
69.159	6.194000
69.159	6.221000
69.474	6.221000
69.474	5.764000
69.791	5.764000
69.791	5.782000
70.106	5.782000
70.106	5.766000
70.423	5.766000
70.423	8.648000
70.737	8.648000
70.737	8.592000
71.052	8.592000
71.052	8.705000
71.367	8.705000
71.367	7.218000
71.719	7.218000
71.719	7.241000
72.067	7.241000
72.067	7.214000
72.419	7.214000
72.419	6.098000
72.735	6.098000
72.735	6.115000
73.051	6.115000
73.051	6.059000
73.366	6.059000
73.366	6.065000
73.681	6.065000
73.681	6.037000
73.996	6.037000
73.996	6.048000
74.311	6.048000
74.311	6.485000
74.628	6.485000
74.628	6.480000
74.942	6.480000
74.942	6.446000
75.258	6.446000
75.258	6.004000
75.575	6.004000
75.575	6.101000
75.89	6.101000
75.89	6.002000
76.206	6.002000
76.206	6.123000
76.521	6.123000
76.521	6.145000
76.837	6.145000
76.837	6.154000
77.152	6.154000
77.152	7.155000
77.471	7.155000
77.471	7.158000
77.79	7.158000
77.79	7.085000
78.109	7.085000
78.109	5.599000
78.425	5.599000
78.425	5.591000
78.741	5.591000
78.741	5.562000
79.056	5.562000
79.056	5.630000
79.372	5.630000
79.372	5.636000
79.687	5.636000
79.687	5.673000
80.001	5.673000
80.001	6.237000
80.319	6.237000
80.319	6.222000
80.637	6.222000
80.637	6.215000
80.955	6.215000
80.955	5.707000
81.269	5.707000
81.269	5.706000
81.584	5.706000
81.584	5.693000
81.9	5.693000
81.9	5.703000
82.214	5.703000
82.214	5.653000
82.527	5.653000
82.527	5.665000
82.841	5.665000
82.841	7.312000
83.156	7.312000
83.156	7.291000
83.47	7.291000
83.47	7.270000
83.783	7.270000
83.783	5.208000
84.1	5.208000
84.1	5.178000
84.416	5.178000
84.416	5.140000
84.732	5.140000
84.732	6.259000
85.05	6.259000
85.05	6.263000
85.366	6.263000
85.366	6.274000
85.681	6.274000
85.681	5.884000
85.996	5.884000
85.996	5.934000
86.312	5.934000
86.312	5.911000
86.629	5.911000
86.629	5.494000
86.981	5.494000
86.981	5.469000
87.333	5.469000
87.333	5.413000
87.682	5.413000
87.682	5.626000
87.995	5.626000
87.995	5.608000
88.31	5.608000
88.31	5.596000
88.625	5.596000
88.625	7.982000
88.941	7.982000
88.941	8.017000
89.256	8.017000
89.256	8.061000
89.572	8.061000
89.572	8.546000
89.921	8.546000
89.921	8.606000
90.27	8.606000
90.27	8.447000
90.618	8.447000
90.618	7.334000
90.935	7.334000
90.935	7.094000
91.251	7.094000
91.251	7.107000
91.567	7.107000
91.567	8.866000
91.885	8.866000
91.885	8.932000
92.203	8.932000
92.203	8.817000
92.521	8.817000
92.521	5.516000
92.837	5.516000
92.837	5.507000
93.15	5.507000
93.15	5.486000
93.466	5.486000
93.466	7.013000
93.782	7.013000
93.782	6.997000
94.098	6.997000
94.098	6.971000
94.411	6.971000
94.411	5.754000
94.728	5.754000
94.728	5.771000
95.044	5.771000
95.044	5.751000
95.36	5.751000
95.36	6.134000
95.675	6.134000
95.675	6.117000
95.991	6.117000
95.991	6.108000
96.308	6.108000
96.308	5.991000
96.66	5.991000
96.66	6.057000
97.011	6.057000
97.011	6.022000
97.363	6.022000
97.363	7.113000
97.68	7.113000
97.68	7.124000
97.998	7.124000
97.998	7.066000
98.314	7.066000
98.314	6.872000
98.626	6.872000
98.626	6.803000
98.941	6.803000
98.941	6.856000
99.257	6.856000
99.257	6.292000
99.571	6.292000
99.571	6.280000
99.888	6.280000
99.888	6.230000
100.2	6.230000
100.2	6.148000
100.518	6.148000
100.518	6.125000
100.836	6.125000
100.836	6.099000
101.154	6.099000
101.154	5.514000
101.47	5.514000
101.47	5.410000
101.785	5.410000
101.785	5.477000
102.101	5.477000
102.101	6.503000
102.418	6.503000
102.418	6.439000
102.734	6.439000
102.734	6.476000
103.05	6.476000
103.05	7.089000
103.367	7.089000
103.367	7.085000
103.684	7.085000
103.684	7.053000
104.001	7.053000
104.001	6.186000
104.318	6.186000
104.318	6.235000
104.635	6.235000
104.635	6.153000
104.949	6.153000
104.949	6.054000
105.264	6.054000
105.264	6.070000
105.581	6.070000
105.581	6.010000
105.898	6.010000
105.898	5.791000
106.249	5.791000
106.249	5.836000
106.599	5.836000
106.599	5.883000
106.948	5.883000
106.948	6.964000
107.268	6.964000
107.268	6.950000
107.587	6.950000
107.587	6.978000
107.906	6.978000
107.906	5.560000
108.221	5.560000
108.221	5.529000
108.536	5.529000
108.536	5.587000
108.852	5.587000
108.852	5.920000
109.167	5.920000
109.167	5.907000
109.484	5.907000
109.484	5.885000
109.801	5.885000
109.801	6.156000
110.119	6.156000
110.119	6.071000
110.436	6.071000
110.436	6.073000
110.753	6.073000
110.753	6.092000
111.07	6.092000
111.07	6.093000
111.387	6.093000
111.387	6.054000
111.704	6.054000
111.704	5.995000
112.021	5.995000
112.021	5.987000
112.338	5.987000
112.338	6.027000
112.654	6.027000
112.654	5.892000
112.968	5.892000
112.968	5.888000
113.283	5.888000
113.283	5.879000
113.599	5.879000
113.599	6.288000
113.917	6.288000
113.917	6.251000
114.234	6.251000
114.234	6.263000
114.551	6.263000
114.551	6.232000
114.865	6.232000
114.865	6.227000
115.179	6.227000
115.179	6.228000
115.494	6.228000
115.494	6.139000
115.81	6.139000
115.81	6.042000
116.122	6.042000
116.122	6.118000
116.437	6.118000
116.437	6.452000
116.757	6.452000
116.757	6.425000
117.077	6.425000
117.077	6.421000
117.397	6.421000
117.397	6.109000
117.713	6.109000
117.713	6.146000
118.029	6.146000
118.029	6.075000
118.343	6.075000
118.343	5.444000
118.658	5.444000
118.658	5.494000
118.973	5.494000
118.973	5.498000
119.289	5.498000
119.289	6.249000
119.602	6.249000
119.602	6.293000
119.919	6.293000
119.919	6.241000
120.233	6.241000
120.233	6.593000
120.551	6.593000
120.551	6.471000
120.866	6.471000
120.866	6.547000
121.184	6.547000
121.184	6.285000
121.5	6.285000
121.5	6.254000
121.816	6.254000
121.816	6.313000
122.132	6.313000
122.132	6.282000
122.482	6.282000
122.482	6.234000
122.832	6.234000
122.832	6.373000
123.183	6.373000
123.183	5.634000
123.499	5.634000
123.499	5.758000
123.815	5.758000
123.815	5.654000
124.13	5.654000
124.13	6.828000
124.448	6.828000
124.448	6.821000
124.766	6.821000
124.766	6.755000
125.083	6.755000
125.083	5.769000
125.396	5.769000
125.396	5.669000
125.71	5.669000
125.71	5.760000
126.026	5.760000
126.026	5.649000
126.342	5.649000
126.342	5.712000
126.656	5.712000
126.656	5.666000
126.972	5.666000
126.972	6.059000
127.287	6.059000
127.287	6.058000
127.602	6.058000
127.602	6.063000
127.918	6.063000
127.918	6.644000
128.271	6.644000
128.271	6.607000
128.624	6.607000
128.624	6.622000
128.977	6.622000
128.977	5.874000
129.293	5.874000
129.293	5.906000
129.608	5.906000
129.608	5.870000
129.923	5.870000
129.923	5.626000
130.238	5.626000
130.238	5.665000
130.554	5.665000
130.554	5.602000
130.87	5.602000
130.87	6.382000
131.188	6.382000
131.188	6.378000
131.506	6.378000
131.506	6.321000
131.824	6.321000
131.824	6.295000
132.14	6.295000
132.14	6.298000
132.455	6.298000
132.455	6.254000
132.771	6.254000
132.771	6.677000
133.086	6.677000
133.086	6.714000
133.401	6.714000
133.401	6.645000
133.718	6.645000
133.718	6.036000
134.068	6.036000
134.068	6.053000
134.418	6.053000
134.418	5.993000
134.769	5.993000
134.769	8.035000
135.087	8.035000
135.087	8.007000
135.403	8.007000
135.403	8.060000
135.719	8.060000
135.719	6.338000
136.037	6.338000
136.037	6.321000
136.355	6.321000
136.355	6.309000
136.673	6.309000
136.673	6.542000
137.026	6.542000
137.026	6.499000
137.378	6.499000
137.378	6.487000
137.73	6.487000
137.73	6.250000
138.045	6.250000
138.045	6.181000
138.36	6.181000
138.36	6.160000
138.676	6.160000
138.676	6.214000
138.991	6.214000
138.991	6.155000
139.304	6.155000
139.304	6.165000
139.619	6.165000
139.619	6.640000
139.936	6.640000
139.936	6.682000
140.252	6.682000
140.252	6.634000
140.568	6.634000
140.568	5.932000
140.883	5.932000
140.883	5.981000
141.199	5.981000
141.199	5.915000
141.514	5.915000
141.514	8.437000
141.828	8.437000
141.828	8.418000
142.141	8.418000
142.141	8.292000
142.455	8.292000
142.455	6.273000
142.769	6.273000
142.769	6.247000
143.084	6.247000
143.084	6.307000
143.399	6.307000
143.399	6.097000
143.715	6.097000
143.715	6.033000
144.031	6.033000
144.031	6.055000
144.347	6.055000
144.347	5.732000
144.662	5.732000
144.662	5.708000
144.977	5.708000
144.977	5.667000
145.292	5.667000
145.292	4.650000
145.594	4.650000
145.594	4.641000
145.895	4.641000
145.895	4.668000
146.195	4.668000
146.195	5.891000
146.512	5.891000
146.512	5.939000
146.829	5.939000
146.829	5.917000
147.146	5.917000
147.146	6.148000
147.421	6.148000
147.421	6.185000
147.697	6.185000
147.697	6.151000
147.973	6.151000
147.973	5.865000
148.291	5.865000
148.291	5.884000
148.609	5.884000
148.609	5.883000
148.926	5.883000
148.926	6.932000
149.24	6.932000
149.24	6.943000
149.552	6.943000
149.552	6.930000
149.866	6.930000
149.866	6.666000
150.181	6.666000
150.181	6.645000
150.495	6.645000
150.495	6.614000
150.811	6.614000
150.811	6.053000
151.086	6.053000
151.086	6.033000
151.361	6.033000
151.361	6.043000
151.637	6.043000
151.637	5.488000
151.987	5.488000
151.987	5.455000
152.338	5.455000
152.338	5.415000
152.689	5.415000
152.689	6.350000
153.006	6.350000
153.006	6.390000
153.322	6.390000
153.322	6.324000
153.638	6.324000
153.638	5.871000
153.913	5.871000
153.913	5.850000
154.189	5.850000
154.189	5.786000
154.465	5.786000
154.465	5.712000
154.782	5.712000
154.782	5.700000
155.099	5.700000
155.099	5.646000
155.415	5.646000
155.415	6.378000
155.733	6.378000
155.733	6.404000
156.05	6.404000
156.05	6.381000
156.369	6.381000
156.369	5.942000
156.686	5.942000
156.686	5.883000
157.002	5.883000
157.002	5.876000
157.318	5.876000
157.318	6.286000
157.634	6.286000
157.634	6.313000
157.95	6.313000
157.95	6.315000
158.266	6.315000
158.266	6.435000
158.618	6.435000
158.618	6.387000
158.971	6.387000
158.971	6.362000
159.323	6.362000
159.323	5.282000
159.639	5.282000
159.639	5.277000
159.956	5.277000
159.956	5.309000
160.272	5.309000
160.272	6.076000
160.588	6.076000
160.588	6.029000
160.903	6.029000
160.903	6.088000
161.218	6.088000
161.218	6.297000
161.536	6.297000
161.536	6.252000
161.853	6.252000
161.853	6.263000
162.169	6.263000
162.169	5.954000
162.486	5.954000
162.486	5.943000
162.803	5.943000
162.803	6.001000
163.119	6.001000
163.119	7.752000
163.437	7.752000
163.437	7.788000
163.755	7.788000
163.755	7.653000
164.072	7.653000
164.072	8.169000
164.384	8.169000
164.384	8.119000
164.696	8.119000
164.696	8.198000
165.008	8.198000
165.008	6.164000
165.323	6.164000
165.323	6.200000
165.639	6.200000
165.639	6.169000
165.955	6.169000
165.955	5.951000
166.268	5.951000
166.268	5.877000
166.583	5.877000
166.583	5.973000
166.9	5.973000
166.9	6.659000
167.251	6.659000
167.251	6.596000
167.603	6.596000
167.603	6.626000
167.955	6.626000
167.955	6.060000
168.269	6.060000
168.269	6.072000
168.583	6.072000
168.583	6.053000
168.898	6.053000
168.898	6.166000
169.213	6.166000
169.213	6.228000
169.529	6.228000
169.529	6.192000
169.846	6.192000
169.846	6.663000
170.164	6.663000
170.164	6.635000
170.482	6.635000
170.482	6.683000
170.8	6.683000
170.8	5.695000
171.116	5.695000
171.116	5.676000
171.433	5.676000
171.433	5.662000
171.75	5.662000
171.75	5.973000
172.064	5.973000
172.064	6.021000
172.381	6.021000
172.381	5.973000
172.697	5.973000
172.697	6.121000
173.012	6.121000
173.012	6.165000
173.328	6.165000
173.328	6.168000
173.644	6.168000
173.644	5.804000
173.96	5.804000
173.96	5.798000
174.276	5.798000
174.276	5.772000
174.592	5.772000
174.592	6.164000
174.909	6.164000
174.909	6.177000
175.226	6.177000
175.226	6.162000
175.543	6.162000
175.543	6.166000
175.895	6.166000
175.895	6.202000
176.248	6.202000
176.248	6.172000
176.6	6.172000
176.6	6.290000
176.952	6.290000
176.952	6.331000
177.303	6.331000
177.303	6.292000
177.655	6.292000
177.655	5.741000
177.972	5.741000
177.972	5.748000
178.288	5.748000
178.288	5.756000
178.604	5.756000
178.604	6.467000
178.922	6.467000
178.922	6.438000
179.24	6.438000
179.24	6.408000
179.557	6.408000
179.557	6.518000
179.91	6.518000
179.91	6.411000
180.261	6.411000
180.261	6.455000
180.614	6.455000
180.614	6.217000
180.93	6.217000
180.93	6.261000
181.247	6.261000
181.247	6.227000
181.563	6.227000
181.563	5.796000
181.879	5.796000
181.879	5.746000
182.196	5.746000
182.196	5.794000
182.513	5.794000
182.513	5.317000
182.828	5.317000
182.828	5.301000
183.145	5.301000
183.145	5.309000
183.461	5.309000
183.461	6.330000
183.812	6.330000
183.812	6.349000
184.163	6.349000
184.163	6.323000
184.514	6.323000
184.514	5.344000
184.826	5.344000
184.826	5.468000
185.142	5.468000
185.142	5.444000
185.456	5.444000
185.456	6.463000
185.774	6.463000
185.774	6.456000
186.09	6.456000
186.09	6.433000
186.407	6.433000
186.407	6.239000
186.724	6.239000
186.724	6.267000
187.041	6.267000
187.041	6.262000
187.358	6.262000
187.358	5.966000
187.674	5.966000
187.674	6.018000
187.99	6.018000
187.99	5.954000
188.307	5.954000
188.307	6.782000
188.626	6.782000
188.626	6.791000
188.945	6.791000
188.945	6.773000
189.263	6.773000
189.263	6.045000
189.579	6.045000
189.579	6.020000
189.895	6.020000
189.895	5.995000
190.21	5.995000
190.21	5.670000
190.527	5.670000
190.527	5.652000
190.844	5.652000
190.844	5.662000
191.161	5.662000
191.161	6.291000
191.479	6.291000
191.479	6.299000
191.797	6.299000
191.797	6.256000
192.112	6.256000
192.112	5.627000
192.428	5.627000
192.428	5.586000
192.742	5.586000
192.742	5.617000
193.058	5.617000
193.058	6.445000
193.376	6.445000
193.376	6.364000
193.693	6.364000
193.693	6.384000
194.009	6.384000
194.009	6.891000
194.361	6.891000
194.361	6.847000
194.712	6.847000
194.712	6.827000
195.063	6.827000
195.063	6.423000
195.378	6.423000
195.378	6.347000
195.694	6.347000
195.694	6.279000
196.009	6.279000
196.009	5.732000
196.359	5.732000
196.359	5.745000
196.711	5.745000
196.711	5.716000
197.063	5.716000
197.063	6.738000
197.381	6.738000
197.381	6.604000
197.697	6.604000
197.697	6.597000
198.015	6.597000
198.015	6.135000
198.365	6.135000
198.365	6.078000
198.716	6.078000
198.716	6.140000
199.066	6.140000
199.066	6.374000
199.38	6.374000
199.38	6.359000
199.697	6.359000
199.697	6.273000
200.014	6.273000
200.014	6.035000
200.331	6.035000
200.331	5.976000
200.647	5.976000
200.647	5.944000
200.965	5.944000
200.965	6.007000
201.283	6.007000
201.283	6.009000
201.601	6.009000
201.601	5.917000
201.919	5.917000
201.919	6.095000
202.235	6.095000
202.235	6.108000
202.552	6.108000
202.552	6.042000
202.869	6.042000
202.869	5.888000
203.183	5.888000
203.183	5.903000
203.498	5.903000
203.498	5.844000
203.814	5.844000
203.814	6.015000
204.129	6.015000
204.129	5.974000
204.445	5.974000
204.445	5.955000
204.762	5.955000
204.762	6.397000
205.113	6.397000
205.113	6.402000
205.464	6.402000
205.464	6.389000
205.816	6.389000
205.816	5.525000
206.133	5.525000
206.133	5.573000
206.449	5.573000
206.449	5.496000
206.765	5.496000
206.765	6.443000
207.08	6.443000
207.08	6.486000
207.393	6.486000
207.393	6.397000
207.709	6.397000
207.709	5.934000
208.024	5.934000
208.024	5.947000
208.341	5.947000
208.341	5.884000
208.656	5.884000
208.656	5.883000
208.971	5.883000
208.971	5.816000
209.285	5.816000
209.285	5.844000
209.598	5.844000
209.598	6.036000
209.95	6.036000
209.95	6.011000
210.302	6.011000
210.302	6.009000
210.653	6.009000
210.653	5.925000
210.97	5.925000
210.97	5.922000
211.287	5.922000
211.287	5.880000
211.604	5.880000
211.604	6.253000
211.92	6.253000
211.92	6.298000
212.236	6.298000
212.236	6.264000
212.553	6.264000
212.553	6.398000
212.869	6.398000
212.869	6.336000
213.185	6.336000
213.185	6.401000
213.501	6.401000
213.501	8.319000
213.853	8.319000
213.853	8.287000
214.206	8.287000
214.206	8.337000
214.558	8.337000
214.558	6.533000
214.873	6.533000
214.873	6.534000
215.189	6.534000
215.189	6.384000
215.504	6.384000
215.504	5.935000
215.819	5.935000
215.819	5.951000
216.136	5.951000
216.136	5.904000
216.453	5.904000
216.453	6.037000
216.769	6.037000
216.769	6.024000
217.086	6.024000
217.086	5.992000
217.402	5.992000
217.402	6.376000
217.719	6.376000
217.719	6.469000
218.036	6.469000
218.036	6.351000
218.353	6.351000
218.353	6.333000
218.706	6.333000
218.706	6.357000
219.058	6.357000
219.058	6.351000
219.411	6.351000
219.411	5.849000
219.726	5.849000
219.726	5.865000
220.042	5.865000
220.042	5.871000
220.356	5.871000
220.356	6.312000
220.673	6.312000
220.673	6.300000
220.99	6.300000
220.99	6.291000
221.307	6.291000
221.307	5.752000
221.624	5.752000
221.624	5.770000
221.941	5.770000
221.941	5.714000
222.258	5.714000
222.258	6.746000
222.613	6.746000
222.613	6.710000
222.968	6.710000
222.968	6.731000
223.322	6.731000
223.322	5.291000
223.636	5.291000
223.636	5.216000
223.952	5.216000
223.952	5.181000
224.266	5.181000
224.266	5.918000
224.582	5.918000
224.582	5.996000
224.899	5.996000
224.899	5.790000
225.214	5.790000
225.214	6.141000
225.53	6.141000
225.53	6.174000
225.846	6.174000
225.846	6.127000
226.161	6.127000
226.161	5.545000
226.476	5.545000
226.476	5.605000
226.791	5.605000
226.791	5.542000
227.107	5.542000
227.107	6.340000
227.423	6.340000
227.423	6.300000
227.739	6.300000
227.739	6.303000
228.056	6.303000
228.056	6.072000
228.373	6.072000
228.373	6.102000
228.688	6.102000
228.688	6.036000
229.005	6.036000
229.005	9.896000
229.319	9.896000
229.319	9.860000
229.634	9.860000
229.634	5.761000
229.95	5.761000
229.95	5.830000
230.267	5.830000
230.267	5.839000
230.583	5.839000
230.583	6.017000
230.9	6.017000
230.9	5.991000
231.215	5.991000
231.215	6.020000
231.533	6.020000
231.533	6.187000
231.848	6.187000
231.848	6.202000
232.165	6.202000
232.165	6.107000
232.481	6.107000
232.481	6.306000
232.799	6.306000
232.799	6.261000
233.117	6.261000
233.117	6.206000
233.434	6.206000
233.434	6.285000
233.749	6.285000
233.749	6.219000
234.064	6.219000
234.064	6.212000
234.379	6.212000
234.379	6.214000
234.695	6.214000
234.695	6.233000
235.012	6.233000
235.012	6.219000
235.328	6.219000
235.328	6.525000
235.643	6.525000
235.643	6.567000
235.96	6.567000
235.96	6.543000
236.277	6.543000
236.277	6.742000
236.629	6.742000
236.629	6.678000
236.98	6.678000
236.98	6.680000
237.33	6.680000
237.33	5.089000
237.644	5.089000
237.644	5.121000
237.956	5.121000
237.956	5.109000
238.271	5.109000
238.271	5.760000
238.588	5.760000
238.588	5.683000
238.904	5.683000
238.904	5.702000
239.22	5.702000
239.22	5.777000
239.536	5.777000
239.536	5.738000
239.852	5.738000
239.852	5.809000
240.167	5.809000
240.167	5.405000
240.483	5.405000
240.483	5.377000
240.8	5.377000
240.8	5.357000
241.116	5.357000
241.116	6.126000
241.433	6.126000
241.433	6.169000
241.75	6.169000
241.75	6.079000
242.067	6.079000
242.067	6.216000
242.38	6.216000
242.38	6.223000
242.695	6.223000
242.695	6.177000
243.008	6.177000
243.008	5.948000
243.359	5.948000
243.359	5.933000
243.71	5.933000
243.71	5.908000
244.061	5.908000
244.061	5.492000
244.377	5.492000
244.377	5.510000
244.693	5.510000
244.693	5.501000
245.007	5.501000
245.007	6.431000
245.323	6.431000
245.323	6.436000
245.641	6.436000
245.641	6.423000
245.957	6.423000
245.957	6.748000
246.276	6.748000
246.276	6.751000
246.593	6.751000
246.593	6.760000
246.913	6.760000
246.913	6.180000
247.264	6.180000
247.264	6.145000
247.615	6.145000
247.615	6.116000
247.967	6.116000
247.967	6.232000
248.281	6.232000
248.281	6.238000
248.596	6.238000
248.596	6.194000
248.911	6.194000
248.911	8.288000
249.226	8.288000
249.226	8.319000
249.543	8.319000
249.543	8.307000
249.858	8.307000
249.858	6.355000
250.171	6.355000
250.171	6.416000
250.487	6.416000
250.487	6.326000
250.802	6.326000
250.802	5.503000
251.118	5.503000
251.118	5.512000
251.434	5.512000
251.434	5.476000
251.749	5.476000
251.749	6.468000
252.099	6.468000
252.099	6.470000
252.451	6.470000
252.451	6.466000
252.802	6.466000
252.802	6.272000
253.119	6.272000
253.119	6.266000
253.435	6.266000
253.435	6.258000
253.752	6.258000
253.752	5.488000
254.05	5.488000
254.05	5.488000
254.348	5.488000
254.348	5.479000
254.646	5.479000
254.646	6.566000
254.998	6.566000
254.998	6.558000
255.35	6.558000
255.35	6.541000
255.703	6.541000
255.703	8.332000
256.019	8.332000
256.019	7.818000
256.333	7.818000
256.333	7.205000
256.647	7.205000
256.647	6.589000
256.966	6.589000
256.966	6.552000
257.285	6.552000
257.285	6.498000
257.604	6.498000
257.604	7.591000
257.919	7.591000
257.919	7.642000
258.233	7.642000
258.233	7.533000
258.549	7.533000
258.549	6.592000
258.9	6.592000
258.9	6.601000
259.252	6.601000
259.252	6.556000
259.601	6.556000
259.601	5.463000
259.91	5.463000
259.91	5.471000
260.219	5.471000
260.219	5.424000
260.528	5.424000
260.528	6.823000
260.882	6.823000
260.882	6.843000
261.236	6.843000
261.236	6.817000
261.59	6.817000
261.59	6.228000
261.906	6.228000
261.906	6.240000
262.223	6.240000
262.223	6.307000
262.539	6.307000
262.539	6.338000
262.855	6.338000
262.855	6.362000
263.172	6.362000
263.172	6.334000
263.489	6.334000
263.489	6.720000
263.802	6.720000
263.802	6.699000
264.116	6.699000
264.116	6.646000
264.431	6.646000
264.431	5.084000
264.746	5.084000
264.746	5.025000
265.061	5.025000
265.061	5.031000
265.376	5.031000
265.376	6.063000
265.694	6.063000
265.694	6.041000
266.012	6.041000
266.012	6.026000
266.33	6.026000
266.33	6.387000
266.647	6.387000
266.647	6.364000
266.963	6.364000
266.963	6.377000
267.279	6.377000
267.279	5.502000
267.594	5.502000
267.594	5.438000
267.909	5.438000
267.909	5.499000
268.224	5.499000
268.224	5.622000
268.539	5.622000
268.539	5.596000
268.852	5.596000
268.852	5.576000
269.168	5.576000
269.168	6.677000
269.518	6.677000
269.518	6.680000
269.869	6.680000
269.869	6.645000
270.221	6.645000
270.221	6.716000
270.536	6.716000
270.536	6.605000
270.85	6.605000
270.85	6.654000
271.162	6.654000
271.162	5.529000
271.478	5.529000
271.478	5.499000
271.794	5.499000
271.794	5.559000
272.11	5.559000
272.11	6.334000
272.428	6.334000
272.428	6.246000
272.746	6.246000
272.746	6.220000
273.062	6.220000
273.062	6.120000
273.377	6.120000
273.377	6.156000
273.693	6.156000
273.693	6.168000
274.009	6.168000
274.009	6.094000
274.326	6.094000
274.326	6.127000
274.643	6.127000
274.643	6.101000
274.96	6.101000
274.96	6.772000
275.278	6.772000
275.278	6.734000
275.596	6.734000
275.596	6.686000
275.913	6.686000
275.913	6.220000
276.228	6.220000
276.228	6.150000
276.543	6.150000
276.543	6.156000
276.858	6.156000
276.858	6.249000
277.206	6.249000
277.206	6.225000
277.554	6.225000
277.554	6.265000
277.903	6.265000
277.903	6.255000
278.254	6.255000
278.254	6.229000
278.606	6.229000
278.606	6.234000
278.958	6.234000
278.958	6.062000
279.308	6.062000
279.308	6.038000
279.657	6.038000
279.657	5.989000
280.005	5.989000
280.005	5.299000
280.356	5.299000
280.356	5.383000
280.706	5.383000
280.706	5.291000
281.058	5.291000
281.058	6.620000
281.408	6.620000
281.408	6.652000
281.757	6.652000
281.757	6.634000
282.107	6.634000
282.107	6.692000
282.424	6.692000
282.424	6.718000
282.741	6.718000
282.741	6.647000
283.058	6.647000
283.058	6.851000
283.41	6.851000
283.41	6.858000
283.763	6.858000
283.763	6.824000
284.115	6.824000
284.115	6.057000
284.431	6.057000
284.431	6.072000
284.747	6.072000
284.747	6.174000
285.063	6.174000
285.063	5.931000
285.378	5.931000
285.378	5.999000
285.695	5.999000
285.695	5.974000
286.01	5.974000
286.01	6.336000
286.325	6.336000
286.325	6.306000
286.642	6.306000
286.642	6.266000
286.958	6.266000
286.958	5.723000
287.272	5.723000
287.272	5.752000
287.587	5.752000
287.587	5.671000
287.902	5.671000
287.902	6.110000
288.217	6.110000
288.217	6.125000
288.531	6.125000
288.531	6.162000
288.845	6.162000
288.845	5.724000
289.159	5.724000
289.159	5.726000
289.474	5.726000
289.474	5.689000
289.789	5.689000
289.789	6.067000
290.102	6.067000
290.102	6.102000
290.416	6.102000
290.416	6.134000
290.731	6.134000
290.731	7.171000
291.047	7.171000
291.047	7.153000
291.363	7.153000
291.363	7.055000
291.678	7.055000
291.678	6.218000
291.996	6.218000
291.996	6.161000
292.311	6.161000
292.311	6.206000
292.628	6.206000
292.628	5.699000
292.943	5.699000
292.943	5.666000
293.259	5.666000
293.259	5.726000
293.575	5.726000
293.575	5.265000
293.89	5.265000
293.89	5.240000
294.205	5.240000
294.205	5.220000
294.521	5.220000
294.521	7.043000
294.837	7.043000
294.837	7.017000
295.151	7.017000
295.151	7.100000
295.468	7.100000
295.468	7.055000
295.82	7.055000
295.82	7.082000
296.172	7.082000
296.172	7.057000
296.523	7.057000
296.523	6.337000
296.874	6.337000
296.874	6.330000
297.225	6.330000
297.225	6.365000
297.577	6.365000
297.577	6.432000
297.931	6.432000
297.931	6.418000
298.285	6.418000
298.285	6.343000
298.638	6.343000
298.638	6.187000
298.953	6.187000
298.953	6.188000
299.269	6.188000
299.269	6.190000
299.585	6.190000
299.585	6.508000
299.9	6.508000
299.9	6.560000
300.212	6.560000
300.212	6.406000
300.527	6.406000
300.527	7.095000
300.844	7.095000
300.844	7.050000
301.162	7.050000
301.162	7.052000
301.48	7.052000
301.48	6.141000
301.797	6.141000
301.797	6.136000
302.113	6.136000
302.113	6.039000
302.429	6.039000
302.429	5.789000
302.744	5.789000
302.744	5.816000
303.06	5.816000
303.06	5.885000
303.376	5.885000
303.376	6.083000
303.69	6.083000
303.69	6.053000
304.007	6.053000
304.007	6.030000
304.324	6.030000
304.324	6.381000
304.639	6.381000
304.639	6.377000
304.955	6.377000
304.955	6.308000
305.271	6.308000
305.271	6.699000
305.622	6.699000
305.622	6.715000
305.975	6.715000
305.975	6.735000
306.326	6.735000
306.326	5.998000
306.642	5.998000
306.642	6.050000
306.958	6.050000
306.958	6.036000
307.275	6.036000
307.275	8.361000
307.597	8.361000
307.597	8.287000
307.919	8.287000
307.919	8.303000
308.242	8.303000
308.242	8.313000
308.556	8.313000
308.556	8.444000
308.871	8.444000
308.871	8.365000
309.186	8.365000
309.186	6.142000
309.5	6.142000
309.5	6.179000
309.815	6.179000
309.815	6.208000
310.129	6.208000
310.129	5.396000
310.477	5.396000
310.477	5.460000
310.824	5.460000
310.824	5.431000
311.175	5.431000
311.175	5.888000
311.526	5.888000
311.526	5.837000
311.877	5.837000
311.877	5.837000
312.229	5.837000
312.229	6.135000
312.581	6.135000
312.581	6.176000
312.933	6.176000
312.933	6.154000
313.284	6.154000
313.284	5.900000
313.599	5.900000
313.599	5.838000
313.913	5.838000
313.913	5.917000
314.228	5.917000
314.228	6.006000
314.544	6.006000
314.544	6.000000
314.861	6.000000
314.861	5.974000
315.178	5.974000
315.178	6.339000
315.528	6.339000
315.528	6.319000
315.878	6.319000
315.878	6.310000
316.228	6.310000
316.228	6.533000
316.582	6.533000
316.582	6.513000
316.936	6.513000
316.936	6.490000
317.288	6.490000
317.288	6.279000
317.605	6.279000
317.605	6.269000
317.923	6.269000
317.923	6.268000
318.239	6.268000
318.239	6.572000
318.555	6.572000
318.555	6.581000
318.872	6.581000
318.872	6.562000
319.188	6.562000
319.188	6.859000
319.503	6.859000
319.503	6.882000
319.817	6.882000
319.817	6.783000
320.132	6.783000
320.132	6.391000
320.484	6.391000
320.484	6.386000
320.835	6.386000
320.835	6.358000
321.186	6.358000
321.186	6.595000
321.535	6.595000
321.535	6.561000
321.886	6.561000
321.886	6.577000
322.232	6.577000
322.232	6.619000
322.583	6.619000
322.583	6.635000
322.934	6.635000
322.934	6.584000
323.284	6.584000
323.284	5.798000
323.601	5.798000
323.601	5.767000
323.918	5.767000
323.918	5.752000
324.233	5.752000
324.233	5.995000
324.548	5.995000
324.548	5.968000
324.863	5.968000
324.863	5.992000
325.178	5.992000
325.178	5.610000
325.493	5.610000
325.493	5.545000
325.806	5.545000
325.806	5.553000
326.121	5.553000
326.121	6.369000
326.473	6.369000
326.473	6.406000
326.823	6.406000
326.823	6.377000
327.175	6.377000
327.175	6.319000
327.527	6.319000
327.527	6.354000
327.878	6.354000
327.878	6.378000
328.228	6.378000
328.228	5.540000
328.544	5.540000
328.544	5.654000
328.861	5.654000
328.861	5.681000
329.177	5.681000
329.177	6.906000
329.496	6.906000
329.496	6.865000
329.813	6.865000
329.813	6.867000
330.131	6.867000
330.131	6.833000
330.479	6.833000
330.479	6.730000
330.826	6.730000
330.826	6.760000
331.175	6.760000
331.175	5.708000
331.492	5.708000
331.492	5.690000
331.809	5.690000
331.809	5.725000
332.121	5.725000
332.121	6.942000
332.438	6.942000
332.438	6.794000
332.754	6.794000
332.754	6.726000
333.07	6.726000
333.07	6.296000
333.422	6.296000
333.422	6.301000
333.773	6.301000
333.773	6.309000
334.124	6.309000
334.124	5.620000
334.44	5.620000
334.44	5.690000
334.757	5.690000
334.757	5.680000
335.074	5.680000
335.074	5.960000
335.392	5.960000
335.392	5.965000
335.71	5.965000
335.71	5.909000
336.028	5.909000
336.028	6.372000
336.343	6.372000
336.343	6.433000
336.659	6.433000
336.659	6.347000
336.975	6.347000
336.975	6.420000
337.327	6.420000
337.327	6.460000
337.678	6.460000
337.678	6.451000
338.029	6.451000
338.029	6.707000
338.345	6.707000
338.345	6.744000
338.663	6.744000
338.663	6.736000
338.978	6.736000
338.978	6.042000
339.295	6.042000
339.295	5.949000
339.612	5.949000
339.612	6.000000
339.927	6.000000
339.927	5.380000
340.244	5.380000
340.244	5.415000
340.561	5.415000
340.561	5.365000
340.878	5.365000
340.878	5.989000
341.193	5.989000
341.193	5.887000
341.507	5.887000
341.507	5.956000
341.821	5.956000
341.821	5.934000
342.137	5.934000
342.137	5.901000
342.452	5.901000
342.452	5.925000
342.768	5.925000
342.768	5.580000
343.085	5.580000
343.085	5.553000
343.401	5.553000
343.401	5.498000
343.717	5.498000
343.717	5.710000
344.033	5.710000
344.033	5.702000
344.35	5.702000
344.35	5.630000
344.665	5.630000
344.665	6.196000
344.981	6.196000
344.981	6.149000
345.298	6.149000
345.298	6.149000
345.615	6.149000
345.615	7.350000
345.965	7.350000
345.965	7.377000
346.318	7.377000
346.318	7.329000
346.671	7.329000
346.671	5.852000
346.986	5.852000
346.986	5.943000
347.301	5.943000
347.301	5.886000
347.614	5.886000
347.614	9.741000
347.965	9.741000
347.965	9.939000
348.317	9.939000
348.317	9.628000
348.666	9.628000
348.666	9.062000
348.982	9.062000
348.982	9.045000
349.298	9.045000
349.298	8.857000
349.614	8.857000
349.614	6.671000
349.966	6.671000
349.966	6.639000
350.318	6.639000
350.318	6.684000
350.67	6.684000
350.67	5.456000
350.986	5.456000
350.986	5.447000
351.301	5.447000
351.301	5.470000
351.618	5.470000
351.618	5.924000
351.934	5.924000
351.934	5.882000
352.251	5.882000
352.251	5.852000
352.567	5.852000
352.567	6.154000
352.882	6.154000
352.882	6.208000
353.195	6.208000
353.195	6.197000
353.511	6.197000
353.511	6.096000
353.826	6.096000
353.826	6.119000
354.142	6.119000
354.142	6.070000
354.459	6.070000
354.459	5.774000
354.773	5.774000
354.773	5.836000
355.089	5.836000
355.089	5.773000
355.404	5.773000
355.404	6.325000
355.719	6.325000
355.719	6.375000
356.034	6.375000
356.034	6.326000
356.35	6.326000
356.35	5.930000
356.665	5.930000
356.665	5.877000
356.982	5.877000
356.982	5.797000
357.298	5.797000
357.298	5.857000
357.615	5.857000
357.615	5.832000
357.932	5.832000
357.932	5.841000
358.249	5.841000
358.249	5.533000
358.566	5.533000
358.566	5.565000
358.883	5.565000
358.883	5.570000
359.2	5.570000
359.2	6.278000
359.55	6.278000
359.55	6.352000
359.899	6.352000
359.899	6.281000
360.249	6.281000
360.249	7.709000
360.565	7.709000
360.565	7.574000
360.88	7.574000
360.88	7.807000
361.195	7.807000
361.195	6.698000
361.511	6.698000
361.511	6.628000
361.826	6.628000
361.826	6.626000
362.142	6.626000
362.142	6.074000
362.458	6.074000
362.458	5.782000
362.774	5.782000
362.774	5.761000
363.09	5.761000
363.09	9.216000
363.408	9.216000
363.408	9.160000
363.726	9.160000
363.726	9.162000
364.044	9.162000
364.044	6.228000
364.361	6.228000
364.361	6.296000
364.674	6.296000
364.674	6.350000
364.99	6.350000
364.99	6.630000
365.342	6.630000
365.342	6.624000
365.697	6.624000
365.697	6.592000
366.052	6.592000
366.052	5.717000
366.368	5.717000
366.368	5.623000
366.683	5.623000
366.683	5.651000
367.0	5.651000
367.0	6.166000
367.317	6.166000
367.317	6.100000
367.634	6.100000
367.634	6.111000
367.951	6.111000
367.951	6.310000
368.267	6.310000
368.267	6.202000
368.584	6.202000
368.584	6.246000
368.901	6.246000
368.901	6.222000
369.176	6.222000
369.176	6.256000
369.451	6.256000
369.451	6.245000
369.725	6.245000
369.725	5.884000
370.041	5.884000
370.041	5.774000
370.355	5.774000
370.355	5.835000
370.67	5.835000
370.67	8.726000
370.998	8.726000
370.998	8.669000
371.325	8.669000
371.325	8.542000
371.651	8.542000
371.651	5.706000
371.966	5.706000
371.966	5.689000
372.28	5.689000
372.28	5.640000
372.596	5.640000
372.596	6.169000
372.909	6.169000
372.909	6.167000
373.225	6.167000
373.225	6.136000
373.542	6.136000
373.542	6.021000
373.861	6.021000
373.861	6.060000
374.18	6.060000
374.18	5.922000
374.499	5.922000
374.499	5.939000
374.812	5.939000
374.812	5.982000
375.126	5.982000
375.126	5.912000
375.438	5.912000
375.438	6.374000
375.751	6.374000
375.751	6.264000
376.066	6.264000
376.066	6.239000
376.38	6.239000
376.38	5.995000
376.697	5.995000
376.697	6.018000
377.015	6.018000
377.015	5.957000
377.333	5.957000
377.333	6.150000
377.649	6.150000
377.649	6.097000
377.966	6.097000
377.966	6.202000
378.283	6.202000
378.283	6.133000
378.6	6.133000
378.6	6.113000
378.918	6.113000
378.918	6.089000
379.236	6.089000
379.236	6.101000
379.553	6.101000
379.553	6.071000
379.87	6.071000
379.87	5.982000
380.187	5.982000
380.187	7.060000
380.504	7.060000
380.504	7.053000
380.821	7.053000
380.821	7.139000
381.139	7.139000
381.139	5.902000
381.456	5.902000
381.456	5.878000
381.771	5.878000
381.771	5.764000
382.086	5.764000
382.086	6.558000
382.438	6.558000
382.438	6.541000
382.791	6.541000
382.791	6.546000
383.142	6.546000
383.142	6.007000
383.458	6.007000
383.458	6.017000
383.775	6.017000
383.775	6.020000
384.089	6.020000
384.089	6.305000
384.403	6.305000
384.403	6.296000
384.719	6.296000
384.719	6.296000
385.036	6.296000
385.036	6.731000
385.354	6.731000
385.354	6.706000
385.673	6.706000
385.673	6.656000
385.992	6.656000
385.992	6.098000
386.305	6.098000
386.305	6.198000
386.62	6.198000
386.62	6.144000
386.933	6.144000
386.933	7.795000
387.249	7.795000
387.249	8.064000
387.566	8.064000
387.566	7.737000
387.881	7.737000
387.881	8.321000
388.204	8.321000
388.204	8.282000
388.528	8.282000
388.528	8.218000
388.853	8.218000
388.853	6.768000
389.206	6.768000
389.206	6.669000
389.558	6.669000
389.558	6.702000
389.911	6.702000
389.911	6.459000
390.263	6.459000
390.263	6.512000
390.613	6.512000
390.613	6.404000
390.962	6.404000
390.962	6.627000
391.281	6.627000
391.281	6.618000
391.599	6.618000
391.599	6.619000
391.918	6.619000
391.918	6.238000
392.235	6.238000
392.235	6.277000
392.552	6.277000
392.552	6.268000
392.868	6.268000
392.868	6.624000
393.184	6.624000
393.184	6.608000
393.498	6.608000
393.498	6.628000
393.815	6.628000
393.815	8.732000
394.131	8.732000
394.131	8.750000
394.446	8.750000
394.446	8.566000
394.76	8.566000
394.76	6.764000
395.074	6.764000
395.074	6.873000
395.39	6.873000
395.39	6.873000
395.706	6.873000
395.706	5.893000
396.023	5.893000
396.023	5.902000
396.336	5.902000
396.336	5.858000
396.652	5.858000
396.652	5.547000
397.002	5.547000
397.002	5.581000
397.353	5.581000
397.353	5.595000
397.703	5.595000
397.703	5.400000
398.018	5.400000
398.018	5.424000
398.334	5.424000
398.334	5.396000
398.65	5.396000
398.65	6.655000
398.969	6.655000
398.969	6.593000
399.288	6.593000
399.288	6.563000
399.607	6.563000
399.607	5.891000
399.924	5.891000
399.924	5.792000
400.24	5.792000
400.24	5.851000
400.556	5.851000
400.556	5.591000
400.871	5.591000
400.871	5.639000
401.186	5.639000
401.186	5.638000
401.501	5.638000
401.501	6.264000
401.82	6.264000
401.82	6.338000
402.14	6.338000
402.14	6.225000
402.459	6.225000
402.459	5.666000
402.773	5.666000
402.773	5.691000
403.089	5.691000
403.089	5.707000
403.405	5.707000
403.405	5.434000
403.722	5.434000
403.722	5.407000
404.039	5.407000
404.039	5.453000
404.355	5.453000
404.355	6.081000
404.671	6.081000
404.671	6.037000
404.988	6.037000
404.988	6.048000
405.305	6.048000
405.305	5.972000
405.653	5.972000
405.653	5.947000
406.004	5.947000
406.004	5.878000
406.354	5.878000
406.354	6.106000
406.67	6.106000
406.67	6.007000
406.985	6.007000
406.985	5.997000
407.301	5.997000
407.301	6.540000
407.652	6.540000
407.652	6.523000
408.004	6.523000
408.004	6.502000
408.357	6.502000
408.357	6.472000
408.674	6.472000
408.674	6.400000
408.99	6.400000
408.99	6.417000
409.306	6.417000
409.306	6.958000
409.623	6.958000
409.623	6.925000
409.94	6.925000
409.94	6.922000
410.254	6.922000
410.254	5.676000
410.606	5.676000
410.606	5.612000
410.957	5.612000
410.957	5.601000
411.309	5.601000
411.309	6.170000
411.627	6.170000
411.627	6.138000
411.945	6.138000
411.945	6.175000
412.263	6.175000
412.263	6.010000
412.58	6.010000
412.58	6.026000
412.897	6.026000
412.897	5.968000
413.212	5.968000
413.212	5.296000
413.526	5.296000
413.526	5.286000
413.841	5.286000
413.841	5.265000
414.157	5.265000
414.157	6.127000
414.473	6.127000
414.473	6.127000
414.79	6.127000
414.79	6.116000
415.106	6.116000
415.106	5.717000
415.422	5.717000
415.422	5.689000
415.738	5.689000
415.738	5.748000
416.053	5.748000
416.053	5.304000
416.369	5.304000
416.369	5.270000
416.685	5.270000
416.685	5.210000
417.001	5.210000
417.001	7.370000
417.32	7.370000
417.32	7.310000
417.637	7.310000
417.637	7.304000
417.958	7.304000
417.958	6.869000
418.307	6.869000
418.307	6.863000
418.657	6.863000
418.657	6.885000
419.006	6.885000
419.006	5.574000
419.322	5.574000
419.322	5.570000
419.638	5.570000
419.638	5.572000
419.954	5.572000
419.954	5.785000
420.27	5.785000
420.27	5.809000
420.587	5.809000
420.587	5.774000
420.903	5.774000
420.903	5.730000
421.219	5.730000
421.219	5.712000
421.536	5.712000
421.536	5.707000
421.851	5.707000
421.851	5.825000
422.165	5.825000
422.165	5.875000
422.48	5.875000
422.48	5.878000
422.795	5.878000
422.795	6.723000
423.109	6.723000
423.109	6.670000
423.424	6.670000
423.424	6.712000
423.741	6.712000
423.741	5.425000
424.056	5.425000
424.056	5.479000
424.372	5.479000
424.372	5.402000
424.687	5.402000
424.687	6.404000
425.004	6.404000
425.004	6.409000
425.32	6.409000
425.32	6.384000
425.636	6.384000
425.636	6.086000
425.952	6.086000
425.952	6.039000
426.266	6.039000
426.266	5.963000
426.58	5.963000
426.58	6.189000
426.895	6.189000
426.895	6.116000
427.21	6.116000
427.21	6.160000
427.525	6.160000
427.525	5.883000
427.874	5.883000
427.874	5.927000
428.225	5.927000
428.225	5.890000
428.575	5.890000
428.575	6.536000
428.894	6.536000
428.894	6.548000
429.212	6.548000
429.212	6.457000
429.527	6.457000
429.527	6.032000
429.842	6.032000
429.842	6.014000
430.159	6.014000
430.159	5.949000
430.475	5.949000
430.475	5.866000
430.791	5.866000
430.791	5.849000
431.108	5.849000
431.108	5.841000
431.425	5.841000
431.425	5.951000
431.741	5.951000
431.741	5.889000
432.055	5.889000
432.055	5.893000
432.371	5.893000
432.371	5.398000
432.686	5.398000
432.686	5.438000
433.002	5.438000
433.002	5.413000
433.317	5.413000
433.317	6.416000
433.632	6.416000
433.632	6.458000
433.948	6.458000
433.948	6.432000
434.264	6.432000
434.264	5.729000
434.579	5.729000
434.579	5.705000
434.895	5.705000
434.895	5.715000
435.209	5.715000
435.209	6.455000
435.559	6.455000
435.559	6.481000
435.909	6.481000
435.909	6.351000
436.261	6.351000
436.261	5.642000
436.577	5.642000
436.577	5.721000
436.894	5.721000
436.894	5.675000
437.21	5.675000
437.21	6.296000
437.527	6.296000
437.527	6.302000
437.843	6.302000
437.843	6.346000
438.159	6.346000
438.159	5.238000
438.474	5.238000
438.474	5.243000
438.789	5.243000
438.789	5.279000
439.106	5.279000
439.106	6.559000
439.424	6.559000
439.424	6.514000
439.741	6.514000
439.741	6.541000
440.058	6.541000
440.058	5.559000
440.375	5.559000
440.375	5.538000
440.692	5.538000
440.692	5.563000
441.009	5.563000
441.009	5.684000
441.324	5.684000
441.324	5.689000
441.64	5.689000
441.64	5.700000
441.955	5.700000
441.955	6.197000
442.271	6.197000
442.271	6.192000
442.585	6.192000
442.585	6.180000
442.902	6.180000
442.902	5.974000
443.216	5.974000
443.216	5.886000
443.533	5.886000
443.533	5.883000
443.849	5.883000
443.849	6.405000
444.164	6.405000
444.164	6.351000
444.478	6.351000
444.478	6.454000
444.794	6.454000
444.794	6.333000
445.108	6.333000
445.108	6.435000
445.424	6.435000
445.424	6.379000
445.741	6.379000
445.741	6.282000
446.056	6.282000
446.056	6.335000
446.372	6.335000
446.372	6.278000
446.688	6.278000
446.688	5.996000
447.004	5.996000
447.004	5.972000
447.319	5.972000
447.319	5.982000
447.632	5.982000
447.632	6.606000
447.95	6.606000
447.95	6.609000
448.268	6.609000
448.268	6.547000
448.585	6.547000
448.585	6.087000
448.936	6.087000
448.936	6.068000
449.287	6.068000
449.287	6.082000
449.638	6.082000
449.638	6.285000
449.955	6.285000
449.955	6.231000
450.271	6.231000
450.271	6.218000
450.587	6.218000
450.587	5.497000
450.903	5.497000
450.903	5.493000
451.217	5.493000
451.217	5.479000
451.531	5.479000
451.531	5.634000
451.848	5.634000
451.848	5.643000
452.165	5.643000
452.165	5.599000
452.482	5.599000
452.482	7.363000
452.833	7.363000
452.833	7.186000
453.183	7.186000
453.183	7.349000
453.535	7.349000
453.535	6.539000
453.886	6.539000
453.886	6.525000
454.236	6.525000
454.236	6.537000
454.586	6.537000
454.586	5.674000
454.901	5.674000
454.901	5.620000
455.217	5.620000
455.217	5.659000
455.533	5.659000
455.533	6.043000
455.885	6.043000
455.885	5.987000
456.237	5.987000
456.237	6.007000
456.588	6.007000
456.588	5.685000
456.905	5.685000
456.905	5.665000
457.221	5.665000
457.221	5.631000
457.537	5.631000
457.537	6.699000
457.889	6.699000
457.889	6.630000
458.241	6.630000
458.241	6.651000
458.592	6.651000
458.592	5.903000
458.907	5.903000
458.907	5.873000
459.222	5.873000
459.222	5.849000
459.538	5.849000
459.538	6.744000
459.854	6.744000
459.854	6.696000
460.171	6.696000
460.171	6.729000
460.489	6.729000
460.489	6.311000
460.84	6.311000
460.84	6.265000
461.193	6.265000
461.193	6.285000
461.544	6.285000
461.544	6.107000
461.86	6.107000
461.86	6.129000
462.177	6.129000
462.177	6.108000
462.493	6.108000
462.493	5.917000
462.809	5.917000
462.809	5.890000
463.125	5.890000
463.125	5.906000
463.442	5.906000
463.442	6.528000
463.757	6.528000
463.757	6.572000
464.074	6.572000
464.074	6.534000
464.39	6.534000
464.39	7.319000
464.704	7.319000
464.704	6.968000
465.019	6.968000
465.019	7.392000
465.335	7.392000
465.335	6.285000
465.651	6.285000
465.651	6.269000
465.964	6.269000
465.964	6.315000
466.281	6.315000
466.281	6.525000
466.632	6.525000
466.632	6.544000
466.982	6.544000
466.982	6.556000
467.331	6.556000
467.331	8.666000
467.644	8.666000
467.644	8.394000
467.959	8.394000
467.959	8.689000
468.274	8.689000
468.274	5.747000
468.591	5.747000
468.591	5.672000
468.906	5.672000
468.906	5.693000
469.223	5.693000
469.223	5.844000
469.539	5.844000
469.539	5.841000
469.852	5.841000
469.852	5.857000
470.167	5.857000
470.167	6.501000
470.442	6.501000
470.442	6.425000
470.717	6.425000
470.717	6.422000
470.993	6.422000
