0.0	9.339000
0.319	9.339000
0.319	8.593000
0.67	8.593000
0.67	8.535000
1.022	8.535000
1.022	8.476000
1.374	8.476000
1.374	8.514000
1.691	8.514000
1.691	8.539000
2.008	8.539000
2.008	8.473000
2.325	8.473000
2.325	9.048000
2.641	9.048000
2.641	9.012000
2.957	9.012000
2.957	9.009000
3.273	9.009000
3.273	7.204000
3.589	7.204000
3.589	7.202000
3.905	7.202000
3.905	7.246000
4.221	7.246000
4.221	9.537000
4.537	9.537000
4.537	9.619000
4.854	9.619000
4.854	9.603000
5.17	9.603000
5.17	7.149000
5.486	7.149000
5.486	7.172000
5.801	7.172000
5.801	7.164000
6.117	7.164000
6.117	9.321000
6.433	9.321000
6.433	9.366000
6.749	9.366000
6.749	9.469000
7.065	9.469000
7.065	8.535000
7.381	8.535000
7.381	8.499000
7.697	8.499000
7.697	8.485000
8.013	8.485000
8.013	7.185000
8.329	7.185000
8.329	7.173000
8.645	7.173000
8.645	7.438000
8.961	7.438000
8.961	8.115000
9.278	8.115000
9.278	8.048000
9.595	8.048000
9.595	8.137000
9.912	8.137000
9.912	7.818000
10.229	7.818000
10.229	7.789000
10.546	7.789000
10.546	7.785000
10.863	7.785000
10.863	9.297000
11.179	9.297000
11.179	9.409000
11.495	9.409000
11.495	9.436000
11.811	9.436000
11.811	8.022000
12.124	8.022000
12.124	8.050000
12.437	8.050000
12.437	8.039000
12.75	8.039000
12.75	8.982000
13.067	8.982000
13.067	8.969000
13.384	8.969000
13.384	8.956000
13.701	8.956000
13.701	9.710000
14.015	9.710000
14.015	9.924000
14.328	9.924000
14.328	9.795000
14.642	9.795000
14.642	8.988000
14.959	8.988000
14.959	9.019000
15.276	9.019000
15.276	8.988000
15.592	8.988000
15.592	9.898000
15.907	9.898000
15.907	9.903000
16.222	9.903000
16.222	9.872000
16.537	9.872000
16.537	8.387000
16.852	8.387000
16.852	8.347000
17.167	8.347000
17.167	8.446000
17.481	8.446000
17.481	9.986000
17.798	9.986000
17.798	9.994000
18.115	9.994000
18.115	9.885000
18.431	9.885000
18.431	9.791000
18.747	9.791000
18.747	9.876000
19.063	9.876000
19.063	9.602000
19.38	9.602000
19.38	9.604000
19.697	9.604000
19.697	9.590000
20.014	9.590000
20.014	7.865000
20.33	7.865000
20.33	7.918000
20.646	7.918000
20.646	7.897000
20.962	7.897000
20.962	8.746000
21.279	8.746000
21.279	8.753000
21.596	8.753000
21.596	8.760000
21.913	8.760000
21.913	8.828000
22.23	8.828000
22.23	8.816000
22.547	8.816000
22.547	8.827000
22.864	8.827000
22.864	8.368000
23.18	8.368000
23.18	8.402000
23.495	8.402000
23.495	8.300000
23.811	8.300000
23.811	8.601000
24.128	8.601000
24.128	8.567000
24.445	8.567000
24.445	8.556000
24.761	8.556000
24.761	9.293000
25.078	9.293000
25.078	9.207000
25.395	9.207000
25.395	9.281000
25.712	9.281000
25.712	9.224000
26.029	9.224000
26.029	9.290000
26.347	9.290000
26.347	9.293000
26.665	9.293000
26.665	7.989000
26.982	7.989000
26.982	7.906000
27.299	7.906000
27.299	8.162000
27.616	8.162000
27.616	9.300000
27.932	9.300000
27.932	9.338000
28.248	9.338000
28.248	9.402000
28.564	9.402000
28.564	9.570000
28.88	9.570000
28.88	9.587000
29.196	9.587000
29.196	9.564000
29.512	9.564000
29.512	7.707000
29.829	7.707000
29.829	7.736000
30.146	7.736000
30.146	7.661000
30.462	7.661000
30.462	9.134000
30.778	9.134000
30.778	9.113000
31.094	9.113000
31.094	9.075000
31.41	9.075000
31.41	8.525000
31.725	8.525000
31.725	8.538000
32.04	8.538000
32.04	8.550000
32.355	8.550000
32.355	7.636000
32.67	7.636000
32.67	7.693000
32.986	7.693000
32.986	7.677000
33.302	7.677000
33.302	7.381000
33.616	7.381000
33.616	7.409000
33.931	7.409000
33.931	7.372000
34.246	7.372000
34.246	7.373000
34.562	7.373000
34.562	7.399000
34.878	7.399000
34.878	7.377000
35.194	7.377000
35.194	9.291000
35.51	9.291000
35.51	9.250000
35.826	9.250000
35.826	9.301000
36.142	9.301000
36.142	9.407000
36.458	9.407000
36.458	9.408000
36.774	9.408000
36.774	9.502000
37.09	9.502000
37.09	9.006000
37.406	9.006000
37.406	9.030000
37.722	9.030000
37.722	8.988000
38.038	8.988000
38.038	9.898000
38.354	9.898000
38.354	9.912000
38.67	9.912000
38.67	9.982000
38.986	9.982000
38.986	8.400000
39.303	8.400000
39.303	8.359000
39.62	8.359000
39.62	8.326000
39.936	8.326000
39.936	8.425000
40.253	8.425000
40.253	8.459000
40.57	8.459000
40.57	8.437000
40.887	8.437000
40.887	9.316000
41.203	9.316000
41.203	9.302000
41.518	9.302000
41.518	9.352000
41.834	9.352000
41.834	8.841000
42.185	8.841000
42.185	8.823000
42.536	8.823000
42.536	8.813000
42.887	8.813000
42.887	7.919000
43.163	7.919000
43.163	7.933000
43.439	7.933000
43.439	8.091000
43.715	8.091000
43.715	9.244000
44.031	9.244000
44.031	9.255000
44.347	9.255000
44.347	9.223000
44.663	9.223000
44.663	8.821000
44.979	8.821000
44.979	8.710000
45.295	8.710000
45.295	8.742000
45.611	8.742000
45.611	7.821000
45.927	7.821000
45.927	7.779000
46.243	7.779000
46.243	7.767000
46.559	7.767000
46.559	9.525000
46.876	9.525000
46.876	9.524000
47.193	9.524000
47.193	9.486000
47.51	9.486000
47.51	7.688000
47.826	7.688000
47.826	7.574000
48.142	7.574000
48.142	7.672000
48.458	7.672000
48.458	8.870000
48.773	8.870000
48.773	8.848000
49.088	8.848000
49.088	8.833000
49.403	8.833000
49.403	9.064000
49.718	9.064000
49.718	9.026000
50.033	9.026000
50.033	9.055000
50.347	9.055000
50.347	9.076000
50.663	9.076000
50.663	9.057000
50.979	9.057000
50.979	9.034000
51.295	9.034000
51.295	9.225000
51.611	9.225000
51.611	9.255000
51.927	9.255000
51.927	9.189000
52.243	9.189000
52.243	8.902000
52.558	8.902000
52.558	8.821000
52.873	8.821000
52.873	8.878000
53.188	8.878000
53.188	9.091000
53.502	9.091000
53.502	9.170000
53.816	9.170000
53.816	9.020000
54.13	9.020000
54.13	8.505000
54.481	8.505000
54.481	8.551000
54.833	8.551000
54.833	8.397000
55.184	8.397000
55.184	8.054000
55.499	8.054000
55.499	8.040000
55.815	8.040000
55.815	8.075000
56.13	8.075000
56.13	7.945000
56.447	7.945000
56.447	7.934000
56.764	7.934000
56.764	7.970000
57.081	7.970000
57.081	9.177000
57.397	9.177000
57.397	9.178000
57.713	9.178000
57.713	9.146000
58.028	9.146000
58.028	8.644000
58.345	8.644000
58.345	8.608000
58.662	8.608000
58.662	8.597000
58.979	8.597000
58.979	8.546000
59.297	8.546000
59.297	8.637000
59.615	8.637000
59.615	8.727000
59.933	8.727000
59.933	9.578000
60.25	9.578000
60.25	9.602000
60.567	9.602000
60.567	9.651000
60.884	9.651000
60.884	9.588000
61.198	9.588000
61.198	9.592000
61.512	9.592000
61.512	9.555000
61.826	9.555000
61.826	8.974000
62.142	8.974000
62.142	9.023000
62.458	9.023000
62.458	9.095000
62.774	9.095000
62.774	8.423000
63.091	8.423000
63.091	8.351000
63.408	8.351000
63.408	8.421000
63.724	8.421000
63.724	9.544000
64.041	9.544000
64.041	9.504000
64.357	9.504000
64.357	9.515000
64.674	9.515000
64.674	9.687000
64.991	9.687000
64.991	9.650000
65.308	9.650000
65.308	9.640000
65.625	9.640000
65.625	7.837000
65.942	7.837000
65.942	7.834000
66.259	7.834000
66.259	7.817000
66.575	7.817000
66.575	9.439000
66.892	9.439000
66.892	9.477000
67.209	9.477000
67.209	9.430000
67.526	9.430000
67.526	9.684000
67.841	9.684000
67.841	9.615000
68.156	9.615000
68.156	9.649000
68.471	9.649000
68.471	7.521000
68.788	7.521000
68.788	7.500000
69.105	7.500000
69.105	7.488000
69.422	7.488000
69.422	8.559000
69.739	8.559000
69.739	8.590000
70.056	8.590000
70.056	8.482000
70.373	8.482000
70.373	7.317000
70.689	7.317000
70.689	7.222000
71.005	7.222000
71.005	7.199000
71.321	7.199000
71.321	8.050000
71.637	8.050000
71.637	8.062000
71.953	8.062000
71.953	8.091000
72.269	8.091000
72.269	7.979000
72.583	7.979000
72.583	8.024000
72.897	8.024000
72.897	7.892000
73.21	7.892000
73.21	8.788000
73.525	8.788000
73.525	8.725000
73.84	8.725000
73.84	8.690000
74.156	8.690000
74.156	9.212000
74.474	9.212000
74.474	9.264000
74.792	9.264000
74.792	9.253000
75.11	9.253000
75.11	7.621000
75.427	7.621000
75.427	7.584000
75.744	7.584000
75.744	7.629000
76.061	7.629000
76.061	8.540000
76.378	8.540000
76.378	8.448000
76.695	8.448000
76.695	8.545000
77.012	8.545000
77.012	8.681000
77.329	8.681000
77.329	8.682000
77.646	8.682000
77.646	8.652000
77.963	8.652000
77.963	9.123000
78.279	9.123000
78.279	9.075000
78.595	9.075000
78.595	9.062000
78.911	9.062000
78.911	7.084000
79.226	7.084000
79.226	7.010000
79.541	7.010000
79.541	7.018000
79.856	7.018000
79.856	9.721000
80.173	9.721000
80.173	9.783000
80.49	9.783000
80.49	9.687000
80.807	9.687000
80.807	7.169000
81.122	7.169000
81.122	7.207000
81.436	7.207000
81.436	7.112000
81.751	7.112000
81.751	8.749000
82.067	8.749000
82.067	8.793000
82.383	8.793000
82.383	8.737000
82.699	8.737000
82.699	8.750000
83.016	8.750000
83.016	8.727000
83.333	8.727000
83.333	8.775000
83.65	8.775000
83.65	8.607000
83.964	8.607000
83.964	8.598000
84.278	8.598000
84.278	8.566000
84.592	8.566000
84.592	7.350000
84.907	7.350000
84.907	7.317000
85.222	7.317000
85.222	7.383000
85.537	7.383000
85.537	9.031000
85.852	9.031000
85.852	9.082000
86.168	9.082000
86.168	9.071000
86.484	9.071000
86.484	9.883000
86.8	9.883000
86.8	9.560000
87.116	9.560000
87.116	9.544000
87.432	9.544000
87.432	9.534000
87.748	9.534000
87.748	7.930000
88.064	7.930000
88.064	7.937000
88.379	7.937000
88.379	8.000000
88.695	8.000000
88.695	8.273000
89.01	8.273000
89.01	8.250000
89.326	8.250000
89.326	8.392000
89.642	8.392000
89.642	9.109000
89.958	9.109000
89.958	9.187000
90.274	9.187000
90.274	9.105000
90.59	9.105000
90.59	9.030000
90.907	9.030000
90.907	9.017000
91.224	9.017000
91.224	8.797000
91.541	8.797000
91.541	8.510000
91.858	8.510000
91.858	8.482000
92.175	8.482000
92.175	8.568000
92.492	8.568000
92.492	9.152000
92.81	9.152000
92.81	9.193000
93.128	9.193000
93.128	9.159000
93.446	9.159000
93.446	8.649000
93.761	8.649000
93.761	8.692000
94.076	8.692000
94.076	8.676000
94.391	8.676000
94.391	8.586000
94.708	8.586000
94.708	8.591000
95.025	8.591000
95.025	8.645000
95.342	8.645000
95.342	9.512000
95.658	9.512000
95.658	9.568000
95.975	9.568000
95.975	9.601000
96.292	9.601000
96.292	9.732000
96.609	9.732000
96.609	9.711000
96.926	9.711000
96.926	9.672000
97.243	9.672000
97.243	8.300000
97.559	8.300000
97.559	8.324000
97.875	8.324000
97.875	8.307000
98.191	8.307000
98.191	9.858000
98.507	9.858000
98.507	9.817000
98.823	9.817000
98.823	8.215000
99.138	8.215000
99.138	8.178000
99.453	8.178000
99.453	8.167000
99.768	8.167000
99.768	8.291000
100.084	8.291000
100.084	8.265000
100.399	8.265000
100.399	8.310000
100.715	8.310000
100.715	9.736000
101.031	9.736000
101.031	9.747000
101.347	9.747000
101.347	9.741000
101.663	9.741000
101.663	7.783000
101.979	7.783000
101.979	7.772000
102.295	7.772000
102.295	7.759000
102.611	7.759000
102.611	9.073000
102.927	9.073000
102.927	8.947000
103.243	8.947000
103.243	8.970000
103.559	8.970000
103.559	9.545000
103.876	9.545000
103.876	9.462000
104.193	9.462000
104.193	9.479000
104.51	9.479000
104.51	9.239000
104.826	9.239000
104.826	9.210000
105.142	9.210000
105.142	8.856000
105.458	8.856000
105.458	8.169000
105.775	8.169000
105.775	8.251000
106.092	8.251000
106.092	8.230000
106.409	8.230000
106.409	8.523000
106.726	8.523000
106.726	8.559000
107.043	8.559000
107.043	8.735000
107.36	8.735000
107.36	8.047000
107.677	8.047000
107.677	8.009000
107.994	8.009000
107.994	8.027000
108.311	8.027000
108.311	8.270000
108.627	8.270000
108.627	8.253000
108.943	8.253000
108.943	8.247000
109.259	8.247000
109.259	8.876000
109.574	8.876000
109.574	8.891000
109.889	8.891000
109.889	8.877000
110.204	8.877000
110.204	8.308000
110.52	8.308000
110.52	8.234000
110.836	8.234000
110.836	8.272000
111.152	8.272000
111.152	9.248000
111.468	9.248000
111.468	9.238000
111.784	9.238000
111.784	9.219000
112.1	9.219000
112.1	8.548000
112.448	8.548000
112.448	8.556000
112.796	8.556000
112.796	8.501000
113.144	8.501000
113.144	7.681000
113.46	7.681000
113.46	7.741000
113.776	7.741000
113.776	7.652000
114.092	7.652000
114.092	8.059000
114.409	8.059000
114.409	8.064000
114.726	8.064000
114.726	8.114000
115.043	8.114000
115.043	8.182000
115.359	8.182000
115.359	8.212000
115.676	8.212000
115.676	8.193000
115.992	8.193000
115.992	8.688000
116.309	8.688000
116.309	8.654000
116.626	8.654000
116.626	8.653000
116.943	8.653000
116.943	9.024000
117.26	9.024000
117.26	9.004000
117.577	9.004000
117.577	9.033000
117.894	9.033000
117.894	8.870000
118.211	8.870000
118.211	8.804000
118.528	8.804000
118.528	8.837000
118.845	8.837000
118.845	9.353000
119.162	9.353000
119.162	9.423000
119.479	9.423000
119.479	9.466000
119.796	9.466000
119.796	8.762000
120.112	8.762000
120.112	8.809000
120.428	8.809000
120.428	8.795000
120.744	8.795000
120.744	9.188000
121.06	9.188000
121.06	9.169000
121.376	9.169000
121.376	9.165000
121.692	9.165000
121.692	9.796000
122.009	9.796000
122.009	9.843000
122.326	9.843000
122.326	9.906000
122.643	9.906000
122.643	8.327000
122.959	8.327000
122.959	8.273000
123.276	8.273000
123.276	8.338000
123.593	8.338000
123.593	8.533000
123.907	8.533000
123.907	8.489000
124.221	8.489000
124.221	8.638000
124.535	8.638000
124.535	8.635000
124.851	8.635000
124.851	8.569000
125.167	8.569000
125.167	8.558000
125.483	8.558000
125.483	9.096000
125.829	9.096000
125.829	9.129000
126.176	9.129000
126.176	9.091000
126.522	9.091000
126.522	9.179000
126.837	9.179000
126.837	9.224000
127.152	9.224000
127.152	9.206000
127.467	9.206000
127.467	8.885000
127.784	8.885000
127.784	8.777000
128.101	8.777000
128.101	8.809000
128.418	8.809000
128.418	9.867000
128.735	9.867000
128.735	9.843000
129.052	9.843000
129.052	9.862000
129.369	9.862000
129.369	7.366000
129.683	7.366000
129.683	7.334000
129.998	7.334000
129.998	7.425000
130.313	7.425000
130.313	8.852000
130.63	8.852000
130.63	8.904000
130.947	8.904000
130.947	8.847000
131.264	8.847000
131.264	9.020000
131.579	9.020000
131.579	9.075000
131.894	9.075000
131.894	9.019000
132.209	9.019000
132.209	8.054000
132.524	8.054000
132.524	8.018000
132.84	8.018000
132.84	8.108000
133.156	8.108000
133.156	7.179000
133.473	7.179000
133.473	7.213000
133.79	7.213000
133.79	7.293000
134.107	7.293000
134.107	9.346000
134.423	9.346000
134.423	9.283000
134.739	9.283000
134.739	9.348000
135.055	9.348000
135.055	8.681000
135.371	8.681000
135.371	8.658000
135.687	8.658000
135.687	8.715000
136.003	8.715000
136.003	8.075000
136.32	8.075000
136.32	8.092000
136.637	8.092000
136.637	8.156000
136.954	8.156000
136.954	8.822000
137.269	8.822000
137.269	8.752000
137.585	8.752000
137.585	8.809000
137.901	8.809000
137.901	8.169000
138.218	8.169000
138.218	8.077000
138.535	8.077000
138.535	8.106000
138.852	8.106000
138.852	9.545000
139.169	9.545000
139.169	9.583000
139.486	9.583000
139.486	9.595000
139.803	9.595000
139.803	7.734000
140.12	7.734000
140.12	7.626000
140.437	7.626000
140.437	7.655000
140.754	7.655000
140.754	8.006000
141.068	8.006000
141.068	7.932000
141.381	7.932000
141.381	8.065000
141.695	8.065000
141.695	8.479000
142.01	8.479000
142.01	8.471000
142.324	8.471000
142.324	8.456000
142.639	8.456000
142.639	7.969000
142.955	7.969000
142.955	7.966000
143.272	7.966000
143.272	8.004000
143.589	8.004000
143.589	9.273000
143.867	9.273000
143.867	9.309000
144.145	9.309000
144.145	9.423000
144.423	9.423000
144.423	7.800000
144.739	7.800000
144.739	7.778000
145.055	7.778000
145.055	7.756000
145.371	7.756000
145.371	8.144000
145.687	8.144000
145.687	8.142000
146.003	8.142000
146.003	8.133000
146.319	8.133000
146.319	8.392000
146.635	8.392000
146.635	8.385000
146.951	8.385000
146.951	8.425000
147.266	8.425000
147.266	9.505000
147.582	9.505000
147.582	9.533000
147.898	9.533000
147.898	9.692000
148.214	9.692000
148.214	8.601000
148.53	8.601000
148.53	8.664000
148.846	8.664000
148.846	8.676000
149.162	8.676000
149.162	8.074000
149.444	8.074000
149.444	8.041000
149.726	8.041000
149.726	8.038000
150.008	8.038000
150.008	8.206000
150.325	8.206000
150.325	8.179000
150.642	8.179000
150.642	8.242000
150.959	8.242000
150.959	8.710000
151.272	8.710000
151.272	8.813000
151.585	8.813000
151.585	8.826000
151.899	8.826000
151.899	9.440000
152.203	9.440000
152.203	9.456000
152.506	9.456000
152.506	9.450000
152.81	9.450000
152.81	8.405000
153.127	8.405000
153.127	8.378000
153.443	8.378000
153.443	8.401000
153.76	8.401000
153.76	9.008000
154.077	9.008000
154.077	8.891000
154.393	8.891000
154.393	9.111000
154.71	9.111000
154.71	9.859000
155.027	9.859000
155.027	9.838000
155.344	9.838000
155.344	9.877000
155.661	9.877000
155.661	9.453000
155.975	9.453000
155.975	9.188000
156.288	9.188000
156.288	9.565000
156.603	9.565000
156.603	8.035000
156.92	8.035000
156.92	8.044000
157.237	8.044000
157.237	8.123000
157.554	8.123000
157.554	8.709000
157.87	8.709000
157.87	8.621000
158.186	8.621000
158.186	8.856000
158.503	8.856000
158.503	8.147000
158.818	8.147000
158.818	8.132000
159.134	8.132000
159.134	8.266000
159.449	8.266000
159.449	8.733000
159.766	8.733000
159.766	8.771000
160.083	8.771000
160.083	8.629000
160.4	8.629000
160.4	9.473000
160.716	9.473000
160.716	9.450000
161.032	9.450000
161.032	9.363000
161.348	9.363000
161.348	8.121000
161.665	8.121000
161.665	8.005000
161.982	8.005000
161.982	8.154000
162.299	8.154000
162.299	8.592000
162.615	8.592000
162.615	8.627000
162.931	8.627000
162.931	8.731000
163.247	8.731000
163.247	9.014000
163.562	9.014000
163.562	9.074000
163.877	9.074000
163.877	9.151000
164.192	9.151000
164.192	8.015000
164.509	8.015000
164.509	7.964000
164.826	7.964000
164.826	8.010000
165.143	8.010000
165.143	8.827000
165.459	8.827000
165.459	8.792000
165.775	8.792000
165.775	8.779000
166.091	8.779000
166.091	9.749000
166.407	9.749000
166.407	9.819000
166.723	9.819000
166.723	9.753000
167.039	9.753000
167.039	7.343000
167.356	7.343000
167.356	7.307000
167.673	7.307000
167.673	7.321000
167.99	7.321000
167.99	9.617000
168.306	9.617000
168.306	9.643000
168.622	9.643000
168.622	9.703000
168.938	9.703000
168.938	8.720000
169.251	8.720000
169.251	8.698000
169.565	8.698000
169.565	8.717000
169.879	8.717000
169.879	8.524000
170.194	8.524000
170.194	8.652000
170.509	8.652000
170.509	8.530000
170.824	8.530000
170.824	8.020000
171.139	8.020000
171.139	8.020000
171.454	8.020000
171.454	8.173000
171.769	8.173000
171.769	9.086000
172.084	9.086000
172.084	9.158000
172.4	9.158000
172.4	9.041000
172.715	9.041000
172.715	8.909000
173.03	8.909000
173.03	9.011000
173.345	9.011000
173.345	8.930000
173.66	8.930000
173.66	8.017000
173.974	8.017000
173.974	8.041000
174.288	8.041000
174.288	8.101000
174.602	8.101000
174.602	8.509000
174.917	8.509000
174.917	8.550000
175.232	8.550000
175.232	8.559000
175.547	8.559000
175.547	8.701000
175.862	8.701000
175.862	8.672000
176.177	8.672000
176.177	8.701000
176.492	8.701000
176.492	8.718000
176.808	8.718000
176.808	8.676000
177.124	8.676000
177.124	8.747000
177.44	8.747000
177.44	9.882000
177.756	9.882000
177.756	9.895000
178.071	9.895000
178.071	9.849000
178.387	9.849000
178.387	8.942000
178.704	8.942000
178.704	8.893000
179.021	8.893000
179.021	8.880000
179.338	8.880000
179.338	9.303000
179.655	9.303000
179.655	9.393000
179.972	9.393000
179.972	9.250000
180.289	9.250000
180.289	9.249000
180.606	9.249000
180.606	9.261000
180.923	9.261000
180.923	9.328000
181.24	9.328000
181.24	8.852000
181.556	8.852000
181.556	8.816000
181.871	8.816000
181.871	8.793000
182.187	8.793000
182.187	9.197000
182.503	9.197000
182.503	9.176000
182.819	9.176000
182.819	9.265000
183.136	9.265000
183.136	9.994000
183.453	9.994000
183.453	8.801000
183.766	8.801000
183.766	8.740000
184.08	8.740000
184.08	8.841000
184.394	8.841000
184.394	8.617000
184.711	8.617000
184.711	8.587000
185.027	8.587000
185.027	8.583000
185.344	8.583000
185.344	9.277000
185.659	9.277000
185.659	9.234000
185.974	9.234000
185.974	9.275000
186.289	9.275000
186.289	8.708000
186.603	8.708000
186.603	8.680000
186.917	8.680000
186.917	8.686000
187.231	8.686000
187.231	8.416000
187.548	8.416000
187.548	8.426000
187.865	8.426000
187.865	8.376000
188.182	8.376000
188.182	9.155000
188.498	9.155000
188.498	9.209000
188.814	9.209000
188.814	9.132000
189.13	9.132000
189.13	8.402000
189.446	8.402000
189.446	8.412000
189.762	8.412000
189.762	8.375000
190.078	8.375000
190.078	9.148000
190.394	9.148000
190.394	9.247000
190.711	9.247000
190.711	9.269000
191.028	9.269000
191.028	8.643000
191.379	8.643000
191.379	8.664000
191.73	8.664000
191.73	8.648000
192.081	8.648000
192.081	9.431000
192.398	9.431000
192.398	9.395000
192.714	9.395000
192.714	9.406000
193.031	9.406000
193.031	9.780000
193.347	9.780000
193.347	9.880000
193.663	9.880000
193.663	9.816000
193.98	9.816000
193.98	9.060000
194.298	9.060000
194.298	9.122000
194.616	9.122000
194.616	9.008000
194.934	9.008000
194.934	7.521000
195.249	7.521000
195.249	7.509000
195.565	7.509000
195.565	7.390000
195.881	7.390000
195.881	9.034000
196.197	9.034000
196.197	9.069000
196.513	9.069000
196.513	9.036000
196.829	9.036000
196.829	9.944000
197.147	9.944000
197.147	9.006000
197.464	9.006000
197.464	9.268000
197.781	9.268000
197.781	9.183000
198.098	9.183000
198.098	8.063000
198.414	8.063000
198.414	8.124000
198.73	8.124000
198.73	8.129000
199.046	8.129000
199.046	7.174000
199.362	7.174000
199.362	7.114000
199.678	7.114000
199.678	7.167000
199.993	7.167000
199.993	7.915000
200.308	7.915000
200.308	7.929000
200.623	7.929000
200.623	7.884000
200.937	7.884000
200.937	8.972000
201.253	8.972000
201.253	8.852000
201.568	8.852000
201.568	8.895000
201.884	8.895000
201.884	8.457000
202.201	8.457000
202.201	8.368000
202.518	8.368000
202.518	8.418000
202.834	8.418000
202.834	8.676000
203.151	8.676000
203.151	8.664000
203.468	8.664000
203.468	8.580000
203.785	8.580000
203.785	9.614000
204.1	9.614000
204.1	9.577000
204.415	9.577000
204.415	9.613000
204.73	9.613000
204.73	9.739000
205.046	9.739000
205.046	9.734000
205.362	9.734000
205.362	9.775000
205.678	9.775000
205.678	8.116000
205.995	8.116000
205.995	8.183000
206.311	8.183000
206.311	8.143000
206.628	8.143000
206.628	9.825000
206.978	9.825000
206.978	9.883000
207.329	9.883000
207.329	9.807000
207.679	9.807000
207.679	7.327000
207.994	7.327000
207.994	7.254000
208.31	7.254000
208.31	7.292000
208.626	7.292000
208.626	8.575000
208.942	8.575000
208.942	8.670000
209.258	8.670000
209.258	8.680000
209.574	8.680000
209.574	7.483000
209.891	7.483000
209.891	7.424000
210.208	7.424000
210.208	7.452000
210.525	7.452000
210.525	7.351000
210.838	7.351000
210.838	7.359000
211.152	7.359000
211.152	7.379000
211.466	7.379000
211.466	9.915000
211.781	9.915000
211.781	9.956000
212.095	9.956000
212.095	9.764000
212.41	9.764000
212.41	8.194000
212.726	8.194000
212.726	8.245000
213.042	8.245000
213.042	8.435000
213.358	8.435000
213.358	8.514000
213.674	8.514000
213.674	8.478000
213.99	8.478000
213.99	8.520000
214.306	8.520000
214.306	8.411000
214.62	8.411000
214.62	8.372000
214.934	8.372000
214.934	8.417000
215.248	8.417000
215.248	8.463000
215.565	8.463000
215.565	8.551000
215.882	8.551000
215.882	8.522000
216.199	8.522000
216.199	8.700000
216.516	8.700000
216.516	8.709000
216.833	8.709000
216.833	8.668000
217.15	8.668000
217.15	8.552000
217.466	8.552000
217.466	8.500000
217.782	8.500000
217.782	8.574000
218.098	8.574000
218.098	7.788000
218.415	7.788000
218.415	7.879000
218.732	7.879000
218.732	7.885000
219.049	7.885000
219.049	8.761000
219.364	8.761000
219.364	8.726000
219.68	8.726000
219.68	8.681000
219.996	8.681000
219.996	7.729000
220.313	7.729000
220.313	7.758000
220.63	7.758000
220.63	7.748000
220.947	7.748000
220.947	8.657000
221.263	8.657000
221.263	8.619000
221.578	8.619000
221.578	8.637000
221.894	8.637000
221.894	9.432000
222.209	9.432000
222.209	9.426000
222.524	9.426000
222.524	9.455000
222.839	9.455000
222.839	7.296000
223.155	7.296000
223.155	7.319000
223.471	7.319000
223.471	7.312000
223.787	7.312000
223.787	8.684000
224.104	8.684000
224.104	8.677000
224.421	8.677000
224.421	8.662000
224.737	8.662000
224.737	8.797000
225.054	8.797000
225.054	8.738000
225.371	8.738000
225.371	8.771000
225.688	8.771000
225.688	8.943000
226.004	8.943000
226.004	8.976000
226.32	8.976000
226.32	9.016000
226.636	9.016000
226.636	7.592000
226.953	7.592000
226.953	7.578000
227.27	7.578000
227.27	7.605000
227.587	7.605000
227.587	9.584000
227.903	9.584000
227.903	9.619000
228.219	9.619000
228.219	9.560000
228.535	9.560000
228.535	7.658000
228.852	7.658000
228.852	7.556000
229.168	7.556000
229.168	7.640000
229.485	7.640000
229.485	8.002000
229.802	8.002000
229.802	8.079000
230.119	8.079000
230.119	8.059000
230.436	8.059000
230.436	9.257000
230.753	9.257000
230.753	9.381000
231.07	9.381000
231.07	8.983000
231.386	8.983000
231.386	8.841000
231.702	8.841000
231.702	9.019000
232.018	9.019000
232.018	9.011000
232.334	9.011000
232.334	9.138000
232.651	9.138000
232.651	9.163000
232.968	9.163000
232.968	9.363000
233.284	9.363000
233.284	9.539000
233.599	9.539000
233.599	9.475000
233.914	9.475000
233.914	9.548000
234.229	9.548000
234.229	8.668000
234.544	8.668000
234.544	8.745000
234.859	8.745000
234.859	8.669000
235.174	8.669000
235.174	8.355000
235.489	8.355000
235.489	8.386000
235.804	8.386000
235.804	8.477000
236.119	8.477000
236.119	9.391000
236.436	9.391000
236.436	9.397000
236.753	9.397000
236.753	9.374000
237.07	9.374000
237.07	8.721000
237.386	8.721000
237.386	8.751000
237.703	8.751000
237.703	8.774000
238.02	8.774000
238.02	8.668000
238.337	8.668000
238.337	8.895000
238.654	8.895000
238.654	8.889000
238.971	8.889000
238.971	8.286000
239.286	8.286000
239.286	8.272000
239.6	8.272000
239.6	8.377000
239.915	8.377000
239.915	8.960000
240.263	8.960000
240.263	9.021000
240.611	9.021000
240.611	9.013000
240.958	9.013000
240.958	8.472000
241.273	8.472000
241.273	8.467000
241.588	8.467000
241.588	8.405000
241.903	8.405000
241.903	8.359000
242.22	8.359000
242.22	8.288000
242.537	8.288000
242.537	8.329000
242.854	8.329000
242.854	9.843000
243.169	9.843000
243.169	9.762000
243.484	9.762000
243.484	9.763000
243.8	9.763000
243.8	8.621000
244.114	8.621000
244.114	8.560000
244.428	8.560000
244.428	8.570000
244.742	8.570000
244.742	9.669000
245.094	9.669000
245.094	9.651000
245.446	9.651000
245.446	9.731000
245.798	9.731000
245.798	8.229000
246.111	8.229000
246.111	8.276000
246.424	8.276000
246.424	8.253000
246.737	8.253000
246.737	7.656000
247.051	7.656000
247.051	7.542000
247.365	7.542000
247.365	7.566000
247.679	7.566000
247.679	7.838000
247.995	7.838000
247.995	7.721000
248.31	7.721000
248.31	7.666000
248.625	7.666000
248.625	8.559000
248.94	8.559000
248.94	8.530000
249.255	8.530000
249.255	8.566000
249.57	8.566000
249.57	7.679000
249.887	7.679000
249.887	7.668000
250.204	7.668000
250.204	7.666000
250.521	7.666000
250.521	7.839000
250.837	7.839000
250.837	7.856000
251.154	7.856000
251.154	7.886000
251.471	7.886000
251.471	6.007000
251.787	6.007000
251.787	5.984000
252.103	5.984000
252.103	6.000000
252.419	6.000000
252.419	9.568000
252.734	9.568000
252.734	9.670000
253.048	9.670000
253.048	9.609000
253.362	9.609000
253.362	8.973000
253.678	8.973000
253.678	9.011000
253.994	9.011000
253.994	8.824000
254.31	8.824000
254.31	9.838000
254.627	9.838000
254.627	9.955000
254.944	9.955000
254.944	9.900000
255.261	9.900000
255.261	6.890000
255.577	6.890000
255.577	6.871000
255.893	6.871000
255.893	6.906000
256.209	6.906000
256.209	8.422000
256.524	8.422000
256.524	8.459000
256.84	8.459000
256.84	8.468000
257.156	8.468000
257.156	8.600000
257.471	8.600000
257.471	8.636000
257.787	8.636000
257.787	8.689000
258.103	8.689000
258.103	9.721000
258.419	9.721000
258.419	9.741000
258.736	9.741000
258.736	9.721000
259.052	9.721000
259.052	9.204000
259.367	9.204000
259.367	9.331000
259.683	9.331000
259.683	9.183000
259.998	9.183000
259.998	8.793000
260.314	8.793000
260.314	8.763000
260.63	8.763000
260.63	8.713000
260.946	8.713000
260.946	0.000000
260.946	0.000000
260.946	0.000000
260.946	0.000000
260.946	0.000000
260.946	0.000000
260.946	0.000000
260.946	0.000000
260.946	0.000000
260.946	0.000000
260.946	0.000000
260.946	0.000000
260.946	8.224000
261.261	8.224000
261.261	8.224000
261.577	8.224000
261.577	8.238000
261.893	8.238000
261.893	8.604000
262.21	8.604000
262.21	8.591000
262.527	8.591000
262.527	8.601000
262.844	8.601000
262.844	9.792000
263.162	9.792000
263.162	9.827000
263.48	9.827000
263.48	9.855000
263.798	9.855000
263.798	9.303000
264.115	9.303000
264.115	9.336000
264.432	9.336000
264.432	9.395000
264.749	9.395000
264.749	7.349000
265.065	7.349000
265.065	7.398000
265.382	7.398000
265.382	7.413000
265.699	7.413000
265.699	8.148000
266.015	8.148000
266.015	8.115000
266.331	8.115000
266.331	8.168000
266.647	8.168000
266.647	9.814000
266.964	9.814000
266.964	9.774000
267.281	9.774000
267.281	9.837000
267.598	9.837000
267.598	8.514000
267.915	8.514000
267.915	8.536000
268.232	8.536000
268.232	8.674000
268.549	8.674000
268.549	8.719000
268.865	8.719000
268.865	8.640000
269.181	8.640000
269.181	8.693000
269.497	8.693000
269.497	8.814000
269.813	8.814000
269.813	8.831000
270.13	8.831000
270.13	8.922000
270.446	8.922000
270.446	9.347000
270.762	9.347000
270.762	9.384000
271.078	9.384000
271.078	9.428000
271.394	9.428000
271.394	8.493000
271.71	8.493000
271.71	8.543000
272.026	8.543000
272.026	8.496000
272.342	8.496000
272.342	7.186000
272.658	7.186000
272.658	7.128000
272.974	7.128000
272.974	7.294000
273.29	7.294000
273.29	9.028000
273.606	9.028000
273.606	9.076000
273.922	9.076000
273.922	9.037000
274.238	9.037000
274.238	9.864000
274.553	9.864000
274.553	9.892000
274.868	9.892000
274.868	9.945000
275.184	9.945000
275.184	8.109000
275.497	8.109000
275.497	8.133000
275.812	8.133000
275.812	8.074000
276.127	8.074000
276.127	7.430000
276.444	7.430000
276.444	7.395000
276.761	7.395000
276.761	7.432000
277.078	7.432000
277.078	8.318000
277.393	8.318000
277.393	8.283000
277.708	8.283000
277.708	8.201000
278.023	8.201000
278.023	7.043000
278.338	7.043000
278.338	6.972000
278.653	6.972000
278.653	7.126000
278.969	7.126000
278.969	8.342000
279.285	8.342000
279.285	8.306000
279.601	8.306000
279.601	8.249000
279.917	8.249000
279.917	9.500000
280.232	9.500000
280.232	9.519000
280.546	9.519000
280.546	9.507000
280.861	9.507000
280.861	9.694000
281.176	9.694000
281.176	9.655000
281.491	9.655000
281.491	9.610000
281.806	9.610000
281.806	9.702000
282.123	9.702000
282.123	9.985000
282.439	9.985000
282.439	9.772000
282.756	9.772000
282.756	9.182000
283.073	9.182000
283.073	9.194000
283.39	9.194000
283.39	9.234000
283.707	9.234000
283.707	7.813000
284.022	7.813000
284.022	7.847000
284.337	7.847000
284.337	7.865000
284.652	7.865000
284.652	7.613000
284.967	7.613000
284.967	7.614000
285.283	7.614000
285.283	7.624000
285.598	7.624000
285.598	8.736000
285.915	8.736000
285.915	8.791000
286.232	8.791000
286.232	8.887000
286.549	8.887000
286.549	7.318000
286.866	7.318000
286.866	7.399000
287.183	7.399000
287.183	7.407000
287.499	7.407000
287.499	8.519000
287.816	8.519000
287.816	8.492000
288.133	8.492000
288.133	8.473000
288.45	8.473000
288.45	8.843000
288.766	8.843000
288.766	8.792000
289.082	8.792000
289.082	8.830000
289.398	8.830000
289.398	8.591000
289.714	8.591000
289.714	8.621000
290.03	8.621000
290.03	8.587000
290.346	8.587000
290.346	9.504000
290.662	9.504000
290.662	9.520000
290.977	9.520000
290.977	9.556000
291.293	9.556000
291.293	9.289000
291.609	9.289000
291.609	9.269000
291.925	9.269000
291.925	9.426000
292.241	9.426000
292.241	8.078000
292.558	8.078000
292.558	8.048000
292.875	8.048000
292.875	8.060000
293.192	8.060000
293.192	9.028000
293.509	9.028000
293.509	8.999000
293.826	8.999000
293.826	8.986000
294.143	8.986000
294.143	8.750000
294.46	8.750000
294.46	8.729000
294.777	8.729000
294.777	8.755000
295.094	8.755000
295.094	8.452000
295.41	8.452000
295.41	8.434000
295.726	8.434000
295.726	8.437000
296.042	8.437000
296.042	9.936000
296.358	9.936000
296.358	9.932000
296.674	9.932000
296.674	9.865000
296.99	9.865000
296.99	8.978000
297.306	8.978000
297.306	9.033000
297.622	9.033000
297.622	8.983000
297.938	8.983000
297.938	9.051000
298.254	9.051000
298.254	9.117000
298.57	9.117000
298.57	9.099000
298.886	9.099000
298.886	8.983000
299.203	8.983000
299.203	9.025000
299.52	9.025000
299.52	8.978000
299.837	8.978000
299.837	8.858000
300.154	8.858000
300.154	8.882000
300.471	8.882000
300.471	8.788000
300.788	8.788000
300.788	9.435000
301.103	9.435000
301.103	9.347000
301.418	9.347000
301.418	9.326000
301.733	9.326000
301.733	8.013000
302.05	8.013000
302.05	8.106000
302.367	8.106000
302.367	8.038000
302.684	8.038000
302.684	8.552000
302.999	8.552000
302.999	8.537000
303.313	8.537000
303.313	8.568000
303.628	8.568000
303.628	8.358000
303.944	8.358000
303.944	8.370000
304.26	8.370000
304.26	8.432000
304.576	8.432000
304.576	7.852000
304.893	7.852000
304.893	7.814000
305.21	7.814000
305.21	7.868000
305.527	7.868000
305.527	8.758000
305.842	8.758000
305.842	8.781000
306.157	8.781000
306.157	8.714000
306.473	8.714000
306.473	9.196000
306.789	9.196000
306.789	9.138000
307.105	9.138000
307.105	9.091000
307.421	9.091000
307.421	9.607000
307.737	9.607000
307.737	9.460000
308.053	9.460000
308.053	9.531000
308.369	9.531000
308.369	8.356000
308.685	8.356000
308.685	8.385000
309.001	8.385000
309.001	8.436000
309.316	8.436000
309.316	8.179000
309.633	8.179000
309.633	8.158000
309.95	8.158000
309.95	8.248000
310.267	8.248000
310.267	9.519000
310.582	9.519000
310.582	9.495000
310.897	9.495000
310.897	9.647000
311.212	9.647000
311.212	8.438000
311.529	8.438000
311.529	8.420000
311.846	8.420000
311.846	8.407000
312.163	8.407000
312.163	7.965000
312.479	7.965000
312.479	7.977000
312.795	7.977000
312.795	7.948000
313.11	7.948000
313.11	9.586000
313.426	9.586000
313.426	9.555000
313.741	9.555000
313.741	9.552000
314.055	9.552000
314.055	8.984000
314.371	8.984000
314.371	9.027000
314.687	9.027000
314.687	9.010000
315.003	9.010000
315.003	8.675000
315.319	8.675000
315.319	8.558000
315.635	8.558000
315.635	8.680000
315.951	8.680000
315.951	8.833000
316.267	8.833000
316.267	8.832000
316.583	8.832000
316.583	8.791000
316.899	8.791000
316.899	7.687000
317.216	7.687000
317.216	7.738000
317.533	7.738000
317.533	7.692000
317.85	7.692000
317.85	9.984000
318.165	9.984000
318.165	9.131000
318.479	9.131000
318.479	9.442000
318.793	9.442000
318.793	9.417000
319.108	9.417000
319.108	8.365000
319.425	8.365000
319.425	8.394000
319.742	8.394000
319.742	8.446000
320.059	8.446000
320.059	9.432000
320.375	9.432000
320.375	9.375000
320.691	9.375000
320.691	9.444000
321.007	9.444000
321.007	7.855000
321.323	7.855000
321.323	7.867000
321.639	7.867000
321.639	7.905000
321.955	7.905000
321.955	9.062000
322.268	9.062000
322.268	9.058000
322.581	9.058000
322.581	9.046000
322.894	9.046000
322.894	8.251000
323.211	8.251000
323.211	8.309000
323.528	8.309000
323.528	8.353000
323.845	8.353000
323.845	6.632000
324.16	6.632000
324.16	6.605000
324.475	6.605000
324.475	6.634000
324.79	6.634000
324.79	9.897000
325.105	9.897000
325.105	9.932000
325.42	9.932000
325.42	9.898000
325.736	9.898000
325.736	9.860000
326.053	9.860000
326.053	9.894000
326.37	9.894000
326.37	8.822000
326.687	8.822000
326.687	8.804000
327.004	8.804000
327.004	8.881000
327.321	8.881000
327.321	9.101000
327.637	9.101000
327.637	9.195000
327.953	9.195000
327.953	9.178000
328.269	9.178000
328.269	8.864000
328.586	8.864000
328.586	8.816000
328.903	8.816000
328.903	8.819000
329.22	8.819000
329.22	9.204000
329.571	9.204000
329.571	9.154000
329.921	9.154000
329.921	9.231000
330.272	9.231000
330.272	7.955000
330.588	7.955000
330.588	8.013000
330.905	8.013000
330.905	8.000000
331.221	8.000000
331.221	8.447000
331.538	8.447000
331.538	8.484000
331.855	8.484000
331.855	8.461000
332.172	8.461000
332.172	9.348000
332.489	9.348000
332.489	9.407000
332.806	9.407000
332.806	9.377000
333.123	9.377000
333.123	9.509000
333.402	9.509000
333.402	9.535000
333.681	9.535000
333.681	9.599000
333.96	9.599000
333.96	8.865000
334.277	8.865000
334.277	8.852000
334.594	8.852000
334.594	8.801000
334.911	8.801000
334.911	9.189000
335.226	9.189000
335.226	9.360000
335.541	9.360000
335.541	9.194000
335.856	9.194000
335.856	9.457000
336.171	9.457000
336.171	9.394000
336.486	9.394000
336.486	9.464000
336.801	9.464000
336.801	7.669000
337.118	7.669000
337.118	7.652000
337.435	7.652000
337.435	7.632000
337.752	7.632000
337.752	9.331000
338.069	9.331000
338.069	9.102000
338.386	9.102000
338.386	9.118000
338.703	9.118000
338.703	8.917000
339.018	8.917000
339.018	8.956000
339.333	8.956000
339.333	8.989000
339.648	8.989000
339.648	8.015000
339.965	8.015000
339.965	8.069000
340.282	8.069000
340.282	7.983000
340.599	7.983000
340.599	8.138000
340.915	8.138000
340.915	8.059000
341.231	8.059000
341.231	8.106000
341.547	8.106000
341.547	8.971000
341.862	8.971000
341.862	8.999000
342.177	8.999000
342.177	8.982000
342.492	8.982000
342.492	8.080000
342.807	8.080000
342.807	8.157000
343.122	8.157000
343.122	8.097000
343.437	8.097000
343.437	9.030000
343.751	9.030000
343.751	8.961000
344.065	8.961000
344.065	9.018000
344.379	9.018000
344.379	9.709000
344.695	9.709000
344.695	9.747000
345.012	9.747000
345.012	9.793000
345.329	9.793000
345.329	8.673000
345.645	8.673000
345.645	8.680000
345.961	8.680000
345.961	8.729000
346.277	8.729000
346.277	8.358000
346.593	8.358000
346.593	8.352000
346.909	8.352000
346.909	8.412000
347.225	8.412000
347.225	8.881000
347.541	8.881000
347.541	8.990000
347.857	8.990000
347.857	8.951000
348.173	8.951000
348.173	8.884000
348.488	8.884000
348.488	8.663000
348.803	8.663000
348.803	8.812000
349.118	8.812000
349.118	7.383000
349.434	7.383000
349.434	7.315000
349.75	7.315000
349.75	7.371000
350.066	7.371000
350.066	7.279000
350.383	7.279000
350.383	7.202000
350.7	7.202000
350.7	7.230000
351.017	7.230000
351.017	7.908000
351.333	7.908000
351.333	7.917000
351.649	7.917000
351.649	7.903000
351.965	7.903000
351.965	8.946000
352.279	8.946000
352.279	9.016000
352.593	9.016000
352.593	8.954000
352.907	8.954000
352.907	8.268000
353.221	8.268000
353.221	8.336000
353.535	8.336000
353.535	8.319000
353.849	8.319000
353.849	9.481000
354.165	9.481000
354.165	9.528000
354.481	9.528000
354.481	9.533000
354.797	9.533000
354.797	9.814000
355.113	9.814000
355.113	9.850000
355.429	9.850000
355.429	9.824000
355.745	9.824000
