0.0	7.866000
0.33	7.866000
0.33	7.251000
0.66	7.251000
0.66	6.826000
0.99	6.826000
0.99	7.916000
1.3	7.916000
1.3	8.213000
1.61	8.213000
1.61	8.166000
1.92	8.166000
1.92	9.939000
2.225	9.939000
2.225	9.652000
2.53	9.652000
2.53	8.197000
2.867	8.197000
2.867	8.816000
3.204	8.816000
3.204	8.515000
3.541	8.515000
3.541	9.080000
3.861	9.080000
3.861	8.797000
4.181	8.797000
4.181	8.784000
4.501	8.784000
4.501	8.259000
4.833	8.259000
4.833	8.388000
5.165	8.388000
5.165	8.070000
5.497	8.070000
5.497	9.036000
5.834	9.036000
5.834	9.575000
6.171	9.575000
6.171	6.370000
6.497	6.370000
6.497	6.554000
6.823	6.554000
6.823	6.084000
7.149	6.084000
7.149	7.325000
7.468	7.325000
7.468	8.748000
7.787	8.748000
7.787	7.915000
8.106	7.915000
8.106	7.561000
8.44	7.561000
8.44	7.347000
8.774	7.347000
8.774	7.367000
9.108	7.367000
9.108	8.934000
9.415	8.934000
9.415	8.995000
9.722	8.995000
9.722	8.558000
10.029	8.558000
10.029	8.109000
10.354	8.109000
10.354	9.073000
10.679	9.073000
10.679	8.437000
11.004	8.437000
11.004	8.393000
11.339	8.393000
11.339	6.991000
11.674	6.991000
11.674	6.705000
12.009	6.705000
12.009	8.224000
12.328	8.224000
12.328	8.665000
12.647	8.665000
12.647	7.679000
12.966	7.679000
12.966	7.652000
13.41	7.652000
13.41	8.043000
13.854	8.043000
13.854	7.622000
14.298	7.622000
14.298	9.430000
14.63	9.430000
14.63	9.517000
14.962	9.517000
14.962	9.313000
15.294	9.313000
15.294	8.203000
15.616	8.203000
15.616	8.283000
15.938	8.283000
15.938	8.132000
16.26	8.132000
16.26	9.096000
16.577	9.096000
16.577	9.553000
16.894	9.553000
16.894	9.001000
17.211	9.001000
17.211	8.551000
17.544	8.551000
17.544	8.815000
17.877	8.815000
17.877	8.526000
18.21	8.526000
18.21	6.402000
18.523	6.402000
18.523	6.884000
18.836	6.884000
18.836	5.957000
19.149	5.957000
19.149	8.364000
19.467	8.364000
19.467	8.980000
19.785	8.980000
19.785	8.203000
20.102	8.203000
20.102	8.230000
20.437	8.230000
20.437	8.475000
20.772	8.475000
20.772	7.960000
21.107	7.960000
21.107	8.557000
21.426	8.557000
21.426	8.420000
21.745	8.420000
21.745	7.878000
22.064	7.878000
22.064	8.050000
22.388	8.050000
22.388	8.405000
22.712	8.405000
22.712	8.192000
23.036	8.192000
23.036	9.594000
23.371	9.594000
23.371	9.487000
23.706	9.487000
23.706	9.293000
24.041	9.293000
24.041	5.701000
24.38	5.701000
24.38	5.979000
24.719	5.979000
24.719	5.650000
25.058	5.650000
25.058	7.657000
25.37	7.657000
25.37	8.157000
25.682	8.157000
25.682	7.852000
25.994	7.852000
25.994	8.364000
26.328	8.364000
26.328	8.362000
26.662	8.362000
26.662	8.198000
26.996	8.198000
26.996	7.008000
27.311	7.008000
27.311	6.825000
27.626	6.825000
27.626	7.082000
27.941	7.082000
27.941	8.525000
28.25	8.525000
28.25	9.616000
28.559	9.616000
28.559	8.730000
28.868	8.730000
28.868	9.676000
29.195	9.676000
29.195	6.427000
29.515	6.427000
29.515	7.089000
29.835	7.089000
29.835	6.243000
30.155	6.243000
30.155	8.898000
30.496	8.898000
30.496	8.977000
30.837	8.977000
30.837	8.869000
31.178	8.869000
31.178	6.982000
31.503	6.982000
31.503	7.016000
31.828	7.016000
31.828	7.340000
32.153	7.340000
32.153	7.687000
32.479	7.687000
32.479	8.540000
32.805	8.540000
32.805	7.990000
33.131	7.990000
33.131	7.556000
33.445	7.556000
33.445	7.660000
33.76	7.660000
33.76	7.262000
34.075	7.262000
34.075	8.147000
34.389	8.147000
34.389	8.155000
34.703	8.155000
34.703	7.774000
35.017	7.774000
35.017	8.752000
35.358	8.752000
35.358	9.294000
35.699	9.294000
35.699	9.159000
36.04	9.159000
36.04	6.457000
36.37	6.457000
36.37	6.787000
36.7	6.787000
36.7	6.447000
37.03	6.447000
37.03	9.833000
37.353	9.833000
37.353	9.939000
37.676	9.939000
37.676	9.857000
38.016	9.857000
38.016	9.798000
38.356	9.798000
38.356	9.666000
38.696	9.666000
38.696	7.472000
39.027	7.472000
39.027	8.311000
39.358	8.311000
39.358	7.866000
39.689	7.866000
39.689	7.978000
40.014	7.978000
40.014	8.853000
40.339	8.853000
40.339	8.023000
40.664	8.023000
40.664	8.978000
41.003	8.978000
41.003	8.950000
41.343	8.950000
41.343	8.605000
41.682	8.605000
41.682	8.124000
41.987	8.124000
41.987	8.409000
42.292	8.409000
42.292	8.223000
42.597	8.223000
42.597	8.511000
42.902	8.511000
42.902	8.609000
43.207	8.609000
43.207	8.661000
43.512	8.661000
43.512	2.814000
43.865	2.814000
43.865	2.087000
44.218	2.087000
44.218	2.084000
44.571	2.084000
44.571	6.761000
44.903	6.761000
44.903	7.185000
45.235	7.185000
45.235	6.795000
45.567	6.795000
45.567	8.806000
45.9	8.806000
45.9	8.886000
46.233	8.886000
46.233	8.643000
46.566	8.643000
46.566	8.422000
46.876	8.422000
46.876	9.120000
47.186	9.120000
47.186	8.264000
47.496	8.264000
47.496	2.051000
47.846	2.051000
47.846	1.698000
48.196	1.698000
48.196	2.149000
48.546	2.149000
48.546	7.265000
48.854	7.265000
48.854	6.971000
49.162	6.971000
49.162	7.116000
49.47	7.116000
49.47	8.416000
49.801	8.416000
49.801	7.774000
50.132	7.774000
50.132	7.664000
50.463	7.664000
50.463	6.168000
50.801	6.168000
50.801	6.989000
51.139	6.989000
51.139	5.993000
51.477	5.993000
51.477	7.209000
51.803	7.209000
51.803	7.723000
52.129	7.723000
52.129	7.189000
52.455	7.189000
52.455	6.149000
52.802	6.149000
52.802	5.358000
53.149	5.358000
53.149	5.229000
53.496	5.229000
53.496	4.197000
53.844	4.197000
53.844	4.706000
54.192	4.706000
54.192	3.953000
54.54	3.953000
54.54	7.950000
54.883	7.950000
54.883	8.334000
55.226	8.334000
55.226	8.429000
55.569	8.429000
55.569	7.330000
55.889	7.330000
55.889	7.991000
56.209	7.991000
56.209	7.393000
56.529	7.393000
56.529	8.210000
56.865	8.210000
56.865	8.692000
57.201	8.692000
57.201	8.223000
57.537	8.223000
57.537	8.230000
57.875	8.230000
57.875	7.838000
58.213	7.838000
58.213	8.354000
58.551	8.354000
58.551	7.549000
58.848	7.549000
58.848	8.337000
59.145	8.337000
59.145	7.756000
59.442	7.756000
59.442	8.951000
59.761	8.951000
59.761	9.829000
60.08	9.829000
60.08	9.088000
60.399	9.088000
60.399	8.026000
60.721	8.026000
60.721	8.038000
61.043	8.038000
61.043	7.622000
61.365	7.622000
61.365	8.641000
61.704	8.641000
61.704	9.348000
62.043	9.348000
62.043	8.750000
62.382	8.750000
62.382	8.745000
62.695	8.745000
62.695	8.739000
63.008	8.739000
63.008	8.472000
63.321	8.472000
63.321	8.104000
63.634	8.104000
63.634	8.695000
63.947	8.695000
63.947	8.523000
64.259	8.523000
64.259	0.000000
64.259	0.000000
64.259	0.000000
64.259	0.000000
64.259	0.000000
64.259	0.000000
64.259	0.000000
64.259	0.000000
64.259	0.000000
64.259	0.000000
64.259	0.000000
64.259	0.000000
64.259	9.513000
64.599	9.513000
64.599	8.470000
64.933	8.470000
64.933	8.426000
65.267	8.426000
65.267	8.146000
65.601	8.146000
65.601	7.546000
65.917	7.546000
65.917	8.225000
66.233	8.225000
66.233	7.941000
66.549	7.941000
66.549	7.946000
66.86	7.946000
66.86	7.943000
67.171	7.943000
67.171	7.532000
67.482	7.532000
67.482	8.536000
67.818	8.536000
67.818	8.367000
68.154	8.367000
68.154	8.542000
68.49	8.542000
68.49	7.700000
68.806	7.700000
68.806	8.860000
69.122	8.860000
69.122	8.075000
69.438	8.075000
69.438	8.254000
69.868	8.254000
69.868	8.566000
70.298	8.566000
70.298	8.507000
70.728	8.507000
70.728	9.145000
71.069	9.145000
71.069	9.089000
71.41	9.089000
71.41	9.045000
71.751	9.045000
71.751	6.623000
72.069	6.623000
72.069	7.206000
72.387	7.206000
72.387	6.669000
72.705	6.669000
72.705	8.411000
73.03	8.411000
73.03	8.216000
73.355	8.216000
73.355	8.370000
73.68	8.370000
73.68	8.966000
73.998	8.966000
73.998	8.994000
74.316	8.994000
74.316	8.792000
74.634	8.792000
74.634	8.737000
74.958	8.737000
74.958	8.782000
75.282	8.782000
75.282	8.774000
75.606	8.774000
75.606	9.238000
75.938	9.238000
75.938	9.672000
76.27	9.672000
76.27	9.887000
76.602	9.887000
76.602	8.648000
76.91	8.648000
76.91	9.142000
77.218	9.142000
77.218	8.758000
77.526	8.758000
77.526	7.774000
77.844	7.774000
77.844	8.319000
78.162	8.319000
78.162	7.997000
78.48	7.997000
78.48	8.550000
78.81	8.550000
78.81	8.759000
79.14	8.759000
79.14	8.658000
79.47	8.658000
79.47	8.692000
79.78	8.692000
79.78	9.016000
80.09	9.016000
80.09	8.535000
80.4	8.535000
80.4	7.553000
80.727	7.553000
80.727	8.044000
81.054	8.044000
81.054	7.383000
81.381	7.383000
81.381	8.062000
81.72	8.062000
81.72	8.198000
82.059	8.198000
82.059	8.561000
82.398	8.561000
82.398	8.882000
82.714	8.882000
82.714	9.135000
83.03	9.135000
83.03	8.988000
83.346	8.988000
83.346	7.108000
83.641	7.108000
83.641	7.594000
83.936	7.594000
83.936	7.038000
84.231	7.038000
84.231	9.520000
84.567	9.520000
84.567	8.475000
84.903	8.475000
84.903	8.792000
85.239	8.792000
85.239	6.795000
85.556	6.795000
85.556	7.590000
85.873	7.590000
85.873	6.920000
86.19	6.920000
86.19	8.498000
86.535	8.498000
86.535	9.663000
86.88	9.663000
86.88	8.559000
87.225	8.559000
87.225	7.844000
87.534	7.844000
87.534	8.416000
87.843	8.416000
87.843	7.723000
88.152	7.723000
88.152	8.571000
88.482	8.571000
88.482	8.836000
88.812	8.836000
88.812	8.490000
89.142	8.490000
89.142	6.615000
89.443	6.615000
89.443	5.930000
89.744	5.930000
89.744	6.203000
90.045	6.203000
90.045	6.565000
90.357	6.565000
90.357	7.405000
90.669	7.405000
90.669	6.835000
90.981	6.835000
90.981	7.487000
91.413	7.487000
91.413	7.602000
91.845	7.602000
91.845	7.455000
92.277	7.455000
92.277	8.612000
92.705	8.612000
92.705	9.080000
93.133	9.080000
93.133	8.419000
93.561	8.419000
93.561	5.368000
94.223	5.368000
94.223	5.193000
94.885	5.193000
94.885	5.777000
95.547	5.777000
95.547	6.779000
95.795	6.779000
95.795	5.297000
96.043	5.297000
96.043	5.041000
96.291	5.041000
96.291	6.894000
96.513	6.894000
96.513	6.776000
96.735	6.776000
96.735	7.053000
96.957	7.053000
96.957	6.503000
97.209	6.503000
97.209	6.293000
97.461	6.293000
97.461	5.783000
97.713	5.783000
97.713	5.821000
97.982	5.821000
97.982	4.694000
98.251	4.694000
98.251	5.022000
98.52	5.022000
98.52	5.669000
98.74	5.669000
98.74	4.808000
98.96	4.808000
98.96	6.381000
99.18	6.381000
99.18	9.124000
99.521	9.124000
99.521	9.466000
99.862	9.466000
99.862	9.147000
100.203	9.147000
100.203	7.793000
100.549	7.793000
100.549	8.215000
100.895	8.215000
100.895	8.092000
101.241	8.092000
101.241	8.237000
101.561	8.237000
101.561	8.031000
101.881	8.031000
101.881	7.848000
102.201	7.848000
102.201	8.434000
102.526	8.434000
102.526	8.412000
102.852	8.412000
102.852	8.786000
103.178	8.786000
103.178	2.559000
103.531	2.559000
103.531	2.117000
103.884	2.117000
103.884	2.104000
104.237	2.104000
104.237	8.238000
104.549	8.238000
104.549	8.492000
104.861	8.492000
104.861	7.963000
105.173	7.963000
105.173	6.696000
105.508	6.696000
105.508	6.013000
105.843	6.013000
105.843	6.182000
106.178	6.182000
106.178	4.960000
106.515	4.960000
106.515	5.922000
106.852	5.922000
106.852	4.869000
107.189	4.869000
107.189	8.000000
107.499	8.000000
107.499	8.114000
107.809	8.114000
107.809	8.201000
108.119	8.201000
108.119	6.527000
108.449	6.527000
108.449	6.233000
108.779	6.233000
108.779	6.340000
109.109	6.340000
109.109	7.420000
109.429	7.420000
109.429	8.052000
109.749	8.052000
109.749	7.052000
110.069	7.052000
110.069	7.337000
110.391	7.337000
110.391	7.495000
110.712	7.495000
110.712	7.113000
111.033	7.113000
111.033	8.668000
111.37	8.668000
111.37	8.363000
111.707	8.363000
111.707	8.768000
112.044	8.768000
112.044	8.326000
112.36	8.326000
112.36	9.085000
112.676	9.085000
112.676	8.372000
112.992	8.372000
112.992	7.929000
113.324	7.929000
113.324	8.663000
113.657	8.663000
113.657	8.363000
113.989	8.363000
113.989	8.174000
114.307	8.174000
114.307	8.752000
114.625	8.752000
114.625	8.002000
114.943	8.002000
114.943	8.515000
115.283	8.515000
115.283	9.294000
115.623	9.294000
115.623	8.717000
115.963	8.717000
115.963	7.907000
116.382	7.907000
116.382	7.920000
116.801	7.920000
116.801	7.884000
117.22	7.884000
117.22	8.176000
117.552	8.176000
117.552	8.344000
117.884	8.344000
117.884	8.734000
118.216	8.734000
118.216	8.033000
118.521	8.033000
118.521	7.703000
118.826	7.703000
118.826	7.406000
119.131	7.406000
119.131	7.684000
119.434	7.684000
119.434	7.888000
119.737	7.888000
119.737	7.633000
120.04	7.633000
120.04	8.761000
120.373	8.761000
120.373	8.948000
120.706	8.948000
120.706	9.010000
121.039	9.010000
121.039	7.619000
121.357	7.619000
121.357	8.149000
121.675	8.149000
121.675	7.913000
121.993	7.913000
121.993	7.843000
122.314	7.843000
122.314	8.625000
122.635	8.625000
122.635	7.739000
122.956	7.739000
122.956	6.719000
123.283	6.719000
123.283	6.564000
123.611	6.564000
123.611	6.994000
123.939	6.994000
123.939	7.151000
124.256	7.151000
124.256	8.060000
124.573	8.060000
124.573	6.903000
124.89	6.903000
124.89	8.608000
125.202	8.608000
125.202	8.974000
125.514	8.974000
125.514	9.362000
125.826	9.362000
125.826	8.804000
126.167	8.804000
126.167	8.745000
126.507	8.745000
126.507	8.624000
126.847	8.624000
126.847	6.908000
127.172	6.908000
127.172	7.854000
127.497	7.854000
127.497	6.876000
127.822	6.876000
127.822	4.125000
128.174	4.125000
128.174	3.822000
128.526	3.822000
128.526	4.744000
128.878	4.744000
128.878	8.588000
129.311	8.588000
129.311	8.038000
129.745	8.038000
129.745	8.349000
130.179	8.349000
130.179	9.529000
130.521	9.529000
130.521	9.843000
130.863	9.843000
130.863	7.281000
131.196	7.281000
131.196	6.752000
131.529	6.752000
131.529	7.222000
131.862	7.222000
131.862	7.035000
132.178	7.035000
132.178	7.780000
132.494	7.780000
132.494	6.921000
132.81	6.921000
132.81	7.425000
133.135	7.425000
133.135	8.201000
133.46	8.201000
133.46	7.392000
133.785	7.392000
133.785	8.900000
134.108	8.900000
134.108	8.793000
134.431	8.793000
134.431	8.964000
134.754	8.964000
134.754	5.296000
135.103	5.296000
135.103	5.653000
135.452	5.653000
135.452	5.084000
135.801	5.084000
135.801	8.194000
136.212	8.194000
136.212	8.316000
136.623	8.316000
136.623	8.551000
137.034	8.551000
137.034	7.345000
137.356	7.345000
137.356	6.835000
137.678	6.835000
137.678	6.661000
138.0	6.661000
138.0	8.139000
138.316	8.139000
138.316	7.813000
138.632	7.813000
138.632	8.223000
138.948	8.223000
138.948	7.290000
139.273	7.290000
139.273	8.421000
139.598	8.421000
139.598	7.627000
139.923	7.627000
139.923	9.264000
140.255	9.264000
140.255	9.766000
140.587	9.766000
140.587	9.938000
140.919	9.938000
140.919	8.116000
141.244	8.116000
141.244	8.399000
141.569	8.399000
141.569	7.917000
141.894	7.917000
141.894	5.998000
142.228	5.998000
142.228	6.288000
142.562	6.288000
142.562	5.461000
142.896	5.461000
142.896	7.514000
143.23	7.514000
143.23	7.235000
143.564	7.235000
143.564	7.357000
143.898	7.357000
143.898	8.978000
144.21	8.978000
144.21	9.419000
144.522	9.419000
144.522	8.697000
144.834	8.697000
144.834	7.788000
145.155	7.788000
145.155	9.060000
145.476	9.060000
145.476	8.113000
145.797	8.113000
145.797	7.542000
146.137	7.542000
146.137	7.244000
146.477	7.244000
146.477	6.823000
146.817	6.823000
146.817	8.385000
147.128	8.385000
147.128	8.614000
147.439	8.614000
147.439	8.226000
147.75	8.226000
147.75	9.232000
148.087	9.232000
148.087	9.708000
148.424	9.708000
148.424	9.219000
148.761	9.219000
148.761	6.719000
149.097	6.719000
149.097	7.254000
149.433	7.254000
149.433	6.934000
149.769	6.934000
149.769	6.076000
150.11	6.076000
150.11	6.549000
150.451	6.549000
150.451	6.027000
150.792	6.027000
150.792	8.492000
151.135	8.492000
151.135	8.829000
151.478	8.829000
151.478	8.396000
151.821	8.396000
151.821	7.804000
152.112	7.804000
152.112	8.537000
152.403	8.537000
152.403	7.690000
152.694	7.690000
152.694	7.875000
153.029	7.875000
153.029	7.577000
153.364	7.577000
153.364	7.214000
153.699	7.214000
153.699	6.787000
153.986	6.787000
153.986	7.279000
154.273	7.279000
154.273	7.149000
154.56	7.149000
154.56	8.005000
154.882	8.005000
154.882	8.767000
155.204	8.767000
155.204	8.284000
155.526	8.284000
155.526	8.049000
155.862	8.049000
155.862	7.982000
156.198	7.982000
156.198	7.521000
156.534	7.521000
156.534	8.102000
156.858	8.102000
156.858	8.699000
157.182	8.699000
157.182	8.063000
157.506	8.063000
157.506	7.936000
157.827	7.936000
157.827	8.903000
158.148	8.903000
158.148	8.524000
158.469	8.524000
158.469	8.782000
158.798	8.782000
158.798	8.595000
159.127	8.595000
159.127	8.522000
159.456	8.522000
159.456	7.877000
159.745	7.877000
159.745	8.507000
160.034	8.507000
160.034	7.775000
160.323	7.775000
160.323	7.566000
160.743	7.566000
160.743	8.286000
161.163	8.286000
161.163	7.680000
161.583	7.680000
161.583	9.158000
161.907	9.158000
161.907	9.906000
162.231	9.906000
162.231	9.529000
162.555	9.529000
162.555	8.683000
162.9	8.683000
162.9	9.710000
163.245	9.710000
163.245	8.987000
163.59	8.987000
163.59	8.832000
163.92	8.832000
163.92	9.199000
164.25	9.199000
164.25	8.470000
164.58	8.470000
164.58	7.171000
164.922	7.171000
164.922	7.583000
165.264	7.583000
165.264	6.755000
165.606	6.755000
165.606	8.391000
165.913	8.391000
165.913	9.047000
166.22	9.047000
166.22	8.329000
166.527	8.329000
166.527	7.017000
166.866	7.017000
166.866	7.483000
167.205	7.483000
167.205	7.020000
167.544	7.020000
167.544	8.532000
167.867	8.532000
167.867	8.911000
168.19	8.911000
168.19	8.018000
168.513	8.018000
168.513	7.923000
168.861	7.923000
168.861	6.974000
169.209	6.974000
169.209	6.833000
169.557	6.833000
169.557	8.125000
169.866	8.125000
169.866	9.197000
170.175	9.197000
170.175	8.510000
170.484	8.510000
170.484	7.989000
170.806	7.989000
170.806	8.914000
171.128	8.914000
171.128	8.522000
171.45	8.522000
171.45	8.965000
171.777	8.965000
171.777	9.329000
172.104	9.329000
172.104	8.906000
172.431	8.906000
172.431	8.007000
172.76	8.007000
172.76	8.484000
173.089	8.484000
173.089	7.949000
173.418	7.949000
173.418	8.226000
173.735	8.226000
173.735	8.643000
174.052	8.643000
174.052	8.396000
174.369	8.396000
174.369	9.283000
174.702	9.283000
174.702	9.814000
175.035	9.814000
175.035	9.525000
175.368	9.525000
175.368	6.770000
175.678	6.770000
175.678	7.544000
175.988	7.544000
175.988	6.989000
176.298	6.989000
176.298	7.743000
176.618	7.743000
176.618	7.790000
176.938	7.790000
176.938	7.881000
177.258	7.881000
177.258	9.016000
177.588	9.016000
177.588	8.990000
177.918	8.990000
177.918	8.612000
178.248	8.612000
178.248	7.996000
178.586	7.996000
178.586	8.732000
178.924	8.732000
178.924	7.628000
179.262	7.628000
179.262	9.402000
179.604	9.402000
179.604	8.911000
179.929	8.911000
179.929	9.020000
180.254	9.020000
180.254	8.268000
180.579	8.268000
180.579	8.220000
180.881	8.220000
180.881	8.644000
181.183	8.644000
181.183	8.201000
181.484	8.201000
181.484	8.597000
181.801	8.597000
181.801	9.291000
182.118	9.291000
182.118	8.623000
182.435	8.623000
182.435	8.552000
182.769	8.552000
182.769	8.984000
183.103	8.984000
183.103	9.091000
183.437	9.091000
183.437	8.601000
183.768	8.601000
183.768	9.034000
184.099	9.034000
184.099	9.057000
184.43	9.057000
184.43	9.618000
184.735	9.618000
184.735	9.883000
185.04	9.883000
185.04	9.467000
185.345	9.467000
185.345	9.085000
185.679	9.085000
185.679	9.058000
186.013	9.058000
186.013	8.863000
186.347	8.863000
186.347	6.101000
186.69	6.101000
186.69	6.872000
187.033	6.872000
187.033	5.903000
187.376	5.903000
187.376	8.617000
187.702	8.617000
187.702	9.407000
188.028	9.407000
188.028	8.789000
188.354	8.789000
188.354	8.146000
188.69	8.146000
188.69	7.868000
189.026	7.868000
189.026	7.469000
189.362	7.469000
189.362	8.094000
189.684	8.094000
189.684	8.509000
190.006	8.509000
190.006	8.350000
190.328	8.350000
190.328	8.198000
190.661	8.198000
190.661	8.341000
190.994	8.341000
190.994	8.072000
191.327	8.072000
191.327	7.089000
191.663	7.089000
191.663	7.078000
191.999	7.078000
191.999	7.439000
192.335	7.439000
192.335	8.436000
192.669	8.436000
192.669	8.668000
193.003	8.668000
193.003	8.798000
193.337	8.798000
193.337	9.327000
193.674	9.327000
193.674	9.374000
194.011	9.374000
194.011	9.052000
194.348	9.052000
194.348	6.550000
194.701	6.550000
194.701	5.649000
195.054	5.649000
195.054	5.500000
195.407	5.500000
195.407	8.561000
195.715	8.561000
195.715	8.965000
196.023	8.965000
196.023	8.624000
196.331	8.624000
196.331	7.996000
196.648	7.996000
196.648	8.643000
196.965	8.643000
196.965	8.071000
197.282	8.071000
197.282	7.917000
197.609	7.917000
197.609	7.823000
197.936	7.823000
197.936	7.563000
198.263	7.563000
198.263	8.351000
198.689	8.351000
198.689	8.116000
199.115	8.116000
199.115	8.046000
199.541	8.046000
199.541	7.260000
199.876	7.260000
199.876	7.828000
200.211	7.828000
200.211	7.887000
200.546	7.887000
200.546	8.477000
200.868	8.477000
200.868	8.514000
201.19	8.514000
201.19	7.957000
201.512	7.957000
201.512	8.305000
201.852	8.305000
201.852	8.681000
202.192	8.681000
202.192	8.456000
202.532	8.456000
202.532	7.355000
202.857	7.355000
202.857	8.648000
203.182	8.648000
203.182	7.723000
203.507	7.723000
203.507	7.075000
203.931	7.075000
203.931	8.202000
204.355	8.202000
204.355	7.322000
204.779	7.322000
204.779	8.349000
205.117	8.349000
205.117	7.755000
205.455	7.755000
205.455	6.590000
205.778	6.590000
205.778	7.329000
206.101	7.329000
206.101	7.285000
206.424	7.285000
206.424	6.870000
206.736	6.870000
206.736	7.785000
207.048	7.785000
207.048	7.171000
207.36	7.171000
207.36	9.535000
207.697	9.535000
207.697	9.020000
208.034	9.020000
208.034	9.196000
208.371	9.196000
208.371	8.045000
208.682	8.045000
208.682	8.714000
208.993	8.714000
208.993	7.640000
209.304	7.640000
209.304	8.784000
209.639	8.784000
209.639	8.898000
209.974	8.898000
209.974	8.625000
210.309	8.625000
210.309	8.473000
210.624	8.473000
210.624	9.306000
210.939	9.306000
210.939	8.663000
211.254	8.663000
211.254	8.209000
211.575	8.209000
211.575	8.990000
211.896	8.990000
211.896	8.238000
212.217	8.238000
212.217	8.149000
212.552	8.149000
212.552	7.933000
212.887	7.933000
212.887	7.461000
213.222	7.461000
213.222	3.330000
213.571	3.330000
213.571	3.416000
213.92	3.416000
213.92	3.185000
214.269	3.185000
214.269	7.860000
214.583	7.860000
214.583	8.550000
214.897	8.550000
214.897	7.667000
215.211	7.667000
215.211	8.931000
215.542	8.931000
215.542	8.611000
215.873	8.611000
215.873	8.395000
216.204	8.395000
216.204	9.082000
216.516	9.082000
216.516	9.478000
216.828	9.478000
216.828	9.217000
217.14	9.217000
217.14	8.531000
217.462	8.531000
217.462	8.791000
217.784	8.791000
217.784	8.491000
218.106	8.491000
218.106	8.322000
218.438	8.322000
218.438	8.915000
218.77	8.915000
218.77	8.207000
219.102	8.207000
219.102	8.048000
219.417	8.048000
219.417	8.528000
219.732	8.528000
219.732	8.105000
220.047	8.105000
220.047	8.980000
220.372	8.980000
220.372	9.879000
220.697	9.879000
220.697	9.120000
221.022	9.120000
221.022	3.997000
221.37	3.997000
221.37	3.203000
221.72	3.203000
221.72	3.109000
222.07	3.109000
222.07	7.947000
222.404	7.947000
222.404	8.748000
222.738	8.748000
222.738	8.166000
223.072	8.166000
223.072	6.670000
223.386	6.670000
223.386	7.076000
223.7	7.076000
223.7	7.053000
224.014	7.053000
224.014	9.934000
224.345	9.934000
224.345	8.131000
224.782	8.131000
224.782	8.162000
225.219	8.162000
225.219	7.769000
225.656	7.769000
225.656	6.762000
225.991	6.762000
225.991	6.394000
226.326	6.394000
226.326	6.283000
226.661	6.283000
226.661	7.729000
226.988	7.729000
226.988	8.321000
227.315	8.321000
227.315	7.638000
227.642	7.638000
227.642	7.817000
227.964	7.817000
227.964	7.848000
228.286	7.848000
228.286	7.965000
228.608	7.965000
228.608	8.738000
228.945	8.738000
228.945	8.753000
229.282	8.753000
229.282	8.363000
229.619	8.363000
229.619	7.489000
229.929	7.489000
229.929	7.940000
230.239	7.940000
230.239	7.808000
230.549	7.808000
230.549	7.189000
230.971	7.189000
230.971	7.904000
231.394	7.904000
231.394	7.826000
231.816	7.826000
231.816	9.270000
232.153	9.270000
232.153	8.394000
232.49	8.394000
232.49	8.137000
232.827	8.137000
232.827	7.894000
233.147	7.894000
233.147	8.577000
233.467	8.577000
233.467	7.858000
233.787	7.858000
233.787	5.543000
234.116	5.543000
234.116	5.357000
234.445	5.357000
234.445	5.088000
234.774	5.088000
234.774	8.348000
235.106	8.348000
235.106	8.901000
235.438	8.901000
235.438	8.219000
235.77	8.219000
235.77	2.281000
236.123	2.281000
236.123	2.074000
236.476	2.074000
236.476	2.229000
236.829	2.229000
236.829	7.665000
237.144	7.665000
237.144	8.277000
237.459	8.277000
237.459	7.650000
237.774	7.650000
237.774	7.460000
238.106	7.460000
238.106	7.231000
238.438	7.231000
238.438	6.911000
238.77	6.911000
238.77	8.405000
239.094	8.405000
239.094	8.906000
239.418	8.906000
239.418	8.071000
239.742	8.071000
239.742	8.638000
240.075	8.638000
240.075	9.442000
240.408	9.442000
240.408	9.193000
240.741	9.193000
240.741	7.867000
241.068	7.867000
241.068	9.083000
241.395	9.083000
241.395	7.843000
241.722	7.843000
241.722	7.739000
242.033	7.739000
242.033	8.975000
242.344	8.975000
242.344	7.685000
242.655	7.685000
242.655	8.661000
243.095	8.661000
243.095	8.896000
243.535	8.896000
243.535	8.079000
243.975	8.079000
243.975	6.760000
244.284	6.760000
244.284	7.418000
244.593	7.418000
244.593	6.833000
244.902	6.833000
244.902	7.288000
245.218	7.288000
245.218	7.820000
245.533	7.820000
245.533	7.565000
245.848	7.565000
245.848	8.164000
246.18	8.164000
246.18	7.560000
246.512	7.560000
246.512	7.489000
246.844	7.489000
246.844	8.832000
247.167	8.832000
247.167	9.870000
247.49	9.870000
247.49	8.908000
247.813	8.908000
247.813	8.813000
248.141	8.813000
248.141	9.307000
248.469	9.307000
248.469	8.859000
248.797	8.859000
248.797	8.838000
249.234	8.838000
249.234	8.362000
249.67	8.362000
249.67	8.229000
250.106	8.229000
250.106	8.001000
250.437	8.001000
250.437	8.864000
250.768	8.864000
250.768	8.114000
251.099	8.114000
251.099	5.547000
251.453	5.547000
251.453	6.034000
251.807	6.034000
251.807	5.170000
252.161	5.170000
252.161	6.406000
252.505	6.406000
252.505	6.323000
252.849	6.323000
252.849	6.496000
253.193	6.496000
253.193	8.072000
253.62	8.072000
253.62	8.536000
254.047	8.536000
254.047	7.980000
254.474	7.980000
254.474	8.217000
254.778	8.217000
254.778	9.208000
255.082	9.208000
255.082	8.816000
255.386	8.816000
255.386	8.502000
255.725	8.502000
255.725	7.715000
256.065	7.715000
256.065	7.616000
256.404	7.616000
256.404	6.687000
256.73	6.687000
256.73	7.445000
257.056	7.445000
257.056	7.062000
257.382	7.062000
257.382	9.937000
257.724	9.937000
257.724	8.845000
258.163	8.845000
258.163	8.079000
258.602	8.079000
258.602	7.784000
259.041	7.784000
259.041	5.708000
259.344	5.708000
259.344	6.847000
259.647	6.847000
259.647	6.205000
259.95	6.205000
259.95	7.203000
260.276	7.203000
260.276	8.510000
260.602	8.510000
260.602	7.577000
260.928	7.577000
260.928	8.445000
261.273	8.445000
261.273	8.794000
261.618	8.794000
261.618	8.479000
261.963	8.479000
261.963	8.621000
262.294	8.621000
262.294	9.472000
262.625	9.472000
262.625	8.814000
262.956	8.814000
262.956	8.432000
263.299	8.432000
263.299	9.602000
263.642	9.602000
263.642	8.616000
263.985	8.616000
263.985	9.500000
264.312	9.500000
264.312	9.415000
264.639	9.415000
264.639	8.921000
264.966	8.921000
264.966	8.328000
265.401	8.328000
265.401	8.437000
265.836	8.437000
265.836	7.815000
266.271	7.815000
266.271	9.123000
266.604	9.123000
266.604	9.606000
266.937	9.606000
266.937	9.300000
267.27	9.300000
267.27	9.181000
267.618	9.181000
267.618	9.551000
267.966	9.551000
267.966	9.109000
268.314	9.109000
268.314	7.911000
268.626	7.911000
268.626	7.633000
268.938	7.633000
268.938	8.229000
269.25	8.229000
269.25	7.564000
269.567	7.564000
269.567	7.129000
269.884	7.129000
269.884	7.790000
270.201	7.790000
270.201	6.983000
270.535	6.983000
270.535	7.281000
270.869	7.281000
270.869	7.277000
271.203	7.277000
271.203	7.522000
271.516	7.522000
271.516	7.596000
271.829	7.596000
271.829	7.991000
272.142	7.991000
272.142	7.428000
272.458	7.428000
272.458	7.827000
272.774	7.827000
272.774	7.930000
273.09	7.930000
273.09	9.635000
273.419	9.635000
273.419	9.511000
273.748	9.511000
273.748	8.592000
274.064	8.592000
274.064	8.429000
274.38	8.429000
274.38	8.074000
274.696	8.074000
274.696	7.968000
275.024	7.968000
275.024	8.234000
275.352	8.234000
275.352	7.648000
275.68	7.648000
275.68	7.751000
275.984	7.751000
275.984	8.845000
276.288	8.845000
276.288	8.234000
276.592	8.234000
276.592	9.491000
276.938	9.491000
276.938	9.850000
277.284	9.850000
277.284	6.569000
277.627	6.569000
277.627	6.142000
277.971	6.142000
277.971	6.096000
278.315	6.096000
278.315	7.836000
278.637	7.836000
278.637	8.637000
278.959	8.637000
278.959	8.465000
279.281	8.465000
279.281	7.918000
279.618	7.918000
279.618	7.026000
279.955	7.026000
279.955	6.721000
280.292	6.721000
280.292	8.656000
280.612	8.656000
280.612	9.539000
280.932	9.539000
280.932	8.854000
281.252	8.854000
281.252	7.465000
281.583	7.465000
281.583	7.837000
281.914	7.837000
281.914	7.801000
282.245	7.801000
282.245	7.939000
282.573	7.939000
282.573	7.448000
282.901	7.448000
282.901	7.097000
283.229	7.097000
283.229	9.740000
283.554	9.740000
283.554	9.854000
283.879	9.854000
283.879	7.554000
284.202	7.554000
284.202	8.514000
284.526	8.514000
284.526	7.962000
284.85	7.962000
284.85	8.575000
285.189	8.575000
285.189	8.529000
285.528	8.529000
285.528	8.612000
285.867	8.612000
285.867	8.891000
286.174	8.891000
286.174	9.568000
286.48	9.568000
286.48	8.666000
286.786	8.666000
286.786	6.373000
287.197	6.373000
287.197	6.792000
287.608	6.792000
287.608	6.261000
288.019	6.261000
288.019	9.818000
288.353	9.818000
288.353	7.317000
288.687	7.317000
288.687	7.162000
289.021	7.162000
289.021	6.421000
289.353	6.421000
289.353	7.294000
289.685	7.294000
289.685	6.628000
290.017	6.628000
290.017	8.086000
290.336	8.086000
290.336	8.727000
290.655	8.727000
290.655	8.403000
290.974	8.403000
290.974	9.443000
291.31	9.443000
291.31	9.406000
291.646	9.406000
291.646	7.316000
291.953	7.316000
291.953	7.351000
292.26	7.351000
292.26	7.050000
292.567	7.050000
292.567	6.829000
292.917	6.829000
292.917	7.114000
293.267	7.114000
293.267	6.501000
293.617	6.501000
293.617	8.271000
294.053	8.271000
294.053	7.509000
294.492	7.509000
294.492	7.175000
294.931	7.175000
294.931	8.363000
295.365	8.363000
295.365	8.702000
295.799	8.702000
295.799	8.058000
296.233	8.058000
296.233	7.556000
296.569	7.556000
296.569	7.792000
296.905	7.792000
296.905	7.433000
297.241	7.433000
297.241	8.204000
297.58	8.204000
297.58	7.705000
297.919	7.705000
297.919	7.648000
298.258	7.648000
298.258	7.822000
298.588	7.822000
298.588	8.135000
298.918	8.135000
298.918	7.892000
299.248	7.892000
299.248	6.130000
299.558	6.130000
299.558	6.860000
299.868	6.860000
299.868	6.431000
300.178	6.431000
300.178	6.420000
300.508	6.420000
300.508	5.091000
300.838	5.091000
300.838	5.374000
301.168	5.374000
301.168	7.243000
301.499	7.243000
301.499	8.003000
301.829	8.003000
301.829	7.168000
302.159	7.168000
302.159	6.024000
302.497	6.024000
302.497	6.518000
302.835	6.518000
302.835	6.031000
303.173	6.031000
303.173	8.863000
303.51	8.863000
303.51	8.846000
303.847	8.846000
303.847	8.884000
304.184	8.884000
304.184	7.411000
304.505	7.411000
304.505	8.015000
304.826	8.015000
304.826	7.649000
305.147	7.649000
305.147	7.451000
305.457	7.451000
305.457	7.990000
305.767	7.990000
305.767	7.562000
306.077	7.562000
306.077	6.427000
306.38	6.427000
306.38	7.295000
306.683	7.295000
306.683	6.302000
306.986	6.302000
306.986	7.620000
307.317	7.620000
307.317	8.308000
307.648	8.308000
307.648	8.143000
307.979	8.143000
307.979	8.213000
308.308	8.213000
308.308	9.261000
308.637	9.261000
308.637	8.542000
308.966	8.542000
308.966	7.782000
309.289	7.782000
309.289	8.359000
309.612	8.359000
309.612	7.949000
309.935	7.949000
309.935	9.227000
310.249	9.227000
310.249	9.029000
310.563	9.029000
310.563	9.119000
310.877	9.119000
310.877	7.008000
311.189	7.008000
311.189	7.707000
311.501	7.707000
311.501	7.223000
311.813	7.223000
311.813	7.282000
312.146	7.282000
312.146	7.003000
312.479	7.003000
312.479	6.958000
312.812	6.958000
312.812	6.399000
313.154	6.399000
313.154	6.388000
313.496	6.388000
313.496	6.505000
313.838	6.505000
313.838	6.927000
314.164	6.927000
314.164	7.383000
314.49	7.383000
314.49	6.881000
314.816	6.881000
314.816	7.262000
315.148	7.262000
315.148	6.304000
315.48	6.304000
315.48	6.365000
315.812	6.365000
315.812	8.230000
316.144	8.230000
316.144	8.451000
316.476	8.451000
316.476	8.253000
316.808	8.253000
316.808	6.796000
317.118	6.796000
317.118	7.724000
317.428	7.724000
317.428	7.325000
317.738	7.325000
317.738	9.984000
318.071	9.984000
318.071	7.693000
318.389	7.693000
318.389	8.304000
318.707	8.304000
318.707	7.375000
319.025	7.375000
319.025	7.623000
319.349	7.623000
319.349	8.596000
319.673	8.596000
319.673	7.931000
319.997	7.931000
319.997	8.158000
320.338	8.158000
320.338	8.270000
320.678	8.270000
320.678	8.093000
321.018	8.093000
321.018	8.338000
321.319	8.338000
321.319	8.935000
321.62	8.935000
321.62	8.931000
321.921	8.931000
321.921	7.432000
322.262	7.432000
322.262	7.446000
322.603	7.446000
322.603	7.434000
322.944	7.434000
322.944	7.953000
323.251	7.953000
323.251	8.120000
323.558	8.120000
323.558	7.784000
323.865	7.784000
323.865	3.128000
324.218	3.128000
324.218	2.131000
324.571	2.131000
324.571	2.009000
324.924	2.009000
324.924	8.199000
325.25	8.199000
325.25	8.863000
325.576	8.863000
325.576	8.265000
325.902	8.265000
325.902	8.204000
326.214	8.204000
326.214	7.855000
326.526	7.855000
326.526	8.099000
326.838	8.099000
326.838	8.032000
327.172	8.032000
327.172	8.470000
327.506	8.470000
327.506	8.011000
327.84	8.011000
327.84	6.204000
328.179	6.204000
328.179	6.640000
328.518	6.640000
328.518	6.742000
328.857	6.742000
328.857	8.361000
329.176	8.361000
329.176	8.538000
329.495	8.538000
329.495	8.670000
329.814	8.670000
329.814	8.485000
330.141	8.485000
330.141	9.148000
330.468	9.148000
330.468	8.842000
330.795	8.842000
330.795	8.309000
331.129	8.309000
331.129	9.146000
331.463	9.146000
331.463	8.568000
331.797	8.568000
331.797	8.814000
332.121	8.814000
332.121	9.389000
332.445	9.389000
332.445	9.006000
332.769	9.006000
332.769	9.865000
333.115	9.865000
333.115	7.310000
333.435	7.310000
333.435	7.369000
333.755	7.369000
333.755	7.049000
334.075	7.049000
334.075	8.143000
334.406	8.143000
334.406	8.214000
334.737	8.214000
334.737	7.997000
335.068	7.997000
335.068	8.365000
335.379	8.365000
335.379	9.144000
335.69	9.144000
335.69	8.347000
336.001	8.347000
336.001	6.112000
336.312	6.112000
336.312	5.726000
336.623	5.726000
336.623	5.873000
336.934	5.873000
336.934	9.032000
337.256	9.032000
337.256	8.779000
337.578	8.779000
337.578	8.586000
337.9	8.586000
337.9	7.987000
338.217	7.987000
338.217	7.524000
338.534	7.524000
338.534	7.964000
338.851	7.964000
338.851	8.270000
339.175	8.270000
339.175	9.450000
339.498	9.450000
339.498	8.426000
339.821	8.426000
339.821	8.878000
340.157	8.878000
340.157	8.790000
340.493	8.790000
340.493	8.352000
340.829	8.352000
340.829	7.767000
341.138	7.767000
341.138	8.198000
341.447	8.198000
341.447	7.518000
341.756	7.518000
341.756	7.491000
342.073	7.491000
342.073	8.433000
342.39	8.433000
342.39	7.499000
342.707	7.499000
342.707	8.612000
343.033	8.612000
343.033	8.708000
343.359	8.708000
343.359	8.856000
343.685	8.856000
343.685	6.955000
344.098	6.955000
344.098	5.762000
344.511	5.762000
344.511	6.286000
344.924	6.286000
344.924	8.917000
345.268	8.917000
345.268	9.578000
345.612	9.578000
345.612	8.877000
345.956	8.877000
345.956	6.481000
346.298	6.481000
346.298	5.994000
346.64	5.994000
346.64	5.943000
346.982	5.943000
346.982	8.239000
347.292	8.239000
347.292	8.763000
347.602	8.763000
347.602	8.035000
347.912	8.035000
347.912	8.649000
348.352	8.649000
348.352	9.233000
348.792	9.233000
348.792	9.017000
349.232	9.017000
349.232	8.936000
349.579	8.936000
349.579	8.333000
349.926	8.333000
349.926	8.655000
350.273	8.655000
350.273	8.352000
350.585	8.352000
350.585	8.215000
350.897	8.215000
350.897	8.840000
351.209	8.840000
351.209	7.805000
351.517	7.805000
351.517	7.154000
351.825	7.154000
351.825	8.159000
352.133	8.159000
352.133	7.320000
352.458	7.320000
352.458	6.276000
352.783	6.276000
352.783	6.394000
353.108	6.394000
353.108	3.039000
353.418	3.039000
353.418	3.601000
353.728	3.601000
353.728	3.299000
354.038	3.299000
354.038	8.469000
354.364	8.469000
354.364	8.607000
354.69	8.607000
354.69	8.554000
355.016	8.554000
355.016	9.264000
355.34	9.264000
355.34	8.817000
355.664	8.817000
355.664	9.875000
355.988	9.875000
355.988	7.603000
356.306	7.603000
356.306	7.457000
356.624	7.457000
356.624	7.415000
356.942	7.415000
356.942	7.175000
357.258	7.175000
357.258	7.084000
357.574	7.084000
357.574	7.462000
357.89	7.462000
357.89	6.416000
358.223	6.416000
358.223	4.992000
358.558	4.992000
358.558	5.510000
358.893	5.510000
358.893	7.052000
359.234	7.052000
359.234	7.667000
359.575	7.667000
359.575	7.202000
359.916	7.202000
359.916	7.810000
360.248	7.810000
360.248	6.406000
360.58	6.406000
360.58	7.017000
360.912	7.017000
360.912	7.735000
361.218	7.735000
361.218	7.962000
361.524	7.962000
361.524	8.078000
361.83	8.078000
361.83	8.875000
362.268	8.875000
362.268	9.642000
362.706	9.642000
362.706	9.430000
363.144	9.430000
363.144	9.356000
363.478	9.356000
363.478	9.363000
363.813	9.363000
363.813	8.744000
364.148	8.744000
364.148	7.728000
364.456	7.728000
364.456	6.907000
364.763	6.907000
364.763	7.764000
365.07	7.764000
365.07	7.726000
365.367	7.726000
365.367	8.035000
365.664	8.035000
365.664	7.872000
365.961	7.872000
365.961	6.855000
366.305	6.855000
366.305	7.065000
366.649	7.065000
366.649	6.634000
366.993	6.634000
366.993	7.841000
367.303	7.841000
367.303	8.622000
367.613	8.622000
367.613	7.975000
367.923	7.975000
367.923	7.685000
368.24	7.685000
368.24	8.604000
368.557	8.604000
368.557	8.020000
368.874	8.020000
368.874	9.721000
369.211	9.721000
369.211	9.941000
369.548	9.941000
369.548	7.368000
369.853	7.368000
369.853	7.923000
370.158	7.923000
370.158	7.599000
370.463	7.599000
370.463	7.442000
370.782	7.442000
370.782	7.374000
371.101	7.374000
371.101	6.905000
371.42	6.905000
371.42	5.895000
371.768	5.895000
371.768	6.026000
372.116	6.026000
372.116	5.850000
372.464	5.850000
372.464	7.414000
372.787	7.414000
372.787	8.268000
373.11	8.268000
373.11	7.016000
373.433	7.016000
373.433	8.397000
373.773	8.397000
373.773	8.795000
374.113	8.795000
374.113	8.160000
374.453	8.160000
374.453	8.225000
374.764	8.225000
374.764	8.558000
375.075	8.558000
375.075	8.034000
375.386	8.034000
375.386	7.256000
375.722	7.256000
375.722	6.933000
376.058	6.933000
376.058	6.314000
376.394	6.314000
376.394	6.658000
376.714	6.658000
376.714	7.438000
377.034	7.438000
377.034	6.754000
377.355	6.754000
377.355	8.106000
377.679	8.106000
377.679	8.466000
378.003	8.466000
378.003	7.970000
378.327	7.970000
378.327	5.506000
378.643	5.506000
378.643	4.931000
378.959	4.931000
378.959	5.514000
379.275	5.514000
379.275	8.156000
379.608	8.156000
379.608	8.871000
379.941	8.871000
379.941	8.841000
380.274	8.841000
380.274	6.276000
380.589	6.276000
380.589	6.402000
380.904	6.402000
380.904	6.872000
381.219	6.872000
381.219	5.196000
381.531	5.196000
381.531	6.404000
381.843	6.404000
381.843	5.504000
382.155	5.504000
382.155	9.785000
382.491	9.785000
382.491	8.857000
382.81	8.857000
382.81	9.797000
383.129	9.797000
383.129	9.483000
383.448	9.483000
383.448	7.780000
383.765	7.780000
383.765	8.891000
384.082	8.891000
384.082	8.395000
384.399	8.395000
384.399	8.952000
384.736	8.952000
384.736	9.773000
385.073	9.773000
385.073	9.640000
385.41	9.640000
385.41	7.368000
385.721	7.368000
385.721	8.405000
386.032	8.405000
386.032	7.651000
386.343	7.651000
386.343	6.534000
386.684	6.534000
386.684	7.150000
387.025	7.150000
387.025	6.315000
387.366	6.315000
387.366	9.197000
387.706	9.197000
387.706	8.776000
388.027	8.776000
388.027	8.666000
388.348	8.666000
388.348	8.272000
388.669	8.272000
388.669	8.434000
388.992	8.434000
388.992	9.650000
389.314	9.650000
389.314	8.988000
389.636	8.988000
389.636	4.589000
389.953	4.589000
389.953	4.076000
390.27	4.076000
390.27	3.676000
390.587	3.676000
390.587	8.525000
391.018	8.525000
391.018	8.684000
391.449	8.684000
391.449	8.786000
391.88	8.786000
391.88	7.231000
392.413	7.231000
392.413	8.452000
392.946	8.452000
392.946	8.303000
393.479	8.303000
393.479	7.025000
393.706	7.025000
393.706	7.398000
393.933	7.398000
393.933	6.617000
394.16	6.617000
394.16	6.204000
394.384	6.204000
394.384	6.308000
394.608	6.308000
394.608	6.068000
394.832	6.068000
394.832	5.997000
395.078	5.997000
395.078	7.033000
395.324	7.033000
395.324	6.973000
395.57	6.973000
395.57	6.587000
395.798	6.587000
395.798	6.008000
396.026	6.008000
396.026	6.282000
396.254	6.282000
396.254	5.976000
396.48	5.976000
396.48	6.221000
396.706	6.221000
396.706	5.359000
396.932	5.359000
396.932	6.858000
397.171	6.858000
397.171	7.171000
397.41	7.171000
397.41	6.976000
397.649	6.976000
397.649	4.944000
397.901	4.944000
397.901	4.593000
398.152	4.593000
398.152	5.403000
398.404	5.403000
398.404	7.189000
398.638	7.189000
398.638	8.241000
398.872	8.241000
398.872	7.099000
399.106	7.099000
399.106	7.616000
399.376	7.616000
399.376	8.119000
399.646	8.119000
399.646	7.784000
399.916	7.784000
399.916	6.127000
400.135	6.127000
400.135	6.085000
400.354	6.085000
400.354	6.743000
400.573	6.743000
400.573	9.817000
400.922	9.817000
400.922	8.362000
401.254	8.362000
401.254	8.487000
401.586	8.487000
401.586	8.487000
401.918	8.487000
401.918	8.651000
402.231	8.651000
402.231	8.800000
402.543	8.800000
402.543	8.604000
402.855	8.604000
402.855	6.698000
403.185	6.698000
403.185	6.391000
403.515	6.391000
403.515	6.735000
403.845	6.735000
403.845	9.695000
404.19	9.695000
404.19	9.850000
404.535	9.850000
404.535	7.723000
404.857	7.723000
404.857	7.821000
405.179	7.821000
405.179	8.538000
405.501	8.538000
405.501	8.006000
405.83	8.006000
405.83	7.731000
406.159	7.731000
406.159	8.631000
406.488	8.631000
406.488	8.092000
406.825	8.092000
406.825	8.177000
407.162	8.177000
407.162	8.559000
407.499	8.559000
407.499	6.515000
407.829	6.515000
407.829	6.992000
408.159	6.992000
408.159	7.181000
408.489	7.181000
408.489	8.753000
408.811	8.753000
408.811	8.776000
409.133	8.776000
409.133	9.149000
409.455	9.149000
409.455	7.087000
409.779	7.087000
409.779	7.319000
410.103	7.319000
410.103	7.343000
410.427	7.343000
410.427	7.548000
410.813	7.548000
410.813	8.044000
411.198	8.044000
411.198	7.679000
411.583	7.679000
411.583	8.147000
412.012	8.147000
412.012	8.591000
412.44	8.591000
412.44	8.573000
412.868	8.573000
412.868	8.751000
413.19	8.751000
413.19	8.771000
413.512	8.771000
413.512	8.814000
413.834	8.814000
413.834	7.937000
414.169	7.937000
414.169	8.166000
414.504	8.166000
414.504	8.580000
414.839	8.580000
414.839	7.809000
415.175	7.809000
415.175	8.034000
415.511	8.034000
415.511	7.763000
415.848	7.763000
415.848	7.366000
416.152	7.366000
416.152	7.898000
416.456	7.898000
416.456	7.627000
416.76	7.627000
416.76	8.938000
417.087	8.938000
417.087	8.968000
417.414	8.968000
417.414	9.772000
417.741	9.772000
417.741	2.794000
418.09	2.794000
418.09	3.304000
418.439	3.304000
418.439	3.525000
418.788	3.525000
418.788	9.408000
419.133	9.408000
419.133	9.412000
419.477	9.412000
419.477	9.573000
419.771	9.573000
419.771	9.289000
420.065	9.289000
420.065	9.805000
420.359	9.805000
420.359	8.438000
420.689	8.438000
420.689	7.428000
421.02	7.428000
421.02	7.677000
421.351	7.677000
421.351	9.907000
421.675	9.907000
421.675	6.542000
422.01	6.542000
422.01	6.754000
422.345	6.754000
422.345	6.519000
422.68	6.519000
422.68	7.811000
423.014	7.811000
423.014	8.242000
423.348	8.242000
423.348	8.499000
423.682	8.499000
423.682	5.626000
424.003	5.626000
424.003	5.513000
424.324	5.513000
424.324	5.904000
424.645	5.904000
424.645	7.189000
424.976	7.189000
424.976	7.546000
425.307	7.546000
425.307	6.925000
425.638	6.925000
425.638	8.245000
425.973	8.245000
425.973	9.000000
426.308	9.000000
426.308	8.932000
426.643	8.932000
426.643	6.984000
426.979	6.984000
426.979	7.215000
427.315	7.215000
427.315	6.435000
427.651	6.435000
427.651	6.280000
427.972	6.280000
427.972	6.418000
428.293	6.418000
428.293	7.054000
428.614	7.054000
428.614	6.644000
428.959	6.644000
428.959	6.527000
429.304	6.527000
429.304	6.378000
429.648	6.378000
429.648	9.359000
429.977	9.359000
429.977	8.932000
430.306	8.932000
430.306	9.040000
430.635	9.040000
430.635	7.509000
430.963	7.509000
430.963	7.617000
431.291	7.617000
431.291	7.983000
431.62	7.983000
431.62	8.811000
431.954	8.811000
431.954	8.804000
432.288	8.804000
432.288	8.811000
432.622	8.811000
432.622	6.447000
432.939	6.447000
432.939	6.848000
433.256	6.848000
433.256	6.251000
433.573	6.251000
433.573	7.018000
433.901	7.018000
433.901	5.833000
434.229	5.833000
434.229	6.472000
434.557	6.472000
434.557	8.184000
434.878	8.184000
434.878	8.010000
435.199	8.010000
435.199	8.138000
435.52	8.138000
