0.0	2.364000
0.347	2.364000
0.347	3.013000
0.694	3.013000
0.694	2.732000
1.041	2.732000
1.041	3.452000
1.38	3.452000
1.38	4.160000
1.719	4.160000
1.719	3.101000
2.059	3.101000
2.059	5.362000
2.389	5.362000
2.389	6.288000
2.714	6.288000
2.714	6.724000
3.044	6.724000
3.044	4.106000
3.383	4.106000
3.383	4.279000
3.722	4.279000
3.722	4.235000
4.061	4.235000
4.061	4.212000
4.414	4.212000
4.414	4.133000
4.767	4.133000
4.767	5.209000
5.12	5.209000
5.12	3.380000
5.471	3.380000
5.471	2.768000
5.822	2.768000
5.822	4.317000
6.173	4.317000
6.173	3.542000
6.522	3.542000
6.522	3.916000
6.871	3.916000
6.871	3.895000
7.22	3.895000
7.22	3.076000
7.573	3.076000
7.573	2.464000
7.925	2.464000
7.925	3.979000
8.277	3.979000
8.277	3.722000
8.622	3.722000
8.622	3.516000
8.967	3.516000
8.967	4.591000
9.312	4.591000
9.312	3.144000
9.666	3.144000
9.666	2.126000
10.02	2.126000
10.02	2.121000
10.374	2.121000
10.374	3.428000
10.724	3.428000
10.724	3.316000
11.073	3.316000
11.073	2.956000
11.423	2.956000
11.423	3.065000
11.772	3.065000
11.772	2.773000
12.121	2.773000
12.121	4.343000
12.47	4.343000
12.47	4.225000
12.803	4.225000
12.803	2.746000
13.137	2.746000
13.137	2.630000
13.47	2.630000
13.47	2.690000
13.789	2.690000
13.789	2.979000
14.108	2.979000
14.108	3.778000
14.427	3.778000
14.427	4.691000
14.756	4.691000
14.756	3.400000
15.086	3.400000
15.086	3.438000
15.416	3.438000
15.416	2.419000
15.77	2.419000
15.77	2.468000
16.124	2.468000
16.124	1.663000
16.478	1.663000
16.478	2.273000
16.832	2.273000
16.832	2.884000
17.186	2.884000
17.186	2.465000
17.54	2.465000
17.54	4.953000
17.885	4.953000
17.885	3.019000
18.23	3.019000
18.23	3.001000
18.575	3.001000
18.575	2.505000
18.926	2.505000
18.926	2.166000
19.278	2.166000
19.278	3.463000
19.629	3.463000
19.629	4.915000
19.956	4.915000
19.956	3.538000
20.283	3.538000
20.283	3.412000
20.61	3.412000
20.61	3.396000
20.964	3.396000
20.964	3.473000
21.318	3.473000
21.318	3.574000
21.672	3.574000
21.672	3.400000
22.02	3.400000
22.02	3.100000
22.368	3.100000
22.368	4.516000
22.716	4.516000
22.716	3.603000
23.067	3.603000
23.067	2.336000
23.418	2.336000
23.418	2.518000
23.769	2.518000
23.769	3.696000
24.099	3.696000
24.099	3.911000
24.429	3.911000
24.429	3.720000
24.759	3.720000
24.759	2.545000
25.111	2.545000
25.111	2.808000
25.462	2.808000
25.462	2.312000
25.813	2.312000
25.813	3.810000
26.266	3.810000
26.266	2.400000
26.719	2.400000
26.719	2.742000
27.172	2.742000
27.172	2.288000
27.526	2.288000
27.526	2.591000
27.88	2.591000
27.88	1.926000
28.234	1.926000
28.234	2.523000
28.585	2.523000
28.585	2.876000
28.936	2.876000
28.936	2.601000
29.288	2.601000
29.288	3.168000
29.641	3.168000
29.641	1.772000
29.994	1.772000
29.994	1.703000
30.347	1.703000
30.347	2.796000
30.69	2.796000
30.69	2.574000
31.033	2.574000
31.033	4.418000
31.376	4.418000
31.376	2.465000
31.729	2.465000
31.729	1.998000
32.082	1.998000
32.082	3.551000
32.435	3.551000
32.435	4.265000
32.786	4.265000
32.786	2.229000
33.135	2.229000
33.135	2.281000
33.484	2.281000
33.484	2.284000
33.837	2.284000
33.837	2.573000
34.19	2.573000
34.19	1.976000
34.543	1.976000
34.543	2.327000
34.895	2.327000
34.895	2.479000
35.247	2.479000
35.247	2.362000
35.599	2.362000
35.599	2.995000
35.951	2.995000
35.951	2.401000
36.303	2.401000
36.303	4.151000
36.655	4.151000
36.655	4.578000
37.008	4.578000
37.008	3.324000
37.361	3.324000
37.361	3.401000
37.714	3.401000
37.714	2.334000
38.067	2.334000
38.067	1.938000
38.42	1.938000
38.42	3.178000
38.772	3.178000
38.772	2.179000
39.123	2.179000
39.123	4.180000
39.475	4.180000
39.475	2.159000
39.827	2.159000
39.827	4.874000
40.181	4.874000
40.181	3.674000
40.535	3.674000
40.535	3.835000
40.889	3.835000
40.889	3.985000
41.237	3.985000
41.237	4.196000
41.585	4.196000
41.585	5.076000
41.933	5.076000
41.933	2.992000
42.284	2.992000
42.284	2.805000
42.635	2.805000
42.635	4.148000
42.986	4.148000
42.986	2.941000
43.326	2.941000
43.326	3.066000
43.666	3.066000
43.666	4.329000
44.005	4.329000
44.005	4.593000
44.357	4.593000
44.357	3.674000
44.708	3.674000
44.708	3.704000
45.059	3.704000
45.059	3.192000
45.412	3.192000
45.412	3.361000
45.765	3.361000
45.765	3.333000
46.118	3.333000
46.118	2.290000
46.464	2.290000
46.464	2.482000
46.81	2.482000
46.81	1.887000
47.156	1.887000
47.156	3.973000
47.507	3.973000
47.507	2.940000
47.858	2.940000
47.858	2.959000
48.209	2.959000
48.209	3.093000
48.542	3.093000
48.542	3.387000
48.874	3.387000
48.874	3.383000
49.207	3.383000
49.207	2.406000
49.559	2.406000
49.559	3.291000
49.911	3.291000
49.911	2.008000
50.263	2.008000
50.263	2.888000
50.613	2.888000
50.613	2.995000
50.964	2.995000
50.964	3.100000
51.315	3.100000
51.315	4.135000
51.666	4.135000
51.666	3.836000
52.017	3.836000
52.017	4.842000
52.368	4.842000
52.368	3.426000
52.663	3.426000
52.663	3.274000
52.959	3.274000
52.959	4.832000
53.253	4.832000
53.253	4.199000
53.589	4.199000
53.589	3.670000
53.925	3.670000
53.925	3.954000
54.261	3.954000
54.261	3.099000
54.613	3.099000
54.613	4.368000
54.965	4.368000
54.965	2.865000
55.317	2.865000
55.317	2.933000
55.669	2.933000
55.669	2.189000
56.021	2.189000
56.021	3.594000
56.373	3.594000
56.373	4.677000
56.719	4.677000
56.719	4.682000
57.066	4.682000
57.066	4.638000
57.413	4.638000
57.413	3.144000
57.767	3.144000
57.767	3.953000
58.121	3.953000
58.121	3.031000
58.475	3.031000
58.475	3.270000
58.785	3.270000
58.785	4.294000
59.095	4.294000
59.095	2.852000
59.405	2.852000
59.405	5.038000
59.725	5.038000
59.725	4.346000
60.045	4.346000
60.045	4.421000
60.365	4.421000
60.365	3.591000
60.676	3.591000
60.676	3.570000
60.987	3.570000
60.987	4.523000
61.297	4.523000
61.297	3.042000
61.644	3.042000
61.644	4.191000
61.99	4.191000
61.99	2.820000
62.337	2.820000
62.337	3.752000
62.691	3.752000
62.691	3.543000
63.045	3.543000
63.045	3.634000
63.399	3.634000
63.399	3.599000
63.732	3.599000
63.732	4.529000
64.065	4.529000
64.065	3.282000
64.398	3.282000
64.398	2.396000
64.751	2.396000
64.751	3.452000
65.104	3.452000
65.104	2.078000
65.456	2.078000
65.456	4.673000
65.807	4.673000
65.807	5.259000
66.158	5.259000
66.158	4.379000
66.509	4.379000
66.509	3.988000
66.852	3.988000
66.852	3.370000
67.195	3.370000
67.195	3.488000
67.538	3.488000
67.538	3.065000
67.887	3.065000
67.887	3.743000
68.235	3.743000
68.235	2.453000
68.584	2.453000
68.584	4.449000
68.934	4.449000
68.934	5.094000
69.283	5.094000
69.283	3.744000
69.633	3.744000
69.633	3.364000
69.973	3.364000
69.973	3.981000
70.312	3.981000
70.312	3.853000
70.651	3.853000
70.651	3.306000
71.005	3.306000
71.005	2.942000
71.359	2.942000
71.359	3.955000
71.713	3.955000
71.713	4.442000
72.063	4.442000
72.063	4.051000
72.413	4.051000
72.413	5.306000
72.762	5.306000
72.762	4.270000
73.108	4.270000
73.108	4.275000
73.454	4.275000
73.454	3.930000
73.8	3.930000
73.8	3.334000
74.153	3.334000
74.153	4.040000
74.506	4.040000
74.506	3.118000
74.859	3.118000
74.859	2.491000
75.212	2.491000
75.212	2.637000
75.564	2.637000
75.564	2.073000
75.917	2.073000
75.917	4.594000
76.271	4.594000
76.271	4.454000
76.625	4.454000
76.625	4.448000
76.979	4.448000
76.979	3.424000
77.318	3.424000
77.318	3.125000
77.657	3.125000
77.657	4.595000
77.996	4.595000
77.996	2.619000
78.349	2.619000
78.349	2.790000
78.702	2.790000
78.702	2.177000
79.055	2.177000
79.055	4.398000
79.407	4.398000
79.407	4.372000
79.758	4.372000
79.758	4.169000
80.11	4.169000
80.11	4.043000
80.445	4.043000
80.445	3.977000
80.78	3.977000
80.78	4.783000
81.115	4.783000
81.115	3.000000
81.471	3.000000
81.471	4.029000
81.827	4.029000
81.827	2.654000
82.183	2.654000
82.183	4.333000
82.588	4.333000
82.588	3.880000
82.993	3.880000
82.993	3.774000
83.398	3.774000
83.398	2.675000
83.751	2.675000
83.751	3.419000
84.104	3.419000
84.104	2.325000
84.457	2.325000
84.457	3.550000
84.8	3.550000
84.8	3.576000
85.144	3.576000
85.144	5.044000
85.488	5.044000
85.488	3.127000
85.834	3.127000
85.834	3.878000
86.18	3.878000
86.18	3.707000
86.526	3.707000
86.526	2.656000
86.875	2.656000
86.875	3.800000
87.224	3.800000
87.224	2.477000
87.573	2.477000
87.573	4.289000
87.925	4.289000
87.925	3.308000
88.277	3.308000
88.277	4.623000
88.629	4.623000
88.629	4.657000
88.981	4.657000
88.981	3.925000
89.333	3.925000
89.333	3.930000
89.685	3.930000
89.685	3.122000
90.032	3.122000
90.032	3.951000
90.379	3.951000
90.379	3.214000
90.726	3.214000
90.726	4.028000
91.073	4.028000
91.073	4.677000
91.42	4.677000
91.42	3.341000
91.767	3.341000
91.767	3.951000
92.214	3.951000
92.214	4.518000
92.661	4.518000
92.661	4.446000
93.108	4.446000
93.108	3.470000
93.56	3.470000
93.56	2.756000
94.012	2.756000
94.012	4.576000
94.464	4.576000
94.464	2.483000
94.816	2.483000
94.816	2.003000
95.168	2.003000
95.168	3.780000
95.52	3.780000
95.52	4.287000
95.867	4.287000
95.867	3.619000
96.215	3.619000
96.215	3.496000
96.563	3.496000
96.563	2.605000
96.915	2.605000
96.915	2.247000
97.267	2.247000
97.267	3.347000
97.619	3.347000
97.619	3.262000
97.969	3.262000
97.969	2.680000
98.318	2.680000
98.318	4.223000
98.668	4.223000
98.668	4.238000
99.005	4.238000
99.005	4.855000
99.342	4.855000
99.342	4.617000
99.679	4.617000
99.679	2.441000
100.032	2.441000
100.032	2.731000
100.385	2.731000
100.385	2.002000
100.738	2.002000
100.738	3.246000
101.09	3.246000
101.09	3.759000
101.441	3.759000
101.441	2.858000
101.793	2.858000
101.793	3.045000
102.146	3.045000
102.146	3.431000
102.5	3.431000
102.5	5.312000
102.853	5.312000
102.853	4.934000
103.206	4.934000
103.206	4.518000
103.559	4.518000
103.559	4.651000
103.912	4.651000
103.912	4.134000
104.238	4.134000
104.238	4.111000
104.564	4.111000
104.564	6.101000
104.89	6.101000
104.89	4.964000
105.231	4.964000
105.231	5.091000
105.572	5.091000
105.572	8.005000
105.912	8.005000
105.912	9.885000
106.264	9.885000
106.264	9.863000
106.616	9.863000
106.616	9.183000
106.969	9.183000
106.969	9.568000
107.322	9.568000
107.322	5.382000
107.676	5.382000
107.676	8.285000
108.028	8.285000
108.028	5.560000
108.382	5.560000
108.382	7.368000
108.735	7.368000
108.735	7.073000
109.09	7.073000
109.09	7.026000
109.445	7.026000
109.445	6.370000
109.796	6.370000
109.796	6.414000
110.147	6.414000
110.147	9.737000
110.499	9.737000
110.499	6.684000
110.853	6.684000
110.853	7.977000
111.207	7.977000
111.207	6.866000
111.561	6.866000
111.561	4.574000
111.914	4.574000
111.914	4.170000
112.267	4.170000
112.267	4.180000
112.62	4.180000
112.62	4.660000
112.973	4.660000
112.973	6.179000
113.325	6.179000
113.325	4.504000
113.678	4.504000
113.678	4.598000
114.026	4.598000
114.026	4.551000
114.374	4.551000
114.374	7.521000
114.722	7.521000
114.722	6.815000
115.07	6.815000
115.07	6.477000
115.419	6.477000
115.419	5.906000
115.768	5.906000
115.768	5.694000
116.121	5.694000
116.121	6.016000
116.473	6.016000
116.473	8.928000
116.826	8.928000
116.826	4.107000
117.18	4.107000
117.18	4.314000
117.534	4.314000
117.534	6.915000
117.888	6.915000
117.888	4.844000
118.242	4.844000
118.242	5.443000
118.596	5.443000
118.596	7.131000
118.95	7.131000
118.95	7.666000
119.305	7.666000
119.305	6.704000
119.659	6.704000
119.659	6.782000
120.013	6.782000
120.013	3.796000
120.367	3.796000
120.367	6.336000
120.72	6.336000
120.72	3.616000
121.074	3.616000
121.074	4.842000
121.424	4.842000
121.424	7.210000
121.773	7.210000
121.773	4.701000
122.122	4.701000
122.122	9.349000
122.474	9.349000
122.474	8.978000
122.827	8.978000
122.827	9.159000
123.18	9.159000
123.18	4.199000
123.534	4.199000
123.534	4.148000
123.888	4.148000
123.888	7.524000
124.242	7.524000
124.242	3.960000
124.595	3.960000
124.595	6.021000
124.948	6.021000
124.948	3.916000
125.301	3.916000
125.301	6.802000
125.647	6.802000
125.647	7.109000
125.994	7.109000
125.994	7.110000
126.341	7.110000
126.341	4.469000
126.684	4.469000
126.684	4.382000
127.027	4.382000
127.027	6.137000
127.37	6.137000
127.37	3.969000
127.723	3.969000
127.723	5.076000
128.076	5.076000
128.076	3.716000
128.429	3.716000
128.429	6.612000
128.775	6.612000
128.775	6.808000
129.121	6.808000
129.121	6.143000
129.467	6.143000
129.467	4.576000
129.82	4.576000
129.82	6.632000
130.173	6.632000
130.173	4.602000
130.526	4.602000
130.526	3.525000
130.879	3.525000
130.879	5.000000
131.231	5.000000
131.231	3.424000
131.584	3.424000
131.584	0.000000
131.584	0.000000
131.584	0.000000
131.584	0.000000
131.584	0.000000
131.584	0.000000
131.584	0.000000
131.584	0.000000
131.584	0.000000
131.584	0.000000
131.584	0.000000
131.584	0.000000
131.584	4.353000
131.938	4.353000
131.938	3.886000
132.293	3.886000
132.293	3.940000
132.648	3.940000
132.648	2.794000
132.996	2.794000
132.996	2.351000
133.344	2.351000
133.344	4.055000
133.692	4.055000
133.692	3.907000
134.043	3.907000
134.043	3.744000
134.394	3.744000
134.394	3.616000
134.745	3.616000
134.745	3.292000
135.196	3.292000
135.196	4.105000
135.646	4.105000
135.646	2.931000
136.097	2.931000
136.097	4.644000
136.435	4.644000
136.435	5.353000
136.773	5.353000
136.773	4.181000
137.111	4.181000
137.111	3.979000
137.465	3.979000
137.465	4.408000
137.819	4.408000
137.819	4.500000
138.173	4.500000
138.173	3.024000
138.526	3.024000
138.526	2.380000
138.879	2.380000
138.879	3.887000
139.232	3.887000
139.232	3.594000
139.585	3.594000
139.585	4.340000
139.938	4.340000
139.938	3.108000
140.291	3.108000
140.291	4.653000
140.644	4.653000
140.644	4.199000
140.997	4.199000
140.997	4.179000
141.35	4.179000
141.35	3.593000
141.699	3.593000
141.699	3.236000
142.047	3.236000
142.047	4.724000
142.396	4.724000
142.396	4.810000
142.731	4.810000
142.731	3.751000
143.066	3.751000
143.066	3.679000
143.401	3.679000
143.401	2.652000
143.751	2.652000
143.751	3.766000
144.101	3.766000
144.101	2.108000
144.451	2.108000
144.451	4.648000
144.792	4.648000
144.792	3.571000
145.133	3.571000
145.133	3.638000
145.473	3.638000
145.473	3.143000
145.826	3.143000
145.826	4.227000
146.179	4.227000
146.179	2.987000
146.532	2.987000
146.532	2.427000
146.886	2.427000
146.886	3.887000
147.24	3.887000
147.24	2.562000
147.594	2.562000
147.594	3.734000
147.944	3.734000
147.944	4.438000
148.294	4.438000
148.294	2.926000
148.644	2.926000
148.644	4.833000
148.975	4.833000
148.975	5.120000
149.306	5.120000
149.306	4.976000
149.637	4.976000
149.637	3.559000
149.977	3.559000
149.977	4.782000
150.317	4.782000
150.317	3.397000
150.657	3.397000
150.657	3.122000
151.01	3.122000
151.01	3.485000
151.362	3.485000
151.362	1.955000
151.715	1.955000
151.715	5.156000
152.069	5.156000
152.069	4.899000
152.423	4.899000
152.423	4.851000
152.777	4.851000
152.777	2.911000
153.129	2.911000
153.129	2.714000
153.481	2.714000
153.481	3.703000
153.833	3.703000
153.833	3.807000
154.17	3.807000
154.17	4.301000
154.507	4.301000
154.507	2.813000
154.844	2.813000
154.844	3.746000
155.194	3.746000
155.194	3.556000
155.544	3.556000
155.544	3.296000
155.894	3.296000
155.894	3.230000
156.245	3.230000
156.245	3.954000
156.596	3.954000
156.596	2.670000
156.947	2.670000
156.947	3.943000
157.299	3.943000
157.299	3.612000
157.651	3.612000
157.651	3.762000
158.003	3.762000
158.003	3.699000
158.356	3.699000
158.356	3.125000
158.709	3.125000
158.709	4.219000
159.062	4.219000
159.062	3.077000
159.414	3.077000
159.414	2.768000
159.765	2.768000
159.765	4.044000
160.116	4.044000
160.116	3.047000
160.466	3.047000
160.466	3.533000
160.816	3.533000
160.816	3.159000
161.166	3.159000
161.166	3.785000
161.515	3.785000
161.515	3.242000
161.864	3.242000
161.864	4.472000
162.213	4.472000
162.213	2.563000
162.565	2.563000
162.565	2.458000
162.918	2.458000
162.918	3.467000
163.27	3.467000
163.27	3.566000
163.624	3.566000
163.624	2.145000
163.978	2.145000
163.978	2.388000
164.332	2.388000
164.332	3.622000
164.66	3.622000
164.66	3.800000
164.988	3.800000
164.988	4.651000
165.316	4.651000
165.316	3.522000
165.655	3.522000
165.655	4.002000
165.994	4.002000
165.994	3.461000
166.333	3.461000
166.333	4.208000
166.685	4.208000
166.685	2.823000
167.037	2.823000
167.037	3.031000
167.389	3.031000
167.389	2.916000
167.706	2.916000
167.706	4.040000
168.023	4.040000
168.023	2.849000
168.34	2.849000
168.34	3.411000
168.689	3.411000
168.689	3.324000
169.038	3.324000
169.038	4.596000
169.386	4.596000
169.386	5.162000
169.725	5.162000
169.725	3.443000
170.064	3.443000
170.064	3.648000
170.403	3.648000
170.403	3.551000
170.713	3.551000
170.713	3.652000
171.023	3.652000
171.023	3.317000
171.333	3.317000
171.333	2.980000
171.667	2.980000
171.667	2.727000
172.001	2.727000
172.001	4.546000
172.335	4.546000
172.335	3.687000
172.685	3.687000
172.685	2.712000
173.036	2.712000
173.036	2.560000
173.387	2.560000
173.387	3.309000
173.72	3.309000
173.72	4.560000
174.053	4.560000
174.053	3.375000
174.386	3.375000
174.386	2.898000
174.727	2.898000
174.727	3.927000
175.068	3.927000
175.068	2.984000
175.409	2.984000
175.409	2.316000
175.72	2.316000
175.72	2.439000
176.031	2.439000
176.031	1.842000
176.342	1.842000
176.342	4.363000
176.692	4.363000
176.692	5.132000
177.042	5.132000
177.042	4.128000
177.392	4.128000
177.392	3.920000
177.745	3.920000
177.745	2.792000
178.098	2.792000
178.098	2.646000
178.451	2.646000
178.451	3.318000
178.904	3.318000
178.904	4.149000
179.357	4.149000
179.357	2.897000
179.81	2.897000
179.81	2.721000
180.163	2.721000
180.163	3.940000
180.516	3.940000
180.516	2.777000
180.869	2.777000
180.869	4.439000
181.205	4.439000
181.205	3.296000
181.541	3.296000
181.541	3.448000
181.877	3.448000
181.877	2.313000
182.219	2.313000
182.219	2.142000
182.56	2.142000
182.56	3.857000
182.901	3.857000
182.901	4.661000
183.351	4.661000
183.351	4.613000
183.801	4.613000
183.801	5.815000
184.25	5.815000
184.25	5.337000
184.601	5.337000
184.601	4.064000
184.952	4.064000
184.952	4.119000
185.303	4.119000
185.303	3.913000
185.649	3.913000
185.649	3.491000
185.995	3.491000
185.995	4.624000
186.341	4.624000
186.341	3.933000
186.691	3.933000
186.691	3.684000
187.041	3.684000
187.041	5.022000
187.391	5.022000
187.391	3.130000
187.744	3.130000
187.744	1.760000
188.097	1.760000
188.097	1.892000
188.45	1.892000
188.45	3.118000
188.801	3.118000
188.801	2.868000
189.152	2.868000
189.152	4.425000
189.503	4.425000
189.503	2.617000
189.856	2.617000
189.856	2.409000
190.209	2.409000
190.209	4.101000
190.562	4.101000
190.562	4.391000
190.898	4.391000
190.898	2.496000
191.234	2.496000
191.234	2.656000
191.57	2.656000
191.57	2.878000
191.912	2.878000
191.912	2.923000
192.254	2.923000
192.254	4.176000
192.596	4.176000
192.596	2.546000
192.949	2.546000
192.949	2.175000
193.302	2.175000
193.302	3.549000
193.655	3.549000
193.655	4.038000
193.994	4.038000
193.994	2.997000
194.335	2.997000
194.335	2.842000
194.675	2.842000
194.675	3.891000
195.024	3.891000
195.024	3.887000
195.373	3.887000
195.373	5.128000
195.722	5.128000
195.722	3.773000
196.076	3.773000
196.076	2.136000
196.43	2.136000
196.43	1.938000
196.784	1.938000
196.784	3.602000
197.136	3.602000
197.136	3.472000
197.488	3.472000
197.488	4.111000
197.84	4.111000
197.84	4.891000
198.194	4.891000
198.194	3.933000
198.549	3.933000
198.549	3.887000
198.904	3.887000
198.904	3.554000
199.255	3.554000
199.255	3.021000
199.605	3.021000
199.605	4.200000
199.955	4.200000
199.955	3.315000
200.308	3.315000
200.308	3.894000
200.661	3.894000
200.661	2.953000
201.014	2.953000
201.014	3.082000
201.367	3.082000
201.367	1.788000
201.721	1.788000
201.721	1.827000
202.075	1.827000
202.075	3.854000
202.416	3.854000
202.416	3.771000
202.757	3.771000
202.757	4.812000
203.097	4.812000
203.097	3.259000
203.436	3.259000
203.436	4.373000
203.775	4.373000
203.775	2.865000
204.115	2.865000
204.115	4.227000
204.462	4.227000
204.462	2.798000
204.809	2.798000
204.809	2.921000
205.156	2.921000
205.156	3.078000
205.509	3.078000
205.509	3.013000
205.862	3.013000
205.862	4.384000
206.215	4.384000
206.215	3.530000
206.568	3.530000
206.568	3.343000
206.921	3.343000
206.921	4.365000
207.274	4.365000
207.274	4.291000
207.628	4.291000
207.628	3.187000
207.982	3.187000
207.982	3.368000
208.336	3.368000
208.336	3.689000
208.685	3.689000
208.685	3.818000
209.034	3.818000
209.034	5.019000
209.382	5.019000
209.382	2.667000
209.729	2.667000
209.729	2.917000
210.076	2.917000
210.076	2.487000
210.423	2.487000
210.423	3.753000
210.777	3.753000
210.777	2.071000
211.131	2.071000
211.131	2.206000
211.485	2.206000
211.485	4.007000
211.835	4.007000
211.835	4.018000
212.185	4.018000
212.185	4.924000
212.535	4.924000
212.535	3.517000
212.887	3.517000
212.887	3.255000
213.239	3.255000
213.239	4.599000
213.591	4.599000
213.591	2.827000
213.947	2.827000
213.947	1.966000
214.303	1.966000
214.303	2.953000
214.659	2.953000
214.659	3.719000
215.009	3.719000
215.009	3.902000
215.359	3.902000
215.359	4.489000
215.709	4.489000
215.709	2.164000
216.063	2.164000
216.063	3.037000
216.417	3.037000
216.417	2.910000
216.771	2.910000
216.771	3.738000
217.122	3.738000
217.122	1.966000
217.473	1.966000
217.473	1.996000
217.824	1.996000
217.824	3.114000
218.169	3.114000
218.169	2.896000
218.514	2.896000
218.514	2.734000
218.859	2.734000
218.859	2.999000
219.211	2.999000
219.211	2.678000
219.563	2.678000
219.563	4.026000
219.915	4.026000
219.915	3.769000
220.268	3.769000
220.268	1.929000
220.621	1.929000
220.621	2.226000
220.974	2.226000
220.974	2.440000
221.325	2.440000
221.325	2.155000
221.676	2.155000
221.676	3.552000
222.026	3.552000
222.026	3.144000
222.38	3.144000
222.38	2.936000
222.734	2.936000
222.734	2.784000
223.088	2.784000
223.088	3.935000
223.441	3.935000
223.441	2.981000
223.794	2.981000
223.794	2.927000
224.147	2.927000
224.147	2.399000
224.498	2.399000
224.498	2.739000
224.849	2.739000
224.849	2.042000
225.2	2.042000
225.2	3.017000
225.553	3.017000
225.553	2.689000
225.906	2.689000
225.906	4.120000
226.259	4.120000
226.259	3.883000
226.608	3.883000
226.608	2.255000
226.96	2.255000
226.96	2.298000
227.312	2.298000
227.312	2.433000
227.663	2.433000
227.663	1.946000
228.014	1.946000
228.014	3.561000
228.365	3.561000
228.365	3.151000
228.719	3.151000
228.719	3.044000
229.073	3.044000
229.073	2.647000
229.427	2.647000
229.427	4.190000
229.781	4.190000
229.781	2.921000
230.135	2.921000
230.135	2.918000
230.489	2.918000
230.489	2.344000
230.84	2.344000
230.84	4.039000
231.191	4.039000
231.191	2.139000
231.542	2.139000
231.542	2.729000
231.871	2.729000
231.871	2.602000
232.199	2.602000
232.199	4.398000
232.527	4.398000
232.527	3.700000
232.88	3.700000
232.88	2.008000
233.233	2.008000
233.233	2.029000
233.586	2.029000
233.586	3.149000
233.938	3.149000
233.938	3.101000
234.29	3.101000
234.29	4.798000
234.642	4.798000
234.642	3.003000
234.987	3.003000
234.987	2.455000
235.331	2.455000
235.331	4.104000
235.674	4.104000
235.674	4.822000
236.01	4.822000
236.01	2.739000
236.346	2.739000
236.346	2.910000
236.682	2.910000
236.682	2.299000
237.036	2.299000
237.036	2.108000
237.39	2.108000
237.39	3.669000
237.744	3.669000
237.744	4.045000
238.072	4.045000
238.072	4.183000
238.4	4.183000
238.4	5.100000
238.728	5.100000
238.728	5.080000
239.071	5.080000
239.071	3.372000
239.414	3.372000
239.414	3.423000
239.757	3.423000
239.757	2.593000
240.109	2.593000
240.109	2.374000
240.462	2.374000
240.462	3.952000
240.815	3.952000
240.815	4.039000
241.164	4.039000
241.164	4.121000
241.514	4.121000
241.514	5.253000
241.863	5.253000
241.863	3.363000
242.216	3.363000
242.216	1.820000
242.57	1.820000
242.57	1.840000
242.924	1.840000
242.924	2.257000
243.278	2.257000
243.278	2.397000
243.632	2.397000
243.632	2.211000
243.986	2.211000
243.986	2.703000
244.339	2.703000
244.339	2.818000
244.692	2.818000
244.692	2.179000
245.045	2.179000
245.045	4.050000
245.39	4.050000
245.39	2.263000
245.737	2.263000
245.737	2.576000
246.084	2.576000
246.084	2.869000
246.436	2.869000
246.436	2.932000
246.787	2.932000
246.787	2.741000
247.138	2.741000
247.138	3.333000
247.488	3.333000
247.488	3.481000
247.838	3.481000
247.838	3.309000
248.188	3.309000
248.188	4.003000
248.639	4.003000
248.639	2.848000
249.09	2.848000
249.09	2.880000
249.541	2.880000
249.541	2.245000
249.892	2.245000
249.892	2.244000
250.243	2.244000
250.243	2.183000
250.594	2.183000
250.594	4.001000
250.938	4.001000
250.938	2.344000
251.282	2.344000
251.282	2.385000
251.626	2.385000
251.626	3.024000
251.977	3.024000
251.977	3.110000
252.328	3.110000
252.328	4.373000
252.678	4.373000
252.678	2.687000
253.024	2.687000
253.024	2.161000
253.37	2.161000
253.37	3.630000
253.716	3.630000
253.716	4.986000
254.061	4.986000
254.061	3.641000
254.406	3.641000
254.406	3.564000
254.751	3.564000
254.751	2.435000
255.1	2.435000
255.1	2.610000
255.449	2.610000
255.449	2.626000
255.798	2.626000
255.798	3.245000
256.241	3.245000
256.241	3.465000
256.684	3.465000
256.684	2.980000
257.127	2.980000
257.127	4.333000
257.463	4.333000
257.463	3.220000
257.8	3.220000
257.8	3.269000
258.137	3.269000
258.137	4.197000
258.481	4.197000
258.481	4.023000
258.825	4.023000
258.825	3.835000
259.169	3.835000
259.169	2.817000
259.519	2.817000
259.519	2.263000
259.869	2.263000
259.869	3.914000
260.219	3.914000
260.219	3.526000
260.572	3.526000
260.572	2.185000
260.925	2.185000
260.925	2.294000
261.278	2.294000
261.278	3.095000
261.63	3.095000
261.63	2.610000
261.983	2.610000
261.983	3.906000
262.336	3.906000
262.336	3.029000
262.687	3.029000
262.687	2.776000
263.038	2.776000
263.038	2.371000
263.389	2.371000
263.389	3.750000
263.743	3.750000
263.743	2.303000
264.097	2.303000
264.097	2.327000
264.451	2.327000
264.451	2.627000
264.803	2.627000
264.803	2.978000
265.155	2.978000
265.155	2.566000
265.508	2.566000
265.508	2.717000
265.857	2.717000
265.857	2.712000
266.206	2.712000
266.206	2.663000
266.555	2.663000
266.555	5.258000
266.906	5.258000
266.906	3.770000
267.257	3.770000
267.257	3.738000
267.608	3.738000
267.608	2.645000
267.954	2.645000
267.954	3.255000
268.3	3.255000
268.3	2.625000
268.646	2.625000
268.646	3.392000
268.998	3.392000
268.998	1.944000
269.35	1.944000
269.35	2.107000
269.702	2.107000
269.702	3.442000
270.033	3.442000
270.033	3.299000
270.364	3.299000
270.364	4.500000
270.694	4.500000
270.694	3.441000
271.04	3.441000
271.04	3.521000
271.386	3.521000
271.386	3.096000
271.732	3.096000
271.732	4.770000
272.085	4.770000
272.085	3.328000
272.438	3.328000
272.438	3.225000
272.791	3.225000
272.791	3.406000
273.144	3.406000
273.144	3.503000
273.497	3.503000
273.497	3.131000
273.85	3.131000
273.85	2.877000
274.193	2.877000
274.193	3.027000
274.536	3.027000
274.536	2.757000
274.879	2.757000
274.879	4.758000
275.227	4.758000
275.227	3.311000
275.576	3.311000
275.576	3.216000
275.925	3.216000
275.925	2.371000
276.278	2.371000
276.278	1.979000
276.631	1.979000
276.631	3.376000
276.984	3.376000
276.984	2.494000
277.333	2.494000
277.333	2.680000
277.682	2.680000
277.682	2.414000
278.031	2.414000
278.031	4.167000
278.358	4.167000
278.358	2.910000
278.686	2.910000
278.686	3.292000
279.014	3.292000
279.014	2.447000
279.359	2.447000
279.359	3.064000
279.705	3.064000
279.705	2.268000
280.05	2.268000
280.05	4.519000
280.4	4.519000
280.4	4.345000
280.75	4.345000
280.75	5.582000
281.1	5.582000
281.1	3.716000
281.453	3.716000
281.453	2.397000
281.806	2.397000
281.806	2.463000
282.159	2.463000
282.159	3.206000
282.511	3.206000
282.511	3.327000
282.863	3.327000
282.863	4.400000
283.215	4.400000
283.215	3.584000
283.567	3.584000
283.567	2.646000
283.919	2.646000
283.919	2.673000
284.271	2.673000
284.271	3.182000
284.591	3.182000
284.591	3.659000
284.911	3.659000
284.911	4.945000
285.23	4.945000
285.23	3.276000
285.571	3.276000
285.571	4.239000
285.912	4.239000
285.912	3.347000
286.253	3.347000
286.253	4.033000
286.604	4.033000
286.604	2.336000
286.955	2.336000
286.955	2.489000
287.306	2.489000
287.306	2.970000
287.659	2.970000
287.659	3.282000
288.012	3.282000
288.012	3.756000
288.364	3.756000
288.364	2.714000
288.716	2.714000
288.716	2.197000
289.068	2.197000
289.068	3.730000
289.42	3.730000
289.42	5.047000
289.758	5.047000
289.758	4.157000
290.096	4.157000
290.096	4.408000
290.434	4.408000
290.434	2.702000
290.77	2.702000
290.77	2.886000
291.106	2.886000
291.106	4.229000
291.442	4.229000
291.442	2.225000
291.786	2.225000
291.786	2.461000
292.131	2.461000
292.131	3.262000
292.475	3.262000
292.475	4.395000
292.828	4.395000
292.828	2.778000
293.181	2.778000
293.181	2.672000
293.534	2.672000
293.534	2.206000
293.888	2.206000
293.888	1.773000
294.242	1.773000
294.242	3.555000
294.596	3.555000
294.596	2.325000
294.949	2.325000
294.949	2.761000
295.302	2.761000
295.302	2.223000
295.655	2.223000
295.655	3.541000
296.01	3.541000
296.01	1.974000
296.365	1.974000
296.365	2.009000
296.72	2.009000
296.72	3.307000
297.068	3.307000
297.068	3.368000
297.416	3.368000
297.416	4.270000
297.764	4.270000
297.764	2.599000
298.117	2.599000
298.117	2.232000
298.47	2.232000
298.47	3.536000
298.823	3.536000
298.823	4.054000
299.178	4.054000
299.178	2.577000
299.533	2.577000
299.533	2.396000
299.888	2.396000
299.888	2.767000
300.241	2.767000
300.241	3.783000
300.594	3.783000
300.594	2.419000
300.947	2.419000
300.947	3.068000
301.299	3.068000
301.299	2.885000
301.651	2.885000
301.651	4.374000
302.003	4.374000
302.003	5.254000
302.323	5.254000
302.323	4.086000
302.643	4.086000
302.643	3.716000
302.963	3.716000
302.963	2.506000
303.316	2.506000
303.316	4.112000
303.669	4.112000
303.669	2.492000
304.022	2.492000
304.022	2.767000
304.375	2.767000
304.375	3.801000
304.727	3.801000
304.727	2.399000
305.08	2.399000
305.08	5.577000
305.432	5.577000
305.432	3.642000
305.785	3.642000
305.785	4.148000
306.138	4.148000
306.138	2.116000
306.491	2.116000
306.491	1.947000
306.844	1.947000
306.844	2.662000
307.197	2.662000
307.197	2.371000
307.546	2.371000
307.546	2.092000
307.895	2.092000
307.895	3.573000
308.244	3.573000
308.244	3.148000
308.596	3.148000
308.596	4.594000
308.947	4.594000
308.947	2.510000
309.299	2.510000
309.299	2.998000
309.65	2.998000
309.65	3.365000
310.001	3.365000
310.001	2.546000
310.352	2.546000
310.352	4.554000
310.694	4.554000
310.694	3.493000
311.035	3.493000
311.035	3.329000
311.376	3.329000
311.376	2.168000
311.729	2.168000
311.729	2.726000
312.082	2.726000
312.082	1.996000
312.435	1.996000
312.435	2.166000
312.789	2.166000
312.789	2.815000
313.143	2.815000
313.143	2.010000
313.497	2.010000
313.497	2.578000
313.849	2.578000
313.849	3.224000
314.201	3.224000
314.201	2.661000
314.553	2.661000
314.553	2.522000
314.906	2.522000
314.906	3.720000
315.259	3.720000
315.259	2.547000
315.612	2.547000
315.612	3.583000
315.961	3.583000
315.961	2.247000
316.311	2.247000
316.311	2.323000
316.661	2.323000
316.661	3.287000
317.011	3.287000
317.011	3.428000
317.361	3.428000
317.361	4.445000
317.711	4.445000
317.711	2.331000
318.06	2.331000
318.06	2.251000
318.409	2.251000
318.409	3.816000
318.758	3.816000
318.758	3.778000
319.106	3.778000
319.106	2.465000
319.454	2.465000
319.454	2.247000
319.802	2.247000
319.802	3.379000
320.152	3.379000
320.152	3.965000
320.502	3.965000
320.502	3.028000
320.852	3.028000
320.852	2.737000
321.205	2.737000
321.205	3.879000
321.558	3.879000
321.558	2.952000
321.911	2.952000
321.911	3.845000
322.361	3.845000
322.361	2.086000
322.811	2.086000
322.811	1.986000
323.261	1.986000
323.261	3.580000
323.614	3.580000
323.614	4.723000
323.967	4.723000
323.967	3.575000
324.32	3.575000
324.32	2.841000
324.67	2.841000
324.67	2.457000
325.02	2.457000
325.02	3.701000
325.369	3.701000
325.369	4.421000
325.713	4.421000
325.713	3.226000
326.058	3.226000
326.058	3.200000
326.403	3.200000
326.403	2.376000
326.758	2.376000
326.758	3.356000
327.113	3.356000
327.113	2.029000
327.468	2.029000
327.468	2.779000
327.821	2.779000
327.821	3.174000
328.174	3.174000
328.174	2.465000
328.527	2.465000
328.527	3.667000
328.877	3.667000
328.877	2.712000
329.227	2.712000
329.227	2.714000
329.577	2.714000
329.577	2.387000
329.928	2.387000
329.928	3.224000
330.279	3.224000
330.279	2.274000
330.63	2.274000
330.63	2.303000
330.983	2.303000
330.983	2.923000
331.335	2.923000
331.335	2.266000
331.688	2.266000
331.688	4.624000
332.027	4.624000
332.027	3.450000
332.367	3.450000
332.367	3.708000
332.707	3.708000
332.707	2.877000
333.058	2.877000
333.058	3.233000
333.409	3.233000
333.409	4.239000
333.76	4.239000
333.76	3.111000
334.095	3.111000
334.095	3.226000
334.429	3.226000
334.429	4.431000
334.764	4.431000
334.764	3.600000
335.115	3.600000
335.115	2.202000
335.466	2.202000
335.466	2.303000
335.817	2.303000
335.817	3.277000
336.147	3.277000
336.147	4.276000
336.477	4.276000
336.477	3.380000
336.807	3.380000
336.807	3.155000
337.259	3.155000
337.259	2.854000
337.711	2.854000
337.711	4.407000
338.163	4.407000
338.163	2.977000
338.516	2.977000
338.516	2.406000
338.869	2.406000
338.869	3.976000
339.222	3.976000
339.222	4.969000
339.547	4.969000
339.547	4.076000
339.872	4.076000
339.872	3.880000
340.197	3.880000
340.197	3.132000
340.541	3.132000
340.541	2.755000
340.886	2.755000
340.886	3.936000
341.23	3.936000
341.23	4.013000
341.566	4.013000
341.566	3.885000
341.902	3.885000
341.902	5.051000
342.238	5.051000
342.238	4.745000
342.575	4.745000
342.575	3.342000
342.912	3.342000
342.912	3.527000
343.249	3.527000
343.249	2.652000
343.602	2.652000
343.602	2.277000
343.954	2.277000
343.954	3.669000
344.307	3.669000
344.307	4.833000
344.653	4.833000
344.653	3.283000
345.0	3.283000
345.0	3.373000
345.347	3.373000
345.347	2.287000
345.7	2.287000
345.7	2.490000
346.051	2.490000
346.051	2.137000
346.404	2.137000
346.404	4.176000
346.758	4.176000
346.758	2.179000
347.112	2.179000
347.112	2.281000
347.466	2.281000
347.466	2.895000
347.819	2.895000
347.819	4.243000
348.172	4.243000
348.172	2.616000
348.525	2.616000
348.525	3.026000
348.859	3.026000
348.859	4.071000
349.193	4.071000
349.193	3.004000
349.527	3.004000
349.527	4.087000
349.879	4.087000
349.879	2.797000
350.232	2.797000
350.232	2.746000
350.585	2.746000
350.585	3.551000
350.907	3.551000
350.907	3.623000
351.229	3.623000
351.229	5.311000
351.551	5.311000
351.551	4.039000
351.9	4.039000
351.9	5.005000
352.249	5.005000
352.249	3.977000
352.598	3.977000
352.598	4.615000
352.95	4.615000
352.95	3.236000
353.302	3.236000
353.302	3.121000
353.654	3.121000
353.654	2.491000
354.006	2.491000
354.006	3.616000
354.358	3.616000
354.358	2.405000
354.71	2.405000
354.71	2.681000
355.057	2.681000
355.057	2.484000
355.404	2.484000
355.404	3.985000
355.751	3.985000
355.751	5.007000
356.072	5.007000
356.072	3.642000
356.394	3.642000
356.394	3.486000
356.716	3.486000
356.716	3.683000
357.065	3.683000
357.065	4.131000
357.414	4.131000
357.414	4.965000
357.763	4.965000
357.763	2.479000
358.216	2.479000
358.216	2.879000
358.669	2.879000
358.669	2.074000
359.122	2.074000
359.122	4.075000
359.475	4.075000
359.475	2.259000
359.828	2.259000
359.828	2.097000
360.181	2.097000
360.181	3.593000
360.532	3.593000
360.532	3.753000
360.883	3.753000
360.883	5.022000
361.234	5.022000
361.234	2.324000
361.587	2.324000
361.587	2.718000
361.94	2.718000
361.94	2.105000
362.293	2.105000
362.293	5.008000
362.646	5.008000
362.646	3.649000
362.999	3.649000
362.999	3.707000
363.352	3.707000
363.352	2.193000
363.706	2.193000
363.706	2.857000
364.06	2.857000
364.06	1.915000
364.414	1.915000
364.414	2.175000
364.766	2.175000
364.766	3.310000
365.118	3.310000
365.118	1.872000
365.47	1.872000
365.47	3.232000
365.823	3.232000
365.823	1.859000
366.176	1.859000
366.176	2.016000
366.529	2.016000
366.529	2.936000
366.874	2.936000
366.874	4.268000
367.219	4.268000
367.219	2.843000
367.566	2.843000
367.566	2.875000
367.9	2.875000
367.9	2.619000
368.234	2.619000
368.234	3.960000
368.569	3.960000
368.569	3.857000
368.922	3.857000
368.922	2.370000
369.275	2.370000
369.275	2.449000
369.628	2.449000
369.628	3.105000
369.961	3.105000
369.961	4.347000
370.294	4.347000
370.294	3.124000
370.627	3.124000
370.627	3.878000
370.978	3.878000
370.978	4.892000
371.328	4.892000
371.328	3.657000
371.679	3.657000
371.679	3.773000
372.031	3.773000
372.031	2.304000
372.384	2.304000
372.384	2.281000
372.737	2.281000
372.737	3.005000
373.087	3.005000
373.087	4.083000
373.437	4.083000
373.437	2.764000
373.787	2.764000
373.787	2.822000
374.138	2.822000
374.138	2.726000
374.489	2.726000
374.489	3.956000
374.839	3.956000
374.839	5.922000
375.193	5.922000
375.193	3.914000
375.547	3.914000
375.547	4.121000
375.901	4.121000
375.901	3.649000
376.252	3.649000
376.252	3.458000
376.603	3.458000
376.603	5.025000
376.954	5.025000
376.954	3.117000
377.308	3.117000
377.308	4.274000
377.662	4.274000
377.662	2.712000
378.016	2.712000
378.016	3.482000
378.37	3.482000
378.37	2.069000
378.724	2.069000
378.724	2.380000
379.078	2.380000
379.078	2.503000
379.431	2.503000
379.431	2.038000
379.784	2.038000
379.784	3.565000
380.137	3.565000
380.137	3.566000
380.491	3.566000
380.491	4.845000
380.845	4.845000
380.845	3.270000
381.199	3.270000
381.199	3.473000
381.544	3.473000
381.544	2.269000
381.889	2.269000
381.889	2.290000
382.234	2.290000
382.234	2.313000
382.587	2.313000
382.587	2.006000
382.94	2.006000
382.94	3.645000
383.293	3.645000
383.293	4.549000
383.638	4.549000
383.638	4.281000
383.983	4.281000
383.983	5.344000
384.328	5.344000
384.328	4.627000
384.674	4.627000
384.674	3.236000
385.021	3.236000
385.021	2.865000
385.368	2.865000
385.368	3.234000
385.72	3.234000
385.72	2.797000
386.072	2.797000
386.072	3.910000
386.423	3.910000
386.423	2.987000
386.765	2.987000
386.765	4.777000
387.107	4.777000
387.107	3.038000
387.449	3.038000
387.449	4.307000
387.801	4.307000
387.801	2.779000
388.154	2.779000
388.154	2.845000
388.507	2.845000
388.507	3.524000
388.859	3.524000
388.859	3.366000
389.211	3.366000
389.211	4.720000
389.563	4.720000
389.563	3.698000
389.912	3.698000
389.912	3.707000
390.261	3.707000
390.261	4.771000
390.609	4.771000
390.609	5.172000
390.931	5.172000
390.931	4.109000
391.254	4.109000
391.254	4.152000
391.577	4.152000
391.577	3.954000
391.927	3.954000
391.927	4.177000
392.277	4.177000
392.277	5.250000
392.626	5.250000
392.626	2.315000
392.98	2.315000
392.98	3.452000
393.334	3.452000
393.334	2.212000
393.688	2.212000
393.688	2.876000
394.034	2.876000
394.034	2.817000
394.38	2.817000
394.38	3.692000
394.726	3.692000
394.726	5.598000
395.068	5.598000
395.068	4.154000
395.411	4.154000
395.411	3.611000
395.754	3.611000
395.754	3.242000
396.105	3.242000
396.105	2.831000
396.456	2.831000
396.456	4.292000
396.807	4.292000
396.807	2.665000
397.16	2.665000
397.16	3.752000
397.513	3.752000
397.513	2.305000
397.866	2.305000
397.866	4.884000
398.207	4.884000
398.207	3.106000
398.55	3.106000
398.55	2.881000
398.893	2.881000
398.893	2.917000
399.242	2.917000
399.242	3.868000
399.59	3.868000
399.59	2.517000
399.939	2.517000
399.939	3.347000
400.267	3.347000
400.267	3.642000
400.595	3.642000
400.595	4.719000
400.923	4.719000
400.923	4.662000
401.275	4.662000
401.275	3.046000
401.627	3.046000
401.627	2.967000
401.979	2.967000
401.979	2.548000
402.324	2.548000
402.324	2.718000
402.669	2.718000
402.669	3.826000
403.014	3.826000
403.014	2.613000
403.366	2.613000
403.366	2.254000
403.719	2.254000
403.719	3.721000
404.072	3.721000
404.072	2.539000
404.426	2.539000
404.426	2.406000
404.78	2.406000
404.78	2.415000
405.134	2.415000
405.134	3.320000
405.489	3.320000
405.489	3.050000
405.844	3.050000
405.844	4.240000
406.199	4.240000
406.199	2.776000
406.553	2.776000
406.553	2.719000
406.907	2.719000
406.907	2.389000
407.261	2.389000
407.261	3.910000
407.604	3.910000
407.604	3.477000
407.947	3.477000
407.947	3.578000
408.29	3.578000
408.29	2.849000
408.642	2.849000
408.642	2.702000
408.994	2.702000
408.994	2.886000
409.346	2.886000
409.346	2.288000
409.699	2.288000
409.699	2.655000
410.052	2.655000
410.052	1.878000
410.405	1.878000
410.405	4.647000
410.853	4.647000
410.853	4.444000
411.301	4.444000
411.301	4.021000
411.749	4.021000
411.749	3.951000
412.086	3.951000
412.086	3.490000
412.423	3.490000
412.423	3.421000
412.76	3.421000
412.76	2.428000
413.112	2.428000
413.112	2.716000
413.464	2.716000
413.464	2.056000
413.816	2.056000
413.816	2.369000
414.167	2.369000
414.167	2.109000
414.518	2.109000
414.518	3.781000
414.869	3.781000
414.869	5.506000
415.214	5.506000
415.214	4.597000
415.558	4.597000
415.558	4.602000
415.903	4.602000
415.903	2.879000
416.252	2.879000
416.252	2.281000
416.601	2.281000
416.601	3.663000
416.95	3.663000
416.95	2.813000
417.298	2.813000
417.298	2.498000
417.646	2.498000
417.646	3.378000
417.993	3.378000
417.993	3.680000
418.344	3.680000
418.344	4.048000
418.694	4.048000
418.694	4.068000
419.044	4.068000
419.044	2.659000
419.394	2.659000
419.394	2.116000
419.744	2.116000
419.744	3.738000
420.094	3.738000
420.094	2.597000
420.448	2.597000
420.448	3.573000
420.802	3.573000
420.802	2.316000
421.156	2.316000
421.156	2.975000
421.509	2.975000
421.509	3.422000
421.862	3.422000
421.862	3.465000
422.215	3.465000
422.215	2.271000
422.568	2.271000
422.568	2.529000
422.92	2.529000
422.92	1.987000
423.273	1.987000
423.273	2.423000
423.626	2.423000
423.626	2.476000
423.979	2.476000
423.979	2.056000
424.332	2.056000
424.332	4.781000
424.683	4.781000
424.683	4.814000
425.034	4.814000
425.034	4.944000
425.385	4.944000
425.385	2.936000
425.738	2.936000
425.738	2.766000
426.091	2.766000
426.091	3.848000
426.444	3.848000
426.444	3.274000
426.798	3.274000
426.798	3.777000
427.152	3.777000
427.152	2.670000
427.506	2.670000
427.506	4.543000
427.831	4.543000
427.831	3.869000
428.155	3.869000
428.155	3.959000
428.479	3.959000
428.479	3.615000
428.827	3.615000
428.827	3.939000
429.175	3.939000
429.175	3.242000
429.523	3.242000
429.523	3.477000
429.874	3.477000
429.874	3.119000
430.225	3.119000
430.225	4.197000
430.576	4.197000
430.576	3.393000
430.916	3.393000
430.916	3.272000
431.256	3.272000
431.256	3.852000
431.596	3.852000
431.596	4.361000
431.924	4.361000
431.924	3.564000
432.252	3.564000
432.252	4.898000
432.58	4.898000
432.58	4.146000
432.931	4.146000
432.931	4.802000
433.282	4.802000
433.282	3.620000
433.633	3.620000
433.633	2.850000
433.985	2.850000
433.985	2.998000
434.337	2.998000
434.337	2.975000
434.689	2.975000
434.689	3.394000
435.041	3.394000
435.041	4.405000
435.392	4.405000
435.392	2.901000
435.744	2.901000
435.744	3.298000
436.098	3.298000
436.098	3.193000
436.452	3.193000
436.452	4.478000
436.806	4.478000
436.806	4.666000
437.133	4.666000
437.133	4.691000
437.46	4.691000
437.46	4.768000
437.787	4.768000
437.787	2.132000
438.14	2.132000
438.14	1.834000
438.493	1.834000
438.493	3.547000
438.846	3.547000
438.846	2.089000
439.199	2.089000
439.199	2.590000
439.552	2.590000
439.552	2.051000
439.905	2.051000
439.905	3.327000
440.257	3.327000
440.257	2.987000
440.608	2.987000
440.608	3.128000
440.959	3.128000
440.959	3.578000
441.308	3.578000
441.308	3.216000
441.656	3.216000
441.656	4.763000
442.005	4.763000
442.005	4.136000
442.322	4.136000
442.322	4.973000
442.64	4.973000
442.64	5.219000
442.958	5.219000
442.958	3.595000
443.302	3.595000
443.302	2.824000
443.646	2.824000
443.646	3.887000
443.989	3.887000
443.989	3.676000
444.342	3.676000
444.342	2.819000
444.695	2.819000
444.695	4.172000
445.048	4.172000
445.048	2.921000
445.399	2.921000
445.399	3.920000
445.75	3.920000
445.75	2.212000
446.101	2.212000
446.101	4.479000
446.418	4.479000
446.418	5.082000
446.735	5.082000
446.735	5.320000
447.051	5.320000
447.051	3.692000
447.401	3.692000
447.401	4.712000
447.751	4.712000
447.751	3.332000
448.101	3.332000
448.101	2.676000
448.455	2.676000
448.455	2.087000
448.809	2.087000
448.809	3.292000
449.163	3.292000
449.163	5.009000
449.492	5.009000
449.492	5.419000
449.821	5.419000
449.821	5.504000
450.15	5.504000
450.15	2.901000
450.501	2.901000
450.501	3.803000
450.852	3.803000
450.852	2.483000
451.203	2.483000
451.203	2.743000
451.553	2.743000
451.553	3.406000
451.903	3.406000
451.903	1.983000
452.253	1.983000
452.253	5.960000
452.584	5.960000
452.584	5.854000
452.917	5.854000
452.917	5.831000
453.25	5.831000
453.25	4.927000
453.601	4.927000
453.601	4.614000
453.952	4.614000
453.952	5.386000
454.303	5.386000
454.303	4.008000
454.656	4.008000
454.656	3.334000
455.009	3.334000
455.009	4.362000
455.362	4.362000
455.362	4.136000
455.681	4.136000
455.681	5.113000
455.998	5.113000
455.998	5.205000
456.316	5.205000
456.316	2.130000
456.669	2.130000
456.669	3.159000
457.022	3.159000
457.022	1.934000
457.375	1.934000
457.375	2.063000
457.728	2.063000
457.728	2.599000
458.081	2.599000
458.081	2.061000
458.434	2.061000
458.434	4.548000
458.76	4.548000
458.76	5.281000
459.087	5.281000
459.087	5.308000
459.413	5.308000
459.413	2.329000
459.767	2.329000
459.767	3.162000
460.121	3.162000
460.121	2.034000
460.475	2.034000
460.475	2.113000
460.828	2.113000
460.828	3.000000
461.18	3.000000
461.18	1.987000
461.533	1.987000
461.533	4.389000
461.852	4.389000
461.852	5.649000
462.169	5.649000
462.169	5.578000
462.486	5.578000
462.486	3.272000
462.821	3.272000
462.821	2.428000
463.156	2.428000
463.156	3.899000
463.491	3.899000
463.491	3.393000
463.844	3.393000
463.844	4.340000
464.196	4.340000
464.196	2.747000
464.548	2.747000
464.548	5.606000
464.869	5.606000
464.869	5.466000
465.188	5.466000
465.188	5.655000
465.508	5.655000
465.508	3.140000
465.854	3.140000
465.854	2.437000
466.2	2.437000
466.2	3.807000
466.546	3.807000
466.546	3.490000
466.894	3.490000
466.894	2.898000
467.242	2.898000
467.242	4.042000
467.59	4.042000
467.59	6.148000
467.903	6.148000
467.903	5.423000
468.218	5.423000
468.218	5.216000
468.533	5.216000
468.533	2.697000
468.886	2.697000
468.886	2.132000
469.239	2.132000
469.239	1.968000
469.592	1.968000
469.592	4.442000
469.943	4.442000
469.943	4.274000
470.294	4.274000
470.294	5.121000
470.645	5.121000
470.645	6.214000
471.065	6.214000
471.065	6.508000
471.487	6.508000
471.487	6.515000
471.908	6.515000
471.908	2.729000
472.261	2.729000
472.261	2.554000
472.614	2.554000
472.614	2.105000
472.967	2.105000
472.967	3.098000
473.32	3.098000
473.32	2.296000
473.673	2.296000
473.673	1.954000
474.026	1.954000
474.026	2.427000
474.379	2.427000
474.379	2.261000
474.732	2.261000
474.732	1.995000
475.085	1.995000
475.085	4.362000
475.433	4.362000
475.433	4.583000
475.78	4.583000
475.78	4.217000
476.127	4.217000
476.127	4.502000
476.458	4.502000
476.458	5.906000
476.789	5.906000
476.789	5.960000
477.12	5.960000
477.12	3.224000
477.46	3.224000
477.46	2.702000
477.8	2.702000
477.8	4.046000
478.14	4.046000
478.14	2.665000
478.493	2.665000
478.493	2.491000
478.846	2.491000
478.846	2.296000
479.199	2.296000
479.199	4.380000
479.533	4.380000
479.533	5.305000
479.867	5.305000
479.867	5.107000
480.201	5.107000
480.201	4.428000
480.541	4.428000
480.541	3.817000
480.881	3.817000
480.881	5.007000
481.22	5.007000
481.22	4.318000
481.57	4.318000
481.57	3.860000
481.92	3.860000
481.92	5.108000
482.27	5.108000
482.27	4.074000
482.582	4.074000
482.582	4.897000
482.893	4.897000
482.893	5.226000
483.204	5.226000
483.204	3.347000
483.557	3.347000
483.557	2.567000
483.91	2.567000
483.91	4.194000
484.262	4.194000
484.262	2.418000
484.617	2.418000
484.617	2.527000
484.972	2.527000
484.972	2.470000
485.327	2.470000
485.327	4.629000
485.642	4.629000
485.642	5.742000
485.955	5.742000
485.955	5.772000
486.268	5.772000
486.268	3.538000
486.613	3.538000
486.613	3.464000
486.958	3.464000
486.958	3.205000
487.303	3.205000
487.303	4.137000
487.64	4.137000
487.64	4.353000
487.976	4.353000
487.976	3.936000
488.313	3.936000
488.313	3.980000
488.632	3.980000
488.632	4.794000
488.949	4.794000
488.949	4.679000
489.266	4.679000
489.266	2.853000
489.619	2.853000
489.619	2.095000
489.972	2.095000
489.972	3.706000
490.325	3.706000
490.325	3.008000
490.676	3.008000
490.676	3.782000
491.028	3.782000
491.028	2.791000
491.38	2.791000
491.38	4.347000
491.69	4.347000
491.69	5.428000
491.998	5.428000
491.998	5.431000
492.305	5.431000
492.305	3.663000
492.658	3.663000
492.658	3.251000
493.011	3.251000
493.011	3.171000
493.364	3.171000
493.364	2.676000
493.7	2.676000
493.7	2.472000
494.036	2.472000
494.036	3.966000
494.372	3.966000
494.372	4.450000
494.703	4.450000
494.703	5.287000
495.033	5.287000
495.033	5.358000
495.363	5.358000
495.363	2.652000
495.715	2.652000
495.715	2.314000
496.066	2.314000
496.066	3.304000
496.418	3.304000
496.418	3.788000
496.749	3.788000
496.749	3.774000
497.08	3.774000
497.08	3.021000
497.411	3.021000
497.411	6.313000
497.725	6.313000
497.725	5.648000
498.04	5.648000
498.04	5.663000
498.354	5.663000
498.354	3.116000
498.706	3.116000
498.706	2.819000
499.058	2.819000
499.058	2.500000
499.41	2.500000
499.41	3.083000
499.762	3.083000
499.762	2.988000
500.114	2.988000
500.114	2.769000
500.466	2.769000
500.466	4.285000
500.794	4.285000
500.794	5.740000
501.122	5.740000
501.122	5.240000
501.45	5.240000
501.45	3.431000
501.802	3.431000
501.802	3.143000
502.154	3.143000
502.154	4.640000
502.505	4.640000
502.505	4.452000
502.831	4.452000
502.831	5.369000
503.156	5.369000
503.156	5.366000
503.48	5.366000
503.48	3.210000
503.832	3.210000
503.832	3.621000
504.184	3.621000
504.184	2.402000
504.535	2.402000
504.535	3.358000
504.887	3.358000
504.887	2.694000
505.238	2.694000
505.238	3.757000
505.59	3.757000
