0.0	5.673000
0.309	5.673000
0.309	5.711000
0.62	5.711000
0.62	6.382000
0.909	6.382000
0.909	3.805000
1.223	3.805000
1.223	3.827000
1.532	3.827000
1.532	4.422000
1.816	4.422000
1.816	3.902000
2.126	3.902000
2.126	3.907000
2.414	3.907000
2.414	4.270000
2.693	4.270000
2.693	5.010000
2.994	5.010000
2.994	5.053000
3.288	5.053000
3.288	4.037000
3.6	4.037000
3.6	3.618000
3.91	3.618000
3.91	3.513000
4.224	3.513000
4.224	4.152000
4.499	4.152000
4.499	6.979000
4.912	6.979000
4.912	6.871000
5.327	6.871000
5.327	7.162000
5.707	7.162000
5.707	3.515000
6.021	3.515000
6.021	3.459000
6.333	3.459000
6.333	4.121000
6.622	4.121000
6.622	4.247000
6.893	4.247000
6.893	3.891000
7.152	3.891000
7.152	4.115000
7.39	4.115000
7.39	7.473000
7.687	7.473000
7.687	7.267000
7.992	7.267000
7.992	6.400000
8.298	6.400000
8.298	4.584000
8.614	4.584000
8.614	4.304000
8.927	4.304000
8.927	5.284000
9.191	5.284000
9.191	5.207000
9.455	5.207000
9.455	4.976000
9.705	4.976000
9.705	3.620000
9.975	3.620000
9.975	4.817000
10.284	4.817000
10.284	5.063000
10.584	5.063000
10.584	4.674000
10.882	4.674000
10.882	3.585000
11.194	3.585000
11.194	3.629000
11.509	3.629000
11.509	4.564000
11.783	4.564000
11.783	4.978000
12.094	4.978000
12.094	4.886000
12.382	4.886000
12.382	3.200000
12.691	3.200000
12.691	5.253000
12.993	5.253000
12.993	5.072000
13.279	5.072000
13.279	3.658000
13.586	3.658000
13.586	5.844000
13.881	5.844000
13.881	3.651000
14.197	3.651000
14.197	4.511000
14.471	4.511000
14.471	7.149000
14.84	7.149000
14.84	7.026000
15.201	7.026000
15.201	5.893000
15.568	5.893000
15.568	3.937000
15.877	3.937000
15.877	3.927000
16.184	3.927000
16.184	4.156000
16.45	4.156000
16.45	5.540000
16.758	5.540000
16.758	5.839000
17.037	5.839000
17.037	4.303000
17.343	4.303000
17.343	5.424000
17.68	5.424000
17.68	5.396000
17.996	5.396000
17.996	3.646000
18.334	3.646000
18.334	3.736000
18.646	3.736000
18.646	3.633000
18.954	3.633000
18.954	4.274000
19.227	4.274000
19.227	4.818000
19.533	4.818000
19.533	4.567000
19.817	4.567000
19.817	3.211000
20.126	3.211000
20.126	4.915000
20.421	4.915000
20.421	4.782000
20.712	4.782000
20.712	3.456000
21.02	3.456000
21.02	3.525000
21.335	3.525000
21.335	3.591000
21.649	3.591000
21.649	4.264000
21.919	4.264000
21.919	3.820000
22.235	3.820000
22.235	3.766000
22.537	3.766000
22.537	4.189000
22.806	4.189000
22.806	5.143000
23.107	5.143000
23.107	5.008000
23.397	5.008000
23.397	3.435000
23.706	3.435000
23.706	3.799000
24.021	3.799000
24.021	3.873000
24.333	3.873000
24.333	4.481000
24.621	4.481000
24.621	4.917000
24.922	4.917000
24.922	4.968000
25.199	4.968000
25.199	3.374000
25.503	3.374000
25.503	3.663000
25.817	3.663000
25.817	3.448000
26.128	3.448000
26.128	3.741000
26.402	3.741000
26.402	4.623000
26.715	4.623000
26.715	4.544000
27.021	4.544000
27.021	5.400000
27.282	5.400000
27.282	5.481000
27.591	5.481000
27.591	5.278000
27.871	5.278000
27.871	3.730000
28.18	3.730000
28.18	3.405000
28.496	3.405000
28.496	3.377000
28.809	3.377000
28.809	4.171000
29.081	4.171000
29.081	4.950000
29.388	4.950000
29.388	4.783000
29.679	4.783000
29.679	3.489000
29.992	3.489000
29.992	3.369000
30.308	3.369000
30.308	3.387000
30.618	3.387000
30.618	3.981000
30.886	3.981000
30.886	4.711000
31.191	4.711000
31.191	5.402000
31.469	5.402000
31.469	4.062000
31.775	4.062000
31.775	5.032000
32.071	5.032000
32.071	5.186000
32.353	5.186000
32.353	3.932000
32.659	3.932000
32.659	5.902000
32.973	5.902000
32.973	4.747000
33.278	4.747000
33.278	6.227000
33.552	6.227000
33.552	4.816000
33.856	4.816000
33.856	5.004000
34.154	5.004000
34.154	3.432000
34.463	3.432000
34.463	4.793000
34.763	4.793000
34.763	4.966000
35.054	4.966000
35.054	3.365000
35.366	3.365000
35.366	3.398000
35.682	3.398000
35.682	3.470000
35.997	3.470000
35.997	4.154000
36.268	4.154000
36.268	3.699000
36.581	3.699000
36.581	3.692000
36.881	3.692000
36.881	4.057000
37.147	4.057000
37.147	5.657000
37.449	5.657000
37.449	5.920000
37.733	5.920000
37.733	5.066000
38.04	5.066000
38.04	3.311000
38.356	3.311000
38.356	3.263000
38.669	3.263000
38.669	3.862000
38.936	3.862000
38.936	3.597000
39.251	3.597000
39.251	3.580000
39.558	3.580000
39.558	3.877000
39.812	3.877000
39.812	3.739000
40.128	3.739000
40.128	3.745000
40.433	3.745000
40.433	3.883000
40.695	3.883000
40.695	4.179000
41.01	4.179000
41.01	4.164000
41.319	4.164000
41.319	4.638000
41.579	4.638000
41.579	3.602000
41.894	3.602000
41.894	3.518000
42.202	3.518000
42.202	4.244000
42.461	4.244000
42.461	6.289000
42.762	6.289000
42.762	6.771000
43.041	6.771000
43.041	5.697000
43.35	5.697000
43.35	3.286000
43.666	3.286000
43.666	3.234000
43.979	3.234000
43.979	4.023000
44.25	4.023000
44.25	3.793000
44.566	3.793000
44.566	3.727000
44.872	3.727000
44.872	4.522000
45.151	4.522000
45.151	4.511000
45.461	4.511000
45.461	4.532000
45.764	4.532000
45.764	5.832000
46.052	5.832000
46.052	3.780000
46.368	3.780000
46.368	3.721000
46.678	3.721000
46.678	4.591000
46.96	4.591000
46.96	4.670000
47.254	4.670000
47.254	4.826000
47.534	4.826000
47.534	3.599000
47.845	3.599000
47.845	3.722000
48.16	3.722000
48.16	3.655000
48.466	3.655000
48.466	3.899000
48.757	3.899000
48.757	3.864000
49.069	3.864000
49.069	3.720000
49.379	3.720000
49.379	4.711000
49.661	4.711000
49.661	5.091000
49.96	5.091000
49.96	4.927000
50.256	4.927000
50.256	3.490000
50.563	3.490000
50.563	3.613000
50.871	3.613000
50.871	3.308000
51.181	3.308000
51.181	4.145000
51.455	4.145000
51.455	3.749000
51.769	3.749000
51.769	3.694000
52.085	3.694000
52.085	4.199000
52.351	4.199000
52.351	3.851000
52.667	3.851000
52.667	3.828000
52.983	3.828000
52.983	4.030000
53.243	4.030000
53.243	4.981000
53.547	4.981000
53.547	4.656000
53.847	4.656000
53.847	3.542000
54.161	3.542000
54.161	0.000000
54.161	0.000000
54.161	0.000000
54.161	0.000000
54.161	0.000000
54.161	0.000000
54.161	6.055000
54.482	6.055000
54.482	6.490000
54.81	6.490000
54.81	5.514000
55.137	5.514000
55.137	3.907000
55.437	3.907000
55.437	3.297000
55.748	3.297000
55.748	4.087000
56.042	4.087000
56.042	5.391000
56.351	5.391000
56.351	6.118000
56.666	6.118000
56.666	5.122000
56.983	5.122000
56.983	5.565000
57.231	5.565000
57.231	6.592000
57.475	6.592000
57.475	6.028000
57.72	6.028000
57.72	5.220000
58.032	5.220000
58.032	5.875000
58.343	5.875000
58.343	4.747000
58.659	4.747000
58.659	4.435000
58.962	4.435000
58.962	3.146000
59.27	3.146000
59.27	4.142000
59.56	4.142000
59.56	6.607000
59.905	6.607000
59.905	7.198000
60.245	7.198000
60.245	6.590000
60.595	6.590000
60.595	4.175000
60.901	4.175000
60.901	3.445000
61.212	3.445000
61.212	4.594000
61.503	4.594000
61.503	5.855000
61.848	5.855000
61.848	6.400000
62.192	6.400000
62.192	5.638000
62.536	5.638000
62.536	6.321000
62.877	6.321000
62.877	6.090000
63.221	6.090000
63.221	6.183000
63.57	6.183000
63.57	4.603000
63.881	4.603000
63.881	3.280000
64.195	3.280000
64.195	5.133000
64.493	5.133000
64.493	5.324000
64.8	5.324000
64.8	5.516000
65.113	5.516000
65.113	4.663000
65.427	4.663000
65.427	5.187000
65.736	5.187000
65.736	5.873000
66.047	5.873000
66.047	4.873000
66.363	4.873000
66.363	4.439000
66.667	4.439000
66.667	3.338000
66.979	3.338000
66.979	4.386000
67.272	4.386000
67.272	4.394000
67.623	4.394000
67.623	5.329000
67.96	5.329000
67.96	4.527000
68.298	4.527000
68.298	4.587000
68.613	4.587000
68.613	5.362000
68.919	5.362000
68.919	5.191000
69.227	5.191000
69.227	4.513000
69.531	4.513000
69.531	3.248000
69.837	3.248000
69.837	4.386000
70.127	4.386000
70.127	4.578000
70.442	4.578000
70.442	5.720000
70.751	5.720000
70.751	5.284000
71.059	5.284000
71.059	6.900000
71.369	6.900000
71.369	7.023000
71.682	7.023000
71.682	6.868000
71.995	6.868000
71.995	4.529000
72.3	4.529000
72.3	3.682000
72.61	3.682000
72.61	4.796000
72.909	4.796000
72.909	5.308000
73.219	5.308000
73.219	5.854000
73.528	5.854000
73.528	4.951000
73.843	4.951000
73.843	4.931000
74.159	4.931000
74.159	5.770000
74.469	5.770000
74.469	5.322000
74.783	5.322000
74.783	4.423000
75.091	4.423000
75.091	3.295000
75.403	3.295000
75.403	5.006000
75.703	5.006000
75.703	4.842000
76.019	4.842000
76.019	5.971000
76.332	5.971000
76.332	5.222000
76.647	5.222000
76.647	4.884000
76.998	4.884000
76.998	5.582000
77.343	5.582000
77.343	4.895000
77.689	4.895000
77.689	5.800000
77.984	5.800000
77.984	4.307000
78.292	4.307000
78.292	5.740000
78.577	5.740000
78.577	5.373000
78.892	5.373000
78.892	6.243000
79.201	6.243000
79.201	5.800000
79.505	5.800000
79.505	5.826000
79.816	5.826000
79.816	6.272000
80.12	6.272000
80.12	6.336000
80.425	6.336000
80.425	5.544000
80.734	5.544000
80.734	4.120000
81.046	4.120000
81.046	5.737000
81.34	5.737000
81.34	5.355000
81.649	5.355000
81.649	6.041000
81.959	6.041000
81.959	4.880000
82.275	4.880000
82.275	4.414000
82.579	4.414000
82.579	3.219000
82.892	3.219000
82.892	4.704000
83.188	4.704000
83.188	7.202000
83.496	7.202000
83.496	7.146000
83.806	7.146000
83.806	7.169000
84.121	7.169000
84.121	5.386000
84.469	5.386000
84.469	5.862000
84.812	5.862000
84.812	5.038000
85.161	5.038000
85.161	4.557000
85.47	4.557000
85.47	3.358000
85.777	3.358000
85.777	4.730000
86.07	4.730000
86.07	5.297000
86.382	5.297000
86.382	5.901000
86.691	5.901000
86.691	4.734000
87.007	4.734000
87.007	3.742000
87.323	3.742000
87.323	3.684000
87.636	3.684000
87.636	4.909000
87.912	4.909000
87.912	3.445000
88.225	3.445000
88.225	3.390000
88.534	3.390000
88.534	4.097000
88.813	4.097000
88.813	3.364000
89.117	3.364000
89.117	3.387000
89.429	3.387000
89.429	3.786000
89.693	3.786000
89.693	3.682000
90.008	3.682000
90.008	3.618000
90.324	3.618000
90.324	3.962000
90.61	3.962000
90.61	4.619000
90.898	4.619000
90.898	4.907000
91.175	4.907000
91.175	3.437000
91.487	3.437000
91.487	3.434000
91.797	3.434000
91.797	3.457000
92.111	3.457000
92.111	3.796000
92.377	3.796000
92.377	5.137000
92.682	5.137000
92.682	4.993000
92.972	4.993000
92.972	3.554000
93.287	3.554000
93.287	4.757000
93.562	4.757000
93.562	4.633000
93.843	4.633000
93.843	3.386000
94.154	3.386000
94.154	3.672000
94.467	3.672000
94.467	3.676000
94.777	3.676000
94.777	4.233000
95.068	4.233000
95.068	3.636000
95.383	3.636000
95.383	3.672000
95.697	3.672000
95.697	4.036000
95.981	4.036000
95.981	3.911000
96.296	3.911000
96.296	3.938000
96.61	3.938000
96.61	4.251000
96.885	4.251000
96.885	3.168000
97.196	3.168000
97.196	3.230000
97.509	3.230000
97.509	3.958000
97.782	3.958000
97.782	6.061000
98.073	6.061000
98.073	6.537000
98.363	6.537000
98.363	5.684000
98.676	5.684000
98.676	3.483000
98.986	3.483000
98.986	3.608000
99.285	3.608000
99.285	4.235000
99.549	4.235000
99.549	5.336000
99.842	5.336000
99.842	5.147000
100.136	5.147000
100.136	3.911000
100.444	3.911000
100.444	3.632000
100.752	3.632000
100.752	3.674000
101.066	3.674000
101.066	4.371000
101.343	4.371000
101.343	4.184000
101.655	4.184000
101.655	4.137000
101.965	4.137000
101.965	4.819000
102.25	4.819000
102.25	5.016000
102.554	5.016000
102.554	4.677000
102.852	4.677000
102.852	3.184000
103.164	3.184000
103.164	3.615000
103.466	3.615000
103.466	3.508000
103.777	3.508000
103.777	4.125000
104.046	4.125000
104.046	3.553000
104.362	3.553000
104.362	3.404000
104.678	3.404000
104.678	4.195000
104.972	4.195000
104.972	4.137000
105.288	4.137000
105.288	3.962000
105.604	3.962000
105.604	4.393000
105.886	4.393000
105.886	3.677000
106.197	3.677000
106.197	3.685000
106.511	3.685000
106.511	4.076000
106.799	4.076000
106.799	4.060000
107.113	4.060000
107.113	4.013000
107.429	4.013000
107.429	4.325000
107.692	4.325000
107.692	3.817000
108.009	3.817000
108.009	3.870000
108.312	3.870000
108.312	4.112000
108.56	4.112000
108.56	3.821000
108.871	3.821000
108.871	3.909000
109.185	3.909000
109.185	4.281000
109.473	4.281000
109.473	3.543000
109.786	3.543000
109.786	3.494000
110.101	3.494000
110.101	4.028000
110.372	4.028000
110.372	3.804000
110.687	3.804000
110.687	3.830000
111.003	3.830000
111.003	3.787000
111.271	3.787000
111.271	3.235000
111.585	3.235000
111.585	3.285000
111.897	3.285000
111.897	3.770000
112.19	3.770000
112.19	4.900000
112.495	4.900000
112.495	4.705000
112.787	4.705000
112.787	3.193000
113.099	3.193000
113.099	3.736000
113.411	3.736000
113.411	3.751000
113.713	3.751000
113.713	4.168000
113.993	4.168000
113.993	3.924000
114.309	3.924000
114.309	4.016000
114.622	4.016000
114.622	4.938000
114.901	4.938000
114.901	3.746000
115.215	3.746000
115.215	3.744000
115.521	3.744000
115.521	4.158000
115.811	4.158000
115.811	4.854000
116.107	4.854000
116.107	4.889000
116.381	4.889000
116.381	3.672000
116.695	3.672000
116.695	8.142000
116.999	8.142000
116.999	5.306000
117.303	5.306000
117.303	4.935000
117.613	4.935000
117.613	3.657000
117.926	3.657000
117.926	5.366000
118.231	5.366000
118.231	5.377000
118.528	5.377000
118.528	3.948000
118.839	3.948000
118.839	5.383000
119.133	5.383000
119.133	5.462000
119.431	5.462000
119.431	3.739000
119.747	3.739000
119.747	3.037000
120.048	3.037000
120.048	3.079000
120.363	3.079000
120.363	4.046000
120.666	4.046000
120.666	5.142000
120.999	5.142000
120.999	5.339000
121.331	5.339000
121.331	3.812000
121.679	3.812000
121.679	3.646000
121.994	3.646000
121.994	3.684000
122.31	3.684000
122.31	4.439000
122.605	4.439000
122.605	3.408000
122.914	3.408000
122.914	3.121000
123.226	3.121000
123.226	4.400000
123.527	4.400000
123.527	5.488000
123.792	5.488000
123.792	5.676000
124.059	5.676000
124.059	3.802000
124.333	3.802000
124.333	4.058000
124.645	4.058000
124.645	4.127000
124.96	4.127000
124.96	4.657000
125.263	4.657000
125.263	3.781000
125.578	3.781000
125.578	3.709000
125.857	3.709000
125.857	4.013000
126.153	4.013000
126.153	3.620000
126.469	3.620000
126.469	3.678000
126.77	3.678000
126.77	4.517000
127.071	4.517000
127.071	5.496000
127.374	5.496000
127.374	5.333000
127.66	5.333000
127.66	3.755000
127.975	3.755000
127.975	5.120000
128.276	5.120000
128.276	5.359000
128.561	5.359000
128.561	3.617000
128.875	3.617000
128.875	5.406000
129.171	5.406000
129.171	5.496000
129.474	5.496000
129.474	4.103000
129.788	4.103000
129.788	3.356000
130.088	3.356000
130.088	3.302000
130.403	3.302000
130.403	4.371000
130.706	4.371000
130.706	5.594000
131.007	5.594000
131.007	5.630000
131.309	5.630000
131.309	4.016000
131.62	4.016000
131.62	5.080000
131.918	5.080000
131.918	5.393000
132.218	5.393000
132.218	3.861000
132.531	3.861000
132.531	3.870000
132.834	3.870000
132.834	3.846000
133.142	3.846000
133.142	4.633000
133.449	4.633000
133.449	3.849000
133.762	3.849000
133.762	3.735000
134.074	3.735000
134.074	4.090000
134.382	4.090000
134.382	3.902000
134.697	3.902000
134.697	3.848000
135.01	3.848000
135.01	4.454000
135.312	4.454000
135.312	3.427000
135.627	3.427000
135.627	3.417000
135.938	3.417000
135.938	4.334000
136.242	4.334000
136.242	5.578000
136.581	5.578000
136.581	5.448000
136.913	5.448000
136.913	4.084000
137.263	4.084000
137.263	3.762000
137.577	3.762000
137.577	3.666000
137.879	3.666000
137.879	4.364000
138.167	4.364000
138.167	3.734000
138.471	3.734000
138.471	3.662000
138.779	3.662000
138.779	4.635000
139.083	4.635000
139.083	4.098000
139.398	4.098000
139.398	4.042000
139.711	4.042000
139.711	4.887000
140.01	4.887000
140.01	5.668000
140.31	5.668000
140.31	5.609000
140.598	5.609000
140.598	3.958000
140.913	3.958000
140.913	3.255000
141.223	3.255000
141.223	3.285000
141.537	3.285000
141.537	4.347000
141.84	4.347000
141.84	6.128000
142.149	6.128000
142.149	4.155000
142.462	4.155000
142.462	4.382000
142.765	4.382000
142.765	3.581000
143.075	3.581000
143.075	3.599000
143.39	3.599000
143.39	4.416000
143.693	4.416000
143.693	3.898000
144.01	3.898000
144.01	3.817000
144.327	3.817000
144.327	4.316000
144.635	4.316000
144.635	8.558000
145.157	8.558000
145.157	8.651000
145.67	8.651000
145.67	7.765000
146.202	7.765000
146.202	4.977000
146.535	4.977000
146.535	4.635000
146.877	4.635000
146.877	6.533000
147.218	6.533000
147.218	3.627000
147.533	3.627000
147.533	3.546000
147.844	3.546000
147.844	4.084000
148.142	4.084000
148.142	5.615000
148.439	5.615000
148.439	5.615000
148.747	5.615000
148.747	4.003000
149.057	4.003000
149.057	3.625000
149.368	3.625000
149.368	3.669000
149.682	3.669000
149.682	4.373000
149.983	4.373000
149.983	6.319000
150.269	6.319000
150.269	6.507000
150.561	6.507000
150.561	4.870000
150.855	4.870000
150.855	3.824000
151.168	3.824000
151.168	3.717000
151.484	3.717000
151.484	4.100000
151.782	4.100000
151.782	5.009000
152.081	5.009000
152.081	4.678000
152.393	4.678000
152.393	5.835000
152.691	5.835000
152.691	5.889000
152.996	5.889000
152.996	6.025000
153.301	6.025000
153.301	5.356000
153.614	5.356000
153.614	7.657000
154.018	7.657000
154.018	7.576000
154.426	7.576000
154.426	7.973000
154.801	7.973000
154.801	5.240000
155.134	5.240000
155.134	5.181000
155.458	5.181000
155.458	4.051000
155.8	4.051000
155.8	5.166000
156.1	5.166000
156.1	5.190000
156.404	5.190000
156.404	3.585000
156.713	3.585000
156.713	3.752000
157.024	3.752000
157.024	3.924000
157.336	3.924000
157.336	4.417000
157.617	4.417000
157.617	3.664000
157.929	3.664000
157.929	3.539000
158.241	3.539000
158.241	4.100000
158.521	4.100000
158.521	3.641000
158.864	3.641000
158.864	3.689000
159.206	3.689000
159.206	4.165000
159.497	4.165000
159.497	4.994000
159.801	4.994000
159.801	4.798000
160.094	4.798000
160.094	3.447000
160.407	3.447000
160.407	5.063000
160.703	5.063000
160.703	5.236000
160.99	5.236000
160.99	3.677000
161.303	3.677000
161.303	3.542000
161.612	3.542000
161.612	3.346000
161.924	3.346000
161.924	4.024000
162.208	4.024000
162.208	3.596000
162.52	3.596000
162.52	3.637000
162.835	3.637000
162.835	3.966000
163.12	3.966000
163.12	4.332000
163.433	4.332000
163.433	4.307000
163.736	4.307000
163.736	5.137000
164.008	5.137000
164.008	5.383000
164.315	5.383000
164.315	6.028000
164.624	6.028000
164.624	6.422000
164.908	6.422000
164.908	4.032000
165.225	4.032000
165.225	4.029000
165.543	4.029000
165.543	4.512000
165.796	4.512000
165.796	7.239000
166.124	7.239000
166.124	7.499000
166.454	7.499000
166.454	7.961000
166.761	7.961000
166.761	5.352000
167.072	5.352000
167.072	5.522000
167.386	5.522000
167.386	6.604000
167.672	6.604000
167.672	4.968000
167.97	4.968000
167.97	4.750000
168.271	4.750000
168.271	3.290000
168.58	3.290000
168.58	5.119000
168.874	5.119000
168.874	4.806000
169.164	4.806000
169.164	5.639000
169.43	5.639000
169.43	5.264000
169.729	5.264000
169.729	5.075000
170.024	5.075000
170.024	3.894000
170.335	3.894000
170.335	4.775000
170.638	4.775000
170.638	4.504000
170.929	4.504000
170.929	3.247000
171.238	3.247000
171.238	3.924000
171.554	3.924000
171.554	3.973000
171.869	3.973000
171.869	4.488000
172.149	4.488000
172.149	3.964000
172.463	3.964000
172.463	3.876000
172.767	3.876000
172.767	4.155000
173.041	4.155000
173.041	5.010000
173.344	5.010000
173.344	4.552000
173.649	4.552000
173.649	3.485000
173.965	3.485000
173.965	3.600000
174.313	3.600000
174.313	3.557000
174.662	3.557000
174.662	4.276000
174.97	4.276000
174.97	4.672000
175.273	4.672000
175.273	4.905000
175.568	4.905000
175.568	3.132000
175.88	3.132000
175.88	3.501000
176.195	3.501000
176.195	3.459000
176.511	3.459000
176.511	3.850000
176.782	3.850000
176.782	4.752000
177.084	4.752000
177.084	4.505000
177.386	4.505000
177.386	5.194000
177.661	5.194000
177.661	4.082000
177.977	4.082000
177.977	4.074000
178.292	4.074000
178.292	4.303000
178.541	4.303000
178.541	3.916000
178.856	3.916000
178.856	3.832000
179.171	3.832000
179.171	4.063000
179.421	4.063000
179.421	3.638000
179.728	3.638000
179.728	3.647000
180.04	3.647000
180.04	4.238000
180.32	4.238000
180.32	5.025000
180.628	5.025000
180.628	5.002000
180.92	5.002000
180.92	3.400000
181.232	3.400000
181.232	4.241000
181.548	4.241000
181.548	4.332000
181.865	4.332000
181.865	5.097000
182.131	5.097000
182.131	3.430000
182.44	3.430000
182.44	3.427000
182.75	3.427000
182.75	3.973000
183.037	3.973000
183.037	4.055000
183.353	4.055000
183.353	4.040000
183.67	4.040000
183.67	3.978000
183.937	3.978000
183.937	3.534000
184.243	3.534000
184.243	3.605000
184.554	3.605000
184.554	4.371000
184.837	4.371000
184.837	3.615000
185.154	3.615000
185.154	3.586000
185.469	3.586000
185.469	4.019000
185.73	4.019000
185.73	4.911000
186.029	4.911000
186.029	5.135000
186.321	5.135000
186.321	3.961000
186.632	3.961000
186.632	3.629000
186.944	3.629000
186.944	3.666000
187.26	3.666000
187.26	4.311000
187.54	4.311000
187.54	5.797000
187.844	5.797000
187.844	6.202000
188.131	6.202000
188.131	5.539000
188.443	5.539000
188.443	3.774000
188.76	3.774000
188.76	3.827000
189.078	3.827000
189.078	4.485000
189.366	4.485000
189.366	3.583000
189.675	3.583000
189.675	3.596000
189.991	3.596000
189.991	4.156000
190.269	4.156000
190.269	5.102000
190.57	5.102000
190.57	4.969000
190.869	4.969000
190.869	3.730000
191.183	3.730000
191.183	6.258000
191.503	6.258000
191.503	6.355000
191.818	6.355000
191.818	5.267000
192.151	5.267000
192.151	3.403000
192.462	3.403000
192.462	3.488000
192.778	3.488000
192.778	4.267000
193.057	4.267000
193.057	4.027000
193.373	4.027000
193.373	3.996000
193.689	3.996000
193.689	4.270000
193.967	4.270000
193.967	4.062000
194.269	4.062000
194.269	3.914000
194.575	3.914000
194.575	4.287000
194.858	4.287000
194.858	5.205000
195.144	5.205000
195.144	5.231000
195.425	5.231000
195.425	3.774000
195.739	3.774000
195.739	4.092000
196.054	4.092000
196.054	4.172000
196.369	4.172000
196.369	4.313000
196.661	4.313000
196.661	3.641000
196.971	3.641000
196.971	3.540000
197.286	3.540000
197.286	4.260000
197.569	4.260000
197.569	4.985000
197.875	4.985000
197.875	4.528000
198.175	4.528000
198.175	3.330000
198.489	3.330000
198.489	3.842000
198.796	3.842000
198.796	3.919000
199.109	3.919000
199.109	3.976000
199.373	3.976000
199.373	3.732000
199.682	3.732000
199.682	3.721000
199.998	3.721000
199.998	4.127000
200.277	4.127000
200.277	5.205000
200.568	5.205000
200.568	4.824000
200.861	4.824000
200.861	3.200000
201.174	3.200000
201.174	3.847000
201.487	3.847000
201.487	3.896000
201.803	3.896000
201.803	4.116000
202.088	4.116000
202.088	3.503000
202.392	3.503000
202.392	3.459000
202.707	3.459000
202.707	3.869000
202.986	3.869000
202.986	3.644000
203.301	3.644000
203.301	3.617000
203.618	3.617000
203.618	4.175000
203.907	4.175000
203.907	5.146000
204.191	5.146000
204.191	4.592000
204.478	4.592000
204.478	3.517000
204.792	3.517000
204.792	4.289000
205.098	4.289000
205.098	4.064000
205.411	4.064000
205.411	4.662000
205.689	4.662000
205.689	5.309000
205.97	5.309000
205.97	5.187000
206.261	5.187000
206.261	4.026000
206.573	4.026000
206.573	5.148000
206.884	5.148000
206.884	5.053000
207.198	5.053000
207.198	5.796000
207.495	5.796000
207.495	3.813000
207.787	3.813000
207.787	3.738000
208.091	3.738000
208.091	4.322000
208.347	4.322000
208.347	3.948000
208.653	3.948000
208.653	3.908000
208.965	3.908000
208.965	4.204000
209.251	4.204000
209.251	4.311000
209.558	4.311000
209.558	4.168000
209.872	4.168000
209.872	4.788000
210.162	4.788000
210.162	7.406000
210.559	7.406000
210.559	6.981000
210.959	6.981000
210.959	7.073000
211.332	7.073000
211.332	5.396000
211.617	5.396000
211.617	5.288000
211.907	5.288000
211.907	3.860000
212.22	3.860000
212.22	3.865000
212.523	3.865000
212.523	3.937000
212.83	3.937000
212.83	4.539000
213.108	4.539000
213.108	5.138000
213.408	5.138000
213.408	5.078000
213.707	5.078000
213.707	3.593000
214.013	3.593000
214.013	3.553000
214.315	3.553000
214.315	3.507000
214.629	3.507000
214.629	4.119000
214.908	4.119000
214.908	0.000000
214.908	0.000000
214.908	0.000000
214.908	0.000000
214.908	0.000000
214.908	0.000000
214.908	5.821000
215.216	5.821000
215.216	5.693000
215.521	5.693000
215.521	6.968000
215.793	6.968000
215.793	3.609000
216.105	3.609000
216.105	3.658000
216.423	3.658000
216.423	4.182000
216.669	4.182000
216.669	3.651000
216.972	3.651000
216.972	3.666000
217.283	3.666000
217.283	4.203000
217.573	4.203000
217.573	4.819000
217.879	4.819000
217.879	4.526000
218.173	4.526000
218.173	3.562000
218.483	3.562000
218.483	3.638000
218.794	3.638000
218.794	3.769000
219.109	3.769000
219.109	4.151000
219.377	4.151000
219.377	3.609000
219.685	3.609000
219.685	3.635000
219.995	3.635000
219.995	4.260000
220.281	4.260000
220.281	4.886000
220.588	4.886000
220.588	4.779000
220.889	4.779000
220.889	3.267000
221.203	3.267000
221.203	3.920000
221.517	3.920000
221.517	3.982000
221.833	3.982000
221.833	4.242000
222.079	4.242000
222.079	3.490000
222.39	3.490000
222.39	3.387000
222.697	3.387000
222.697	3.869000
222.981	3.869000
222.981	4.862000
223.289	4.862000
223.289	5.012000
223.582	5.012000
223.582	3.509000
223.894	3.509000
223.894	3.514000
224.202	3.514000
224.202	3.530000
224.515	3.530000
224.515	4.187000
224.796	4.187000
224.796	5.464000
225.094	5.464000
225.094	5.172000
225.395	5.172000
225.395	4.085000
225.706	4.085000
225.706	4.957000
226.015	4.957000
226.015	4.610000
226.318	4.610000
226.318	3.713000
226.632	3.713000
226.632	3.305000
226.947	3.305000
226.947	3.297000
227.26	3.297000
227.26	3.816000
227.541	3.816000
227.541	4.825000
227.845	4.825000
227.845	4.879000
228.14	4.879000
228.14	3.302000
228.453	3.302000
228.453	4.819000
228.75	4.819000
228.75	4.817000
229.05	4.817000
229.05	3.618000
229.359	3.618000
229.359	4.117000
229.675	4.117000
229.675	4.066000
229.987	4.066000
229.987	4.552000
230.284	4.552000
230.284	4.028000
230.6	4.028000
230.6	3.967000
230.918	3.967000
230.918	4.631000
231.195	4.631000
231.195	3.691000
231.547	3.691000
231.547	3.727000
231.9	3.727000
231.9	4.325000
232.205	4.325000
232.205	3.746000
232.517	3.746000
232.517	3.646000
232.83	3.646000
232.83	4.088000
233.117	4.088000
233.117	5.388000
233.417	5.388000
233.417	5.631000
233.712	5.631000
233.712	3.715000
234.022	3.715000
234.022	4.997000
234.27	4.997000
234.27	5.113000
234.52	5.113000
234.52	3.330000
234.785	3.330000
234.785	3.728000
235.095	3.728000
235.095	3.620000
235.407	3.620000
235.407	4.040000
235.7	4.040000
235.7	5.091000
236.0	5.091000
236.0	5.047000
236.285	5.047000
236.285	3.221000
236.599	3.221000
236.599	5.041000
236.9	5.041000
236.9	5.057000
237.189	5.057000
237.189	3.499000
237.493	3.499000
237.493	8.008000
237.797	8.008000
237.797	7.329000
238.098	7.329000
238.098	7.540000
238.396	7.540000
238.396	0.000000
238.396	0.000000
238.396	0.000000
238.396	0.000000
238.396	0.000000
238.396	0.000000
238.396	0.000000
238.396	0.000000
238.396	0.000000
238.396	0.000000
238.396	0.000000
238.396	0.000000
238.396	5.329000
238.698	5.329000
238.698	5.124000
238.992	5.124000
238.992	3.654000
239.299	3.654000
239.299	3.551000
239.607	3.551000
239.607	3.572000
239.917	3.572000
239.917	4.092000
240.201	4.092000
240.201	3.956000
240.513	3.956000
240.513	3.906000
240.827	3.906000
240.827	3.893000
241.091	3.893000
241.091	4.834000
241.399	4.834000
241.399	4.569000
241.702	4.569000
241.702	3.542000
242.012	3.542000
242.012	3.902000
242.283	3.902000
242.283	3.869000
242.557	3.869000
242.557	4.239000
242.795	4.239000
242.795	3.379000
243.099	3.379000
243.099	3.473000
243.414	3.473000
243.414	3.864000
243.701	3.864000
243.701	3.931000
244.015	3.931000
244.015	3.891000
244.331	3.891000
244.331	4.494000
244.61	4.494000
244.61	3.343000
244.91	3.343000
244.91	3.402000
245.223	3.402000
245.223	3.989000
245.501	3.989000
245.501	4.736000
245.804	4.736000
245.804	4.561000
246.11	4.561000
246.11	3.111000
246.422	3.111000
246.422	5.376000
246.727	5.376000
246.727	5.940000
247.026	5.940000
247.026	4.892000
247.337	4.892000
247.337	3.575000
247.641	3.575000
247.641	3.541000
247.95	3.541000
247.95	4.406000
248.23	4.406000
248.23	5.017000
248.532	5.017000
248.532	4.805000
248.829	4.805000
248.829	3.563000
249.142	3.563000
249.142	4.899000
249.446	4.899000
249.446	4.730000
249.747	4.730000
249.747	3.012000
250.059	3.012000
250.059	5.357000
250.367	5.357000
250.367	5.483000
250.678	5.483000
250.678	6.398000
250.972	6.398000
250.972	4.922000
251.269	4.922000
251.269	4.596000
251.572	4.596000
251.572	3.232000
251.882	3.232000
251.882	5.051000
252.183	5.051000
252.183	4.796000
252.475	4.796000
252.475	3.917000
252.788	3.917000
252.788	3.633000
253.086	3.633000
253.086	3.729000
253.399	3.729000
253.399	4.275000
253.681	4.275000
253.681	3.808000
253.993	3.808000
253.993	3.839000
254.309	3.839000
254.309	4.006000
254.583	4.006000
254.583	5.418000
254.879	5.418000
254.879	4.865000
255.181	4.865000
255.181	3.863000
255.494	3.863000
255.494	4.827000
255.793	4.827000
255.793	4.528000
256.093	4.528000
256.093	3.363000
256.407	3.363000
256.407	3.224000
256.71	3.224000
256.71	3.310000
257.024	3.310000
257.024	4.424000
257.315	4.424000
257.315	3.900000
257.627	3.900000
257.627	3.978000
257.941	3.978000
257.941	4.906000
258.218	4.906000
258.218	5.503000
258.515	5.503000
258.515	5.332000
258.816	5.332000
258.816	3.892000
259.125	3.892000
259.125	3.492000
259.423	3.492000
259.423	3.575000
259.736	3.575000
259.736	4.224000
260.027	4.224000
260.027	5.230000
260.33	5.230000
260.33	5.103000
260.631	5.103000
260.631	3.982000
260.942	3.982000
260.942	3.697000
261.253	3.697000
261.253	3.620000
261.566	3.620000
261.566	4.715000
261.847	4.715000
261.847	4.912000
262.147	4.912000
262.147	4.578000
262.449	4.578000
262.449	3.172000
262.757	3.172000
262.757	3.299000
263.071	3.299000
263.071	3.283000
263.387	3.283000
263.387	4.118000
263.663	4.118000
263.663	4.835000
263.999	4.835000
263.999	4.716000
264.35	4.716000
264.35	5.584000
264.666	5.584000
264.666	5.248000
264.959	5.248000
264.959	5.317000
265.263	5.317000
265.263	3.765000
265.57	3.765000
265.57	4.610000
265.87	4.610000
265.87	4.483000
266.168	4.483000
266.168	3.217000
266.478	3.217000
266.478	4.001000
266.79	4.001000
266.79	3.993000
267.105	3.993000
267.105	4.577000
267.38	4.577000
267.38	3.819000
267.695	3.819000
267.695	3.670000
268.011	3.670000
268.011	3.996000
268.289	3.996000
268.289	6.413000
268.625	6.413000
268.625	6.154000
268.966	6.154000
268.966	7.329000
269.286	7.329000
269.286	5.540000
269.585	5.540000
269.585	5.526000
269.879	5.526000
269.879	4.395000
270.192	4.395000
270.192	4.783000
270.521	4.783000
270.521	4.556000
270.859	4.556000
270.859	3.365000
271.205	3.365000
271.205	3.334000
271.51	3.334000
271.51	3.544000
271.824	3.544000
271.824	4.051000
272.103	4.051000
272.103	3.511000
272.415	3.511000
272.415	3.492000
272.731	3.492000
272.731	4.283000
273.0	4.283000
273.0	5.348000
273.302	5.348000
273.302	5.183000
273.601	5.183000
273.601	3.785000
273.91	3.785000
273.91	3.553000
274.214	3.553000
274.214	3.649000
274.527	3.649000
274.527	4.311000
274.806	4.311000
274.806	5.115000
275.108	5.115000
275.108	4.745000
275.41	4.745000
275.41	3.388000
275.722	3.388000
275.722	5.365000
276.032	5.365000
276.032	4.925000
276.33	4.925000
276.33	3.262000
276.642	3.262000
276.642	3.713000
276.948	3.713000
276.948	3.759000
277.261	3.759000
277.261	4.425000
277.539	4.425000
277.539	3.744000
277.853	3.744000
277.853	3.730000
278.169	3.730000
278.169	4.215000
278.446	4.215000
278.446	4.996000
278.74	4.996000
278.74	4.490000
279.042	4.490000
279.042	3.259000
279.353	3.259000
279.353	3.435000
279.658	3.435000
279.658	3.368000
279.971	3.368000
279.971	3.806000
280.253	3.806000
280.253	4.687000
280.549	4.687000
280.549	4.688000
280.849	4.688000
280.849	3.150000
281.16	3.150000
281.16	4.938000
281.459	4.938000
281.459	4.865000
281.752	4.865000
281.752	3.263000
282.059	3.263000
282.059	4.837000
282.367	4.837000
282.367	5.066000
282.657	5.066000
282.657	3.428000
282.968	3.428000
282.968	3.421000
283.279	3.421000
283.279	3.397000
283.591	3.397000
283.591	4.063000
283.879	4.063000
283.879	3.820000
284.193	3.820000
284.193	3.797000
284.507	3.797000
284.507	4.091000
284.792	4.091000
284.792	4.323000
285.102	4.323000
285.102	4.323000
285.409	4.323000
285.409	5.319000
285.693	5.319000
285.693	3.340000
285.997	3.340000
285.997	3.298000
286.306	3.298000
286.306	4.102000
286.567	4.102000
286.567	5.185000
286.85	5.185000
286.85	5.032000
287.136	5.032000
287.136	3.686000
287.45	3.686000
287.45	3.870000
287.765	3.870000
287.765	3.833000
288.068	3.833000
288.068	3.935000
288.336	3.935000
288.336	3.424000
288.643	3.424000
288.643	3.449000
288.955	3.449000
288.955	4.274000
289.234	4.274000
289.234	3.880000
289.547	3.880000
289.547	3.860000
289.861	3.860000
289.861	4.712000
290.151	4.712000
290.151	3.658000
290.465	3.658000
290.465	3.597000
290.779	3.597000
290.779	3.946000
291.069	3.946000
291.069	7.959000
291.456	7.959000
291.456	8.070000
291.834	8.070000
291.834	6.627000
292.248	6.627000
292.248	3.514000
292.561	3.514000
292.561	3.648000
292.873	3.648000
292.873	4.240000
293.153	4.240000
293.153	4.795000
293.454	4.795000
293.454	4.686000
293.737	4.686000
293.737	3.517000
294.048	3.517000
294.048	3.186000
294.363	3.186000
294.363	3.252000
294.673	3.252000
294.673	4.115000
294.955	4.115000
294.955	4.663000
295.253	4.663000
295.253	4.562000
295.528	4.562000
295.528	3.558000
295.839	3.558000
295.839	5.133000
296.127	5.133000
296.127	4.990000
296.404	4.990000
296.404	4.019000
296.717	4.019000
296.717	3.672000
297.033	3.672000
297.033	3.557000
297.344	3.557000
297.344	4.253000
297.629	4.253000
297.629	5.185000
297.93	5.185000
297.93	4.995000
298.212	4.995000
298.212	3.297000
298.525	3.297000
298.525	8.552000
298.832	8.552000
298.832	8.648000
299.142	8.648000
299.142	9.347000
299.405	9.347000
299.405	3.717000
299.707	3.717000
299.707	3.814000
300.021	3.814000
300.021	4.587000
300.3	4.587000
300.3	7.237000
300.711	7.237000
300.711	6.945000
301.127	6.945000
301.127	7.629000
301.502	7.629000
301.502	3.744000
301.818	3.744000
301.818	3.780000
302.133	3.780000
302.133	3.775000
302.416	3.775000
302.416	4.225000
302.726	4.225000
302.726	4.201000
303.037	4.201000
303.037	4.629000
303.317	4.629000
303.317	5.064000
303.622	5.064000
303.622	4.846000
303.92	4.846000
303.92	5.051000
304.195	5.051000
304.195	3.767000
304.468	3.767000
304.468	3.629000
304.742	3.629000
304.742	3.864000
304.99	3.864000
304.99	3.681000
305.339	3.681000
305.339	3.626000
305.686	3.626000
305.686	4.373000
305.996	4.373000
305.996	5.352000
306.266	5.352000
306.266	4.481000
306.538	4.481000
306.538	4.304000
306.803	4.304000
306.803	3.462000
307.112	3.462000
307.112	3.463000
307.425	3.463000
307.425	4.158000
307.696	4.158000
307.696	3.842000
308.012	3.842000
308.012	3.907000
308.327	3.907000
308.327	4.042000
308.617	4.042000
308.617	4.308000
308.922	4.308000
308.922	4.209000
309.226	4.209000
309.226	4.465000
309.49	4.465000
