0.0	7.727000
0.354	7.727000
0.354	7.638000
0.707	7.638000
0.707	7.588000
1.061	7.588000
1.061	6.959000
1.414	6.959000
1.414	7.412000
1.767	7.412000
1.767	7.235000
2.12	7.235000
2.12	6.624000
2.473	6.624000
2.473	6.990000
2.826	6.990000
2.826	6.703000
3.179	6.703000
3.179	6.601000
3.494	6.601000
3.494	7.019000
3.81	7.019000
3.81	6.837000
4.126	6.837000
4.126	6.830000
4.455	6.830000
4.455	6.645000
4.784	6.645000
4.784	7.198000
5.113	7.198000
5.113	7.306000
5.371	7.306000
5.371	7.301000
5.629	7.301000
5.629	7.230000
5.887	7.230000
5.887	9.326000
6.148	9.326000
6.148	9.378000
6.409	9.378000
6.409	8.848000
6.67	8.848000
6.67	9.290000
6.909	9.290000
6.909	9.273000
7.148	9.273000
7.148	7.627000
7.401	7.627000
7.401	8.261000
7.652	8.261000
7.652	8.000000
7.905	8.000000
7.905	7.324000
8.259	7.324000
8.259	7.867000
8.613	7.867000
8.613	7.903000
8.966	7.903000
8.966	6.239000
9.318	6.239000
9.318	5.802000
9.67	5.802000
9.67	6.075000
10.022	6.075000
10.022	6.780000
10.376	6.780000
10.376	6.622000
10.73	6.622000
10.73	6.603000
11.084	6.603000
11.084	7.025000
11.437	7.025000
11.437	7.050000
11.79	7.050000
11.79	6.905000
12.143	6.905000
12.143	7.346000
12.495	7.346000
12.495	7.281000
12.847	7.281000
12.847	7.475000
13.198	7.475000
13.198	7.075000
13.551	7.075000
13.551	7.008000
13.903	7.008000
13.903	7.001000
14.256	7.001000
14.256	6.832000
14.605	6.832000
14.605	7.267000
14.957	7.267000
14.957	7.404000
15.31	7.404000
15.31	6.677000
15.648	6.677000
15.648	6.738000
15.986	6.738000
15.986	6.750000
16.324	6.750000
16.324	7.742000
16.675	7.742000
16.675	7.884000
17.025	7.884000
17.025	8.009000
17.376	8.009000
17.376	7.465000
17.729	7.465000
17.729	7.446000
18.082	7.446000
18.082	7.118000
18.435	7.118000
18.435	7.645000
18.788	7.645000
18.788	7.068000
19.141	7.068000
19.141	7.542000
19.494	7.542000
19.494	7.319000
19.842	7.319000
19.842	7.697000
20.19	7.697000
20.19	7.419000
20.538	7.419000
20.538	6.688000
20.883	6.688000
20.883	7.132000
21.227	7.132000
21.227	6.600000
21.572	6.600000
21.572	6.375000
21.921	6.375000
21.921	6.660000
22.27	6.660000
22.27	6.692000
22.619	6.692000
22.619	8.834000
22.868	8.834000
22.868	8.698000
23.116	8.698000
23.116	8.316000
23.365	8.316000
23.365	7.643000
23.609	7.643000
23.609	8.762000
23.853	8.762000
23.853	8.112000
24.097	8.112000
24.097	7.322000
24.343	7.322000
24.343	7.643000
24.589	7.643000
24.589	7.667000
24.835	7.667000
24.835	7.946000
25.161	7.946000
25.161	7.958000
25.489	7.958000
25.489	7.682000
25.816	7.682000
25.816	6.729000
26.149	6.729000
26.149	6.616000
26.482	6.616000
26.482	6.787000
26.815	6.787000
26.815	7.401000
27.165	7.401000
27.165	7.549000
27.516	7.549000
27.516	7.530000
27.867	7.530000
27.867	7.713000
28.216	7.713000
28.216	8.286000
28.564	8.286000
28.564	7.603000
28.912	7.603000
28.912	7.420000
29.252	7.420000
29.252	7.405000
29.592	7.405000
29.592	7.161000
29.932	7.161000
29.932	6.964000
30.279	6.964000
30.279	7.317000
30.625	7.317000
30.625	7.345000
30.972	7.345000
30.972	7.093000
31.323	7.093000
31.323	6.979000
31.674	6.979000
31.674	7.316000
32.025	7.316000
32.025	8.243000
32.375	8.243000
32.375	8.025000
32.725	8.025000
32.725	8.211000
33.075	8.211000
33.075	6.800000
33.415	6.800000
33.415	7.124000
33.756	7.124000
33.756	6.942000
34.097	6.942000
34.097	6.964000
34.438	6.964000
34.438	6.842000
34.779	6.842000
34.779	7.094000
35.12	7.094000
35.12	7.407000
35.384	7.407000
35.384	7.990000
35.648	7.990000
35.648	7.627000
35.912	7.627000
35.912	8.907000
36.17	8.907000
36.17	9.505000
36.428	9.505000
36.428	8.959000
36.685	8.959000
36.685	8.647000
36.945	8.647000
36.945	8.342000
37.205	8.342000
37.205	8.466000
37.465	8.466000
37.465	7.484000
37.703	7.484000
37.703	7.343000
37.941	7.343000
37.941	7.820000
38.179	7.820000
38.179	7.738000
38.514	7.738000
38.514	8.115000
38.851	8.115000
38.851	7.778000
39.188	7.778000
39.188	7.145000
39.538	7.145000
39.538	7.323000
39.887	7.323000
39.887	6.975000
40.237	6.975000
40.237	6.869000
40.589	6.869000
40.589	6.948000
40.941	6.948000
40.941	6.945000
41.293	6.945000
41.293	8.397000
41.63	8.397000
41.63	8.536000
41.968	8.536000
41.968	8.554000
42.306	8.554000
42.306	7.227000
42.644	7.227000
42.644	7.214000
42.982	7.214000
42.982	7.302000
43.319	7.302000
43.319	7.015000
43.67	7.015000
43.67	7.017000
44.021	7.017000
44.021	7.261000
44.371	7.261000
44.371	7.352000
44.721	7.352000
44.721	7.619000
45.072	7.619000
45.072	7.472000
45.425	7.472000
45.425	7.820000
45.777	7.820000
45.777	7.789000
46.13	7.789000
46.13	8.114000
46.483	8.114000
46.483	7.688000
46.814	7.688000
46.814	8.114000
47.144	8.114000
47.144	7.695000
47.475	7.695000
47.475	7.393000
47.826	7.393000
47.826	7.735000
48.178	7.735000
48.178	7.678000
48.53	7.678000
48.53	7.550000
48.843	7.550000
48.843	7.765000
49.156	7.765000
49.156	7.516000
49.468	7.516000
49.468	6.899000
49.822	6.899000
49.822	6.599000
50.176	6.599000
50.176	7.175000
50.53	7.175000
50.53	8.007000
50.843	8.007000
50.843	8.213000
51.159	8.213000
51.159	7.976000
51.475	7.976000
51.475	7.057000
51.822	7.057000
51.822	6.728000
52.169	6.728000
52.169	6.931000
52.516	6.931000
52.516	8.364000
52.791	8.364000
52.791	8.233000
53.066	8.233000
53.066	8.376000
53.341	8.376000
53.341	8.507000
53.578	8.507000
53.578	8.507000
53.815	8.507000
53.815	7.932000
54.052	7.932000
54.052	6.624000
54.31	6.624000
54.31	7.517000
54.568	7.517000
54.568	7.411000
54.826	7.411000
54.826	7.130000
55.111	7.130000
55.111	7.711000
55.396	7.711000
55.396	7.241000
55.681	7.241000
55.681	5.995000
56.02	5.995000
56.02	6.072000
56.362	6.072000
56.362	5.945000
56.704	5.945000
56.704	8.124000
57.01	8.124000
57.01	8.593000
57.314	8.593000
57.314	8.574000
57.62	8.574000
57.62	6.422000
57.972	6.422000
57.972	6.856000
58.323	6.856000
58.323	6.499000
58.675	6.499000
58.675	7.232000
58.978	7.232000
58.978	7.889000
59.282	7.889000
59.282	7.599000
59.586	7.599000
59.586	7.027000
59.881	7.027000
59.881	7.411000
60.176	7.411000
60.176	7.482000
60.471	7.482000
60.471	6.824000
60.818	6.824000
60.818	7.290000
61.165	7.290000
61.165	6.942000
61.512	6.942000
61.512	6.803000
61.843	6.803000
61.843	7.408000
62.174	7.408000
62.174	7.042000
62.505	7.042000
62.505	7.395000
62.856	7.395000
62.856	8.078000
63.207	8.078000
63.207	7.259000
63.558	7.259000
63.558	7.818000
63.911	7.818000
63.911	7.933000
64.263	7.933000
64.263	7.504000
64.615	7.504000
64.615	8.230000
64.963	8.230000
64.963	8.863000
65.313	8.863000
65.313	8.858000
65.664	8.858000
65.664	8.671000
66.012	8.671000
66.012	9.133000
66.36	9.133000
66.36	8.716000
66.708	8.716000
66.708	8.806000
67.061	8.806000
67.061	8.629000
67.413	8.629000
67.413	8.655000
67.766	8.655000
67.766	7.596000
68.09	7.596000
68.09	7.964000
68.417	7.964000
68.417	7.485000
68.745	7.485000
68.745	6.788000
69.05	6.788000
69.05	7.074000
69.354	7.074000
69.354	6.874000
69.659	6.874000
69.659	6.412000
69.922	6.412000
69.922	6.487000
70.185	6.487000
70.185	7.256000
70.448	7.256000
70.448	7.729000
70.702	7.729000
70.702	7.772000
70.958	7.772000
70.958	7.722000
71.215	7.722000
71.215	5.870000
71.484	5.870000
71.484	6.525000
71.753	6.525000
71.753	6.802000
72.022	6.802000
72.022	7.230000
72.272	7.230000
72.272	7.557000
72.522	7.557000
72.522	7.366000
72.772	7.366000
72.772	7.247000
73.093	7.247000
73.093	7.384000
73.414	7.384000
73.414	7.142000
73.735	7.142000
73.735	5.887000
74.079	5.887000
74.079	6.076000
74.423	6.076000
74.423	6.428000
74.767	6.428000
74.767	5.814000
75.117	5.814000
75.117	5.498000
75.467	5.498000
75.467	5.642000
75.817	5.642000
75.817	8.102000
76.166	8.102000
76.166	8.245000
76.514	8.245000
76.514	7.959000
76.863	7.959000
76.863	6.393000
77.212	6.393000
77.212	6.420000
77.561	6.420000
77.561	6.934000
77.91	6.934000
77.91	7.045000
78.263	7.045000
78.263	7.314000
78.616	7.314000
78.616	7.168000
78.969	7.168000
78.969	7.676000
79.322	7.676000
79.322	8.020000
79.674	8.020000
79.674	7.694000
80.025	7.694000
80.025	7.144000
80.376	7.144000
80.376	6.690000
80.727	6.690000
80.727	6.974000
81.078	6.974000
81.078	7.393000
81.432	7.393000
81.432	6.812000
81.785	6.812000
81.785	6.933000
82.138	6.933000
82.138	7.774000
82.492	7.774000
82.492	7.672000
82.846	7.672000
82.846	7.696000
83.2	7.696000
83.2	9.141000
83.553	9.141000
83.553	9.297000
83.906	9.297000
83.906	9.443000
84.259	9.443000
84.259	6.940000
84.613	6.940000
84.613	6.571000
84.967	6.571000
84.967	6.582000
85.321	6.582000
85.321	8.237000
85.612	8.237000
85.612	8.383000
85.903	8.383000
85.903	7.960000
86.195	7.960000
86.195	7.998000
86.472	7.998000
86.472	7.929000
86.75	7.929000
86.75	7.633000
87.028	7.633000
87.028	7.073000
87.301	7.073000
87.301	6.524000
87.574	6.524000
87.574	7.209000
87.847	7.209000
87.847	7.835000
88.121	7.835000
88.121	8.332000
88.395	8.332000
88.395	8.056000
88.668	8.056000
88.668	7.504000
88.945	7.504000
88.945	8.305000
89.221	8.305000
89.221	7.774000
89.498	7.774000
89.498	7.672000
89.765	7.672000
89.765	8.029000
90.032	8.029000
90.032	7.279000
90.299	7.279000
90.299	7.467000
90.617	7.467000
90.617	7.267000
90.934	7.267000
90.934	7.455000
91.252	7.455000
91.252	6.945000
91.6	6.945000
91.6	6.299000
91.948	6.299000
91.948	6.424000
92.296	6.424000
92.296	7.683000
92.633	7.683000
92.633	8.196000
92.969	8.196000
92.969	7.805000
93.306	7.805000
93.306	7.273000
93.654	7.273000
93.654	8.039000
94.002	8.039000
94.002	8.025000
94.35	8.025000
94.35	7.394000
94.696	7.394000
94.696	7.231000
95.041	7.231000
95.041	7.159000
95.387	7.159000
95.387	7.538000
95.737	7.538000
95.737	7.456000
96.086	7.456000
96.086	7.624000
96.435	7.624000
96.435	7.215000
96.781	7.215000
96.781	7.245000
97.125	7.245000
97.125	7.471000
97.47	7.471000
97.47	7.869000
97.818	7.869000
97.818	7.899000
98.165	7.899000
98.165	7.834000
98.513	7.834000
98.513	6.206000
98.865	6.206000
98.865	6.124000
99.217	6.124000
99.217	6.656000
99.568	6.656000
99.568	6.437000
99.919	6.437000
99.919	6.662000
100.271	6.662000
100.271	6.420000
100.623	6.420000
100.623	7.397000
100.977	7.397000
100.977	7.998000
101.331	7.998000
101.331	7.284000
101.685	7.284000
101.685	6.445000
102.038	6.445000
102.038	6.026000
102.391	6.026000
102.391	6.531000
102.744	6.531000
102.744	7.471000
103.042	7.471000
103.042	7.626000
103.34	7.626000
103.34	7.699000
103.638	7.699000
103.638	7.810000
103.918	7.810000
103.918	8.361000
104.197	8.361000
104.197	7.820000
104.477	7.820000
104.477	6.845000
104.709	6.845000
104.709	6.680000
104.941	6.680000
104.941	6.620000
105.173	6.620000
105.173	8.226000
105.455	8.226000
105.455	8.358000
105.738	8.358000
105.738	8.177000
106.021	8.177000
106.021	7.331000
106.259	7.331000
106.259	8.613000
106.497	8.613000
106.497	7.802000
106.735	7.802000
106.735	8.034000
106.985	8.034000
106.985	8.445000
107.235	8.445000
107.235	8.253000
107.485	8.253000
107.485	7.932000
107.821	7.932000
107.821	7.849000
108.158	7.849000
108.158	7.617000
108.495	7.617000
108.495	6.751000
108.839	6.751000
108.839	6.859000
109.181	6.859000
109.181	6.778000
109.525	6.778000
109.525	7.216000
109.874	7.216000
109.874	7.065000
110.223	7.065000
110.223	7.640000
110.572	7.640000
110.572	6.253000
110.924	6.253000
110.924	6.251000
111.277	6.251000
111.277	6.141000
111.63	6.141000
111.63	7.006000
111.975	7.006000
111.975	7.499000
112.32	7.499000
112.32	7.003000
112.665	7.003000
112.665	6.646000
113.019	6.646000
113.019	6.535000
113.373	6.535000
113.373	7.039000
113.727	7.039000
113.727	7.183000
114.075	7.183000
114.075	7.650000
114.424	7.650000
114.424	7.268000
114.773	7.268000
114.773	5.697000
115.113	5.697000
115.113	5.802000
115.453	5.802000
115.453	6.150000
115.793	6.150000
115.793	8.316000
116.145	8.316000
116.145	8.430000
116.498	8.430000
116.498	8.383000
116.851	8.383000
116.851	8.298000
117.204	8.298000
117.204	7.915000
117.557	7.915000
117.557	8.038000
117.91	8.038000
117.91	6.394000
118.262	6.394000
118.262	6.011000
118.614	6.011000
118.614	6.653000
118.966	6.653000
118.966	8.136000
119.216	8.136000
119.216	7.962000
119.466	7.962000
119.466	7.356000
119.716	7.356000
119.716	7.223000
120.025	7.223000
120.025	7.108000
120.332	7.108000
120.332	7.097000
120.641	7.097000
120.641	7.359000
120.881	7.359000
120.881	7.719000
121.121	7.719000
121.121	7.428000
121.361	7.428000
121.361	6.713000
121.706	6.713000
121.706	6.243000
122.051	6.243000
122.051	6.660000
122.396	6.660000
122.396	7.616000
122.736	7.616000
122.736	7.705000
123.08	7.705000
123.08	7.542000
123.424	7.542000
123.424	7.804000
123.735	7.804000
123.735	8.265000
124.045	8.265000
124.045	8.155000
124.356	8.155000
124.356	6.830000
124.709	6.830000
124.709	6.498000
125.062	6.498000
125.062	6.375000
125.415	6.375000
125.415	7.159000
125.713	7.159000
125.713	7.423000
126.012	7.423000
126.012	7.089000
126.311	7.089000
126.311	7.314000
126.634	7.314000
126.634	7.190000
126.957	7.190000
126.957	7.535000
127.28	7.535000
127.28	7.115000
127.634	7.115000
127.634	6.887000
127.988	6.887000
127.988	7.329000
128.342	7.329000
128.342	7.184000
128.693	7.184000
128.693	7.562000
129.043	7.562000
129.043	7.406000
129.394	7.406000
129.394	7.292000
129.742	7.292000
129.742	7.261000
130.091	7.261000
130.091	7.644000
130.438	7.644000
130.438	7.094000
130.79	7.094000
130.79	7.352000
131.142	7.352000
131.142	6.898000
131.494	6.898000
131.494	7.511000
131.846	7.511000
131.846	7.385000
132.199	7.385000
132.199	7.477000
132.552	7.477000
132.552	6.925000
132.904	6.925000
132.904	7.377000
133.255	7.377000
133.255	7.050000
133.607	7.050000
133.607	7.834000
133.873	7.834000
133.873	8.209000
134.139	8.209000
134.139	8.517000
134.404	8.517000
134.404	8.909000
134.649	8.909000
134.649	9.573000
134.894	9.573000
134.894	8.317000
135.139	8.317000
135.139	7.761000
135.39	7.761000
135.39	7.873000
135.641	7.873000
135.641	8.030000
135.892	8.030000
135.892	7.130000
136.188	7.130000
136.188	7.190000
136.484	7.190000
136.484	7.255000
136.78	7.255000
136.78	7.183000
137.117	7.183000
137.117	7.415000
137.455	7.415000
137.455	7.236000
137.793	7.236000
137.793	6.913000
138.099	6.913000
138.099	7.000000
138.405	7.000000
138.405	7.479000
138.71	7.479000
138.71	6.526000
139.013	6.526000
139.013	6.811000
139.316	6.811000
139.316	6.522000
139.619	6.522000
139.619	7.640000
139.958	7.640000
139.958	8.138000
140.297	8.138000
140.297	7.569000
140.637	7.569000
140.637	8.146000
140.983	8.146000
140.983	7.935000
141.329	7.935000
141.329	8.200000
141.675	8.200000
141.675	7.229000
142.025	7.229000
142.025	7.120000
142.375	7.120000
142.375	7.233000
142.725	7.233000
142.725	7.165000
143.071	7.165000
143.071	7.666000
143.418	7.666000
143.418	7.546000
143.765	7.546000
143.765	7.282000
144.103	7.282000
144.103	7.376000
144.441	7.376000
144.441	7.470000
144.779	7.470000
144.779	7.757000
145.13	7.757000
145.13	8.182000
145.481	8.182000
145.481	7.768000
145.832	7.768000
145.832	7.277000
146.167	7.277000
146.167	7.520000
146.502	7.520000
146.502	7.328000
146.837	7.328000
146.837	7.738000
147.173	7.738000
147.173	8.199000
147.507	8.199000
147.507	7.828000
147.843	7.828000
147.843	7.920000
148.189	7.920000
148.189	8.283000
148.534	8.283000
148.534	7.832000
148.88	7.832000
148.88	7.008000
149.191	7.008000
149.191	6.683000
149.502	6.683000
149.502	6.584000
149.813	6.584000
149.813	7.808000
150.103	7.808000
150.103	7.392000
150.393	7.392000
150.393	7.829000
150.683	7.829000
150.683	7.758000
150.952	7.758000
150.952	7.759000
151.22	7.759000
151.22	8.065000
151.488	8.065000
151.488	8.111000
151.743	8.111000
151.743	7.583000
151.998	7.583000
151.998	7.656000
152.253	7.656000
152.253	8.177000
152.533	8.177000
152.533	7.767000
152.813	7.767000
152.813	8.729000
153.093	8.729000
153.093	7.874000
153.366	7.874000
153.366	8.334000
153.639	8.334000
153.639	7.869000
153.912	7.869000
153.912	6.929000
154.218	6.929000
154.218	6.739000
154.524	6.739000
154.524	6.802000
154.83	6.802000
154.83	7.382000
155.159	7.382000
155.159	6.812000
155.489	6.812000
155.489	7.296000
155.818	7.296000
155.818	7.024000
156.142	7.024000
156.142	7.457000
156.466	7.457000
156.466	6.918000
156.79	6.918000
156.79	7.145000
157.116	7.145000
157.116	6.856000
157.442	6.856000
157.442	6.737000
157.768	6.737000
157.768	7.523000
158.076	7.523000
158.076	7.385000
158.384	7.385000
158.384	7.404000
158.692	7.404000
158.692	8.000000
159.045	8.000000
159.045	8.259000
159.397	8.259000
159.397	8.066000
159.75	8.066000
159.75	6.757000
160.07	6.757000
160.07	6.462000
160.392	6.462000
160.392	6.385000
160.714	6.385000
160.714	7.598000
161.018	7.598000
161.018	7.193000
161.322	7.193000
161.322	7.557000
161.625	7.557000
161.625	7.610000
161.977	7.610000
161.977	7.220000
162.329	7.220000
162.329	7.828000
162.681	7.828000
162.681	6.626000
163.034	6.626000
163.034	6.228000
163.388	6.228000
163.388	6.180000
163.742	6.180000
163.742	6.991000
164.096	6.991000
164.096	7.418000
164.45	7.418000
164.45	6.974000
164.804	6.974000
164.804	6.834000
165.157	6.834000
165.157	6.783000
165.51	6.783000
165.51	6.571000
165.863	6.571000
165.863	7.545000
166.176	7.545000
166.176	7.399000
166.49	7.399000
166.49	7.472000
166.804	7.472000
166.804	7.750000
167.078	7.750000
167.078	7.498000
167.352	7.498000
167.352	7.698000
167.626	7.698000
167.626	9.200000
167.903	9.200000
167.903	9.403000
168.179	9.403000
168.179	9.120000
168.457	9.120000
168.457	8.101000
168.745	8.101000
168.745	7.671000
169.032	7.671000
169.032	7.708000
169.319	7.708000
169.319	6.989000
169.581	6.989000
169.581	7.431000
169.843	7.431000
169.843	6.817000
170.105	6.817000
170.105	7.938000
170.415	7.938000
170.415	7.468000
170.725	7.468000
170.725	8.194000
171.035	8.194000
171.035	7.872000
171.338	7.872000
171.338	8.214000
171.643	8.214000
171.643	7.967000
171.948	7.967000
171.948	7.299000
172.273	7.299000
172.273	7.171000
172.598	7.171000
172.598	7.283000
172.923	7.283000
172.923	7.711000
173.275	7.711000
173.275	7.545000
173.627	7.545000
173.627	7.853000
173.978	7.853000
173.978	7.190000
174.324	7.190000
174.324	7.241000
174.671	7.241000
174.671	7.114000
175.017	7.114000
175.017	5.881000
175.347	5.881000
175.347	5.902000
175.677	5.902000
175.677	6.246000
176.007	6.246000
176.007	6.600000
176.36	6.600000
176.36	6.388000
176.713	6.388000
176.713	6.766000
177.066	6.766000
177.066	7.844000
177.404	7.844000
177.404	7.960000
177.744	7.960000
177.744	7.589000
178.084	7.589000
178.084	8.006000
178.43	8.006000
178.43	7.794000
178.776	7.794000
178.776	7.745000
179.121	7.745000
179.121	6.497000
179.472	6.497000
179.472	6.788000
179.822	6.788000
179.822	6.268000
180.172	6.268000
180.172	7.882000
180.526	7.882000
180.526	8.427000
180.88	8.427000
180.88	8.335000
181.234	8.335000
181.234	9.344000
181.588	9.344000
181.588	9.322000
181.942	9.322000
181.942	9.675000
182.296	9.675000
182.296	8.013000
182.624	8.013000
182.624	8.483000
182.952	8.483000
182.952	7.833000
183.28	7.833000
183.28	6.633000
183.604	6.633000
183.604	6.391000
183.928	6.391000
183.928	6.740000
184.252	6.740000
184.252	7.066000
184.51	7.066000
184.51	7.180000
184.768	7.180000
184.768	7.363000
185.026	7.363000
185.026	7.955000
185.348	7.955000
185.348	8.076000
185.67	8.076000
185.67	7.671000
185.991	7.671000
185.991	6.081000
186.253	6.081000
186.253	5.988000
186.515	5.988000
186.515	6.309000
186.777	6.309000
186.777	7.353000
187.022	7.353000
187.022	7.266000
187.267	7.266000
187.267	7.491000
187.512	7.491000
187.512	8.163000
187.854	8.163000
187.854	7.343000
188.196	7.343000
188.196	7.919000
188.537	7.919000
188.537	7.254000
188.874	7.254000
188.874	7.589000
189.211	7.589000
189.211	7.350000
189.548	7.350000
189.548	7.359000
189.88	7.359000
189.88	7.209000
190.212	7.209000
190.212	7.502000
190.543	7.502000
190.543	7.170000
190.892	7.170000
190.892	7.418000
191.24	7.418000
191.24	7.276000
191.589	7.276000
191.589	6.502000
191.94	6.502000
191.94	7.003000
192.29	7.003000
192.29	6.126000
192.641	6.126000
192.641	5.710000
192.994	5.710000
192.994	5.708000
193.347	5.708000
193.347	5.817000
193.7	5.817000
193.7	6.506000
194.034	6.506000
194.034	6.625000
194.368	6.625000
194.368	6.629000
194.702	6.629000
194.702	6.925000
195.055	6.925000
195.055	6.562000
195.408	6.562000
195.408	6.719000
195.761	6.719000
195.761	8.162000
196.115	8.162000
196.115	8.099000
196.467	8.099000
196.467	8.159000
196.821	8.159000
196.821	6.868000
197.175	6.868000
197.175	6.813000
197.529	6.813000
197.529	6.683000
197.883	6.683000
197.883	7.286000
198.237	7.286000
198.237	7.525000
198.59	7.525000
198.59	7.500000
198.944	7.500000
198.944	6.073000
199.297	6.073000
199.297	6.756000
199.65	6.756000
199.65	6.123000
200.003	6.123000
200.003	6.917000
200.354	6.917000
200.354	7.118000
200.704	7.118000
200.704	7.054000
201.055	7.054000
201.055	8.304000
201.393	8.304000
201.393	8.335000
201.731	8.335000
201.731	8.597000
202.069	8.597000
202.069	6.940000
202.351	6.940000
202.351	7.651000
202.633	7.651000
202.633	7.411000
202.915	7.411000
202.915	8.235000
203.183	8.235000
203.183	9.113000
203.455	9.113000
203.455	8.101000
203.726	8.101000
203.726	8.768000
203.974	8.768000
203.974	8.610000
204.222	8.610000
204.222	8.593000
204.47	8.593000
204.47	6.413000
204.752	6.413000
204.752	7.186000
205.034	7.186000
205.034	6.833000
205.316	6.833000
205.316	7.197000
205.654	7.197000
205.654	7.414000
205.993	7.414000
205.993	6.976000
206.332	6.976000
206.332	6.950000
206.657	6.950000
206.657	7.252000
206.981	7.252000
206.981	7.183000
207.306	7.183000
207.306	6.804000
207.621	6.804000
207.621	7.177000
207.934	7.177000
207.934	6.913000
208.249	6.913000
208.249	6.801000
208.58	6.801000
208.58	6.702000
208.913	6.702000
208.913	6.578000
209.244	6.578000
209.244	7.069000
209.575	7.069000
209.575	7.484000
209.905	7.484000
209.905	7.381000
210.236	7.381000
210.236	7.226000
210.589	7.226000
210.589	7.094000
210.942	7.094000
210.942	7.376000
211.295	7.376000
211.295	6.771000
211.644	6.771000
211.644	7.253000
211.994	7.253000
211.994	7.039000
212.345	7.039000
212.345	6.686000
212.695	6.686000
212.695	7.159000
213.045	7.159000
213.045	6.792000
213.395	6.792000
213.395	8.145000
213.748	8.145000
213.748	8.351000
214.101	8.351000
214.101	8.151000
214.454	8.151000
214.454	6.520000
214.806	6.520000
214.806	7.106000
215.159	7.106000
215.159	7.017000
215.512	7.017000
215.512	7.400000
215.862	7.400000
215.862	7.834000
216.211	7.834000
216.211	7.599000
216.56	7.599000
216.56	6.976000
216.912	6.976000
216.912	7.706000
217.264	7.706000
217.264	6.894000
217.616	6.894000
217.616	6.860000
217.95	6.860000
217.95	6.939000
218.284	6.939000
218.284	6.846000
218.618	6.846000
218.618	7.358000
218.913	7.358000
218.913	7.582000
219.208	7.582000
219.208	7.762000
219.503	7.762000
219.503	7.375000
219.768	7.375000
219.768	7.230000
220.033	7.230000
220.033	7.677000
220.298	7.677000
220.298	8.360000
220.545	8.360000
220.545	8.522000
220.792	8.522000
220.792	8.068000
221.04	8.068000
221.04	7.240000
221.297	7.240000
221.297	7.138000
221.554	7.138000
221.554	7.444000
221.811	7.444000
221.811	6.943000
222.163	6.943000
222.163	6.817000
222.515	6.817000
222.515	7.256000
222.867	7.256000
222.867	7.425000
223.215	7.425000
223.215	7.859000
223.563	7.859000
223.563	7.665000
223.912	7.665000
223.912	7.018000
224.26	7.018000
224.26	7.939000
224.607	7.939000
224.607	7.582000
224.955	7.582000
224.955	6.707000
225.308	6.707000
225.308	6.582000
225.661	6.582000
225.661	6.661000
226.014	6.661000
226.014	7.541000
226.359	7.541000
226.359	7.871000
226.704	7.871000
226.704	7.465000
227.049	7.465000
227.049	7.297000
227.387	7.297000
227.387	7.937000
227.725	7.937000
227.725	7.492000
228.063	7.492000
228.063	6.395000
228.41	6.395000
228.41	6.862000
228.757	6.862000
228.757	6.689000
229.103	6.689000
229.103	8.020000
229.456	8.020000
229.456	8.063000
229.81	8.063000
229.81	7.970000
230.164	7.970000
230.164	6.537000
230.517	6.537000
230.517	6.476000
230.87	6.476000
230.87	6.584000
231.223	6.584000
231.223	6.917000
231.576	6.917000
231.576	7.302000
231.929	7.302000
231.929	6.805000
232.282	6.805000
232.282	8.402000
232.634	8.402000
232.634	8.823000
232.986	8.823000
232.986	8.834000
233.338	8.834000
233.338	8.714000
233.687	8.714000
233.687	8.879000
234.035	8.879000
234.035	8.759000
234.383	8.759000
234.383	7.201000
234.736	7.201000
234.736	7.915000
235.088	7.915000
235.088	7.407000
235.441	7.407000
235.441	8.977000
235.763	8.977000
235.763	8.107000
236.085	8.107000
236.085	8.083000
236.407	8.083000
236.407	8.506000
236.714	8.506000
236.714	8.730000
237.021	8.730000
237.021	8.218000
237.328	8.218000
237.328	7.861000
237.589	7.861000
237.589	7.643000
237.85	7.643000
237.85	8.117000
238.111	8.117000
238.111	8.652000
238.374	8.652000
238.374	7.528000
238.638	7.528000
238.638	7.679000
238.902	7.679000
238.902	5.433000
239.199	5.433000
239.199	5.746000
239.496	5.746000
239.496	5.752000
239.793	5.752000
239.793	8.772000
240.071	8.772000
240.071	8.026000
240.349	8.026000
240.349	8.991000
240.627	8.991000
240.627	8.078000
240.947	8.078000
240.947	7.565000
241.267	7.565000
241.267	7.840000
241.587	7.840000
241.587	6.956000
241.89	6.956000
241.89	6.680000
242.193	6.680000
242.193	6.888000
242.496	6.888000
242.496	6.714000
242.847	6.714000
242.847	6.786000
243.198	6.786000
243.198	6.611000
243.549	6.611000
243.549	7.130000
243.9	7.130000
243.9	7.124000
244.251	7.124000
244.251	7.112000
244.602	7.112000
244.602	9.773000
244.944	9.773000
244.944	9.949000
245.285	9.949000
245.285	9.222000
245.627	9.222000
245.627	7.348000
245.982	7.348000
245.982	7.603000
246.337	7.603000
246.337	7.752000
246.692	7.752000
246.692	7.481000
247.034	7.481000
247.034	6.755000
247.378	6.755000
247.378	7.345000
247.722	7.345000
247.722	8.712000
248.068	8.712000
248.068	8.830000
248.414	8.830000
248.414	8.227000
248.76	8.227000
248.76	7.031000
249.114	7.031000
249.114	7.139000
249.468	7.139000
249.468	7.052000
249.822	7.052000
249.822	7.450000
250.175	7.450000
250.175	7.375000
250.53	7.375000
250.53	7.562000
250.884	7.562000
250.884	8.110000
251.238	8.110000
251.238	8.539000
251.592	8.539000
251.592	7.876000
251.946	7.876000
251.946	7.917000
252.301	7.917000
252.301	8.470000
252.655	8.470000
252.655	7.780000
253.01	7.780000
253.01	7.421000
253.326	7.421000
253.326	6.478000
253.643	6.478000
253.643	6.621000
253.96	6.621000
253.96	8.633000
254.261	8.633000
254.261	8.919000
254.561	8.919000
254.561	8.749000
254.862	8.749000
254.862	6.980000
255.132	6.980000
255.132	6.655000
255.402	6.655000
255.402	7.824000
255.672	7.824000
255.672	8.599000
255.933	8.599000
255.933	7.468000
256.195	7.468000
256.195	7.538000
256.457	7.538000
256.457	8.564000
256.7	8.564000
256.7	9.370000
256.943	9.370000
256.943	8.615000
257.186	8.615000
257.186	8.516000
257.485	8.516000
257.485	8.959000
257.783	8.959000
257.783	8.433000
258.082	8.433000
258.082	7.223000
258.42	7.223000
258.42	6.832000
258.759	6.832000
258.759	7.217000
259.098	7.217000
259.098	6.888000
259.421	6.888000
259.421	6.984000
259.744	6.984000
259.744	7.271000
260.067	7.271000
260.067	7.183000
260.414	7.183000
260.414	7.104000
260.761	7.104000
260.761	7.062000
261.108	7.062000
261.108	6.991000
261.457	6.991000
261.457	6.928000
261.808	6.928000
261.808	7.098000
262.159	7.098000
262.159	7.697000
262.507	7.697000
262.507	7.594000
262.855	7.594000
262.855	7.412000
263.203	7.412000
263.203	6.354000
263.539	6.354000
263.539	6.592000
263.875	6.592000
263.875	6.601000
264.211	6.601000
264.211	7.094000
264.519	7.094000
264.519	7.138000
264.827	7.138000
264.827	7.426000
265.136	7.426000
265.136	6.669000
265.47	6.669000
265.47	6.155000
265.804	6.155000
265.804	6.705000
266.138	6.705000
266.138	7.263000
266.482	7.263000
266.482	7.379000
266.826	7.379000
266.826	6.843000
267.17	6.843000
267.17	7.124000
267.513	7.124000
267.513	6.675000
267.856	6.675000
267.856	6.824000
268.199	6.824000
268.199	8.147000
268.507	8.147000
268.507	8.086000
268.815	8.086000
268.815	7.841000
269.123	7.841000
269.123	8.091000
269.377	8.091000
269.377	7.539000
269.631	7.539000
269.631	8.529000
269.885	8.529000
269.885	8.969000
270.131	8.969000
270.131	7.867000
270.378	7.867000
270.378	8.026000
270.625	8.026000
270.625	8.502000
270.88	8.502000
270.88	8.461000
271.135	8.461000
271.135	9.204000
271.39	9.204000
271.39	7.762000
271.707	7.762000
271.707	7.075000
272.026	7.075000
272.026	7.217000
272.345	7.217000
272.345	7.119000
272.633	7.119000
272.633	6.765000
272.921	6.765000
272.921	7.351000
273.209	7.351000
273.209	6.198000
273.56	6.198000
273.56	6.729000
273.911	6.729000
273.911	6.637000
274.261	6.637000
274.261	8.080000
274.554	8.080000
274.554	6.989000
274.847	6.989000
274.847	7.449000
275.14	7.449000
275.14	4.626000
275.495	4.626000
275.495	4.560000
275.848	4.560000
275.848	4.559000
276.203	4.559000
276.203	7.406000
276.547	7.406000
276.547	6.878000
276.892	6.878000
276.892	6.950000
277.237	6.950000
277.237	7.025000
277.585	7.025000
277.585	6.624000
277.933	6.624000
277.933	6.749000
278.281	6.749000
278.281	7.536000
278.631	7.536000
278.631	7.815000
278.981	7.815000
278.981	7.437000
279.331	7.437000
279.331	8.319000
279.685	8.319000
279.685	8.337000
280.04	8.337000
280.04	8.335000
280.395	8.335000
280.395	6.838000
280.731	6.838000
280.731	6.909000
281.066	6.909000
281.066	6.532000
281.402	6.532000
281.402	8.453000
281.755	8.453000
281.755	8.680000
282.107	8.680000
282.107	8.333000
282.46	8.333000
282.46	6.750000
282.808	6.750000
282.808	6.849000
283.157	6.849000
283.157	6.950000
283.506	6.950000
283.506	7.157000
283.802	7.157000
283.802	7.239000
284.098	7.239000
284.098	6.847000
284.394	6.847000
284.394	7.490000
284.671	7.490000
284.671	7.578000
284.948	7.578000
284.948	7.663000
285.224	7.663000
285.224	8.184000
285.438	8.184000
285.438	7.923000
285.652	7.923000
285.652	7.802000
285.866	7.802000
285.866	8.146000
286.143	8.146000
286.143	9.215000
286.419	9.215000
286.419	8.107000
286.696	8.107000
286.696	7.445000
286.921	7.445000
286.921	7.792000
287.146	7.792000
287.146	7.330000
287.371	7.330000
287.371	6.998000
287.663	6.998000
287.663	7.127000
287.956	7.127000
287.956	7.155000
288.249	7.155000
288.249	7.103000
288.585	7.103000
288.585	7.328000
288.921	7.328000
288.921	7.075000
289.257	7.075000
289.257	7.010000
289.568	7.010000
289.568	7.071000
289.879	7.071000
289.879	7.456000
290.19	7.456000
290.19	7.059000
290.536	7.059000
290.536	6.559000
290.883	6.559000
290.883	6.741000
291.23	6.741000
291.23	7.941000
291.572	7.941000
291.572	7.986000
291.913	7.986000
291.913	7.740000
292.255	7.740000
292.255	6.735000
292.607	6.735000
292.607	7.146000
292.959	7.146000
292.959	6.607000
293.311	6.607000
293.311	7.356000
293.66	7.356000
293.66	7.475000
294.01	7.475000
294.01	7.578000
294.36	7.578000
294.36	7.434000
294.713	7.434000
294.713	7.696000
295.066	7.696000
295.066	7.389000
295.419	7.389000
295.419	6.531000
295.766	6.531000
295.766	6.416000
296.113	6.416000
296.113	6.328000
296.46	6.328000
296.46	7.523000
296.812	7.523000
296.812	7.563000
297.166	7.563000
297.166	7.687000
297.52	7.687000
297.52	7.018000
297.874	7.018000
297.874	7.365000
298.228	7.365000
298.228	7.059000
298.582	7.059000
298.582	6.315000
298.934	6.315000
298.934	6.492000
299.286	6.492000
299.286	6.567000
299.638	6.567000
299.638	8.061000
299.936	8.061000
299.936	7.753000
300.236	7.753000
300.236	7.827000
300.535	7.827000
300.535	7.301000
300.844	7.301000
300.844	7.678000
301.153	7.678000
301.153	7.228000
301.462	7.228000
301.462	7.328000
301.763	7.328000
301.763	7.294000
302.064	7.294000
302.064	7.333000
302.365	7.333000
302.365	6.305000
302.719	6.305000
302.719	6.844000
303.073	6.844000
303.073	6.745000
303.427	6.745000
303.427	7.880000
303.781	7.880000
303.781	8.498000
304.135	8.498000
304.135	8.192000
304.489	8.192000
304.489	7.199000
304.842	7.199000
304.842	7.091000
305.194	7.091000
305.194	6.985000
305.547	6.985000
305.547	8.085000
305.833	8.085000
305.833	7.990000
306.12	7.990000
306.12	7.963000
306.407	7.963000
306.407	7.837000
306.693	7.837000
306.693	9.002000
306.979	9.002000
306.979	8.062000
307.265	8.062000
307.265	7.886000
307.559	7.886000
307.559	8.615000
307.853	8.615000
307.853	8.127000
308.147	8.127000
308.147	7.281000
308.501	7.281000
308.501	7.422000
308.855	7.422000
308.855	7.685000
309.207	7.685000
309.207	6.386000
309.557	6.386000
309.557	6.670000
309.907	6.670000
309.907	6.572000
310.257	6.572000
310.257	6.387000
310.61	6.387000
310.61	5.742000
310.963	5.742000
310.963	6.065000
311.316	6.065000
311.316	7.432000
311.669	7.432000
311.669	7.232000
312.022	7.232000
312.022	7.292000
312.374	7.292000
312.374	7.610000
312.684	7.610000
312.684	7.463000
312.996	7.463000
312.996	7.260000
313.308	7.260000
313.308	5.227000
313.641	5.227000
313.641	5.664000
313.974	5.664000
313.974	5.284000
314.307	5.284000
314.307	7.245000
314.59	7.245000
314.59	8.274000
314.872	8.274000
314.872	7.345000
315.155	7.345000
315.155	7.525000
315.451	7.525000
315.451	0.000000
315.451	0.000000
315.451	7.452000
315.748	7.452000
315.748	5.352000
316.065	5.352000
316.065	0.000000
316.065	0.000000
316.065	5.785000
316.382	5.785000
316.382	5.979000
316.703	5.979000
316.703	6.457000
317.024	6.457000
317.024	5.877000
317.345	5.877000
317.345	6.706000
317.697	6.706000
317.697	7.058000
318.049	7.058000
318.049	7.116000
318.401	7.116000
318.401	6.580000
318.751	6.580000
318.751	6.400000
319.101	6.400000
319.101	6.556000
319.451	6.556000
319.451	7.336000
319.784	7.336000
319.784	7.353000
320.117	7.353000
320.117	7.321000
320.45	7.321000
320.45	8.191000
320.801	8.191000
320.801	8.054000
321.152	8.054000
321.152	7.951000
321.503	7.951000
321.503	7.777000
321.853	7.777000
321.853	7.938000
322.203	7.938000
322.203	7.776000
322.552	7.776000
322.552	7.362000
322.905	7.362000
322.905	7.895000
323.258	7.895000
323.258	7.264000
323.611	7.264000
323.611	7.677000
323.964	7.677000
323.964	7.458000
324.318	7.458000
324.318	7.274000
324.671	7.274000
324.671	6.490000
325.024	6.490000
325.024	6.491000
325.377	6.491000
325.377	6.636000
325.73	6.636000
325.73	6.495000
326.078	6.495000
326.078	6.329000
326.426	6.329000
326.426	6.368000
326.774	6.368000
326.774	7.422000
327.123	7.422000
327.123	7.400000
327.472	7.400000
327.472	7.308000
327.821	7.308000
327.821	7.377000
328.174	7.377000
328.174	7.444000
328.527	7.444000
328.527	7.563000
328.88	7.563000
328.88	5.941000
329.206	5.941000
329.206	6.268000
329.532	6.268000
329.532	6.220000
329.858	6.220000
329.858	8.528000
330.147	8.528000
330.147	8.762000
330.436	8.762000
330.436	8.732000
330.725	8.732000
330.725	7.004000
330.957	7.004000
330.957	6.738000
331.189	6.738000
331.189	6.946000
331.421	6.946000
331.421	8.430000
331.691	8.430000
331.691	8.698000
331.96	8.698000
331.96	8.468000
332.23	8.468000
332.23	6.462000
332.507	6.462000
332.507	6.729000
332.784	6.729000
332.784	7.130000
333.061	7.130000
333.061	7.581000
333.377	7.581000
333.377	7.608000
333.694	7.608000
333.694	7.791000
334.01	7.791000
334.01	6.627000
334.352	6.627000
334.352	6.392000
334.694	6.392000
334.694	6.463000
335.036	6.463000
335.036	6.760000
335.382	6.760000
335.382	6.801000
335.728	6.801000
335.728	7.028000
336.074	7.028000
336.074	7.176000
336.428	7.176000
336.428	7.020000
336.782	7.020000
336.782	7.133000
337.136	7.133000
337.136	4.957000
337.489	4.957000
337.489	5.125000
337.842	5.125000
337.842	5.448000
338.195	5.448000
338.195	6.925000
338.542	6.925000
338.542	6.917000
338.889	6.917000
338.889	6.625000
339.236	6.625000
339.236	7.469000
339.565	7.469000
339.565	7.186000
339.893	7.186000
339.893	7.163000
340.222	7.163000
340.222	7.740000
340.552	7.740000
340.552	7.640000
340.882	7.640000
340.882	8.264000
341.212	8.264000
341.212	7.239000
341.513	7.239000
341.513	7.208000
341.814	7.208000
341.814	7.604000
342.115	7.604000
342.115	8.715000
342.389	8.715000
342.389	8.313000
342.664	8.313000
342.664	8.387000
342.939	8.387000
342.939	7.124000
343.17	7.124000
343.17	7.373000
343.401	7.373000
343.401	7.709000
343.631	7.709000
343.631	7.497000
343.899	7.497000
343.899	8.130000
344.166	8.130000
344.166	7.491000
344.434	7.491000
344.434	6.743000
344.785	6.743000
344.785	6.369000
345.136	6.369000
345.136	6.618000
345.487	6.618000
345.487	7.679000
345.833	7.679000
345.833	7.922000
346.18	7.922000
346.18	7.884000
346.527	7.884000
346.527	7.839000
346.87	7.839000
346.87	7.728000
347.212	7.728000
347.212	7.740000
347.554	7.740000
347.554	8.708000
347.904	8.708000
347.904	9.020000
348.254	9.020000
348.254	8.163000
348.604	8.163000
348.604	6.881000
348.954	6.881000
348.954	6.955000
349.304	6.955000
349.304	6.849000
349.654	6.849000
349.654	6.590000
350.007	6.590000
350.007	6.803000
350.36	6.803000
350.36	6.492000
350.713	6.492000
350.713	7.123000
351.067	7.123000
351.067	7.123000
351.42	7.123000
351.42	7.087000
351.773	7.087000
351.773	8.092000
352.089	8.092000
352.089	8.022000
352.406	8.022000
352.406	8.087000
352.724	8.087000
352.724	6.973000
353.011	6.973000
353.011	7.499000
353.296	7.499000
353.296	7.173000
353.583	7.173000
353.583	6.971000
353.829	6.971000
353.829	6.963000
354.075	6.963000
354.075	7.205000
354.321	7.205000
354.321	8.660000
354.61	8.660000
354.61	8.183000
354.899	8.183000
354.899	8.529000
355.188	8.529000
355.188	7.603000
355.45	7.603000
355.45	8.109000
355.712	8.109000
355.712	8.423000
355.974	8.423000
355.974	7.447000
356.23	7.447000
356.23	7.772000
356.486	7.772000
356.486	7.721000
356.742	7.721000
356.742	8.257000
357.094	8.257000
357.094	7.565000
357.446	7.565000
357.446	7.370000
357.798	7.370000
357.798	7.901000
358.151	7.901000
358.151	8.017000
358.503	8.017000
358.503	7.826000
358.855	7.826000
358.855	8.149000
359.192	8.149000
359.192	7.977000
359.529	7.977000
359.529	7.890000
359.866	7.890000
359.866	6.954000
360.216	6.954000
360.216	7.675000
360.566	7.675000
360.566	7.118000
360.916	7.118000
360.916	7.483000
361.255	7.483000
361.255	7.577000
361.594	7.577000
361.594	7.451000
361.932	7.451000
361.932	6.585000
362.278	6.585000
362.278	6.691000
362.624	6.691000
362.624	6.574000
362.969	6.574000
362.969	8.259000
363.245	8.259000
363.245	8.986000
363.521	8.986000
363.521	8.138000
363.797	8.138000
363.797	8.269000
364.108	8.269000
364.108	8.307000
364.42	8.307000
364.42	8.183000
364.732	8.183000
364.732	7.806000
365.01	7.806000
365.01	8.149000
365.287	8.149000
365.287	7.797000
365.565	7.797000
365.565	8.006000
365.831	8.006000
365.831	8.532000
366.097	8.532000
366.097	8.046000
366.363	8.046000
366.363	7.101000
366.703	7.101000
366.703	7.366000
367.043	7.366000
367.043	7.168000
367.383	7.168000
367.383	6.847000
367.686	6.847000
367.686	7.110000
367.989	7.110000
367.989	6.955000
368.292	6.955000
368.292	6.420000
368.609	6.420000
368.609	6.632000
368.926	6.632000
368.926	6.368000
369.243	6.368000
369.243	7.120000
369.58	7.120000
369.58	7.737000
369.917	7.737000
369.917	7.427000
370.254	7.427000
370.254	7.578000
370.555	7.578000
370.555	7.734000
370.856	7.734000
370.856	7.613000
371.157	7.613000
371.157	6.642000
371.499	6.642000
371.499	7.041000
371.841	7.041000
371.841	6.735000
372.183	6.735000
372.183	6.654000
372.517	6.654000
372.517	6.869000
372.853	6.869000
372.853	6.852000
373.189	6.852000
373.189	7.249000
373.525	7.249000
373.525	7.107000
373.861	7.107000
373.861	7.506000
374.197	7.506000
374.197	6.300000
374.549	6.300000
374.549	6.491000
374.901	6.491000
374.901	6.786000
375.253	6.786000
375.253	8.544000
375.606	8.544000
375.606	8.431000
375.96	8.431000
375.96	8.428000
376.314	8.428000
376.314	7.803000
376.666	7.803000
376.666	7.951000
377.017	7.951000
377.017	7.734000
377.369	7.734000
377.369	8.356000
377.723	8.356000
377.723	7.826000
378.077	7.826000
378.077	8.216000
378.431	8.216000
378.431	7.928000
378.743	7.928000
378.743	8.067000
379.055	8.067000
379.055	7.823000
379.367	7.823000
379.367	7.000000
379.678	7.000000
379.678	6.811000
379.989	6.811000
379.989	7.102000
380.3	7.102000
380.3	6.700000
380.549	6.700000
380.549	7.930000
380.798	7.930000
380.798	7.675000
381.047	7.675000
381.047	8.375000
381.286	8.375000
381.286	8.579000
381.525	8.579000
381.525	8.056000
381.764	8.056000
381.764	9.297000
382.034	9.297000
382.034	9.954000
382.304	9.954000
382.304	7.910000
382.607	7.910000
382.607	8.484000
382.908	8.484000
382.908	8.069000
383.211	8.069000
383.211	7.492000
383.541	7.492000
383.541	7.872000
383.871	7.872000
383.871	7.674000
384.202	7.674000
384.202	6.957000
384.531	6.957000
384.531	7.405000
384.859	7.405000
384.859	7.038000
385.188	7.038000
385.188	7.352000
385.532	7.352000
385.532	7.223000
385.875	7.223000
385.875	7.132000
386.218	7.132000
386.218	7.407000
386.57	7.407000
386.57	7.655000
386.923	7.655000
386.923	7.636000
387.275	7.636000
387.275	7.371000
387.584	7.371000
387.584	7.713000
387.893	7.713000
387.893	7.422000
388.202	7.422000
388.202	7.394000
388.552	7.394000
388.552	7.915000
388.901	7.915000
388.901	7.514000
389.25	7.514000
389.25	8.040000
389.595	8.040000
389.595	8.219000
389.941	8.219000
389.941	8.057000
390.287	8.057000
390.287	7.331000
390.621	7.331000
390.621	7.775000
390.955	7.775000
390.955	7.304000
391.289	7.304000
391.289	7.002000
391.641	7.002000
391.641	7.207000
391.993	7.207000
391.993	7.192000
392.344	7.192000
392.344	6.888000
392.697	6.888000
392.697	7.431000
393.05	7.431000
393.05	6.991000
393.403	6.991000
393.403	7.262000
393.755	7.262000
393.755	7.268000
394.106	7.268000
394.106	7.055000
394.458	7.055000
394.458	7.422000
394.809	7.422000
394.809	7.638000
395.161	7.638000
395.161	7.294000
395.513	7.294000
395.513	6.974000
395.836	6.974000
395.836	7.655000
396.159	7.655000
396.159	7.098000
396.482	7.098000
396.482	7.935000
396.755	7.935000
396.755	8.053000
397.028	8.053000
397.028	8.153000
397.301	8.153000
397.301	8.421000
397.585	8.421000
397.585	8.773000
397.87	8.773000
397.87	8.577000
398.155	8.577000
398.155	7.588000
398.406	7.588000
398.406	8.120000
398.657	8.120000
398.657	7.916000
398.908	7.916000
398.908	7.527000
399.204	7.527000
399.204	7.545000
399.5	7.545000
399.5	8.009000
399.796	8.009000
399.796	7.142000
400.114	7.142000
400.114	7.051000
400.434	7.051000
400.434	7.084000
400.754	7.084000
400.754	5.850000
401.101	5.850000
401.101	5.244000
401.448	5.244000
401.448	5.270000
401.795	5.270000
401.795	7.559000
402.124	7.559000
402.124	8.010000
402.454	8.010000
402.454	7.608000
402.784	7.608000
402.784	6.871000
403.132	6.871000
403.132	6.757000
403.48	6.757000
403.48	6.638000
403.828	6.638000
403.828	6.688000
404.181	6.688000
404.181	6.814000
404.534	6.814000
404.534	7.170000
404.887	7.170000
404.887	6.464000
405.234	6.464000
405.234	7.116000
405.581	7.116000
405.581	6.733000
405.928	6.733000
405.928	6.006000
406.221	6.006000
406.221	5.674000
406.515	5.674000
406.515	5.487000
406.81	5.487000
406.81	7.254000
407.162	7.254000
407.162	7.406000
407.514	7.406000
407.514	7.419000
407.866	7.419000
407.866	6.058000
408.185	6.058000
408.185	5.812000
408.503	5.812000
408.503	5.717000
408.821	5.717000
408.821	6.135000
409.175	6.135000
409.175	6.263000
409.529	6.263000
409.529	6.525000
409.883	6.525000
409.883	7.390000
410.237	7.390000
410.237	7.050000
410.591	7.050000
410.591	7.058000
410.945	7.058000
410.945	5.058000
411.241	5.058000
411.241	5.118000
411.537	5.118000
411.537	4.983000
411.833	4.983000
411.833	7.083000
412.162	7.083000
412.162	7.011000
412.491	7.011000
412.491	7.229000
412.819	7.229000
412.819	8.311000
413.064	8.311000
413.064	9.450000
413.309	9.450000
413.309	8.925000
413.554	8.925000
413.554	5.764000
413.802	5.764000
413.802	5.701000
414.05	5.701000
414.05	5.598000
414.298	5.598000
414.298	7.962000
414.559	7.962000
414.559	8.447000
414.819	8.447000
414.819	7.971000
415.08	7.971000
415.08	7.529000
415.384	7.529000
415.384	7.550000
415.688	7.550000
415.688	7.365000
415.992	7.365000
415.992	6.147000
416.249	6.147000
416.249	5.696000
416.506	5.696000
416.506	5.520000
416.763	5.520000
416.763	7.166000
417.097	7.166000
417.097	7.227000
417.431	7.227000
417.431	7.551000
417.765	7.551000
417.765	6.400000
418.08	6.400000
418.08	6.317000
418.395	6.317000
418.395	6.824000
418.71	6.824000
418.71	5.208000
419.031	5.208000
419.031	5.237000
419.352	5.237000
419.352	5.260000
419.673	5.260000
419.673	7.737000
420.016	7.737000
420.016	8.314000
420.359	8.314000
420.359	7.906000
420.702	7.906000
420.702	6.529000
421.056	6.529000
421.056	6.697000
421.41	6.697000
421.41	6.718000
421.764	6.718000
421.764	6.137000
422.112	6.137000
422.112	5.766000
422.461	5.766000
422.461	5.606000
422.81	5.606000
422.81	6.967000
423.164	6.967000
423.164	6.549000
423.518	6.549000
423.518	6.956000
423.872	6.956000
423.872	6.189000
424.201	6.189000
424.201	6.718000
424.53	6.718000
424.53	6.466000
424.859	6.466000
424.859	5.377000
425.144	5.377000
425.144	5.796000
425.429	5.796000
425.429	5.990000
425.714	5.990000
425.714	7.455000
426.021	7.455000
426.021	8.191000
426.328	8.191000
426.328	7.605000
426.634	7.605000
426.634	8.364000
426.92	8.364000
426.92	7.942000
427.206	7.942000
427.206	8.480000
427.492	8.480000
427.492	6.341000
427.805	6.341000
427.805	6.323000
428.118	6.323000
428.118	6.928000
428.431	6.928000
428.431	7.838000
428.668	7.838000
428.668	7.892000
428.905	7.892000
428.905	7.664000
429.142	7.664000
429.142	7.846000
429.439	7.846000
429.439	7.488000
429.736	7.488000
429.736	7.254000
430.033	7.254000
430.033	6.012000
430.305	6.012000
430.305	6.069000
430.577	6.069000
430.577	5.895000
430.849	5.895000
430.849	7.900000
431.16	7.900000
431.16	7.815000
431.472	7.815000
431.472	8.473000
431.783	8.473000
431.783	6.923000
432.129	6.923000
432.129	7.288000
432.475	7.288000
432.475	7.261000
432.821	7.261000
432.821	6.048000
433.163	6.048000
433.163	6.131000
433.505	6.131000
433.505	6.725000
433.847	6.725000
433.847	7.082000
434.19	7.082000
434.19	7.454000
434.532	7.454000
434.532	7.134000
434.875	7.134000
434.875	6.757000
435.227	6.757000
435.227	6.729000
435.579	6.729000
435.579	7.010000
435.931	7.010000
435.931	5.873000
436.245	5.873000
436.245	5.864000
436.559	5.864000
436.559	6.296000
436.873	6.296000
436.873	6.956000
437.22	6.956000
437.22	7.232000
437.567	7.232000
437.567	7.211000
437.914	7.211000
437.914	8.886000
438.266	8.886000
438.266	8.163000
438.619	8.163000
438.619	8.912000
438.972	8.912000
438.972	7.755000
439.32	7.755000
439.32	7.722000
439.668	7.722000
439.668	7.029000
440.017	7.029000
440.017	8.814000
440.369	8.814000
440.369	8.253000
440.721	8.253000
440.721	9.212000
441.073	9.212000
441.073	7.499000
441.366	7.499000
441.366	7.382000
441.659	7.382000
441.659	6.843000
441.952	6.843000
441.952	7.609000
442.259	7.609000
442.259	7.538000
442.566	7.538000
442.566	7.566000
442.873	7.566000
442.873	8.321000
443.146	8.321000
443.146	7.337000
443.419	7.337000
443.419	7.910000
443.692	7.910000
443.692	7.337000
443.912	7.337000
443.912	7.168000
444.132	7.168000
444.132	7.201000
444.352	7.201000
444.352	7.761000
444.615	7.761000
444.615	8.438000
444.878	8.438000
444.878	9.013000
445.141	9.013000
445.141	7.492000
445.385	7.492000
445.385	6.768000
445.629	6.768000
445.629	6.948000
445.873	6.948000
445.873	7.344000
446.169	7.344000
446.169	7.124000
446.465	7.124000
446.465	6.683000
446.761	6.683000
446.761	6.903000
447.095	6.903000
447.095	6.799000
447.429	6.799000
447.429	7.634000
447.763	7.634000
447.763	7.122000
448.113	7.122000
448.113	7.097000
448.463	7.097000
448.463	7.297000
448.813	7.297000
448.813	6.509000
449.128	6.509000
449.128	6.360000
449.443	6.360000
449.443	6.438000
449.757	6.438000
449.757	8.424000
450.089	8.424000
450.089	8.122000
450.422	8.122000
450.422	8.278000
450.755	8.278000
450.755	6.629000
451.104	6.629000
451.104	6.004000
451.453	6.004000
451.453	6.706000
451.802	6.706000
451.802	7.008000
452.14	7.008000
452.14	7.087000
452.478	7.087000
452.478	6.596000
452.816	6.596000
452.816	7.426000
453.103	7.426000
453.103	7.340000
453.39	7.340000
453.39	7.425000
453.677	7.425000
453.677	8.373000
453.993	8.373000
453.993	7.789000
454.309	7.789000
454.309	8.259000
454.626	8.259000
454.626	6.525000
454.967	6.525000
454.967	6.324000
455.308	6.324000
455.308	6.279000
455.649	6.279000
455.649	7.990000
455.994	7.990000
455.994	7.677000
456.342	7.677000
456.342	7.713000
456.69	7.713000
456.69	6.765000
457.043	6.765000
457.043	6.905000
457.396	6.905000
457.396	6.893000
457.749	6.893000
457.749	5.970000
458.046	5.970000
458.046	5.827000
458.343	5.827000
458.343	5.956000
458.64	5.956000
458.64	7.865000
458.977	7.865000
458.977	8.216000
459.314	8.216000
459.314	7.726000
459.651	7.726000
459.651	8.353000
459.886	8.353000
459.886	7.510000
460.121	7.510000
460.121	8.042000
460.356	8.042000
460.356	6.786000
460.594	6.786000
460.594	6.795000
460.832	6.795000
460.832	6.819000
461.07	6.819000
461.07	8.109000
461.344	8.109000
461.344	8.200000
461.617	8.200000
461.617	7.884000
461.891	7.884000
461.891	8.574000
462.112	8.574000
462.112	7.730000
462.334	7.730000
462.334	8.303000
462.556	8.303000
462.556	7.072000
462.848	7.072000
462.848	6.927000
463.14	6.927000
463.14	6.682000
463.432	6.682000
463.432	7.462000
463.744	7.462000
463.744	6.802000
464.056	6.802000
464.056	7.316000
464.368	7.316000
464.368	0.000000
464.368	0.000000
464.368	0.000000
464.368	0.000000
464.368	0.000000
464.368	0.000000
464.368	5.644000
464.708	5.644000
464.708	5.455000
465.05	5.455000
465.05	5.566000
465.392	5.566000
465.392	7.172000
465.742	7.172000
465.742	7.122000
466.092	7.122000
466.092	7.338000
466.442	7.338000
