0.0	4.342000
0.318	4.342000
0.318	4.503000
0.636	4.503000
0.636	4.405000
0.954	4.405000
0.954	4.634000
1.304	4.634000
1.304	4.653000
1.656	4.653000
1.656	4.631000
2.007	4.631000
2.007	4.507000
2.36	4.507000
2.36	4.532000
2.711	4.532000
2.711	4.493000
3.064	4.493000
3.064	4.127000
3.419	4.127000
3.419	4.110000
3.773	4.110000
3.773	4.129000
4.127	4.129000
4.127	4.189000
4.48	4.189000
4.48	4.185000
4.831	4.185000
4.831	4.167000
5.184	4.167000
5.184	4.255000
5.502	4.255000
5.502	4.165000
5.818	4.165000
5.818	4.167000
6.134	4.167000
6.134	4.562000
6.452	4.562000
6.452	4.590000
6.77	4.590000
6.77	4.603000
7.088	4.603000
7.088	4.769000
7.442	4.769000
7.442	4.928000
7.795	4.928000
7.795	4.713000
8.148	4.713000
8.148	4.816000
8.466	4.816000
8.466	4.795000
8.782	4.795000
8.782	4.805000
9.099	4.805000
9.099	4.628000
9.417	4.628000
9.417	4.536000
9.732	4.536000
9.732	4.530000
10.049	4.530000
10.049	4.682000
10.399	4.682000
10.399	4.631000
10.752	4.631000
10.752	4.674000
11.103	4.674000
11.103	4.491000
11.455	4.491000
11.455	4.465000
11.808	4.465000
11.808	4.521000
12.16	4.521000
12.16	4.326000
12.48	4.326000
12.48	4.330000
12.799	4.330000
12.799	4.309000
13.119	4.309000
13.119	4.570000
13.471	4.570000
13.471	4.565000
13.824	4.565000
13.824	4.586000
14.175	4.586000
14.175	4.493000
14.492	4.493000
14.492	4.497000
14.809	4.497000
14.809	4.534000
15.127	4.534000
15.127	4.308000
15.48	4.308000
15.48	4.371000
15.831	4.371000
15.831	4.313000
16.181	4.313000
16.181	4.636000
16.531	4.636000
16.531	4.632000
16.884	4.632000
16.884	4.609000
17.234	4.609000
17.234	4.747000
17.551	4.747000
17.551	4.757000
17.866	4.757000
17.866	4.722000
18.184	4.722000
18.184	3.978000
18.5	3.978000
18.5	3.968000
18.818	3.968000
18.818	3.952000
19.135	3.952000
19.135	4.665000
19.486	4.665000
19.486	4.682000
19.837	4.682000
19.837	4.670000
20.187	4.670000
20.187	4.203000
20.504	4.203000
20.504	4.203000
20.821	4.203000
20.821	4.189000
21.138	4.189000
21.138	4.660000
21.458	4.660000
21.458	4.623000
21.777	4.623000
21.777	4.619000
22.097	4.619000
22.097	4.510000
22.449	4.510000
22.449	4.530000
22.8	4.530000
22.8	4.507000
23.148	4.507000
23.148	4.141000
23.464	4.141000
23.464	4.193000
23.778	4.193000
23.778	4.077000
24.095	4.077000
24.095	4.474000
24.448	4.474000
24.448	4.501000
24.801	4.501000
24.801	4.431000
25.153	4.431000
25.153	4.770000
25.505	4.770000
25.505	4.755000
25.856	4.755000
25.856	4.751000
26.208	4.751000
26.208	4.301000
26.526	4.301000
26.526	4.248000
26.842	4.248000
26.842	4.246000
27.159	4.246000
27.159	4.294000
27.512	4.294000
27.512	4.283000
27.862	4.283000
27.862	4.321000
28.215	4.321000
28.215	4.739000
28.533	4.739000
28.533	4.649000
28.848	4.649000
28.848	4.609000
29.166	4.609000
29.166	4.477000
29.483	4.477000
29.483	4.429000
29.801	4.429000
29.801	4.435000
30.118	4.435000
30.118	4.149000
30.438	4.149000
30.438	4.229000
30.757	4.229000
30.757	4.166000
31.076	4.166000
31.076	4.640000
31.428	4.640000
31.428	4.624000
31.777	4.624000
31.777	4.617000
32.127	4.617000
32.127	4.364000
32.445	4.364000
32.445	4.346000
32.762	4.346000
32.762	4.341000
33.08	4.341000
33.08	4.613000
33.398	4.613000
33.398	4.651000
33.716	4.651000
33.716	4.687000
34.034	4.687000
34.034	4.562000
34.386	4.562000
34.386	4.396000
34.737	4.396000
34.737	4.507000
35.089	4.507000
35.089	4.380000
35.407	4.380000
35.407	4.357000
35.723	4.357000
35.723	4.398000
36.041	4.398000
36.041	4.622000
36.359	4.622000
36.359	4.638000
36.674	4.638000
36.674	4.579000
36.99	4.579000
36.99	4.640000
37.34	4.640000
37.34	4.639000
37.691	4.639000
37.691	4.650000
38.043	4.650000
38.043	4.336000
38.361	4.336000
38.361	4.362000
38.678	4.362000
38.678	4.325000
38.995	4.325000
38.995	4.554000
39.316	4.554000
39.316	4.703000
39.636	4.703000
39.636	4.700000
39.957	4.700000
39.957	4.785000
40.31	4.785000
40.31	4.748000
40.662	4.748000
40.662	4.769000
41.012	4.769000
41.012	4.467000
41.33	4.467000
41.33	4.414000
41.647	4.414000
41.647	4.450000
41.965	4.450000
41.965	4.713000
42.282	4.713000
42.282	4.713000
42.597	4.713000
42.597	4.717000
42.913	4.717000
42.913	4.288000
43.264	4.288000
43.264	4.368000
43.615	4.368000
43.615	4.307000
43.966	4.307000
43.966	4.327000
44.284	4.327000
44.284	4.365000
44.602	4.365000
44.602	4.349000
44.92	4.349000
44.92	4.180000
45.235	4.180000
45.235	4.137000
45.552	4.137000
45.552	4.148000
45.869	4.148000
45.869	4.936000
46.222	4.936000
46.222	4.910000
46.575	4.910000
46.575	4.878000
46.925	4.878000
46.925	4.449000
47.242	4.449000
47.242	4.382000
47.558	4.382000
47.558	4.364000
47.876	4.364000
47.876	4.479000
48.229	4.479000
48.229	4.478000
48.581	4.478000
48.581	4.512000
48.934	4.512000
48.934	4.625000
49.285	4.625000
49.285	4.641000
49.638	4.641000
49.638	4.609000
49.988	4.609000
49.988	4.489000
50.304	4.489000
50.304	4.304000
50.618	4.304000
50.618	4.375000
50.936	4.375000
50.936	4.301000
51.289	4.301000
51.289	4.309000
51.642	4.309000
51.642	4.310000
51.995	4.310000
51.995	4.689000
52.348	4.689000
52.348	4.606000
52.698	4.606000
52.698	4.571000
53.05	4.571000
53.05	4.515000
53.403	4.515000
53.403	4.512000
53.756	4.512000
53.756	4.488000
54.108	4.488000
54.108	4.222000
54.425	4.222000
54.425	4.164000
54.739	4.164000
54.739	4.229000
55.056	4.229000
55.056	4.710000
55.408	4.710000
55.408	4.719000
55.761	4.719000
55.761	4.717000
56.113	4.717000
56.113	4.665000
56.466	4.665000
56.466	4.700000
56.819	4.700000
56.819	4.699000
57.172	4.699000
57.172	4.338000
57.484	4.338000
57.484	4.350000
57.796	4.350000
57.796	4.375000
58.107	4.375000
58.107	4.776000
58.46	4.776000
58.46	4.778000
58.812	4.778000
58.812	4.755000
59.164	4.755000
59.164	4.614000
59.482	4.614000
59.482	4.574000
59.798	4.574000
59.798	4.572000
60.114	4.572000
60.114	4.432000
60.39	4.432000
60.39	4.464000
60.667	4.464000
60.667	4.421000
60.943	4.421000
60.943	4.480000
61.295	4.480000
61.295	4.443000
61.647	4.443000
61.647	4.503000
61.999	4.503000
61.999	4.459000
62.317	4.459000
62.317	4.527000
62.633	4.527000
62.633	4.443000
62.951	4.443000
62.951	4.477000
63.263	4.477000
63.263	4.532000
63.572	4.532000
63.572	4.520000
63.884	4.520000
63.884	4.915000
64.234	4.915000
64.234	4.860000
64.584	4.860000
64.584	4.941000
64.935	4.941000
64.935	4.560000
65.253	4.560000
65.253	4.529000
65.57	4.529000
65.57	4.615000
65.888	4.615000
65.888	4.485000
66.2	4.485000
66.2	4.507000
66.511	4.507000
66.511	4.523000
66.823	4.523000
66.823	4.775000
67.175	4.775000
67.175	4.800000
67.527	4.800000
67.527	4.746000
67.879	4.746000
67.879	4.498000
68.197	4.498000
68.197	4.453000
68.513	4.453000
68.513	4.496000
68.829	4.496000
68.829	4.381000
69.147	4.381000
69.147	4.349000
69.464	4.349000
69.464	4.355000
69.782	4.355000
69.782	4.543000
70.134	4.543000
70.134	4.575000
70.486	4.575000
70.486	4.565000
70.838	4.565000
70.838	4.129000
71.191	4.129000
71.191	4.243000
71.544	4.243000
71.544	4.220000
71.897	4.220000
71.897	4.475000
72.247	4.475000
72.247	4.463000
72.599	4.463000
72.599	4.506000
72.951	4.506000
72.951	4.839000
73.303	4.839000
73.303	4.633000
73.655	4.633000
73.655	4.835000
74.007	4.835000
74.007	4.515000
74.359	4.515000
74.359	4.574000
74.711	4.574000
74.711	4.563000
75.064	4.563000
75.064	4.394000
75.38	4.394000
75.38	4.448000
75.698	4.448000
75.698	4.382000
76.014	4.382000
76.014	4.808000
76.367	4.808000
76.367	4.829000
76.72	4.829000
76.72	4.773000
77.069	4.773000
77.069	4.241000
77.386	4.241000
77.386	4.233000
77.704	4.233000
77.704	4.212000
78.021	4.212000
78.021	4.451000
78.339	4.451000
78.339	4.410000
78.656	4.410000
78.656	4.416000
78.974	4.416000
78.974	4.606000
79.324	4.606000
79.324	4.626000
79.676	4.626000
79.676	4.631000
80.027	4.631000
80.027	4.970000
80.379	4.970000
80.379	4.974000
80.729	4.974000
80.729	4.957000
81.081	4.957000
81.081	4.755000
81.396	4.755000
81.396	4.734000
81.711	4.734000
81.711	4.766000
82.028	4.766000
82.028	4.825000
82.382	4.825000
82.382	4.665000
82.735	4.665000
82.735	4.790000
83.087	4.790000
83.087	4.951000
83.404	4.951000
83.404	5.030000
83.722	5.030000
83.722	4.994000
84.039	4.994000
84.039	4.438000
84.355	4.438000
84.355	4.553000
84.671	4.553000
84.671	4.467000
84.989	4.467000
84.989	4.466000
85.306	4.466000
85.306	4.236000
85.624	4.236000
85.624	4.478000
85.94	4.478000
85.94	4.493000
86.293	4.493000
86.293	4.483000
86.642	4.483000
86.642	4.487000
86.992	4.487000
86.992	4.599000
87.309	4.599000
87.309	4.676000
87.625	4.676000
87.625	4.625000
87.942	4.625000
87.942	4.925000
88.292	4.925000
88.292	4.874000
88.645	4.874000
88.645	4.934000
88.997	4.934000
88.997	4.609000
89.314	4.609000
89.314	4.601000
89.631	4.601000
89.631	4.635000
89.949	4.635000
89.949	4.468000
90.267	4.468000
90.267	4.379000
90.583	4.379000
90.583	4.444000
90.901	4.444000
90.901	4.691000
91.252	4.691000
91.252	4.673000
91.605	4.673000
91.605	4.676000
91.957	4.676000
91.957	4.414000
92.274	4.414000
92.274	4.334000
92.59	4.334000
92.59	4.371000
92.907	4.371000
92.907	4.719000
93.224	4.719000
93.224	4.767000
93.54	4.767000
93.54	4.733000
93.856	4.733000
93.856	4.971000
94.209	4.971000
94.209	4.894000
94.561	4.894000
94.561	4.950000
94.913	4.950000
94.913	4.434000
95.266	4.434000
95.266	4.449000
95.618	4.449000
95.618	4.456000
95.971	4.456000
95.971	4.304000
96.289	4.304000
96.289	4.308000
96.606	4.308000
96.606	4.283000
96.924	4.283000
96.924	4.535000
97.241	4.535000
97.241	4.583000
97.56	4.583000
97.56	4.575000
97.878	4.575000
97.878	4.469000
98.196	4.469000
98.196	4.546000
98.513	4.546000
98.513	4.526000
98.831	4.526000
98.831	4.276000
99.149	4.276000
99.149	4.330000
99.466	4.330000
99.466	4.355000
99.784	4.355000
99.784	4.656000
100.134	4.656000
100.134	4.670000
100.487	4.670000
100.487	4.667000
100.836	4.667000
100.836	4.454000
101.153	4.454000
101.153	4.404000
101.468	4.404000
101.468	4.398000
101.786	4.398000
101.786	4.450000
102.138	4.450000
102.138	4.463000
102.491	4.463000
102.491	4.433000
102.842	4.433000
102.842	4.665000
103.194	4.665000
103.194	4.670000
103.547	4.670000
103.547	4.712000
103.898	4.712000
103.898	4.420000
104.216	4.420000
104.216	4.363000
104.532	4.363000
104.532	4.406000
104.85	4.406000
104.85	4.245000
105.167	4.245000
105.167	4.252000
105.485	4.252000
105.485	4.257000
105.801	4.257000
105.801	4.579000
106.155	4.579000
106.155	4.440000
106.508	4.440000
106.508	4.557000
106.862	4.557000
106.862	4.239000
107.179	4.239000
107.179	4.204000
107.496	4.204000
107.496	4.215000
107.813	4.215000
107.813	4.445000
108.166	4.445000
108.166	4.420000
108.519	4.420000
108.519	4.469000
108.872	4.469000
108.872	4.586000
109.224	4.586000
109.224	4.579000
109.577	4.579000
109.577	4.576000
109.927	4.576000
109.927	4.747000
110.28	4.747000
110.28	4.704000
110.633	4.704000
110.633	4.731000
110.986	4.731000
110.986	4.365000
111.304	4.365000
111.304	4.355000
111.621	4.355000
111.621	4.273000
111.939	4.273000
111.939	4.573000
112.289	4.573000
112.289	4.601000
112.642	4.601000
112.642	4.589000
112.991	4.589000
112.991	4.275000
113.308	4.275000
113.308	4.341000
113.626	4.341000
113.626	4.314000
113.944	4.314000
113.944	4.213000
114.262	4.213000
114.262	4.185000
114.579	4.185000
114.579	4.194000
114.895	4.194000
114.895	4.929000
115.247	4.929000
115.247	4.988000
115.6	4.988000
115.6	4.898000
115.95	4.898000
115.95	4.576000
116.268	4.576000
116.268	4.572000
116.585	4.572000
116.585	4.508000
116.902	4.508000
116.902	4.646000
117.22	4.646000
117.22	4.631000
117.536	4.631000
117.536	4.653000
117.854	4.653000
117.854	4.763000
118.206	4.763000
118.206	4.565000
118.558	4.565000
118.558	4.754000
118.908	4.754000
118.908	5.024000
119.226	5.024000
119.226	5.015000
119.544	5.015000
119.544	5.024000
119.86	5.024000
119.86	4.770000
120.212	4.770000
120.212	4.778000
120.565	4.778000
120.565	4.779000
120.916	4.779000
120.916	4.519000
121.233	4.519000
121.233	4.525000
121.55	4.525000
121.55	4.527000
121.866	4.527000
121.866	4.254000
122.183	4.254000
122.183	4.284000
122.498	4.284000
122.498	4.306000
122.816	4.306000
122.816	4.121000
123.134	4.121000
123.134	4.123000
123.451	4.123000
123.451	4.100000
123.769	4.100000
123.769	4.843000
124.12	4.843000
124.12	4.876000
124.47	4.876000
124.47	5.032000
124.82	5.032000
124.82	4.889000
125.173	4.889000
125.173	4.862000
125.526	4.862000
125.526	5.122000
125.877	5.122000
125.877	4.483000
126.195	4.483000
126.195	4.397000
126.509	4.397000
126.509	4.549000
126.827	4.549000
126.827	4.629000
127.176	4.629000
127.176	4.657000
127.526	4.657000
127.526	4.662000
127.878	4.662000
127.878	4.765000
128.195	4.765000
128.195	4.769000
128.513	4.769000
128.513	4.780000
128.831	4.780000
128.831	4.275000
129.149	4.275000
129.149	4.253000
129.466	4.253000
129.466	4.312000
129.784	4.312000
129.784	4.695000
130.136	4.695000
130.136	4.709000
130.489	4.709000
130.489	4.759000
130.842	4.759000
130.842	4.524000
131.16	4.524000
131.16	4.543000
131.478	4.543000
131.478	4.496000
131.796	4.496000
131.796	4.500000
132.114	4.500000
132.114	4.478000
132.431	4.478000
132.431	4.488000
132.748	4.488000
132.748	4.907000
133.099	4.907000
133.099	4.893000
133.451	4.893000
133.451	4.946000
133.804	4.946000
133.804	4.421000
134.121	4.421000
134.121	4.474000
134.437	4.474000
134.437	4.433000
134.755	4.433000
134.755	4.617000
135.108	4.617000
135.108	4.605000
135.461	4.605000
135.461	4.636000
135.813	4.636000
135.813	4.603000
136.163	4.603000
136.163	4.639000
136.516	4.639000
136.516	4.598000
136.869	4.598000
136.869	4.363000
137.186	4.363000
137.186	4.322000
137.503	4.322000
137.503	4.353000
137.821	4.353000
137.821	4.458000
138.139	4.458000
138.139	4.494000
138.455	4.494000
138.455	4.457000
138.772	4.457000
138.772	4.617000
139.125	4.617000
139.125	4.538000
139.476	4.538000
139.476	4.636000
139.829	4.636000
139.829	4.307000
140.145	4.307000
140.145	4.220000
140.462	4.220000
140.462	4.236000
140.78	4.236000
140.78	4.103000
141.097	4.103000
141.097	4.080000
141.414	4.080000
141.414	4.058000
141.73	4.058000
141.73	4.227000
142.046	4.227000
142.046	4.211000
142.361	4.211000
142.361	4.182000
142.678	4.182000
142.678	4.415000
142.996	4.415000
142.996	4.410000
143.313	4.410000
143.313	4.462000
143.631	4.462000
143.631	4.457000
143.982	4.457000
143.982	4.419000
144.333	4.419000
144.333	4.409000
144.685	4.409000
144.685	4.422000
145.001	4.422000
145.001	4.224000
145.318	4.224000
145.318	4.466000
145.635	4.466000
145.635	4.642000
145.952	4.642000
145.952	4.636000
146.27	4.636000
146.27	4.598000
146.587	4.598000
146.587	4.312000
146.904	4.312000
146.904	4.345000
147.221	4.345000
147.221	4.310000
147.538	4.310000
147.538	4.597000
147.888	4.597000
147.888	4.585000
148.24	4.585000
148.24	4.543000
148.59	4.543000
148.59	4.603000
148.907	4.603000
148.907	4.582000
149.224	4.582000
149.224	4.535000
149.542	4.535000
149.542	4.809000
149.895	4.809000
149.895	4.794000
150.247	4.794000
150.247	4.769000
150.597	4.769000
150.597	4.661000
150.947	4.661000
150.947	4.686000
151.299	4.686000
151.299	4.663000
151.651	4.663000
151.651	4.399000
151.969	4.399000
151.969	4.407000
152.286	4.407000
152.286	4.424000
152.604	4.424000
152.604	4.494000
152.921	4.494000
152.921	4.516000
153.239	4.516000
153.239	4.546000
153.556	4.546000
153.556	4.937000
153.908	4.937000
153.908	4.733000
154.261	4.733000
154.261	4.973000
154.614	4.973000
154.614	5.237000
154.932	5.237000
154.932	5.225000
155.25	5.225000
155.25	5.237000
155.566	5.237000
155.566	4.590000
155.918	4.590000
155.918	4.648000
156.271	4.648000
156.271	4.643000
156.623	4.643000
156.623	4.512000
156.975	4.512000
156.975	4.494000
157.325	4.494000
157.325	4.486000
157.677	4.486000
157.677	4.429000
158.03	4.429000
158.03	4.519000
158.383	4.519000
158.383	4.506000
158.736	4.506000
158.736	4.350000
159.089	4.350000
159.089	4.359000
159.441	4.359000
159.441	4.336000
159.792	4.336000
159.792	4.604000
160.107	4.604000
160.107	4.622000
160.425	4.622000
160.425	4.627000
160.743	4.627000
160.743	4.138000
161.061	4.138000
161.061	4.116000
161.378	4.116000
161.378	4.119000
161.695	4.119000
161.695	4.472000
162.048	4.472000
162.048	4.522000
162.399	4.522000
162.399	4.509000
162.752	4.509000
162.752	4.844000
163.104	4.844000
163.104	4.751000
163.456	4.751000
163.456	4.830000
163.805	4.830000
163.805	4.514000
164.123	4.514000
164.123	4.521000
164.44	4.521000
164.44	4.483000
164.757	4.483000
164.757	4.559000
165.109	4.559000
165.109	4.633000
165.462	4.633000
165.462	4.580000
165.815	4.580000
165.815	4.443000
166.164	4.443000
166.164	4.389000
166.515	4.389000
166.515	4.429000
166.866	4.429000
166.866	4.700000
167.219	4.700000
167.219	4.727000
167.572	4.727000
167.572	4.747000
167.925	4.747000
167.925	4.339000
168.278	4.339000
168.278	4.326000
168.63	4.326000
168.63	4.323000
168.982	4.323000
168.982	4.993000
169.333	4.993000
169.333	5.013000
169.686	5.013000
169.686	5.025000
170.035	5.025000
170.035	4.356000
170.353	4.356000
170.353	4.297000
170.669	4.297000
170.669	4.285000
170.986	4.285000
170.986	4.659000
171.304	4.659000
171.304	4.574000
171.619	4.574000
171.619	4.627000
171.936	4.627000
171.936	4.774000
172.287	4.774000
172.287	4.734000
172.639	4.734000
172.639	4.756000
172.99	4.756000
172.99	4.958000
173.343	4.958000
173.343	4.928000
173.692	4.928000
173.692	4.955000
174.045	4.955000
174.045	4.114000
174.362	4.114000
174.362	4.126000
174.678	4.126000
174.678	4.106000
174.994	4.106000
174.994	4.480000
175.347	4.480000
175.347	4.450000
175.7	4.450000
175.7	4.467000
176.053	4.467000
176.053	4.732000
176.405	4.732000
176.405	4.780000
176.758	4.780000
176.758	4.702000
177.111	4.702000
177.111	4.519000
177.428	4.519000
177.428	8.041000
177.745	8.041000
177.745	4.520000
178.063	4.520000
178.063	4.129000
178.414	4.129000
178.414	4.122000
178.763	4.122000
178.763	4.290000
179.115	4.290000
179.115	4.076000
179.431	4.076000
179.431	4.028000
179.749	4.028000
179.749	4.276000
180.067	4.276000
180.067	4.645000
180.383	4.645000
180.383	4.662000
180.7	4.662000
180.7	4.649000
181.016	4.649000
181.016	4.602000
181.367	4.602000
181.367	4.584000
181.719	4.584000
181.719	4.524000
182.069	4.524000
182.069	4.617000
182.422	4.617000
182.422	4.621000
182.774	4.621000
182.774	4.598000
183.126	4.598000
183.126	4.307000
183.402	4.307000
183.402	4.320000
183.679	4.320000
183.679	4.314000
183.954	4.314000
183.954	4.765000
184.264	4.765000
184.264	4.776000
184.575	4.776000
184.575	4.760000
184.886	4.760000
184.886	4.755000
185.203	4.755000
185.203	4.752000
185.519	4.752000
185.519	4.773000
185.836	4.773000
185.836	4.438000
186.113	4.438000
186.113	4.493000
186.389	4.493000
186.389	4.464000
186.666	4.464000
186.666	4.677000
187.019	4.677000
187.019	4.646000
187.371	4.646000
187.371	4.661000
187.722	4.661000
187.722	4.292000
188.04	4.292000
188.04	4.343000
188.356	4.343000
188.356	4.320000
188.674	4.320000
188.674	4.096000
188.991	4.096000
188.991	4.114000
189.307	4.114000
189.307	4.115000
189.623	4.115000
189.623	4.749000
189.933	4.749000
189.933	4.801000
190.243	4.801000
190.243	4.765000
190.553	4.765000
190.553	4.781000
190.87	4.781000
190.87	4.768000
191.187	4.768000
191.187	4.804000
191.505	4.804000
191.505	5.220000
191.823	5.220000
191.823	5.173000
192.14	5.173000
192.14	5.129000
192.456	5.129000
192.456	4.570000
192.732	4.570000
192.732	4.538000
193.008	4.538000
193.008	4.532000
193.284	4.532000
193.284	4.728000
193.602	4.728000
193.602	4.715000
193.919	4.715000
193.919	4.721000
194.237	4.721000
194.237	4.477000
194.555	4.477000
194.555	4.441000
194.872	4.441000
194.872	4.440000
195.19	4.440000
195.19	4.844000
195.542	4.844000
195.542	4.864000
195.893	4.864000
195.893	4.960000
196.244	4.960000
196.244	4.768000
196.561	4.768000
196.561	4.728000
196.877	4.728000
196.877	4.828000
197.194	4.828000
197.194	4.209000
197.511	4.209000
197.511	4.134000
197.828	4.134000
197.828	4.192000
198.146	4.192000
198.146	4.238000
198.496	4.238000
198.496	4.291000
198.848	4.291000
198.848	4.281000
199.201	4.281000
199.201	4.653000
199.519	4.653000
199.519	4.585000
199.834	4.585000
199.834	4.636000
200.152	4.636000
200.152	4.685000
200.505	4.685000
200.505	4.701000
200.858	4.701000
200.858	4.662000
201.211	4.662000
201.211	4.656000
201.564	4.656000
201.564	4.701000
201.915	4.701000
201.915	4.653000
202.267	4.653000
202.267	4.420000
202.62	4.420000
202.62	4.475000
202.972	4.475000
202.972	4.403000
203.325	4.403000
203.325	4.469000
203.643	4.469000
203.643	4.443000
203.959	4.443000
203.959	4.420000
204.276	4.420000
204.276	4.705000
204.628	4.705000
204.628	4.682000
204.98	4.682000
204.98	4.716000
205.332	4.716000
205.332	4.628000
205.685	4.628000
205.685	4.640000
206.038	4.640000
206.038	4.605000
206.391	4.605000
206.391	4.681000
206.742	4.681000
206.742	4.708000
207.094	4.708000
207.094	4.671000
207.443	4.671000
207.443	4.599000
207.76	4.599000
207.76	4.488000
208.077	4.488000
208.077	4.636000
208.395	4.636000
208.395	4.501000
208.713	4.501000
208.713	4.522000
209.029	4.522000
209.029	4.479000
209.347	4.479000
209.347	4.375000
209.663	4.375000
209.663	4.382000
209.981	4.382000
209.981	4.368000
210.299	4.368000
210.299	4.953000
210.651	4.953000
210.651	5.013000
211.004	5.013000
211.004	4.907000
211.354	4.907000
211.354	4.663000
211.67	4.663000
211.67	4.550000
211.987	4.550000
211.987	4.604000
212.305	4.604000
212.305	4.282000
212.622	4.282000
212.622	4.319000
212.939	4.319000
212.939	4.281000
213.257	4.281000
213.257	4.931000
213.61	4.931000
213.61	4.928000
213.963	4.928000
213.963	4.933000
214.315	4.933000
214.315	4.247000
214.632	4.247000
214.632	4.266000
214.95	4.266000
214.95	4.337000
215.267	4.337000
215.267	4.778000
215.584	4.778000
215.584	4.804000
215.902	4.804000
215.902	4.816000
216.22	4.816000
216.22	4.576000
216.574	4.576000
216.574	4.539000
216.927	4.539000
216.927	4.529000
217.28	4.529000
217.28	4.158000
217.598	4.158000
217.598	4.151000
217.913	4.151000
217.913	4.147000
218.229	4.147000
218.229	4.502000
218.582	4.502000
218.582	4.520000
218.934	4.520000
218.934	4.513000
219.286	4.513000
219.286	4.869000
219.64	4.869000
219.64	4.917000
219.995	4.917000
219.995	4.886000
220.35	4.886000
220.35	4.556000
220.703	4.556000
220.703	4.592000
221.056	4.592000
221.056	4.561000
221.409	4.561000
221.409	4.554000
221.727	4.554000
221.727	4.522000
222.045	4.522000
222.045	4.537000
222.361	4.537000
222.361	4.314000
222.712	4.314000
222.712	4.298000
223.064	4.298000
223.064	4.304000
223.417	4.304000
223.417	4.602000
223.77	4.602000
223.77	4.595000
224.123	4.595000
224.123	4.586000
224.476	4.586000
224.476	4.671000
224.828	4.671000
224.828	4.662000
225.179	4.662000
225.179	4.671000
225.53	4.671000
225.53	4.796000
225.885	4.796000
225.885	4.814000
226.238	4.814000
226.238	4.769000
226.592	4.769000
226.592	4.425000
226.944	4.425000
226.944	4.452000
227.296	4.452000
227.296	4.455000
227.648	4.455000
227.648	4.638000
227.965	4.638000
227.965	4.665000
228.283	4.665000
228.283	4.650000
228.601	4.650000
228.601	4.986000
228.952	4.986000
228.952	5.011000
229.304	5.011000
229.304	5.016000
229.657	5.016000
229.657	4.254000
229.975	4.254000
229.975	4.301000
230.292	4.301000
230.292	4.306000
230.609	4.306000
230.609	4.586000
230.925	4.586000
230.925	4.603000
231.24	4.603000
231.24	4.618000
231.558	4.618000
231.558	4.818000
231.911	4.818000
231.911	4.822000
232.264	4.822000
232.264	4.797000
232.615	4.797000
232.615	4.613000
232.968	4.613000
232.968	4.626000
233.32	4.626000
233.32	4.661000
233.672	4.661000
233.672	4.374000
233.99	4.374000
233.99	4.381000
234.308	4.381000
234.308	4.372000
234.626	4.372000
234.626	4.872000
234.979	4.872000
234.979	4.915000
235.332	4.915000
235.332	4.919000
235.683	4.919000
235.683	4.304000
236.001	4.304000
236.001	4.308000
236.318	4.308000
236.318	4.315000
236.636	4.315000
236.636	4.087000
236.954	4.087000
236.954	4.121000
237.271	4.121000
237.271	4.091000
237.588	4.091000
237.588	4.775000
237.938	4.775000
237.938	4.823000
238.289	4.823000
238.289	4.790000
238.639	4.790000
238.639	4.339000
238.957	4.339000
238.957	4.370000
239.272	4.370000
239.272	4.342000
239.589	4.342000
239.589	4.795000
239.907	4.795000
239.907	4.826000
240.225	4.826000
240.225	4.824000
240.543	4.824000
240.543	5.080000
240.894	5.080000
240.894	5.055000
241.245	5.055000
241.245	5.084000
241.597	5.084000
241.597	4.157000
241.915	4.157000
241.915	4.136000
242.231	4.136000
242.231	4.100000
242.549	4.100000
242.549	4.491000
242.902	4.491000
242.902	4.495000
243.254	4.495000
243.254	4.507000
243.607	4.507000
243.607	4.840000
243.959	4.840000
243.959	4.903000
244.313	4.903000
244.313	4.839000
244.665	4.839000
244.665	4.432000
245.018	4.432000
245.018	4.414000
245.371	4.414000
245.371	4.433000
245.723	4.433000
245.723	4.660000
246.039	4.660000
246.039	4.655000
246.356	4.655000
246.356	4.646000
246.673	4.646000
246.673	4.587000
246.989	4.587000
246.989	4.498000
247.305	4.498000
247.305	4.610000
247.623	4.610000
247.623	4.329000
247.941	4.329000
247.941	4.373000
248.258	4.373000
248.258	4.351000
248.576	4.351000
248.576	4.157000
248.928	4.157000
248.928	4.160000
249.279	4.160000
249.279	4.156000
249.631	4.156000
249.631	4.966000
249.984	4.966000
249.984	4.955000
250.336	4.955000
250.336	4.977000
250.689	4.977000
250.689	4.761000
251.041	4.761000
251.041	4.774000
251.391	4.774000
251.391	4.755000
251.742	4.755000
251.742	4.497000
252.095	4.497000
252.095	4.556000
252.447	4.556000
252.447	4.530000
252.799	4.530000
252.799	4.738000
253.15	4.738000
253.15	4.743000
253.504	4.743000
253.504	4.736000
253.858	4.736000
253.858	4.271000
254.175	4.271000
254.175	4.241000
254.493	4.241000
254.493	4.225000
254.809	4.225000
254.809	4.137000
255.126	4.137000
255.126	4.124000
255.444	4.124000
255.444	4.130000
255.761	4.130000
255.761	4.785000
256.114	4.785000
256.114	4.817000
256.466	4.817000
256.466	4.789000
256.817	4.789000
256.817	4.258000
257.17	4.258000
257.17	4.301000
257.523	4.301000
257.523	4.283000
257.875	4.283000
257.875	5.004000
258.228	5.004000
258.228	4.922000
258.579	4.922000
258.579	4.992000
258.932	4.992000
258.932	4.665000
259.285	4.665000
259.285	4.677000
259.638	4.677000
259.638	4.663000
259.991	4.663000
259.991	4.325000
260.309	4.325000
260.309	4.338000
260.626	4.338000
260.626	4.313000
260.943	4.313000
260.943	4.833000
261.26	4.833000
261.26	4.818000
261.577	4.818000
261.577	4.847000
261.893	4.847000
261.893	4.415000
262.243	4.415000
262.243	5.035000
262.593	5.035000
262.593	4.446000
262.944	4.446000
262.944	4.947000
263.297	4.947000
263.297	4.939000
263.649	4.939000
263.649	4.957000
264.0	4.957000
264.0	4.420000
264.317	4.420000
264.317	4.439000
264.631	4.439000
264.631	4.440000
264.947	4.440000
264.947	4.396000
265.3	4.396000
265.3	4.418000
265.653	4.418000
265.653	4.385000
266.006	4.385000
266.006	4.362000
266.356	4.362000
266.356	4.327000
266.708	4.327000
266.708	4.306000
267.058	4.306000
267.058	4.159000
267.375	4.159000
267.375	4.178000
267.693	4.178000
267.693	4.154000
268.011	4.154000
268.011	4.827000
268.36	4.827000
268.36	4.802000
268.712	4.802000
268.712	4.891000
269.064	4.891000
269.064	4.524000
269.38	4.524000
269.38	4.496000
269.697	4.496000
269.697	4.534000
270.015	4.534000
270.015	4.407000
270.332	4.407000
270.332	4.435000
270.65	4.435000
270.65	4.433000
270.968	4.433000
270.968	4.755000
271.32	4.755000
271.32	4.785000
271.673	4.785000
271.673	4.724000
272.025	4.724000
272.025	4.461000
272.378	4.461000
272.378	4.484000
272.728	4.484000
272.728	4.462000
273.081	4.462000
273.081	4.373000
273.398	4.373000
273.398	4.354000
273.714	4.354000
273.714	4.346000
274.032	4.346000
274.032	4.820000
274.383	4.820000
274.383	4.785000
274.735	4.785000
274.735	4.782000
275.084	4.782000
275.084	4.384000
275.402	4.384000
275.402	4.365000
275.719	4.365000
275.719	4.395000
276.037	4.395000
276.037	4.498000
276.354	4.498000
276.354	4.531000
276.672	4.531000
276.672	4.514000
276.99	4.514000
276.99	4.844000
277.342	4.844000
277.342	4.860000
277.694	4.860000
277.694	4.863000
278.045	4.863000
278.045	4.588000
278.398	4.588000
278.398	4.592000
278.751	4.592000
278.751	4.545000
279.101	4.545000
279.101	4.679000
279.419	4.679000
279.419	4.666000
279.737	4.666000
279.737	4.656000
280.055	4.656000
280.055	4.449000
280.406	4.449000
280.406	4.469000
280.758	4.469000
280.758	4.472000
281.11	4.472000
281.11	4.441000
281.428	4.441000
281.428	4.356000
281.745	4.356000
281.745	4.379000
282.063	4.379000
282.063	4.448000
282.415	4.448000
282.415	4.468000
282.767	4.468000
282.767	4.466000
283.12	4.466000
283.12	4.795000
283.472	4.795000
283.472	4.769000
283.825	4.769000
283.825	4.842000
284.176	4.842000
284.176	4.592000
284.494	4.592000
284.494	4.587000
284.811	4.587000
284.811	4.560000
285.129	4.560000
285.129	4.426000
285.444	4.426000
285.444	4.455000
285.761	4.455000
285.761	4.501000
286.078	4.501000
286.078	4.369000
286.394	4.369000
286.394	4.391000
286.709	4.391000
286.709	4.394000
287.025	4.394000
287.025	4.432000
287.341	4.432000
287.341	4.478000
287.658	4.478000
287.658	4.393000
287.976	4.393000
287.976	4.362000
288.328	4.362000
288.328	4.413000
288.68	4.413000
288.68	4.372000
289.032	4.372000
289.032	4.555000
289.383	4.555000
289.383	4.498000
289.733	4.498000
289.733	4.582000
290.084	4.582000
290.084	4.691000
290.436	4.691000
290.436	4.656000
290.788	4.656000
290.788	4.695000
291.141	4.695000
291.141	4.246000
291.459	4.246000
291.459	4.193000
291.728	4.193000
291.728	4.193000
292.046	4.193000
292.046	4.597000
292.394	4.597000
292.394	4.663000
292.744	4.663000
292.744	4.672000
293.095	4.672000
293.095	4.383000
293.413	4.383000
293.413	4.456000
293.73	4.456000
293.73	4.371000
294.046	4.371000
294.046	4.454000
294.399	4.454000
294.399	4.473000
294.751	4.473000
294.751	4.492000
295.104	4.492000
295.104	4.686000
295.457	4.686000
295.457	4.708000
295.808	4.708000
295.808	4.676000
296.161	4.676000
296.161	3.986000
296.477	3.986000
296.477	4.011000
296.791	4.011000
296.791	4.027000
297.109	4.027000
297.109	4.310000
297.427	4.310000
297.427	4.315000
297.745	4.315000
297.745	4.331000
298.063	4.331000
298.063	4.388000
298.415	4.388000
298.415	4.391000
298.767	4.391000
298.767	4.414000
299.119	4.414000
299.119	4.380000
299.436	4.380000
299.436	4.367000
299.752	4.367000
299.752	4.387000
300.07	4.387000
300.07	4.553000
300.422	4.553000
300.422	4.535000
300.772	4.535000
300.772	4.524000
301.122	4.524000
301.122	4.597000
301.474	4.597000
301.474	4.613000
301.826	4.613000
301.826	4.599000
302.179	4.599000
302.179	4.484000
302.532	4.484000
302.532	4.493000
302.884	4.493000
302.884	4.457000
303.236	4.457000
303.236	4.353000
303.554	4.353000
303.554	4.340000
303.87	4.340000
303.87	4.356000
304.188	4.356000
304.188	4.680000
304.541	4.680000
304.541	4.426000
304.893	4.426000
304.893	4.705000
305.246	4.705000
305.246	4.629000
305.558	4.629000
305.558	4.587000
305.869	4.587000
305.869	4.587000
306.181	4.587000
306.181	4.408000
306.534	4.408000
306.534	4.383000
306.886	4.383000
306.886	4.406000
307.239	4.406000
307.239	4.834000
307.592	4.834000
307.592	4.835000
307.946	4.835000
307.946	4.851000
308.3	4.851000
308.3	4.523000
308.612	4.523000
308.612	4.487000
308.923	4.487000
308.923	4.479000
309.234	4.479000
309.234	4.570000
309.551	4.570000
309.551	4.524000
309.867	4.524000
309.867	4.503000
310.185	4.503000
310.185	4.715000
310.537	4.715000
310.537	4.641000
310.889	4.641000
310.889	4.744000
311.241	4.744000
311.241	4.415000
311.557	4.415000
311.557	4.478000
311.874	4.478000
311.874	4.443000
312.192	4.443000
312.192	4.761000
312.509	4.761000
312.509	4.741000
312.826	4.741000
312.826	4.776000
313.144	4.776000
313.144	4.501000
313.462	4.501000
313.462	4.468000
313.778	4.468000
313.778	4.527000
314.096	4.527000
314.096	4.471000
314.413	4.471000
314.413	4.552000
314.731	4.552000
314.731	4.523000
315.049	4.523000
315.049	5.319000
315.366	5.319000
315.366	5.218000
315.682	5.218000
315.682	5.316000
315.998	5.316000
315.998	5.600000
316.453	5.600000
316.453	5.688000
316.909	5.688000
316.909	5.577000
317.364	5.577000
317.364	4.554000
317.715	4.554000
317.715	4.495000
318.068	4.495000
318.068	4.576000
318.42	4.576000
318.42	4.495000
318.738	4.495000
318.738	4.535000
319.054	4.535000
319.054	4.509000
319.372	4.509000
319.372	4.702000
319.722	4.702000
319.722	4.518000
320.075	4.518000
320.075	4.703000
320.426	4.703000
320.426	4.529000
320.703	4.529000
320.703	4.394000
320.98	4.394000
320.98	4.333000
321.257	4.333000
321.257	4.351000
321.575	4.351000
321.575	4.316000
321.89	4.316000
321.89	4.312000
322.208	4.312000
322.208	4.550000
322.56	4.550000
322.56	4.540000
322.912	4.540000
322.912	4.881000
323.265	4.881000
323.265	4.613000
323.583	4.613000
323.583	4.622000
323.9	4.622000
323.9	4.704000
324.218	4.704000
324.218	4.501000
324.536	4.501000
324.536	4.460000
324.852	4.460000
324.852	4.502000
325.169	4.502000
325.169	4.691000
325.519	4.691000
325.519	4.767000
325.872	4.767000
325.872	4.710000
326.224	4.710000
326.224	4.586000
326.542	4.586000
326.542	4.556000
326.859	4.556000
326.859	4.546000
327.177	4.546000
327.177	4.295000
327.494	4.295000
327.494	4.249000
327.811	4.249000
327.811	4.289000
328.128	4.289000
328.128	4.687000
328.481	4.687000
328.481	4.702000
328.833	4.702000
328.833	4.719000
329.186	4.719000
329.186	4.475000
329.503	4.475000
329.503	4.488000
329.82	4.488000
329.82	4.497000
330.138	4.497000
330.138	4.701000
330.456	4.701000
330.456	4.741000
330.774	4.741000
330.774	4.796000
331.092	4.796000
331.092	4.909000
331.444	4.909000
331.444	4.892000
331.797	4.892000
331.797	4.878000
332.147	4.878000
332.147	4.395000
332.464	4.395000
332.464	4.313000
332.781	4.313000
332.781	4.321000
333.099	4.321000
333.099	4.748000
333.417	4.748000
333.417	5.298000
333.735	5.298000
333.735	4.775000
334.053	4.775000
334.053	4.657000
334.405	4.657000
334.405	4.660000
334.758	4.660000
334.758	4.640000
335.111	4.640000
335.111	4.396000
335.446	4.396000
335.446	4.406000
335.781	4.406000
335.781	4.408000
336.117	4.408000
336.117	4.466000
336.468	4.466000
336.468	4.474000
336.819	4.474000
336.819	4.495000
337.171	4.495000
337.171	4.776000
337.519	4.776000
337.519	4.966000
337.87	4.966000
337.87	4.789000
338.222	4.789000
338.222	4.975000
338.575	4.975000
338.575	4.929000
338.927	4.929000
338.927	4.939000
339.279	4.939000
339.279	4.317000
339.597	4.317000
339.597	4.302000
339.915	4.302000
339.915	4.287000
340.233	4.287000
340.233	4.492000
340.582	4.492000
340.582	4.415000
340.935	4.415000
340.935	4.566000
341.287	4.566000
341.287	4.836000
341.605	4.836000
341.605	4.788000
341.921	4.788000
341.921	4.757000
342.238	4.757000
342.238	4.644000
342.59	4.644000
342.59	4.636000
342.943	4.636000
342.943	4.678000
343.295	4.678000
343.295	4.364000
343.645	4.364000
343.645	4.406000
343.998	4.406000
343.998	4.421000
344.347	4.421000
344.347	4.518000
344.665	4.518000
344.665	4.493000
344.982	4.493000
344.982	4.487000
345.3	4.487000
345.3	4.695000
345.617	4.695000
345.617	4.656000
345.933	4.656000
345.933	4.661000
346.251	4.661000
346.251	4.547000
346.605	4.547000
346.605	4.544000
346.958	4.544000
346.958	4.546000
347.312	4.546000
347.312	4.215000
347.664	4.215000
347.664	4.274000
348.017	4.274000
348.017	4.252000
348.37	4.252000
348.37	4.308000
348.686	4.308000
348.686	4.318000
349.002	4.318000
349.002	4.322000
349.32	4.322000
349.32	4.643000
349.67	4.643000
349.67	4.677000
350.022	4.677000
350.022	4.676000
350.375	4.676000
350.375	4.469000
350.693	4.469000
350.693	4.461000
351.011	4.461000
351.011	4.452000
351.327	4.452000
351.327	4.646000
351.644	4.646000
351.644	4.613000
351.962	4.613000
351.962	4.646000
352.279	4.646000
352.279	4.767000
352.629	4.767000
352.629	4.762000
352.982	4.762000
352.982	4.788000
353.332	4.788000
353.332	4.208000
353.649	4.208000
353.649	4.226000
353.965	4.226000
353.965	4.232000
354.282	4.232000
354.282	4.525000
354.635	4.525000
354.635	4.517000
354.988	4.517000
354.988	4.562000
355.34	4.562000
355.34	4.724000
355.692	4.724000
355.692	4.769000
356.044	4.769000
356.044	4.715000
356.397	4.715000
356.397	4.604000
356.715	4.604000
356.715	4.685000
357.033	4.685000
357.033	4.619000
357.35	4.619000
357.35	4.609000
357.702	4.609000
357.702	4.647000
358.053	4.647000
358.053	4.595000
358.404	4.595000
358.404	4.738000
358.753	4.738000
358.753	4.690000
359.104	4.690000
359.104	4.715000
359.455	4.715000
359.455	4.115000
359.773	4.115000
359.773	4.085000
360.09	4.085000
360.09	4.114000
360.408	4.114000
360.408	4.730000
360.76	4.730000
360.76	4.763000
361.113	4.763000
361.113	4.728000
361.466	4.728000
361.466	4.629000
361.819	4.629000
361.819	4.590000
362.171	4.590000
362.171	4.633000
362.524	4.633000
362.524	4.360000
362.841	4.360000
362.841	4.398000
363.159	4.398000
363.159	4.403000
363.476	4.403000
363.476	4.253000
363.829	4.253000
363.829	4.244000
364.18	4.244000
364.18	4.257000
364.533	4.257000
364.533	0.000000
364.533	0.000000
364.533	4.741000
364.886	4.741000
364.886	4.689000
365.239	4.689000
365.239	0.000000
365.239	0.000000
365.239	4.173000
365.555	4.173000
365.555	4.265000
365.872	4.265000
365.872	4.602000
366.189	4.602000
366.189	4.569000
366.506	4.569000
366.506	4.617000
366.824	4.617000
366.824	4.454000
367.176	4.454000
367.176	4.469000
367.529	4.469000
367.529	4.458000
367.881	4.458000
367.881	4.538000
368.233	4.538000
368.233	4.610000
368.585	4.610000
368.585	4.561000
368.935	4.561000
368.935	4.528000
369.286	4.528000
369.286	4.503000
369.64	4.503000
369.64	4.527000
369.994	4.527000
369.994	4.994000
370.346	4.994000
370.346	4.921000
370.698	4.921000
370.698	4.943000
371.05	4.943000
371.05	4.576000
371.403	4.576000
371.403	4.483000
371.751	4.483000
371.751	4.610000
372.103	4.610000
372.103	4.377000
372.42	4.377000
372.42	4.358000
372.738	4.358000
372.738	4.370000
373.056	4.370000
373.056	5.114000
373.411	5.114000
373.411	5.098000
373.764	5.098000
373.764	5.127000
374.118	5.127000
374.118	4.575000
374.471	4.575000
374.471	4.587000
374.824	4.587000
374.824	4.585000
375.177	4.585000
375.177	4.514000
375.494	4.514000
375.494	4.538000
375.81	4.538000
375.81	4.476000
376.125	4.476000
376.125	4.588000
376.442	4.588000
376.442	4.617000
376.76	4.617000
376.76	4.587000
377.077	4.587000
377.077	4.460000
377.429	4.460000
377.429	4.456000
377.781	4.456000
377.781	4.436000
378.13	4.436000
378.13	4.878000
378.482	4.878000
378.482	4.891000
378.834	4.891000
378.834	4.915000
379.186	4.915000
379.186	4.565000
379.504	4.565000
379.504	4.551000
379.821	4.551000
379.821	4.597000
380.139	4.597000
380.139	4.447000
380.492	4.447000
380.492	4.495000
380.844	4.495000
380.844	4.496000
381.195	4.496000
381.195	4.344000
381.548	4.344000
381.548	4.453000
381.901	4.453000
381.901	4.388000
382.252	4.388000
382.252	4.659000
382.605	4.659000
382.605	4.662000
382.958	4.662000
382.958	4.669000
383.311	4.669000
383.311	4.164000
383.628	4.164000
383.628	4.241000
383.944	4.241000
383.944	4.201000
384.261	4.201000
384.261	4.604000
384.576	4.604000
384.576	4.652000
384.892	4.652000
384.892	4.583000
385.21	4.583000
385.21	4.401000
385.561	4.401000
385.561	4.443000
385.913	4.443000
385.913	4.465000
386.265	4.465000
386.265	4.916000
386.583	4.916000
386.583	4.904000
386.901	4.904000
386.901	4.899000
387.218	4.899000
387.218	4.390000
387.536	4.390000
387.536	4.346000
387.853	4.346000
387.853	4.415000
388.171	4.415000
388.171	4.818000
388.522	4.818000
388.522	4.859000
388.873	4.859000
388.873	4.863000
389.225	4.863000
389.225	4.112000
389.578	4.112000
389.578	4.160000
389.93	4.160000
389.93	4.107000
390.282	4.107000
390.282	4.592000
390.599	4.592000
390.599	4.504000
390.916	4.504000
390.916	4.556000
391.232	4.556000
391.232	4.683000
391.584	4.683000
391.584	4.680000
391.936	4.680000
391.936	4.679000
392.285	4.679000
392.285	4.419000
392.603	4.419000
392.603	4.364000
392.921	4.364000
392.921	4.364000
393.238	4.364000
393.238	4.014000
393.555	4.014000
393.555	4.032000
393.872	4.032000
393.872	3.996000
394.19	3.996000
394.19	4.351000
394.54	4.351000
394.54	4.369000
394.893	4.369000
394.893	4.376000
395.241	4.376000
395.241	4.508000
395.559	4.508000
395.559	4.508000
395.876	4.508000
395.876	4.493000
396.192	4.493000
396.192	4.620000
396.545	4.620000
396.545	4.590000
396.897	4.590000
396.897	4.623000
397.249	4.623000
397.249	4.730000
397.604	4.730000
397.604	4.695000
397.956	4.695000
397.956	4.709000
398.312	4.709000
398.312	4.266000
398.629	4.266000
398.629	4.257000
398.944	4.257000
398.944	4.310000
399.262	4.310000
399.262	4.513000
399.579	4.513000
399.579	4.504000
399.897	4.504000
399.897	4.528000
400.216	4.528000
400.216	4.596000
400.567	4.596000
400.567	4.562000
400.92	4.562000
400.92	4.590000
401.269	4.590000
401.269	4.326000
401.587	4.326000
401.587	4.328000
401.906	4.328000
401.906	4.303000
402.225	4.303000
402.225	4.484000
402.578	4.484000
402.578	4.533000
402.931	4.533000
402.931	4.530000
403.283	4.530000
403.283	4.554000
403.597	4.554000
403.597	4.561000
403.915	4.561000
403.915	4.523000
404.23	4.523000
404.23	4.748000
404.583	4.748000
404.583	4.771000
404.935	4.771000
404.935	4.748000
405.287	4.748000
405.287	4.305000
405.604	4.305000
405.604	4.299000
405.921	4.299000
405.921	4.286000
406.238	4.286000
406.238	4.507000
406.591	4.507000
406.591	4.437000
406.944	4.437000
406.944	4.479000
407.294	4.479000
407.294	4.461000
407.611	4.461000
407.611	4.326000
407.926	4.326000
407.926	4.400000
408.242	4.400000
408.242	4.294000
408.56	4.294000
408.56	4.228000
408.878	4.228000
408.878	4.286000
409.195	4.286000
409.195	4.493000
409.547	4.493000
409.547	4.509000
409.899	4.509000
409.899	4.526000
410.251	4.526000
410.251	4.926000
410.568	4.926000
410.568	4.966000
410.886	4.966000
410.886	4.945000
411.204	4.945000
411.204	4.315000
411.521	4.315000
411.521	4.259000
411.837	4.259000
411.837	4.298000
412.155	4.298000
412.155	4.244000
412.508	4.244000
412.508	4.197000
412.86	4.197000
412.86	4.210000
413.213	4.210000
413.213	4.632000
413.531	4.632000
413.531	4.608000
413.848	4.608000
413.848	4.651000
414.165	4.651000
414.165	4.861000
414.518	4.861000
414.518	4.849000
414.87	4.849000
414.87	4.846000
415.219	4.846000
415.219	4.758000
415.572	4.758000
415.572	4.631000
415.926	4.631000
415.926	4.765000
416.279	4.765000
416.279	4.462000
416.632	4.462000
416.632	4.500000
416.985	4.500000
416.985	4.491000
417.337	4.491000
417.337	4.208000
417.689	4.208000
417.689	4.279000
418.042	4.279000
418.042	4.230000
418.395	4.230000
418.395	4.499000
418.747	4.499000
418.747	4.495000
419.1	4.495000
419.1	4.524000
419.453	4.524000
419.453	4.517000
419.77	4.517000
419.77	4.516000
420.086	4.516000
420.086	4.457000
420.404	4.457000
420.404	4.722000
420.721	4.722000
420.721	4.752000
421.036	4.752000
421.036	4.739000
421.353	4.739000
421.353	4.681000
421.704	4.681000
421.704	4.713000
422.057	4.713000
422.057	4.693000
422.409	4.693000
422.409	4.510000
422.727	4.510000
422.727	4.504000
423.045	4.504000
423.045	4.498000
423.363	4.498000
423.363	3.999000
423.679	3.999000
423.679	4.012000
423.995	4.012000
423.995	4.028000
424.313	4.028000
424.313	4.519000
424.666	4.519000
424.666	4.502000
425.018	4.502000
425.018	4.550000
425.37	4.550000
425.37	4.662000
425.688	4.662000
425.688	4.692000
426.006	4.692000
426.006	4.645000
426.323	4.645000
426.323	4.372000
426.676	4.372000
426.676	4.393000
427.029	4.393000
427.029	4.335000
427.381	4.335000
427.381	5.023000
427.697	5.023000
427.697	4.975000
428.014	4.975000
428.014	5.000000
428.331	5.000000
428.331	4.976000
428.685	4.976000
428.685	4.974000
429.037	4.974000
429.037	4.973000
429.39	4.973000
429.39	4.425000
429.708	4.425000
429.708	4.388000
430.024	4.388000
430.024	4.420000
430.341	4.420000
430.341	4.483000
430.692	4.483000
430.692	4.551000
431.044	4.551000
431.044	4.523000
431.396	4.523000
431.396	4.951000
431.713	4.951000
431.713	4.756000
432.031	4.756000
432.031	4.716000
432.348	4.716000
432.348	4.266000
432.666	4.266000
432.666	4.273000
432.982	4.273000
432.982	4.330000
433.299	4.330000
433.299	4.900000
433.652	4.900000
433.652	4.867000
434.005	4.867000
434.005	4.859000
434.357	4.859000
434.357	4.386000
434.634	4.386000
434.634	4.426000
434.91	4.426000
434.91	4.309000
435.186	4.309000
435.186	4.800000
435.504	4.800000
435.504	4.806000
435.821	4.806000
435.821	4.794000
436.139	4.794000
436.139	4.545000
436.492	4.545000
436.492	4.540000
436.846	4.540000
436.846	4.515000
437.197	4.515000
437.197	4.350000
437.491	4.350000
437.491	4.318000
437.784	4.318000
437.784	4.320000
438.078	4.320000
438.078	4.238000
438.395	4.238000
438.395	4.289000
438.712	4.289000
438.712	4.273000
439.03	4.273000
439.03	5.542000
439.382	5.542000
439.382	5.535000
439.735	5.535000
439.735	4.713000
440.052	4.713000
440.052	4.626000
440.366	4.626000
440.366	4.625000
440.683	4.625000
440.683	4.576000
441.0	4.576000
441.0	4.890000
441.317	4.890000
441.317	4.820000
441.634	4.820000
441.634	4.894000
441.987	4.894000
441.987	4.764000
442.338	4.764000
442.338	4.900000
442.69	4.900000
442.69	4.732000
443.042	4.732000
443.042	4.791000
443.393	4.791000
443.393	4.817000
443.746	4.817000
443.746	5.030000
444.064	5.030000
444.064	4.955000
444.382	4.955000
444.382	4.996000
444.699	4.996000
444.699	4.803000
445.019	4.803000
445.019	4.721000
445.338	4.721000
445.338	4.746000
445.658	4.746000
445.658	4.525000
446.011	4.525000
446.011	4.537000
446.362	4.537000
446.362	4.547000
446.715	4.547000
446.715	4.356000
447.033	4.356000
447.033	4.097000
447.349	4.097000
447.349	4.050000
447.666	4.050000
447.666	4.723000
448.017	4.723000
448.017	4.530000
448.369	4.530000
448.369	4.701000
448.72	4.701000
448.72	4.803000
449.038	4.803000
449.038	4.741000
449.356	4.741000
449.356	4.785000
449.674	4.785000
449.674	4.168000
449.992	4.168000
449.992	4.216000
450.309	4.216000
450.309	4.198000
450.627	4.198000
450.627	4.861000
450.979	4.861000
450.979	4.750000
451.332	4.750000
451.332	4.694000
451.683	4.694000
451.683	4.440000
452.0	4.440000
452.0	4.395000
452.315	4.395000
452.315	4.414000
452.632	4.414000
452.632	5.022000
452.985	5.022000
452.985	4.794000
453.337	4.794000
453.337	4.856000
453.69	4.856000
453.69	4.758000
454.039	4.758000
454.039	4.780000
454.391	4.780000
454.391	4.751000
454.742	4.751000
454.742	4.352000
455.095	4.352000
455.095	4.481000
455.447	4.481000
455.447	4.467000
455.8	4.467000
455.8	4.201000
456.118	4.201000
456.118	4.220000
456.435	4.220000
456.435	4.167000
456.753	4.167000
456.753	4.305000
457.106	4.305000
457.106	4.292000
457.459	4.292000
457.459	4.278000
457.807	4.278000
457.807	4.186000
458.124	4.186000
458.124	4.249000
458.442	4.249000
458.442	4.246000
458.76	4.246000
458.76	4.683000
459.112	4.683000
459.112	4.660000
459.465	4.660000
459.465	4.703000
459.817	4.703000
459.817	4.568000
460.17	4.568000
460.17	4.516000
460.523	4.516000
460.523	4.525000
460.874	4.525000
460.874	6.056000
461.292	6.056000
461.292	6.083000
461.71	6.083000
461.71	6.063000
462.128	6.063000
462.128	4.341000
462.446	4.341000
462.446	4.361000
462.763	4.361000
462.763	4.336000
463.081	4.336000
463.081	4.565000
463.435	4.565000
463.435	4.561000
463.788	4.561000
463.788	4.563000
464.141	4.563000
464.141	4.565000
464.493	4.565000
464.493	4.542000
464.845	4.542000
464.845	4.563000
465.197	4.563000
465.197	4.263000
465.549	4.263000
465.549	4.308000
465.9	4.308000
465.9	4.316000
466.252	4.316000
466.252	4.918000
466.599	4.918000
466.599	4.976000
466.952	4.976000
466.952	4.982000
467.303	4.982000
467.303	4.535000
467.62	4.535000
467.62	4.490000
467.937	4.490000
467.937	4.464000
468.255	4.464000
468.255	4.406000
468.607	4.406000
468.607	4.380000
468.958	4.380000
468.958	4.416000
469.309	4.416000
469.309	4.663000
469.662	4.663000
469.662	4.632000
470.015	4.632000
470.015	4.654000
470.369	4.654000
470.369	4.398000
470.687	4.398000
470.687	4.412000
471.005	4.412000
471.005	4.425000
471.321	4.425000
471.321	4.948000
471.673	4.948000
471.673	4.968000
472.026	4.968000
472.026	4.955000
472.378	4.955000
472.378	4.445000
472.73	4.445000
472.73	4.473000
473.083	4.473000
473.083	4.466000
473.435	4.466000
473.435	4.103000
473.752	4.103000
473.752	4.064000
474.07	4.064000
474.07	4.099000
474.387	4.099000
474.387	4.509000
474.704	4.509000
474.704	4.509000
475.022	4.509000
475.022	4.502000
475.339	4.502000
475.339	4.587000
475.691	4.587000
475.691	4.610000
476.041	4.610000
476.041	4.551000
476.394	4.551000
476.394	4.843000
476.747	4.843000
476.747	4.813000
477.1	4.813000
477.1	4.786000
477.451	4.786000
477.451	4.586000
477.769	4.586000
477.769	4.567000
478.086	4.567000
478.086	4.584000
478.403	4.584000
478.403	4.847000
478.756	4.847000
478.756	5.089000
479.109	5.089000
479.109	4.840000
479.462	4.840000
479.462	4.551000
479.78	4.551000
479.78	4.516000
480.097	4.516000
480.097	4.510000
480.415	4.510000
480.415	4.442000
480.768	4.442000
480.768	4.441000
481.12	4.441000
481.12	4.436000
481.471	4.436000
481.471	4.676000
481.823	4.676000
481.823	4.633000
482.175	4.633000
482.175	4.598000
482.528	4.598000
482.528	4.210000
482.846	4.210000
482.846	4.294000
483.164	4.294000
483.164	4.295000
483.482	4.295000
483.482	4.526000
483.834	4.526000
483.834	4.529000
484.187	4.529000
484.187	4.523000
484.539	4.523000
484.539	4.597000
484.891	4.597000
484.891	4.498000
485.243	4.498000
485.243	4.608000
485.596	4.608000
485.596	3.700000
485.913	3.700000
485.913	3.663000
486.23	3.663000
486.23	3.738000
486.547	3.738000
486.547	4.637000
486.9	4.637000
486.9	4.632000
487.25	4.632000
487.25	4.605000
487.601	4.605000
487.601	4.664000
487.953	4.664000
487.953	4.679000
488.306	4.679000
488.306	4.697000
488.657	4.697000
488.657	4.685000
489.01	4.685000
489.01	4.658000
489.362	4.658000
489.362	4.678000
489.712	4.678000
489.712	4.571000
490.029	4.571000
490.029	4.605000
490.347	4.605000
490.347	4.570000
490.663	4.570000
490.663	4.559000
491.014	4.559000
491.014	4.706000
491.367	4.706000
491.367	4.541000
491.718	4.541000
491.718	4.491000
492.07	4.491000
492.07	4.500000
492.422	4.500000
492.422	4.513000
492.774	4.513000
492.774	0.000000
492.774	0.000000
492.774	4.387000
493.09	4.387000
493.09	4.427000
493.408	4.427000
493.408	0.000000
493.408	0.000000
493.408	4.609000
493.76	4.609000
493.76	4.597000
494.111	4.597000
494.111	0.000000
494.111	0.000000
494.111	4.152000
494.429	4.152000
494.429	4.103000
494.747	4.103000
494.747	0.000000
494.747	0.000000
494.747	0.186000
494.849	0.186000
494.849	0.257000
494.951	0.257000
494.951	0.000000
494.951	0.000000
494.951	4.504000
495.303	4.504000
495.303	4.590000
495.656	4.590000
495.656	0.000000
495.656	0.000000
495.656	0.242000
495.758	0.242000
495.758	0.232000
495.86	0.232000
495.86	0.000000
495.86	0.000000
495.86	0.284000
495.962	0.284000
495.962	0.249000
496.064	0.249000
496.064	0.000000
496.064	0.000000
496.064	4.486000
496.417	4.486000
496.417	4.465000
496.77	4.465000
496.77	0.000000
496.77	0.000000
496.77	4.463000
497.085	4.463000
497.085	4.447000
497.403	4.447000
497.403	0.000000
497.403	0.000000
497.403	0.167000
497.505	0.167000
497.505	0.213000
497.607	0.213000
497.607	0.000000
497.607	0.000000
497.607	4.465000
497.96	4.465000
497.96	4.454000
498.311	4.454000
498.311	0.000000
498.311	0.000000
498.311	4.296000
498.628	4.296000
498.628	4.256000
498.946	4.256000
498.946	0.000000
498.946	0.000000
498.946	4.436000
499.261	4.436000
499.261	4.451000
499.578	4.451000
499.578	0.000000
499.578	0.000000
499.578	4.344000
499.932	4.344000
499.932	4.335000
500.285	4.335000
500.285	0.000000
500.285	0.000000
500.285	4.736000
500.602	4.736000
500.602	4.710000
500.919	4.710000
500.919	0.000000
500.919	0.000000
500.919	0.166000
501.021	0.166000
501.021	0.189000
501.123	0.189000
501.123	4.474000
501.475	4.474000
501.475	4.440000
501.828	4.440000
501.828	4.477000
502.18	4.477000
502.18	4.772000
502.496	4.772000
502.496	4.775000
502.814	4.775000
502.814	4.741000
503.131	4.741000
503.131	4.635000
503.483	4.635000
503.483	4.585000
503.836	4.585000
503.836	4.637000
504.188	4.637000
504.188	4.535000
504.541	4.535000
504.541	4.539000
504.895	4.539000
504.895	4.530000
505.246	4.530000
505.246	4.249000
505.564	4.249000
505.564	4.278000
505.881	4.278000
505.881	4.248000
506.199	4.248000
506.199	4.385000
506.517	4.385000
506.517	4.326000
506.835	4.326000
506.835	4.348000
507.151	4.348000
507.151	4.847000
507.466	4.847000
507.466	4.861000
507.784	4.861000
507.784	4.867000
508.1	4.867000
508.1	4.609000
508.453	4.609000
508.453	4.539000
508.804	4.539000
508.804	4.570000
509.156	4.570000
509.156	4.805000
509.509	4.805000
509.509	4.790000
509.861	4.790000
509.861	4.801000
510.213	4.801000
510.213	4.485000
510.563	4.485000
510.563	4.495000
510.912	4.495000
510.912	4.444000
511.261	4.444000
511.261	4.341000
511.579	4.341000
511.579	4.352000
511.897	4.352000
511.897	4.362000
512.215	4.362000
512.215	4.409000
512.532	4.409000
512.532	4.461000
512.85	4.461000
512.85	4.448000
513.168	4.448000
513.168	4.853000
513.519	4.853000
513.519	4.793000
513.871	4.793000
513.871	4.852000
514.222	4.852000
514.222	4.313000
514.537	4.313000
514.537	4.262000
514.853	4.262000
514.853	4.246000
515.171	4.246000
515.171	4.567000
515.523	4.567000
515.523	4.600000
515.876	4.600000
515.876	4.591000
516.229	4.591000
516.229	4.417000
516.547	4.417000
516.547	4.396000
516.865	4.396000
516.865	4.410000
517.183	4.410000
517.183	4.232000
517.499	4.232000
517.499	4.255000
517.815	4.255000
517.815	4.178000
518.131	4.178000
518.131	4.618000
518.449	4.618000
518.449	4.619000
518.767	4.619000
518.767	4.654000
519.085	4.654000
519.085	4.724000
519.436	4.724000
519.436	4.777000
519.788	4.777000
519.788	4.752000
520.141	4.752000
520.141	4.592000
520.459	4.592000
520.459	4.634000
520.775	4.634000
520.775	4.605000
521.092	4.605000
521.092	4.466000
521.445	4.466000
521.445	4.421000
521.795	4.421000
521.795	4.485000
522.146	4.485000
522.146	4.891000
522.497	4.891000
522.497	4.896000
522.848	4.896000
522.848	4.874000
523.198	4.874000
523.198	4.001000
523.516	4.001000
523.516	3.981000
523.833	3.981000
523.833	3.972000
524.15	3.972000
524.15	4.555000
524.503	4.555000
524.503	4.546000
524.854	4.546000
524.854	4.570000
525.206	4.570000
525.206	4.820000
525.558	4.820000
525.558	4.909000
525.91	4.909000
525.91	4.805000
526.259	4.805000
526.259	4.891000
526.611	4.891000
526.611	4.913000
526.963	4.913000
526.963	4.943000
527.315	4.943000
527.315	4.699000
527.632	4.699000
527.632	4.701000
527.95	4.701000
527.95	4.707000
528.268	4.707000
528.268	4.422000
528.621	4.422000
528.621	4.393000
528.973	4.393000
528.973	4.395000
529.325	4.395000
529.325	4.528000
529.643	4.528000
529.643	4.523000
529.961	4.523000
529.961	4.486000
530.279	4.486000
530.279	4.366000
530.597	4.366000
530.597	4.438000
530.914	4.438000
530.914	4.386000
531.232	4.386000
531.232	4.664000
531.582	4.664000
531.582	4.670000
531.933	4.670000
531.933	4.714000
532.285	4.714000
532.285	4.691000
532.638	4.691000
532.638	4.667000
532.99	4.667000
532.99	4.705000
533.343	4.705000
533.343	4.552000
533.66	4.552000
533.66	4.569000
533.978	4.569000
533.978	4.547000
534.296	4.547000
534.296	4.717000
534.648	4.717000
534.648	4.719000
535.0	4.719000
535.0	4.682000
535.35	4.682000
535.35	4.809000
535.703	4.809000
535.703	4.797000
536.052	4.797000
536.052	4.816000
536.405	4.816000
536.405	4.296000
536.723	4.296000
536.723	4.239000
537.04	4.239000
537.04	4.268000
537.357	4.268000
537.357	4.434000
537.711	4.434000
537.711	4.444000
538.065	4.444000
538.065	4.427000
538.419	4.427000
538.419	4.461000
538.737	4.461000
538.737	4.470000
539.05	4.470000
539.05	4.416000
539.368	4.416000
539.368	4.571000
539.721	4.571000
539.721	4.531000
540.07	4.531000
540.07	4.553000
540.422	4.553000
540.422	4.633000
540.774	4.633000
540.774	4.642000
541.125	4.642000
541.125	4.650000
541.477	4.650000
541.477	4.340000
541.795	4.340000
541.795	4.345000
542.111	4.345000
542.111	4.312000
542.429	4.312000
542.429	4.690000
542.746	4.690000
542.746	4.661000
543.064	4.661000
543.064	4.666000
543.382	4.666000
543.382	4.487000
543.698	4.487000
543.698	4.467000
544.011	4.467000
544.011	4.473000
544.328	4.473000
544.328	3.891000
544.643	3.891000
544.643	3.855000
544.96	3.855000
544.96	3.921000
545.277	3.921000
545.277	4.519000
545.594	4.519000
545.594	4.466000
545.911	4.466000
545.911	4.455000
546.228	4.455000
546.228	4.858000
546.581	4.858000
546.581	4.851000
546.933	4.851000
546.933	4.832000
547.284	4.832000
547.284	4.788000
547.6	4.788000
547.6	4.812000
547.917	4.812000
547.917	4.759000
548.232	4.759000
548.232	4.431000
548.549	4.431000
548.549	4.527000
548.867	4.527000
548.867	4.501000
549.185	4.501000
