0.0	9.493000
0.331	9.493000
0.331	9.318000
0.657	9.318000
0.657	9.498000
0.982	9.498000
0.982	9.376000
1.308	9.376000
1.308	9.844000
1.608	9.844000
1.608	9.777000
1.908	9.777000
1.908	9.816000
2.208	9.816000
2.208	9.924000
2.509	9.924000
2.509	9.800000
2.81	9.800000
2.81	9.856000
3.111	9.856000
3.111	9.923000
3.412	9.923000
3.412	9.345000
3.716	9.345000
3.716	9.456000
4.02	9.456000
4.02	9.087000
4.323	9.087000
4.323	9.482000
4.622	9.482000
4.622	9.650000
4.922	9.650000
4.922	9.517000
5.222	9.517000
5.222	9.492000
5.523	9.492000
5.523	9.568000
5.824	9.568000
5.824	9.688000
6.125	9.688000
6.125	9.119000
6.419	9.119000
6.419	8.997000
6.713	8.997000
6.713	8.910000
7.007	8.910000
7.007	9.957000
7.308	9.957000
7.308	9.764000
7.639	9.764000
7.639	9.967000
7.968	9.967000
7.968	9.911000
8.299	9.911000
8.299	9.935000
8.601	9.935000
8.601	9.423000
8.9	9.423000
8.9	9.696000
9.2	9.696000
9.2	9.600000
9.501	9.600000
9.501	9.740000
9.805	9.740000
9.805	9.791000
10.109	9.791000
10.109	9.902000
10.413	9.902000
10.413	9.454000
10.719	9.454000
10.719	9.609000
11.024	9.609000
11.024	9.579000
11.33	9.579000
11.33	9.957000
11.633	9.957000
11.633	9.290000
11.934	9.290000
11.934	8.994000
12.234	8.994000
12.234	9.236000
12.534	9.236000
12.534	9.916000
12.835	9.916000
12.835	9.860000
13.136	9.860000
13.136	9.927000
13.437	9.927000
13.437	9.028000
13.742	9.028000
13.742	8.865000
14.047	8.865000
14.047	8.918000
14.352	8.918000
14.352	8.488000
14.654	8.488000
14.654	8.436000
14.956	8.436000
14.956	8.548000
15.258	8.548000
15.258	9.959000
15.558	9.959000
15.558	9.601000
15.86	9.601000
15.86	9.787000
16.162	9.787000
16.162	9.712000
16.464	9.712000
16.464	8.861000
16.76	8.861000
16.76	8.748000
17.056	8.748000
17.056	8.543000
17.352	8.543000
17.352	9.667000
17.651	9.667000
17.651	9.578000
17.95	9.578000
17.95	9.822000
18.248	9.822000
18.248	9.673000
18.546	9.673000
18.546	9.896000
18.844	9.896000
18.844	9.879000
19.142	9.879000
19.142	9.135000
19.442	9.135000
19.442	9.029000
19.742	9.029000
19.742	9.204000
20.042	9.204000
20.042	9.810000
20.342	9.810000
20.342	9.768000
20.642	9.768000
20.642	9.852000
20.942	9.852000
20.942	9.341000
21.243	9.341000
21.243	9.270000
21.544	9.270000
21.544	8.863000
21.845	8.863000
21.845	9.570000
22.147	9.570000
22.147	9.610000
22.449	9.610000
22.449	9.529000
22.751	9.529000
22.751	9.322000
23.06	9.322000
23.06	9.332000
23.369	9.332000
23.369	9.419000
23.678	9.419000
23.678	9.232000
24.004	9.232000
24.004	8.959000
24.331	8.959000
24.331	8.988000
24.658	8.988000
24.658	9.380000
24.957	9.380000
24.957	9.477000
25.256	9.477000
25.256	9.338000
25.555	9.338000
25.555	9.637000
25.853	9.637000
25.853	9.507000
26.151	9.507000
26.151	9.437000
26.449	9.437000
26.449	9.728000
26.75	9.728000
26.75	9.804000
27.05	9.804000
27.05	9.683000
27.35	9.683000
27.35	9.728000
27.65	9.728000
27.65	9.788000
27.95	9.788000
27.95	9.607000
28.25	9.607000
28.25	9.214000
28.55	9.214000
28.55	9.340000
28.85	9.340000
28.85	9.066000
29.15	9.066000
29.15	8.705000
29.455	8.705000
29.455	8.823000
29.76	8.823000
29.76	8.938000
30.064	8.938000
30.064	9.995000
30.363	9.995000
30.363	9.220000
30.664	9.220000
30.664	9.378000
30.966	9.378000
30.966	9.231000
31.268	9.231000
31.268	8.452000
31.565	8.452000
31.565	8.577000
31.862	8.577000
31.862	8.596000
32.159	8.596000
32.159	9.741000
32.46	9.741000
32.46	9.885000
32.76	9.885000
32.76	9.970000
33.06	9.970000
33.06	9.355000
33.29	9.355000
33.29	9.454000
33.52	9.454000
33.52	9.288000
33.75	9.288000
33.75	9.603000
34.051	9.603000
34.051	9.365000
34.352	9.365000
34.352	9.549000
34.653	9.549000
34.653	9.288000
34.975	9.288000
34.975	9.432000
35.296	9.432000
35.296	9.568000
35.617	9.568000
35.617	8.792000
35.912	8.792000
35.912	9.241000
36.207	9.241000
36.207	8.928000
36.502	8.928000
36.502	9.661000
36.801	9.661000
36.801	9.992000
37.1	9.992000
37.1	9.426000
37.426	9.426000
37.426	9.656000
37.753	9.656000
37.753	9.408000
38.08	9.408000
38.08	0.942000
38.514	0.942000
38.514	0.972000
38.95	0.972000
38.95	0.967000
39.39	0.967000
39.39	0.971000
39.72	0.971000
39.72	0.951000
40.05	0.951000
40.05	0.974000
40.382	0.974000
40.382	0.921000
40.802	0.921000
40.802	0.967000
41.223	0.967000
41.223	0.995000
41.65	0.995000
41.65	0.970000
42.011	0.970000
42.011	0.937000
42.381	0.937000
42.381	0.984000
42.749	0.984000
42.749	0.969000
43.094	0.969000
43.094	1.000000
43.435	1.000000
43.435	0.997000
43.775	0.997000
43.775	0.932000
44.192	0.932000
44.192	0.911000
44.616	0.911000
44.616	0.915000
45.041	0.915000
45.041	1.024000
45.477	1.024000
45.477	1.019000
45.913	1.019000
45.913	1.019000
46.352	1.019000
46.352	0.937000
46.861	0.937000
46.861	0.961000
47.374	0.961000
47.374	0.942000
47.891	0.942000
47.891	1.002000
48.371	1.002000
48.371	1.001000
48.841	1.001000
48.841	0.975000
49.317	0.975000
49.317	1.009000
49.654	1.009000
49.654	1.004000
49.996	1.004000
49.996	0.995000
50.336	0.995000
50.336	0.939000
50.768	0.939000
50.768	0.937000
51.201	0.937000
51.201	0.919000
51.645	0.919000
51.645	7.326000
51.998	7.326000
51.998	7.140000
52.351	7.140000
52.351	7.045000
52.704	7.045000
52.704	7.196000
52.996	7.196000
52.996	7.281000
53.289	7.281000
53.289	7.095000
53.582	7.095000
53.582	6.954000
53.899	6.954000
53.899	7.106000
54.216	7.106000
54.216	6.750000
54.533	6.750000
54.533	6.895000
54.847	6.895000
54.847	6.758000
55.161	6.758000
55.161	6.842000
55.475	6.842000
55.475	7.107000
55.774	7.107000
55.774	7.549000
56.073	7.549000
56.073	7.149000
56.372	7.149000
56.372	6.983000
56.682	6.983000
56.682	6.696000
56.992	6.696000
56.992	6.744000
57.302	6.744000
57.302	7.265000
57.656	7.265000
57.656	6.946000
58.009	6.946000
58.009	7.075000
58.363	7.075000
58.363	7.359000
58.684	7.359000
58.684	7.271000
59.005	7.271000
59.005	7.500000
59.326	7.500000
59.326	6.560000
59.643	6.560000
59.643	6.643000
59.96	6.643000
59.96	6.333000
60.277	6.333000
60.277	7.308000
60.597	7.308000
60.597	6.963000
60.917	6.963000
60.917	7.117000
61.237	7.117000
61.237	7.184000
61.547	7.184000
61.547	7.377000
61.857	7.377000
61.857	6.961000
62.166	6.961000
62.166	6.651000
62.52	6.651000
62.52	6.805000
62.873	6.805000
62.873	6.778000
63.227	6.778000
63.227	7.153000
63.57	7.153000
63.57	6.912000
63.912	6.912000
63.912	7.039000
64.255	7.039000
64.255	7.086000
64.578	7.086000
64.578	6.977000
64.901	6.977000
64.901	6.931000
65.224	6.931000
65.224	7.301000
65.579	7.301000
65.579	7.268000
65.934	7.268000
65.934	7.110000
66.289	7.110000
66.289	7.192000
66.631	7.192000
66.631	6.927000
66.972	6.927000
66.972	6.870000
67.314	6.870000
67.314	7.532000
67.657	7.532000
67.657	7.464000
68.0	7.464000
68.0	7.032000
68.343	7.032000
68.343	7.070000
68.691	7.070000
68.691	7.064000
69.039	7.064000
69.039	6.824000
69.387	6.824000
69.387	7.190000
69.74	7.190000
69.74	7.084000
70.093	7.084000
70.093	7.177000
70.446	7.177000
70.446	7.556000
70.735	7.556000
70.735	7.532000
71.024	7.532000
71.024	7.061000
71.313	7.061000
71.313	7.098000
71.655	7.098000
71.655	7.087000
71.997	7.087000
71.997	6.607000
72.339	6.607000
72.339	7.227000
72.666	7.227000
72.666	6.705000
72.993	6.705000
72.993	7.007000
73.32	7.007000
73.32	6.774000
73.674	6.774000
73.674	6.857000
74.028	6.857000
74.028	6.737000
74.382	6.737000
74.382	7.136000
74.719	7.136000
74.719	7.174000
75.056	7.174000
75.056	7.243000
75.393	7.243000
75.393	6.766000
75.686	6.766000
75.686	6.907000
75.979	6.907000
75.979	6.403000
76.272	6.403000
76.272	6.674000
76.625	6.674000
76.625	6.656000
76.978	6.656000
76.978	6.703000
77.331	6.703000
77.331	7.248000
77.663	7.248000
77.663	7.237000
77.995	7.237000
77.995	7.015000
78.327	7.015000
78.327	6.071000
78.681	6.071000
78.681	6.322000
79.035	6.322000
79.035	6.200000
79.389	6.200000
79.389	6.808000
79.738	6.808000
79.738	6.689000
80.087	6.689000
80.087	7.257000
80.436	7.257000
80.436	7.281000
80.771	7.281000
80.771	7.042000
81.106	7.042000
81.106	7.060000
81.44	7.060000
81.44	6.942000
81.795	6.942000
81.795	7.151000
82.15	7.151000
82.15	6.735000
82.505	6.735000
