0.0	0.000000
0.0	0.000000
0.0	5.685000
0.318	5.685000
0.318	5.442000
0.636	5.442000
0.636	0.000000
0.636	0.000000
0.636	1.407000
0.738	1.407000
0.738	1.522000
0.84	1.522000
0.84	0.000000
0.84	0.000000
0.84	9.993000
1.157	9.993000
1.157	9.834000
1.474	9.834000
1.474	0.000000
1.474	0.000000
1.474	0.000000
1.474	0.000000
1.474	1.652000
1.576	1.652000
1.576	1.402000
1.678	1.402000
1.678	0.000000
1.678	0.000000
1.678	6.532000
1.995	6.532000
1.995	5.980000
2.312	5.980000
2.312	0.000000
2.312	0.000000
2.312	5.970000
2.665	5.970000
2.665	5.846000
3.018	5.846000
3.018	0.000000
3.018	0.000000
3.018	1.031000
3.119	1.031000
3.119	0.948000
3.22	0.948000
3.22	0.000000
3.22	0.000000
3.22	5.885000
3.573	5.885000
3.573	5.762000
3.926	5.762000
3.926	0.000000
3.926	0.000000
3.926	0.000000
3.926	0.000000
3.926	2.171000
4.028	2.171000
4.028	1.650000
4.13	1.650000
4.13	0.000000
4.13	0.000000
4.13	5.288000
4.446	5.288000
4.446	5.161000
4.763	5.161000
4.763	0.000000
4.763	0.000000
4.763	5.670000
5.116	5.670000
5.116	5.776000
5.469	5.776000
5.469	0.000000
5.469	0.000000
5.469	1.763000
5.571	1.763000
5.571	1.171000
5.673	1.171000
5.673	0.000000
5.673	0.000000
5.673	6.187000
5.99	6.187000
5.99	6.279000
6.307	6.279000
6.307	0.000000
6.307	0.000000
6.307	6.115000
6.66	6.115000
6.66	5.720000
7.013	5.720000
7.013	0.000000
7.013	0.000000
7.013	1.910000
7.115	1.910000
7.115	1.936000
7.217	1.936000
7.217	0.000000
7.217	0.000000
7.217	0.000000
7.217	0.000000
7.217	6.847000
7.569	6.847000
7.569	6.293000
7.921	6.293000
7.921	0.000000
7.921	0.000000
7.921	1.075000
8.023	1.075000
8.023	1.114000
8.125	1.114000
8.125	0.000000
8.125	0.000000
8.125	5.564000
8.443	5.564000
8.443	5.342000
8.761	5.342000
8.761	0.000000
8.761	0.000000
8.761	5.959000
9.079	5.959000
9.079	5.668000
9.397	5.668000
9.397	0.000000
9.397	0.000000
9.397	2.597000
9.498	2.597000
9.498	2.802000
9.599	2.802000
9.599	0.000000
9.599	0.000000
9.599	5.404000
9.94	5.404000
9.94	5.027000
10.281	5.027000
10.281	0.000000
10.281	0.000000
10.281	6.813000
10.599	6.813000
10.599	6.549000
10.917	6.549000
10.917	0.000000
10.917	0.000000
10.917	1.538000
11.019	1.538000
11.019	1.410000
11.121	1.410000
11.121	0.000000
11.121	0.000000
11.121	5.051000
11.473	5.051000
11.473	4.835000
11.826	4.835000
11.826	0.000000
11.826	0.000000
11.826	0.000000
11.826	0.000000
11.826	0.989000
11.927	0.989000
11.927	1.029000
12.028	1.029000
12.028	0.000000
12.028	0.000000
12.028	6.586000
12.328	6.586000
12.328	6.129000
12.628	6.129000
12.628	0.000000
12.628	0.000000
12.628	6.528000
12.945	6.528000
12.945	6.334000
13.262	6.334000
13.262	0.000000
13.262	0.000000
13.262	1.219000
13.364	1.219000
13.364	1.356000
13.466	1.356000
13.466	0.000000
13.466	0.000000
13.466	6.090000
13.783	6.090000
13.783	6.047000
14.1	6.047000
14.1	0.000000
14.1	0.000000
14.1	5.494000
14.452	5.494000
14.452	5.360000
14.804	5.360000
14.804	0.000000
14.804	0.000000
14.804	1.099000
14.905	1.099000
14.905	0.966000
15.006	0.966000
15.006	0.000000
15.006	0.000000
15.006	6.066000
15.322	6.066000
15.322	5.932000
15.638	5.932000
15.638	0.000000
15.638	0.000000
15.638	4.893000
15.955	4.893000
15.955	4.735000
16.273	4.735000
16.273	0.000000
16.273	0.000000
16.273	1.675000
16.375	1.675000
16.375	1.419000
16.477	1.419000
16.477	0.000000
16.477	0.000000
16.477	5.887000
16.83	5.887000
16.83	5.966000
17.183	5.966000
17.183	0.000000
17.183	0.000000
17.183	6.059000
17.499	6.059000
17.499	5.918000
17.816	5.918000
17.816	0.000000
17.816	0.000000
17.816	3.934000
17.918	3.934000
17.918	3.985000
18.02	3.985000
18.02	0.000000
18.02	0.000000
18.02	0.000000
18.02	0.000000
18.02	6.428000
18.338	6.428000
18.338	6.435000
18.656	6.435000
18.656	0.000000
18.656	0.000000
18.656	1.011000
18.757	1.011000
18.757	1.066000
18.858	1.066000
18.858	0.000000
18.858	0.000000
18.858	6.246000
19.176	6.246000
19.176	6.050000
19.494	6.050000
19.494	0.000000
19.494	0.000000
19.494	0.000000
19.494	0.000000
19.494	1.708000
19.596	1.708000
19.596	1.623000
19.698	1.623000
19.698	0.000000
19.698	0.000000
19.698	8.254000
20.051	8.254000
20.051	8.279000
20.404	8.279000
20.404	0.000000
20.404	0.000000
20.404	5.590000
20.757	5.590000
20.757	5.396000
21.11	5.396000
21.11	0.000000
21.11	0.000000
21.11	1.598000
21.212	1.598000
21.212	1.361000
21.314	1.361000
21.314	0.000000
21.314	0.000000
21.314	5.854000
21.667	5.854000
21.667	5.686000
22.02	5.686000
22.02	0.000000
22.02	0.000000
22.02	7.054000
22.373	7.054000
22.373	7.088000
22.726	7.088000
22.726	0.000000
22.726	0.000000
22.726	1.236000
22.827	1.236000
22.827	1.197000
22.928	1.197000
22.928	0.000000
22.928	0.000000
22.928	6.493000
23.245	6.493000
23.245	6.359000
23.562	6.359000
23.562	0.000000
23.562	0.000000
23.562	5.601000
23.915	5.601000
23.915	5.585000
24.268	5.585000
24.268	0.000000
24.268	0.000000
24.268	6.039000
24.369	6.039000
24.369	6.046000
24.47	6.046000
24.47	0.000000
24.47	0.000000
24.47	6.301000
24.787	6.301000
24.787	6.420000
25.104	6.420000
25.104	0.000000
25.104	0.000000
25.104	0.000000
25.104	0.000000
25.104	2.766000
25.206	2.766000
25.206	2.814000
25.308	2.814000
25.308	0.000000
25.308	0.000000
25.308	5.578000
25.624	5.578000
25.624	5.511000
25.94	5.511000
25.94	0.000000
25.94	0.000000
25.94	5.840000
26.293	5.840000
26.293	5.789000
26.646	5.789000
26.646	0.000000
26.646	0.000000
26.646	0.947000
26.748	0.947000
26.748	0.921000
26.85	0.921000
26.85	0.000000
26.85	0.000000
26.85	6.164000
27.202	6.164000
27.202	5.963000
27.555	5.963000
27.555	0.000000
27.555	0.000000
27.555	6.664000
27.819	6.664000
27.819	6.152000
28.084	6.152000
28.084	0.000000
28.084	0.000000
28.084	1.847000
28.186	1.847000
28.186	1.773000
28.288	1.773000
28.288	0.000000
28.288	0.000000
28.288	5.030000
28.64	5.030000
28.64	5.340000
28.992	5.340000
28.992	0.000000
28.992	0.000000
28.992	0.000000
28.992	0.000000
28.992	1.257000
29.094	1.257000
29.094	1.205000
29.196	1.205000
29.196	0.000000
29.196	0.000000
29.196	6.326000
29.548	6.326000
29.548	6.066000
29.901	6.066000
29.901	0.000000
29.901	0.000000
29.901	6.263000
30.219	6.263000
30.219	6.326000
30.537	6.326000
30.537	0.000000
30.537	0.000000
30.537	1.221000
30.639	1.221000
30.639	1.238000
30.741	1.238000
30.741	0.000000
30.741	0.000000
30.741	6.205000
31.057	6.205000
31.057	5.987000
31.374	5.987000
31.374	0.000000
31.374	0.000000
31.374	5.535000
31.727	5.535000
31.727	5.351000
32.08	5.351000
32.08	0.000000
32.08	0.000000
32.08	3.589000
32.182	3.589000
32.182	3.604000
32.284	3.604000
32.284	0.000000
32.284	0.000000
32.284	6.308000
32.6	6.308000
32.6	6.298000
32.916	6.298000
32.916	0.000000
32.916	0.000000
32.916	5.909000
33.268	5.909000
33.268	5.183000
33.62	5.183000
33.62	0.000000
33.62	0.000000
33.62	3.838000
33.722	3.838000
33.722	3.879000
33.824	3.879000
33.824	0.000000
33.824	0.000000
33.824	0.000000
33.824	0.000000
33.824	5.847000
34.14	5.847000
34.14	5.904000
34.456	5.904000
34.456	0.000000
34.456	0.000000
34.456	1.238000
34.557	1.238000
34.557	1.349000
34.658	1.349000
34.658	0.000000
34.658	0.000000
34.658	0.000000
34.658	0.000000
34.658	0.000000
34.658	0.000000
34.658	1.159000
34.759	1.159000
34.759	1.187000
34.86	1.187000
34.86	0.000000
34.86	0.000000
34.86	0.000000
34.86	0.000000
34.86	4.554000
35.177	4.554000
35.177	4.515000
35.494	4.515000
35.494	0.000000
35.494	0.000000
35.494	1.312000
35.596	1.312000
35.596	1.312000
35.698	1.312000
35.698	0.000000
35.698	0.000000
35.698	0.000000
35.698	0.000000
35.698	7.150000
36.016	7.150000
36.016	6.689000
36.334	6.689000
36.334	0.000000
36.334	0.000000
36.334	1.088000
36.435	1.088000
36.435	1.064000
36.536	1.064000
36.536	0.000000
36.536	0.000000
36.536	0.000000
36.536	0.000000
36.536	0.000000
36.536	0.000000
36.536	1.244000
36.638	1.244000
36.638	1.233000
36.74	1.233000
36.74	0.000000
36.74	0.000000
36.74	5.633000
37.093	5.633000
37.093	5.587000
37.446	5.587000
37.446	0.000000
37.446	0.000000
37.446	5.195000
37.763	5.195000
37.763	5.504000
38.08	5.504000
38.08	0.000000
38.08	0.000000
38.08	1.141000
38.182	1.141000
38.182	1.254000
38.284	1.254000
38.284	0.000000
38.284	0.000000
38.284	5.934000
38.636	5.934000
38.636	5.789000
38.989	5.789000
38.989	0.000000
38.989	0.000000
38.989	0.000000
38.989	0.000000
38.989	0.875000
39.09	0.875000
39.09	1.012000
39.191	1.012000
39.191	0.000000
39.191	0.000000
39.191	5.922000
39.544	5.922000
39.544	5.604000
39.897	5.604000
39.897	0.000000
39.897	0.000000
39.897	5.937000
40.215	5.937000
40.215	6.039000
40.533	6.039000
40.533	0.000000
40.533	0.000000
40.533	1.274000
40.635	1.274000
40.635	1.278000
40.737	1.278000
40.737	0.000000
40.737	0.000000
40.737	6.003000
41.053	6.003000
41.053	6.145000
41.37	6.145000
41.37	0.000000
41.37	0.000000
41.37	0.000000
41.37	0.000000
41.37	1.366000
41.472	1.366000
41.472	1.334000
41.574	1.334000
41.574	0.000000
41.574	0.000000
41.574	5.596000
41.927	5.596000
41.927	5.705000
42.28	5.705000
42.28	0.000000
42.28	0.000000
42.28	0.000000
42.28	0.000000
42.28	1.256000
42.382	1.256000
42.382	1.211000
42.484	1.211000
42.484	0.000000
42.484	0.000000
42.484	5.678000
42.802	5.678000
42.802	5.946000
43.12	5.946000
43.12	0.000000
43.12	0.000000
43.12	6.382000
43.472	6.382000
43.472	6.080000
43.825	6.080000
43.825	0.000000
43.825	0.000000
43.825	4.841000
43.927	4.841000
43.927	4.884000
44.029	4.884000
44.029	0.000000
44.029	0.000000
44.029	0.000000
44.029	0.000000
44.029	6.443000
44.346	6.443000
44.346	5.614000
44.663	5.614000
44.663	0.000000
44.663	0.000000
44.663	1.460000
44.765	1.460000
44.765	1.423000
44.867	1.423000
44.867	0.000000
44.867	0.000000
44.867	5.890000
45.183	5.890000
45.183	5.718000
45.5	5.718000
45.5	0.000000
45.5	0.000000
45.5	0.000000
45.5	0.000000
45.5	1.006000
45.602	1.006000
45.602	0.989000
45.704	0.989000
45.704	0.000000
45.704	0.000000
45.704	0.000000
45.704	0.000000
45.704	6.143000
46.021	6.143000
46.021	5.792000
46.338	5.792000
46.338	0.000000
46.338	0.000000
46.338	1.243000
46.44	1.243000
46.44	1.280000
46.542	1.280000
46.542	0.000000
46.542	0.000000
46.542	5.744000
46.894	5.744000
46.894	5.508000
47.247	5.508000
47.247	0.000000
47.247	0.000000
47.247	6.198000
47.564	6.198000
47.564	6.107000
47.881	6.107000
47.881	0.000000
47.881	0.000000
47.881	1.072000
47.983	1.072000
47.983	1.125000
48.085	1.125000
48.085	0.000000
48.085	0.000000
48.085	0.000000
48.085	0.000000
48.085	6.088000
48.401	6.088000
48.401	6.154000
48.718	6.154000
48.718	0.000000
48.718	0.000000
48.718	1.247000
48.82	1.247000
48.82	1.279000
48.922	1.279000
48.922	0.000000
48.922	0.000000
48.922	5.387000
49.275	5.387000
49.275	5.475000
49.628	5.475000
49.628	0.000000
49.628	0.000000
49.628	6.131000
49.981	6.131000
49.981	6.273000
50.334	6.273000
50.334	0.000000
50.334	0.000000
50.334	1.315000
50.436	1.315000
50.436	1.395000
50.538	1.395000
50.538	0.000000
50.538	0.000000
50.538	0.000000
50.538	0.000000
50.538	0.000000
50.538	0.000000
50.538	1.547000
50.64	1.547000
50.64	1.439000
50.742	1.439000
50.742	0.000000
50.742	0.000000
50.742	0.000000
50.742	0.000000
50.742	0.000000
50.742	0.000000
50.742	1.231000
50.844	1.231000
50.844	1.188000
50.946	1.188000
50.946	0.000000
50.946	0.000000
50.946	6.061000
51.262	6.061000
51.262	6.038000
51.578	6.038000
51.578	0.000000
51.578	0.000000
51.578	5.898000
51.93	5.898000
51.93	6.068000
52.282	6.068000
52.282	0.000000
52.282	0.000000
52.282	1.137000
52.384	1.137000
52.384	1.012000
52.486	1.012000
52.486	0.000000
52.486	0.000000
52.486	5.481000
52.804	5.481000
52.804	5.360000
53.122	5.360000
53.122	0.000000
53.122	0.000000
53.122	8.538000
53.475	8.538000
53.475	9.064000
53.828	9.064000
53.828	0.000000
53.828	0.000000
53.828	1.146000
53.93	1.146000
53.93	1.088000
54.032	1.088000
54.032	0.000000
54.032	0.000000
54.032	0.000000
54.032	0.000000
54.032	5.887000
54.385	5.887000
54.385	5.784000
54.738	5.784000
54.738	0.000000
54.738	0.000000
54.738	1.213000
54.839	1.213000
54.839	1.415000
54.94	1.415000
54.94	0.000000
54.94	0.000000
54.94	5.961000
55.258	5.961000
55.258	6.040000
55.576	6.040000
55.576	0.000000
55.576	0.000000
55.576	0.000000
55.576	0.000000
55.576	1.046000
55.677	1.046000
55.677	1.133000
55.778	1.133000
55.778	0.000000
55.778	0.000000
55.778	6.330000
56.095	6.330000
56.095	6.484000
56.412	6.484000
56.412	0.000000
56.412	0.000000
56.412	7.180000
56.764	7.180000
56.764	5.661000
57.117	5.661000
57.117	0.000000
57.117	0.000000
57.117	1.106000
57.218	1.106000
57.218	1.053000
57.319	1.053000
57.319	0.000000
57.319	0.000000
57.319	5.638000
57.671	5.638000
57.671	5.513000
58.023	5.513000
58.023	0.000000
58.023	0.000000
58.023	5.459000
58.34	5.459000
58.34	5.349000
58.658	5.349000
58.658	0.000000
58.658	0.000000
58.658	0.950000
58.76	0.950000
58.76	0.857000
58.862	0.857000
58.862	0.000000
58.862	0.000000
58.862	5.655000
59.214	5.655000
59.214	5.532000
59.566	5.532000
59.566	0.000000
59.566	0.000000
59.566	5.867000
59.884	5.867000
59.884	6.010000
60.202	6.010000
60.202	0.000000
60.202	0.000000
60.202	1.034000
60.304	1.034000
60.304	0.995000
60.406	0.995000
60.406	0.000000
60.406	0.000000
60.406	6.926000
60.723	6.926000
60.723	7.078000
61.04	7.078000
61.04	0.000000
61.04	0.000000
61.04	6.153000
61.357	6.153000
61.357	6.072000
61.675	6.072000
61.675	0.000000
61.675	0.000000
61.675	1.403000
61.777	1.403000
61.777	1.779000
61.879	1.779000
61.879	0.000000
61.879	0.000000
61.879	6.366000
62.197	6.366000
62.197	6.231000
62.515	6.231000
62.515	0.000000
62.515	0.000000
62.515	6.692000
62.867	6.692000
62.867	6.429000
63.22	6.429000
63.22	0.000000
63.22	0.000000
63.22	1.069000
63.322	1.069000
63.322	1.044000
63.424	1.044000
63.424	0.000000
63.424	0.000000
63.424	0.000000
63.424	0.000000
63.424	6.857000
63.742	6.857000
63.742	6.667000
64.06	6.667000
64.06	0.000000
64.06	0.000000
64.06	1.203000
64.162	1.203000
64.162	1.207000
64.264	1.207000
64.264	0.000000
64.264	0.000000
64.264	5.983000
64.616	5.983000
64.616	6.214000
64.968	6.214000
64.968	0.000000
64.968	0.000000
64.968	5.703000
65.285	5.703000
65.285	5.722000
65.602	5.722000
65.602	0.000000
65.602	0.000000
65.602	1.283000
65.704	1.283000
65.704	1.365000
65.806	1.365000
65.806	0.000000
65.806	0.000000
65.806	0.000000
65.806	0.000000
65.806	6.074000
66.158	6.074000
66.158	6.057000
66.51	6.057000
66.51	0.000000
66.51	0.000000
66.51	0.955000
66.612	0.955000
66.612	1.023000
66.714	1.023000
66.714	0.000000
66.714	0.000000
66.714	0.000000
66.714	0.000000
66.714	0.000000
66.714	0.000000
66.714	1.251000
66.816	1.251000
66.816	1.352000
66.918	1.352000
66.918	0.000000
66.918	0.000000
66.918	5.236000
67.271	5.236000
67.271	5.317000
67.624	5.317000
67.624	0.000000
67.624	0.000000
67.624	9.046000
67.976	9.046000
67.976	8.877000
68.329	8.877000
68.329	0.000000
68.329	0.000000
68.329	1.646000
68.431	1.646000
68.431	1.492000
68.533	1.492000
68.533	0.000000
68.533	0.000000
68.533	0.000000
68.533	0.000000
68.533	5.507000
68.85	5.507000
68.85	5.535000
69.167	5.535000
69.167	0.000000
69.167	0.000000
69.167	1.460000
69.269	1.460000
69.269	1.330000
69.371	1.330000
69.371	0.000000
69.371	0.000000
69.371	5.580000
69.689	5.580000
69.689	5.923000
70.007	5.923000
70.007	0.000000
70.007	0.000000
70.007	7.661000
70.324	7.661000
70.324	7.480000
70.642	7.480000
70.642	0.000000
70.642	0.000000
70.642	1.031000
70.743	1.031000
70.743	1.093000
70.844	1.093000
70.844	0.000000
70.844	0.000000
70.844	6.212000
71.161	6.212000
71.161	6.378000
71.478	6.378000
71.478	0.000000
71.478	0.000000
71.478	6.438000
71.831	6.438000
71.831	6.573000
72.184	6.573000
72.184	0.000000
72.184	0.000000
72.184	1.471000
72.286	1.471000
72.286	1.424000
72.388	1.424000
72.388	0.000000
72.388	0.000000
72.388	0.000000
72.388	0.000000
72.388	0.000000
72.388	0.000000
72.388	1.244000
72.49	1.244000
72.49	1.497000
72.592	1.497000
72.592	0.000000
72.592	0.000000
72.592	0.000000
72.592	0.000000
72.592	0.000000
72.592	0.000000
72.592	1.176000
72.695	1.176000
72.695	1.180000
72.798	1.180000
72.798	0.000000
72.798	0.000000
72.798	0.000000
72.798	0.000000
72.798	6.113000
73.151	6.113000
73.151	5.519000
73.504	5.519000
73.504	0.000000
73.504	0.000000
73.504	1.408000
73.605	1.408000
73.605	1.589000
73.706	1.589000
73.706	0.000000
73.706	0.000000
73.706	5.660000
74.059	5.660000
74.059	5.314000
74.412	5.314000
74.412	0.000000
74.412	0.000000
74.412	0.000000
74.412	0.000000
74.412	1.203000
74.514	1.203000
74.514	1.257000
74.616	1.257000
74.616	0.000000
74.616	0.000000
74.616	5.878000
74.934	5.878000
74.934	5.916000
75.252	5.916000
75.252	0.000000
75.252	0.000000
75.252	6.071000
75.605	6.071000
75.605	5.957000
75.958	5.957000
75.958	0.000000
75.958	0.000000
75.958	1.041000
76.06	1.041000
76.06	1.119000
76.162	1.119000
76.162	0.000000
76.162	0.000000
76.162	6.123000
76.48	6.123000
76.48	6.356000
76.798	6.356000
76.798	0.000000
76.798	0.000000
76.798	6.459000
77.115	6.459000
77.115	6.259000
77.432	6.259000
77.432	0.000000
77.432	0.000000
77.432	1.231000
77.534	1.231000
77.534	1.327000
77.636	1.327000
77.636	0.000000
77.636	0.000000
77.636	6.110000
77.989	6.110000
77.989	5.795000
78.342	5.795000
78.342	0.000000
78.342	0.000000
78.342	0.000000
78.342	0.000000
78.342	1.135000
78.443	1.135000
78.443	1.084000
78.544	1.084000
78.544	0.000000
78.544	0.000000
78.544	0.000000
78.544	0.000000
78.544	0.000000
78.544	0.000000
78.544	0.995000
78.645	0.995000
78.645	0.980000
78.746	0.980000
78.746	0.000000
78.746	0.000000
78.746	8.949000
79.062	8.949000
79.062	8.727000
79.377	8.727000
79.377	0.000000
79.377	0.000000
79.377	5.852000
79.694	5.852000
79.694	5.857000
80.012	5.857000
80.012	0.000000
80.012	0.000000
80.012	1.278000
80.113	1.278000
80.113	1.147000
80.214	1.147000
80.214	0.000000
80.214	0.000000
80.214	5.359000
80.565	5.359000
80.565	5.613000
80.916	5.613000
80.916	0.000000
80.916	0.000000
80.916	0.000000
80.916	0.000000
80.916	1.697000
81.018	1.697000
81.018	1.670000
81.12	1.670000
81.12	0.000000
81.12	0.000000
81.12	0.000000
81.12	0.000000
81.12	5.821000
81.473	5.821000
81.473	5.317000
81.826	5.317000
81.826	0.000000
81.826	0.000000
81.826	2.860000
81.928	2.860000
81.928	2.868000
82.03	2.868000
82.03	0.000000
82.03	0.000000
82.03	0.000000
82.03	0.000000
82.03	8.544000
82.383	8.544000
82.383	7.269000
82.736	7.269000
82.736	0.000000
82.736	0.000000
82.736	1.011000
82.837	1.011000
82.837	1.052000
82.938	1.052000
82.938	0.000000
82.938	0.000000
82.938	0.000000
82.938	0.000000
82.938	5.400000
83.291	5.400000
83.291	5.365000
83.644	5.365000
83.644	0.000000
83.644	0.000000
83.644	1.196000
83.745	1.196000
83.745	1.153000
83.846	1.153000
83.846	0.000000
83.846	0.000000
83.846	0.000000
83.846	0.000000
83.846	6.537000
84.137	6.537000
84.137	6.243000
84.455	6.243000
84.455	0.000000
84.455	0.000000
84.455	1.292000
84.556	1.292000
84.556	1.270000
84.657	1.270000
84.657	0.000000
84.657	0.000000
84.657	6.072000
85.008	6.072000
85.008	6.084000
85.359	6.084000
85.359	0.000000
85.359	0.000000
85.359	6.008000
85.711	6.008000
85.711	5.611000
86.063	5.611000
86.063	0.000000
86.063	0.000000
86.063	1.359000
86.165	1.359000
86.165	1.309000
86.267	1.309000
86.267	0.000000
86.267	0.000000
86.267	6.010000
86.619	6.010000
86.619	6.451000
86.97	6.451000
86.97	0.000000
86.97	0.000000
86.97	8.500000
87.322	8.500000
87.322	8.499000
87.674	8.499000
87.674	0.000000
87.674	0.000000
87.674	1.087000
87.776	1.087000
87.776	1.186000
87.878	1.186000
87.878	0.000000
87.878	0.000000
87.878	9.976000
88.23	9.976000
88.23	9.928000
88.583	9.928000
88.583	0.000000
88.583	0.000000
88.583	0.000000
88.583	0.000000
88.583	1.188000
88.685	1.188000
88.685	1.134000
88.787	1.134000
88.787	0.000000
88.787	0.000000
88.787	5.395000
89.138	5.395000
89.138	5.461000
89.49	5.461000
89.49	0.000000
89.49	0.000000
89.49	6.224000
89.844	6.224000
89.844	5.635000
90.198	5.635000
90.198	0.000000
90.198	0.000000
90.198	1.774000
90.3	1.774000
90.3	1.867000
90.402	1.867000
90.402	0.000000
90.402	0.000000
90.402	5.237000
90.755	5.237000
90.755	5.198000
91.108	5.198000
91.108	0.000000
91.108	0.000000
91.108	6.076000
91.425	6.076000
91.425	6.332000
91.742	6.332000
91.742	0.000000
91.742	0.000000
91.742	1.259000
91.844	1.259000
91.844	1.212000
91.946	1.212000
91.946	0.000000
91.946	0.000000
91.946	0.000000
91.946	0.000000
91.946	0.000000
91.946	0.000000
91.946	1.254000
92.048	1.254000
92.048	1.210000
92.15	1.210000
92.15	0.000000
92.15	0.000000
92.15	0.000000
92.15	0.000000
92.15	5.797000
92.467	5.797000
92.467	5.747000
92.785	5.747000
92.785	0.000000
92.785	0.000000
92.785	1.179000
92.886	1.179000
92.886	1.159000
92.987	1.159000
92.987	0.000000
92.987	0.000000
92.987	6.053000
93.339	6.053000
93.339	5.523000
93.692	5.523000
93.692	0.000000
93.692	0.000000
93.692	5.435000
94.044	5.435000
94.044	5.480000
94.396	5.480000
94.396	0.000000
94.396	0.000000
94.396	1.151000
94.498	1.151000
94.498	1.089000
94.6	1.089000
94.6	0.000000
94.6	0.000000
94.6	0.000000
94.6	0.000000
94.6	6.415000
94.916	6.415000
94.916	6.619000
95.232	6.619000
95.232	0.000000
95.232	0.000000
95.232	1.067000
95.334	1.067000
95.334	1.097000
95.436	1.097000
95.436	0.000000
95.436	0.000000
95.436	7.356000
95.752	7.356000
95.752	7.194000
96.069	7.194000
96.069	0.000000
96.069	0.000000
96.069	6.034000
96.387	6.034000
96.387	5.811000
96.705	5.811000
96.705	0.000000
96.705	0.000000
96.705	2.978000
96.807	2.978000
96.807	2.815000
96.909	2.815000
96.909	0.000000
96.909	0.000000
96.909	0.000000
96.909	0.000000
96.909	0.000000
96.909	0.000000
96.909	1.121000
97.011	1.121000
97.011	1.148000
97.113	1.148000
97.113	0.000000
97.113	0.000000
97.113	5.673000
97.464	5.673000
97.464	5.598000
97.815	5.598000
97.815	0.000000
97.815	0.000000
97.815	5.846000
98.132	5.846000
98.132	6.213000
98.449	6.213000
98.449	0.000000
98.449	0.000000
98.449	1.539000
98.55	1.539000
98.55	1.577000
98.651	1.577000
98.651	0.000000
98.651	0.000000
98.651	0.000000
98.651	0.000000
98.651	6.744000
99.004	6.744000
99.004	6.731000
99.357	6.731000
99.357	0.000000
99.357	0.000000
99.357	1.285000
99.459	1.285000
99.459	1.292000
99.561	1.292000
99.561	0.000000
99.561	0.000000
99.561	0.000000
99.561	0.000000
99.561	7.124000
99.914	7.124000
99.914	6.940000
100.267	6.940000
100.267	0.000000
100.267	0.000000
100.267	1.424000
100.369	1.424000
100.369	1.291000
100.471	1.291000
100.471	0.000000
100.471	0.000000
100.471	0.000000
100.471	0.000000
100.471	8.501000
100.824	8.501000
100.824	8.369000
101.177	8.369000
101.177	0.000000
101.177	0.000000
101.177	1.259000
101.279	1.259000
101.279	1.142000
101.381	1.142000
101.381	0.000000
101.381	0.000000
101.381	0.000000
101.381	0.000000
101.381	0.000000
101.381	0.000000
101.381	1.083000
101.483	1.083000
101.483	1.186000
101.585	1.186000
101.585	0.000000
101.585	0.000000
101.585	6.149000
101.903	6.149000
101.903	6.180000
102.221	6.180000
102.221	0.000000
102.221	0.000000
102.221	0.000000
102.221	0.000000
102.221	0.976000
102.323	0.976000
102.323	1.004000
102.425	1.004000
102.425	0.000000
102.425	0.000000
102.425	6.051000
102.743	6.051000
102.743	6.397000
103.061	6.397000
103.061	0.000000
103.061	0.000000
103.061	0.000000
103.061	0.000000
103.061	0.826000
103.163	0.826000
103.163	0.933000
103.265	0.933000
103.265	0.000000
103.265	0.000000
103.265	0.000000
103.265	0.000000
103.265	6.138000
103.617	6.138000
103.617	5.966000
103.969	5.966000
103.969	0.000000
103.969	0.000000
103.969	1.459000
104.071	1.459000
104.071	1.195000
104.173	1.195000
104.173	0.000000
104.173	0.000000
104.173	6.125000
104.491	6.125000
104.491	5.954000
104.809	5.954000
104.809	0.000000
104.809	0.000000
104.809	6.139000
105.127	6.139000
105.127	6.151000
105.445	6.151000
105.445	0.000000
105.445	0.000000
105.445	1.303000
105.547	1.303000
105.547	1.330000
105.649	1.330000
105.649	0.000000
105.649	0.000000
105.649	6.584000
105.966	6.584000
105.966	6.263000
106.283	6.263000
106.283	0.000000
106.283	0.000000
106.283	0.000000
106.283	0.000000
106.283	1.471000
106.385	1.471000
106.385	1.472000
106.487	1.472000
106.487	0.000000
106.487	0.000000
106.487	6.044000
106.839	6.044000
106.839	5.803000
107.191	5.803000
107.191	0.000000
107.191	0.000000
107.191	5.227000
107.509	5.227000
107.509	5.399000
107.826	5.399000
107.826	0.000000
107.826	0.000000
107.826	3.051000
107.928	3.051000
107.928	3.060000
108.03	3.060000
108.03	0.000000
108.03	0.000000
108.03	0.000000
108.03	0.000000
108.03	0.000000
108.03	0.000000
108.03	0.947000
108.132	0.947000
108.132	0.952000
108.234	0.952000
108.234	0.000000
108.234	0.000000
108.234	5.621000
108.586	5.621000
108.586	5.450000
108.939	5.450000
108.939	0.000000
108.939	0.000000
108.939	6.209000
109.29	6.209000
109.29	5.785000
109.643	5.785000
109.643	0.000000
109.643	0.000000
109.643	0.980000
109.745	0.980000
109.745	1.084000
109.847	1.084000
109.847	0.000000
109.847	0.000000
109.847	0.000000
109.847	0.000000
109.847	7.701000
110.163	7.701000
110.163	7.673000
110.48	7.673000
110.48	0.000000
110.48	0.000000
110.48	1.375000
110.582	1.375000
110.582	1.088000
110.684	1.088000
110.684	0.000000
110.684	0.000000
110.684	0.000000
110.684	0.000000
110.684	0.000000
110.684	0.000000
110.684	1.056000
110.786	1.056000
110.786	1.056000
110.888	1.056000
110.888	0.000000
110.888	0.000000
110.888	6.038000
111.241	6.038000
111.241	5.402000
111.594	5.402000
111.594	0.000000
111.594	0.000000
111.594	5.396000
111.946	5.396000
111.946	5.370000
112.298	5.370000
112.298	0.000000
112.298	0.000000
112.298	1.334000
112.4	1.334000
112.4	1.351000
112.502	1.351000
112.502	0.000000
112.502	0.000000
112.502	0.000000
112.502	0.000000
112.502	5.202000
112.854	5.202000
112.854	4.967000
113.207	4.967000
113.207	0.000000
113.207	0.000000
113.207	1.263000
113.309	1.263000
113.309	1.307000
113.411	1.307000
113.411	0.000000
113.411	0.000000
113.411	6.114000
113.728	6.114000
113.728	5.951000
114.046	5.951000
114.046	0.000000
114.046	0.000000
114.046	0.000000
114.046	0.000000
114.046	1.182000
114.147	1.182000
114.147	1.204000
114.248	1.204000
114.248	0.000000
114.248	0.000000
114.248	0.000000
114.248	0.000000
114.248	6.334000
114.6	6.334000
114.6	6.261000
114.952	6.261000
114.952	0.000000
114.952	0.000000
114.952	1.268000
115.054	1.268000
115.054	1.087000
115.156	1.087000
115.156	0.000000
115.156	0.000000
115.156	5.839000
115.507	5.839000
115.507	5.808000
115.858	5.808000
115.858	0.000000
115.858	0.000000
115.858	0.000000
115.858	0.000000
115.858	1.374000
115.959	1.374000
115.959	1.285000
116.06	1.285000
116.06	0.000000
116.06	0.000000
116.06	5.430000
116.376	5.430000
116.376	5.562000
116.693	5.562000
116.693	0.000000
116.693	0.000000
116.693	0.000000
116.693	0.000000
116.693	1.195000
116.795	1.195000
116.795	1.171000
116.897	1.171000
116.897	0.000000
116.897	0.000000
116.897	8.533000
117.215	8.533000
117.215	8.195000
117.533	8.195000
117.533	0.000000
117.533	0.000000
117.533	0.000000
117.533	0.000000
117.533	2.725000
117.635	2.725000
117.635	2.741000
117.737	2.741000
117.737	0.000000
117.737	0.000000
117.737	5.888000
118.088	5.888000
118.088	5.779000
118.438	5.779000
118.438	0.000000
118.438	0.000000
118.438	5.525000
118.791	5.525000
118.791	5.236000
119.142	5.236000
119.142	0.000000
119.142	0.000000
119.142	1.044000
119.244	1.044000
119.244	1.130000
119.346	1.130000
119.346	0.000000
119.346	0.000000
119.346	6.129000
119.663	6.129000
119.663	6.085000
119.981	6.085000
119.981	0.000000
119.981	0.000000
119.981	6.216000
120.298	6.216000
120.298	5.849000
120.615	5.849000
120.615	0.000000
120.615	0.000000
120.615	1.263000
120.716	1.263000
120.716	1.326000
120.817	1.326000
120.817	0.000000
120.817	0.000000
120.817	6.619000
121.133	6.619000
121.133	6.815000
121.45	6.815000
121.45	0.000000
121.45	0.000000
121.45	0.000000
121.45	0.000000
121.45	1.066000
121.551	1.066000
121.551	0.975000
121.652	0.975000
121.652	0.000000
121.652	0.000000
121.652	5.757000
122.004	5.757000
122.004	5.903000
122.356	5.903000
122.356	0.000000
122.356	0.000000
122.356	5.810000
122.673	5.810000
122.673	5.706000
122.99	5.706000
122.99	0.000000
122.99	0.000000
122.99	1.143000
123.092	1.143000
123.092	1.183000
123.194	1.183000
123.194	0.000000
123.194	0.000000
123.194	5.266000
123.546	5.266000
123.546	4.984000
123.898	4.984000
123.898	0.000000
123.898	0.000000
123.898	6.224000
124.251	6.224000
124.251	5.950000
124.603	5.950000
124.603	0.000000
124.603	0.000000
124.603	1.432000
124.705	1.432000
124.705	1.400000
124.807	1.400000
124.807	0.000000
124.807	0.000000
124.807	0.000000
124.807	0.000000
124.807	0.000000
124.807	0.000000
124.807	1.419000
124.908	1.419000
124.908	1.377000
125.009	1.377000
125.009	0.000000
125.009	0.000000
125.009	5.852000
125.361	5.852000
125.361	5.345000
125.713	5.345000
125.713	0.000000
125.713	0.000000
125.713	9.007000
126.031	9.007000
126.031	9.050000
126.349	9.050000
126.349	0.000000
126.349	0.000000
126.349	2.571000
126.451	2.571000
126.451	2.651000
126.553	2.651000
126.553	0.000000
126.553	0.000000
126.553	5.406000
126.817	5.406000
126.817	0.000000
126.817	0.000000
126.817	5.734000
127.134	5.734000
127.134	5.962000
127.451	5.962000
127.451	0.000000
127.451	0.000000
127.451	0.946000
127.553	0.946000
127.553	1.027000
127.655	1.027000
127.655	0.000000
127.655	0.000000
127.655	0.000000
127.655	0.000000
127.655	6.594000
127.972	6.594000
127.972	6.416000
128.289	6.416000
128.289	0.000000
128.289	0.000000
128.289	1.017000
128.391	1.017000
128.391	0.924000
128.493	0.924000
128.493	0.000000
128.493	0.000000
128.493	5.361000
128.846	5.361000
128.846	5.282000
129.199	5.282000
129.199	0.000000
129.199	0.000000
129.199	6.174000
129.551	6.174000
129.551	5.926000
129.904	5.926000
129.904	0.000000
129.904	0.000000
129.904	1.127000
130.006	1.127000
130.006	1.057000
130.108	1.057000
130.108	0.000000
130.108	0.000000
130.108	5.819000
130.425	5.819000
130.425	5.441000
130.742	5.441000
130.742	0.000000
130.742	0.000000
130.742	7.380000
131.092	7.380000
131.092	7.687000
131.443	7.687000
131.443	0.000000
131.443	0.000000
131.443	1.248000
131.545	1.248000
131.545	1.184000
131.647	1.184000
131.647	0.000000
131.647	0.000000
131.647	5.354000
132.0	5.354000
132.0	5.198000
132.353	5.198000
132.353	0.000000
132.353	0.000000
132.353	5.666000
132.704	5.666000
132.704	5.644000
133.054	5.644000
133.054	0.000000
133.054	0.000000
133.054	4.615000
133.156	4.615000
133.156	4.407000
133.258	4.407000
133.258	0.000000
133.258	0.000000
133.258	6.126000
133.608	6.126000
133.608	6.319000
133.961	6.319000
133.961	0.000000
133.961	0.000000
133.961	0.000000
133.961	0.000000
133.961	1.135000
134.063	1.135000
134.063	1.168000
134.165	1.168000
134.165	0.000000
134.165	0.000000
134.165	5.755000
134.516	5.755000
134.516	5.410000
134.869	5.410000
134.869	0.000000
134.869	0.000000
134.869	5.690000
135.222	5.690000
135.222	5.424000
135.575	5.424000
135.575	0.000000
135.575	0.000000
135.575	1.304000
135.677	1.304000
135.677	1.305000
135.779	1.305000
135.779	0.000000
135.779	0.000000
135.779	5.845000
136.097	5.845000
136.097	5.854000
136.415	5.854000
136.415	0.000000
136.415	0.000000
136.415	0.000000
136.415	0.000000
136.415	1.089000
136.516	1.089000
136.516	1.113000
136.617	1.113000
136.617	0.000000
136.617	0.000000
136.617	7.663000
136.935	7.663000
136.935	7.336000
137.253	7.336000
137.253	0.000000
137.253	0.000000
137.253	6.157000
137.606	6.157000
137.606	5.834000
137.959	5.834000
137.959	0.000000
137.959	0.000000
137.959	1.448000
138.061	1.448000
138.061	1.389000
138.163	1.389000
138.163	0.000000
138.163	0.000000
138.163	0.000000
138.163	0.000000
138.163	0.000000
138.163	0.000000
138.163	1.257000
138.264	1.257000
138.264	1.139000
138.365	1.139000
138.365	0.000000
138.365	0.000000
138.365	0.000000
138.365	0.000000
138.365	0.000000
138.365	0.000000
138.365	1.133000
138.466	1.133000
138.466	1.228000
138.567	1.228000
138.567	0.000000
138.567	0.000000
138.567	0.000000
138.567	0.000000
138.567	0.000000
138.567	0.000000
138.567	1.709000
138.668	1.709000
138.668	1.626000
138.769	1.626000
138.769	0.000000
138.769	0.000000
138.769	5.809000
139.12	5.809000
139.12	5.561000
139.471	5.561000
139.471	0.000000
139.471	0.000000
139.471	6.086000
139.824	6.086000
139.824	5.798000
140.177	5.798000
140.177	0.000000
140.177	0.000000
140.177	1.004000
140.278	1.004000
140.278	0.875000
140.379	0.875000
140.379	0.000000
140.379	0.000000
140.379	5.725000
140.696	5.725000
140.696	5.368000
141.014	5.368000
141.014	0.000000
141.014	0.000000
141.014	0.000000
141.014	0.000000
141.014	1.412000
141.116	1.412000
141.116	1.420000
141.218	1.420000
141.218	0.000000
141.218	0.000000
141.218	0.000000
141.218	0.000000
141.218	5.996000
141.535	5.996000
141.535	5.566000
141.852	5.566000
141.852	0.000000
141.852	0.000000
141.852	1.049000
141.953	1.049000
141.953	1.057000
142.054	1.057000
142.054	0.000000
142.054	0.000000
142.054	5.659000
142.407	5.659000
142.407	5.736000
142.759	5.736000
142.759	0.000000
142.759	0.000000
142.759	0.000000
142.759	0.000000
142.759	1.915000
142.859	1.915000
142.859	1.879000
142.959	1.879000
142.959	0.000000
142.959	0.000000
142.959	0.000000
142.959	0.000000
142.959	5.193000
143.315	5.193000
143.315	5.064000
143.671	5.064000
143.671	0.000000
143.671	0.000000
143.671	1.105000
143.773	1.105000
143.773	1.150000
143.875	1.150000
143.875	0.000000
143.875	0.000000
143.875	0.000000
143.875	0.000000
143.875	5.296000
144.224	5.296000
144.224	4.912000
144.574	4.912000
144.574	0.000000
144.574	0.000000
144.574	1.093000
144.676	1.093000
144.676	1.234000
144.778	1.234000
144.778	0.000000
144.778	0.000000
144.778	0.000000
144.778	0.000000
144.778	6.628000
145.131	6.628000
145.131	6.514000
145.484	6.514000
145.484	0.000000
145.484	0.000000
145.484	0.996000
145.585	0.996000
145.585	0.999000
145.686	0.999000
145.686	0.000000
145.686	0.000000
145.686	0.000000
145.686	0.000000
145.686	0.000000
145.686	0.000000
145.686	1.117000
145.788	1.117000
145.788	1.031000
145.89	1.031000
145.89	0.000000
145.89	0.000000
145.89	6.055000
146.192	6.055000
146.192	6.305000
146.492	6.305000
146.492	0.000000
146.492	0.000000
146.492	5.975000
146.81	5.975000
146.81	6.067000
147.126	6.067000
147.126	0.000000
147.126	0.000000
147.126	1.212000
147.228	1.212000
147.228	1.256000
147.33	1.256000
147.33	0.000000
147.33	0.000000
147.33	0.000000
147.33	0.000000
147.33	5.141000
147.682	5.141000
147.682	5.224000
148.034	5.224000
148.034	0.000000
148.034	0.000000
148.034	1.477000
148.136	1.477000
148.136	1.186000
148.238	1.186000
148.238	0.000000
148.238	0.000000
148.238	5.714000
148.591	5.714000
148.591	5.746000
148.944	5.746000
148.944	0.000000
148.944	0.000000
148.944	5.635000
149.296	5.635000
149.296	5.613000
149.648	5.613000
149.648	0.000000
149.648	0.000000
149.648	1.298000
149.749	1.298000
149.749	1.354000
149.85	1.354000
149.85	0.000000
149.85	0.000000
149.85	0.000000
149.85	0.000000
149.85	5.824000
150.166	5.824000
150.166	5.866000
150.482	5.866000
150.482	0.000000
150.482	0.000000
150.482	1.557000
150.584	1.557000
150.584	1.504000
150.686	1.504000
150.686	0.000000
150.686	0.000000
150.686	0.000000
150.686	0.000000
150.686	5.673000
151.002	5.673000
151.002	5.938000
151.319	5.938000
151.319	0.000000
151.319	0.000000
151.319	1.972000
151.421	1.972000
151.421	0.923000
151.523	0.923000
151.523	0.000000
151.523	0.000000
151.523	0.000000
151.523	0.000000
151.523	0.000000
151.523	0.000000
151.523	1.299000
151.624	1.299000
151.624	1.397000
151.725	1.397000
151.725	0.000000
151.725	0.000000
151.725	5.127000
152.077	5.127000
152.077	5.140000
152.429	5.140000
152.429	0.000000
152.429	0.000000
152.429	6.027000
152.781	6.027000
152.781	6.122000
153.133	6.122000
153.133	0.000000
153.133	0.000000
153.133	1.272000
153.235	1.272000
153.235	1.277000
153.337	1.277000
153.337	0.000000
153.337	0.000000
153.337	5.642000
153.689	5.642000
153.689	5.541000
154.04	5.541000
154.04	0.000000
154.04	0.000000
154.04	5.976000
154.389	5.976000
154.389	5.817000
154.738	5.817000
154.738	0.000000
154.738	0.000000
154.738	0.870000
154.839	0.870000
154.839	0.832000
154.94	0.832000
154.94	0.000000
154.94	0.000000
154.94	6.302000
155.257	6.302000
155.257	6.396000
155.574	6.396000
155.574	0.000000
155.574	0.000000
155.574	7.181000
155.927	7.181000
155.927	7.030000
156.28	7.030000
156.28	0.000000
156.28	0.000000
156.28	2.982000
156.382	2.982000
156.382	3.034000
156.484	3.034000
156.484	0.000000
156.484	0.000000
156.484	5.579000
156.802	5.579000
156.802	5.531000
157.12	5.531000
157.12	0.000000
157.12	0.000000
157.12	6.404000
157.471	6.404000
157.471	6.134000
157.823	6.134000
157.823	0.000000
157.823	0.000000
157.823	1.454000
157.925	1.454000
157.925	1.186000
158.027	1.186000
158.027	0.000000
158.027	0.000000
158.027	0.000000
158.027	0.000000
158.027	5.998000
158.343	5.998000
158.343	5.542000
158.66	5.542000
158.66	0.000000
158.66	0.000000
158.66	1.181000
158.761	1.181000
158.761	1.298000
158.862	1.298000
158.862	0.000000
158.862	0.000000
158.862	0.000000
158.862	0.000000
158.862	5.818000
159.18	5.818000
159.18	5.308000
159.498	5.308000
159.498	6.353000
159.815	6.353000
159.815	5.955000
160.132	5.955000
160.132	6.068000
160.448	6.068000
160.448	6.149000
160.765	6.149000
160.765	5.976000
161.115	5.976000
161.115	5.635000
161.467	5.635000
161.467	6.255000
161.819	6.255000
161.819	6.184000
162.172	6.184000
162.172	5.663000
162.525	5.663000
162.525	5.567000
162.878	5.567000
162.878	5.853000
163.231	5.853000
163.231	5.663000
163.584	5.663000
163.584	6.098000
163.936	6.098000
163.936	5.856000
164.288	5.856000
164.288	5.557000
164.639	5.557000
164.639	5.384000
164.992	5.384000
164.992	6.970000
165.334	6.970000
165.334	6.655000
165.676	6.655000
165.676	5.417000
166.029	5.417000
166.029	4.976000
166.382	4.976000
166.382	5.492000
166.734	5.492000
166.734	5.320000
167.086	5.320000
167.086	4.157000
167.402	4.157000
167.402	4.006000
167.72	4.006000
167.72	5.248000
168.072	5.248000
168.072	5.163000
168.425	5.163000
168.425	5.185000
168.726	5.185000
168.726	5.001000
169.027	5.001000
169.027	5.585000
169.38	5.585000
169.38	5.465000
169.733	5.465000
169.733	7.958000
170.086	7.958000
170.086	7.700000
170.439	7.700000
170.439	4.397000
170.753	4.397000
170.753	4.428000
171.071	4.428000
171.071	5.510000
171.424	5.510000
171.424	5.661000
171.777	5.661000
171.777	5.281000
172.129	5.281000
172.129	5.148000
172.481	5.148000
172.481	5.439000
172.832	5.439000
172.832	5.107000
173.184	5.107000
173.184	4.299000
173.5	4.299000
173.5	4.287000
173.818	4.287000
173.818	4.500000
174.135	4.500000
174.135	4.712000
174.451	4.712000
174.451	9.677000
174.769	9.677000
174.769	9.714000
175.087	9.714000
175.087	5.150000
175.405	5.150000
175.405	5.020000
175.723	5.020000
175.723	5.034000
176.041	5.034000
176.041	4.927000
176.359	4.927000
176.359	5.354000
176.712	5.354000
176.712	5.243000
177.065	5.243000
177.065	4.695000
177.382	4.695000
177.382	4.628000
177.699	4.628000
177.699	5.883000
178.015	5.883000
178.015	6.056000
178.332	6.056000
178.332	4.576000
178.646	4.576000
178.646	4.582000
178.963	4.582000
178.963	4.330000
179.281	4.330000
179.281	4.413000
179.599	4.413000
179.599	4.576000
179.917	4.576000
179.917	4.833000
180.233	4.833000
180.233	5.772000
180.583	5.772000
180.583	5.797000
180.933	5.797000
180.933	5.204000
181.286	5.204000
181.286	5.146000
181.639	5.146000
181.639	4.940000
181.992	4.940000
181.992	4.975000
182.345	4.975000
182.345	5.747000
182.661	5.747000
182.661	5.807000
182.977	5.807000
182.977	5.856000
183.33	5.856000
183.33	5.654000
183.683	5.654000
183.683	4.683000
183.999	4.683000
183.999	4.779000
184.317	4.779000
184.317	4.370000
184.634	4.370000
184.634	4.426000
184.952	4.426000
184.952	6.446000
185.27	6.446000
185.27	6.439000
185.586	6.439000
185.586	4.394000
185.904	4.394000
185.904	4.418000
186.222	4.418000
186.222	4.309000
186.539	4.309000
186.539	4.507000
186.857	4.507000
186.857	5.441000
187.208	5.441000
187.208	5.423000
187.56	5.423000
187.56	4.279000
187.877	4.279000
187.877	4.625000
188.194	4.625000
