0.0	0.000000
0.0	0.000000
0.0	2.720000
0.102	2.720000
0.102	2.912000
0.204	2.912000
0.204	0.000000
0.204	0.000000
0.204	7.172000
0.556	7.172000
0.556	7.007000
0.909	7.007000
0.909	0.000000
0.909	0.000000
0.909	8.162000
1.261	8.162000
1.261	7.998000
1.613	7.998000
1.613	0.000000
1.613	0.000000
1.613	3.339000
1.715	3.339000
1.715	3.353000
1.817	3.353000
1.817	0.000000
1.817	0.000000
1.817	9.675000
2.135	9.675000
2.135	9.636000
2.453	9.636000
2.453	0.000000
2.453	0.000000
2.453	6.708000
2.769	6.708000
2.769	6.591000
3.087	6.591000
3.087	0.000000
3.087	0.000000
3.087	2.353000
3.189	2.353000
3.189	2.323000
3.291	2.323000
3.291	0.000000
3.291	0.000000
3.291	7.692000
3.609	7.692000
3.609	7.635000
3.927	7.635000
3.927	0.000000
3.927	0.000000
3.927	6.106000
4.243	6.106000
4.243	6.125000
4.56	6.125000
4.56	0.000000
4.56	0.000000
4.56	1.888000
4.661	1.888000
4.661	2.011000
4.762	2.011000
4.762	0.000000
4.762	0.000000
4.762	0.000000
4.762	0.000000
4.762	6.378000
5.077	6.378000
5.077	6.167000
5.394	6.167000
5.394	0.000000
5.394	0.000000
5.394	3.031000
5.496	3.031000
5.496	3.148000
5.598	3.148000
5.598	0.000000
5.598	0.000000
5.598	6.904000
5.916	6.904000
5.916	6.767000
6.234	6.767000
6.234	0.000000
6.234	0.000000
6.234	7.728000
6.553	7.728000
6.553	7.967000
6.872	7.967000
6.872	0.000000
6.872	0.000000
6.872	2.432000
6.974	2.432000
6.974	2.467000
7.076	2.467000
7.076	0.000000
7.076	0.000000
7.076	7.523000
7.393	7.523000
7.393	7.355000
7.711	7.355000
7.711	0.000000
7.711	0.000000
7.711	0.000000
7.711	0.000000
7.711	2.204000
7.813	2.204000
7.813	2.298000
7.915	2.298000
7.915	0.000000
7.915	0.000000
7.915	7.813000
8.233	7.813000
8.233	7.840000
8.551	7.840000
8.551	0.000000
8.551	0.000000
8.551	0.000000
8.551	0.000000
8.551	0.000000
8.551	0.000000
8.551	7.215000
8.866	7.215000
8.866	6.953000
9.184	6.953000
9.184	0.000000
9.184	0.000000
9.184	0.000000
9.184	0.000000
9.184	1.995000
9.285	1.995000
9.285	1.896000
9.386	1.896000
9.386	0.000000
9.386	0.000000
9.386	6.747000
9.739	6.747000
9.739	6.874000
10.091	6.874000
10.091	0.000000
10.091	0.000000
10.091	7.295000
10.409	7.295000
10.409	7.045000
10.726	7.045000
10.726	0.000000
10.726	0.000000
10.726	1.315000
10.828	1.315000
10.828	1.226000
10.93	1.226000
10.93	0.000000
10.93	0.000000
10.93	7.323000
11.248	7.323000
11.248	7.335000
11.566	7.335000
11.566	0.000000
11.566	0.000000
11.566	6.043000
11.882	6.043000
11.882	6.181000
12.199	6.181000
12.199	0.000000
12.199	0.000000
12.199	2.602000
12.3	2.602000
12.3	2.606000
12.401	2.606000
12.401	0.000000
12.401	0.000000
12.401	0.000000
12.401	0.000000
12.401	0.000000
12.401	0.000000
12.401	2.348000
12.503	2.348000
12.503	2.253000
12.605	2.253000
12.605	0.000000
12.605	0.000000
12.605	0.000000
12.605	0.000000
12.605	6.553000
12.922	6.553000
12.922	6.403000
13.24	6.403000
13.24	0.000000
13.24	0.000000
13.24	3.155000
13.342	3.155000
13.342	3.212000
13.444	3.212000
13.444	0.000000
13.444	0.000000
13.444	0.000000
13.444	0.000000
13.444	9.011000
13.762	9.011000
13.762	9.217000
14.08	9.217000
14.08	0.000000
14.08	0.000000
14.08	3.329000
14.181	3.329000
14.181	3.296000
14.282	3.296000
14.282	0.000000
14.282	0.000000
14.282	9.288000
14.599	9.288000
14.599	9.344000
14.917	9.344000
14.917	0.000000
14.917	0.000000
14.917	9.844000
15.232	9.844000
15.232	9.554000
15.55	9.554000
15.55	0.000000
15.55	0.000000
15.55	2.174000
15.652	2.174000
15.652	2.043000
15.754	2.043000
15.754	0.000000
15.754	0.000000
15.754	6.800000
16.072	6.800000
16.072	6.874000
16.39	6.874000
16.39	0.000000
16.39	0.000000
16.39	8.062000
16.708	8.062000
16.708	8.179000
17.026	8.179000
17.026	0.000000
17.026	0.000000
17.026	2.410000
17.128	2.410000
17.128	2.391000
17.23	2.391000
17.23	0.000000
17.23	0.000000
17.23	6.764000
17.547	6.764000
17.547	6.529000
17.865	6.529000
17.865	0.000000
17.865	0.000000
17.865	6.352000
18.183	6.352000
18.183	6.211000
18.501	6.211000
18.501	0.000000
18.501	0.000000
18.501	2.981000
18.603	2.981000
18.603	2.972000
18.705	2.972000
18.705	0.000000
18.705	0.000000
18.705	7.698000
19.023	7.698000
19.023	7.513000
19.341	7.513000
19.341	0.000000
19.341	0.000000
19.341	8.175000
19.658	8.175000
19.658	7.800000
19.975	7.800000
19.975	0.000000
19.975	0.000000
19.975	2.455000
20.077	2.455000
20.077	2.462000
20.179	2.462000
20.179	0.000000
20.179	0.000000
20.179	0.000000
20.179	0.000000
20.179	0.000000
20.179	0.000000
20.179	3.225000
20.281	3.225000
20.281	2.964000
20.383	2.964000
20.383	0.000000
20.383	0.000000
20.383	0.000000
20.383	0.000000
20.383	8.506000
20.701	8.506000
20.701	8.575000
21.019	8.575000
21.019	0.000000
21.019	0.000000
21.019	5.790000
21.121	5.790000
21.121	5.915000
21.223	5.915000
21.223	0.000000
21.223	0.000000
21.223	7.427000
21.539	7.427000
21.539	7.408000
21.857	7.408000
21.857	0.000000
21.857	0.000000
21.857	0.000000
21.857	0.000000
21.857	2.567000
21.959	2.567000
21.959	2.774000
22.061	2.774000
22.061	0.000000
22.061	0.000000
22.061	8.063000
22.377	8.063000
22.377	8.057000
22.695	8.057000
22.695	0.000000
22.695	0.000000
22.695	7.737000
23.013	7.737000
23.013	7.689000
23.33	7.689000
23.33	0.000000
23.33	0.000000
23.33	1.133000
23.431	1.133000
23.431	1.144000
23.532	1.144000
23.532	0.000000
23.532	0.000000
23.532	7.360000
23.849	7.360000
23.849	7.308000
24.167	7.308000
24.167	0.000000
24.167	0.000000
24.167	5.964000
24.483	5.964000
24.483	5.785000
24.8	5.785000
24.8	0.000000
24.8	0.000000
24.8	4.347000
24.902	4.347000
24.902	4.391000
25.004	4.391000
25.004	0.000000
25.004	0.000000
25.004	6.495000
25.321	6.495000
25.321	6.598000
25.638	6.598000
25.638	0.000000
25.638	0.000000
25.638	8.135000
25.954	8.135000
25.954	7.976000
26.272	7.976000
26.272	0.000000
26.272	0.000000
26.272	2.152000
26.373	2.152000
26.373	2.175000
26.474	2.175000
26.474	0.000000
26.474	0.000000
26.474	7.187000
26.792	7.187000
26.792	7.429000
27.11	7.429000
27.11	0.000000
27.11	0.000000
27.11	6.827000
27.426	6.827000
27.426	6.824000
27.744	6.824000
27.744	0.000000
27.744	0.000000
27.744	3.138000
27.846	3.138000
27.846	3.139000
27.948	3.139000
27.948	0.000000
27.948	0.000000
27.948	7.429000
28.264	7.429000
28.264	7.081000
28.582	7.081000
28.582	0.000000
28.582	0.000000
28.582	7.324000
28.933	7.324000
28.933	6.924000
29.285	6.924000
29.285	0.000000
29.285	0.000000
29.285	2.388000
29.387	2.388000
29.387	2.172000
29.489	2.172000
29.489	0.000000
29.489	0.000000
29.489	8.694000
29.803	8.694000
29.803	8.495000
30.116	8.495000
30.116	0.000000
30.116	0.000000
30.116	8.487000
30.434	8.487000
30.434	8.237000
30.752	8.237000
30.752	0.000000
30.752	0.000000
30.752	2.212000
30.853	2.212000
30.853	1.961000
30.954	1.961000
30.954	0.000000
30.954	0.000000
30.954	6.437000
31.272	6.437000
31.272	6.347000
31.59	6.347000
31.59	0.000000
31.59	0.000000
31.59	8.395000
31.908	8.395000
31.908	8.389000
32.226	8.389000
32.226	0.000000
32.226	0.000000
32.226	1.874000
32.327	1.874000
32.327	1.902000
32.428	1.902000
32.428	0.000000
32.428	0.000000
32.428	9.498000
32.611	9.498000
32.611	8.862000
32.793	8.862000
32.793	0.000000
32.793	0.000000
32.793	6.209000
33.109	6.209000
33.109	6.199000
33.426	6.199000
33.426	0.000000
33.426	0.000000
33.426	2.088000
33.527	2.088000
33.527	1.995000
33.628	1.995000
33.628	0.000000
33.628	0.000000
33.628	7.754000
33.946	7.754000
33.946	7.572000
34.264	7.572000
34.264	0.000000
34.264	0.000000
34.264	6.480000
34.581	6.480000
34.581	6.465000
34.899	6.465000
34.899	0.000000
34.899	0.000000
34.899	2.517000
35.001	2.517000
35.001	2.402000
35.103	2.402000
35.103	0.000000
35.103	0.000000
35.103	6.878000
35.42	6.878000
35.42	6.569000
35.738	6.569000
35.738	0.000000
35.738	0.000000
35.738	8.495000
36.056	8.495000
36.056	8.339000
36.374	8.339000
36.374	0.000000
36.374	0.000000
36.374	2.591000
36.476	2.591000
36.476	2.522000
36.578	2.522000
36.578	0.000000
36.578	0.000000
36.578	0.000000
36.578	0.000000
36.578	8.661000
36.895	8.661000
36.895	8.744000
37.212	8.744000
37.212	0.000000
37.212	0.000000
37.212	1.943000
37.314	1.943000
37.314	1.728000
37.416	1.728000
37.416	0.000000
37.416	0.000000
37.416	0.000000
37.416	0.000000
37.416	6.929000
37.734	6.929000
37.734	7.102000
38.052	7.102000
38.052	0.000000
38.052	0.000000
38.052	1.511000
38.154	1.511000
38.154	1.477000
38.256	1.477000
38.256	0.000000
38.256	0.000000
38.256	6.372000
38.572	6.372000
38.572	6.335000
38.888	6.335000
38.888	0.000000
38.888	0.000000
38.888	6.047000
39.206	6.047000
39.206	6.031000
39.524	6.031000
39.524	0.000000
39.524	0.000000
39.524	1.981000
39.626	1.981000
39.626	1.810000
39.728	1.810000
39.728	0.000000
39.728	0.000000
39.728	0.000000
39.728	0.000000
39.728	0.000000
39.728	0.000000
39.728	1.960000
39.829	1.960000
39.829	1.994000
39.93	1.994000
39.93	0.000000
39.93	0.000000
39.93	8.411000
40.245	8.411000
40.245	8.407000
40.562	8.407000
40.562	0.000000
40.562	0.000000
40.562	8.088000
40.876	8.088000
40.876	8.038000
41.19	8.038000
41.19	0.000000
41.19	0.000000
41.19	2.702000
41.291	2.702000
41.291	2.656000
41.392	2.656000
41.392	0.000000
41.392	0.000000
41.392	7.336000
41.71	7.336000
41.71	7.227000
42.028	7.227000
42.028	0.000000
42.028	0.000000
42.028	7.126000
42.345	7.126000
42.345	7.119000
42.661	7.119000
42.661	0.000000
42.661	0.000000
42.661	3.449000
42.763	3.449000
42.763	3.335000
42.865	3.335000
42.865	0.000000
42.865	0.000000
42.865	0.000000
42.865	0.000000
42.865	6.934000
43.183	6.934000
43.183	6.984000
43.501	6.984000
43.501	0.000000
43.501	0.000000
43.501	1.781000
43.602	1.781000
43.602	1.780000
43.703	1.780000
43.703	0.000000
43.703	0.000000
43.703	7.868000
44.02	7.868000
44.02	8.066000
44.338	8.066000
44.338	0.000000
44.338	0.000000
44.338	6.454000
44.654	6.454000
44.654	6.537000
44.97	6.537000
44.97	0.000000
44.97	0.000000
44.97	1.715000
45.072	1.715000
45.072	1.668000
45.174	1.668000
45.174	0.000000
45.174	0.000000
45.174	7.994000
45.491	7.994000
45.491	7.771000
45.808	7.771000
45.808	0.000000
45.808	0.000000
45.808	7.934000
46.121	7.934000
46.121	7.960000
46.438	7.960000
46.438	0.000000
46.438	0.000000
46.438	2.300000
46.54	2.300000
46.54	2.334000
46.642	2.334000
46.642	0.000000
46.642	0.000000
46.642	6.019000
46.958	6.019000
46.958	6.060000
47.275	6.060000
47.275	0.000000
47.275	0.000000
47.275	7.939000
47.592	7.939000
47.592	7.737000
47.91	7.737000
47.91	0.000000
47.91	0.000000
47.91	4.895000
48.011	4.895000
48.011	4.607000
48.112	4.607000
48.112	0.000000
48.112	0.000000
48.112	9.655000
48.43	9.655000
48.43	9.530000
48.748	9.530000
48.748	0.000000
48.748	0.000000
48.748	0.000000
48.748	0.000000
48.748	3.036000
48.85	3.036000
48.85	3.049000
48.952	3.049000
48.952	0.000000
48.952	0.000000
48.952	7.656000
49.305	7.656000
49.305	7.639000
49.658	7.639000
49.658	0.000000
49.658	0.000000
49.658	8.259000
49.976	8.259000
49.976	8.204000
50.294	8.204000
50.294	0.000000
50.294	0.000000
50.294	3.167000
50.396	3.167000
50.396	2.753000
50.498	2.753000
50.498	0.000000
50.498	0.000000
50.498	7.759000
50.816	7.759000
50.816	7.814000
51.133	7.814000
51.133	0.000000
51.133	0.000000
51.133	0.000000
51.133	0.000000
51.133	2.636000
51.235	2.636000
51.235	2.503000
51.337	2.503000
51.337	0.000000
51.337	0.000000
51.337	0.000000
51.337	0.000000
51.337	6.530000
51.654	6.530000
51.654	6.434000
51.971	6.434000
51.971	0.000000
51.971	0.000000
51.971	1.667000
52.073	1.667000
52.073	1.773000
52.175	1.773000
52.175	0.000000
52.175	0.000000
52.175	6.573000
52.491	6.573000
52.491	6.638000
52.808	6.638000
52.808	0.000000
52.808	0.000000
52.808	6.286000
53.124	6.286000
53.124	6.351000
53.441	6.351000
53.441	0.000000
53.441	0.000000
53.441	2.087000
53.543	2.087000
53.543	2.172000
53.645	2.172000
53.645	0.000000
53.645	0.000000
53.645	6.001000
53.962	6.001000
53.962	6.060000
54.28	6.060000
54.28	0.000000
54.28	0.000000
54.28	0.000000
54.28	0.000000
54.28	2.412000
54.381	2.412000
54.381	2.346000
54.482	2.346000
54.482	0.000000
54.482	0.000000
54.482	8.574000
54.798	8.574000
54.798	8.442000
55.115	8.442000
55.115	0.000000
55.115	0.000000
55.115	8.390000
55.467	8.390000
55.467	8.280000
55.82	8.280000
55.82	0.000000
55.82	0.000000
55.82	2.365000
55.922	2.365000
55.922	2.335000
56.024	2.335000
56.024	0.000000
56.024	0.000000
56.024	8.433000
56.377	8.433000
56.377	8.212000
56.73	8.212000
56.73	0.000000
56.73	0.000000
56.73	7.647000
57.048	7.647000
57.048	7.459000
57.366	7.459000
57.366	0.000000
57.366	0.000000
57.366	3.943000
57.468	3.943000
57.468	3.953000
57.57	3.953000
57.57	0.000000
57.57	0.000000
57.57	7.817000
57.886	7.817000
57.886	7.343000
58.204	7.343000
58.204	0.000000
58.204	0.000000
58.204	6.365000
58.52	6.365000
58.52	6.363000
58.834	6.363000
58.834	0.000000
58.834	0.000000
58.834	2.041000
58.935	2.041000
58.935	2.003000
59.036	2.003000
59.036	0.000000
59.036	0.000000
59.036	6.932000
59.351	6.932000
59.351	7.023000
59.668	7.023000
59.668	0.000000
59.668	0.000000
59.668	8.000000
59.986	8.000000
59.986	7.689000
60.304	7.689000
60.304	0.000000
60.304	0.000000
60.304	1.244000
60.406	1.244000
60.406	1.468000
60.508	1.468000
60.508	0.000000
60.508	0.000000
60.508	7.216000
60.824	7.216000
60.824	6.748000
61.141	6.748000
61.141	0.000000
61.141	0.000000
61.141	8.504000
61.456	8.504000
61.456	8.184000
61.773	8.184000
61.773	0.000000
61.773	0.000000
61.773	1.608000
61.875	1.608000
61.875	1.735000
61.977	1.735000
61.977	0.000000
61.977	0.000000
61.977	8.410000
62.295	8.410000
62.295	7.984000
62.613	7.984000
62.613	0.000000
62.613	0.000000
62.613	7.773000
62.93	7.773000
62.93	7.257000
63.248	7.257000
63.248	0.000000
63.248	0.000000
63.248	2.333000
63.349	2.333000
63.349	2.566000
63.45	2.566000
63.45	0.000000
63.45	0.000000
63.45	7.956000
63.767	7.956000
63.767	7.764000
64.085	7.764000
64.085	0.000000
64.085	0.000000
64.085	0.000000
64.085	0.000000
64.085	2.534000
64.186	2.534000
64.186	2.499000
64.287	2.499000
64.287	0.000000
64.287	0.000000
64.287	0.000000
64.287	0.000000
64.287	8.721000
64.632	8.721000
64.632	8.813000
64.985	8.813000
64.985	0.000000
64.985	0.000000
64.985	3.159000
65.087	3.159000
65.087	3.118000
65.189	3.118000
65.189	0.000000
65.189	0.000000
65.189	0.000000
65.189	0.000000
65.189	0.000000
65.189	0.000000
65.189	1.715000
65.291	1.715000
65.291	1.658000
65.393	1.658000
65.393	0.000000
65.393	0.000000
65.393	0.000000
65.393	0.000000
65.393	6.713000
65.71	6.713000
65.71	6.419000
66.028	6.419000
66.028	0.000000
66.028	0.000000
66.028	1.461000
66.13	1.461000
66.13	1.559000
66.232	1.559000
66.232	0.000000
66.232	0.000000
66.232	7.479000
66.547	7.479000
66.547	7.489000
66.864	7.489000
66.864	0.000000
66.864	0.000000
66.864	6.275000
67.18	6.275000
67.18	6.459000
67.497	6.459000
67.497	0.000000
67.497	0.000000
67.497	2.053000
67.598	2.053000
67.598	1.901000
67.699	1.901000
67.699	0.000000
67.699	0.000000
67.699	0.000000
67.699	0.000000
67.699	7.770000
68.052	7.770000
68.052	7.787000
68.405	7.787000
68.405	0.000000
68.405	0.000000
68.405	2.740000
68.507	2.740000
68.507	2.864000
68.609	2.864000
68.609	0.000000
68.609	0.000000
68.609	0.000000
68.609	0.000000
68.609	7.667000
68.962	7.667000
68.962	7.638000
69.315	7.638000
69.315	0.000000
69.315	0.000000
69.315	4.644000
69.417	4.644000
69.417	4.757000
69.519	4.757000
69.519	0.000000
69.519	0.000000
69.519	0.000000
69.519	0.000000
69.519	7.505000
69.836	7.505000
69.836	7.199000
70.154	7.199000
70.154	0.000000
70.154	0.000000
70.154	4.856000
70.256	4.856000
70.256	5.064000
70.358	5.064000
70.358	0.000000
70.358	0.000000
70.358	0.000000
70.358	0.000000
70.358	0.000000
70.358	0.000000
70.358	2.532000
70.46	2.532000
70.46	2.592000
70.562	2.592000
70.562	0.000000
70.562	0.000000
70.562	6.432000
70.879	6.432000
70.879	6.547000
71.196	6.547000
71.196	0.000000
71.196	0.000000
71.196	6.985000
71.513	6.985000
71.513	7.083000
71.83	7.083000
71.83	0.000000
71.83	0.000000
71.83	1.488000
71.931	1.488000
71.931	1.327000
72.032	1.327000
72.032	0.000000
72.032	0.000000
72.032	6.069000
72.349	6.069000
72.349	5.784000
72.666	5.784000
72.666	0.000000
72.666	0.000000
72.666	6.050000
72.983	6.050000
72.983	5.990000
73.301	5.990000
73.301	0.000000
73.301	0.000000
73.301	1.946000
73.403	1.946000
73.403	1.907000
73.505	1.907000
73.505	0.000000
73.505	0.000000
73.505	7.788000
73.822	7.788000
73.822	7.699000
74.14	7.699000
74.14	0.000000
74.14	0.000000
74.14	6.100000
74.457	6.100000
74.457	6.174000
74.773	6.174000
74.773	0.000000
74.773	0.000000
74.773	4.635000
74.874	4.635000
74.874	4.746000
74.975	4.746000
74.975	0.000000
74.975	0.000000
74.975	9.246000
75.292	9.246000
75.292	9.291000
75.61	9.291000
75.61	0.000000
75.61	0.000000
75.61	5.886000
75.926	5.886000
75.926	5.688000
76.242	5.688000
76.242	0.000000
76.242	0.000000
76.242	2.579000
76.344	2.579000
76.344	2.688000
76.446	2.688000
76.446	0.000000
76.446	0.000000
76.446	7.970000
76.763	7.970000
76.763	7.885000
77.08	7.885000
77.08	0.000000
77.08	0.000000
77.08	8.629000
77.398	8.629000
77.398	8.651000
77.716	8.651000
77.716	0.000000
77.716	0.000000
77.716	4.467000
77.818	4.467000
77.818	4.341000
77.92	4.341000
77.92	0.000000
77.92	0.000000
77.92	0.000000
77.92	0.000000
77.92	0.000000
77.92	0.000000
77.92	2.640000
78.022	2.640000
78.022	2.660000
78.124	2.660000
78.124	0.000000
78.124	0.000000
78.124	6.498000
78.44	6.498000
78.44	6.253000
78.757	6.253000
78.757	0.000000
78.757	0.000000
78.757	8.491000
79.075	8.491000
79.075	8.606000
79.393	8.606000
79.393	0.000000
79.393	0.000000
79.393	1.213000
79.495	1.213000
79.495	1.284000
79.597	1.284000
79.597	0.000000
79.597	0.000000
79.597	7.650000
79.913	7.650000
79.913	7.497000
80.23	7.497000
80.23	0.000000
80.23	0.000000
80.23	7.834000
80.547	7.834000
80.547	7.786000
80.864	7.786000
80.864	0.000000
80.864	0.000000
80.864	1.689000
80.966	1.689000
80.966	1.590000
81.068	1.590000
81.068	0.000000
81.068	0.000000
81.068	6.267000
81.385	6.267000
81.385	6.249000
81.702	6.249000
81.702	0.000000
81.702	0.000000
81.702	0.000000
81.702	0.000000
81.702	2.261000
81.804	2.261000
81.804	2.401000
81.906	2.401000
81.906	0.000000
81.906	0.000000
81.906	7.572000
82.224	7.572000
82.224	7.582000
82.542	7.582000
82.542	0.000000
82.542	0.000000
82.542	7.119000
82.86	7.119000
82.86	6.671000
83.178	6.671000
83.178	0.000000
83.178	0.000000
83.178	3.372000
83.279	3.372000
83.279	3.306000
83.38	3.306000
83.38	0.000000
83.38	0.000000
83.38	0.000000
83.38	0.000000
83.38	7.359000
83.73	7.359000
83.73	7.233000
84.08	7.233000
84.08	0.000000
84.08	0.000000
84.08	2.480000
84.182	2.480000
84.182	2.620000
84.284	2.620000
84.284	0.000000
84.284	0.000000
84.284	0.000000
84.284	0.000000
84.284	7.944000
84.601	7.944000
84.601	7.819000
84.918	7.819000
84.918	0.000000
84.918	0.000000
84.918	2.197000
85.02	2.197000
85.02	2.195000
85.122	2.195000
85.122	0.000000
85.122	0.000000
85.122	0.000000
85.122	0.000000
85.122	8.270000
85.439	8.270000
85.439	7.961000
85.757	7.961000
85.757	0.000000
85.757	0.000000
85.757	2.078000
85.858	2.078000
85.858	2.110000
85.959	2.110000
85.959	0.000000
85.959	0.000000
85.959	7.567000
86.275	7.567000
86.275	7.676000
86.592	7.676000
86.592	0.000000
86.592	0.000000
86.592	7.620000
86.909	7.620000
86.909	7.207000
87.227	7.207000
87.227	0.000000
87.227	0.000000
87.227	1.712000
87.327	1.712000
87.327	1.848000
87.427	1.848000
87.427	0.000000
87.427	0.000000
87.427	0.000000
87.427	0.000000
87.427	0.000000
87.427	0.000000
87.427	2.776000
87.529	2.776000
87.529	3.139000
87.631	3.139000
87.631	0.000000
87.631	0.000000
87.631	0.000000
87.631	0.000000
87.631	6.260000
87.949	6.260000
87.949	6.568000
88.267	6.568000
88.267	0.000000
88.267	0.000000
88.267	3.844000
88.369	3.844000
88.369	3.680000
88.471	3.680000
88.471	0.000000
88.471	0.000000
88.471	0.000000
88.471	0.000000
88.471	8.189000
88.789	8.189000
88.789	8.187000
89.107	8.187000
89.107	0.000000
89.107	0.000000
89.107	4.876000
89.209	4.876000
89.209	4.736000
89.311	4.736000
89.311	0.000000
89.311	0.000000
89.311	0.000000
89.311	0.000000
89.311	7.198000
89.664	7.198000
89.664	7.010000
90.017	7.010000
90.017	0.000000
90.017	0.000000
90.017	2.310000
90.119	2.310000
90.119	2.481000
90.221	2.481000
90.221	0.000000
90.221	0.000000
90.221	8.480000
90.538	8.480000
90.538	8.787000
90.855	8.787000
90.855	0.000000
90.855	0.000000
90.855	7.911000
91.172	7.911000
91.172	8.132000
91.489	8.132000
91.489	0.000000
91.489	0.000000
91.489	1.762000
91.591	1.762000
91.591	1.716000
91.693	1.716000
91.693	8.193000
92.009	8.193000
92.009	0.000000
92.009	0.000000
92.009	8.129000
92.326	8.129000
92.326	0.000000
92.326	0.000000
92.326	7.903000
92.644	7.903000
92.644	7.726000
92.962	7.726000
92.962	0.000000
92.962	0.000000
92.962	2.109000
93.064	2.109000
93.064	2.025000
93.166	2.025000
93.166	0.000000
93.166	0.000000
93.166	9.920000
93.482	9.920000
93.482	9.649000
93.8	9.649000
93.8	0.000000
93.8	0.000000
93.8	8.306000
94.116	8.306000
94.116	8.078000
94.434	8.078000
94.434	0.000000
94.434	0.000000
94.434	2.201000
94.536	2.201000
94.536	2.194000
94.638	2.194000
94.638	0.000000
94.638	0.000000
94.638	7.512000
94.956	7.512000
94.956	7.664000
95.274	7.664000
95.274	0.000000
95.274	0.000000
95.274	0.000000
95.274	0.000000
95.274	1.707000
95.376	1.707000
95.376	1.666000
95.478	1.666000
95.478	0.000000
95.478	0.000000
95.478	0.000000
95.478	0.000000
95.478	0.000000
95.478	0.000000
95.478	2.396000
95.58	2.396000
95.58	2.344000
95.682	2.344000
95.682	0.000000
95.682	0.000000
95.682	0.000000
95.682	0.000000
95.682	8.553000
96.0	8.553000
96.0	8.267000
96.318	8.267000
96.318	0.000000
96.318	0.000000
96.318	3.261000
96.419	3.261000
96.419	3.048000
96.52	3.048000
96.52	0.000000
96.52	0.000000
96.52	6.604000
96.837	6.604000
96.837	6.344000
97.155	6.344000
97.155	0.000000
97.155	0.000000
97.155	1.333000
97.257	1.333000
97.257	1.416000
97.359	1.416000
97.359	0.000000
97.359	0.000000
97.359	5.877000
97.675	5.877000
97.675	5.749000
97.992	5.749000
97.992	0.000000
97.992	0.000000
97.992	5.808000
98.309	5.808000
98.309	5.791000
98.626	5.791000
98.626	0.000000
98.626	0.000000
98.626	2.552000
98.728	2.552000
98.728	2.169000
98.83	2.169000
98.83	0.000000
98.83	0.000000
98.83	6.431000
99.147	6.431000
99.147	6.379000
99.464	6.379000
99.464	0.000000
99.464	0.000000
99.464	7.793000
99.781	7.793000
99.781	7.810000
100.099	7.810000
100.099	0.000000
100.099	0.000000
100.099	2.428000
100.201	2.428000
100.201	2.291000
100.303	2.291000
100.303	0.000000
100.303	0.000000
100.303	6.428000
100.62	6.428000
100.62	6.410000
100.938	6.410000
100.938	0.000000
100.938	0.000000
100.938	9.997000
101.289	9.997000
101.289	9.653000
101.642	9.653000
101.642	0.000000
101.642	0.000000
101.642	2.621000
101.744	2.621000
101.744	2.782000
101.846	2.782000
101.846	0.000000
101.846	0.000000
101.846	7.636000
102.163	7.636000
102.163	7.544000
102.48	7.544000
102.48	0.000000
102.48	0.000000
102.48	0.000000
102.48	0.000000
102.48	3.495000
102.582	3.495000
102.582	3.494000
102.684	3.494000
102.684	0.000000
102.684	0.000000
102.684	0.000000
102.684	0.000000
102.684	9.926000
103.036	9.926000
103.036	9.964000
103.389	9.964000
103.389	0.000000
103.389	0.000000
103.389	2.740000
103.49	2.740000
103.49	2.858000
103.591	2.858000
103.591	0.000000
103.591	0.000000
103.591	6.701000
103.907	6.701000
103.907	6.429000
104.225	6.429000
104.225	0.000000
104.225	0.000000
104.225	6.284000
104.542	6.284000
104.542	6.521000
104.858	6.521000
104.858	0.000000
104.858	0.000000
104.858	1.496000
104.959	1.496000
104.959	1.437000
105.06	1.437000
105.06	0.000000
105.06	0.000000
105.06	7.015000
105.377	7.015000
105.377	6.959000
105.694	6.959000
105.694	0.000000
105.694	0.000000
105.694	7.990000
106.012	7.990000
106.012	8.053000
106.33	8.053000
106.33	0.000000
106.33	0.000000
106.33	2.080000
106.431	2.080000
106.431	2.188000
106.532	2.188000
106.532	0.000000
106.532	0.000000
106.532	6.468000
106.846	6.468000
106.846	6.108000
107.163	6.108000
107.163	0.000000
107.163	0.000000
107.163	7.524000
107.481	7.524000
107.481	7.342000
107.799	7.342000
107.799	0.000000
107.799	0.000000
107.799	3.368000
107.901	3.368000
107.901	3.514000
108.003	3.514000
108.003	0.000000
108.003	0.000000
108.003	7.686000
108.32	7.686000
108.32	7.895000
108.638	7.895000
108.638	0.000000
108.638	0.000000
108.638	8.084000
108.956	8.084000
108.956	7.704000
109.274	7.704000
109.274	0.000000
109.274	0.000000
109.274	2.157000
109.376	2.157000
109.376	2.130000
109.478	2.130000
109.478	0.000000
109.478	0.000000
109.478	0.000000
109.478	0.000000
109.478	6.515000
109.828	6.515000
109.828	6.288000
110.181	6.288000
110.181	0.000000
110.181	0.000000
110.181	3.063000
110.283	3.063000
110.283	3.049000
110.385	3.049000
110.385	0.000000
110.385	0.000000
110.385	7.537000
110.736	7.537000
110.736	7.373000
111.088	7.373000
111.088	0.000000
111.088	0.000000
111.088	6.477000
111.405	6.477000
111.405	6.482000
111.721	6.482000
111.721	0.000000
111.721	0.000000
111.721	2.463000
111.823	2.463000
111.823	2.318000
111.925	2.318000
111.925	0.000000
111.925	0.000000
111.925	7.861000
112.243	7.861000
112.243	7.744000
112.561	7.744000
112.561	0.000000
112.561	0.000000
112.561	8.258000
112.878	8.258000
112.878	8.052000
113.196	8.052000
113.196	0.000000
113.196	0.000000
113.196	1.517000
113.298	1.517000
113.298	1.616000
113.4	1.616000
113.4	0.000000
113.4	0.000000
113.4	0.000000
113.4	0.000000
113.4	6.686000
113.717	6.686000
113.717	6.680000
114.035	6.680000
114.035	0.000000
114.035	0.000000
114.035	1.849000
114.136	1.849000
114.136	1.795000
114.237	1.795000
114.237	0.000000
114.237	0.000000
114.237	6.426000
114.553	6.426000
114.553	6.409000
114.871	6.409000
114.871	0.000000
114.871	0.000000
114.871	6.964000
115.188	6.964000
115.188	7.086000
115.504	7.086000
115.504	0.000000
115.504	0.000000
115.504	3.384000
115.605	3.384000
115.605	3.527000
115.706	3.527000
115.706	0.000000
115.706	0.000000
115.706	8.184000
116.021	8.184000
116.021	8.079000
116.338	8.079000
116.338	0.000000
116.338	0.000000
116.338	0.000000
116.338	0.000000
116.338	5.126000
116.44	5.126000
116.44	5.134000
116.542	5.134000
116.542	0.000000
116.542	0.000000
116.542	9.342000
116.857	9.342000
116.857	9.407000
117.172	9.407000
117.172	0.000000
117.172	0.000000
117.172	6.110000
117.49	6.110000
117.49	5.995000
117.808	5.995000
117.808	0.000000
117.808	0.000000
117.808	2.750000
117.91	2.750000
117.91	2.534000
118.012	2.534000
118.012	0.000000
118.012	0.000000
118.012	7.895000
118.331	7.895000
118.331	7.846000
118.65	7.846000
118.65	0.000000
118.65	0.000000
118.65	0.000000
118.65	0.000000
118.65	1.722000
118.752	1.722000
118.752	1.787000
118.854	1.787000
118.854	0.000000
118.854	0.000000
118.854	7.882000
119.172	7.882000
119.172	7.675000
119.49	7.675000
119.49	0.000000
119.49	0.000000
119.49	0.000000
119.49	0.000000
119.49	1.243000
119.592	1.243000
119.592	1.310000
119.694	1.310000
119.694	0.000000
119.694	0.000000
119.694	6.334000
120.012	6.334000
120.012	6.395000
120.329	6.395000
120.329	0.000000
120.329	0.000000
120.329	6.726000
120.647	6.726000
120.647	6.656000
120.964	6.656000
120.964	0.000000
120.964	0.000000
120.964	2.190000
121.066	2.190000
121.066	2.164000
121.168	2.164000
121.168	0.000000
121.168	0.000000
121.168	7.163000
121.489	7.163000
121.489	7.121000
121.811	7.121000
121.811	0.000000
121.811	0.000000
121.811	9.592000
122.128	9.592000
122.128	9.558000
122.446	9.558000
122.446	0.000000
122.446	0.000000
122.446	2.733000
122.548	2.733000
122.548	2.631000
122.65	2.631000
122.65	0.000000
122.65	0.000000
122.65	6.993000
122.967	6.993000
122.967	6.923000
123.284	6.923000
123.284	0.000000
123.284	0.000000
123.284	0.000000
123.284	0.000000
123.284	3.000000
123.386	3.000000
123.386	3.075000
123.488	3.075000
123.488	0.000000
123.488	0.000000
123.488	7.197000
123.804	7.197000
123.804	7.352000
124.119	7.352000
124.119	0.000000
124.119	0.000000
124.119	8.101000
124.469	8.101000
124.469	7.750000
124.82	7.750000
124.82	0.000000
124.82	0.000000
124.82	5.201000
124.922	5.201000
124.922	5.318000
125.024	5.318000
125.024	0.000000
125.024	0.000000
125.024	0.000000
125.024	0.000000
125.024	0.000000
125.024	0.000000
125.024	2.280000
125.125	2.280000
125.125	2.230000
125.226	2.230000
125.226	0.000000
125.226	0.000000
125.226	8.877000
125.578	8.877000
125.578	8.612000
125.931	8.612000
125.931	0.000000
125.931	0.000000
125.931	6.350000
126.246	6.350000
126.246	5.941000
126.564	5.941000
126.564	0.000000
126.564	0.000000
126.564	1.200000
126.665	1.200000
126.665	1.141000
126.766	1.141000
126.766	0.000000
126.766	0.000000
126.766	6.766000
127.082	6.766000
127.082	6.790000
127.4	6.790000
127.4	0.000000
127.4	0.000000
127.4	7.994000
127.698	7.994000
127.698	8.028000
127.997	8.028000
127.997	0.000000
127.997	0.000000
127.997	1.751000
128.099	1.751000
128.099	1.937000
128.201	1.937000
128.201	0.000000
128.201	0.000000
128.201	6.853000
128.519	6.853000
128.519	6.904000
128.837	6.904000
128.837	0.000000
128.837	0.000000
128.837	8.712000
129.152	8.712000
129.152	8.387000
129.47	8.387000
129.47	0.000000
129.47	0.000000
129.47	2.476000
129.571	2.476000
129.571	2.460000
129.672	2.460000
129.672	0.000000
129.672	0.000000
129.672	0.000000
129.672	0.000000
129.672	2.223000
129.774	2.223000
129.774	2.090000
129.876	2.090000
129.876	0.000000
129.876	0.000000
129.876	7.768000
130.191	7.768000
130.191	7.565000
130.509	7.565000
130.509	0.000000
130.509	0.000000
130.509	7.370000
130.827	7.370000
130.827	7.201000
131.145	7.201000
131.145	0.000000
131.145	0.000000
131.145	2.587000
131.248	2.587000
131.248	2.855000
131.351	2.855000
131.351	0.000000
131.351	0.000000
131.351	9.546000
131.669	9.546000
131.669	9.468000
131.987	9.468000
131.987	0.000000
131.987	0.000000
131.987	7.298000
132.305	7.298000
132.305	7.211000
132.623	7.211000
132.623	0.000000
132.623	0.000000
132.623	2.941000
132.725	2.941000
132.725	3.020000
132.827	3.020000
132.827	0.000000
132.827	0.000000
132.827	9.188000
133.178	9.188000
133.178	8.641000
133.531	8.641000
133.531	0.000000
133.531	0.000000
133.531	6.457000
133.847	6.457000
133.847	5.980000
134.164	5.980000
134.164	0.000000
134.164	0.000000
134.164	2.406000
134.265	2.406000
134.265	2.458000
134.366	2.458000
134.366	0.000000
134.366	0.000000
134.366	8.451000
134.684	8.451000
134.684	8.398000
135.002	8.398000
135.002	0.000000
135.002	0.000000
135.002	6.228000
135.318	6.228000
135.318	6.445000
135.635	6.445000
135.635	0.000000
135.635	0.000000
135.635	2.214000
135.737	2.214000
135.737	2.286000
135.839	2.286000
135.839	0.000000
135.839	0.000000
135.839	7.194000
136.152	7.194000
136.152	7.199000
136.465	7.199000
136.465	0.000000
136.465	0.000000
136.465	0.000000
136.465	0.000000
136.465	2.190000
136.566	2.190000
136.566	2.312000
136.667	2.312000
136.667	0.000000
136.667	0.000000
136.667	8.412000
136.984	8.412000
136.984	8.121000
137.302	8.121000
137.302	0.000000
137.302	0.000000
137.302	7.494000
137.62	7.494000
137.62	7.836000
137.938	7.836000
137.938	0.000000
137.938	0.000000
137.938	3.534000
138.04	3.534000
138.04	3.435000
138.142	3.435000
138.142	0.000000
138.142	0.000000
138.142	8.508000
138.46	8.508000
138.46	8.607000
138.778	8.607000
138.778	0.000000
138.778	0.000000
138.778	8.596000
139.094	8.596000
139.094	8.393000
139.412	8.393000
139.412	0.000000
139.412	0.000000
139.412	3.088000
139.513	3.088000
139.513	3.268000
139.614	3.268000
139.614	0.000000
139.614	0.000000
139.614	7.423000
139.967	7.423000
139.967	7.495000
140.32	7.495000
140.32	0.000000
140.32	0.000000
140.32	7.912000
140.636	7.912000
140.636	7.449000
140.954	7.449000
140.954	0.000000
140.954	0.000000
140.954	2.431000
141.056	2.431000
141.056	2.294000
141.158	2.294000
141.158	0.000000
141.158	0.000000
141.158	9.510000
141.51	9.510000
141.51	0.000000
141.51	0.000000
141.51	6.196000
141.824	6.196000
141.824	6.146000
142.14	6.146000
142.14	0.000000
142.14	0.000000
142.14	2.188000
142.241	2.188000
142.241	2.694000
142.342	2.694000
142.342	0.000000
142.342	0.000000
142.342	7.322000
142.658	7.322000
142.658	7.342000
142.976	7.342000
142.976	0.000000
142.976	0.000000
142.976	7.275000
143.294	7.275000
143.294	7.268000
143.612	7.268000
143.612	0.000000
143.612	0.000000
143.612	3.736000
143.713	3.736000
143.713	3.717000
143.814	3.717000
143.814	0.000000
143.814	0.000000
143.814	6.897000
144.131	6.897000
144.131	6.766000
144.448	6.766000
144.448	0.000000
144.448	0.000000
144.448	8.016000
144.763	8.016000
144.763	8.421000
145.08	8.421000
145.08	0.000000
145.08	0.000000
145.08	2.537000
145.181	2.537000
145.181	2.515000
145.282	2.515000
145.282	0.000000
145.282	0.000000
145.282	7.763000
145.598	7.763000
145.598	7.671000
145.916	7.671000
145.916	0.000000
145.916	0.000000
145.916	7.669000
146.234	7.669000
146.234	7.642000
146.552	7.642000
146.552	0.000000
146.552	0.000000
146.552	3.036000
146.654	3.036000
146.654	3.010000
146.756	3.010000
146.756	0.000000
146.756	0.000000
146.756	7.157000
147.072	7.157000
147.072	7.096000
147.39	7.096000
147.39	0.000000
147.39	0.000000
147.39	8.290000
147.706	8.290000
147.706	8.310000
148.023	8.310000
148.023	0.000000
148.023	0.000000
148.023	3.661000
148.124	3.661000
148.124	3.530000
148.225	3.530000
148.225	0.000000
148.225	0.000000
148.225	0.000000
148.225	0.000000
148.225	5.887000
148.54	5.887000
148.54	6.071000
148.858	6.071000
148.858	0.000000
148.858	0.000000
148.858	3.491000
148.96	3.491000
148.96	3.284000
149.062	3.284000
149.062	0.000000
149.062	0.000000
149.062	7.492000
149.38	7.492000
149.38	7.496000
149.698	7.496000
149.698	0.000000
149.698	0.000000
149.698	6.309000
150.016	6.309000
150.016	6.311000
150.334	6.311000
150.334	0.000000
150.334	0.000000
150.334	2.159000
150.436	2.159000
150.436	2.134000
150.538	2.134000
150.538	0.000000
150.538	0.000000
150.538	5.934000
150.855	5.934000
150.855	5.927000
151.172	5.927000
151.172	0.000000
151.172	0.000000
151.172	0.000000
151.172	0.000000
151.172	2.340000
151.274	2.340000
151.274	1.883000
151.376	1.883000
151.376	0.000000
151.376	0.000000
151.376	7.439000
151.692	7.439000
151.692	7.006000
152.01	7.006000
152.01	0.000000
152.01	0.000000
152.01	7.060000
152.326	7.060000
152.326	7.034000
152.643	7.034000
152.643	0.000000
152.643	0.000000
152.643	2.239000
152.745	2.239000
152.745	2.040000
152.847	2.040000
152.847	0.000000
152.847	0.000000
152.847	6.702000
153.161	6.702000
153.161	6.295000
153.479	6.295000
153.479	0.000000
153.479	0.000000
153.479	7.505000
153.796	7.505000
153.796	7.557000
154.113	7.557000
154.113	0.000000
154.113	0.000000
154.113	3.624000
154.214	3.624000
154.214	3.517000
154.315	3.517000
154.315	0.000000
154.315	0.000000
154.315	8.231000
154.632	8.231000
154.632	8.247000
154.95	8.247000
154.95	0.000000
154.95	0.000000
154.95	7.612000
155.266	7.612000
155.266	7.448000
155.581	7.448000
155.581	0.000000
155.581	0.000000
155.581	2.862000
155.683	2.862000
155.683	2.971000
155.785	2.971000
155.785	0.000000
155.785	0.000000
155.785	7.880000
156.136	7.880000
156.136	7.849000
156.487	7.849000
156.487	0.000000
156.487	0.000000
156.487	8.931000
156.801	8.931000
156.801	9.091000
157.119	9.091000
157.119	0.000000
157.119	0.000000
157.119	5.336000
157.221	5.336000
157.221	5.477000
157.323	5.477000
157.323	0.000000
157.323	0.000000
157.323	7.818000
157.639	7.818000
157.639	7.650000
157.957	7.650000
157.957	0.000000
157.957	0.000000
157.957	0.000000
157.957	0.000000
157.957	1.438000
158.059	1.438000
158.059	1.649000
158.161	1.649000
158.161	0.000000
158.161	0.000000
158.161	8.268000
158.477	8.268000
158.477	7.891000
158.795	7.891000
158.795	0.000000
158.795	0.000000
158.795	6.285000
159.111	6.285000
159.111	6.227000
159.428	6.227000
159.428	0.000000
159.428	0.000000
159.428	1.877000
159.53	1.877000
159.53	1.953000
159.632	1.953000
159.632	0.000000
159.632	0.000000
159.632	6.289000
159.949	6.289000
159.949	6.161000
160.266	6.161000
160.266	7.848000
160.584	7.848000
160.584	7.956000
160.902	7.956000
160.902	8.091000
161.22	8.091000
161.22	7.988000
161.538	7.988000
161.538	8.726000
161.856	8.726000
161.856	8.698000
162.174	8.698000
162.174	7.219000
162.491	7.219000
162.491	7.320000
162.808	7.320000
162.808	8.052000
163.126	8.052000
163.126	8.010000
163.444	8.010000
163.444	7.830000
163.762	7.830000
163.762	8.045000
164.08	8.045000
164.08	6.291000
164.397	6.291000
164.397	6.477000
164.715	6.477000
164.715	8.114000
165.033	8.114000
165.033	7.998000
165.351	7.998000
165.351	7.947000
165.669	7.947000
165.669	8.010000
165.987	8.010000
165.987	7.400000
166.305	7.400000
166.305	7.472000
166.623	7.472000
166.623	8.633000
166.941	8.633000
166.941	8.601000
167.259	8.601000
167.259	9.343000
167.577	9.343000
167.577	8.785000
167.895	8.785000
167.895	9.057000
168.212	9.057000
168.212	9.006000
168.53	9.006000
168.53	6.213000
168.848	6.213000
168.848	6.106000
169.166	6.106000
169.166	6.547000
169.483	6.547000
169.483	6.080000
169.801	6.080000
169.801	7.726000
170.118	7.726000
170.118	7.953000
170.435	7.953000
170.435	7.202000
170.752	7.202000
170.752	7.344000
171.07	7.344000
171.07	6.681000
171.387	6.681000
171.387	6.652000
171.705	6.652000
171.705	9.029000
172.02	9.029000
172.02	9.143000
172.337	9.143000
172.337	8.858000
172.654	8.858000
172.654	8.673000
172.972	8.673000
172.972	9.994000
173.29	9.994000
173.29	9.591000
173.608	9.591000
173.608	9.053000
173.925	9.053000
173.925	9.282000
174.243	9.282000
174.243	7.809000
174.561	7.809000
174.561	7.536000
174.879	7.536000
174.879	8.014000
175.231	8.014000
175.231	7.629000
175.585	7.629000
175.585	6.289000
175.902	6.289000
175.902	6.316000
176.22	6.316000
176.22	8.709000
176.536	8.709000
176.536	8.535000
176.851	8.535000
176.851	7.809000
177.168	7.809000
177.168	7.567000
177.486	7.567000
177.486	8.697000
177.763	8.697000
177.763	8.549000
178.04	8.549000
178.04	6.365000
178.358	6.365000
178.358	6.544000
178.676	6.544000
178.676	7.126000
178.992	7.126000
178.992	7.051000
179.309	7.051000
179.309	7.784000
179.625	7.784000
179.625	7.775000
179.942	7.775000
179.942	6.668000
180.26	6.668000
180.26	6.663000
180.578	6.663000
180.578	7.359000
180.896	7.359000
180.896	7.339000
181.214	7.339000
181.214	8.243000
181.532	8.243000
181.532	8.177000
181.85	8.177000
181.85	9.452000
182.166	9.452000
182.166	9.473000
182.484	9.473000
182.484	6.606000
182.801	6.606000
182.801	6.287000
183.119	6.287000
183.119	6.706000
183.436	6.706000
183.436	6.746000
183.754	6.746000
183.754	5.884000
184.069	5.884000
184.069	5.855000
184.386	5.855000
184.386	8.113000
184.703	8.113000
184.703	7.973000
185.021	7.973000
185.021	8.553000
185.338	8.553000
185.338	8.011000
185.656	8.011000
185.656	8.146000
185.973	8.146000
185.973	7.760000
186.291	7.760000
186.291	8.274000
186.608	8.274000
186.608	8.346000
186.926	8.346000
186.926	9.787000
187.279	9.787000
187.279	9.844000
187.632	9.844000
187.632	8.384000
187.95	8.384000
187.95	7.991000
188.268	7.991000
188.268	9.533000
188.619	9.533000
188.619	9.771000
188.972	9.771000
188.972	7.694000
189.289	7.694000
189.289	7.686000
189.607	7.686000
189.607	7.768000
189.924	7.768000
189.924	7.217000
190.242	7.217000
190.242	8.354000
190.593	8.354000
190.593	8.174000
190.946	8.174000
190.946	8.037000
191.264	8.037000
191.264	7.911000
191.582	7.911000
191.582	7.384000
191.899	7.384000
191.899	7.271000
192.216	7.271000
192.216	7.926000
192.534	7.926000
192.534	7.910000
192.852	7.910000
192.852	6.806000
193.168	6.806000
193.168	6.835000
193.484	6.835000
193.484	5.541000
193.801	5.541000
193.801	5.606000
194.117	5.606000
194.117	7.574000
194.435	7.574000
194.435	7.591000
194.753	7.591000
194.753	7.761000
195.071	7.761000
195.071	7.905000
195.389	7.905000
195.389	8.965000
195.707	8.965000
195.707	8.976000
196.024	8.976000
