0.0	4.832000
0.322	4.832000
0.322	4.399000
0.645	4.399000
0.645	4.259000
0.968	4.259000
0.968	3.173000
1.321	3.173000
1.321	3.156000
1.674	3.156000
1.674	4.098000
2.027	4.098000
2.027	5.581000
2.376	5.581000
2.376	5.424000
2.725	5.424000
2.725	4.996000
3.074	4.996000
3.074	8.276000
3.427	8.276000
3.427	8.453000
3.78	8.453000
3.78	8.616000
4.133	8.616000
4.133	5.734000
4.431	5.734000
4.431	4.865000
4.729	4.865000
4.729	4.931000
5.027	4.931000
5.027	3.365000
5.375	3.365000
5.375	3.621000
5.723	3.621000
5.723	3.375000
6.071	3.375000
6.071	3.423000
6.421	3.423000
6.421	4.302000
6.772	4.302000
6.772	3.275000
7.123	3.275000
7.123	5.693000
7.43	5.693000
7.43	5.180000
7.737	5.180000
7.737	5.018000
8.044	5.018000
8.044	4.532000
8.394	4.532000
8.394	4.394000
8.744	4.394000
8.744	4.185000
9.094	4.185000
9.094	3.177000
9.446	3.177000
9.446	3.145000
9.798	3.145000
9.798	3.573000
10.149	3.573000
10.149	3.627000
10.474	3.627000
10.474	3.347000
10.798	3.347000
10.798	3.959000
11.123	3.959000
11.123	3.642000
11.473	3.642000
11.473	4.498000
11.824	4.498000
11.824	3.330000
12.175	3.330000
12.175	5.119000
12.511	5.119000
12.511	4.990000
12.847	4.990000
12.847	4.817000
13.182	4.817000
13.182	5.779000
13.499	5.779000
13.499	5.919000
13.816	5.919000
13.816	5.386000
14.133	5.386000
14.133	5.194000
14.473	5.194000
14.473	5.440000
14.813	5.440000
14.813	5.287000
15.153	5.287000
15.153	3.163000
15.499	3.163000
15.499	4.074000
15.844	4.074000
15.844	3.802000
16.19	3.802000
16.19	6.037000
16.487	6.037000
16.487	5.061000
16.784	5.061000
16.784	4.797000
17.081	4.797000
17.081	4.270000
17.42	4.270000
17.42	4.651000
17.759	4.651000
17.759	4.270000
18.098	4.270000
18.098	5.423000
18.45	5.423000
18.45	5.671000
18.802	5.671000
18.802	5.895000
19.154	5.895000
19.154	9.721000
19.507	9.721000
19.507	9.545000
19.86	9.545000
19.86	3.429000
20.211	3.429000
20.211	3.490000
20.562	3.490000
20.562	3.596000
20.913	3.596000
20.913	5.261000
21.228	5.261000
21.228	4.840000
21.543	4.840000
21.543	5.592000
21.858	5.592000
21.858	2.474000
22.21	2.474000
22.21	2.729000
22.562	2.729000
22.562	2.708000
22.913	2.708000
22.913	4.449000
23.264	4.449000
23.264	4.868000
23.616	4.868000
23.616	4.981000
23.968	4.981000
23.968	6.464000
24.263	6.464000
24.263	4.774000
24.558	4.774000
24.558	4.635000
24.853	4.635000
24.853	2.158000
25.206	2.158000
25.206	2.324000
25.559	2.324000
25.559	2.115000
25.911	2.115000
25.911	2.998000
26.261	2.998000
26.261	3.418000
26.612	3.418000
26.612	3.003000
26.96	3.003000
26.96	4.570000
27.285	4.570000
27.285	4.391000
27.611	4.391000
27.611	4.497000
27.937	4.497000
27.937	3.777000
28.289	3.777000
28.289	3.478000
28.641	3.478000
28.641	3.209000
28.993	3.209000
28.993	3.015000
29.344	3.015000
29.344	3.033000
29.695	3.033000
29.695	3.236000
30.045	3.236000
30.045	5.863000
30.366	5.863000
30.366	5.148000
30.687	5.148000
30.687	4.869000
31.008	4.869000
31.008	2.678000
31.36	2.678000
31.36	2.819000
31.712	2.819000
31.712	2.609000
32.064	2.609000
32.064	3.492000
32.416	3.492000
32.416	3.333000
32.769	3.333000
32.769	3.691000
33.122	3.691000
33.122	7.898000
33.448	7.898000
33.448	7.419000
33.774	7.419000
33.774	7.356000
34.1	7.356000
34.1	3.498000
34.446	3.498000
34.446	3.905000
34.793	3.905000
34.793	3.168000
35.14	3.168000
35.14	7.785000
35.464	7.785000
35.464	7.304000
35.787	7.304000
35.787	7.179000
36.11	7.179000
36.11	9.656000
36.461	9.656000
36.461	9.120000
36.812	9.120000
36.812	8.626000
37.162	8.626000
37.162	4.300000
37.515	4.300000
37.515	5.212000
37.868	5.212000
37.868	4.742000
38.22	4.742000
38.22	5.159000
38.529	5.159000
38.529	5.074000
38.838	5.074000
38.838	5.266000
39.148	5.266000
39.148	4.085000
39.5	4.085000
39.5	3.937000
39.851	3.937000
39.851	3.738000
40.203	3.738000
40.203	4.518000
40.553	4.518000
40.553	4.961000
40.903	4.961000
40.903	4.486000
41.253	4.486000
41.253	6.339000
41.559	6.339000
41.559	5.904000
41.865	5.904000
41.865	6.679000
42.171	6.679000
42.171	3.435000
42.521	3.435000
42.521	4.117000
42.87	4.117000
42.87	3.140000
43.219	3.140000
43.219	2.874000
43.569	2.874000
43.569	3.356000
43.919	3.356000
43.919	3.218000
44.268	3.218000
44.268	7.809000
44.59	7.809000
44.59	7.327000
44.912	7.327000
44.912	7.278000
45.233	7.278000
45.233	9.884000
45.523	9.884000
45.523	9.321000
45.812	9.321000
45.812	8.958000
46.102	8.958000
46.102	3.675000
46.455	3.675000
46.455	3.964000
46.808	3.964000
46.808	4.101000
47.161	4.101000
47.161	4.155000
47.514	4.155000
47.514	4.197000
47.867	4.197000
47.867	4.079000
48.22	4.079000
48.22	4.255000
48.574	4.255000
48.574	4.237000
48.928	4.237000
48.928	4.043000
49.282	4.043000
49.282	5.632000
49.602	5.632000
49.602	5.328000
49.922	5.328000
49.922	6.059000
50.243	6.059000
50.243	5.345000
50.584	5.345000
50.584	5.861000
50.925	5.861000
50.925	5.661000
51.266	5.661000
51.266	6.884000
51.568	6.884000
51.568	7.779000
51.869	7.779000
51.869	7.550000
52.171	7.550000
52.171	9.928000
52.502	9.928000
52.502	9.536000
52.833	9.536000
52.833	9.477000
53.163	9.477000
53.163	4.569000
53.514	4.569000
53.514	4.661000
53.864	4.661000
53.864	4.495000
54.215	4.495000
54.215	4.917000
54.531	4.917000
54.531	4.491000
54.847	4.491000
54.847	4.250000
55.163	4.250000
55.163	5.334000
55.465	5.334000
55.465	4.805000
55.768	4.805000
55.768	4.736000
56.071	4.736000
56.071	3.496000
56.422	3.496000
56.422	3.717000
56.773	3.717000
56.773	3.532000
57.124	3.532000
57.124	2.297000
57.477	2.297000
57.477	2.327000
57.83	2.327000
57.83	2.319000
58.183	2.319000
58.183	5.459000
58.469	5.459000
58.469	5.217000
58.755	5.217000
58.755	5.060000
59.04	5.060000
59.04	2.571000
59.392	2.571000
59.392	2.964000
59.744	2.964000
59.744	3.106000
60.096	3.106000
60.096	4.647000
60.44	4.647000
60.44	4.206000
60.784	4.206000
60.784	4.591000
61.128	4.591000
61.128	7.686000
61.435	7.686000
61.435	6.925000
61.742	6.925000
61.742	6.863000
62.049	6.863000
62.049	3.525000
62.401	3.525000
62.401	3.941000
62.753	3.941000
62.753	3.752000
63.105	3.752000
63.105	4.625000
63.458	4.625000
63.458	4.689000
63.811	4.689000
63.811	4.169000
64.164	4.169000
64.164	5.591000
64.481	5.591000
64.481	5.499000
64.798	5.499000
64.798	5.297000
65.114	5.297000
65.114	4.819000
65.459	4.819000
65.459	4.536000
65.804	4.536000
65.804	4.331000
66.149	4.331000
66.149	4.674000
66.5	4.674000
66.5	4.836000
66.851	4.836000
66.851	5.092000
67.201	5.092000
67.201	5.481000
67.518	5.481000
67.518	4.755000
67.834	4.755000
67.834	5.352000
68.151	5.352000
68.151	2.580000
68.504	2.580000
68.504	2.590000
68.856	2.590000
68.856	2.576000
69.209	2.576000
69.209	2.796000
69.562	2.796000
69.562	3.061000
69.915	3.061000
69.915	2.849000
70.268	2.849000
70.268	5.640000
70.592	5.640000
70.592	5.070000
70.916	5.070000
70.916	5.502000
71.24	5.502000
71.24	4.666000
71.577	4.666000
71.577	5.452000
71.914	5.452000
71.914	4.685000
72.251	4.685000
72.251	3.515000
72.6	3.515000
72.6	3.342000
72.949	3.342000
72.949	3.503000
73.298	3.503000
73.298	6.000000
73.637	6.000000
73.637	5.394000
73.977	5.394000
73.977	4.883000
74.317	4.883000
74.317	2.593000
74.664	2.593000
74.664	3.062000
75.011	3.062000
75.011	3.213000
75.357	3.213000
75.357	2.975000
75.695	2.975000
75.695	2.946000
76.033	2.946000
76.033	2.649000
76.371	2.649000
76.371	5.792000
76.659	5.792000
76.659	5.016000
76.947	5.016000
76.947	4.958000
77.235	4.958000
77.235	2.725000
77.588	2.725000
77.588	2.993000
77.941	2.993000
77.941	3.335000
78.294	3.335000
78.294	2.765000
78.643	2.765000
78.643	2.803000
78.992	2.803000
78.992	2.719000
79.341	2.719000
79.341	7.745000
79.639	7.745000
79.639	6.859000
79.937	6.859000
79.937	6.138000
80.235	6.138000
80.235	4.861000
80.566	4.861000
80.566	5.997000
80.898	5.997000
80.898	4.994000
81.23	4.994000
81.23	4.193000
81.574	4.193000
81.574	4.348000
81.917	4.348000
81.917	4.413000
82.261	4.413000
82.261	7.491000
82.586	7.491000
82.586	7.187000
82.911	7.187000
82.911	7.035000
83.236	7.035000
83.236	5.173000
83.586	5.173000
83.586	5.204000
83.936	5.204000
83.936	5.415000
84.286	5.415000
84.286	4.617000
84.626	4.617000
84.626	5.060000
84.966	5.060000
84.966	4.573000
85.307	4.573000
85.307	7.400000
85.601	7.400000
85.601	6.461000
85.895	6.461000
85.895	5.875000
86.189	5.875000
86.189	4.185000
86.538	4.185000
86.538	4.072000
86.887	4.072000
86.887	3.676000
87.236	3.676000
87.236	4.621000
87.589	4.621000
87.589	4.349000
87.942	4.349000
87.942	4.569000
88.294	4.569000
88.294	9.873000
88.618	9.873000
88.618	9.560000
88.941	9.560000
88.941	8.601000
89.264	8.601000
89.264	3.978000
89.605	3.978000
89.605	4.722000
89.946	4.722000
89.946	4.697000
90.286	4.697000
90.286	5.319000
90.572	5.319000
90.572	4.697000
90.858	4.697000
90.858	4.703000
91.144	4.703000
91.144	4.064000
91.477	4.064000
91.477	5.240000
91.81	5.240000
91.81	3.904000
92.143	3.904000
92.143	2.891000
92.496	2.891000
92.496	3.256000
92.847	3.256000
92.847	3.297000
93.199	3.297000
93.199	5.659000
93.507	5.659000
93.507	5.205000
93.815	5.205000
93.815	5.637000
94.123	5.637000
94.123	4.029000
94.456	4.029000
94.456	5.109000
94.79	5.109000
94.79	4.417000
95.124	4.417000
95.124	3.141000
95.476	3.141000
95.476	3.215000
95.828	3.215000
95.828	3.375000
96.18	3.375000
96.18	6.091000
96.46	6.091000
96.46	5.539000
96.74	5.539000
96.74	5.513000
97.02	5.513000
97.02	3.119000
97.371	3.119000
97.371	3.235000
97.722	3.235000
97.722	3.486000
98.073	3.486000
98.073	3.373000
98.425	3.373000
98.425	3.700000
98.777	3.700000
98.777	3.141000
99.129	3.141000
99.129	3.812000
99.445	3.812000
99.445	4.485000
99.761	4.485000
99.761	3.307000
100.077	3.307000
100.077	4.605000
100.426	4.605000
100.426	4.907000
100.774	4.907000
100.774	4.509000
101.123	4.509000
101.123	4.994000
101.456	4.994000
101.456	5.587000
101.789	5.587000
101.789	4.773000
102.122	4.773000
102.122	7.299000
102.439	7.299000
102.439	6.532000
102.756	6.532000
102.756	6.630000
103.073	6.630000
103.073	5.717000
103.407	5.717000
103.407	6.295000
103.741	6.295000
103.741	5.565000
104.075	5.565000
104.075	4.289000
104.428	4.289000
104.428	4.288000
104.781	4.288000
104.781	4.008000
105.134	4.008000
105.134	9.001000
105.461	9.001000
105.461	8.213000
105.788	8.213000
105.788	7.931000
106.116	7.931000
106.116	7.987000
106.469	7.987000
106.469	7.688000
106.822	7.688000
106.822	8.398000
107.175	8.398000
107.175	4.017000
107.524	4.017000
107.524	4.148000
107.874	4.148000
107.874	3.567000
108.224	3.567000
108.224	5.983000
108.539	5.983000
108.539	4.816000
108.854	4.816000
108.854	5.952000
109.169	5.952000
109.169	5.288000
109.518	5.288000
109.518	5.350000
109.867	5.350000
109.867	5.216000
110.216	5.216000
110.216	3.607000
110.555	3.607000
110.555	4.306000
110.894	4.306000
110.894	4.102000
111.232	4.102000
111.232	4.847000
111.536	4.847000
111.536	4.029000
111.84	4.029000
111.84	3.809000
112.144	3.809000
112.144	2.245000
112.497	2.245000
112.497	2.070000
112.85	2.070000
112.85	2.614000
113.203	2.614000
113.203	4.270000
113.554	4.270000
113.554	5.086000
113.905	5.086000
113.905	5.092000
114.256	5.092000
114.256	7.481000
114.558	7.481000
114.558	6.397000
114.86	6.397000
114.86	6.948000
115.162	6.948000
115.162	3.447000
115.515	3.447000
115.515	3.524000
115.868	3.524000
115.868	3.973000
116.221	3.973000
116.221	6.150000
116.552	6.150000
116.552	6.036000
116.883	6.036000
116.883	5.267000
117.214	5.267000
117.214	7.597000
117.529	7.597000
117.529	6.855000
117.845	6.855000
117.845	7.213000
118.161	7.213000
118.161	5.073000
118.511	5.073000
118.511	5.656000
118.861	5.656000
118.861	5.452000
119.211	5.452000
119.211	4.073000
119.564	4.073000
119.564	4.076000
119.916	4.076000
119.916	3.774000
120.267	3.774000
120.267	6.598000
120.594	6.598000
120.594	6.503000
120.92	6.503000
120.92	6.655000
121.247	6.655000
121.247	6.029000
121.576	6.029000
121.576	6.135000
121.905	6.135000
121.905	5.542000
122.235	5.542000
122.235	4.829000
122.578	4.829000
122.578	4.772000
122.921	4.772000
122.921	4.584000
123.264	4.584000
123.264	4.961000
123.58	4.961000
123.58	4.421000
123.896	4.421000
123.896	4.246000
124.212	4.246000
124.212	4.104000
124.545	4.104000
124.545	4.643000
124.878	4.643000
124.878	4.291000
125.211	4.291000
125.211	4.164000
125.562	4.164000
125.562	4.702000
125.913	4.702000
125.913	5.116000
126.264	5.116000
126.264	4.532000
126.573	4.532000
126.573	3.900000
126.883	3.900000
126.883	4.183000
127.193	4.183000
127.193	3.175000
127.544	3.175000
127.544	3.480000
127.895	3.480000
127.895	3.149000
128.246	3.149000
128.246	4.827000
128.593	4.827000
128.593	4.832000
128.94	4.832000
128.94	4.758000
129.287	4.758000
129.287	5.342000
129.618	5.342000
129.618	4.722000
129.948	4.722000
129.948	5.267000
130.279	5.267000
130.279	3.925000
130.623	3.925000
130.623	4.616000
130.967	4.616000
130.967	4.153000
131.311	4.153000
131.311	3.358000
131.658	3.358000
131.658	3.243000
132.005	3.243000
132.005	3.551000
132.35	3.551000
132.35	6.429000
132.659	6.429000
132.659	6.033000
132.969	6.033000
132.969	6.081000
133.279	6.081000
133.279	3.866000
133.622	3.866000
133.622	4.456000
133.966	4.456000
133.966	4.028000
134.31	4.028000
134.31	3.432000
134.662	3.432000
134.662	3.789000
135.015	3.789000
135.015	3.338000
135.368	3.338000
135.368	5.330000
135.681	5.330000
135.681	5.061000
135.994	5.061000
135.994	5.288000
136.308	5.288000
136.308	9.387000
136.64	9.387000
136.64	9.293000
136.972	9.293000
136.972	8.928000
137.304	8.928000
137.304	4.651000
137.646	4.651000
137.646	5.528000
137.99	5.528000
137.99	4.641000
138.334	4.641000
138.334	9.655000
138.649	9.655000
138.649	9.016000
138.964	9.016000
138.964	8.754000
139.279	8.754000
139.279	6.815000
139.625	6.815000
139.625	6.411000
139.971	6.411000
139.971	6.299000
140.317	6.299000
140.317	5.018000
140.649	5.018000
140.649	5.894000
140.982	5.894000
140.982	4.862000
141.315	4.862000
141.315	4.094000
141.638	4.094000
141.638	3.958000
141.961	3.958000
141.961	3.957000
142.285	3.957000
142.285	3.232000
142.63	3.232000
142.63	3.870000
142.976	3.870000
142.976	3.545000
143.322	3.545000
143.322	2.251000
143.675	2.251000
143.675	2.150000
144.028	2.150000
144.028	2.035000
144.381	2.035000
144.381	6.747000
144.673	6.747000
144.673	4.985000
144.965	4.985000
144.965	4.735000
145.257	4.735000
145.257	4.109000
145.59	4.109000
145.59	4.722000
145.923	4.722000
145.923	4.046000
146.256	4.046000
146.256	4.793000
146.607	4.793000
146.607	4.691000
146.958	4.691000
146.958	4.683000
147.309	4.683000
147.309	7.998000
147.595	7.998000
147.595	7.149000
147.881	7.149000
147.881	6.526000
148.167	6.526000
148.167	9.863000
148.504	9.863000
148.504	9.348000
148.841	9.348000
148.841	2.976000
149.194	2.976000
149.194	3.140000
149.545	3.140000
149.545	2.803000
149.898	2.803000
149.898	7.044000
150.189	7.044000
150.189	5.853000
150.48	5.853000
150.48	5.880000
150.771	5.880000
150.771	3.381000
151.123	3.381000
151.123	3.412000
151.476	3.412000
151.476	3.101000
151.829	3.101000
151.829	8.771000
152.159	8.771000
152.159	8.334000
152.489	8.334000
152.489	8.046000
152.819	8.046000
152.819	7.173000
153.107	7.173000
153.107	6.430000
153.395	6.430000
153.395	6.758000
153.683	6.758000
153.683	3.037000
153.995	3.037000
153.995	3.447000
154.307	3.447000
154.307	2.738000
154.619	2.738000
154.619	5.484000
154.972	5.484000
154.972	5.025000
155.325	5.025000
155.325	4.441000
155.678	4.441000
155.678	8.283000
156.004	8.283000
156.004	7.329000
156.331	7.329000
156.331	7.534000
156.657	7.534000
156.657	4.924000
156.969	4.924000
156.969	5.196000
157.281	5.196000
157.281	4.835000
157.593	4.835000
157.593	5.148000
157.937	5.148000
157.937	5.299000
158.282	5.299000
158.282	4.953000
158.627	4.953000
158.627	6.106000
158.918	6.106000
158.918	5.563000
159.209	5.563000
159.209	5.899000
159.5	5.899000
159.5	2.970000
159.85	2.970000
159.85	3.118000
160.2	3.118000
160.2	3.182000
160.55	3.182000
160.55	4.580000
160.902	4.580000
160.902	4.573000
161.254	4.573000
161.254	4.726000
161.606	4.726000
161.606	6.575000
161.893	6.575000
161.893	5.578000
162.18	5.578000
162.18	4.864000
162.467	4.864000
162.467	3.524000
162.767	3.524000
162.767	4.534000
163.067	4.534000
163.067	3.565000
163.367	3.565000
163.367	2.801000
163.721	2.801000
163.721	3.349000
164.075	3.349000
164.075	3.118000
164.429	3.118000
164.429	6.946000
164.707	6.946000
164.707	5.531000
164.986	5.531000
164.986	5.392000
165.265	5.392000
165.265	3.752000
165.615	3.752000
165.615	3.662000
165.965	3.662000
165.965	3.260000
166.315	3.260000
166.315	7.608000
166.652	7.608000
166.652	7.475000
166.989	7.475000
166.989	7.749000
167.326	7.749000
167.326	4.771000
167.664	4.771000
167.664	5.157000
168.002	5.157000
168.002	4.621000
168.34	4.621000
168.34	6.829000
168.669	6.829000
168.669	6.380000
168.998	6.380000
168.998	6.300000
169.326	6.300000
169.326	3.031000
169.678	3.031000
169.678	3.174000
170.03	3.174000
170.03	2.842000
170.382	2.842000
170.382	5.712000
170.727	5.712000
170.727	5.684000
171.072	5.684000
171.072	5.704000
171.417	5.704000
171.417	7.339000
171.729	7.339000
171.729	7.135000
172.041	7.135000
172.041	7.659000
172.353	7.659000
172.353	4.374000
172.702	4.374000
172.702	4.378000
173.051	4.378000
173.051	3.949000
173.4	3.949000
173.4	5.828000
173.696	5.828000
173.696	5.261000
173.992	5.261000
173.992	4.877000
174.288	4.877000
174.288	2.990000
174.6	2.990000
174.6	2.824000
174.912	2.824000
174.912	2.919000
175.224	2.919000
175.224	3.940000
175.57	3.940000
175.57	4.541000
175.916	4.541000
175.916	4.206000
176.261	4.206000
176.261	6.164000
176.544	6.164000
176.544	5.450000
176.827	5.450000
176.827	5.348000
177.111	5.348000
177.111	3.424000
177.461	3.424000
177.461	3.575000
177.811	3.575000
177.811	3.748000
178.161	3.748000
178.161	2.679000
178.513	2.679000
178.513	2.963000
178.866	2.963000
178.866	2.893000
179.219	2.893000
179.219	5.707000
179.525	5.707000
179.525	4.638000
179.831	4.638000
179.831	4.513000
180.136	4.513000
180.136	5.170000
180.487	5.170000
180.487	4.953000
180.838	4.953000
180.838	5.106000
181.189	5.106000
181.189	4.245000
181.543	4.245000
181.543	4.024000
181.897	4.024000
181.897	4.034000
182.251	4.034000
182.251	6.193000
182.555	6.193000
182.555	5.284000
182.859	5.284000
182.859	5.356000
183.163	5.356000
183.163	6.132000
183.496	6.132000
183.496	6.615000
183.829	6.615000
183.829	5.525000
184.162	5.525000
184.162	5.375000
184.515	5.375000
184.515	5.118000
184.868	5.118000
184.868	5.293000
185.221	5.293000
185.221	9.905000
185.55	9.905000
185.55	9.462000
185.879	9.462000
185.879	9.090000
186.208	9.090000
186.208	5.555000
186.561	5.555000
186.561	5.632000
186.914	5.632000
186.914	5.365000
187.267	5.365000
187.267	7.352000
187.619	7.352000
187.619	7.675000
187.971	7.675000
187.971	7.404000
188.321	7.404000
188.321	4.918000
188.646	4.918000
188.646	4.195000
188.971	4.195000
188.971	4.250000
189.296	4.250000
189.296	3.908000
189.644	3.908000
189.644	4.067000
189.992	4.067000
189.992	3.812000
190.34	3.812000
190.34	6.408000
190.618	6.408000
190.618	4.924000
190.896	4.924000
190.896	4.589000
191.174	4.589000
191.174	4.418000
191.526	4.418000
191.526	5.178000
191.877	5.178000
191.877	4.620000
192.229	4.620000
192.229	2.969000
192.581	2.969000
192.581	3.175000
192.933	3.175000
192.933	2.567000
193.285	2.567000
193.285	6.320000
193.587	6.320000
193.587	5.690000
193.889	5.690000
193.889	5.733000
194.191	5.733000
194.191	5.095000
194.542	5.095000
194.542	5.449000
194.893	5.449000
194.893	4.866000
195.244	4.866000
195.244	2.842000
195.597	2.842000
195.597	3.049000
195.949	3.049000
195.949	2.886000
196.302	2.886000
196.302	8.074000
196.615	8.074000
196.615	7.638000
196.93	7.638000
196.93	7.740000
197.245	7.740000
197.245	4.239000
197.597	4.239000
197.597	4.441000
197.949	4.441000
197.949	4.138000
198.301	4.138000
198.301	4.236000
198.653	4.236000
198.653	4.062000
199.005	4.062000
199.005	4.332000
199.357	4.332000
199.357	8.338000
199.683	8.338000
199.683	7.883000
200.009	7.883000
200.009	8.215000
200.335	8.215000
200.335	5.751000
200.659	5.751000
200.659	5.773000
200.983	5.773000
200.983	5.779000
201.307	5.779000
201.307	5.225000
201.66	5.225000
201.66	4.986000
202.013	4.986000
202.013	5.213000
202.366	5.213000
202.366	9.604000
202.689	9.604000
202.689	8.996000
203.04	8.996000
203.04	8.966000
203.391	8.966000
203.391	9.443000
203.742	9.443000
203.742	3.591000
204.096	3.591000
204.096	3.438000
204.45	3.438000
204.45	3.198000
204.804	3.198000
204.804	5.699000
205.114	5.699000
205.114	5.283000
205.424	5.283000
205.424	5.439000
205.734	5.439000
205.734	4.484000
206.074	4.484000
206.074	4.873000
206.414	4.873000
206.414	4.218000
206.754	4.218000
206.754	2.858000
207.107	2.858000
207.107	2.837000
207.46	2.837000
207.46	3.004000
207.812	3.004000
207.812	4.900000
208.126	4.900000
208.126	4.376000
208.44	4.376000
208.44	4.562000
208.754	4.562000
208.754	3.340000
209.106	3.340000
209.106	3.408000
209.458	3.408000
209.458	3.360000
209.81	3.360000
209.81	3.038000
210.163	3.038000
210.163	3.038000
210.516	3.038000
210.516	2.445000
210.869	2.445000
210.869	5.438000
211.171	5.438000
211.171	5.307000
211.473	5.307000
211.473	5.139000
211.775	5.139000
211.775	3.270000
212.128	3.270000
212.128	3.261000
212.481	3.261000
212.481	2.848000
212.834	2.848000
212.834	4.720000
213.185	4.720000
213.185	4.385000
213.536	4.385000
213.536	4.399000
213.887	4.399000
213.887	9.695000
214.184	9.695000
214.184	9.394000
214.481	9.394000
214.481	4.702000
214.832	4.702000
214.832	5.066000
215.183	5.066000
215.183	5.324000
215.534	5.324000
215.534	3.758000
215.887	3.758000
215.887	3.789000
216.24	3.789000
216.24	4.570000
216.593	4.570000
216.593	9.103000
216.946	9.103000
216.946	8.814000
217.299	8.814000
217.299	8.665000
217.652	8.665000
217.652	6.613000
217.995	6.613000
217.995	6.818000
218.338	6.818000
218.338	6.111000
218.681	6.111000
218.681	9.966000
218.988	9.966000
218.988	9.310000
219.295	9.310000
219.295	9.156000
219.602	9.156000
219.602	6.916000
219.946	6.916000
219.946	7.461000
220.291	7.461000
220.291	7.388000
220.636	7.388000
220.636	4.628000
220.983	4.628000
220.983	4.672000
221.33	4.672000
221.33	4.365000
221.677	4.365000
221.677	6.216000
221.981	6.216000
221.981	5.870000
222.285	5.870000
222.285	5.983000
222.589	5.983000
222.589	3.297000
222.941	3.297000
222.941	3.239000
223.294	3.239000
223.294	2.980000
223.647	2.980000
223.647	4.689000
223.993	4.689000
223.993	4.201000
224.339	4.201000
224.339	4.282000
224.685	4.282000
224.685	5.482000
224.989	5.482000
224.989	4.833000
225.293	4.833000
225.293	4.646000
225.597	4.646000
225.597	4.174000
225.936	4.174000
225.936	5.005000
226.275	5.005000
226.275	4.033000
226.614	4.033000
226.614	5.382000
226.952	5.382000
226.952	5.565000
227.29	5.565000
227.29	5.483000
227.628	5.483000
227.628	3.359000
227.981	3.359000
227.981	3.632000
228.334	3.632000
228.334	3.067000
228.686	3.067000
228.686	3.390000
229.038	3.390000
229.038	3.794000
229.39	3.794000
229.39	3.958000
229.741	3.958000
229.741	6.231000
230.059	6.231000
230.059	5.492000
230.377	5.492000
230.377	5.933000
230.695	5.933000
230.695	5.454000
231.044	5.454000
231.044	5.307000
231.393	5.307000
231.393	5.035000
231.743	5.035000
231.743	3.874000
232.088	3.874000
232.088	3.758000
232.433	3.758000
232.433	3.929000
232.778	3.929000
232.778	8.915000
233.103	8.915000
233.103	7.480000
233.428	7.480000
233.428	7.308000
233.753	7.308000
233.753	4.118000
234.106	4.118000
234.106	4.329000
234.459	4.329000
234.459	4.823000
234.812	4.823000
234.812	4.634000
235.165	4.634000
235.165	4.481000
235.518	4.481000
235.518	4.132000
235.87	4.132000
235.87	8.389000
236.204	8.389000
236.204	7.834000
236.538	7.834000
236.538	8.023000
236.872	8.023000
236.872	7.020000
237.161	7.020000
237.161	5.522000
237.45	5.522000
237.45	5.582000
237.739	5.582000
237.739	4.787000
238.086	4.787000
238.086	5.126000
238.434	5.126000
238.434	5.403000
238.782	5.403000
238.782	4.811000
239.138	4.811000
239.138	4.991000
239.493	4.991000
239.493	4.657000
239.849	4.657000
239.849	6.215000
240.136	6.215000
240.136	5.545000
240.423	5.545000
240.423	5.308000
240.71	5.308000
240.71	3.262000
241.051	3.262000
241.051	3.838000
241.392	3.838000
241.392	3.740000
241.733	3.740000
241.733	3.121000
242.083	3.121000
242.083	3.113000
242.433	3.113000
242.433	3.536000
242.783	3.536000
242.783	6.608000
243.07	6.608000
243.07	5.651000
243.357	5.651000
243.357	5.257000
243.644	5.257000
243.644	3.162000
243.997	3.162000
243.997	3.167000
244.35	3.167000
244.35	3.460000
244.703	3.460000
244.703	4.054000
245.031	4.054000
245.031	4.542000
245.359	4.542000
245.359	4.109000
245.687	4.109000
245.687	6.695000
245.994	6.695000
245.994	6.264000
246.301	6.264000
246.301	6.402000
246.608	6.402000
246.608	4.347000
246.945	4.347000
246.945	4.670000
247.282	4.670000
247.282	4.397000
247.619	4.397000
247.619	4.357000
247.968	4.357000
247.968	4.064000
248.316	4.064000
248.316	4.051000
248.665	4.051000
248.665	5.904000
248.971	5.904000
248.971	5.387000
249.277	5.387000
249.277	5.302000
249.583	5.302000
249.583	5.614000
249.917	5.614000
249.917	5.067000
250.25	5.067000
250.25	5.041000
250.584	5.041000
250.584	8.875000
250.906	8.875000
250.906	8.696000
251.228	8.696000
251.228	8.017000
251.55	8.017000
251.55	8.705000
251.879	8.705000
251.879	6.938000
252.161	6.938000
252.161	7.319000
252.49	7.319000
252.49	5.348000
252.843	5.348000
252.843	0.000000
252.843	0.000000
252.843	4.722000
253.196	4.722000
253.196	3.708000
253.549	3.708000
253.549	0.000000
253.549	0.000000
253.549	3.452000
253.901	3.452000
253.901	6.858000
254.249	6.858000
254.249	0.000000
254.249	0.000000
254.249	5.749000
254.598	5.749000
254.598	3.002000
254.951	3.002000
254.951	0.000000
254.951	0.000000
254.951	3.157000
255.304	3.157000
255.304	2.371000
255.657	2.371000
255.657	0.000000
255.657	0.000000
255.657	1.929000
256.01	1.929000
256.01	7.142000
256.35	7.142000
256.35	0.000000
256.35	0.000000
256.35	5.898000
256.69	5.898000
256.69	3.564000
257.043	3.564000
257.043	0.000000
257.043	0.000000
257.043	3.475000
257.395	3.475000
257.395	2.774000
257.748	2.774000
257.748	0.000000
257.748	0.000000
257.748	2.773000
258.101	2.773000
258.101	6.335000
258.447	6.335000
258.447	0.000000
258.447	0.000000
258.447	5.982000
258.793	5.982000
258.793	2.785000
258.894	2.785000
258.894	0.000000
258.894	0.000000
258.894	3.047000
258.995	3.047000
258.995	2.825000
259.096	2.825000
259.096	0.000000
259.096	0.000000
259.096	2.754000
259.197	2.754000
259.197	5.133000
259.544	5.133000
259.544	0.000000
259.544	0.000000
259.544	5.020000
259.892	5.020000
259.892	4.459000
260.245	4.459000
260.245	0.000000
260.245	0.000000
260.245	4.531000
260.598	4.531000
260.598	2.687000
260.7	2.687000
260.7	0.000000
260.7	0.000000
260.7	2.749000
260.802	2.749000
260.802	7.733000
261.153	7.733000
261.153	0.000000
261.153	0.000000
261.153	6.970000
261.504	6.970000
261.504	4.228000
261.857	4.228000
261.857	0.000000
261.857	0.000000
261.857	4.856000
262.21	4.856000
262.21	2.362000
262.312	2.362000
262.312	0.000000
262.312	0.000000
262.312	2.435000
262.414	2.435000
262.414	5.300000
262.763	5.300000
262.763	0.000000
262.763	0.000000
262.763	4.741000
263.112	4.741000
263.112	3.658000
263.214	3.658000
263.214	0.000000
263.214	0.000000
263.214	3.667000
263.316	3.667000
263.316	2.329000
263.417	2.329000
263.417	0.000000
263.417	0.000000
263.417	2.221000
263.518	2.221000
263.518	5.435000
263.863	5.435000
263.863	0.000000
263.863	0.000000
263.863	4.436000
264.208	4.436000
264.208	2.471000
264.31	2.471000
264.31	0.000000
264.31	0.000000
264.31	2.543000
264.412	2.543000
264.412	2.990000
264.76	2.990000
264.76	2.725000
265.108	2.725000
265.108	2.820000
265.455	2.820000
265.455	5.404000
265.795	5.404000
265.795	5.141000
266.135	5.141000
266.135	4.969000
266.475	4.969000
266.475	2.489000
266.827	2.489000
266.827	2.987000
267.179	2.987000
267.179	2.864000
267.531	2.864000
267.531	3.009000
267.883	3.009000
267.883	2.738000
268.235	2.738000
268.235	3.567000
268.587	3.567000
268.587	6.443000
268.878	6.443000
268.878	6.391000
269.164	6.391000
269.164	6.347000
269.455	6.347000
269.455	2.089000
269.807	2.089000
269.807	2.679000
270.157	2.679000
270.157	2.137000
270.509	2.137000
270.509	3.445000
270.858	3.445000
270.858	4.443000
271.18	4.443000
271.18	3.911000
271.528	3.911000
271.528	6.308000
271.862	6.308000
271.862	6.505000
272.15	6.505000
272.15	5.230000
272.485	5.230000
272.485	3.100000
272.868	3.100000
272.868	4.244000
273.18	4.244000
273.18	3.191000
273.563	3.191000
273.563	5.115000
273.916	5.115000
273.916	6.071000
274.221	6.071000
274.221	5.290000
274.574	5.290000
274.574	6.332000
274.886	6.332000
274.886	5.490000
275.157	5.490000
275.157	5.136000
275.469	5.136000
275.469	2.949000
275.822	2.949000
275.822	3.997000
276.113	3.997000
276.113	3.039000
276.466	3.039000
276.466	2.794000
276.821	2.794000
276.821	4.740000
277.117	4.740000
277.117	2.782000
277.472	2.782000
277.472	9.787000
277.794	9.787000
277.794	9.012000
278.116	9.012000
278.116	5.526000
278.47	5.526000
278.47	6.933000
278.727	6.933000
278.727	5.627000
279.081	5.627000
279.081	2.914000
279.434	2.914000
279.434	2.916000
279.786	2.916000
279.786	2.555000
280.139	2.555000
280.139	6.358000
280.414	6.358000
280.414	5.569000
280.689	5.569000
280.689	5.277000
280.964	5.277000
280.964	2.772000
281.317	2.772000
281.317	2.729000
281.67	2.729000
281.67	3.106000
282.023	3.106000
282.023	3.067000
282.376	3.067000
282.376	3.081000
282.729	3.081000
282.729	3.664000
283.082	3.664000
283.082	6.005000
283.372	6.005000
283.372	5.699000
283.662	5.699000
283.662	5.570000
283.953	5.570000
283.953	3.466000
284.301	3.466000
284.301	3.319000
284.649	3.319000
284.649	3.370000
284.997	3.370000
284.997	3.065000
285.349	3.065000
285.349	3.054000
285.701	3.054000
285.701	3.313000
286.053	3.313000
286.053	6.336000
286.377	6.336000
286.377	6.128000
286.7	6.128000
286.7	5.974000
287.023	5.974000
287.023	3.785000
287.374	3.785000
287.374	4.289000
287.723	4.289000
287.723	4.228000
288.074	4.228000
288.074	2.803000
288.427	2.803000
288.427	2.936000
288.779	2.936000
288.779	2.525000
289.132	2.525000
289.132	6.930000
289.428	6.930000
289.428	5.456000
289.723	5.456000
289.723	5.716000
290.019	5.716000
290.019	2.842000
290.337	2.842000
290.337	3.356000
290.653	3.356000
290.653	2.999000
290.971	2.999000
290.971	3.260000
291.324	3.260000
291.324	4.341000
291.67	4.341000
291.67	2.897000
292.023	2.897000
292.023	7.037000
292.355	7.037000
292.355	6.593000
292.683	6.593000
292.683	5.992000
293.015	5.992000
293.015	2.939000
293.333	2.939000
293.333	4.115000
293.635	4.115000
293.635	2.962000
293.953	2.962000
293.953	3.397000
294.336	3.397000
294.336	6.374000
294.675	6.374000
294.675	3.428000
295.058	3.428000
295.058	7.806000
295.411	7.806000
295.411	8.505000
295.712	8.505000
295.712	7.068000
296.065	7.068000
296.065	2.591000
296.418	2.591000
296.418	3.281000
296.771	3.281000
296.771	3.148000
297.124	3.148000
297.124	5.470000
297.443	5.470000
297.443	4.855000
297.752	4.855000
297.752	4.798000
298.072	4.798000
298.072	2.353000
298.425	2.353000
298.425	2.882000
298.764	2.882000
298.764	2.400000
299.117	2.400000
299.117	2.582000
299.471	2.582000
299.471	3.159000
299.825	3.159000
299.825	2.831000
300.179	2.831000
300.179	6.894000
300.466	6.894000
300.466	4.935000
300.753	4.935000
300.753	5.239000
301.04	5.239000
301.04	2.111000
301.393	2.111000
301.393	2.856000
301.746	2.856000
301.746	2.493000
302.099	2.493000
302.099	2.205000
302.452	2.205000
302.452	2.551000
302.805	2.551000
302.805	2.261000
303.158	2.261000
303.158	4.861000
303.48	4.861000
303.48	4.347000
303.8	4.347000
303.8	4.436000
304.12	4.436000
304.12	2.702000
304.473	2.702000
304.473	2.686000
304.825	2.686000
304.825	3.043000
305.177	3.043000
305.177	3.392000
305.53	3.392000
305.53	3.662000
305.882	3.662000
305.882	3.800000
306.234	3.800000
306.234	5.917000
306.564	5.917000
306.564	5.631000
306.894	5.631000
306.894	5.494000
307.225	5.494000
307.225	3.803000
307.579	3.803000
307.579	4.308000
307.933	4.308000
307.933	3.855000
308.287	3.855000
308.287	5.507000
308.641	5.507000
308.641	6.100000
308.979	6.100000
308.979	5.370000
309.332	5.370000
309.332	9.163000
309.648	9.163000
309.648	9.168000
309.943	9.168000
309.943	7.654000
310.258	7.654000
310.258	2.809000
310.611	2.809000
310.611	5.117000
310.941	5.117000
310.941	2.739000
311.294	2.739000
311.294	5.683000
311.646	5.683000
311.646	6.297000
311.96	6.297000
311.96	5.885000
312.312	5.885000
312.312	2.967000
312.695	2.967000
312.695	5.574000
313.052	5.574000
313.052	3.050000
313.435	3.050000
313.435	2.869000
313.788	2.869000
313.788	3.272000
314.14	3.272000
314.14	3.511000
314.493	3.511000
314.493	2.094000
314.846	2.094000
314.846	2.469000
315.17	2.469000
315.17	2.269000
315.523	2.269000
315.523	6.226000
315.831	6.226000
315.831	5.926000
316.139	5.926000
316.139	5.689000
316.447	5.689000
316.447	3.024000
316.798	3.024000
316.798	3.946000
317.149	3.946000
317.149	3.417000
317.5	3.417000
317.5	2.960000
317.853	2.960000
317.853	2.693000
318.206	2.693000
318.206	2.385000
318.559	2.385000
318.559	9.354000
318.872	9.354000
318.872	8.717000
319.187	8.717000
319.187	8.626000
319.502	8.626000
319.502	2.098000
319.855	2.098000
319.855	2.413000
320.208	2.413000
320.208	2.294000
320.561	2.294000
320.561	2.453000
320.914	2.453000
320.914	2.678000
321.267	2.678000
321.267	2.617000
321.62	2.617000
321.62	7.379000
321.957	7.379000
321.957	7.206000
322.293	7.206000
322.293	7.294000
322.629	7.294000
322.629	2.259000
322.982	2.259000
322.982	2.648000
323.335	2.648000
323.335	2.415000
323.688	2.415000
323.688	2.256000
324.041	2.256000
324.041	2.636000
324.394	2.636000
324.394	2.383000
324.747	2.383000
324.747	8.110000
325.052	8.110000
325.052	7.831000
325.356	7.831000
325.356	7.738000
325.662	7.738000
325.662	5.552000
326.015	5.552000
326.015	5.802000
326.36	5.802000
326.36	5.260000
326.713	5.260000
326.713	8.156000
327.039	8.156000
327.039	7.488000
327.361	7.488000
327.361	7.104000
327.688	7.104000
327.688	4.640000
328.041	4.640000
328.041	5.553000
328.383	5.553000
328.383	5.032000
328.736	5.032000
328.736	3.130000
329.087	3.130000
329.087	3.004000
329.438	3.004000
329.438	2.858000
329.789	2.858000
329.789	5.467000
330.101	5.467000
330.101	4.367000
330.413	4.367000
330.413	4.396000
330.725	4.396000
330.725	2.218000
331.108	2.218000
331.108	2.552000
331.489	2.552000
331.489	2.311000
331.872	2.311000
331.872	2.297000
332.225	2.297000
332.225	2.606000
332.578	2.606000
332.578	2.518000
332.931	2.518000
332.931	4.786000
333.235	4.786000
333.235	4.254000
333.539	4.254000
333.539	4.298000
333.843	4.298000
333.843	1.971000
334.195	1.971000
334.195	2.311000
334.548	2.311000
334.548	1.927000
334.901	1.927000
334.901	2.522000
335.253	2.522000
335.253	2.474000
335.605	2.474000
335.605	2.483000
335.957	2.483000
335.957	7.504000
336.241	7.504000
336.241	6.015000
336.525	6.015000
336.525	5.615000
336.809	5.615000
336.809	3.968000
337.157	3.968000
337.157	4.232000
337.501	4.232000
337.501	4.174000
337.849	4.174000
337.849	2.838000
338.201	2.838000
338.201	2.803000
338.554	2.803000
338.554	3.031000
338.907	3.031000
338.907	2.302000
339.261	2.302000
339.261	2.533000
339.615	2.533000
339.615	2.376000
339.969	2.376000
339.969	6.907000
340.268	6.907000
340.268	5.546000
340.566	5.546000
340.566	5.293000
340.865	5.293000
340.865	2.511000
341.218	2.511000
341.218	2.458000
341.571	2.458000
341.571	3.695000
341.922	3.695000
341.922	4.783000
342.231	4.783000
342.231	4.270000
342.582	4.270000
342.582	9.208000
342.891	9.208000
342.891	7.787000
343.193	7.787000
343.193	7.646000
343.502	7.646000
343.502	4.285000
343.855	4.285000
343.855	4.413000
344.199	4.413000
344.199	4.098000
344.552	4.098000
344.552	4.731000
344.851	4.731000
344.851	4.475000
345.149	4.475000
345.149	4.892000
345.448	4.892000
345.448	2.492000
345.801	2.492000
345.801	2.882000
346.154	2.882000
346.154	2.539000
346.507	2.539000
346.507	2.845000
346.86	2.845000
346.86	2.142000
347.213	2.142000
347.213	2.868000
347.566	2.868000
347.566	7.070000
347.849	7.070000
347.849	6.073000
348.132	6.073000
348.132	5.904000
348.415	5.904000
348.415	2.681000
348.768	2.681000
348.768	2.404000
349.121	2.404000
349.121	2.240000
349.474	2.240000
349.474	3.458000
349.824	3.458000
349.824	3.433000
350.172	3.433000
350.172	3.519000
350.521	3.519000
350.521	6.000000
350.842	6.000000
350.842	5.023000
351.163	5.023000
351.163	5.010000
351.484	5.010000
351.484	3.699000
351.897	3.699000
351.897	3.973000
352.28	3.973000
352.28	3.665000
352.693	3.665000
352.693	3.526000
353.037	3.526000
353.037	3.508000
353.381	3.508000
353.381	4.089000
353.725	4.089000
353.725	5.931000
354.039	5.931000
354.039	5.316000
354.353	5.316000
354.353	5.578000
354.667	5.578000
354.667	2.269000
355.02	2.269000
355.02	2.712000
355.373	2.712000
355.373	2.424000
355.726	2.424000
355.726	2.865000
356.044	2.865000
356.044	3.174000
356.361	3.174000
356.361	3.005000
356.679	3.005000
356.679	5.668000
356.994	5.668000
356.994	5.423000
357.308	5.423000
357.308	5.273000
357.623	5.273000
357.623	3.197000
357.975	3.197000
357.975	3.569000
358.321	3.569000
358.321	3.581000
358.673	3.581000
358.673	3.206000
359.026	3.206000
359.026	4.326000
359.341	4.326000
359.341	3.306000
359.694	3.306000
359.694	7.655000
360.047	7.655000
360.047	8.678000
360.378	8.678000
360.378	8.232000
360.731	8.232000
360.731	3.009000
361.084	3.009000
361.084	3.500000
361.436	3.500000
361.436	2.994000
361.789	2.994000
361.789	5.849000
362.09	5.849000
362.09	5.468000
362.392	5.468000
362.392	5.480000
362.694	5.480000
362.694	2.448000
363.047	2.448000
363.047	2.006000
363.4	2.006000
363.4	2.067000
363.753	2.067000
363.753	2.732000
364.106	2.732000
364.106	2.147000
364.459	2.147000
364.459	3.082000
364.812	3.082000
364.812	7.002000
365.109	7.002000
365.109	5.645000
365.406	5.645000
365.406	5.316000
365.703	5.316000
365.703	2.814000
366.055	2.814000
366.055	2.277000
366.407	2.277000
366.407	3.025000
366.759	3.025000
366.759	6.039000
367.112	6.039000
367.112	5.761000
367.465	5.761000
367.465	5.813000
367.818	5.813000
367.818	6.609000
368.139	6.609000
368.139	6.150000
368.459	6.150000
368.459	6.057000
368.78	6.057000
368.78	3.728000
369.133	3.728000
369.133	4.096000
369.482	4.096000
369.482	3.745000
369.835	3.745000
369.835	3.352000
370.188	3.352000
370.188	3.380000
370.539	3.380000
370.539	3.380000
370.892	3.380000
370.892	6.839000
371.199	6.839000
371.199	5.682000
371.504	5.682000
371.504	5.527000
371.811	5.527000
371.811	3.475000
372.162	3.475000
372.162	3.220000
372.512	3.220000
372.512	3.155000
372.862	3.155000
372.862	2.941000
373.215	2.941000
373.215	2.710000
373.568	2.710000
373.568	3.025000
373.921	3.025000
373.921	5.317000
374.239	5.317000
374.239	5.323000
374.556	5.323000
374.556	5.081000
374.873	5.081000
374.873	3.038000
375.225	3.038000
375.225	3.975000
375.552	3.975000
375.552	3.274000
375.903	3.274000
375.903	1.839000
376.256	1.839000
376.256	2.643000
376.609	2.643000
376.609	2.211000
376.962	2.211000
376.962	5.046000
377.248	5.046000
377.248	4.587000
377.535	4.587000
377.535	4.787000
377.822	4.787000
377.822	2.090000
378.174	2.090000
378.174	2.677000
378.526	2.677000
378.526	2.322000
378.878	2.322000
378.878	2.949000
379.231	2.949000
379.231	2.819000
379.584	2.819000
379.584	2.552000
379.937	2.552000
379.937	6.781000
380.257	6.781000
380.257	6.480000
380.566	6.480000
380.566	6.341000
380.887	6.341000
380.887	4.513000
381.24	4.513000
381.24	4.509000
381.568	4.509000
381.568	4.314000
381.92	4.314000
381.92	2.484000
382.273	2.484000
382.273	3.423000
382.619	3.423000
382.619	2.439000
382.972	2.439000
382.972	2.835000
383.326	2.835000
383.326	7.324000
383.658	7.324000
383.658	2.792000
384.012	2.792000
384.012	9.514000
384.319	9.514000
384.319	6.981000
384.631	6.981000
384.631	7.850000
384.933	7.850000
384.933	7.200000
385.245	7.200000
385.245	3.155000
385.64	3.155000
385.64	3.866000
385.964	3.866000
385.964	3.316000
386.359	3.316000
386.359	9.471000
386.633	9.471000
386.633	9.894000
386.942	9.894000
386.942	2.705000
387.295	2.705000
387.295	3.458000
387.626	3.458000
387.626	2.762000
387.979	2.762000
387.979	2.226000
388.332	2.226000
388.332	2.479000
388.685	2.479000
388.685	2.392000
389.038	2.392000
389.038	6.172000
389.324	6.172000
389.324	5.101000
389.61	5.101000
389.61	5.016000
389.896	5.016000
389.896	1.934000
390.207	1.934000
390.207	2.488000
390.518	2.488000
390.518	2.241000
390.829	2.241000
390.829	2.115000
391.182	2.115000
391.182	2.837000
391.535	2.837000
391.535	2.635000
391.888	2.635000
391.888	5.845000
392.182	5.845000
392.182	5.058000
392.475	5.058000
392.475	4.911000
392.769	4.911000
392.769	2.014000
393.122	2.014000
393.122	2.469000
393.475	2.469000
393.475	2.088000
393.828	2.088000
393.828	3.815000
394.18	3.815000
394.18	5.138000
394.533	5.138000
394.533	4.703000
394.886	4.703000
394.886	6.510000
395.193	6.510000
395.193	5.724000
395.5	5.724000
395.5	6.098000
395.807	6.098000
395.807	2.788000
396.16	2.788000
396.16	3.256000
396.513	3.256000
396.513	2.782000
396.866	2.782000
396.866	4.675000
397.211	4.675000
397.211	5.217000
397.556	5.217000
397.556	4.375000
397.901	4.375000
397.901	6.663000
398.197	6.663000
398.197	5.599000
398.493	5.599000
398.493	5.398000
398.789	5.398000
398.789	4.405000
399.138	4.405000
399.138	5.316000
399.487	5.316000
399.487	4.828000
399.836	4.828000
399.836	5.105000
400.174	5.105000
400.174	5.376000
400.512	5.376000
400.512	4.893000
400.85	4.893000
400.85	6.936000
401.157	6.936000
401.157	6.569000
401.464	6.569000
401.464	6.170000
401.771	6.170000
401.771	3.020000
402.124	3.020000
402.124	3.185000
402.477	3.185000
402.477	2.905000
402.83	2.905000
402.83	5.478000
403.177	5.478000
403.177	5.952000
403.524	5.952000
403.524	6.173000
403.871	6.173000
403.871	6.625000
404.224	6.625000
404.224	6.452000
404.577	6.452000
404.577	6.470000
404.93	6.470000
404.93	4.735000
405.235	4.735000
405.235	4.574000
405.54	4.574000
405.54	4.433000
405.845	4.433000
405.845	5.404000
406.152	5.404000
406.152	4.865000
406.459	4.865000
406.459	5.316000
406.765	5.316000
406.765	3.989000
407.1	3.989000
407.1	4.774000
407.434	4.774000
407.434	4.108000
407.769	4.108000
407.769	2.557000
408.122	2.557000
408.122	2.805000
408.475	2.805000
408.475	2.639000
408.828	2.639000
408.828	5.155000
409.11	5.155000
409.11	4.653000
409.392	4.653000
409.392	4.565000
409.674	4.565000
409.674	4.780000
410.01	4.780000
410.01	4.872000
410.346	4.872000
410.346	4.732000
410.682	4.732000
410.682	5.620000
411.026	5.620000
411.026	5.764000
411.369	5.764000
411.369	5.030000
411.713	5.030000
411.713	6.886000
411.993	6.886000
411.993	5.621000
412.273	5.621000
412.273	5.857000
412.553	5.857000
412.553	2.570000
412.906	2.570000
412.906	2.705000
413.259	2.705000
413.259	2.467000
413.612	2.467000
413.612	3.903000
413.962	3.903000
413.962	4.724000
414.313	4.724000
414.313	4.183000
414.664	4.183000
414.664	6.340000
414.953	6.340000
414.953	5.398000
415.242	5.398000
415.242	5.057000
415.531	5.057000
415.531	4.267000
415.869	4.267000
415.869	5.036000
416.207	5.036000
416.207	3.924000
416.545	3.924000
416.545	3.415000
416.897	3.415000
416.897	3.584000
417.25	3.584000
417.25	2.840000
417.603	2.840000
417.603	5.731000
417.925	5.731000
417.925	5.434000
418.247	5.434000
418.247	5.792000
418.57	5.792000
418.57	6.104000
418.876	6.104000
418.876	6.259000
419.182	6.259000
419.182	5.908000
419.488	5.908000
419.488	9.768000
419.8	9.768000
419.8	9.750000
420.112	9.750000
420.112	4.322000
420.463	4.322000
420.463	4.566000
420.814	4.566000
420.814	4.591000
421.165	4.591000
421.165	6.831000
421.453	6.831000
421.453	6.162000
421.741	6.162000
421.741	5.695000
422.029	5.695000
422.029	3.238000
422.341	3.238000
422.341	3.552000
422.653	3.552000
422.653	2.930000
422.965	2.930000
422.965	3.001000
423.317	3.001000
423.317	3.254000
423.669	3.254000
423.669	3.130000
424.022	3.130000
424.022	4.634000
424.32	4.634000
424.32	4.267000
424.618	4.267000
424.618	4.063000
424.916	4.063000
424.916	2.728000
425.268	2.728000
425.268	2.984000
425.621	2.984000
425.621	2.920000
425.973	2.920000
425.973	3.439000
426.324	3.439000
426.324	3.494000
426.675	3.494000
426.675	3.243000
427.026	3.243000
427.026	4.689000
427.371	4.689000
427.371	4.436000
427.715	4.436000
427.715	4.417000
428.06	4.417000
428.06	3.671000
428.412	3.671000
428.412	3.524000
428.764	3.524000
428.764	3.595000
429.117	3.595000
429.117	6.621000
429.414	6.621000
429.414	7.060000
429.711	7.060000
429.711	7.070000
430.008	7.070000
430.008	6.048000
430.345	6.048000
430.345	7.070000
430.682	7.070000
430.682	5.858000
431.019	5.858000
431.019	5.376000
431.37	5.376000
431.37	5.359000
431.721	5.359000
431.721	5.045000
432.072	5.045000
432.072	8.255000
432.362	8.255000
432.362	7.862000
432.652	7.862000
432.652	7.955000
432.942	7.955000
432.942	4.790000
433.273	4.790000
433.273	4.631000
433.604	4.631000
433.604	4.498000
433.935	4.498000
433.935	7.247000
434.288	7.247000
434.288	7.558000
434.641	7.558000
434.641	7.209000
434.994	7.209000
434.994	9.862000
435.304	9.862000
435.304	9.387000
435.615	9.387000
435.615	8.331000
435.968	8.331000
435.968	8.785000
436.321	8.785000
436.321	8.700000
436.674	8.700000
436.674	4.367000
437.027	4.367000
437.027	3.829000
437.38	3.829000
437.38	3.929000
437.733	3.929000
437.733	5.032000
437.983	5.032000
437.983	5.566000
438.233	5.566000
438.233	4.995000
438.483	4.995000
438.483	4.344000
438.804	4.344000
438.804	5.416000
439.125	5.416000
439.125	4.652000
439.446	4.652000
439.446	5.067000
439.8	5.067000
439.8	5.051000
440.154	5.051000
440.154	4.694000
440.508	4.694000
440.508	5.522000
440.772	5.522000
440.772	5.852000
441.036	5.852000
441.036	5.454000
441.3	5.454000
441.3	4.281000
441.628	4.281000
441.628	5.407000
441.956	5.407000
441.956	4.256000
442.284	4.256000
442.284	2.787000
442.637	2.787000
442.637	3.001000
442.99	3.001000
442.99	2.862000
443.343	2.862000
443.343	4.891000
443.691	4.891000
443.691	4.991000
444.04	4.991000
444.04	4.827000
444.389	4.827000
444.389	7.050000
444.677	7.050000
444.677	6.621000
444.965	6.621000
444.965	6.235000
445.253	6.235000
445.253	4.505000
445.587	4.505000
445.587	5.057000
445.921	5.057000
445.921	4.440000
446.255	4.440000
446.255	4.266000
446.605	4.266000
446.605	4.279000
446.955	4.279000
446.955	3.978000
447.305	3.978000
447.305	4.107000
447.658	4.107000
447.658	4.148000
448.011	4.148000
448.011	4.627000
448.364	4.627000
448.364	4.016000
448.716	4.016000
448.716	3.928000
449.068	3.928000
449.068	4.239000
449.42	4.239000
449.42	9.796000
449.722	9.796000
449.722	8.447000
450.024	8.447000
450.024	7.993000
450.326	7.993000
450.326	5.553000
450.679	5.553000
450.679	5.597000
451.033	5.597000
451.033	4.996000
451.387	4.996000
451.387	4.821000
451.726	4.821000
451.726	5.592000
452.065	5.592000
452.065	4.687000
452.404	4.687000
452.404	6.308000
452.685	6.308000
452.685	5.937000
452.967	5.937000
452.967	5.760000
453.249	5.760000
453.249	2.781000
453.601	2.781000
453.601	3.272000
453.952	3.272000
453.952	3.000000
454.304	3.000000
454.304	4.875000
454.65	4.875000
454.65	5.169000
454.996	5.169000
454.996	4.678000
455.342	4.678000
455.342	5.452000
455.616	5.452000
455.616	5.748000
455.89	5.748000
455.89	5.337000
456.164	5.337000
456.164	4.257000
456.509	4.257000
456.509	4.556000
456.854	4.556000
456.854	3.999000
457.199	3.999000
457.199	3.098000
457.552	3.098000
457.552	3.043000
457.905	3.043000
457.905	2.983000
458.258	2.983000
458.258	5.498000
458.559	5.498000
458.559	6.372000
458.86	6.372000
458.86	5.594000
459.161	5.594000
459.161	3.266000
459.514	3.266000
459.514	3.571000
459.867	3.571000
459.867	3.749000
460.219	3.749000
460.219	3.636000
460.572	3.636000
460.572	3.792000
460.925	3.792000
460.925	4.038000
461.278	4.038000
461.278	7.480000
461.575	7.480000
461.575	6.069000
461.873	6.069000
461.873	5.693000
462.171	5.693000
462.171	5.050000
462.525	5.050000
462.525	5.341000
462.879	5.341000
462.879	5.200000
463.233	5.200000
463.233	3.805000
463.585	3.805000
463.585	3.789000
463.937	3.789000
463.937	3.446000
464.289	3.446000
464.289	8.358000
464.609	8.358000
464.609	8.079000
464.93	8.079000
464.93	7.889000
465.252	7.889000
465.252	7.057000
465.595	7.057000
465.595	7.912000
465.938	7.912000
465.938	7.862000
466.281	7.862000
466.281	5.088000
466.632	5.088000
466.632	6.027000
466.984	6.027000
466.984	5.877000
467.336	5.877000
467.336	5.534000
467.629	5.534000
467.629	6.135000
467.922	6.135000
467.922	5.833000
468.215	5.833000
468.215	5.017000
468.502	5.017000
468.502	6.199000
468.789	6.199000
468.789	5.673000
469.076	5.673000
469.076	4.626000
469.407	4.626000
469.407	5.373000
469.738	5.373000
469.738	4.386000
470.069	4.386000
470.069	2.903000
470.423	2.903000
470.423	2.733000
470.777	2.733000
470.777	2.729000
471.131	2.729000
471.131	5.443000
471.394	5.443000
471.394	5.555000
471.657	5.555000
471.657	5.170000
471.92	5.170000
471.92	3.408000
472.273	3.408000
472.273	3.279000
472.626	3.279000
472.626	3.508000
472.979	3.508000
472.979	4.169000
473.331	4.169000
473.331	4.524000
473.683	4.524000
473.683	4.226000
474.035	4.226000
474.035	5.671000
474.333	5.671000
474.333	6.528000
474.631	6.528000
474.631	6.231000
474.929	6.231000
474.929	4.389000
475.27	4.389000
475.27	4.212000
475.611	4.212000
475.611	4.343000
475.95	4.343000
475.95	2.859000
476.302	2.859000
476.302	3.058000
476.655	3.058000
476.655	3.542000
477.008	3.542000
477.008	8.052000
477.307	8.052000
477.307	6.536000
477.606	6.536000
477.606	6.006000
477.905	6.006000
477.905	5.457000
478.257	5.457000
478.257	6.194000
478.609	6.194000
478.609	5.736000
478.961	5.736000
478.961	3.405000
479.314	3.405000
479.314	3.676000
479.667	3.676000
479.667	3.647000
480.02	3.647000
480.02	6.350000
480.312	6.350000
480.312	6.766000
480.604	6.766000
480.604	6.249000
480.896	6.249000
480.896	3.501000
481.249	3.501000
481.249	3.315000
481.602	3.315000
481.602	3.725000
481.955	3.725000
481.955	3.736000
482.308	3.736000
482.308	3.318000
482.661	3.318000
482.661	4.439000
483.014	4.439000
483.014	9.083000
483.321	9.083000
483.321	8.304000
483.63	8.304000
483.63	7.767000
483.94	7.767000
483.94	3.389000
484.293	3.389000
484.293	3.389000
484.646	3.389000
484.646	3.634000
484.998	3.634000
484.998	7.287000
485.301	7.287000
485.301	5.667000
485.606	5.667000
485.606	5.765000
485.911	5.765000
485.911	3.095000
486.263	3.095000
486.263	3.233000
486.615	3.233000
486.615	3.431000
486.967	3.431000
486.967	2.845000
487.32	2.845000
487.32	3.095000
487.673	3.095000
487.673	2.669000
488.026	2.669000
488.026	4.880000
488.312	4.880000
488.312	6.031000
488.598	6.031000
488.598	5.409000
488.884	5.409000
488.884	4.484000
489.228	4.484000
489.228	5.229000
489.572	5.229000
489.572	4.098000
489.916	4.098000
489.916	3.252000
490.269	3.252000
490.269	2.943000
490.622	2.943000
490.622	3.093000
490.975	3.093000
490.975	5.343000
491.262	5.343000
491.262	6.320000
491.549	6.320000
491.549	5.892000
491.836	5.892000
491.836	4.535000
492.167	4.535000
492.167	4.793000
492.498	4.793000
492.498	4.314000
492.828	4.314000
492.828	3.967000
493.171	3.967000
493.171	5.098000
493.513	5.098000
493.513	4.177000
493.856	4.177000
493.856	8.341000
494.144	8.341000
494.144	6.547000
494.433	6.547000
494.433	5.904000
494.721	5.904000
494.721	4.631000
495.067	4.631000
495.067	4.589000
495.413	4.589000
495.413	4.396000
495.759	4.396000
495.759	5.884000
496.108	5.884000
496.108	6.076000
496.457	6.076000
496.457	5.929000
496.806	5.929000
