0.0	9.987000
0.315	9.987000
0.315	9.937000
0.63	9.937000
0.63	9.965000
0.947	9.965000
0.947	9.983000
1.263	9.983000
1.263	9.828000
1.578	9.828000
1.578	9.789000
1.885	9.789000
1.885	9.827000
2.199	9.827000
2.199	9.316000
2.513	9.316000
2.513	9.345000
2.827	9.345000
2.827	9.338000
3.14	9.338000
3.14	9.580000
3.448	9.580000
3.448	9.675000
3.756	9.675000
3.756	9.521000
4.066	9.521000
4.066	9.117000
4.375	9.117000
4.375	9.225000
4.689	9.225000
4.689	9.136000
5.0	9.136000
5.0	9.463000
5.313	9.463000
5.313	9.474000
5.627	9.474000
5.627	9.392000
5.939	9.392000
5.939	9.331000
6.257	9.331000
6.257	9.381000
6.569	9.381000
6.569	9.292000
6.886	9.292000
6.886	9.629000
7.239	9.629000
7.239	9.605000
7.59	9.605000
7.59	9.635000
7.94	9.635000
7.94	9.260000
8.251	9.260000
8.251	9.120000
8.561	9.120000
8.561	9.241000
8.873	9.241000
8.873	9.881000
9.188	9.881000
9.188	9.871000
9.5	9.871000
9.5	9.861000
9.814	9.861000
9.814	9.951000
10.12	9.951000
10.12	9.707000
10.437	9.707000
10.437	9.578000
10.75	9.578000
10.75	9.581000
11.067	9.581000
11.067	9.771000
11.376	9.771000
11.376	9.738000
11.685	9.738000
11.685	9.685000
11.993	9.685000
11.993	9.691000
12.307	9.691000
12.307	9.787000
12.62	9.787000
12.62	9.682000
12.936	9.682000
12.936	9.707000
13.207	9.707000
13.207	9.698000
13.473	9.698000
13.473	9.760000
13.743	9.760000
13.743	9.642000
14.056	9.642000
14.056	9.648000
14.369	9.648000
14.369	9.646000
14.681	9.646000
14.681	9.799000
14.993	9.799000
14.993	9.754000
15.299	9.754000
15.299	9.789000
15.613	9.789000
15.613	9.713000
15.927	9.713000
15.927	9.743000
16.242	9.743000
16.242	9.722000
16.556	9.722000
16.556	9.962000
16.872	9.962000
16.872	9.903000
17.187	9.903000
17.187	9.517000
17.497	9.517000
17.497	9.666000
17.813	9.666000
17.813	9.483000
18.125	9.483000
18.125	9.950000
18.438	9.950000
18.438	9.978000
18.753	9.978000
18.753	8.912000
19.07	8.912000
19.07	8.840000
19.387	8.840000
19.387	8.905000
19.703	8.905000
19.703	9.827000
20.015	9.827000
20.015	9.846000
20.33	9.846000
20.33	9.887000
20.643	9.887000
20.643	9.897000
20.951	9.897000
20.951	9.991000
21.26	9.991000
21.26	9.898000
21.571	9.898000
21.571	9.904000
21.886	9.904000
21.886	9.819000
22.197	9.819000
22.197	9.806000
22.512	9.806000
22.512	9.350000
22.826	9.350000
22.826	9.539000
23.14	9.539000
23.14	9.412000
23.457	9.412000
23.457	9.366000
23.772	9.366000
23.772	9.704000
24.087	9.704000
24.087	9.454000
24.401	9.454000
24.401	9.792000
24.709	9.792000
24.709	9.793000
25.02	9.793000
25.02	9.788000
25.329	9.788000
25.329	9.733000
25.643	9.733000
25.643	9.788000
25.954	9.788000
25.954	9.672000
26.267	9.672000
26.267	9.618000
26.583	9.618000
26.583	9.600000
26.897	9.600000
26.897	9.599000
27.213	9.599000
27.213	9.341000
27.523	9.341000
27.523	9.406000
27.832	9.406000
27.832	9.280000
28.141	9.280000
28.141	9.917000
28.456	9.917000
28.456	9.963000
28.768	9.963000
28.768	9.942000
29.083	9.942000
29.083	9.940000
29.397	9.940000
29.397	9.937000
29.714	9.937000
29.714	9.625000
30.026	9.625000
30.026	9.722000
30.337	9.722000
30.337	9.698000
30.651	9.698000
30.651	9.659000
30.969	9.659000
30.969	9.702000
31.286	9.702000
31.286	9.686000
31.603	9.686000
31.603	9.956000
31.917	9.956000
31.917	9.168000
32.267	9.168000
32.267	9.194000
32.616	9.194000
32.616	9.201000
32.965	9.201000
32.965	9.606000
33.281	9.606000
33.281	9.637000
33.598	9.637000
33.598	9.702000
33.915	9.702000
33.915	9.607000
34.228	9.607000
34.228	9.579000
34.542	9.579000
34.542	9.651000
34.856	9.651000
34.856	9.713000
35.167	9.713000
35.167	9.710000
35.481	9.710000
35.481	9.714000
35.793	9.714000
35.793	9.212000
36.151	9.212000
36.151	9.069000
36.505	9.069000
36.505	9.285000
36.863	9.285000
36.863	9.040000
37.178	9.040000
37.178	9.130000
37.496	9.130000
37.496	8.996000
37.809	8.996000
37.809	9.619000
38.12	9.619000
38.12	9.672000
38.435	9.672000
38.435	9.612000
38.749	9.612000
38.749	9.898000
39.063	9.898000
39.063	9.874000
39.377	9.874000
39.377	9.922000
39.692	9.922000
39.692	9.274000
40.007	9.274000
40.007	9.223000
40.322	9.223000
40.322	9.211000
40.637	9.211000
40.637	9.675000
40.947	9.675000
40.947	9.665000
41.251	9.665000
41.251	9.732000
41.564	9.732000
41.564	9.322000
41.877	9.322000
41.877	9.392000
42.192	9.392000
42.192	9.381000
42.505	9.381000
42.505	9.255000
42.819	9.255000
42.819	9.367000
43.128	9.367000
43.128	9.283000
43.441	9.283000
43.441	9.518000
43.754	9.518000
43.754	9.484000
44.062	9.484000
44.062	9.520000
44.374	9.520000
44.374	9.611000
44.686	9.611000
44.686	9.657000
44.996	9.657000
44.996	9.579000
45.308	9.579000
45.308	9.867000
45.622	9.867000
45.622	9.381000
45.936	9.381000
45.936	9.453000
46.252	9.453000
46.252	9.321000
46.568	9.321000
46.568	9.904000
46.879	9.904000
46.879	9.851000
47.191	9.851000
47.191	9.926000
47.505	9.926000
47.505	9.807000
47.822	9.807000
47.822	9.834000
48.13	9.834000
48.13	9.868000
48.446	9.868000
48.446	9.968000
48.761	9.968000
48.761	9.944000
49.076	9.944000
49.076	9.403000
49.392	9.403000
49.392	9.257000
49.706	9.257000
49.706	9.249000
50.022	9.249000
50.022	9.732000
50.337	9.732000
50.337	9.836000
50.652	9.836000
50.652	9.771000
50.968	9.771000
50.968	9.763000
51.285	9.763000
51.285	9.866000
51.601	9.866000
51.601	9.787000
51.913	9.787000
51.913	9.998000
52.227	9.998000
52.227	9.995000
52.536	9.995000
52.536	9.972000
52.849	9.972000
52.849	9.833000
53.167	9.833000
53.167	9.726000
53.481	9.726000
53.481	9.855000
53.799	9.855000
53.799	9.526000
54.116	9.526000
54.116	9.592000
54.431	9.592000
54.431	9.489000
54.748	9.489000
54.748	9.930000
55.061	9.930000
55.061	9.842000
55.375	9.842000
55.375	9.964000
55.688	9.964000
55.688	9.861000
56.004	9.861000
56.004	9.828000
56.315	9.828000
56.315	9.842000
56.63	9.842000
56.63	9.976000
56.905	9.976000
56.905	9.474000
57.218	9.474000
57.218	9.505000
57.527	9.505000
57.527	9.540000
57.835	9.540000
57.835	9.739000
58.152	9.739000
58.152	9.727000
58.467	9.727000
58.467	9.677000
58.784	9.677000
58.784	9.911000
59.101	9.911000
59.101	9.940000
59.419	9.940000
59.419	9.916000
59.736	9.916000
59.736	9.294000
60.051	9.294000
60.051	9.208000
60.366	9.208000
60.366	9.281000
60.68	9.281000
60.68	9.715000
60.991	9.715000
60.991	9.714000
61.303	9.714000
61.303	9.671000
61.613	9.671000
61.613	9.894000
61.928	9.894000
61.928	9.937000
62.245	9.937000
62.245	9.788000
62.56	9.788000
62.56	9.662000
62.875	9.662000
62.875	9.812000
63.186	9.812000
63.186	9.644000
63.498	9.644000
63.498	9.724000
63.814	9.724000
63.814	9.568000
64.128	9.568000
64.128	9.686000
64.444	9.686000
64.444	9.760000
64.76	9.760000
64.76	9.796000
65.075	9.796000
65.075	9.717000
65.39	9.717000
65.39	9.433000
65.706	9.433000
65.706	9.459000
66.024	9.459000
66.024	9.379000
66.339	9.379000
66.339	9.968000
66.655	9.968000
66.655	9.759000
66.971	9.759000
66.971	9.657000
67.284	9.657000
67.284	9.762000
67.6	9.762000
67.6	9.978000
67.916	9.978000
67.916	9.479000
68.231	9.479000
68.231	9.533000
68.547	9.533000
68.547	9.497000
68.863	9.497000
68.863	9.548000
69.176	9.548000
69.176	9.578000
69.483	9.578000
69.483	9.527000
69.793	9.527000
69.793	9.409000
70.109	9.409000
70.109	9.421000
70.421	9.421000
70.421	9.390000
70.738	9.390000
70.738	9.891000
71.053	9.891000
71.053	9.958000
71.368	9.958000
71.368	9.890000
71.684	9.890000
71.684	9.991000
71.992	9.991000
71.992	9.929000
72.307	9.929000
72.307	9.754000
72.621	9.754000
72.621	9.958000
72.936	9.958000
72.936	9.824000
73.251	9.824000
73.251	9.851000
73.564	9.851000
73.564	9.805000
73.881	9.805000
73.881	9.763000
74.196	9.763000
74.196	9.895000
74.507	9.895000
74.507	9.678000
74.822	9.678000
74.822	9.999000
75.136	9.999000
75.136	9.798000
75.451	9.798000
75.451	9.586000
75.766	9.586000
75.766	9.730000
76.084	9.730000
76.084	9.963000
76.395	9.963000
76.395	9.929000
76.706	9.929000
76.706	9.911000
77.02	9.911000
77.02	9.994000
77.334	9.994000
77.334	9.495000
77.647	9.495000
77.647	9.360000
77.956	9.360000
77.956	9.542000
78.268	9.542000
78.268	9.837000
78.585	9.837000
78.585	9.863000
78.901	9.863000
78.901	9.845000
79.218	9.845000
79.218	9.940000
79.534	9.940000
79.534	9.914000
79.851	9.914000
79.851	9.947000
80.164	9.947000
80.164	9.833000
80.48	9.833000
80.48	9.853000
80.794	9.853000
80.794	9.857000
81.11	9.857000
81.11	9.973000
81.423	9.973000
81.423	9.973000
81.735	9.973000
81.735	9.661000
82.047	9.661000
82.047	9.542000
82.354	9.542000
82.354	9.623000
82.668	9.623000
82.668	9.932000
82.984	9.932000
82.984	9.892000
83.298	9.892000
83.298	9.947000
83.614	9.947000
83.614	9.799000
83.926	9.799000
83.926	9.679000
84.233	9.679000
84.233	9.713000
84.546	9.713000
84.546	9.909000
84.861	9.909000
84.861	9.715000
85.175	9.715000
85.175	9.856000
85.49	9.856000
85.49	9.807000
85.806	9.807000
85.806	9.800000
86.122	9.800000
86.122	9.703000
86.439	9.703000
86.439	9.911000
86.754	9.911000
86.754	9.895000
87.069	9.895000
87.069	9.923000
87.383	9.923000
87.383	9.705000
87.7	9.705000
87.7	9.634000
88.01	9.634000
88.01	9.675000
88.327	9.675000
88.327	9.628000
88.641	9.628000
88.641	9.535000
88.953	9.535000
88.953	9.581000
89.268	9.581000
89.268	9.908000
89.582	9.908000
89.582	9.955000
89.9	9.955000
89.9	9.915000
90.215	9.915000
90.215	9.994000
90.531	9.994000
90.531	9.984000
90.846	9.984000
90.846	9.787000
91.158	9.787000
91.158	9.842000
91.471	9.842000
91.471	9.785000
91.785	9.785000
91.785	9.982000
92.097	9.982000
92.097	9.963000
92.413	9.963000
92.413	9.482000
92.727	9.482000
92.727	9.571000
93.033	9.571000
93.033	9.383000
93.35	9.383000
93.35	9.735000
93.661	9.735000
93.661	9.750000
93.972	9.750000
93.972	9.726000
94.287	9.726000
94.287	9.603000
94.636	9.603000
94.636	9.511000
94.983	9.511000
94.983	9.540000
95.328	9.540000
95.328	9.203000
95.644	9.203000
95.644	9.285000
95.958	9.285000
95.958	9.207000
96.274	9.207000
96.274	9.457000
96.588	9.457000
96.588	9.492000
96.901	9.492000
96.901	9.559000
97.216	9.559000
97.216	8.329000
97.569	8.329000
97.569	8.009000
97.921	8.009000
97.921	8.212000
98.275	8.212000
98.275	8.989000
98.627	8.989000
98.627	8.948000
98.974	8.948000
98.974	8.952000
99.326	8.952000
99.326	9.169000
99.638	9.169000
99.638	9.306000
99.95	9.306000
99.95	9.216000
100.262	9.216000
100.262	9.930000
100.578	9.930000
100.578	9.940000
100.89	9.940000
100.89	9.762000
101.239	9.762000
101.239	9.632000
101.581	9.632000
101.581	9.870000
101.93	9.870000
101.93	9.523000
102.274	9.523000
102.274	9.563000
102.62	9.563000
102.62	9.305000
102.965	9.305000
102.965	9.725000
103.28	9.725000
103.28	9.755000
103.594	9.755000
103.594	9.708000
103.908	9.708000
103.908	8.959000
104.224	8.959000
104.224	9.006000
104.542	9.006000
104.542	8.897000
104.856	8.897000
104.856	9.258000
105.173	9.258000
105.173	9.213000
105.491	9.213000
105.491	9.201000
105.806	9.201000
105.806	9.729000
106.122	9.729000
106.122	9.605000
106.435	9.605000
106.435	9.714000
106.75	9.714000
106.75	9.855000
107.066	9.855000
107.066	9.761000
107.381	9.761000
107.381	9.894000
107.697	9.894000
107.697	7.928000
108.042	7.928000
108.042	7.871000
108.385	7.871000
108.385	8.131000
108.735	8.131000
108.735	7.503000
109.087	7.503000
109.087	7.557000
109.434	7.557000
109.434	7.536000
109.786	7.536000
109.786	9.683000
110.102	9.683000
110.102	9.640000
110.418	9.640000
110.418	9.629000
110.732	9.629000
110.732	9.298000
111.047	9.298000
111.047	9.361000
111.36	9.361000
111.36	9.308000
111.676	9.308000
111.676	9.973000
111.99	9.973000
111.99	8.883000
112.336	8.883000
112.336	8.905000
112.683	8.905000
112.683	8.855000
113.031	8.855000
113.031	9.843000
113.348	9.843000
113.348	9.792000
113.665	9.792000
113.665	9.902000
113.975	9.902000
113.975	9.792000
114.325	9.792000
114.325	9.720000
114.675	9.720000
114.675	9.805000
115.022	9.805000
115.022	9.975000
115.333	9.975000
115.333	9.953000
115.649	9.953000
115.649	9.892000
115.962	9.892000
115.962	9.882000
116.276	9.882000
116.276	9.801000
116.585	9.801000
116.585	9.914000
116.899	9.914000
116.899	9.964000
117.213	9.964000
117.213	9.957000
117.527	9.957000
117.527	9.932000
117.838	9.932000
117.838	9.970000
118.151	9.970000
118.151	9.823000
118.469	9.823000
118.469	9.956000
118.784	9.956000
118.784	9.886000
119.102	9.886000
119.102	9.988000
119.419	9.988000
119.419	9.513000
119.736	9.513000
119.736	9.351000
120.048	9.351000
120.048	9.440000
120.362	9.440000
120.362	0.000000
120.362	0.000000
120.362	0.000000
120.362	0.000000
120.362	0.000000
120.362	0.000000
120.362	9.979000
120.675	9.979000
120.675	9.694000
120.992	9.694000
120.992	9.571000
121.305	9.571000
121.305	9.569000
121.622	9.569000
121.622	9.975000
121.932	9.975000
121.932	9.942000
122.245	9.942000
122.245	9.321000
122.558	9.321000
122.558	9.293000
122.868	9.293000
122.868	9.335000
123.176	9.335000
123.176	9.920000
123.494	9.920000
123.494	9.776000
123.809	9.776000
123.809	9.881000
124.126	9.881000
124.126	9.981000
124.441	9.981000
124.441	9.479000
124.757	9.479000
124.757	9.574000
125.072	9.574000
125.072	9.506000
125.385	9.506000
125.385	9.607000
125.696	9.607000
125.696	9.587000
126.006	9.587000
126.006	9.601000
126.317	9.601000
126.317	9.403000
126.67	9.403000
126.67	9.334000
127.021	9.334000
127.021	9.524000
127.376	9.524000
127.376	9.986000
127.688	9.986000
127.688	9.999000
128.001	9.999000
128.001	9.442000
128.315	9.442000
128.315	9.432000
128.629	9.432000
128.629	9.422000
128.944	9.422000
128.944	9.994000
129.254	9.994000
129.254	9.959000
129.558	9.959000
129.558	9.739000
129.876	9.739000
129.876	9.692000
130.192	9.692000
130.192	9.791000
130.509	9.791000
130.509	9.931000
130.819	9.931000
130.819	9.909000
131.135	9.909000
131.135	9.901000
131.447	9.901000
131.447	9.761000
131.758	9.761000
131.758	9.810000
132.07	9.810000
132.07	9.715000
132.385	9.715000
132.385	9.404000
132.734	9.404000
132.734	9.540000
133.084	9.540000
133.084	9.423000
133.436	9.423000
133.436	9.413000
133.753	9.413000
133.753	9.284000
134.067	9.284000
134.067	9.461000
134.384	9.461000
134.384	9.755000
134.69	9.755000
134.69	9.668000
135.003	9.668000
135.003	9.795000
135.32	9.795000
135.32	9.851000
135.635	9.851000
135.635	9.925000
135.948	9.925000
135.948	9.572000
136.263	9.572000
136.263	9.502000
136.575	9.502000
136.575	9.565000
136.891	9.565000
136.891	9.413000
137.209	9.413000
137.209	9.533000
137.524	9.533000
137.524	9.427000
137.842	9.427000
137.842	9.585000
138.117	9.585000
138.117	9.523000
138.392	9.523000
138.392	9.585000
138.667	9.585000
138.667	9.405000
138.984	9.405000
138.984	9.454000
139.298	9.454000
139.298	9.438000
139.616	9.438000
139.616	9.676000
139.929	9.676000
139.929	9.707000
140.244	9.707000
140.244	9.649000
140.557	9.649000
140.557	9.812000
140.873	9.812000
140.873	9.779000
141.186	9.779000
141.186	9.837000
141.502	9.837000
141.502	9.693000
141.817	9.693000
141.817	9.695000
142.131	9.695000
142.131	9.716000
142.446	9.716000
142.446	9.973000
142.759	9.973000
142.759	9.313000
143.106	9.313000
143.106	9.291000
143.454	9.291000
143.454	9.225000
143.796	9.225000
143.796	8.673000
144.111	8.673000
144.111	8.387000
144.429	8.387000
144.429	8.520000
144.748	8.520000
144.748	0.000000
144.748	0.000000
144.748	0.000000
144.748	0.000000
144.748	0.000000
144.748	0.000000
144.748	9.565000
145.06	9.565000
145.06	9.643000
145.366	9.643000
145.366	9.529000
145.68	9.529000
145.68	0.000000
145.68	0.000000
145.68	0.000000
145.68	0.000000
145.68	0.237000
145.782	0.237000
145.782	0.220000
145.884	0.220000
145.884	0.000000
145.884	0.000000
145.884	0.000000
145.884	0.000000
145.884	0.000000
145.884	0.000000
145.884	0.251000
145.986	0.251000
145.986	0.336000
146.088	0.336000
146.088	0.000000
146.088	0.000000
146.088	0.000000
146.088	0.000000
146.088	0.000000
146.088	0.000000
146.088	0.188000
146.19	0.188000
146.19	0.171000
146.292	0.171000
146.292	0.000000
146.292	0.000000
146.292	0.378000
146.394	0.378000
146.394	0.388000
146.496	0.388000
146.496	0.000000
146.496	0.000000
146.496	0.000000
146.496	0.000000
146.496	9.541000
146.81	9.541000
146.81	9.489000
147.126	9.489000
147.126	0.000000
147.126	0.000000
147.126	0.000000
147.126	0.000000
147.126	9.980000
147.442	9.980000
147.442	0.000000
147.442	0.000000
147.442	9.634000
147.79	9.634000
147.79	9.705000
148.141	9.705000
148.141	0.000000
148.141	0.000000
148.141	0.378000
148.243	0.378000
148.243	0.256000
148.345	0.256000
148.345	0.000000
148.345	0.000000
148.345	9.622000
148.647	9.622000
148.647	9.577000
148.956	9.577000
148.956	0.000000
148.956	0.000000
148.956	0.260000
149.058	0.260000
149.058	0.330000
149.16	0.330000
149.16	9.773000
149.477	9.773000
149.477	9.797000
149.791	9.797000
149.791	9.812000
150.105	9.812000
150.105	9.916000
150.42	9.916000
150.42	9.948000
150.733	9.948000
150.733	9.919000
151.049	9.919000
151.049	9.959000
151.361	9.959000
151.361	9.993000
151.671	9.993000
151.671	9.503000
152.024	9.503000
152.024	9.471000
152.377	9.471000
152.377	9.516000
152.73	9.516000
152.73	9.683000
153.042	9.683000
153.042	9.693000
153.355	9.693000
153.355	9.698000
153.666	9.698000
153.666	9.647000
153.981	9.647000
153.981	9.582000
154.293	9.582000
154.293	9.552000
154.61	9.552000
154.61	9.697000
154.925	9.697000
154.925	9.728000
155.241	9.728000
155.241	9.645000
155.556	9.645000
155.556	9.733000
155.87	9.733000
155.87	9.787000
156.188	9.787000
156.188	9.740000
156.504	9.740000
156.504	9.753000
156.819	9.753000
156.819	9.629000
157.133	9.629000
157.133	9.671000
157.447	9.671000
157.447	9.762000
157.76	9.762000
157.76	9.852000
158.068	9.852000
158.068	9.784000
158.38	9.784000
158.38	9.434000
158.69	9.434000
158.69	9.449000
159.002	9.449000
159.002	9.414000
159.315	9.414000
159.315	9.524000
159.63	9.524000
159.63	9.541000
159.948	9.541000
159.948	9.522000
160.263	9.522000
160.263	9.455000
160.576	9.455000
160.576	9.325000
160.88	9.325000
160.88	9.429000
161.19	9.429000
161.19	9.638000
161.507	9.638000
161.507	9.694000
161.822	9.694000
161.822	9.641000
162.139	9.641000
