0.0	9.637000
0.354	9.637000
0.354	9.553000
0.707	9.553000
0.707	9.489000
1.06	9.489000
1.06	7.783000
1.378	7.783000
1.378	7.438000
1.696	7.438000
1.696	7.294000
2.014	7.294000
2.014	7.013000
2.367	7.013000
2.367	6.879000
2.72	6.879000
2.72	6.949000
3.072	6.949000
3.072	7.325000
3.425	7.325000
3.425	7.055000
3.778	7.055000
3.778	7.111000
4.131	7.111000
4.131	7.931000
4.449	7.931000
4.449	8.784000
4.767	8.784000
4.767	7.758000
5.085	7.758000
5.085	9.195000
5.403	9.195000
5.403	9.295000
5.721	9.295000
5.721	9.325000
6.039	9.325000
6.039	8.157000
6.357	8.157000
6.357	7.615000
6.675	7.615000
6.675	7.671000
6.993	7.671000
6.993	8.222000
7.311	8.222000
7.311	7.932000
7.629	7.932000
7.629	8.103000
7.947	8.103000
7.947	7.001000
8.3	7.001000
8.3	7.060000
8.653	7.060000
8.653	6.996000
9.006	6.996000
9.006	7.487000
9.323	7.487000
9.323	7.332000
9.641	7.332000
9.641	7.284000
9.959	7.284000
9.959	7.790000
10.277	7.790000
10.277	7.703000
10.595	7.703000
10.595	7.854000
10.913	7.854000
10.913	7.495000
11.232	7.495000
11.232	7.462000
11.551	7.462000
11.551	7.871000
11.869	7.871000
11.869	7.908000
12.187	7.908000
12.187	7.596000
12.505	7.596000
12.505	7.699000
12.823	7.699000
12.823	7.944000
13.141	7.944000
13.141	7.756000
13.459	7.756000
13.459	8.084000
13.777	8.084000
13.777	7.816000
14.095	7.816000
14.095	7.771000
14.413	7.771000
14.413	7.882000
14.731	7.882000
14.731	9.588000
15.049	9.588000
15.049	9.592000
15.367	9.592000
15.367	9.655000
15.685	9.655000
15.685	6.968000
16.038	6.968000
16.038	7.158000
16.391	7.158000
16.391	7.363000
16.744	7.363000
16.744	6.696000
17.062	6.696000
17.062	6.793000
17.38	6.793000
17.38	6.540000
17.698	6.540000
17.698	7.007000
18.016	7.007000
18.016	7.466000
18.334	7.466000
18.334	7.396000
18.652	7.396000
18.652	7.927000
18.97	7.927000
18.97	7.736000
19.288	7.736000
19.288	7.931000
19.606	7.931000
19.606	9.232000
19.924	9.232000
19.924	9.177000
20.242	9.177000
20.242	9.331000
20.56	9.331000
20.56	7.479000
20.878	7.479000
20.878	7.564000
21.196	7.564000
21.196	7.451000
21.514	7.451000
21.514	7.278000
21.832	7.278000
21.832	7.656000
22.15	7.656000
22.15	7.507000
22.468	7.507000
22.468	7.750000
22.786	7.750000
22.786	7.331000
23.104	7.331000
23.104	7.848000
23.421	7.848000
23.421	7.545000
23.739	7.545000
23.739	7.648000
24.057	7.648000
24.057	7.551000
24.375	7.551000
24.375	7.541000
24.693	7.541000
24.693	7.534000
25.011	7.534000
25.011	7.397000
25.329	7.397000
25.329	8.170000
25.647	8.170000
25.647	8.206000
25.965	8.206000
25.965	8.150000
26.283	8.150000
26.283	7.887000
26.601	7.887000
26.601	7.754000
26.919	7.754000
26.919	7.596000
27.237	7.596000
27.237	7.757000
27.59	7.757000
27.59	7.918000
27.943	7.918000
27.943	7.935000
28.295	7.935000
28.295	4.880000
28.613	4.880000
28.613	4.987000
28.931	4.987000
28.931	4.830000
29.249	4.830000
29.249	7.159000
29.566	7.159000
29.566	7.355000
29.884	7.355000
29.884	7.079000
30.202	7.079000
30.202	7.564000
30.555	7.564000
30.555	7.692000
30.906	7.692000
30.906	7.469000
31.259	7.469000
31.259	5.573000
31.577	5.573000
31.577	5.445000
31.895	5.445000
31.895	5.321000
32.213	5.321000
32.213	7.104000
32.531	7.104000
32.531	7.342000
32.849	7.342000
32.849	7.254000
33.167	7.254000
33.167	8.459000
33.485	8.459000
33.485	8.249000
33.803	8.249000
33.803	8.436000
34.121	8.436000
34.121	7.145000
34.439	7.145000
34.439	7.208000
34.757	7.208000
34.757	7.211000
35.075	7.211000
35.075	7.842000
35.393	7.842000
35.393	8.243000
35.711	8.243000
35.711	8.192000
36.029	8.192000
36.029	7.844000
36.382	7.844000
36.382	8.179000
36.734	8.179000
36.734	7.919000
37.087	7.919000
37.087	7.577000
37.44	7.577000
37.44	7.596000
37.793	7.596000
37.793	7.448000
38.146	7.448000
38.146	7.483000
38.463	7.483000
38.463	7.939000
38.781	7.939000
38.781	7.631000
39.099	7.631000
39.099	8.670000
39.417	8.670000
39.417	8.825000
39.735	8.825000
39.735	8.713000
40.053	8.713000
40.053	6.394000
40.371	6.394000
40.371	7.592000
40.689	7.592000
40.689	6.550000
41.007	6.550000
41.007	7.537000
41.325	7.537000
41.325	7.732000
41.643	7.732000
41.643	7.828000
41.961	7.828000
41.961	6.924000
42.314	6.924000
42.314	7.111000
42.667	7.111000
42.667	7.125000
43.02	7.125000
43.02	9.027000
43.338	9.027000
43.338	9.148000
43.655	9.148000
43.655	9.060000
43.973	9.060000
43.973	7.339000
44.291	7.339000
44.291	7.268000
44.609	7.268000
44.609	7.246000
44.927	7.246000
44.927	9.020000
45.28	9.020000
45.28	9.089000
45.632	9.089000
45.632	8.993000
45.985	8.993000
45.985	6.575000
46.303	6.575000
46.303	6.463000
46.621	6.463000
46.621	6.437000
46.939	6.437000
46.939	7.634000
47.257	7.634000
47.257	7.576000
47.575	7.576000
47.575	7.532000
47.893	7.532000
47.893	7.723000
48.246	7.723000
48.246	7.690000
48.599	7.690000
48.599	7.867000
48.952	7.867000
48.952	6.715000
49.27	6.715000
49.27	6.857000
49.588	6.857000
49.588	6.781000
49.906	6.781000
49.906	7.416000
50.224	7.416000
50.224	7.408000
50.542	7.408000
50.542	7.388000
50.86	7.388000
50.86	8.083000
51.178	8.083000
51.178	7.813000
51.496	7.813000
51.496	7.998000
51.813	7.998000
51.813	8.169000
52.125	8.169000
52.125	8.140000
52.437	8.140000
52.437	7.830000
52.749	7.830000
52.749	7.901000
53.066	7.901000
53.066	7.659000
53.384	7.659000
53.384	7.719000
53.702	7.719000
53.702	9.479000
54.055	9.479000
54.055	9.377000
54.407	9.377000
54.407	9.101000
54.76	9.101000
54.76	7.198000
55.113	7.198000
55.113	7.040000
55.466	7.040000
55.466	6.984000
55.819	6.984000
55.819	8.113000
56.137	8.113000
56.137	8.143000
56.455	8.143000
56.455	8.009000
56.773	8.009000
56.773	8.669000
57.091	8.669000
57.091	8.899000
57.409	8.899000
57.409	8.625000
57.727	8.625000
57.727	8.296000
58.08	8.296000
58.08	8.195000
58.433	8.195000
58.433	8.144000
58.786	8.144000
58.786	7.260000
59.063	7.260000
59.063	7.321000
59.34	7.321000
59.34	7.496000
59.617	7.496000
59.617	8.538000
59.97	8.538000
59.97	8.770000
60.323	8.770000
60.323	8.598000
60.676	8.598000
60.676	7.436000
61.029	7.436000
61.029	7.573000
61.382	7.573000
61.382	7.414000
61.735	7.414000
61.735	7.842000
62.053	7.842000
62.053	7.951000
62.371	7.951000
62.371	7.991000
62.689	7.991000
62.689	7.557000
63.007	7.557000
63.007	7.724000
63.325	7.724000
63.325	7.656000
63.642	7.656000
63.642	8.420000
63.995	8.420000
63.995	8.307000
64.348	8.307000
64.348	8.255000
64.701	8.255000
64.701	7.544000
64.978	7.544000
64.978	8.020000
65.255	8.020000
65.255	8.033000
65.532	8.033000
65.532	8.653000
65.85	8.653000
65.85	9.167000
66.168	9.167000
66.168	9.007000
66.486	9.007000
66.486	7.423000
66.804	7.423000
66.804	7.519000
67.122	7.519000
67.122	7.895000
67.44	7.895000
67.44	7.205000
67.758	7.205000
67.758	7.641000
68.076	7.641000
68.076	7.589000
68.394	7.589000
68.394	6.699000
68.712	6.699000
68.712	6.783000
69.03	6.783000
69.03	6.865000
69.348	6.865000
69.348	6.781000
69.666	6.781000
69.666	6.716000
69.983	6.716000
69.983	6.965000
70.301	6.965000
70.301	7.489000
70.619	7.489000
70.619	7.962000
70.937	7.962000
70.937	7.934000
71.255	7.934000
71.255	9.101000
71.608	9.101000
71.608	9.187000
71.961	9.187000
71.961	8.977000
72.314	8.977000
72.314	7.815000
72.632	7.815000
72.632	7.759000
72.95	7.759000
72.95	7.742000
73.268	7.742000
73.268	7.550000
73.585	7.550000
73.585	7.454000
73.903	7.454000
73.903	7.472000
74.221	7.472000
74.221	7.774000
74.539	7.774000
74.539	7.397000
74.856	7.397000
74.856	7.363000
75.174	7.363000
75.174	8.195000
75.492	8.195000
75.492	8.255000
75.81	8.255000
75.81	8.091000
76.128	8.091000
76.128	8.175000
76.446	8.175000
76.446	8.049000
76.764	8.049000
76.764	8.086000
77.082	8.086000
77.082	7.345000
77.4	7.345000
77.4	7.289000
77.718	7.289000
77.718	7.304000
78.036	7.304000
78.036	8.660000
78.389	8.660000
78.389	8.197000
78.742	8.197000
78.742	8.223000
79.095	8.223000
79.095	7.849000
79.413	7.849000
79.413	7.688000
79.731	7.688000
79.731	7.747000
80.049	7.747000
80.049	8.019000
80.368	8.019000
80.368	7.724000
80.687	7.724000
80.687	7.798000
81.006	7.798000
81.006	6.416000
81.324	6.416000
81.324	6.540000
81.642	6.540000
81.642	6.612000
81.96	6.612000
81.96	7.600000
82.278	7.600000
82.278	7.078000
82.596	7.078000
82.596	7.123000
82.914	7.123000
82.914	7.773000
83.232	7.773000
83.232	7.746000
83.55	7.746000
83.55	7.620000
83.868	7.620000
83.868	8.162000
84.186	8.162000
84.186	8.029000
84.503	8.029000
84.503	8.139000
84.821	8.139000
84.821	7.759000
85.137	7.759000
85.137	7.237000
85.453	7.237000
85.453	7.372000
85.769	7.372000
85.769	7.690000
86.087	7.690000
86.087	7.751000
86.405	7.751000
86.405	7.326000
86.722	7.326000
86.722	8.583000
87.04	8.583000
87.04	8.571000
87.358	8.571000
87.358	8.476000
87.676	8.476000
87.676	8.046000
88.029	8.046000
88.029	8.122000
88.382	8.122000
88.382	7.900000
88.735	7.900000
88.735	7.804000
89.053	7.804000
89.053	7.655000
89.371	7.655000
89.371	7.732000
89.689	7.732000
89.689	8.106000
90.008	8.106000
90.008	7.806000
90.327	7.806000
90.327	7.922000
90.646	7.922000
90.646	8.050000
90.964	8.050000
90.964	8.249000
91.282	8.249000
91.282	7.954000
91.6	7.954000
91.6	7.807000
91.918	7.807000
91.918	8.057000
92.236	8.057000
92.236	7.809000
92.554	7.809000
92.554	7.628000
92.872	7.628000
92.872	7.275000
93.19	7.275000
93.19	7.295000
93.508	7.295000
93.508	8.477000
93.826	8.477000
93.826	8.335000
94.144	8.335000
94.144	8.376000
94.462	8.376000
94.462	8.101000
94.78	8.101000
94.78	7.849000
95.098	7.849000
95.098	7.781000
95.416	7.781000
95.416	7.660000
95.734	7.660000
95.734	6.963000
96.052	6.963000
96.052	7.065000
96.37	7.065000
96.37	8.225000
96.688	8.225000
96.688	8.507000
97.006	8.507000
97.006	8.318000
97.324	8.318000
97.324	7.288000
97.642	7.288000
97.642	7.479000
97.96	7.479000
97.96	7.594000
98.278	7.594000
98.278	7.806000
98.596	7.806000
98.596	8.009000
98.914	8.009000
98.914	8.066000
99.232	8.066000
99.232	7.188000
99.55	7.188000
99.55	7.245000
99.868	7.245000
99.868	7.035000
100.186	7.035000
100.186	8.286000
100.504	8.286000
100.504	8.481000
100.822	8.481000
100.822	8.337000
101.14	8.337000
101.14	7.465000
101.458	7.465000
101.458	7.052000
101.776	7.052000
101.776	7.194000
102.094	7.194000
102.094	7.577000
102.412	7.577000
102.412	7.562000
102.73	7.562000
102.73	7.449000
103.048	7.449000
103.048	7.965000
103.401	7.965000
103.401	8.062000
103.754	8.062000
103.754	7.864000
104.107	7.864000
104.107	7.528000
104.424	7.528000
104.424	7.710000
104.742	7.710000
104.742	7.652000
105.06	7.652000
105.06	6.912000
105.378	6.912000
105.378	7.050000
105.696	7.050000
105.696	7.056000
106.014	7.056000
106.014	8.122000
106.332	8.122000
106.332	8.460000
106.65	8.460000
106.65	7.867000
106.968	7.867000
106.968	7.910000
107.286	7.910000
107.286	7.945000
107.604	7.945000
107.604	7.979000
107.922	7.979000
107.922	8.131000
108.24	8.131000
108.24	8.624000
108.558	8.624000
108.558	8.288000
108.876	8.288000
108.876	8.464000
109.194	8.464000
109.194	8.306000
109.512	8.306000
109.512	8.411000
109.83	8.411000
109.83	6.188000
110.147	6.188000
110.147	6.428000
110.465	6.428000
110.465	6.480000
110.783	6.480000
110.783	7.168000
111.101	7.168000
111.101	7.309000
111.418	7.309000
111.418	7.196000
111.735	7.196000
111.735	8.952000
112.053	8.952000
112.053	8.781000
112.371	8.781000
112.371	8.811000
112.689	8.811000
112.689	8.011000
113.007	8.011000
113.007	8.067000
113.325	8.067000
113.325	7.873000
113.643	7.873000
113.643	7.302000
113.961	7.302000
113.961	7.389000
114.279	7.389000
114.279	7.301000
114.597	7.301000
114.597	7.813000
114.915	7.813000
114.915	7.845000
115.233	7.845000
115.233	7.967000
115.551	7.967000
115.551	7.603000
115.869	7.603000
115.869	7.354000
116.187	7.354000
116.187	7.380000
116.505	7.380000
116.505	7.402000
116.823	7.402000
116.823	7.718000
117.141	7.718000
117.141	7.569000
117.459	7.569000
117.459	8.059000
117.812	8.059000
117.812	8.221000
118.165	8.221000
118.165	8.199000
118.518	8.199000
118.518	8.056000
118.836	8.056000
118.836	8.022000
119.154	8.022000
119.154	7.947000
119.472	7.947000
119.472	8.526000
119.79	8.526000
119.79	8.421000
120.108	8.421000
120.108	8.489000
120.426	8.489000
120.426	8.044000
120.779	8.044000
120.779	8.029000
121.132	8.029000
121.132	8.031000
121.485	8.031000
121.485	8.123000
121.803	8.123000
121.803	7.961000
122.121	7.961000
122.121	8.003000
122.439	8.003000
122.439	7.024000
122.792	7.024000
122.792	7.044000
123.145	7.044000
123.145	7.190000
123.498	7.190000
123.498	7.164000
123.816	7.164000
123.816	7.191000
124.134	7.191000
124.134	7.448000
124.451	7.448000
124.451	6.851000
124.768	6.851000
124.768	6.830000
125.086	6.830000
125.086	6.785000
125.404	6.785000
125.404	7.504000
125.721	7.504000
125.721	7.672000
126.039	7.672000
126.039	7.709000
126.357	7.709000
126.357	8.441000
126.675	8.441000
126.675	8.517000
126.993	8.517000
126.993	8.208000
127.311	8.208000
127.311	6.702000
127.629	6.702000
127.629	7.231000
127.947	7.231000
127.947	7.189000
128.265	7.189000
128.265	8.649000
128.583	8.649000
128.583	8.399000
128.901	8.399000
128.901	8.295000
129.219	8.295000
129.219	7.527000
129.537	7.527000
129.537	7.575000
129.855	7.575000
129.855	7.739000
130.172	7.739000
130.172	7.347000
130.49	7.347000
130.49	7.378000
130.808	7.378000
130.808	7.309000
131.126	7.309000
131.126	8.323000
131.444	8.323000
131.444	8.174000
131.762	8.174000
131.762	8.052000
132.08	8.052000
132.08	8.485000
132.398	8.485000
132.398	8.529000
132.716	8.529000
132.716	8.614000
133.033	8.614000
133.033	7.532000
133.351	7.532000
133.351	7.483000
133.669	7.483000
133.669	7.530000
133.987	7.530000
133.987	7.987000
134.305	7.987000
134.305	7.773000
134.623	7.773000
134.623	7.601000
134.941	7.601000
134.941	9.208000
135.294	9.208000
135.294	9.063000
135.647	9.063000
135.647	8.901000
136.0	8.901000
136.0	7.100000
136.317	7.100000
136.317	7.528000
136.635	7.528000
136.635	7.488000
136.953	7.488000
136.953	8.884000
137.306	8.884000
137.306	8.911000
137.659	8.911000
137.659	8.685000
138.012	8.685000
138.012	7.291000
138.33	7.291000
138.33	7.345000
138.648	7.345000
138.648	7.413000
138.966	7.413000
138.966	7.860000
139.284	7.860000
139.284	7.792000
139.602	7.792000
139.602	7.847000
139.92	7.847000
139.92	7.469000
140.274	7.469000
140.274	7.635000
140.628	7.635000
140.628	7.414000
140.982	7.414000
140.982	8.126000
141.3	8.126000
141.3	8.046000
141.618	8.046000
141.618	8.183000
141.936	8.183000
141.936	7.764000
142.253	7.764000
142.253	8.133000
142.571	8.133000
142.571	7.677000
142.889	7.677000
142.889	7.984000
143.207	7.984000
143.207	8.165000
143.524	8.165000
143.524	7.951000
143.842	7.951000
143.842	7.972000
144.16	7.972000
144.16	7.863000
144.478	7.863000
144.478	7.728000
144.796	7.728000
144.796	7.510000
145.114	7.510000
145.114	7.768000
145.432	7.768000
145.432	7.618000
145.75	7.618000
145.75	8.735000
146.103	8.735000
146.103	8.490000
146.456	8.490000
146.456	8.438000
146.809	8.438000
146.809	7.716000
147.127	7.716000
147.127	7.726000
147.445	7.726000
147.445	7.671000
147.763	7.671000
147.763	8.299000
148.08	8.299000
148.08	7.950000
148.398	7.950000
148.398	7.998000
148.715	7.998000
148.715	7.405000
149.068	7.405000
149.068	7.454000
149.42	7.454000
149.42	7.417000
149.773	7.417000
149.773	9.776000
150.126	9.776000
150.126	9.648000
150.479	9.648000
150.479	7.888000
150.797	7.888000
150.797	7.890000
151.115	7.890000
151.115	8.056000
151.433	8.056000
151.433	8.459000
151.786	8.459000
151.786	8.605000
152.139	8.605000
152.139	8.498000
152.492	8.498000
152.492	7.675000
152.81	7.675000
152.81	7.728000
153.128	7.728000
153.128	7.540000
153.446	7.540000
153.446	7.286000
153.764	7.286000
153.764	7.321000
154.08	7.321000
154.08	7.324000
154.396	7.324000
154.396	7.337000
154.714	7.337000
154.714	7.555000
155.032	7.555000
155.032	7.576000
155.35	7.576000
155.35	7.573000
155.703	7.573000
155.703	7.506000
156.056	7.506000
156.056	7.491000
156.409	7.491000
156.409	7.280000
156.727	7.280000
156.727	7.283000
157.044	7.283000
157.044	7.411000
157.362	7.411000
157.362	7.652000
157.679	7.652000
157.679	7.928000
157.997	7.928000
157.997	7.919000
158.315	7.919000
158.315	8.979000
158.633	8.979000
158.633	8.809000
158.951	8.809000
158.951	8.627000
159.269	8.627000
159.269	7.613000
159.587	7.613000
159.587	7.719000
159.905	7.719000
159.905	7.726000
160.223	7.726000
160.223	6.776000
160.541	6.776000
160.541	6.991000
160.859	6.991000
160.859	6.950000
161.177	6.950000
161.177	7.883000
161.494	7.883000
161.494	7.852000
161.81	7.852000
161.81	7.875000
162.126	7.875000
162.126	9.122000
162.444	9.122000
162.444	9.144000
162.762	9.144000
162.762	9.125000
163.08	9.125000
163.08	6.845000
163.398	6.845000
163.398	6.851000
163.716	6.851000
163.716	7.045000
164.034	7.045000
164.034	6.793000
164.352	6.793000
164.352	6.796000
164.67	6.796000
164.67	6.694000
164.988	6.694000
164.988	7.264000
165.341	7.264000
165.341	7.449000
165.694	7.449000
165.694	7.493000
166.047	7.493000
166.047	7.576000
166.364	7.576000
166.364	7.502000
166.679	7.502000
166.679	7.404000
166.994	7.404000
166.994	8.064000
167.312	8.064000
167.312	8.109000
167.63	8.109000
167.63	8.083000
167.948	8.083000
167.948	8.861000
168.301	8.861000
168.301	8.955000
168.654	8.955000
168.654	8.786000
169.007	8.786000
169.007	7.627000
169.36	7.627000
169.36	7.896000
169.712	7.896000
169.712	7.932000
170.063	7.932000
170.063	8.346000
170.381	8.346000
170.381	8.559000
170.699	8.559000
170.699	8.520000
171.017	8.520000
171.017	8.241000
171.335	8.241000
171.335	8.233000
171.653	8.233000
171.653	8.103000
171.971	8.103000
171.971	7.380000
172.277	7.380000
172.277	7.498000
172.583	7.498000
172.583	7.422000
172.889	7.422000
172.889	9.702000
173.207	9.702000
173.207	9.583000
173.525	9.583000
173.525	9.735000
173.843	9.735000
173.843	8.516000
174.161	8.516000
174.161	8.490000
174.478	8.490000
174.478	8.503000
174.795	8.503000
174.795	7.617000
175.072	7.617000
175.072	7.708000
175.349	7.708000
175.349	7.716000
175.626	7.716000
175.626	7.331000
175.944	7.331000
175.944	7.682000
176.261	7.682000
176.261	7.285000
176.579	7.285000
176.579	7.826000
176.897	7.826000
176.897	7.952000
177.215	7.952000
177.215	7.865000
177.532	7.865000
177.532	8.590000
177.85	8.590000
177.85	8.540000
178.168	8.540000
178.168	8.524000
178.486	8.524000
178.486	8.131000
178.804	8.131000
178.804	8.183000
179.122	8.183000
179.122	8.241000
179.44	8.241000
179.44	9.299000
179.758	9.299000
179.758	9.216000
180.076	9.216000
180.076	9.203000
180.394	9.203000
180.394	7.582000
180.712	7.582000
180.712	7.418000
181.03	7.418000
181.03	7.451000
181.348	7.451000
181.348	7.908000
181.666	7.908000
181.666	8.072000
181.984	8.072000
181.984	8.064000
182.302	8.064000
182.302	7.799000
182.62	7.799000
182.62	7.616000
182.938	7.616000
182.938	7.588000
183.256	7.588000
183.256	8.022000
183.574	8.022000
183.574	7.565000
183.892	7.565000
183.892	7.611000
184.21	7.611000
184.21	6.851000
184.563	6.851000
184.563	7.134000
184.916	7.134000
184.916	6.924000
185.269	6.924000
185.269	7.345000
185.587	7.345000
185.587	7.337000
185.905	7.337000
185.905	7.572000
186.222	7.572000
186.222	7.632000
186.54	7.632000
186.54	7.443000
186.858	7.443000
186.858	7.393000
187.176	7.393000
187.176	7.886000
187.494	7.886000
187.494	7.968000
187.812	7.968000
187.812	8.166000
188.13	8.166000
188.13	7.318000
188.448	7.318000
188.448	7.428000
188.766	7.428000
188.766	7.412000
189.084	7.412000
189.084	7.624000
189.402	7.624000
189.402	7.780000
189.72	7.780000
189.72	7.898000
190.038	7.898000
190.038	7.803000
190.356	7.803000
190.356	7.933000
190.674	7.933000
190.674	7.640000
190.99	7.640000
190.99	8.732000
191.309	8.732000
191.309	9.065000
191.628	9.065000
191.628	8.603000
191.947	8.603000
191.947	7.701000
192.265	7.701000
192.265	7.621000
192.583	7.621000
192.583	7.638000
192.901	7.638000
192.901	7.056000
193.219	7.056000
193.219	7.341000
193.537	7.341000
193.537	7.327000
193.855	7.327000
193.855	8.122000
194.208	8.122000
194.208	8.267000
194.561	8.267000
194.561	7.929000
194.914	7.929000
194.914	7.256000
195.232	7.256000
195.232	7.220000
195.55	7.220000
195.55	7.203000
195.868	7.203000
195.868	8.221000
196.186	8.221000
196.186	8.208000
196.504	8.208000
196.504	8.338000
196.822	8.338000
196.822	6.506000
197.14	6.506000
197.14	6.258000
197.458	6.258000
197.458	6.438000
197.776	6.438000
197.776	6.833000
198.093	6.833000
198.093	6.685000
198.411	6.685000
198.411	6.373000
198.729	6.373000
198.729	7.962000
199.047	7.962000
199.047	7.984000
199.365	7.984000
199.365	7.961000
199.683	7.961000
199.683	8.565000
200.001	8.565000
200.001	8.595000
200.319	8.595000
200.319	8.360000
200.637	8.360000
200.637	9.413000
200.955	9.413000
200.955	9.229000
201.273	9.229000
201.273	9.322000
201.591	9.322000
201.591	7.357000
201.909	7.357000
201.909	7.454000
202.227	7.454000
202.227	7.428000
202.544	7.428000
202.544	7.640000
202.861	7.640000
202.861	7.529000
203.179	7.529000
203.179	7.478000
203.497	7.478000
203.497	7.227000
203.815	7.227000
203.815	7.650000
204.133	7.650000
204.133	7.343000
204.451	7.343000
204.451	7.661000
204.769	7.661000
204.769	7.449000
205.087	7.449000
205.087	7.479000
205.405	7.479000
205.405	6.959000
205.723	6.959000
205.723	7.001000
206.041	7.001000
206.041	7.082000
206.359	7.082000
206.359	7.860000
206.677	7.860000
206.677	7.676000
206.995	7.676000
206.995	8.212000
207.313	8.212000
207.313	6.514000
207.631	6.514000
207.631	6.480000
207.949	6.480000
207.949	6.506000
208.267	6.506000
208.267	8.308000
208.62	8.308000
208.62	7.834000
208.973	7.834000
208.973	8.003000
209.326	8.003000
209.326	7.459000
209.679	7.459000
209.679	7.627000
210.032	7.627000
210.032	7.561000
210.385	7.561000
210.385	7.749000
210.703	7.749000
210.703	7.785000
211.021	7.785000
211.021	7.760000
211.339	7.760000
211.339	8.474000
211.692	8.474000
211.692	8.360000
212.045	8.360000
212.045	8.379000
212.398	8.379000
212.398	9.222000
212.716	9.222000
212.716	8.982000
213.034	8.982000
213.034	9.062000
213.352	9.062000
213.352	6.419000
213.669	6.419000
213.669	6.604000
213.987	6.604000
213.987	6.493000
214.305	6.493000
214.305	6.469000
214.623	6.469000
214.623	6.289000
214.941	6.289000
214.941	6.406000
215.259	6.406000
215.259	8.414000
215.577	8.414000
215.577	8.480000
215.895	8.480000
215.895	8.240000
216.213	8.240000
216.213	9.809000
216.531	9.809000
216.531	9.504000
216.849	9.504000
216.849	9.554000
217.167	9.554000
217.167	7.713000
217.485	7.713000
217.485	7.616000
217.803	7.616000
217.803	7.619000
218.121	7.619000
218.121	6.796000
218.439	6.796000
218.439	6.727000
218.757	6.727000
218.757	6.578000
219.075	6.578000
219.075	7.950000
219.393	7.950000
219.393	7.870000
219.711	7.870000
219.711	7.741000
220.029	7.741000
220.029	8.845000
220.347	8.845000
220.347	8.619000
220.665	8.619000
220.665	8.877000
220.983	8.877000
220.983	7.204000
221.336	7.204000
221.336	7.274000
221.689	7.274000
221.689	7.280000
222.042	7.280000
222.042	7.876000
222.36	7.876000
222.36	7.917000
222.678	7.917000
222.678	7.877000
222.996	7.877000
222.996	7.019000
223.314	7.019000
223.314	7.121000
223.632	7.121000
223.632	6.911000
223.95	6.911000
223.95	7.489000
224.268	7.489000
224.268	7.799000
224.586	7.799000
224.586	7.722000
224.904	7.722000
224.904	6.843000
225.222	6.843000
225.222	6.613000
225.54	6.613000
225.54	6.731000
225.858	6.731000
225.858	6.684000
226.176	6.684000
226.176	6.969000
226.494	6.969000
226.494	6.663000
226.812	6.663000
226.812	8.850000
227.166	8.850000
227.166	8.718000
227.52	8.718000
227.52	8.604000
227.874	8.604000
227.874	7.757000
228.192	7.757000
228.192	7.367000
228.51	7.367000
228.51	7.321000
228.828	7.321000
228.828	9.006000
229.181	9.006000
229.181	9.092000
229.533	9.092000
229.533	8.867000
229.886	8.867000
229.886	7.448000
230.204	7.448000
230.204	7.714000
230.522	7.714000
230.522	7.646000
230.84	7.646000
230.84	6.859000
231.158	6.859000
231.158	7.055000
231.476	7.055000
231.476	6.933000
231.794	6.933000
231.794	7.270000
232.147	7.270000
232.147	7.553000
232.5	7.553000
232.5	7.454000
232.852	7.454000
232.852	7.036000
233.17	7.036000
233.17	6.585000
233.488	6.585000
233.488	7.178000
233.806	7.178000
233.806	8.186000
234.123	8.186000
234.123	8.384000
234.441	8.384000
234.441	8.384000
234.759	8.384000
234.759	8.721000
235.113	8.721000
235.113	8.666000
235.467	8.666000
235.467	8.751000
235.821	8.751000
235.821	8.210000
236.139	8.210000
236.139	8.316000
236.457	8.316000
236.457	8.190000
236.775	8.190000
236.775	7.770000
237.093	7.770000
237.093	8.011000
237.411	8.011000
237.411	7.909000
237.729	7.909000
237.729	8.542000
238.047	8.542000
238.047	8.491000
238.365	8.491000
238.365	8.790000
238.683	8.790000
238.683	7.531000
239.001	7.531000
239.001	7.765000
239.319	7.765000
239.319	7.479000
239.637	7.479000
239.637	7.960000
239.99	7.960000
239.99	7.602000
240.343	7.602000
240.343	7.562000
240.696	7.562000
240.696	7.428000
241.048	7.428000
241.048	7.299000
241.4	7.299000
241.4	7.190000
241.752	7.190000
241.752	7.867000
242.069	7.867000
242.069	7.565000
242.386	7.565000
242.386	7.394000
242.703	7.394000
242.703	7.502000
243.021	7.502000
243.021	7.461000
243.339	7.461000
243.339	7.176000
243.657	7.176000
243.657	7.373000
243.975	7.373000
243.975	7.431000
244.293	7.431000
244.293	7.390000
244.61	7.390000
244.61	8.299000
244.963	8.299000
244.963	7.945000
245.316	7.945000
245.316	7.639000
245.669	7.639000
245.669	7.817000
245.987	7.817000
245.987	7.605000
246.305	7.605000
246.305	7.795000
246.623	7.795000
246.623	7.650000
246.941	7.650000
246.941	7.887000
247.259	7.887000
247.259	7.592000
247.574	7.592000
247.574	7.370000
247.892	7.370000
247.892	7.371000
248.21	7.371000
248.21	7.349000
248.528	7.349000
248.528	9.457000
248.846	9.457000
248.846	9.483000
249.164	9.483000
249.164	9.338000
249.482	9.338000
249.482	7.295000
249.835	7.295000
249.835	7.088000
250.187	7.088000
250.187	7.392000
250.539	7.392000
250.539	9.136000
250.857	9.136000
250.857	8.933000
251.175	8.933000
251.175	9.066000
251.493	9.066000
251.493	7.266000
251.846	7.266000
251.846	6.986000
252.198	6.986000
252.198	7.063000
252.55	7.063000
252.55	8.056000
252.868	8.056000
252.868	7.947000
253.185	7.947000
253.185	8.097000
253.503	8.097000
253.503	7.515000
253.821	7.515000
253.821	7.686000
254.139	7.686000
254.139	7.620000
254.457	7.620000
254.457	7.453000
254.775	7.453000
254.775	7.486000
255.093	7.486000
255.093	7.546000
255.411	7.546000
255.411	9.733000
255.729	9.733000
255.729	9.840000
256.046	9.840000
256.046	9.275000
256.364	9.275000
256.364	7.493000
256.681	7.493000
256.681	7.424000
256.999	7.424000
256.999	7.551000
257.317	7.551000
257.317	7.114000
257.635	7.114000
257.635	7.143000
257.951	7.143000
257.951	7.104000
258.269	7.104000
258.269	8.193000
258.622	8.193000
258.622	8.191000
258.975	8.191000
258.975	8.139000
259.328	8.139000
259.328	8.426000
259.646	8.426000
259.646	8.522000
259.964	8.522000
259.964	8.392000
260.282	8.392000
260.282	7.352000
260.6	7.352000
260.6	7.432000
260.917	7.432000
260.917	7.268000
261.235	7.268000
261.235	8.101000
261.553	8.101000
261.553	8.113000
261.871	8.113000
261.871	8.195000
262.189	8.195000
262.189	7.907000
262.507	7.907000
262.507	7.802000
262.825	7.802000
262.825	7.728000
263.143	7.728000
263.143	8.162000
263.496	8.162000
263.496	8.361000
263.849	8.361000
263.849	8.241000
264.202	8.241000
264.202	7.402000
264.52	7.402000
264.52	7.494000
264.838	7.494000
264.838	7.773000
265.156	7.773000
265.156	8.146000
265.474	8.146000
265.474	8.162000
265.791	8.162000
265.791	8.185000
266.109	8.185000
266.109	6.703000
266.427	6.703000
266.427	7.065000
266.745	7.065000
266.745	7.122000
267.063	7.122000
267.063	6.702000
267.381	6.702000
267.381	6.414000
267.699	6.414000
267.699	6.197000
268.017	6.197000
268.017	7.727000
268.335	7.727000
268.335	7.658000
268.653	7.658000
268.653	8.010000
268.971	8.010000
268.971	8.146000
269.289	8.146000
269.289	8.275000
269.607	8.275000
269.607	8.054000
269.925	8.054000
269.925	7.912000
270.241	7.912000
270.241	7.642000
270.559	7.642000
270.559	7.877000
270.877	7.877000
270.877	8.743000
271.23	8.743000
271.23	8.897000
271.583	8.897000
271.583	8.635000
271.936	8.635000
271.936	7.988000
272.254	7.988000
272.254	8.140000
272.572	8.140000
272.572	8.089000
272.89	8.089000
272.89	6.702000
273.208	6.702000
273.208	6.875000
273.526	6.875000
273.526	6.903000
273.844	6.903000
273.844	6.732000
274.162	6.732000
274.162	6.949000
274.48	6.949000
274.48	7.205000
274.798	7.205000
274.798	8.440000
275.116	8.440000
275.116	8.173000
275.434	8.173000
275.434	8.441000
275.751	8.441000
275.751	7.198000
276.069	7.198000
276.069	7.884000
276.387	7.884000
276.387	7.254000
276.705	7.254000
276.705	7.598000
277.058	7.598000
277.058	7.748000
277.411	7.748000
277.411	7.552000
277.764	7.552000
277.764	8.777000
278.082	8.777000
278.082	8.766000
278.4	8.766000
278.4	8.800000
278.718	8.800000
278.718	8.366000
279.036	8.366000
279.036	8.175000
279.354	8.175000
279.354	8.130000
279.672	8.130000
279.672	7.416000
279.99	7.416000
279.99	7.312000
280.308	7.312000
280.308	7.381000
280.626	7.381000
280.626	5.460000
280.903	5.460000
280.903	5.311000
281.18	5.311000
281.18	5.430000
281.457	5.430000
281.457	8.401000
281.775	8.401000
281.775	8.416000
282.093	8.416000
282.093	8.427000
282.411	8.427000
282.411	8.099000
282.729	8.099000
282.729	8.201000
283.047	8.201000
283.047	8.157000
283.365	8.157000
283.365	7.178000
283.642	7.178000
283.642	7.024000
283.919	7.024000
283.919	6.964000
284.196	6.964000
284.196	7.829000
284.514	7.829000
284.514	7.648000
284.832	7.648000
284.832	7.610000
285.15	7.610000
285.15	7.808000
285.504	7.808000
285.504	7.581000
285.858	7.581000
285.858	7.413000
286.212	7.413000
286.212	8.405000
286.53	8.405000
286.53	8.369000
286.848	8.369000
286.848	8.670000
287.166	8.670000
287.166	7.456000
287.517	7.456000
287.517	7.580000
287.87	7.580000
287.87	7.578000
288.223	7.578000
288.223	5.905000
288.541	5.905000
288.541	5.932000
288.859	5.932000
288.859	6.394000
289.177	6.394000
289.177	7.590000
289.494	7.590000
289.494	7.855000
289.812	7.855000
289.812	8.002000
290.13	8.002000
290.13	9.019000
290.448	9.019000
290.448	8.576000
290.766	8.576000
290.766	8.655000
291.084	8.655000
291.084	7.472000
291.402	7.472000
291.402	7.398000
291.72	7.398000
291.72	7.627000
292.038	7.627000
292.038	7.823000
292.356	7.823000
292.356	7.841000
292.674	7.841000
292.674	7.832000
292.992	7.832000
292.992	7.158000
293.31	7.158000
293.31	7.023000
293.628	7.023000
293.628	7.114000
293.946	7.114000
293.946	8.364000
294.264	8.364000
294.264	8.153000
294.582	8.153000
294.582	8.001000
294.9	8.001000
294.9	8.937000
295.218	8.937000
295.218	8.678000
295.536	8.678000
295.536	8.578000
295.854	8.578000
295.854	9.307000
296.207	9.307000
296.207	9.376000
296.56	9.376000
296.56	9.407000
296.913	9.407000
296.913	7.618000
297.231	7.618000
297.231	7.484000
297.549	7.484000
297.549	7.773000
297.867	7.773000
297.867	8.114000
298.184	8.114000
298.184	7.443000
298.502	7.443000
298.502	7.550000
298.82	7.550000
298.82	8.724000
299.173	8.724000
299.173	8.721000
299.526	8.721000
299.526	8.979000
299.879	8.979000
299.879	8.439000
300.197	8.439000
300.197	8.361000
300.515	8.361000
300.515	8.546000
300.833	8.546000
300.833	7.514000
301.151	7.514000
301.151	7.606000
301.469	7.606000
301.469	7.700000
301.787	7.700000
301.787	7.463000
302.14	7.463000
302.14	7.236000
302.493	7.236000
302.493	7.478000
302.846	7.478000
302.846	6.481000
303.199	6.481000
303.199	6.327000
303.552	6.327000
303.552	6.223000
303.905	6.223000
303.905	8.014000
304.223	8.014000
304.223	8.276000
304.541	8.276000
304.541	8.293000
304.859	8.293000
304.859	8.189000
305.178	8.189000
305.178	8.381000
305.497	8.381000
305.497	8.241000
305.816	8.241000
305.816	8.480000
306.172	8.480000
306.172	8.579000
306.528	8.579000
306.528	8.647000
306.884	8.647000
306.884	8.642000
307.202	8.642000
307.202	8.168000
307.52	8.168000
307.52	8.255000
307.838	8.255000
307.838	8.622000
308.191	8.622000
308.191	8.456000
308.544	8.456000
308.544	8.338000
308.897	8.338000
308.897	8.722000
309.217	8.722000
309.217	8.831000
309.536	8.831000
309.536	8.701000
309.856	8.701000
309.856	6.759000
310.174	6.759000
310.174	6.733000
310.492	6.733000
310.492	6.744000
310.81	6.744000
310.81	8.300000
311.163	8.300000
311.163	8.423000
311.516	8.423000
311.516	8.489000
311.869	8.489000
311.869	8.217000
312.187	8.217000
312.187	8.244000
312.505	8.244000
312.505	8.153000
312.823	8.153000
312.823	7.469000
313.141	7.469000
313.141	7.636000
313.459	7.636000
313.459	7.741000
313.777	7.741000
313.777	6.619000
314.095	6.619000
314.095	6.455000
314.413	6.455000
314.413	6.687000
314.731	6.687000
314.731	8.415000
315.049	8.415000
315.049	8.429000
315.367	8.429000
315.367	8.233000
315.685	8.233000
315.685	8.153000
316.003	8.153000
316.003	7.690000
316.321	7.690000
316.321	7.592000
316.639	7.592000
316.639	7.781000
316.957	7.781000
316.957	7.770000
317.275	7.770000
317.275	8.038000
317.593	8.038000
317.593	6.657000
317.911	6.657000
317.911	6.723000
318.229	6.723000
318.229	6.659000
318.547	6.659000
318.547	7.382000
318.865	7.382000
318.865	7.354000
319.183	7.354000
319.183	7.449000
319.501	7.449000
319.501	8.992000
319.854	8.992000
319.854	8.950000
320.207	8.950000
320.207	8.788000
320.56	8.788000
320.56	8.835000
320.878	8.835000
320.878	9.325000
321.196	9.325000
321.196	9.114000
321.514	9.114000
321.514	8.066000
321.832	8.066000
321.832	8.004000
322.15	8.004000
322.15	8.050000
322.468	8.050000
322.468	6.847000
322.786	6.847000
322.786	7.053000
323.103	7.053000
323.103	6.976000
323.42	6.976000
323.42	8.103000
323.739	8.103000
323.739	8.255000
324.058	8.255000
324.058	8.156000
324.377	8.156000
324.377	6.785000
324.695	6.785000
324.695	6.713000
325.013	6.713000
325.013	6.841000
325.331	6.841000
325.331	8.375000
325.649	8.375000
325.649	8.416000
325.967	8.416000
325.967	8.554000
326.285	8.554000
326.285	8.476000
326.603	8.476000
326.603	8.473000
326.921	8.473000
326.921	8.589000
327.238	8.589000
327.238	7.784000
327.556	7.784000
327.556	7.211000
327.874	7.211000
327.874	7.357000
328.192	7.357000
328.192	7.389000
328.51	7.389000
328.51	7.252000
328.828	7.252000
328.828	7.230000
329.144	7.230000
329.144	8.461000
329.462	8.461000
329.462	8.193000
329.78	8.193000
329.78	8.193000
330.098	8.193000
330.098	8.258000
330.416	8.258000
330.416	7.844000
330.734	7.844000
330.734	7.909000
331.052	7.909000
331.052	8.076000
331.405	8.076000
331.405	7.790000
331.758	7.790000
331.758	7.762000
332.111	7.762000
332.111	7.341000
332.429	7.341000
332.429	7.334000
332.747	7.334000
332.747	7.436000
333.065	7.436000
333.065	7.309000
333.383	7.309000
333.383	7.026000
333.701	7.026000
333.701	7.210000
334.019	7.210000
334.019	7.984000
334.337	7.984000
334.337	8.023000
334.655	8.023000
334.655	7.760000
334.973	7.760000
334.973	8.858000
335.291	8.858000
335.291	8.657000
335.609	8.657000
335.609	8.732000
335.926	8.732000
335.926	7.258000
336.244	7.258000
336.244	7.406000
336.562	7.406000
336.562	7.518000
336.88	7.518000
336.88	8.553000
337.198	8.553000
337.198	8.616000
337.516	8.616000
337.516	8.445000
337.833	8.445000
337.833	8.385000
338.151	8.385000
338.151	8.243000
338.469	8.243000
338.469	8.188000
338.787	8.188000
338.787	7.400000
339.105	7.400000
339.105	7.703000
339.423	7.703000
339.423	7.513000
339.741	7.513000
339.741	7.978000
340.095	7.978000
340.095	7.966000
340.449	7.966000
340.449	7.930000
340.802	7.930000
340.802	7.833000
341.122	7.833000
341.122	7.746000
341.441	7.746000
341.441	7.621000
341.761	7.621000
341.761	7.747000
342.079	7.747000
342.079	7.700000
342.397	7.700000
342.397	7.686000
342.715	7.686000
342.715	8.401000
343.033	8.401000
343.033	8.803000
343.351	8.803000
343.351	8.645000
343.669	8.645000
343.669	6.894000
343.986	6.894000
343.986	7.069000
344.304	7.069000
344.304	7.097000
344.622	7.097000
344.622	7.269000
344.94	7.269000
344.94	6.936000
345.258	6.936000
345.258	7.359000
345.576	7.359000
345.576	1.469000
345.924	1.469000
345.924	1.576000
346.275	1.576000
346.275	1.439000
346.622	1.439000
346.622	6.753000
346.94	6.753000
346.94	7.020000
347.258	7.020000
347.258	7.114000
347.576	7.114000
347.576	8.854000
347.929	8.854000
347.929	8.843000
348.281	8.843000
348.281	8.994000
348.634	8.994000
348.634	8.416000
348.952	8.416000
348.952	8.256000
349.27	8.256000
349.27	8.098000
349.588	8.098000
349.588	7.109000
349.905	7.109000
349.905	7.158000
350.223	7.158000
350.223	7.153000
350.541	7.153000
350.541	7.795000
350.859	7.795000
350.859	7.832000
351.177	7.832000
351.177	7.876000
351.494	7.876000
351.494	9.090000
351.813	9.090000
351.813	8.784000
352.132	8.784000
352.132	8.692000
352.451	8.692000
352.451	7.885000
352.769	7.885000
352.769	7.585000
353.087	7.585000
353.087	7.538000
353.405	7.538000
353.405	8.263000
353.723	8.263000
353.723	8.194000
354.041	8.194000
354.041	7.983000
354.359	7.983000
354.359	8.080000
354.679	8.080000
354.679	8.132000
354.999	8.132000
354.999	8.093000
355.319	8.093000
355.319	8.056000
355.637	8.056000
355.637	7.803000
355.955	7.803000
355.955	7.803000
356.273	7.803000
356.273	7.504000
356.627	7.504000
356.627	7.657000
356.981	7.657000
356.981	7.394000
357.335	7.394000
357.335	8.160000
357.653	8.160000
357.653	8.260000
357.971	8.260000
357.971	7.838000
358.288	7.838000
358.288	7.078000
358.606	7.078000
358.606	6.954000
358.924	6.954000
358.924	7.003000
359.242	7.003000
359.242	8.638000
359.596	8.638000
359.596	8.818000
359.95	8.818000
359.95	8.439000
360.304	8.439000
360.304	7.797000
360.622	7.797000
360.622	7.452000
360.94	7.452000
360.94	7.417000
361.258	7.417000
361.258	8.787000
361.611	8.787000
361.611	8.670000
361.964	8.670000
361.964	8.656000
362.317	8.656000
362.317	8.460000
362.635	8.460000
362.635	8.691000
362.952	8.691000
362.952	8.669000
363.269	8.669000
363.269	7.288000
363.587	7.288000
363.587	7.215000
363.905	7.215000
363.905	7.214000
364.223	7.214000
364.223	7.384000
364.541	7.384000
364.541	7.436000
364.859	7.436000
364.859	7.427000
365.177	7.427000
365.177	8.306000
365.496	8.306000
365.496	8.594000
365.815	8.594000
365.815	8.167000
366.134	8.167000
366.134	7.301000
366.487	7.301000
366.487	7.319000
366.84	7.319000
366.84	7.316000
367.193	7.316000
367.193	7.999000
367.546	7.999000
367.546	7.976000
367.899	7.976000
367.899	7.775000
368.252	7.775000
368.252	7.637000
368.57	7.637000
368.57	7.872000
368.888	7.872000
368.888	7.823000
369.206	7.823000
369.206	8.160000
369.524	8.160000
369.524	8.291000
369.842	8.291000
369.842	8.263000
370.16	8.263000
370.16	8.479000
370.513	8.479000
370.513	8.408000
370.866	8.408000
370.866	8.291000
371.219	8.291000
371.219	8.174000
371.537	8.174000
371.537	8.223000
371.855	8.223000
371.855	8.213000
372.173	8.213000
372.173	7.935000
372.491	7.935000
372.491	7.570000
372.809	7.570000
372.809	8.186000
373.127	8.186000
373.127	8.154000
373.445	8.154000
373.445	8.526000
373.763	8.526000
373.763	8.590000
374.081	8.590000
374.081	7.231000
374.399	7.231000
374.399	7.396000
374.717	7.396000
374.717	7.363000
375.035	7.363000
375.035	8.027000
375.353	8.027000
375.353	8.162000
375.671	8.162000
375.671	7.971000
375.989	7.971000
375.989	8.179000
376.307	8.179000
376.307	7.944000
376.625	7.944000
376.625	8.239000
376.942	8.239000
376.942	7.031000
377.26	7.031000
377.26	7.290000
377.578	7.290000
377.578	7.303000
377.895	7.303000
377.895	8.281000
378.213	8.281000
378.213	8.031000
378.531	8.031000
378.531	8.067000
378.849	8.067000
378.849	7.206000
379.167	7.206000
379.167	7.039000
379.485	7.039000
379.485	7.209000
379.802	7.209000
379.802	8.409000
380.12	8.409000
380.12	8.347000
380.438	8.347000
380.438	8.467000
380.756	8.467000
380.756	8.006000
381.074	8.006000
381.074	8.375000
381.392	8.375000
381.392	8.354000
381.71	8.354000
381.71	8.196000
382.063	8.196000
382.063	8.378000
382.415	8.378000
382.415	8.287000
382.768	8.287000
382.768	7.983000
383.086	7.983000
383.086	8.196000
383.404	8.196000
383.404	7.975000
383.722	7.975000
383.722	7.671000
384.04	7.671000
384.04	7.918000
384.358	7.918000
384.358	7.755000
384.676	7.755000
384.676	8.165000
384.994	8.165000
384.994	7.982000
385.312	7.982000
385.312	8.257000
385.63	8.257000
385.63	7.752000
385.948	7.752000
385.948	7.889000
386.266	7.889000
386.266	7.727000
386.584	7.727000
386.584	8.835000
386.901	8.835000
386.901	8.896000
387.219	8.896000
387.219	8.906000
387.537	8.906000
387.537	8.794000
387.855	8.794000
387.855	8.678000
388.173	8.678000
388.173	8.889000
388.49	8.889000
388.49	7.638000
388.808	7.638000
388.808	7.734000
389.126	7.734000
389.126	7.500000
389.444	7.500000
389.444	7.753000
389.762	7.753000
389.762	7.680000
390.08	7.680000
390.08	7.835000
390.398	7.835000
390.398	7.596000
390.716	7.596000
390.716	7.524000
391.034	7.524000
391.034	7.574000
391.352	7.574000
391.352	7.459000
391.705	7.459000
391.705	7.672000
392.058	7.672000
392.058	7.591000
392.41	7.591000
392.41	7.772000
392.728	7.772000
392.728	7.704000
393.046	7.704000
393.046	7.735000
393.363	7.735000
393.363	7.145000
393.681	7.145000
393.681	7.138000
393.999	7.138000
393.999	7.187000
394.317	7.187000
394.317	6.681000
394.635	6.681000
394.635	6.580000
394.953	6.580000
394.953	6.641000
395.271	6.641000
395.271	7.673000
395.589	7.673000
395.589	7.564000
395.907	7.564000
395.907	7.581000
396.225	7.581000
396.225	7.403000
396.543	7.403000
396.543	7.325000
396.861	7.325000
396.861	7.536000
397.179	7.536000
397.179	7.084000
397.532	7.084000
397.532	7.136000
397.885	7.136000
397.885	7.033000
398.238	7.033000
398.238	9.547000
398.556	9.547000
398.556	9.706000
398.873	9.706000
398.873	9.709000
399.19	9.709000
399.19	9.003000
399.508	9.003000
399.508	9.346000
399.826	9.346000
399.826	9.313000
400.144	9.313000
400.144	7.278000
400.461	7.278000
400.461	7.169000
400.779	7.169000
400.779	7.226000
401.097	7.226000
401.097	8.025000
401.45	8.025000
401.45	8.013000
401.803	8.013000
401.803	7.770000
402.156	7.770000
402.156	7.550000
402.509	7.550000
402.509	7.357000
402.861	7.357000
402.861	7.738000
403.214	7.738000
403.214	8.108000
403.532	8.108000
403.532	8.047000
403.85	8.047000
403.85	8.166000
404.168	8.166000
404.168	7.622000
404.486	7.622000
404.486	7.618000
404.804	7.618000
404.804	7.513000
405.121	7.513000
405.121	7.895000
405.398	7.895000
405.398	8.102000
405.675	8.102000
405.675	8.088000
405.952	8.088000
405.952	7.884000
406.27	7.884000
406.27	7.867000
406.588	7.867000
406.588	7.759000
406.906	7.759000
406.906	6.872000
407.224	6.872000
407.224	6.922000
407.542	6.922000
407.542	7.025000
407.86	7.025000
407.86	7.241000
408.178	7.241000
408.178	8.040000
408.436	8.040000
408.436	7.202000
408.754	7.202000
408.754	7.882000
409.072	7.882000
409.072	7.868000
409.39	7.868000
409.39	7.977000
409.708	7.977000
409.708	9.559000
410.03	9.559000
410.03	9.442000
410.352	9.442000
410.352	9.307000
410.674	9.307000
410.674	6.708000
410.992	6.708000
410.992	6.667000
411.31	6.667000
411.31	6.603000
411.628	6.603000
411.628	7.502000
411.946	7.502000
411.946	7.802000
412.264	7.802000
412.264	7.476000
412.582	7.476000
412.582	6.207000
412.875	6.207000
412.875	6.113000
413.168	6.113000
413.168	6.124000
413.461	6.124000
413.461	7.646000
413.779	7.646000
413.779	7.884000
414.097	7.884000
414.097	7.633000
414.415	7.633000
414.415	7.887000
414.733	7.887000
414.733	7.822000
415.051	7.822000
415.051	8.095000
415.368	8.095000
415.368	8.853000
415.645	8.853000
415.645	9.074000
415.922	9.074000
415.922	8.775000
416.199	8.775000
416.199	7.661000
416.517	7.661000
416.517	7.625000
416.835	7.625000
416.835	7.659000
417.153	7.659000
417.153	7.565000
417.506	7.565000
417.506	7.619000
417.859	7.619000
417.859	7.960000
418.212	7.960000
418.212	6.802000
418.53	6.802000
418.53	6.380000
418.848	6.380000
418.848	6.720000
419.166	6.720000
419.166	6.891000
419.484	6.891000
419.484	6.337000
419.802	6.337000
419.802	6.352000
420.12	6.352000
420.12	6.242000
420.438	6.242000
420.438	6.336000
420.755	6.336000
420.755	6.139000
421.073	6.139000
421.073	7.097000
421.392	7.097000
421.392	7.013000
421.711	7.013000
421.711	7.051000
422.03	7.051000
422.03	7.346000
422.349	7.346000
422.349	7.207000
422.668	7.207000
422.668	7.543000
422.987	7.543000
422.987	7.899000
423.305	7.899000
423.305	7.804000
423.623	7.804000
423.623	7.716000
423.941	7.716000
423.941	7.581000
424.294	7.581000
424.294	7.772000
424.647	7.772000
424.647	7.768000
425.0	7.768000
425.0	8.184000
425.353	8.184000
425.353	8.289000
425.706	8.289000
425.706	8.574000
426.059	8.574000
426.059	7.465000
426.377	7.465000
426.377	7.656000
426.695	7.656000
426.695	7.835000
427.013	7.835000
427.013	9.153000
427.366	9.153000
427.366	8.989000
427.719	8.989000
427.719	8.947000
428.072	8.947000
428.072	8.861000
428.39	8.861000
428.39	8.674000
428.708	8.674000
428.708	8.697000
429.025	8.697000
429.025	6.627000
429.343	6.627000
429.343	7.177000
429.661	7.177000
429.661	7.053000
429.979	7.053000
429.979	8.045000
430.297	8.045000
430.297	7.997000
430.615	7.997000
430.615	8.023000
430.933	8.023000
430.933	8.446000
431.286	8.446000
431.286	8.140000
431.639	8.140000
431.639	8.326000
431.992	8.326000
431.992	7.221000
432.309	7.221000
432.309	7.564000
432.627	7.564000
432.627	7.523000
432.945	7.523000
432.945	7.776000
433.298	7.776000
433.298	7.878000
433.651	7.878000
433.651	7.750000
434.004	7.750000
434.004	7.389000
434.322	7.389000
434.322	7.193000
434.64	7.193000
434.64	7.339000
434.958	7.339000
434.958	7.209000
435.276	7.209000
435.276	7.773000
435.594	7.773000
435.594	7.750000
435.912	7.750000
435.912	7.598000
436.23	7.598000
436.23	7.793000
436.548	7.793000
436.548	7.784000
436.866	7.784000
436.866	7.394000
437.185	7.394000
437.185	7.574000
437.504	7.574000
437.504	7.215000
437.823	7.215000
437.823	9.389000
438.141	9.389000
438.141	9.158000
438.459	9.158000
438.459	9.198000
438.777	9.198000
438.777	9.126000
439.095	9.126000
439.095	8.869000
439.413	8.869000
439.413	8.756000
439.729	8.756000
439.729	7.257000
440.047	7.257000
440.047	7.243000
440.365	7.243000
440.365	7.445000
440.683	7.445000
440.683	8.459000
441.036	8.459000
441.036	8.379000
441.389	8.379000
441.389	8.337000
441.742	8.337000
441.742	8.488000
442.095	8.488000
442.095	8.600000
442.448	8.600000
442.448	8.427000
442.801	8.427000
442.801	6.437000
443.118	6.437000
443.118	6.438000
443.435	6.438000
443.435	6.181000
443.752	6.181000
443.752	8.341000
444.105	8.341000
444.105	8.495000
444.458	8.495000
444.458	8.389000
444.811	8.389000
444.811	6.542000
445.164	6.542000
445.164	6.586000
445.517	6.586000
445.517	6.237000
445.87	6.237000
445.87	7.588000
446.188	7.588000
446.188	7.459000
446.506	7.459000
446.506	7.475000
446.824	7.475000
446.824	6.684000
447.142	6.684000
447.142	6.732000
447.46	6.732000
447.46	6.615000
447.778	6.615000
447.778	8.260000
448.096	8.260000
448.096	8.177000
448.413	8.177000
448.413	8.428000
448.73	8.428000
448.73	7.680000
449.047	7.680000
449.047	7.500000
449.364	7.500000
449.364	7.583000
449.681	7.583000
449.681	9.771000
449.999	9.771000
449.999	9.761000
450.317	9.761000
450.317	9.743000
450.635	9.743000
450.635	8.534000
450.953	8.534000
450.953	8.365000
451.271	8.365000
451.271	8.049000
451.589	8.049000
451.589	6.976000
451.906	6.976000
451.906	7.628000
452.222	7.628000
452.222	7.681000
452.539	7.681000
452.539	6.918000
452.892	6.918000
452.892	6.993000
453.245	6.993000
453.245	7.360000
453.598	7.360000
453.598	7.266000
453.915	7.266000
453.915	7.218000
454.232	7.218000
454.232	7.197000
454.549	7.197000
454.549	7.226000
454.866	7.226000
454.866	7.228000
455.183	7.228000
455.183	7.130000
455.5	7.130000
455.5	7.106000
455.854	7.106000
455.854	7.189000
456.208	7.189000
456.208	7.219000
456.562	7.219000
456.562	7.705000
456.915	7.705000
456.915	7.713000
457.268	7.713000
457.268	7.529000
457.621	7.529000
457.621	7.906000
457.938	7.906000
457.938	7.640000
458.255	7.640000
458.255	7.745000
458.572	7.745000
458.572	7.451000
458.925	7.451000
458.925	7.391000
459.278	7.391000
459.278	7.427000
459.631	7.427000
459.631	7.919000
459.949	7.919000
459.949	7.901000
460.267	7.901000
460.267	7.868000
460.583	7.868000
460.583	7.425000
460.9	7.425000
460.9	7.448000
461.217	7.448000
461.217	7.341000
461.534	7.341000
461.534	7.835000
461.852	7.835000
461.852	7.525000
462.17	7.525000
462.17	7.880000
462.487	7.880000
462.487	7.423000
462.805	7.423000
462.805	7.043000
463.123	7.043000
463.123	7.062000
463.441	7.062000
463.441	6.211000
463.758	6.211000
463.758	6.358000
464.075	6.358000
464.075	6.311000
464.392	6.311000
464.392	8.030000
464.745	8.030000
464.745	8.035000
465.097	8.035000
465.097	7.816000
465.45	7.816000
465.45	7.326000
465.767	7.326000
465.767	7.333000
466.084	7.333000
466.084	7.362000
466.401	7.362000
466.401	6.443000
466.719	6.443000
466.719	6.234000
467.037	6.234000
467.037	6.563000
467.354	6.563000
467.354	7.849000
467.672	7.849000
467.672	7.795000
467.99	7.795000
467.99	7.617000
468.308	7.617000
468.308	7.692000
468.625	7.692000
468.625	7.085000
468.942	7.085000
468.942	7.046000
469.259	7.046000
469.259	8.475000
469.577	8.475000
469.577	8.346000
469.895	8.346000
469.895	8.224000
470.213	8.224000
470.213	9.370000
470.531	9.370000
470.531	9.391000
470.849	9.391000
470.849	9.414000
471.166	9.414000
471.166	7.219000
471.483	7.219000
471.483	7.219000
471.8	7.219000
471.8	7.166000
472.117	7.166000
472.117	7.735000
472.435	7.735000
472.435	7.843000
472.753	7.843000
472.753	7.848000
473.071	7.848000
473.071	7.758000
473.388	7.758000
473.388	7.517000
473.705	7.517000
473.705	7.585000
474.02	7.585000
474.02	7.870000
474.337	7.870000
474.337	8.333000
474.654	8.333000
474.654	8.153000
474.971	8.153000
474.971	7.941000
475.324	7.941000
475.324	7.622000
475.677	7.622000
475.677	7.619000
476.03	7.619000
476.03	8.778000
476.348	8.778000
476.348	8.678000
476.666	8.678000
476.666	8.831000
476.984	8.831000
476.984	7.366000
477.3	7.366000
477.3	7.919000
477.617	7.919000
477.617	7.792000
477.934	7.792000
477.934	6.803000
478.287	6.803000
478.287	6.868000
478.639	6.868000
478.639	6.894000
478.992	6.894000
478.992	8.136000
479.345	8.136000
479.345	8.389000
479.698	8.389000
479.698	8.031000
480.05	8.031000
480.05	7.096000
480.368	7.096000
480.368	7.812000
480.686	7.812000
480.686	7.680000
481.004	7.680000
481.004	7.899000
481.322	7.899000
481.322	7.749000
481.64	7.749000
481.64	7.533000
481.958	7.533000
481.958	7.574000
482.276	7.574000
482.276	7.505000
482.594	7.505000
482.594	7.647000
482.912	7.647000
482.912	7.503000
483.229	7.503000
483.229	7.708000
483.546	7.708000
483.546	7.711000
483.863	7.711000
483.863	8.914000
484.181	8.914000
484.181	8.879000
484.499	8.879000
484.499	8.812000
484.817	8.812000
484.817	7.000000
485.135	7.000000
485.135	7.003000
485.453	7.003000
485.453	6.994000
485.771	6.994000
