0.0	7.053000
0.316	7.053000
0.316	6.812000
0.633	6.812000
0.633	7.207000
0.951	7.207000
0.951	8.301000
1.269	8.301000
1.269	8.520000
1.586	8.520000
1.586	8.329000
1.904	8.329000
1.904	7.091000
2.22	7.091000
2.22	7.284000
2.537	7.284000
2.537	7.095000
2.853	7.095000
2.853	6.782000
3.169	6.782000
3.169	6.843000
3.486	6.843000
3.486	6.876000
3.803	6.876000
3.803	7.725000
4.12	7.725000
4.12	7.777000
4.435	7.777000
4.435	7.726000
4.751	7.726000
4.751	6.870000
5.068	6.870000
5.068	6.849000
5.383	6.849000
5.383	6.796000
5.698	6.796000
5.698	7.319000
6.014	7.319000
6.014	6.887000
6.329	6.887000
6.329	7.159000
6.644	7.159000
6.644	6.619000
6.962	6.619000
6.962	6.732000
7.279	6.732000
7.279	6.572000
7.596	6.572000
7.596	7.498000
7.914	7.498000
7.914	7.675000
8.232	7.675000
8.232	7.533000
8.549	7.533000
8.549	6.571000
8.866	6.571000
8.866	6.764000
9.181	6.764000
9.181	6.645000
9.498	6.645000
9.498	7.176000
9.816	7.176000
9.816	7.246000
10.133	7.246000
10.133	7.112000
10.45	7.112000
10.45	6.461000
10.766	6.461000
10.766	6.676000
11.081	6.676000
11.081	6.411000
11.398	6.411000
11.398	8.341000
11.716	8.341000
11.716	8.209000
12.029	8.209000
12.029	8.355000
12.347	8.355000
12.347	7.934000
12.665	7.934000
12.665	7.962000
12.982	7.962000
12.982	7.894000
13.3	7.894000
13.3	4.060000
13.654	4.060000
13.654	3.959000
14.008	3.959000
14.008	4.130000
14.362	4.130000
14.362	7.407000
14.68	7.407000
14.68	7.339000
14.993	7.339000
14.993	7.311000
15.31	7.311000
15.31	7.307000
15.626	7.307000
15.626	7.559000
15.942	7.559000
15.942	7.226000
16.259	7.226000
16.259	6.540000
16.575	6.540000
16.575	6.275000
16.892	6.275000
16.892	6.405000
17.207	6.405000
17.207	6.879000
17.524	6.879000
17.524	6.629000
17.84	6.629000
17.84	6.926000
18.157	6.926000
18.157	6.716000
18.475	6.716000
18.475	6.949000
18.792	6.949000
18.792	6.783000
19.11	6.783000
19.11	7.187000
19.426	7.187000
19.426	7.319000
19.742	7.319000
19.742	7.191000
20.057	7.191000
20.057	7.115000
20.373	7.115000
20.373	7.117000
20.69	7.117000
20.69	7.121000
21.007	7.121000
21.007	6.937000
21.325	6.937000
21.325	6.701000
21.643	6.701000
21.643	7.027000
21.96	7.027000
21.96	6.953000
22.276	6.953000
22.276	7.036000
22.593	7.036000
22.593	6.990000
22.909	6.990000
22.909	6.836000
23.225	6.836000
23.225	7.085000
23.54	7.085000
23.54	6.756000
23.856	6.756000
23.856	7.481000
24.174	7.481000
24.174	7.505000
24.488	7.505000
24.488	7.389000
24.805	7.389000
24.805	9.714000
25.118	9.714000
25.118	9.654000
25.432	9.654000
25.432	9.873000
25.747	9.873000
25.747	7.337000
26.063	7.337000
26.063	7.382000
26.377	7.382000
26.377	7.424000
26.695	7.424000
26.695	7.554000
27.048	7.554000
27.048	7.698000
27.399	7.698000
27.399	7.708000
27.752	7.708000
27.752	7.099000
28.069	7.099000
28.069	7.038000
28.385	7.038000
28.385	6.971000
28.702	6.971000
28.702	7.181000
29.019	7.181000
29.019	7.195000
29.334	7.195000
29.334	7.229000
29.65	7.229000
29.65	7.503000
29.967	7.503000
29.967	7.356000
30.284	7.356000
30.284	7.532000
30.602	7.532000
30.602	7.285000
30.953	7.285000
30.953	7.142000
31.305	7.142000
31.305	7.040000
31.656	7.040000
31.656	7.216000
32.009	7.216000
32.009	6.914000
32.361	6.914000
32.361	7.030000
32.714	7.030000
32.714	6.855000
33.066	6.855000
33.066	6.883000
33.416	6.883000
33.416	6.753000
33.766	6.753000
33.766	6.854000
34.084	6.854000
34.084	6.754000
34.398	6.754000
34.398	6.820000
34.714	6.820000
34.714	7.317000
35.031	7.317000
35.031	7.351000
35.348	7.351000
35.348	7.261000
35.665	7.261000
35.665	7.416000
36.018	7.416000
36.018	7.555000
36.371	7.555000
36.371	7.395000
36.722	7.395000
36.722	7.189000
37.038	7.189000
37.038	6.813000
37.354	6.813000
37.354	6.968000
37.671	6.968000
37.671	6.638000
37.986	6.638000
37.986	6.721000
38.302	6.721000
38.302	6.730000
38.619	6.730000
38.619	7.075000
38.971	7.075000
38.971	6.982000
39.323	6.982000
39.323	7.083000
39.674	7.083000
39.674	6.420000
39.99	6.420000
39.99	6.507000
40.307	6.507000
40.307	6.468000
40.623	6.468000
40.623	7.071000
40.941	7.071000
40.941	7.062000
41.256	7.062000
41.256	6.998000
41.573	6.998000
41.573	9.586000
41.923	9.586000
41.923	9.560000
42.27	9.560000
42.27	9.509000
42.616	9.509000
42.616	8.583000
42.932	8.583000
42.932	8.246000
43.248	8.246000
43.248	8.526000
43.565	8.526000
43.565	9.556000
43.881	9.556000
43.881	9.307000
44.194	9.307000
44.194	9.521000
44.508	9.521000
44.508	7.824000
44.825	7.824000
44.825	7.695000
45.142	7.695000
45.142	7.761000
45.458	7.761000
45.458	7.279000
45.776	7.279000
45.776	7.187000
46.094	7.187000
46.094	7.257000
46.411	7.257000
46.411	7.233000
46.729	7.233000
46.729	7.248000
47.047	7.248000
47.047	7.250000
47.363	7.250000
47.363	3.997000
47.712	3.997000
47.712	4.446000
48.063	4.446000
48.063	4.110000
48.414	4.110000
48.414	7.298000
48.732	7.298000
48.732	7.139000
49.049	7.139000
49.049	7.288000
49.366	7.288000
49.366	7.002000
49.683	7.002000
49.683	6.825000
50.0	6.825000
50.0	7.027000
50.317	7.027000
50.317	7.337000
50.633	7.337000
50.633	7.511000
50.951	7.511000
50.951	7.387000
51.269	7.387000
51.269	6.527000
51.587	6.527000
51.587	6.565000
51.904	6.565000
51.904	6.479000
52.221	6.479000
52.221	7.103000
52.538	7.103000
52.538	6.873000
52.856	6.873000
52.856	7.249000
53.173	7.249000
53.173	7.680000
53.524	7.680000
53.524	7.863000
53.877	7.863000
53.877	7.637000
54.226	7.637000
54.226	6.940000
54.543	6.940000
54.543	6.799000
54.861	6.799000
54.861	6.967000
55.177	6.967000
55.177	7.399000
55.493	7.399000
55.493	7.522000
55.809	7.522000
55.809	7.462000
56.125	7.462000
56.125	6.943000
56.44	6.943000
56.44	7.173000
56.757	7.173000
56.757	7.085000
57.074	7.085000
57.074	7.036000
57.391	7.036000
57.391	7.015000
57.705	7.015000
57.705	7.018000
58.021	7.018000
58.021	7.067000
58.337	7.067000
58.337	7.206000
58.653	7.206000
58.653	7.053000
58.969	7.053000
58.969	8.078000
59.287	8.078000
59.287	8.251000
59.605	8.251000
59.605	8.141000
59.923	8.141000
59.923	7.046000
60.237	7.046000
60.237	7.240000
60.55	7.240000
60.55	7.060000
60.866	7.060000
60.866	7.216000
61.217	7.216000
61.217	7.333000
61.569	7.333000
61.569	7.205000
61.92	7.205000
61.92	6.458000
62.238	6.458000
62.238	6.769000
62.555	6.769000
62.555	6.507000
62.872	6.507000
62.872	7.188000
63.19	7.188000
63.19	7.112000
63.508	7.112000
63.508	7.238000
63.826	7.238000
63.826	6.959000
64.143	6.959000
64.143	7.109000
64.46	7.109000
64.46	7.008000
64.775	7.008000
64.775	7.173000
65.128	7.173000
65.128	7.038000
65.481	7.038000
65.481	7.300000
65.834	7.300000
65.834	7.211000
66.151	7.211000
66.151	7.170000
66.469	7.170000
66.469	7.441000
66.787	7.441000
66.787	7.509000
67.105	7.509000
67.105	7.654000
67.423	7.654000
67.423	7.365000
67.74	7.365000
67.74	7.265000
68.091	7.265000
68.091	7.105000
68.441	7.105000
68.441	7.122000
68.793	7.122000
68.793	7.482000
69.143	7.482000
69.143	7.455000
69.493	7.455000
69.493	7.512000
69.844	7.512000
69.844	6.525000
70.196	6.525000
70.196	6.839000
70.548	6.839000
70.548	6.589000
70.9	6.589000
70.9	7.037000
71.213	7.037000
71.213	6.823000
71.527	6.823000
71.527	7.050000
71.844	7.050000
71.844	7.116000
72.161	7.116000
72.161	7.138000
72.477	7.138000
72.477	7.126000
72.794	7.126000
72.794	6.972000
73.111	6.972000
73.111	6.988000
73.428	6.988000
73.428	7.008000
73.745	7.008000
73.745	7.101000
74.063	7.101000
74.063	7.154000
74.38	7.154000
74.38	7.083000
74.698	7.083000
74.698	7.953000
75.015	7.953000
75.015	7.966000
75.332	7.966000
75.332	7.915000
75.65	7.915000
75.65	7.073000
75.967	7.073000
75.967	6.709000
76.285	6.709000
76.285	6.904000
76.602	6.904000
76.602	7.158000
76.951	7.158000
76.951	6.933000
77.302	6.933000
77.302	7.238000
77.652	7.238000
77.652	7.563000
78.004	7.563000
78.004	7.766000
78.355	7.766000
78.355	7.717000
78.705	7.717000
78.705	7.404000
79.021	7.404000
79.021	7.301000
79.339	7.301000
79.339	7.507000
79.655	7.507000
79.655	8.977000
79.971	8.977000
79.971	8.855000
80.285	8.855000
80.285	8.928000
80.603	8.928000
80.603	9.477000
80.952	9.477000
80.952	9.427000
81.299	9.427000
81.299	9.419000
81.645	9.419000
81.645	8.545000
81.958	8.545000
81.958	8.547000
82.271	8.547000
82.271	8.487000
82.583	8.487000
82.583	9.365000
82.899	9.365000
82.899	9.547000
83.216	9.547000
83.216	9.374000
83.531	9.374000
83.531	7.821000
83.848	7.821000
83.848	8.127000
84.163	8.127000
84.163	7.870000
84.481	7.870000
84.481	7.701000
84.799	7.701000
84.799	7.429000
85.116	7.429000
85.116	7.497000
85.432	7.497000
85.432	6.995000
85.747	6.995000
85.747	6.979000
86.065	6.979000
86.065	7.208000
86.38	7.208000
86.38	7.822000
86.697	7.822000
86.697	7.943000
87.015	7.943000
87.015	7.792000
87.331	7.792000
87.331	6.470000
87.646	6.470000
87.646	6.531000
87.962	6.531000
87.962	6.569000
88.278	6.569000
88.278	7.423000
88.594	7.423000
88.594	7.185000
88.912	7.185000
88.912	7.285000
89.226	7.285000
89.226	7.427000
89.579	7.427000
89.579	7.357000
89.932	7.357000
89.932	7.339000
90.285	7.339000
90.285	6.687000
90.603	6.687000
90.603	6.598000
90.92	6.598000
90.92	6.758000
91.236	6.758000
91.236	7.109000
91.553	7.109000
91.553	7.020000
91.871	7.020000
91.871	7.111000
92.188	7.111000
92.188	7.679000
92.503	7.679000
92.503	7.927000
92.82	7.927000
92.82	7.657000
93.134	7.657000
93.134	7.021000
93.485	7.021000
93.485	6.869000
93.836	6.869000
93.836	6.995000
94.188	6.995000
94.188	6.083000
94.505	6.083000
94.505	6.231000
94.818	6.231000
94.818	6.174000
95.135	6.174000
95.135	7.626000
95.451	7.626000
95.451	7.814000
95.765	7.814000
95.765	7.667000
96.08	7.667000
96.08	7.263000
96.396	7.263000
96.396	6.955000
96.713	6.955000
96.713	7.007000
97.03	7.007000
97.03	6.605000
97.348	6.605000
97.348	6.820000
97.665	6.820000
97.665	6.598000
97.983	6.598000
97.983	7.294000
98.3	7.294000
98.3	7.483000
98.618	7.483000
98.618	7.306000
98.935	7.306000
98.935	7.329000
99.252	7.329000
99.252	7.376000
99.57	7.376000
99.57	7.526000
99.885	7.526000
99.885	6.855000
100.235	6.855000
100.235	6.865000
100.588	6.865000
100.588	7.002000
100.938	7.002000
100.938	7.346000
101.29	7.346000
101.29	7.427000
101.641	7.427000
101.641	7.396000
101.993	7.396000
101.993	6.747000
102.31	6.747000
102.31	6.927000
102.625	6.927000
102.625	6.860000
102.942	6.860000
102.942	7.705000
103.257	7.705000
103.257	7.446000
103.574	7.446000
103.574	7.722000
103.89	7.722000
103.89	7.231000
104.208	7.231000
104.208	7.131000
104.525	7.131000
104.525	7.223000
104.843	7.223000
104.843	6.660000
105.159	6.660000
105.159	6.393000
105.474	6.393000
105.474	6.587000
105.79	6.587000
105.79	6.456000
106.107	6.456000
106.107	6.460000
106.424	6.460000
106.424	6.429000
106.739	6.429000
106.739	7.431000
107.057	7.431000
107.057	7.399000
107.375	7.399000
107.375	7.480000
107.692	7.480000
107.692	6.149000
108.043	6.149000
108.043	6.123000
108.395	6.123000
108.395	6.335000
108.746	6.335000
108.746	7.110000
109.062	7.110000
109.062	6.645000
109.38	6.645000
109.38	7.119000
109.697	7.119000
109.697	9.316000
110.009	9.316000
110.009	9.646000
110.324	9.646000
110.324	9.385000
110.638	9.385000
110.638	7.183000
110.955	7.183000
110.955	7.096000
111.271	7.096000
111.271	7.128000
111.588	7.128000
111.588	7.038000
111.904	7.038000
111.904	6.997000
112.22	6.997000
112.22	7.268000
112.537	7.268000
112.537	7.585000
112.889	7.585000
112.889	7.628000
113.239	7.628000
113.239	7.551000
113.589	7.551000
113.589	6.193000
113.906	6.193000
113.906	6.305000
114.222	6.305000
114.222	6.208000
114.54	6.208000
114.54	7.093000
114.855	7.093000
114.855	7.102000
115.172	7.102000
115.172	7.030000
115.489	7.030000
115.489	7.460000
115.805	7.460000
115.805	7.620000
116.121	7.620000
116.121	7.418000
116.438	7.418000
116.438	6.751000
116.756	6.751000
116.756	6.904000
117.074	6.904000
117.074	6.710000
117.39	6.710000
117.39	5.968000
117.744	5.968000
117.744	5.783000
118.098	5.783000
118.098	5.824000
118.451	5.824000
118.451	7.108000
118.769	7.108000
118.769	7.019000
119.084	7.019000
119.084	7.043000
119.399	7.043000
119.399	6.486000
119.716	6.486000
119.716	6.580000
120.033	6.580000
120.033	6.498000
120.35	6.498000
120.35	7.140000
120.665	7.140000
120.665	7.179000
120.983	7.179000
120.983	7.180000
121.299	7.180000
121.299	8.294000
121.616	8.294000
121.616	8.296000
121.932	8.296000
121.932	8.307000
122.249	8.307000
122.249	7.031000
122.601	7.031000
122.601	7.016000
122.953	7.016000
122.953	6.992000
123.305	6.992000
123.305	6.057000
123.622	6.057000
123.622	6.312000
123.939	6.312000
123.939	6.077000
124.256	6.077000
124.256	7.334000
124.573	7.334000
124.573	7.516000
124.889	7.516000
124.889	7.361000
125.205	7.361000
125.205	7.036000
125.521	7.036000
125.521	7.104000
125.835	7.104000
125.835	7.144000
126.152	7.144000
126.152	7.213000
126.469	7.213000
126.469	7.228000
126.786	7.228000
126.786	7.206000
127.102	7.206000
127.102	7.293000
127.42	7.293000
127.42	7.331000
127.736	7.331000
127.736	7.283000
128.052	7.283000
128.052	8.811000
128.368	8.811000
128.368	8.799000
128.685	8.799000
128.685	8.721000
129.0	8.721000
129.0	7.151000
129.319	7.151000
129.319	7.267000
129.637	7.267000
129.637	7.246000
129.957	7.246000
129.957	7.623000
130.277	7.623000
130.277	7.758000
130.594	7.758000
130.594	7.696000
130.914	7.696000
130.914	7.309000
131.232	7.309000
131.232	7.369000
131.552	7.369000
131.552	7.329000
131.872	7.329000
131.872	6.961000
132.192	6.961000
132.192	7.104000
132.509	7.104000
132.509	6.969000
132.828	6.969000
132.828	7.391000
133.145	7.391000
133.145	7.820000
133.461	7.820000
133.461	7.389000
133.779	7.389000
133.779	7.636000
134.095	7.636000
134.095	7.324000
134.412	7.324000
134.412	7.618000
134.729	7.618000
134.729	6.775000
135.046	6.775000
135.046	6.612000
135.364	6.612000
135.364	6.769000
135.682	6.769000
135.682	8.152000
136.001	8.152000
136.001	8.243000
136.317	8.243000
136.317	8.228000
136.634	8.228000
136.634	6.826000
136.951	6.826000
136.951	6.933000
137.269	6.933000
137.269	7.098000
137.588	7.098000
137.588	6.800000
137.905	6.800000
137.905	6.509000
138.223	6.509000
138.223	6.807000
138.541	6.807000
138.541	7.939000
138.857	7.939000
138.857	7.790000
139.171	7.790000
139.171	7.920000
139.486	7.920000
139.486	6.806000
139.803	6.806000
139.803	6.891000
140.12	6.891000
140.12	6.992000
140.438	6.992000
140.438	7.162000
140.754	7.162000
140.754	6.878000
141.071	6.878000
141.071	7.253000
141.389	7.253000
141.389	7.164000
141.705	7.164000
141.705	7.144000
142.018	7.144000
142.018	7.241000
142.335	7.241000
142.335	7.022000
142.648	7.022000
142.648	6.873000
142.965	6.873000
142.965	6.986000
143.278	6.986000
143.278	7.685000
143.595	7.685000
143.595	7.218000
143.913	7.218000
143.913	7.503000
144.227	7.503000
144.227	7.623000
144.541	7.623000
144.541	7.474000
144.856	7.474000
144.856	7.615000
145.17	7.615000
145.17	6.908000
145.487	6.908000
145.487	6.808000
145.804	6.808000
145.804	6.873000
146.12	6.873000
146.12	7.006000
146.437	7.006000
146.437	7.148000
146.753	7.148000
146.753	7.123000
147.071	7.123000
147.071	7.597000
147.422	7.597000
147.422	7.887000
147.774	7.887000
147.774	7.608000
148.126	7.608000
148.126	6.308000
148.444	6.308000
148.444	6.364000
148.759	6.364000
148.759	6.334000
149.077	6.334000
149.077	7.628000
149.427	7.628000
149.427	7.583000
149.776	7.583000
149.776	7.600000
150.125	7.600000
150.125	7.076000
150.441	7.076000
150.441	7.225000
150.755	7.225000
150.755	7.255000
151.07	7.255000
151.07	6.312000
151.386	6.312000
151.386	6.279000
151.703	6.279000
151.703	6.719000
152.018	6.719000
152.018	7.373000
152.369	7.373000
152.369	7.241000
152.72	7.241000
152.72	7.211000
153.071	7.211000
153.071	6.682000
153.389	6.682000
153.389	6.938000
153.707	6.938000
153.707	6.847000
154.025	6.847000
154.025	6.840000
154.343	6.840000
154.343	6.787000
154.66	6.787000
154.66	6.978000
154.977	6.978000
154.977	7.203000
155.295	7.203000
155.295	7.396000
155.612	7.396000
155.612	7.197000
155.93	7.197000
155.93	6.924000
156.247	6.924000
156.247	7.037000
156.562	7.037000
156.562	6.964000
156.878	6.964000
156.878	6.711000
157.195	6.711000
157.195	7.024000
157.511	7.024000
157.511	6.743000
157.827	6.743000
157.827	6.417000
158.144	6.417000
158.144	6.581000
158.456	6.581000
158.456	6.422000
158.772	6.422000
158.772	8.211000
159.089	8.211000
159.089	8.177000
159.404	8.177000
159.404	8.185000
159.721	8.185000
159.721	6.507000
160.038	6.507000
160.038	6.479000
160.354	6.479000
160.354	6.403000
160.671	6.403000
160.671	7.830000
161.023	7.830000
161.023	7.766000
161.375	7.766000
161.375	7.834000
161.726	7.834000
161.726	7.570000
162.043	7.570000
162.043	7.510000
162.356	7.510000
162.356	7.612000
162.673	7.612000
162.673	7.178000
162.989	7.178000
162.989	7.093000
163.303	7.093000
163.303	7.117000
163.618	7.117000
163.618	6.609000
163.935	6.609000
163.935	6.504000
164.253	6.504000
164.253	6.527000
164.568	6.527000
164.568	6.226000
164.885	6.226000
164.885	6.269000
165.2	6.269000
165.2	6.291000
165.518	6.291000
165.518	7.124000
165.835	7.124000
165.835	7.464000
166.152	7.464000
166.152	7.057000
166.466	7.057000
166.466	7.620000
166.782	7.620000
166.782	7.294000
167.1	7.294000
167.1	7.558000
167.418	7.558000
167.418	6.648000
167.734	6.648000
167.734	6.696000
168.05	6.696000
168.05	6.644000
168.364	6.644000
168.364	7.268000
168.679	7.268000
168.679	7.457000
168.994	7.457000
168.994	7.286000
169.312	7.286000
169.312	4.947000
169.666	4.947000
169.666	4.917000
170.021	4.917000
170.021	5.078000
170.375	5.078000
170.375	7.249000
170.691	7.249000
170.691	7.197000
171.006	7.197000
171.006	7.281000
171.319	7.281000
171.319	7.259000
171.635	7.259000
171.635	7.374000
171.95	7.374000
171.95	7.157000
172.265	7.157000
172.265	6.916000
172.581	6.916000
172.581	6.973000
172.895	6.973000
172.895	6.898000
173.211	6.898000
173.211	6.841000
173.562	6.841000
173.562	6.657000
173.914	6.657000
173.914	7.009000
174.263	7.009000
174.263	6.968000
174.58	6.968000
174.58	7.090000
174.896	7.090000
174.896	6.933000
175.213	6.933000
175.213	7.224000
175.526	7.224000
175.526	7.420000
175.843	7.420000
175.843	7.776000
176.16	7.776000
176.16	7.174000
176.477	7.174000
176.477	7.138000
176.794	7.138000
176.794	7.119000
177.11	7.119000
177.11	7.168000
177.428	7.168000
177.428	7.447000
177.745	7.447000
177.745	7.131000
178.062	7.131000
178.062	6.885000
178.377	6.885000
178.377	6.881000
178.693	6.881000
178.693	6.896000
179.011	6.896000
179.011	7.187000
179.329	7.187000
179.329	7.013000
179.646	7.013000
179.646	7.204000
179.962	7.204000
179.962	7.385000
180.277	7.385000
180.277	7.535000
180.592	7.535000
180.592	7.398000
180.908	7.398000
180.908	6.519000
181.224	6.519000
181.224	6.598000
181.539	6.598000
181.539	6.576000
181.856	6.576000
181.856	6.831000
182.173	6.831000
182.173	6.807000
182.489	6.807000
182.489	7.112000
182.805	7.112000
182.805	7.049000
183.122	7.049000
183.122	7.138000
183.439	7.138000
183.439	7.002000
183.755	7.002000
183.755	7.359000
184.072	7.359000
184.072	7.194000
184.389	7.194000
184.389	7.308000
184.707	7.308000
184.707	6.659000
185.025	6.659000
185.025	6.744000
185.34	6.744000
185.34	6.548000
185.658	6.548000
185.658	6.932000
185.973	6.932000
185.973	6.683000
186.288	6.683000
186.288	6.895000
186.603	6.895000
186.603	7.084000
186.92	7.084000
186.92	7.098000
187.237	7.098000
187.237	7.084000
187.553	7.084000
187.553	6.819000
187.869	6.819000
187.869	6.833000
188.184	6.833000
188.184	6.773000
188.5	6.773000
188.5	7.163000
188.816	7.163000
188.816	7.174000
189.133	7.174000
189.133	7.050000
189.449	7.050000
189.449	7.568000
189.764	7.568000
189.764	7.534000
190.078	7.534000
190.078	7.474000
190.392	7.474000
190.392	7.141000
190.709	7.141000
190.709	6.668000
191.026	6.668000
191.026	7.251000
191.344	7.251000
191.344	6.604000
191.662	6.604000
191.662	6.692000
191.978	6.692000
191.978	6.483000
192.296	6.483000
192.296	7.924000
192.648	7.924000
192.648	7.999000
192.999	7.999000
192.999	7.843000
193.351	7.843000
193.351	7.167000
193.669	7.167000
193.669	7.222000
193.987	7.222000
193.987	7.166000
194.304	7.166000
194.304	7.135000
194.621	7.135000
194.621	6.738000
194.937	6.738000
194.937	6.942000
195.255	6.942000
195.255	8.612000
195.57	8.612000
195.57	8.775000
195.885	8.775000
195.885	8.680000
196.2	8.680000
196.2	9.305000
196.517	9.305000
196.517	9.255000
196.828	9.255000
196.828	9.303000
197.143	9.303000
197.143	7.626000
197.461	7.626000
197.461	7.825000
197.778	7.825000
197.778	7.690000
198.095	7.690000
198.095	6.453000
198.408	6.453000
198.408	6.510000
198.723	6.510000
198.723	6.408000
199.034	6.408000
199.034	7.486000
199.348	7.486000
199.348	7.293000
199.666	7.293000
199.666	7.462000
199.981	7.462000
199.981	7.686000
200.297	7.686000
200.297	7.806000
200.613	7.806000
200.613	7.671000
200.93	7.671000
200.93	6.569000
201.247	6.569000
201.247	6.639000
201.563	6.639000
201.563	6.583000
201.878	6.583000
201.878	7.343000
202.191	7.343000
202.191	6.967000
202.507	6.967000
202.507	7.162000
202.825	7.162000
202.825	7.093000
203.142	7.093000
203.142	7.409000
203.459	7.409000
203.459	7.458000
203.777	7.458000
203.777	7.446000
204.094	7.446000
204.094	7.458000
204.41	7.458000
204.41	7.391000
204.726	7.391000
204.726	6.753000
205.043	6.753000
205.043	6.740000
205.359	6.740000
205.359	6.812000
205.676	6.812000
205.676	7.486000
205.994	7.486000
205.994	7.582000
206.311	7.582000
206.311	7.645000
206.628	7.645000
206.628	6.504000
206.944	6.504000
206.944	6.611000
207.259	6.611000
207.259	6.632000
207.575	6.632000
207.575	7.193000
207.892	7.193000
207.892	7.250000
208.207	7.250000
208.207	7.208000
208.522	7.208000
208.522	6.448000
208.839	6.448000
208.839	6.737000
209.156	6.737000
209.156	6.557000
209.474	6.557000
209.474	7.802000
209.826	7.802000
209.826	7.854000
210.173	7.854000
210.173	7.908000
210.525	7.908000
210.525	6.554000
210.842	6.554000
210.842	6.877000
211.157	6.877000
211.157	6.596000
211.473	6.596000
211.473	7.990000
211.789	7.990000
211.789	7.526000
212.105	7.526000
212.105	7.613000
212.421	7.613000
212.421	7.927000
212.772	7.927000
212.772	8.355000
213.123	8.355000
213.123	8.109000
213.474	8.109000
213.474	6.938000
213.789	6.938000
213.789	6.637000
214.105	6.637000
214.105	6.614000
214.422	6.614000
214.422	6.730000
214.774	6.730000
214.774	6.830000
215.125	6.830000
215.125	6.755000
215.478	6.755000
215.478	7.189000
215.794	7.189000
215.794	7.302000
216.111	7.302000
216.111	7.162000
216.429	7.162000
216.429	7.209000
216.745	7.209000
216.745	7.107000
217.062	7.107000
217.062	7.090000
217.379	7.090000
217.379	6.729000
217.695	6.729000
217.695	6.704000
218.009	6.704000
218.009	6.784000
218.325	6.784000
218.325	6.952000
218.64	6.952000
218.64	7.292000
218.957	7.292000
218.957	6.928000
219.273	6.928000
219.273	6.534000
219.587	6.534000
219.587	6.394000
219.903	6.394000
219.903	6.501000
220.217	6.501000
220.217	6.860000
220.534	6.860000
220.534	6.748000
220.852	6.748000
220.852	6.854000
221.169	6.854000
221.169	8.342000
221.487	8.342000
221.487	8.323000
221.804	8.323000
221.804	8.249000
222.121	8.249000
222.121	7.204000
222.437	7.204000
222.437	7.346000
222.753	7.346000
222.753	7.195000
223.069	7.195000
223.069	7.245000
223.385	7.245000
223.385	7.041000
223.703	7.041000
223.703	7.320000
224.02	7.320000
224.02	7.743000
224.336	7.743000
224.336	7.764000
224.651	7.764000
224.651	7.741000
224.968	7.741000
224.968	7.197000
225.282	7.197000
225.282	7.354000
225.6	7.354000
225.6	7.369000
225.917	7.369000
225.917	8.298000
226.234	8.298000
226.234	8.314000
226.549	8.314000
226.549	8.274000
226.865	8.274000
226.865	8.101000
227.216	8.101000
227.216	8.266000
227.567	8.266000
227.567	8.094000
227.92	8.094000
227.92	6.605000
228.238	6.605000
228.238	6.595000
228.551	6.595000
228.551	6.557000
228.869	6.557000
228.869	7.725000
229.186	7.725000
229.186	7.809000
229.502	7.809000
229.502	7.879000
229.818	7.879000
229.818	7.312000
230.134	7.312000
230.134	7.432000
230.452	7.432000
230.452	7.346000
230.77	7.346000
230.77	8.762000
231.087	8.762000
231.087	8.728000
231.405	8.728000
231.405	8.704000
231.721	8.704000
231.721	8.044000
232.037	8.044000
232.037	8.173000
232.355	8.173000
232.355	8.156000
232.671	8.156000
232.671	7.435000
233.022	7.435000
233.022	7.476000
233.372	7.476000
233.372	7.322000
233.721	7.322000
233.721	7.297000
234.072	7.297000
234.072	7.216000
234.424	7.216000
234.424	7.344000
234.775	7.344000
234.775	7.265000
235.091	7.265000
235.091	7.451000
235.407	7.451000
235.407	7.303000
235.723	7.303000
235.723	6.926000
236.04	6.926000
236.04	6.909000
236.356	6.909000
236.356	6.893000
236.671	6.893000
236.671	3.924000
236.988	3.924000
236.988	3.804000
237.301	3.804000
237.301	3.928000
237.617	3.928000
237.617	7.432000
237.97	7.432000
237.97	7.430000
238.323	7.430000
238.323	7.342000
238.674	7.342000
238.674	7.332000
238.987	7.332000
238.987	7.248000
239.304	7.248000
239.304	7.349000
239.618	7.349000
239.618	7.203000
239.935	7.203000
239.935	6.930000
240.253	6.930000
240.253	7.148000
240.57	7.148000
240.57	8.043000
240.888	8.043000
240.888	7.958000
241.207	7.958000
241.207	8.055000
241.524	8.055000
241.524	7.182000
241.842	7.182000
241.842	7.059000
242.161	7.059000
242.161	7.125000
242.479	7.125000
242.479	7.837000
242.798	7.837000
242.798	7.879000
243.116	7.879000
243.116	7.903000
243.434	7.903000
243.434	7.973000
243.752	7.973000
243.752	8.090000
244.071	8.090000
244.071	8.016000
244.386	8.016000
244.386	6.773000
244.738	6.773000
244.738	6.796000
245.092	6.796000
245.092	6.750000
245.445	6.750000
245.445	0.720000
245.448	0.720000
245.448	0.514000
245.451	0.514000
245.451	0.518000
245.454	0.518000
245.454	7.848000
245.807	7.848000
245.807	7.896000
246.161	7.896000
246.161	7.819000
246.515	7.819000
246.515	7.010000
246.832	7.010000
246.832	6.791000
247.15	6.791000
247.15	6.938000
247.463	6.938000
247.463	8.010000
247.782	8.010000
247.782	8.167000
248.101	8.167000
248.101	7.970000
248.42	7.970000
248.42	8.891000
248.737	8.891000
248.737	9.071000
249.057	9.071000
249.057	8.814000
249.374	8.814000
249.374	6.951000
249.692	6.951000
249.692	6.749000
250.01	6.749000
250.01	6.961000
250.327	6.961000
250.327	7.616000
250.644	7.616000
250.644	7.592000
250.963	7.592000
250.963	7.606000
251.28	7.606000
251.28	7.011000
251.599	7.011000
251.599	7.303000
251.917	7.303000
251.917	7.011000
252.234	7.011000
252.234	7.977000
252.553	7.977000
252.553	7.826000
252.873	7.826000
252.873	7.925000
253.193	7.925000
253.193	6.924000
253.511	6.924000
253.511	6.971000
253.83	6.971000
253.83	6.921000
254.149	6.921000
254.149	7.184000
254.466	7.184000
254.466	7.095000
254.785	7.095000
254.785	7.254000
255.103	7.254000
255.103	7.422000
255.42	7.422000
255.42	7.189000
255.737	7.189000
255.737	7.446000
256.055	7.446000
256.055	7.342000
256.372	7.342000
256.372	7.541000
256.69	7.541000
256.69	7.417000
257.004	7.417000
257.004	3.247000
257.358	3.247000
257.358	3.034000
257.704	3.034000
257.704	3.113000
258.055	3.113000
258.055	9.004000
258.4	9.004000
258.4	9.081000
258.751	9.081000
258.751	8.987000
259.099	8.987000
259.099	7.742000
259.416	7.742000
259.416	7.712000
259.733	7.712000
259.733	7.811000
260.048	7.811000
260.048	7.473000
260.398	7.473000
260.398	7.168000
260.752	7.168000
260.752	7.219000
261.104	7.219000
261.104	7.574000
261.422	7.574000
261.422	7.528000
261.739	7.528000
261.739	7.593000
262.056	7.593000
262.056	7.936000
262.374	7.936000
262.374	7.946000
262.69	7.946000
262.69	8.005000
263.008	8.005000
263.008	7.700000
263.326	7.700000
263.326	7.511000
263.645	7.511000
263.645	7.554000
263.964	7.554000
263.964	7.050000
264.282	7.050000
264.282	7.104000
264.599	7.104000
264.599	7.102000
264.916	7.102000
264.916	7.270000
265.264	7.270000
265.264	7.259000
265.611	7.259000
265.611	7.155000
265.961	7.155000
265.961	7.462000
266.281	7.462000
266.281	7.490000
266.599	7.490000
266.599	7.380000
266.918	7.380000
266.918	7.807000
267.234	7.807000
267.234	7.457000
267.553	7.457000
267.553	7.606000
267.872	7.606000
267.872	7.229000
268.191	7.229000
268.191	7.388000
268.508	7.388000
268.508	7.253000
268.825	7.253000
268.825	7.353000
269.144	7.353000
269.144	7.384000
269.458	7.384000
269.458	7.252000
269.773	7.252000
269.773	7.502000
270.091	7.502000
270.091	7.636000
270.409	7.636000
270.409	7.436000
270.726	7.436000
270.726	8.035000
271.082	8.035000
271.082	8.052000
271.437	8.052000
271.437	8.105000
271.791	8.105000
271.791	7.363000
272.11	7.363000
272.11	7.725000
272.428	7.725000
272.428	7.511000
272.746	7.511000
272.746	7.112000
273.065	7.112000
273.065	7.287000
273.381	7.287000
273.381	7.260000
273.698	7.260000
273.698	7.466000
274.051	7.466000
274.051	7.366000
274.404	7.366000
274.404	7.394000
274.757	7.394000
274.757	7.304000
275.074	7.304000
275.074	7.543000
275.392	7.543000
275.392	7.368000
275.711	7.368000
275.711	7.788000
276.029	7.788000
276.029	8.020000
276.347	8.020000
276.347	7.848000
276.666	7.848000
276.666	7.766000
276.984	7.766000
276.984	7.833000
277.303	7.833000
277.303	7.688000
277.621	7.688000
277.621	6.981000
277.896	6.981000
277.896	6.950000
278.174	6.950000
278.174	7.079000
278.451	7.079000
278.451	7.910000
278.803	7.910000
278.803	7.946000
279.152	7.946000
279.152	7.887000
279.503	7.887000
279.503	7.217000
279.821	7.217000
279.821	7.735000
280.139	7.735000
280.139	7.217000
280.458	7.217000
280.458	7.710000
280.776	7.710000
280.776	7.423000
281.093	7.423000
281.093	7.772000
281.409	7.772000
281.409	6.660000
281.687	6.660000
281.687	7.043000
281.964	7.043000
281.964	6.666000
282.242	6.666000
282.242	7.226000
282.558	7.226000
282.558	7.260000
282.877	7.260000
282.877	7.299000
283.195	7.299000
283.195	7.225000
283.512	7.225000
283.512	7.067000
283.829	7.067000
283.829	7.353000
284.147	7.353000
284.147	7.520000
284.424	7.520000
284.424	7.553000
284.701	7.553000
284.701	7.734000
284.978	7.734000
284.978	7.849000
285.295	7.849000
285.295	7.740000
285.611	7.740000
285.611	7.832000
285.926	7.832000
285.926	6.889000
286.244	6.889000
286.244	6.695000
286.563	6.695000
286.563	6.754000
286.881	6.754000
286.881	7.718000
287.199	7.718000
287.199	7.461000
287.518	7.461000
287.518	7.750000
287.837	7.750000
287.837	7.286000
288.154	7.286000
288.154	7.383000
288.469	7.383000
288.469	7.335000
288.784	7.335000
288.784	8.017000
289.108	8.017000
289.108	7.862000
289.433	7.862000
289.433	8.144000
289.756	8.144000
289.756	7.025000
290.074	7.025000
290.074	6.962000
290.393	6.962000
290.393	7.075000
290.711	7.075000
290.711	7.537000
291.029	7.537000
291.029	7.751000
291.347	7.751000
291.347	7.601000
291.663	7.601000
291.663	7.241000
291.981	7.241000
291.981	7.314000
292.298	7.314000
292.298	7.151000
292.616	7.151000
292.616	5.800000
292.967	5.800000
292.967	5.863000
293.317	5.863000
293.317	5.837000
293.672	5.837000
293.672	7.742000
294.023	7.742000
294.023	7.835000
294.374	7.835000
294.374	7.792000
294.728	7.792000
294.728	6.979000
295.045	6.979000
295.045	7.083000
295.363	7.083000
295.363	6.853000
295.68	6.853000
295.68	7.921000
295.998	7.921000
295.998	7.707000
296.316	7.707000
296.316	7.721000
296.632	7.721000
296.632	7.392000
296.951	7.392000
296.951	7.490000
297.269	7.490000
297.269	7.378000
297.587	7.378000
297.587	7.206000
297.906	7.206000
297.906	7.205000
298.225	7.205000
298.225	7.214000
298.544	7.214000
298.544	6.931000
298.862	6.931000
298.862	6.800000
299.181	6.800000
299.181	7.071000
299.499	7.071000
299.499	7.726000
299.818	7.726000
299.818	7.838000
300.137	7.838000
300.137	7.704000
300.455	7.704000
300.455	7.353000
300.808	7.353000
300.808	7.170000
301.162	7.170000
301.162	7.419000
301.516	7.419000
301.516	7.175000
301.835	7.175000
301.835	7.404000
302.151	7.404000
302.151	7.267000
302.469	7.267000
302.469	7.772000
302.788	7.772000
302.788	7.691000
303.105	7.691000
303.105	7.834000
303.424	7.834000
303.424	7.343000
303.743	7.343000
303.743	7.341000
304.059	7.341000
304.059	7.327000
304.377	7.327000
304.377	7.355000
304.729	7.355000
304.729	7.090000
305.081	7.090000
305.081	7.361000
305.431	7.361000
305.431	7.837000
305.784	7.837000
305.784	7.469000
306.137	7.469000
306.137	7.580000
306.488	7.580000
306.488	7.273000
306.805	7.273000
306.805	7.109000
307.123	7.109000
307.123	7.244000
307.44	7.244000
307.44	7.381000
307.758	7.381000
307.758	7.455000
308.077	7.455000
308.077	7.351000
308.395	7.351000
308.395	8.771000
308.746	8.771000
308.746	8.450000
309.097	8.450000
309.097	8.707000
309.449	8.707000
309.449	7.298000
309.762	7.298000
309.762	7.154000
310.077	7.154000
310.077	7.221000
310.394	7.221000
310.394	7.127000
310.71	7.127000
310.71	7.300000
311.026	7.300000
311.026	7.107000
311.341	7.107000
311.341	7.252000
311.657	7.252000
311.657	7.102000
311.974	7.102000
311.974	7.252000
312.289	7.252000
312.289	6.693000
312.605	6.693000
312.605	6.777000
312.922	6.777000
312.922	6.726000
313.238	6.726000
313.238	6.839000
313.556	6.839000
313.556	7.141000
313.874	7.141000
313.874	6.833000
314.19	6.833000
314.19	6.822000
314.504	6.822000
314.504	6.658000
314.82	6.658000
314.82	6.655000
315.135	6.655000
315.135	7.058000
315.452	7.058000
315.452	7.314000
315.769	7.314000
315.769	7.084000
316.086	7.084000
316.086	7.266000
316.402	7.266000
316.402	7.379000
316.718	7.379000
316.718	7.228000
317.033	7.228000
317.033	6.371000
317.349	6.371000
317.349	6.480000
317.662	6.480000
317.662	6.407000
317.978	6.407000
317.978	6.440000
318.292	6.440000
318.292	6.409000
318.61	6.409000
318.61	6.443000
318.925	6.443000
318.925	6.626000
319.241	6.626000
319.241	6.653000
319.553	6.653000
319.553	6.564000
319.865	6.564000
319.865	7.354000
320.181	7.354000
320.181	7.440000
320.493	7.440000
320.493	7.386000
320.81	7.386000
320.81	7.183000
321.129	7.183000
321.129	7.109000
321.447	7.109000
321.447	7.113000
321.766	7.113000
321.766	7.511000
322.085	7.511000
322.085	7.516000
322.404	7.516000
322.404	7.538000
322.723	7.538000
322.723	7.204000
323.042	7.204000
323.042	7.150000
323.36	7.150000
323.36	7.161000
323.679	7.161000
323.679	7.480000
323.997	7.480000
323.997	7.519000
324.312	7.519000
324.312	7.483000
324.63	7.483000
324.63	7.485000
324.979	7.485000
324.979	7.679000
325.33	7.679000
325.33	7.516000
325.68	7.516000
325.68	7.024000
325.999	7.024000
325.999	6.996000
326.317	6.996000
326.317	7.015000
326.636	7.015000
326.636	7.759000
326.952	7.759000
326.952	7.853000
327.269	7.853000
327.269	7.765000
327.586	7.765000
327.586	8.852000
327.901	8.852000
327.901	8.927000
328.218	8.927000
328.218	8.835000
328.534	8.835000
328.534	8.001000
328.852	8.001000
328.852	8.067000
329.169	8.067000
329.169	7.971000
329.486	7.971000
329.486	7.195000
329.805	7.195000
329.805	7.115000
330.12	7.115000
330.12	7.189000
330.439	7.189000
330.439	7.564000
330.758	7.564000
330.758	7.469000
331.076	7.469000
331.076	7.667000
331.394	7.667000
331.394	7.493000
331.712	7.493000
331.712	7.095000
332.031	7.095000
332.031	7.490000
332.348	7.490000
332.348	7.699000
332.666	7.699000
332.666	7.480000
332.983	7.480000
332.983	7.661000
333.298	7.661000
333.298	6.482000
333.614	6.482000
333.614	6.582000
333.931	6.582000
333.931	6.560000
334.247	6.560000
334.247	6.643000
334.562	6.643000
334.562	6.415000
334.878	6.415000
334.878	6.655000
335.194	6.655000
335.194	6.548000
335.513	6.548000
335.513	6.612000
335.83	6.612000
335.83	6.549000
336.148	6.549000
336.148	7.467000
336.464	7.467000
336.464	7.577000
336.781	7.577000
336.781	7.388000
337.096	7.388000
337.096	6.733000
337.416	6.733000
337.416	6.833000
337.735	6.833000
337.735	6.694000
338.055	6.694000
338.055	6.969000
338.373	6.969000
338.373	7.281000
338.692	7.281000
338.692	6.932000
339.009	6.932000
339.009	8.830000
339.327	8.830000
339.327	8.803000
339.644	8.803000
339.644	8.875000
339.964	8.875000
339.964	7.822000
340.283	7.822000
340.283	8.065000
340.6	8.065000
340.6	7.860000
340.919	7.860000
340.919	7.082000
341.236	7.082000
341.236	7.290000
341.553	7.290000
341.553	7.105000
341.87	7.105000
341.87	7.264000
342.188	7.264000
342.188	7.224000
342.503	7.224000
342.503	7.318000
342.82	7.318000
342.82	7.255000
343.138	7.255000
343.138	7.278000
343.457	7.278000
343.457	7.401000
343.775	7.401000
343.775	7.387000
344.093	7.387000
344.093	7.285000
344.41	7.285000
344.41	7.399000
344.725	7.399000
344.725	7.686000
345.044	7.686000
345.044	7.875000
345.361	7.875000
345.361	7.744000
345.678	7.744000
345.678	7.327000
345.996	7.327000
345.996	7.398000
346.312	7.398000
346.312	7.269000
346.63	7.269000
346.63	6.642000
346.949	6.642000
346.949	6.818000
347.265	6.818000
347.265	6.676000
347.583	6.676000
347.583	7.914000
347.902	7.914000
347.902	7.877000
348.218	7.877000
348.218	7.875000
348.536	7.875000
348.536	7.411000
348.852	7.411000
348.852	7.390000
349.171	7.390000
349.171	7.333000
349.488	7.333000
349.488	7.083000
349.807	7.083000
349.807	7.116000
350.124	7.116000
350.124	7.030000
350.441	7.030000
350.441	9.564000
350.757	9.564000
350.757	9.643000
351.072	9.643000
351.072	9.489000
351.386	9.489000
351.386	9.752000
351.703	9.752000
351.703	9.680000
352.02	9.680000
352.02	9.678000
352.336	9.678000
352.336	9.012000
352.653	9.012000
352.653	8.919000
352.967	8.919000
352.967	8.923000
353.282	8.923000
353.282	7.996000
353.6	7.996000
353.6	7.826000
353.918	7.826000
353.918	7.970000
354.234	7.970000
354.234	7.198000
354.55	7.198000
354.55	7.271000
354.866	7.271000
354.866	7.331000
355.182	7.331000
355.182	6.943000
355.501	6.943000
355.501	7.157000
355.82	7.157000
355.82	6.959000
356.139	6.959000
356.139	7.417000
356.455	7.417000
356.455	7.146000
356.772	7.146000
356.772	7.566000
357.09	7.566000
357.09	7.146000
357.408	7.146000
357.408	7.244000
357.723	7.244000
357.723	7.146000
358.041	7.146000
358.041	6.923000
358.39	6.923000
358.39	6.941000
358.742	6.941000
358.742	6.966000
359.092	6.966000
359.092	9.999000
359.405	9.999000
359.405	9.823000
359.718	9.823000
359.718	7.119000
360.037	7.119000
360.037	7.648000
360.356	7.648000
360.356	7.132000
360.676	7.132000
360.676	7.966000
360.994	7.966000
360.994	7.975000
361.31	7.975000
361.31	8.000000
361.627	8.000000
361.627	7.002000
361.944	7.002000
361.944	7.209000
362.264	7.209000
362.264	6.984000
362.58	6.984000
362.58	6.700000
362.9	6.700000
362.9	7.092000
363.218	7.092000
363.218	6.720000
363.538	6.720000
363.538	8.455000
363.854	8.455000
363.854	8.636000
364.17	8.636000
364.17	8.402000
364.487	8.402000
364.487	7.926000
364.807	7.926000
364.807	7.984000
365.127	7.984000
365.127	7.966000
365.448	7.966000
365.448	6.735000
365.763	6.735000
365.763	6.506000
366.078	6.506000
366.078	6.890000
366.392	6.890000
366.392	7.885000
366.707	7.885000
366.707	8.136000
367.024	8.136000
367.024	7.970000
367.339	7.970000
367.339	7.404000
367.657	7.404000
367.657	7.584000
367.972	7.584000
367.972	7.349000
368.29	7.349000
368.29	7.300000
368.609	7.300000
368.609	7.277000
368.927	7.277000
368.927	7.300000
369.245	7.300000
369.245	8.024000
369.563	8.024000
369.563	8.230000
369.88	8.230000
369.88	8.044000
370.196	8.044000
370.196	7.135000
370.515	7.135000
370.515	7.203000
370.833	7.203000
370.833	7.252000
371.149	7.252000
371.149	7.057000
371.467	7.057000
371.467	7.268000
371.782	7.268000
371.782	7.116000
372.099	7.116000
372.099	7.665000
372.418	7.665000
372.418	7.859000
372.737	7.859000
372.737	7.657000
373.056	7.657000
373.056	6.928000
373.375	6.928000
373.375	7.007000
373.693	7.007000
373.693	6.981000
374.012	6.981000
374.012	6.981000
374.331	6.981000
374.331	7.124000
374.646	7.124000
374.646	7.048000
374.964	7.048000
374.964	7.229000
375.316	7.229000
375.316	7.609000
375.67	7.609000
375.67	7.319000
376.023	7.319000
376.023	7.522000
376.378	7.522000
376.378	7.522000
376.732	7.522000
376.732	7.446000
377.083	7.446000
377.083	8.106000
377.436	8.106000
377.436	7.972000
377.79	7.972000
377.79	8.142000
378.141	8.142000
378.141	7.511000
378.46	7.511000
378.46	7.378000
378.779	7.378000
378.779	7.453000
379.097	7.453000
379.097	7.026000
379.415	7.026000
379.415	7.039000
379.734	7.039000
379.734	7.321000
380.051	7.321000
380.051	7.401000
380.404	7.401000
380.404	7.519000
380.755	7.519000
380.755	7.437000
381.106	7.437000
381.106	6.897000
381.421	6.897000
381.421	7.052000
381.737	7.052000
381.737	6.869000
382.053	6.869000
382.053	6.860000
382.372	6.860000
382.372	6.740000
382.69	6.740000
382.69	6.986000
383.008	6.986000
383.008	7.325000
383.327	7.325000
383.327	7.540000
383.642	7.540000
383.642	7.265000
383.96	7.265000
383.96	8.312000
384.279	8.312000
384.279	8.409000
384.598	8.409000
384.598	8.283000
384.918	8.283000
384.918	7.367000
385.235	7.367000
385.235	6.996000
385.554	6.996000
385.554	7.271000
385.871	7.271000
385.871	7.452000
386.188	7.452000
386.188	7.185000
386.506	7.185000
386.506	7.277000
386.823	7.277000
386.823	7.010000
387.14	7.010000
387.14	6.994000
387.459	6.994000
387.459	7.079000
387.778	7.079000
387.778	8.707000
388.132	8.707000
388.132	8.825000
388.482	8.825000
388.482	8.631000
388.833	8.631000
388.833	7.270000
389.111	7.270000
389.111	7.329000
389.389	7.329000
389.389	7.265000
389.666	7.265000
389.666	7.008000
389.985	7.008000
389.985	7.027000
390.302	7.027000
390.302	7.033000
390.619	7.033000
390.619	8.784000
390.937	8.784000
390.937	8.910000
391.254	8.910000
391.254	8.821000
391.568	8.821000
391.568	7.229000
391.922	7.229000
391.922	7.026000
392.274	7.026000
392.274	7.122000
392.628	7.122000
392.628	7.086000
392.944	7.086000
392.944	7.151000
393.258	7.151000
393.258	7.317000
393.573	7.317000
393.573	7.290000
393.851	7.290000
393.851	7.438000
394.127	7.438000
394.127	7.378000
394.405	7.378000
394.405	8.960000
394.722	8.960000
394.722	8.979000
395.04	8.979000
395.04	8.934000
395.357	8.934000
395.357	7.633000
395.676	7.633000
395.676	7.712000
395.992	7.712000
395.992	7.750000
396.31	7.750000
396.31	6.976000
396.629	6.976000
396.629	7.128000
396.947	7.128000
396.947	7.061000
397.266	7.061000
397.266	7.268000
397.584	7.268000
397.584	7.365000
397.903	7.365000
397.903	7.199000
398.22	7.199000
398.22	7.577000
398.498	7.577000
398.498	7.796000
398.776	7.796000
398.776	7.592000
399.054	7.592000
399.054	6.776000
399.372	6.776000
399.372	6.889000
399.688	6.889000
399.688	6.715000
400.006	6.715000
400.006	7.340000
400.323	7.340000
400.323	7.377000
400.642	7.377000
400.642	7.332000
400.957	7.332000
400.957	7.629000
401.274	7.629000
401.274	7.325000
401.593	7.325000
401.593	7.631000
401.912	7.631000
401.912	8.561000
402.229	8.561000
402.229	8.700000
402.547	8.700000
402.547	8.489000
402.865	8.489000
402.865	7.981000
403.182	7.981000
403.182	7.786000
403.501	7.786000
403.501	7.897000
403.818	7.897000
403.818	8.564000
404.136	8.564000
404.136	8.371000
404.454	8.371000
404.454	8.675000
404.772	8.675000
404.772	8.202000
405.091	8.202000
405.091	8.194000
405.409	8.194000
405.409	8.232000
405.728	8.232000
405.728	7.207000
406.045	7.207000
406.045	7.315000
406.36	7.315000
406.36	7.173000
406.678	7.173000
406.678	8.412000
406.994	8.412000
406.994	8.321000
407.313	8.321000
407.313	8.348000
407.63	8.348000
407.63	7.576000
407.948	7.576000
407.948	7.575000
408.264	7.575000
408.264	7.700000
408.582	7.700000
408.582	7.115000
408.901	7.115000
408.901	7.174000
409.218	7.174000
409.218	7.063000
409.537	7.063000
409.537	6.881000
409.855	6.881000
409.855	6.957000
410.173	6.957000
410.173	6.849000
410.491	6.849000
410.491	8.611000
410.809	8.611000
410.809	8.650000
411.126	8.650000
411.126	8.552000
411.444	8.552000
411.444	6.917000
411.762	6.917000
411.762	7.197000
412.08	7.197000
412.08	6.958000
412.398	6.958000
412.398	7.725000
412.717	7.725000
412.717	7.808000
413.036	7.808000
413.036	7.750000
413.354	7.750000
413.354	7.481000
413.673	7.481000
413.673	7.652000
413.99	7.652000
413.99	7.496000
414.308	7.496000
414.308	7.256000
414.626	7.256000
414.626	7.069000
414.944	7.069000
414.944	7.113000
415.26	7.113000
415.26	7.987000
415.613	7.987000
415.613	7.963000
415.966	7.963000
415.966	8.054000
416.319	8.054000
416.319	7.508000
416.637	7.508000
416.637	7.300000
416.956	7.300000
416.956	7.364000
417.274	7.364000
417.274	7.402000
417.593	7.402000
417.593	7.235000
417.912	7.235000
417.912	7.281000
418.232	7.281000
418.232	7.866000
418.55	7.866000
418.55	7.710000
418.867	7.710000
418.867	7.842000
419.184	7.842000
419.184	7.261000
419.535	7.261000
419.535	7.081000
419.889	7.081000
419.889	7.121000
420.242	7.121000
420.242	7.292000
420.561	7.292000
420.561	7.457000
420.879	7.457000
420.879	7.253000
421.198	7.253000
421.198	8.493000
421.517	8.493000
421.517	8.512000
421.835	8.512000
421.835	8.384000
422.151	8.384000
422.151	7.242000
422.47	7.242000
422.47	7.038000
422.788	7.038000
422.788	7.226000
423.106	7.226000
423.106	7.895000
423.423	7.895000
423.423	7.836000
423.741	7.836000
423.741	8.113000
424.058	8.113000
424.058	7.687000
424.375	7.687000
424.375	7.801000
424.69	7.801000
424.69	7.749000
425.008	7.749000
425.008	7.248000
425.327	7.248000
425.327	7.374000
425.644	7.374000
425.644	7.281000
425.962	7.281000
425.962	7.344000
426.28	7.344000
426.28	7.242000
426.598	7.242000
426.598	7.318000
426.915	7.318000
426.915	7.423000
427.232	7.423000
427.232	7.490000
427.548	7.490000
427.548	7.321000
427.866	7.321000
427.866	7.251000
428.182	7.251000
428.182	7.236000
428.499	7.236000
428.499	7.278000
428.816	7.278000
428.816	7.379000
429.131	7.379000
429.131	7.290000
429.446	7.290000
429.446	7.317000
429.763	7.317000
429.763	7.391000
430.08	7.391000
430.08	7.472000
430.395	7.472000
430.395	7.440000
430.711	7.440000
430.711	6.985000
431.029	6.985000
431.029	6.868000
431.346	6.868000
431.346	7.037000
431.664	7.037000
431.664	7.016000
431.982	7.016000
431.982	6.996000
432.3	6.996000
432.3	7.200000
432.617	7.200000
432.617	7.161000
432.935	7.161000
432.935	7.376000
433.251	7.376000
433.251	7.100000
433.567	7.100000
433.567	7.120000
433.884	7.120000
433.884	7.224000
434.2	7.224000
434.2	7.138000
434.518	7.138000
434.518	6.973000
434.835	6.973000
434.835	6.951000
435.153	6.951000
435.153	6.962000
435.471	6.962000
435.471	7.094000
435.786	7.094000
435.786	7.439000
436.102	7.439000
436.102	7.038000
436.418	7.038000
436.418	6.735000
436.735	6.735000
436.735	6.716000
437.051	6.716000
437.051	6.716000
437.369	6.716000
437.369	6.934000
437.686	6.934000
437.686	6.517000
438.004	6.517000
438.004	6.984000
438.32	6.984000
438.32	7.467000
438.669	7.467000
438.669	7.522000
439.018	7.522000
439.018	7.469000
439.366	7.469000
439.366	7.103000
439.683	7.103000
439.683	6.818000
440.001	6.818000
440.001	6.923000
440.317	6.923000
440.317	7.032000
440.635	7.032000
440.635	7.094000
440.951	7.094000
440.951	6.970000
441.268	6.970000
441.268	7.494000
441.585	7.494000
441.585	7.704000
441.902	7.704000
441.902	7.600000
442.219	7.600000
442.219	7.263000
442.536	7.263000
442.536	7.358000
442.853	7.358000
442.853	7.258000
443.17	7.258000
443.17	7.837000
443.486	7.837000
443.486	7.905000
443.798	7.905000
443.798	7.901000
444.114	7.901000
444.114	7.280000
444.43	7.280000
444.43	7.142000
444.747	7.142000
444.747	7.282000
445.064	7.282000
445.064	6.298000
445.382	6.298000
445.382	6.367000
445.699	6.367000
445.699	6.331000
446.017	6.331000
446.017	7.152000
446.334	7.152000
446.334	7.189000
446.651	7.189000
446.651	7.184000
446.97	7.184000
446.97	7.739000
447.286	7.739000
447.286	8.269000
447.603	8.269000
447.603	7.636000
447.918	7.636000
447.918	7.324000
448.268	7.324000
448.268	7.195000
448.619	7.195000
448.619	7.402000
448.969	7.402000
448.969	7.002000
449.284	7.002000
449.284	7.092000
449.599	7.092000
449.599	6.937000
449.916	6.937000
449.916	7.467000
450.268	7.467000
450.268	7.767000
450.619	7.767000
450.619	7.468000
450.97	7.468000
450.97	6.899000
451.288	6.899000
451.288	7.098000
451.604	7.098000
451.604	6.885000
451.922	6.885000
451.922	7.095000
452.24	7.095000
452.24	7.070000
452.555	7.070000
452.555	7.086000
452.872	7.086000
452.872	7.855000
453.187	7.855000
453.187	7.986000
453.504	7.986000
453.504	7.761000
453.819	7.761000
453.819	7.055000
454.136	7.055000
454.136	7.137000
454.453	7.137000
454.453	7.094000
454.769	7.094000
454.769	6.833000
455.119	6.833000
455.119	6.650000
455.472	6.650000
455.472	6.780000
455.822	6.780000
455.822	7.328000
456.139	7.328000
456.139	7.620000
456.455	7.620000
456.455	7.387000
456.773	7.387000
456.773	7.004000
457.089	7.004000
457.089	7.117000
457.403	7.117000
457.403	7.048000
457.719	7.048000
457.719	7.081000
458.037	7.081000
458.037	7.283000
458.351	7.283000
458.351	7.225000
458.668	7.225000
458.668	7.680000
459.021	7.680000
459.021	7.824000
459.372	7.824000
459.372	7.716000
459.725	7.716000
459.725	6.692000
460.042	6.692000
460.042	6.909000
460.357	6.909000
460.357	6.721000
460.675	6.721000
460.675	7.230000
460.993	7.230000
460.993	7.451000
461.309	7.451000
461.309	7.183000
461.626	7.183000
461.626	7.393000
461.942	7.393000
461.942	7.377000
462.26	7.377000
462.26	7.372000
462.576	7.372000
462.576	7.210000
462.892	7.210000
462.892	7.166000
463.21	7.166000
463.21	7.332000
463.527	7.332000
463.527	7.647000
463.843	7.647000
463.843	7.998000
464.157	7.998000
464.157	7.639000
464.474	7.639000
464.474	6.833000
464.789	6.833000
464.789	6.704000
465.107	6.704000
465.107	6.850000
465.424	6.850000
465.424	7.465000
465.74	7.465000
465.74	7.177000
466.059	7.177000
466.059	7.227000
466.375	7.227000
466.375	7.114000
466.693	7.114000
466.693	7.029000
467.01	7.029000
467.01	6.967000
467.324	6.967000
467.324	7.141000
467.642	7.141000
467.642	7.474000
467.96	7.474000
467.96	7.032000
468.277	7.032000
468.277	7.045000
468.595	7.045000
468.595	7.354000
468.913	7.354000
468.913	7.060000
469.231	7.060000
469.231	7.289000
469.547	7.289000
469.547	7.162000
469.863	7.162000
469.863	7.216000
470.176	7.216000
470.176	6.837000
470.495	6.837000
470.495	6.970000
470.811	6.970000
470.811	6.812000
471.13	6.812000
471.13	7.383000
471.482	7.383000
471.482	7.405000
471.832	7.405000
471.832	7.346000
472.182	7.346000
472.182	8.298000
472.498	8.298000
472.498	8.200000
472.815	8.200000
472.815	8.333000
473.129	8.333000
473.129	7.354000
473.481	7.354000
473.481	7.049000
473.834	7.049000
473.834	7.557000
474.186	7.557000
474.186	7.610000
474.504	7.610000
474.504	7.947000
474.823	7.947000
474.823	7.612000
475.139	7.612000
475.139	6.509000
475.456	6.509000
475.456	6.617000
475.771	6.617000
475.771	6.524000
476.087	6.524000
476.087	7.288000
476.401	7.288000
476.401	7.063000
476.718	7.063000
476.718	7.240000
477.034	7.240000
477.034	7.874000
477.353	7.874000
477.353	8.032000
477.673	8.032000
477.673	7.966000
477.991	7.966000
477.991	6.588000
478.309	6.588000
478.309	6.640000
478.623	6.640000
478.623	6.601000
478.942	6.601000
478.942	7.534000
479.259	7.534000
479.259	7.649000
479.576	7.649000
479.576	7.454000
479.893	7.454000
479.893	7.147000
480.208	7.147000
480.208	7.275000
480.522	7.275000
480.522	7.111000
480.837	7.111000
480.837	7.149000
481.154	7.149000
481.154	7.182000
481.471	7.182000
481.471	7.063000
481.787	7.063000
481.787	6.568000
482.103	6.568000
482.103	6.447000
482.42	6.447000
482.42	6.518000
482.736	6.518000
482.736	7.079000
483.087	7.079000
483.087	7.102000
483.437	7.102000
483.437	7.112000
483.787	7.112000
483.787	7.139000
484.104	7.139000
484.104	7.100000
484.42	7.100000
484.42	7.134000
484.737	7.134000
484.737	6.696000
485.053	6.696000
485.053	6.816000
485.368	6.816000
485.368	6.716000
485.684	6.716000
485.684	6.993000
486.002	6.993000
486.002	7.298000
486.319	7.298000
486.319	7.015000
486.634	7.015000
486.634	6.717000
486.951	6.717000
486.951	6.862000
487.269	6.862000
487.269	6.669000
487.585	6.669000
487.585	7.880000
487.898	7.880000
487.898	8.022000
488.213	8.022000
488.213	7.916000
488.529	7.916000
488.529	6.714000
488.846	6.714000
488.846	6.865000
489.164	6.865000
489.164	6.806000
489.481	6.806000
489.481	6.781000
489.798	6.781000
489.798	6.957000
490.114	6.957000
490.114	6.876000
490.431	6.876000
490.431	9.581000
490.749	9.581000
490.749	9.608000
491.068	9.608000
491.068	9.624000
491.387	9.624000
491.387	8.679000
491.704	8.679000
491.704	8.528000
492.021	8.528000
492.021	8.630000
492.337	8.630000
492.337	7.177000
492.652	7.177000
492.652	7.081000
492.97	7.081000
492.97	7.143000
493.287	7.143000
493.287	6.348000
493.639	6.348000
493.639	6.487000
493.99	6.487000
493.99	6.356000
494.342	6.356000
494.342	7.207000
494.658	7.207000
494.658	6.992000
494.974	6.992000
494.974	7.011000
495.288	7.011000
495.288	7.487000
495.604	7.487000
495.604	7.565000
495.92	7.565000
495.92	7.488000
496.237	7.488000
496.237	7.116000
496.589	7.116000
496.589	7.350000
496.94	7.350000
496.94	7.144000
497.29	7.144000
497.29	8.968000
497.605	8.968000
497.605	8.656000
497.922	8.656000
497.922	8.903000
498.24	8.903000
498.24	8.150000
498.588	8.150000
498.588	8.249000
498.937	8.249000
498.937	8.250000
499.284	8.250000
499.284	7.424000
499.601	7.424000
499.601	7.478000
499.917	7.478000
499.917	7.470000
500.234	7.470000
500.234	6.883000
500.516	6.883000
500.516	7.110000
500.797	7.110000
500.797	6.871000
501.078	6.871000
501.078	7.977000
501.396	7.977000
501.396	8.190000
501.713	8.190000
501.713	7.963000
502.029	7.963000
502.029	7.241000
502.341	7.241000
502.341	7.253000
502.658	7.253000
502.658	7.462000
502.974	7.462000
