0.0	5.898000
0.352	5.898000
0.352	6.191000
0.705	6.191000
0.705	6.169000
1.058	6.169000
1.058	6.603000
1.41	6.603000
1.41	6.455000
1.764	6.455000
1.764	6.633000
2.118	6.633000
2.118	8.241000
2.471	8.241000
2.471	8.722000
2.824	8.722000
2.824	7.881000
3.177	7.881000
3.177	6.683000
3.529	6.683000
3.529	6.854000
3.881	6.854000
3.881	6.854000
4.233	6.854000
4.233	4.967000
4.586	4.967000
4.586	4.779000
4.939	4.779000
4.939	5.037000
5.292	5.037000
5.292	5.287000
5.642	5.287000
5.642	5.360000
5.992	5.360000
5.992	5.092000
6.342	5.092000
6.342	4.912000
6.693	4.912000
6.693	5.281000
7.044	5.281000
7.044	5.447000
7.395	5.447000
7.395	5.256000
7.749	5.256000
7.749	4.934000
8.103	4.934000
8.103	5.049000
8.457	5.049000
8.457	5.067000
8.81	5.067000
8.81	4.881000
9.163	4.881000
9.163	5.124000
9.516	5.124000
9.516	5.801000
9.868	5.801000
9.868	5.040000
10.22	5.040000
10.22	5.394000
10.572	5.394000
10.572	4.787000
10.918	4.787000
10.918	5.118000
11.27	5.118000
11.27	4.984000
11.622	4.984000
11.622	5.582000
11.972	5.582000
11.972	5.113000
12.322	5.113000
12.322	5.608000
12.672	5.608000
12.672	6.046000
13.015	6.046000
13.015	5.428000
13.358	5.428000
13.358	5.453000
13.701	5.453000
13.701	5.583000
14.049	5.583000
14.049	5.050000
14.397	5.050000
14.397	5.396000
14.745	5.396000
14.745	6.387000
15.095	6.387000
15.095	6.430000
15.446	6.430000
15.446	5.980000
15.797	5.980000
15.797	6.700000
16.149	6.700000
16.149	6.488000
16.501	6.488000
16.501	6.533000
16.853	6.533000
16.853	6.980000
17.206	6.980000
17.206	8.219000
17.56	8.219000
17.56	6.855000
17.912	6.855000
17.912	8.391000
18.261	8.391000
18.261	8.112000
18.61	8.112000
18.61	7.781000
18.959	7.781000
18.959	6.244000
19.312	6.244000
19.312	6.860000
19.665	6.860000
19.665	5.961000
20.018	5.961000
20.018	5.117000
20.369	5.117000
20.369	5.267000
20.72	5.267000
20.72	5.529000
21.071	5.529000
21.071	5.314000
21.424	5.314000
21.424	5.605000
21.777	5.605000
21.777	5.287000
22.13	5.287000
22.13	4.727000
22.483	4.727000
22.483	4.847000
22.836	4.847000
22.836	5.274000
23.189	5.274000
23.189	4.779000
23.539	4.779000
23.539	5.687000
23.889	5.687000
23.889	5.420000
24.239	5.420000
24.239	5.800000
24.587	5.800000
24.587	5.386000
24.935	5.386000
24.935	5.840000
25.283	5.840000
25.283	5.557000
25.635	5.557000
25.635	5.802000
25.987	5.802000
25.987	5.858000
26.338	5.858000
26.338	5.382000
26.675	5.382000
26.675	5.192000
27.012	5.192000
27.012	5.373000
27.349	5.373000
27.349	6.762000
27.703	6.762000
27.703	7.351000
28.057	7.351000
28.057	7.152000
28.411	7.152000
28.411	4.848000
28.759	4.848000
28.759	4.783000
29.108	4.783000
29.108	5.579000
29.457	5.579000
29.457	6.085000
29.811	6.085000
29.811	5.711000
30.165	5.711000
30.165	5.426000
30.518	5.426000
30.518	5.853000
30.867	5.853000
30.867	6.322000
31.216	6.322000
31.216	5.529000
31.565	5.529000
31.565	7.084000
31.919	7.084000
31.919	6.362000
32.273	6.362000
32.273	6.364000
32.627	6.364000
32.627	5.677000
32.979	5.677000
32.979	5.203000
33.331	5.203000
33.331	5.369000
33.683	5.369000
33.683	5.625000
34.028	5.625000
34.028	5.592000
34.373	5.592000
34.373	5.881000
34.718	5.881000
34.718	5.144000
35.066	5.144000
35.066	5.263000
35.415	5.263000
35.415	4.454000
35.764	4.454000
35.764	4.654000
36.117	4.654000
36.117	5.038000
36.47	5.038000
36.47	5.040000
36.823	5.040000
36.823	5.312000
37.161	5.312000
37.161	5.415000
37.498	5.415000
37.498	4.600000
37.835	4.600000
37.835	5.218000
38.148	5.218000
38.148	5.712000
38.461	5.712000
38.461	5.442000
38.774	5.442000
38.774	5.765000
39.125	5.765000
39.125	5.438000
39.476	5.438000
39.476	5.085000
39.827	5.085000
39.827	6.183000
40.176	6.183000
40.176	5.885000
40.525	5.885000
40.525	6.114000
40.874	6.114000
40.874	5.391000
41.184	5.391000
41.184	6.286000
41.494	6.286000
41.494	5.311000
41.804	5.311000
41.804	6.300000
42.154	6.300000
42.154	6.602000
42.504	6.602000
42.504	6.440000
42.854	6.440000
42.854	7.327000
43.204	7.327000
43.204	7.111000
43.553	7.111000
43.553	6.706000
43.903	6.706000
43.903	6.733000
44.256	6.733000
44.256	7.608000
44.609	7.608000
44.609	7.479000
44.962	7.479000
44.962	6.012000
45.316	6.012000
45.316	5.773000
45.67	5.773000
45.67	5.070000
46.024	5.070000
46.024	5.193000
46.377	5.193000
46.377	5.336000
46.731	5.336000
46.731	5.646000
47.085	5.646000
47.085	5.944000
47.432	5.944000
47.432	6.014000
47.779	6.014000
47.779	5.385000
48.126	5.385000
48.126	6.416000
48.478	6.416000
48.478	6.621000
48.83	6.621000
48.83	6.418000
49.182	6.418000
49.182	5.155000
49.533	5.155000
49.533	5.118000
49.883	5.118000
49.883	5.189000
50.234	5.189000
50.234	5.529000
50.585	5.529000
50.585	5.549000
50.936	5.549000
50.936	4.932000
51.287	4.932000
51.287	5.057000
51.64	5.057000
51.64	5.498000
51.993	5.498000
51.993	5.247000
52.346	5.247000
52.346	5.088000
52.692	5.088000
52.692	5.483000
53.038	5.483000
53.038	5.330000
53.384	5.330000
53.384	4.128000
53.736	4.128000
53.736	4.721000
54.087	4.721000
54.087	4.682000
54.438	4.682000
54.438	5.796000
54.781	5.796000
54.781	6.097000
55.124	6.097000
55.124	5.567000
55.467	5.567000
55.467	7.082000
55.817	7.082000
55.817	7.361000
56.168	7.361000
56.168	7.450000
56.519	7.450000
56.519	6.351000
56.871	6.351000
56.871	6.431000
57.224	6.431000
57.224	6.439000
57.577	6.439000
57.577	6.733000
57.928	6.733000
57.928	7.134000
58.279	7.134000
58.279	6.818000
58.63	6.818000
58.63	5.332000
58.984	5.332000
58.984	5.870000
59.338	5.870000
59.338	5.395000
59.692	5.395000
59.692	6.392000
60.044	6.392000
60.044	6.093000
60.396	6.093000
60.396	5.854000
60.748	5.854000
60.748	6.821000
61.1	6.821000
61.1	6.714000
61.452	6.714000
61.452	7.019000
61.804	7.019000
61.804	5.929000
62.154	5.929000
62.154	5.446000
62.503	5.446000
62.503	5.135000
62.853	5.135000
62.853	5.673000
63.206	5.673000
63.206	5.835000
63.559	5.835000
63.559	5.381000
63.912	5.381000
63.912	4.870000
64.266	4.870000
64.266	5.047000
64.62	5.047000
64.62	4.638000
64.974	4.638000
64.974	5.107000
65.327	5.107000
65.327	5.050000
65.68	5.050000
65.68	4.996000
66.033	4.996000
66.033	5.316000
66.369	5.316000
66.369	5.133000
66.706	5.133000
66.706	5.226000
67.043	5.226000
67.043	4.808000
67.389	4.808000
67.389	5.105000
67.735	5.105000
67.735	4.767000
68.081	4.767000
68.081	4.639000
68.434	4.639000
68.434	4.675000
68.787	4.675000
68.787	4.749000
69.14	4.749000
69.14	5.609000
69.493	5.609000
69.493	5.674000
69.846	5.674000
69.846	5.709000
70.198	5.709000
70.198	5.984000
70.545	5.984000
70.545	6.155000
70.891	6.155000
70.891	5.872000
71.237	5.872000
71.237	8.467000
71.59	8.467000
71.59	9.047000
71.943	9.047000
71.943	8.411000
72.296	8.411000
72.296	5.189000
72.649	5.189000
72.649	5.352000
73.001	5.352000
73.001	5.002000
73.354	5.002000
73.354	6.045000
73.701	6.045000
73.701	6.334000
74.047	6.334000
74.047	6.387000
74.394	6.387000
74.394	5.781000
74.744	5.781000
74.744	4.874000
75.094	4.874000
75.094	4.996000
75.444	4.996000
75.444	5.570000
75.798	5.570000
75.798	5.334000
76.152	5.334000
76.152	4.658000
76.506	4.658000
76.506	5.421000
76.856	5.421000
76.856	5.460000
77.206	5.460000
77.206	5.252000
77.555	5.252000
77.555	5.347000
77.909	5.347000
77.909	5.262000
78.264	5.262000
78.264	5.928000
78.619	5.928000
78.619	4.844000
78.971	4.844000
78.971	5.139000
79.323	5.139000
79.323	4.977000
79.674	4.977000
79.674	4.879000
80.027	4.879000
80.027	5.162000
80.379	5.162000
80.379	4.789000
80.732	4.789000
80.732	4.525000
81.074	4.525000
81.074	4.228000
81.427	4.228000
81.427	4.301000
81.78	4.301000
81.78	6.057000
82.117	6.057000
82.117	5.745000
82.461	5.745000
82.461	5.537000
82.805	5.537000
82.805	6.316000
83.156	6.316000
83.156	6.133000
83.507	6.133000
83.507	6.373000
83.858	6.373000
83.858	7.324000
84.209	7.324000
84.209	7.147000
84.561	7.147000
84.561	7.404000
84.913	7.404000
84.913	6.450000
85.266	6.450000
85.266	5.831000
85.62	5.831000
85.62	6.229000
85.974	6.229000
85.974	7.039000
86.327	7.039000
86.327	7.093000
86.68	7.093000
86.68	7.094000
87.033	7.094000
87.033	7.573000
87.384	7.573000
87.384	8.301000
87.735	8.301000
87.735	8.253000
88.085	8.253000
88.085	5.043000
88.437	5.043000
88.437	5.252000
88.789	5.252000
88.789	4.875000
89.14	4.875000
89.14	4.773000
89.493	4.773000
89.493	5.168000
89.846	5.168000
89.846	4.980000
90.199	4.980000
90.199	5.034000
90.544	5.034000
90.544	5.078000
90.889	5.078000
90.889	5.080000
91.234	5.080000
91.234	5.266000
91.586	5.266000
91.586	4.958000
91.938	4.958000
91.938	5.087000
92.29	5.087000
92.29	5.686000
92.636	5.686000
92.636	5.357000
92.981	5.357000
92.981	5.486000
93.327	5.486000
93.327	5.719000
93.669	5.719000
93.669	5.191000
94.011	5.191000
94.011	5.017000
94.353	5.017000
94.353	6.943000
94.706	6.943000
94.706	7.151000
95.06	7.151000
95.06	7.130000
95.414	7.130000
95.414	7.425000
95.745	7.425000
95.745	7.644000
96.076	7.644000
96.076	7.931000
96.407	7.931000
96.407	5.306000
96.757	5.306000
96.757	5.209000
97.107	5.209000
97.107	5.035000
97.457	5.035000
97.457	5.168000
97.809	5.168000
97.809	4.880000
98.161	4.880000
98.161	4.851000
98.513	4.851000
98.513	6.109000
98.855	6.109000
98.855	5.666000
99.197	5.666000
99.197	5.963000
99.539	5.963000
99.539	4.957000
99.892	4.957000
99.892	4.932000
100.246	4.932000
100.246	5.095000
100.6	5.095000
100.6	5.248000
100.942	5.248000
100.942	5.588000
101.284	5.588000
101.284	5.578000
101.626	5.578000
101.626	5.331000
101.977	5.331000
101.977	5.609000
102.328	5.609000
102.328	5.297000
102.679	5.297000
102.679	4.826000
103.032	4.826000
103.032	5.140000
103.385	5.140000
103.385	5.566000
103.738	5.566000
103.738	5.521000
104.084	5.521000
104.084	4.852000
104.43	4.852000
104.43	5.824000
104.776	5.824000
104.776	8.801000
105.109	8.801000
105.109	8.851000
105.442	8.851000
105.442	8.680000
105.775	8.680000
105.775	8.547000
106.129	8.547000
106.129	7.806000
106.483	7.806000
106.483	7.781000
106.837	7.781000
106.837	5.642000
107.188	5.642000
107.188	5.500000
107.54	5.500000
107.54	5.508000
107.892	5.508000
107.892	6.909000
108.244	6.909000
108.244	6.786000
108.596	6.786000
108.596	6.865000
108.948	6.865000
108.948	5.264000
109.299	5.264000
109.299	5.603000
109.65	5.603000
109.65	5.342000
110.0	5.342000
110.0	5.130000
110.353	5.130000
110.353	5.451000
110.706	5.451000
110.706	5.473000
111.059	5.473000
111.059	5.313000
111.412	5.313000
111.412	5.759000
111.764	5.759000
111.764	5.002000
112.117	5.002000
112.117	5.422000
112.463	5.422000
112.463	6.095000
112.809	6.095000
112.809	5.502000
113.155	5.502000
113.155	5.017000
113.509	5.017000
113.509	5.311000
113.863	5.311000
113.863	4.940000
114.217	4.940000
114.217	6.485000
114.568	6.485000
114.568	6.080000
114.919	6.080000
114.919	6.029000
115.27	6.029000
115.27	4.940000
115.624	4.940000
115.624	5.433000
115.978	5.433000
115.978	5.448000
116.331	5.448000
116.331	5.218000
116.684	5.218000
116.684	6.142000
117.038	6.142000
117.038	5.449000
117.392	5.449000
117.392	5.767000
117.745	5.767000
117.745	5.295000
118.098	5.295000
118.098	5.620000
118.451	5.620000
118.451	5.569000
118.784	5.569000
118.784	5.559000
119.117	5.559000
119.117	6.017000
119.45	6.017000
119.45	5.475000
119.764	5.475000
119.764	4.974000
120.078	4.974000
120.078	5.175000
120.392	5.175000
120.392	5.811000
120.743	5.811000
120.743	5.460000
121.095	5.460000
121.095	5.742000
121.447	5.742000
121.447	5.175000
121.79	5.175000
121.79	5.930000
122.133	5.930000
122.133	5.247000
122.476	5.247000
122.476	5.411000
122.829	5.411000
122.829	4.934000
123.182	4.934000
123.182	5.088000
123.535	5.088000
123.535	4.909000
123.889	4.909000
123.889	5.263000
124.243	5.263000
124.243	4.489000
124.597	4.489000
124.597	4.650000
124.949	4.650000
124.949	5.278000
125.301	5.278000
125.301	5.061000
125.653	5.061000
125.653	4.918000
126.006	4.918000
126.006	4.622000
126.358	4.622000
126.358	5.004000
126.711	5.004000
126.711	4.752000
127.026	4.752000
127.026	4.499000
127.341	4.499000
127.341	4.449000
127.656	4.449000
127.656	5.719000
128.001	5.719000
128.001	5.253000
128.345	5.253000
128.345	5.551000
128.69	5.551000
128.69	5.751000
129.003	5.751000
129.003	5.524000
129.316	5.524000
129.316	5.403000
129.629	5.403000
129.629	6.779000
129.972	6.779000
129.972	7.003000
130.315	7.003000
130.315	7.152000
130.658	7.152000
130.658	6.031000
130.968	6.031000
130.968	6.064000
131.278	6.064000
131.278	5.791000
131.588	5.791000
131.588	7.659000
131.94	7.659000
131.94	8.196000
132.292	8.196000
132.292	7.518000
132.644	7.518000
132.644	5.131000
132.984	5.131000
132.984	5.618000
133.324	5.618000
133.324	4.822000
133.664	4.822000
133.664	4.868000
134.013	4.868000
134.013	4.454000
134.363	4.454000
134.363	4.719000
134.713	4.719000
134.713	5.255000
135.056	5.255000
135.056	5.581000
135.399	5.581000
135.399	5.471000
135.742	5.471000
135.742	5.009000
136.094	5.009000
136.094	4.394000
136.446	4.394000
136.446	4.696000
136.798	4.696000
136.798	5.352000
137.144	5.352000
137.144	5.757000
137.497	5.757000
137.497	4.975000
137.85	4.975000
137.85	6.311000
138.204	6.311000
138.204	7.061000
138.558	7.061000
138.558	6.541000
138.911	6.541000
138.911	4.465000
139.262	4.465000
139.262	4.943000
139.613	4.943000
139.613	4.668000
139.964	4.668000
139.964	4.871000
140.315	4.871000
140.315	4.913000
140.666	4.913000
140.666	4.870000
141.017	4.870000
141.017	5.202000
141.351	5.202000
141.351	5.408000
141.685	5.408000
141.685	4.636000
142.018	4.636000
142.018	5.446000
142.351	5.446000
142.351	5.482000
142.684	5.482000
142.684	5.691000
143.017	5.691000
143.017	4.751000
143.371	4.751000
143.371	4.785000
143.725	4.785000
143.725	4.997000
144.079	4.997000
144.079	5.628000
144.411	5.628000
144.411	5.384000
144.743	5.384000
144.743	6.128000
145.075	6.128000
145.075	6.403000
145.416	6.403000
145.416	6.338000
145.757	6.338000
145.757	6.170000
146.098	6.170000
146.098	7.260000
146.444	7.260000
146.444	7.289000
146.79	7.289000
146.79	6.928000
147.136	6.928000
147.136	4.989000
147.488	4.989000
147.488	5.555000
147.84	5.555000
147.84	5.394000
148.192	5.394000
148.192	6.589000
148.546	6.589000
148.546	6.265000
148.9	6.265000
148.9	6.037000
149.254	6.037000
149.254	5.888000
149.605	5.888000
149.605	5.770000
149.955	5.770000
149.955	6.105000
150.305	6.105000
150.305	5.637000
150.658	5.637000
150.658	5.375000
151.011	5.375000
151.011	5.429000
151.364	5.429000
151.364	4.306000
151.718	4.306000
151.718	4.507000
152.072	4.507000
152.072	4.415000
152.426	4.415000
152.426	4.435000
152.772	4.435000
152.772	4.826000
153.118	4.826000
153.118	4.344000
153.464	4.344000
153.464	4.312000
153.817	4.312000
153.817	4.192000
154.17	4.192000
154.17	4.687000
154.523	4.687000
154.523	4.749000
154.873	4.749000
154.873	4.721000
155.223	4.721000
155.223	4.823000
155.573	4.823000
155.573	4.950000
155.905	4.950000
155.905	5.091000
156.237	5.091000
156.237	4.957000
156.569	4.957000
156.569	4.663000
156.882	4.663000
156.882	4.908000
157.195	4.908000
157.195	4.669000
157.508	4.669000
157.508	5.663000
157.858	5.663000
157.858	5.270000
158.208	5.270000
158.208	4.874000
158.557	4.874000
158.557	5.550000
158.889	5.550000
158.889	5.959000
159.221	5.959000
159.221	5.453000
159.553	5.453000
159.553	5.954000
159.905	5.954000
159.905	5.532000
160.258	5.532000
160.258	6.012000
160.611	6.012000
160.611	5.168000
160.96	5.168000
160.96	5.805000
161.309	5.805000
161.309	5.449000
161.658	5.449000
161.658	5.166000
162.01	5.166000
162.01	5.847000
162.362	5.847000
162.362	5.573000
162.714	5.573000
162.714	5.564000
163.065	5.564000
163.065	5.461000
163.416	5.461000
163.416	5.715000
163.766	5.715000
163.766	4.996000
164.121	4.996000
164.121	4.322000
164.476	4.322000
164.476	4.605000
164.831	4.605000
164.831	5.227000
165.178	5.227000
165.178	5.202000
165.525	5.202000
165.525	5.159000
165.872	5.159000
165.872	4.943000
166.224	4.943000
166.224	4.602000
166.576	4.602000
166.576	4.626000
166.928	4.626000
166.928	5.101000
167.273	5.101000
167.273	4.874000
167.618	4.874000
167.618	4.459000
167.963	4.459000
167.963	5.036000
168.317	5.036000
168.317	4.961000
168.671	4.961000
168.671	5.391000
169.025	5.391000
169.025	4.772000
169.375	4.772000
169.375	4.749000
169.726	4.749000
169.726	4.336000
170.077	4.336000
170.077	5.109000
170.418	5.109000
170.418	5.168000
170.759	5.168000
170.759	5.780000
171.1	5.780000
171.1	5.453000
171.454	5.453000
171.454	5.115000
171.808	5.115000
171.808	5.341000
172.162	5.341000
172.162	5.193000
172.505	5.193000
172.505	5.016000
172.848	5.016000
172.848	5.030000
173.191	5.030000
173.191	5.205000
173.541	5.205000
173.541	5.548000
173.891	5.548000
173.891	5.456000
174.241	5.456000
174.241	5.630000
174.594	5.630000
174.594	4.880000
174.947	4.880000
174.947	5.066000
175.3	5.066000
175.3	5.315000
175.652	5.315000
175.652	5.528000
176.004	5.528000
176.004	5.753000
176.356	5.753000
176.356	5.771000
176.707	5.771000
176.707	5.792000
177.059	5.792000
177.059	5.728000
177.41	5.728000
177.41	4.665000
177.766	4.665000
177.766	5.017000
178.122	5.017000
178.122	4.679000
178.478	4.679000
178.478	4.877000
178.834	4.877000
178.834	4.801000
179.19	4.801000
179.19	5.311000
179.546	5.311000
179.546	4.862000
179.894	4.862000
179.894	4.750000
180.242	4.750000
180.242	4.750000
180.59	4.750000
180.59	5.121000
180.942	5.121000
180.942	4.994000
181.294	4.994000
181.294	4.643000
181.646	4.643000
181.646	4.708000
181.992	4.708000
181.992	4.927000
182.338	4.927000
182.338	5.110000
182.684	5.110000
182.684	4.839000
183.014	4.839000
183.014	5.277000
183.344	5.277000
183.344	5.058000
183.674	5.058000
183.674	4.412000
184.024	4.412000
184.024	4.214000
184.375	4.214000
184.375	4.287000
184.726	4.287000
184.726	4.917000
185.035	4.917000
185.035	6.284000
185.342	6.284000
185.342	5.800000
185.65	5.800000
185.65	5.243000
185.989	5.243000
185.989	5.067000
186.329	5.067000
186.329	5.335000
186.669	5.335000
186.669	4.547000
187.022	4.547000
187.022	4.367000
187.374	4.367000
187.374	4.537000
187.727	4.537000
187.727	5.133000
188.07	5.133000
188.07	5.184000
188.413	5.184000
188.413	5.296000
188.756	5.296000
188.756	4.565000
189.108	4.565000
189.108	4.444000
189.46	4.444000
189.46	5.083000
189.811	5.083000
189.811	4.931000
190.158	4.931000
190.158	5.308000
190.505	5.308000
190.505	5.050000
190.852	5.050000
190.852	6.640000
191.204	6.640000
191.204	6.100000
191.557	6.100000
191.557	6.093000
191.91	6.093000
191.91	8.085000
192.255	8.085000
192.255	7.795000
192.6	7.795000
192.6	8.058000
192.945	8.058000
192.945	5.741000
193.298	5.741000
193.298	5.380000
193.651	5.380000
193.651	4.905000
194.004	4.905000
194.004	3.701000
194.357	3.701000
194.357	4.058000
194.71	4.058000
194.71	4.084000
195.063	4.084000
195.063	5.233000
195.416	5.233000
195.416	4.814000
195.769	4.814000
195.769	5.011000
196.122	5.011000
196.122	3.753000
196.473	3.753000
196.473	3.826000
196.824	3.826000
196.824	4.113000
197.175	4.113000
197.175	4.364000
197.526	4.364000
197.526	3.900000
197.877	3.900000
197.877	4.435000
198.228	4.435000
198.228	4.671000
198.57	4.671000
198.57	4.670000
198.912	4.670000
198.912	4.934000
199.254	4.934000
199.254	4.515000
199.607	4.515000
199.607	4.580000
199.961	4.580000
199.961	4.993000
200.315	4.993000
200.315	5.156000
200.667	5.156000
200.667	4.625000
201.019	4.625000
201.019	4.733000
201.371	4.733000
201.371	4.650000
201.72	4.650000
201.72	4.925000
202.069	4.925000
202.069	4.167000
202.418	4.167000
202.418	4.808000
202.766	4.808000
202.766	4.646000
203.114	4.646000
203.114	5.036000
203.462	5.036000
203.462	4.930000
203.811	4.930000
203.811	5.171000
204.16	5.171000
204.16	5.199000
204.509	5.199000
204.509	4.984000
204.815	4.984000
204.815	5.281000
205.121	5.281000
205.121	5.500000
205.427	5.500000
205.427	5.321000
205.778	5.321000
205.778	5.306000
206.129	5.306000
206.129	4.927000
206.48	4.927000
206.48	5.419000
206.828	5.419000
206.828	5.044000
207.176	5.044000
207.176	4.938000
207.523	4.938000
207.523	5.298000
207.875	5.298000
207.875	5.671000
208.229	5.671000
208.229	5.180000
208.583	5.180000
208.583	5.086000
208.932	5.086000
208.932	4.736000
209.281	4.736000
209.281	4.948000
209.63	4.948000
209.63	5.280000
209.982	5.280000
209.982	5.385000
210.334	5.385000
210.334	5.002000
210.686	5.002000
210.686	5.331000
211.031	5.331000
211.031	5.511000
211.376	5.511000
211.376	5.169000
211.721	5.169000
211.721	5.116000
212.068	5.116000
212.068	5.292000
212.415	5.292000
212.415	5.020000
212.762	5.020000
212.762	4.490000
213.113	4.490000
213.113	4.769000
213.466	4.769000
213.466	4.209000
213.819	4.209000
213.819	4.751000
214.168	4.751000
214.168	4.697000
214.517	4.697000
214.517	4.808000
214.866	4.808000
214.866	5.132000
215.174	5.132000
215.174	5.509000
215.482	5.509000
215.482	5.083000
215.79	5.083000
215.79	5.034000
216.141	5.034000
216.141	4.582000
216.492	4.582000
216.492	4.866000
216.843	4.866000
216.843	5.153000
217.154	5.153000
217.154	5.010000
217.464	5.010000
217.464	5.063000
217.774	5.063000
217.774	6.088000
218.119	6.088000
218.119	5.778000
218.464	5.778000
218.464	5.593000
218.809	5.593000
218.809	4.801000
219.161	4.801000
219.161	4.853000
219.513	4.853000
219.513	5.116000
219.865	5.116000
219.865	5.601000
220.213	5.601000
220.213	6.213000
220.561	6.213000
220.561	5.463000
220.909	5.463000
220.909	5.915000
221.219	5.915000
221.219	6.235000
221.529	6.235000
221.529	6.249000
221.839	6.249000
221.839	7.534000
222.192	7.534000
222.192	7.355000
222.545	7.355000
222.545	7.258000
222.898	7.258000
222.898	9.028000
223.248	9.028000
223.248	9.396000
223.598	9.396000
223.598	8.255000
223.948	8.255000
223.948	9.102000
224.285	9.102000
224.285	8.799000
224.621	8.799000
224.621	9.618000
224.958	9.618000
224.958	6.173000
225.31	6.173000
225.31	5.620000
225.662	5.620000
225.662	5.735000
226.014	5.735000
226.014	5.837000
226.366	5.837000
226.366	5.931000
226.718	5.931000
226.718	5.508000
227.07	5.508000
227.07	4.854000
227.41	4.854000
227.41	5.436000
227.75	5.436000
227.75	4.779000
228.09	4.779000
228.09	4.995000
228.442	4.995000
228.442	5.110000
228.794	5.110000
228.794	5.187000
229.146	5.187000
229.146	4.831000
229.497	4.831000
229.497	4.456000
229.847	4.456000
229.847	4.731000
230.198	4.731000
230.198	5.124000
230.547	5.124000
230.547	4.509000
230.896	4.509000
230.896	4.727000
231.245	4.727000
231.245	5.253000
231.572	5.253000
231.572	4.850000
231.899	4.850000
231.899	4.823000
232.226	4.823000
232.226	4.589000
232.575	4.589000
232.575	4.854000
232.925	4.854000
232.925	4.890000
233.275	4.890000
233.275	4.710000
233.619	4.710000
233.619	4.794000
233.963	4.794000
233.963	5.167000
234.307	5.167000
234.307	5.346000
234.659	5.346000
234.659	5.354000
235.01	5.354000
235.01	5.541000
235.362	5.541000
235.362	6.409000
235.706	6.409000
235.706	5.677000
236.05	5.677000
236.05	5.711000
236.394	5.711000
236.394	5.597000
236.741	5.597000
236.741	5.300000
237.088	5.300000
237.088	5.490000
237.435	5.490000
237.435	5.689000
237.786	5.689000
237.786	5.790000
238.138	5.790000
238.138	5.642000
238.49	5.642000
238.49	5.086000
238.844	5.086000
238.844	5.300000
239.198	5.300000
239.198	5.417000
239.552	5.417000
239.552	5.966000
239.901	5.966000
239.901	6.349000
240.249	6.349000
240.249	6.064000
240.597	6.064000
240.597	8.204000
240.95	8.204000
240.95	8.354000
241.303	8.354000
241.303	8.293000
241.656	8.293000
241.656	9.098000
242.007	9.098000
242.007	8.634000
242.358	8.634000
242.358	8.850000
242.708	8.850000
242.708	7.161000
243.054	7.161000
243.054	7.143000
243.4	7.143000
243.4	6.823000
243.746	6.823000
243.746	5.088000
244.1	5.088000
244.1	5.102000
244.455	5.102000
244.455	5.325000
244.81	5.325000
244.81	5.941000
245.16	5.941000
245.16	5.523000
245.51	5.523000
245.51	5.943000
245.86	5.943000
245.86	4.568000
246.21	4.568000
246.21	5.060000
246.559	5.060000
246.559	4.969000
246.908	4.969000
246.908	4.677000
247.258	4.677000
247.258	4.699000
247.608	4.699000
247.608	4.564000
247.958	4.564000
247.958	5.588000
248.3	5.588000
248.3	5.633000
248.642	5.633000
248.642	5.356000
248.984	5.356000
248.984	5.304000
249.326	5.304000
249.326	5.065000
249.667	5.065000
249.667	5.858000
250.008	5.858000
250.008	3.842000
250.362	3.842000
250.362	4.504000
250.716	4.504000
250.716	4.336000
251.07	4.336000
251.07	4.928000
251.42	4.928000
251.42	4.941000
251.77	4.941000
251.77	4.440000
252.12	4.440000
252.12	4.599000
252.471	4.599000
252.471	5.045000
252.822	5.045000
252.822	5.106000
253.173	5.106000
253.173	6.168000
253.522	6.168000
253.522	5.936000
253.872	5.936000
253.872	5.905000
254.222	5.905000
254.222	5.214000
254.575	5.214000
254.575	4.628000
254.928	4.628000
254.928	5.283000
255.281	5.283000
255.281	4.699000
255.634	4.699000
255.634	4.967000
255.987	4.967000
255.987	4.999000
256.34	4.999000
256.34	5.372000
256.682	5.372000
256.682	5.430000
257.024	5.430000
257.024	5.634000
257.366	5.634000
257.366	9.105000
257.72	9.105000
257.72	8.288000
258.073	8.288000
258.073	8.622000
258.426	8.622000
258.426	5.957000
258.779	5.957000
258.779	6.187000
259.133	6.187000
259.133	6.165000
259.487	6.165000
259.487	6.893000
259.818	6.893000
259.818	7.038000
260.149	7.038000
260.149	7.585000
260.48	7.585000
260.48	5.181000
260.828	5.181000
260.828	4.999000
261.176	4.999000
261.176	4.807000
261.524	4.807000
261.524	5.104000
261.872	5.104000
261.872	5.035000
262.22	5.035000
262.22	4.806000
262.567	4.806000
262.567	4.597000
262.919	4.597000
262.919	4.569000
263.27	4.569000
263.27	5.402000
263.621	5.402000
263.621	4.950000
263.973	4.950000
263.973	4.296000
264.325	4.296000
264.325	4.849000
264.677	4.849000
264.677	5.191000
265.027	5.191000
265.027	4.583000
265.377	4.583000
265.377	4.390000
265.727	4.390000
265.727	4.471000
266.08	4.471000
266.08	4.778000
266.432	4.778000
266.432	4.555000
266.785	4.555000
266.785	4.729000
267.135	4.729000
267.135	4.705000
267.484	4.705000
267.484	4.571000
267.834	4.571000
267.834	5.379000
268.17	5.379000
268.17	5.574000
268.506	5.574000
268.506	5.324000
268.842	5.324000
268.842	6.217000
269.185	6.217000
269.185	6.395000
269.528	6.395000
269.528	6.254000
269.871	6.254000
269.871	4.708000
270.216	4.708000
270.216	4.529000
270.561	4.529000
270.561	4.820000
270.906	4.820000
270.906	5.604000
271.232	5.604000
271.232	6.164000
271.558	6.164000
271.558	5.747000
271.884	5.747000
271.884	5.513000
272.237	5.513000
272.237	5.185000
272.59	5.185000
272.59	5.468000
272.943	5.468000
272.943	6.126000
273.288	6.126000
273.288	6.272000
273.633	6.272000
273.633	6.112000
273.978	6.112000
273.978	5.732000
274.332	5.732000
274.332	5.882000
274.686	5.882000
274.686	5.535000
275.04	5.535000
275.04	8.637000
275.387	8.637000
275.387	8.571000
275.734	8.571000
275.734	8.342000
276.081	8.342000
276.081	6.282000
276.424	6.282000
276.424	6.755000
276.767	6.755000
276.767	6.321000
277.11	6.321000
277.11	5.025000
277.465	5.025000
277.465	5.191000
277.82	5.191000
277.82	4.799000
278.175	4.799000
278.175	4.899000
278.51	4.899000
278.51	4.826000
278.845	4.826000
278.845	5.218000
279.18	5.218000
279.18	5.294000
279.531	5.294000
279.531	4.634000
279.882	4.634000
279.882	4.743000
280.233	4.743000
280.233	5.290000
280.588	5.290000
280.588	0.000000
280.588	0.000000
280.588	4.757000
280.943	4.757000
280.943	2.112000
281.045	2.112000
281.045	0.000000
281.045	0.000000
281.045	2.073000
281.147	2.073000
281.147	4.932000
281.501	4.932000
281.501	4.956000
281.855	4.956000
281.855	4.686000
282.209	4.686000
282.209	5.021000
282.561	5.021000
282.561	5.171000
282.914	5.171000
282.914	4.467000
283.267	4.467000
283.267	5.376000
283.613	5.376000
283.613	5.287000
283.959	5.287000
283.959	4.897000
284.305	4.897000
284.305	5.101000
284.655	5.101000
284.655	5.580000
285.005	5.580000
285.005	5.297000
285.355	5.297000
285.355	5.034000
285.708	5.034000
285.708	5.110000
286.061	5.110000
286.061	4.934000
286.414	4.934000
286.414	5.592000
286.768	5.592000
286.768	5.644000
287.122	5.644000
287.122	5.722000
287.476	5.722000
287.476	6.610000
287.821	6.610000
287.821	6.840000
288.166	6.840000
288.166	6.074000
288.511	6.074000
288.511	4.773000
288.865	4.773000
288.865	4.491000
289.217	4.491000
289.217	4.754000
289.57	4.754000
289.57	6.079000
289.921	6.079000
289.921	6.032000
290.272	6.032000
290.272	6.192000
290.623	6.192000
290.623	5.180000
290.977	5.180000
290.977	5.237000
291.33	5.237000
291.33	5.517000
291.684	5.517000
291.684	6.759000
292.027	6.759000
292.027	6.839000
292.37	6.839000
292.37	6.680000
292.713	6.680000
292.713	6.947000
293.066	6.947000
293.066	7.104000
293.419	7.104000
293.419	7.376000
293.771	7.376000
293.771	4.223000
294.126	4.223000
294.126	4.775000
294.481	4.775000
294.481	4.615000
294.836	4.615000
294.836	5.130000
295.188	5.130000
295.188	4.833000
295.539	4.833000
295.539	4.792000
295.89	4.792000
295.89	4.926000
296.24	4.926000
296.24	5.748000
296.59	5.748000
296.59	5.245000
296.94	5.245000
296.94	4.334000
297.293	4.334000
297.293	4.570000
297.646	4.570000
297.646	4.407000
297.999	4.407000
297.999	4.665000
298.347	4.665000
298.347	4.981000
298.695	4.981000
298.695	4.710000
299.043	4.710000
299.043	5.428000
299.386	5.428000
299.386	5.626000
299.729	5.626000
299.729	5.530000
300.072	5.530000
300.072	4.637000
300.426	4.637000
300.426	4.643000
300.78	4.643000
300.78	4.295000
301.134	4.295000
301.134	5.240000
301.476	5.240000
301.476	5.756000
301.818	5.756000
301.818	5.514000
302.16	5.514000
302.16	4.949000
302.509	4.949000
302.509	5.586000
302.858	5.586000
302.858	4.656000
303.206	4.656000
303.206	7.444000
303.558	7.444000
303.558	7.546000
303.91	7.546000
303.91	6.796000
304.263	6.796000
304.263	6.006000
304.615	6.006000
304.615	6.290000
304.968	6.290000
304.968	6.400000
305.321	6.400000
305.321	5.496000
305.672	5.496000
305.672	5.429000
306.023	5.429000
306.023	5.310000
306.374	5.310000
306.374	8.796000
306.724	8.796000
306.724	8.491000
307.074	8.491000
307.074	8.800000
307.424	8.800000
307.424	4.463000
307.776	4.463000
307.776	4.748000
308.128	4.748000
308.128	4.763000
308.48	4.763000
308.48	5.313000
308.831	5.313000
308.831	5.192000
309.181	5.192000
309.181	5.109000
309.531	5.109000
309.531	4.985000
309.871	4.985000
309.871	5.415000
310.211	5.415000
310.211	4.885000
310.551	4.885000
310.551	4.437000
310.904	4.437000
310.904	4.537000
311.257	4.537000
311.257	4.258000
311.61	4.258000
311.61	4.504000
311.962	4.504000
311.962	4.599000
312.314	4.599000
312.314	4.582000
312.666	4.582000
312.666	4.600000
313.013	4.600000
313.013	4.954000
313.36	4.954000
313.36	4.746000
313.707	4.746000
313.707	4.998000
314.059	4.998000
314.059	4.654000
314.411	4.654000
314.411	4.352000
314.763	4.352000
314.763	4.830000
315.099	4.830000
315.099	5.258000
315.435	5.258000
315.435	5.319000
315.771	5.319000
315.771	4.323000
316.111	4.323000
316.111	5.159000
316.451	5.159000
316.451	5.222000
316.791	5.222000
316.791	4.829000
317.145	4.829000
317.145	4.976000
317.499	4.976000
317.499	4.932000
317.853	4.932000
317.853	5.171000
318.203	5.171000
318.203	4.996000
318.553	4.996000
318.553	4.916000
318.903	4.916000
318.903	5.252000
319.253	5.252000
319.253	5.305000
319.603	5.305000
319.603	4.380000
319.953	4.380000
319.953	6.035000
320.306	6.035000
320.306	6.337000
320.659	6.337000
320.659	5.902000
321.012	5.902000
321.012	8.956000
321.365	8.956000
321.365	9.503000
321.718	9.503000
321.718	9.363000
322.071	9.363000
322.071	4.899000
322.423	4.899000
322.423	4.868000
322.775	4.868000
322.775	4.895000
323.127	4.895000
323.127	4.321000
323.478	4.321000
323.478	4.031000
323.829	4.031000
323.829	4.735000
324.18	4.735000
324.18	4.733000
324.471	4.733000
324.471	4.658000
324.762	4.658000
324.762	4.953000
325.053	4.953000
325.053	4.538000
325.404	4.538000
325.404	5.099000
325.755	5.099000
325.755	4.995000
326.106	4.995000
326.106	5.532000
326.452	5.532000
326.452	5.015000
326.798	5.015000
326.798	4.871000
327.144	4.871000
327.144	4.774000
327.469	4.774000
327.469	5.777000
327.794	5.777000
327.794	4.916000
328.119	4.916000
328.119	4.539000
328.465	4.539000
328.465	5.127000
328.811	5.127000
328.811	5.372000
329.157	5.372000
329.157	5.877000
329.511	5.877000
329.511	5.527000
329.865	5.527000
329.865	5.656000
330.219	5.656000
330.219	4.479000
330.569	4.479000
330.569	5.150000
330.919	5.150000
330.919	4.612000
331.269	4.612000
331.269	6.033000
331.612	6.033000
331.612	6.565000
331.955	6.565000
331.955	7.113000
332.298	7.113000
332.298	6.396000
332.643	6.396000
332.643	6.416000
332.988	6.416000
332.988	6.869000
333.333	6.869000
333.333	5.648000
333.687	5.648000
333.687	6.084000
334.041	6.084000
334.041	5.925000
334.395	5.925000
334.395	8.292000
334.74	8.292000
334.74	8.857000
335.085	8.857000
335.085	8.864000
335.43	8.864000
335.43	5.381000
335.779	5.381000
335.779	4.432000
336.129	4.432000
336.129	4.688000
336.479	4.688000
336.479	5.245000
336.83	5.245000
336.83	5.097000
337.181	5.097000
337.181	5.239000
337.532	5.239000
337.532	4.840000
337.881	4.840000
337.881	5.128000
338.23	5.128000
338.23	4.830000
338.579	4.830000
338.579	4.783000
338.93	4.783000
338.93	4.451000
339.283	4.451000
339.283	4.570000
339.636	4.570000
339.636	5.106000
339.984	5.106000
339.984	4.496000
340.332	4.496000
340.332	4.194000
340.68	4.194000
340.68	4.750000
341.029	4.750000
341.029	4.606000
341.378	4.606000
341.378	4.343000
341.727	4.343000
341.727	4.668000
342.078	4.668000
342.078	5.004000
342.429	5.004000
342.429	4.404000
342.78	4.404000
342.78	5.154000
343.114	5.154000
343.114	5.254000
343.448	5.254000
343.448	4.854000
343.782	4.854000
343.782	5.015000
344.09	5.015000
344.09	5.160000
344.398	5.160000
344.398	4.410000
344.706	4.410000
344.706	6.622000
345.044	6.622000
345.044	6.951000
345.381	6.951000
345.381	6.943000
345.719	6.943000
345.719	5.560000
346.07	5.560000
346.07	5.866000
346.421	5.866000
346.421	5.812000
346.772	5.812000
346.772	6.974000
347.123	6.974000
347.123	6.053000
347.474	6.053000
347.474	6.430000
347.825	6.430000
347.825	7.796000
348.178	7.796000
348.178	7.341000
348.532	7.341000
348.532	7.203000
348.886	7.203000
348.886	5.822000
349.239	5.822000
349.239	6.251000
349.592	6.251000
349.592	5.618000
349.945	5.618000
349.945	8.608000
350.293	8.608000
350.293	8.794000
350.641	8.794000
350.641	8.653000
350.989	8.653000
350.989	4.984000
351.329	4.984000
351.329	4.795000
351.668	4.795000
351.668	4.722000
352.008	4.722000
352.008	4.582000
352.362	4.582000
352.362	4.647000
352.716	4.647000
352.716	4.817000
353.07	4.817000
353.07	4.953000
353.423	4.953000
353.423	5.462000
353.776	5.462000
353.776	5.161000
354.129	5.161000
354.129	5.640000
354.47	5.640000
354.47	5.637000
354.811	5.637000
354.811	5.911000
355.152	5.911000
355.152	6.918000
355.495	6.918000
355.495	6.002000
355.838	6.002000
355.838	6.397000
356.181	6.397000
356.181	6.436000
356.532	6.436000
356.532	6.625000
356.883	6.625000
356.883	7.053000
357.234	7.053000
357.234	5.525000
357.583	5.525000
357.583	5.363000
357.931	5.363000
357.931	5.062000
358.279	5.062000
358.279	4.772000
358.634	4.772000
358.634	5.078000
358.99	5.078000
358.99	4.976000
359.346	4.976000
359.346	4.640000
360.085	4.640000
360.085	4.406000
360.824	4.406000
360.824	4.840000
361.563	4.840000
361.563	7.425000
361.831	7.425000
361.831	7.839000
362.099	7.839000
362.099	7.383000
362.366	7.383000
362.366	6.368000
362.692	6.368000
362.692	5.443000
363.018	5.443000
363.018	4.894000
363.344	4.894000
363.344	7.727000
363.661	7.727000
363.661	8.156000
363.978	8.156000
363.978	7.591000
364.295	7.591000
364.295	5.850000
364.646	5.850000
364.646	5.724000
364.997	5.724000
364.997	5.921000
365.348	5.921000
365.348	6.210000
365.696	6.210000
365.696	6.299000
366.044	6.299000
366.044	6.363000
366.392	6.363000
366.392	7.873000
366.745	7.873000
366.745	8.373000
367.098	8.373000
367.098	7.938000
367.451	7.938000
367.451	5.227000
367.804	5.227000
367.804	4.984000
368.156	4.984000
368.156	4.351000
368.509	4.351000
368.509	4.926000
368.857	4.926000
368.857	4.667000
369.205	4.667000
369.205	4.694000
369.553	4.694000
369.553	4.979000
369.889	4.979000
369.889	5.540000
370.225	5.540000
370.225	5.467000
370.561	5.467000
370.561	4.692000
370.914	4.692000
370.914	4.221000
371.267	4.221000
371.267	4.777000
371.62	4.777000
371.62	5.579000
371.968	5.579000
371.968	5.933000
372.315	5.933000
372.315	6.182000
372.662	6.182000
372.662	5.879000
373.001	5.879000
373.001	5.648000
373.339	5.648000
373.339	5.314000
373.677	5.314000
373.677	6.417000
374.029	6.417000
374.029	6.217000
374.382	6.217000
374.382	5.620000
374.735	5.620000
374.735	5.326000
375.087	5.326000
375.087	5.905000
375.439	5.905000
375.439	5.998000
375.791	5.998000
375.791	5.590000
376.132	5.590000
376.132	5.644000
376.473	5.644000
376.473	5.487000
376.814	5.487000
376.814	9.710000
377.168	9.710000
377.168	9.557000
377.522	9.557000
377.522	7.826000
377.865	7.826000
377.865	7.864000
378.208	7.864000
378.208	8.047000
378.551	8.047000
378.551	4.655000
378.903	4.655000
378.903	5.042000
379.255	5.042000
379.255	5.071000
379.607	5.071000
379.607	5.620000
379.958	5.620000
379.958	5.524000
380.31	5.524000
380.31	5.251000
380.662	5.251000
380.662	5.253000
381.008	5.253000
381.008	5.086000
381.354	5.086000
381.354	5.332000
381.7	5.332000
381.7	4.627000
382.054	4.627000
382.054	5.088000
382.408	5.088000
382.408	4.336000
382.762	4.336000
382.762	5.154000
383.103	5.154000
383.103	5.574000
383.444	5.574000
383.444	5.105000
383.785	5.105000
383.785	5.854000
384.111	5.854000
384.111	5.559000
384.437	5.559000
384.437	5.256000
384.763	5.256000
384.763	5.031000
385.115	5.031000
385.115	4.531000
385.467	4.531000
385.467	4.951000
385.819	4.951000
385.819	5.039000
386.151	5.039000
386.151	5.317000
386.483	5.317000
386.483	5.033000
386.815	5.033000
386.815	4.946000
387.162	4.946000
387.162	4.892000
387.509	4.892000
387.509	4.731000
387.856	4.731000
387.856	5.802000
388.209	5.802000
388.209	5.814000
388.562	5.814000
388.562	5.242000
388.915	5.242000
388.915	4.781000
389.262	4.781000
389.262	5.198000
389.609	5.198000
389.609	4.686000
389.956	4.686000
389.956	5.466000
390.302	5.466000
390.302	6.033000
390.648	6.033000
390.648	5.623000
390.994	5.623000
390.994	5.244000
391.342	5.244000
391.342	5.118000
391.69	5.118000
391.69	5.236000
392.038	5.236000
392.038	5.360000
392.388	5.360000
392.388	5.692000
392.738	5.692000
392.738	4.906000
393.088	4.906000
393.088	6.656000
393.439	6.656000
393.439	6.459000
393.79	6.459000
393.79	6.449000
394.141	6.449000
394.141	6.389000
394.492	6.389000
394.492	6.008000
394.842	6.008000
394.842	6.039000
395.193	6.039000
395.193	6.328000
395.545	6.328000
395.545	6.133000
395.897	6.133000
395.897	6.542000
396.249	6.542000
396.249	6.781000
396.6	6.781000
396.6	6.678000
396.951	6.678000
396.951	6.409000
397.302	6.409000
397.302	5.012000
397.654	5.012000
397.654	4.408000
398.006	4.408000
398.006	4.732000
398.358	4.732000
398.358	4.384000
398.711	4.384000
398.711	4.377000
399.062	4.377000
399.062	4.655000
399.415	4.655000
399.415	4.591000
399.767	4.591000
399.767	5.287000
400.118	5.287000
400.118	5.115000
400.47	5.115000
400.47	5.240000
400.821	5.240000
400.821	5.267000
401.172	5.267000
401.172	4.494000
401.523	4.494000
401.523	8.489000
401.874	8.489000
401.874	7.600000
402.226	7.600000
402.226	7.720000
402.578	7.720000
402.578	6.181000
402.917	6.181000
402.917	6.230000
403.256	6.230000
403.256	6.049000
403.595	6.049000
403.595	6.334000
403.944	6.334000
403.944	6.785000
404.293	6.785000
404.293	6.199000
404.641	6.199000
404.641	5.541000
404.99	5.541000
404.99	5.194000
405.343	5.194000
405.343	5.280000
405.696	5.280000
405.696	6.401000
406.048	6.401000
406.048	6.012000
406.4	6.012000
406.4	5.853000
406.752	5.853000
406.752	5.086000
407.095	5.086000
407.095	5.294000
407.438	5.294000
407.438	5.720000
407.781	5.720000
407.781	5.165000
408.131	5.165000
408.131	4.905000
408.481	4.905000
408.481	5.278000
408.831	5.278000
408.831	5.058000
409.181	5.058000
409.181	5.275000
409.531	5.275000
409.531	5.115000
409.881	5.115000
409.881	4.827000
410.221	4.827000
410.221	5.288000
410.561	5.288000
410.561	5.283000
410.901	5.283000
410.901	4.206000
411.254	4.206000
411.254	4.422000
411.607	4.422000
411.607	4.734000
411.96	4.734000
411.96	5.131000
412.306	5.131000
412.306	4.566000
412.651	4.566000
412.651	4.675000
412.996	4.675000
412.996	4.962000
413.343	4.962000
413.343	4.880000
413.69	4.880000
413.69	5.244000
414.037	5.244000
414.037	4.035000
414.389	4.035000
414.389	4.499000
414.74	4.499000
414.74	4.518000
415.092	4.518000
415.092	5.351000
415.443	5.351000
415.443	5.370000
415.793	5.370000
415.793	5.193000
416.143	5.193000
416.143	5.031000
416.491	5.031000
416.491	5.200000
416.839	5.200000
416.839	4.689000
417.187	4.689000
417.187	5.167000
417.539	5.167000
417.539	5.348000
417.893	5.348000
417.893	5.099000
418.247	5.099000
418.247	7.432000
418.591	7.432000
418.591	8.089000
418.935	8.089000
418.935	7.512000
419.279	7.512000
419.279	5.019000
419.632	5.019000
419.632	5.154000
419.985	5.154000
419.985	4.987000
420.337	4.987000
420.337	5.712000
420.684	5.712000
420.684	5.681000
421.031	5.681000
421.031	5.706000
421.378	5.706000
421.378	5.578000
421.73	5.578000
421.73	5.654000
422.081	5.654000
422.081	5.551000
422.432	5.551000
422.432	4.840000
422.785	4.840000
422.785	4.949000
423.138	4.949000
423.138	5.177000
423.491	5.177000
423.491	8.018000
423.843	8.018000
423.843	8.611000
424.194	8.611000
424.194	8.347000
424.546	8.347000
424.546	5.367000
424.858	5.367000
424.858	5.163000
425.17	5.163000
425.17	5.435000
425.482	5.435000
425.482	4.517000
425.835	4.517000
425.835	4.798000
426.188	4.798000
426.188	4.727000
426.541	4.727000
426.541	5.480000
426.871	5.480000
426.871	5.278000
427.201	5.278000
427.201	5.133000
427.531	5.133000
427.531	4.894000
427.841	4.894000
427.841	4.781000
428.151	4.781000
428.151	4.610000
428.461	4.610000
428.461	4.826000
428.815	4.826000
428.815	4.941000
429.169	4.941000
429.169	4.912000
429.523	4.912000
429.523	4.927000
429.854	4.927000
429.854	5.190000
430.185	5.190000
430.185	4.931000
430.516	4.931000
430.516	5.578000
430.824	5.578000
430.824	5.631000
431.132	5.631000
431.132	5.161000
431.44	5.161000
431.44	4.623000
431.792	4.623000
431.792	4.369000
432.144	4.369000
432.144	4.616000
432.496	4.616000
432.496	5.428000
432.832	5.428000
432.832	4.902000
433.168	4.902000
433.168	5.330000
433.504	5.330000
433.504	7.959000
433.814	7.959000
433.814	7.081000
434.125	7.081000
434.125	6.795000
434.436	6.795000
434.436	5.826000
434.788	5.826000
434.788	5.613000
435.14	5.613000
435.14	5.703000
435.492	5.703000
435.492	5.551000
435.839	5.551000
435.839	5.856000
436.186	5.856000
436.186	5.552000
436.533	5.552000
436.533	5.047000
436.844	5.047000
436.844	5.416000
437.154	5.416000
437.154	5.126000
437.465	5.126000
437.465	4.493000
437.818	4.493000
437.818	4.683000
438.171	4.683000
438.171	4.696000
438.523	4.696000
438.523	5.856000
438.868	5.856000
438.868	5.607000
439.213	5.607000
439.213	5.270000
439.558	5.270000
