0.0	2.872000
0.349	2.872000
0.349	2.781000
0.689	2.781000
0.689	2.805000
1.034	2.805000
1.034	0.317000
1.037	0.317000
1.037	0.132000
1.04	0.132000
1.04	0.312000
1.043	0.312000
1.043	4.709000
1.394	4.709000
1.394	2.898000
1.737	2.898000
1.737	4.726000
2.083	4.726000
2.083	4.706000
2.394	4.706000
2.394	0.799000
2.708	0.799000
2.708	4.564000
3.019	4.564000
3.019	0.592000
3.023	0.592000
3.023	0.241000
3.027	0.241000
3.027	0.652000
3.031	0.652000
3.031	3.028000
3.344	3.028000
3.344	2.978000
3.651	2.978000
3.651	3.057000
3.964	3.057000
3.964	2.945000
4.315	2.945000
4.315	2.907000
4.656	2.907000
4.656	2.943000
5.005	2.943000
5.005	2.375000
5.009	2.375000
5.009	0.211000
5.013	0.211000
5.013	0.101000
5.017	0.101000
5.017	3.100000
5.369	3.100000
5.369	3.091000
5.716	3.091000
5.716	3.074000
6.065	3.074000
6.065	2.970000
6.417	2.970000
6.417	2.965000
6.765	2.965000
6.765	2.939000
7.112	2.939000
7.112	0.123000
7.116	0.123000
7.116	0.186000
7.12	0.186000
7.12	0.161000
7.124	0.161000
7.124	3.161000
7.44	3.161000
7.44	3.126000
7.753	3.126000
7.753	3.159000
8.069	3.159000
8.069	3.148000
8.416	3.148000
8.416	3.097000
8.761	3.097000
8.761	3.155000
9.107	3.155000
9.107	0.288000
9.111	0.288000
9.111	0.148000
9.115	0.148000
9.115	0.153000
9.119	0.153000
9.119	3.015000
9.471	3.015000
9.471	2.995000
9.816	2.995000
9.816	2.998000
10.166	2.998000
10.166	2.898000
10.509	2.898000
10.509	2.899000
10.856	2.899000
10.856	2.908000
11.203	2.908000
11.203	0.338000
11.206	0.338000
11.206	0.221000
11.209	0.221000
11.209	0.052000
11.212	0.052000
11.212	3.075000
11.557	3.075000
11.557	3.026000
11.903	3.026000
11.903	3.073000
12.249	3.073000
12.249	3.133000
12.594	3.133000
12.594	3.040000
12.933	3.040000
12.933	3.128000
13.281	3.128000
13.281	0.066000
13.284	0.066000
13.284	0.142000
13.287	0.142000
13.287	0.066000
13.29	0.066000
13.29	3.034000
13.637	3.034000
13.637	3.031000
13.98	3.031000
13.98	3.078000
14.327	3.078000
14.327	2.913000
14.677	2.913000
14.677	2.858000
15.025	2.858000
15.025	2.934000
15.375	2.934000
15.375	0.337000
15.378	0.337000
15.378	0.104000
15.381	0.104000
15.381	0.146000
15.384	0.146000
15.384	3.006000
15.695	3.006000
15.695	2.956000
16.005	2.956000
16.005	3.044000
16.316	3.044000
16.316	3.151000
16.665	3.151000
16.665	3.089000
17.004	3.089000
17.004	3.180000
17.354	3.180000
17.354	0.304000
17.357	0.304000
17.357	0.218000
17.36	0.218000
17.36	0.041000
17.363	0.041000
17.363	2.929000
17.711	2.929000
17.711	2.908000
18.056	2.908000
18.056	2.927000
18.402	2.927000
18.402	3.135000
18.715	3.135000
18.715	3.121000
19.023	3.121000
19.023	3.166000
19.335	3.166000
19.335	0.230000
19.338	0.230000
19.338	0.003000
19.341	0.003000
19.341	0.232000
19.344	0.232000
19.344	3.044000
19.656	3.044000
19.656	2.968000
19.967	2.968000
19.967	3.001000
20.275	3.001000
20.275	3.023000
20.624	3.023000
20.624	2.986000
20.972	2.986000
20.972	3.045000
21.321	3.045000
21.321	0.045000
21.324	0.045000
21.324	0.095000
21.327	0.095000
21.327	0.109000
21.33	0.109000
21.33	3.021000
21.678	3.021000
21.678	2.986000
22.026	2.986000
22.026	2.988000
22.373	2.988000
22.373	2.823000
22.722	2.823000
22.722	2.786000
23.068	2.786000
23.068	2.841000
23.421	2.841000
23.421	0.839000
23.425	0.839000
23.425	0.334000
23.429	0.334000
23.429	0.510000
23.433	0.510000
23.433	3.011000
23.778	3.011000
23.778	3.017000
24.128	3.017000
24.128	3.042000
24.473	3.042000
24.473	3.096000
24.818	3.096000
24.818	3.098000
25.163	3.098000
25.163	3.124000
25.507	3.124000
25.507	0.102000
25.51	0.102000
25.51	0.151000
25.513	0.151000
25.513	0.101000
25.516	0.101000
25.516	3.105000
25.83	3.105000
25.83	3.075000
26.14	3.075000
26.14	3.065000
26.451	3.065000
26.451	3.100000
26.801	3.100000
26.801	3.047000
27.147	3.047000
27.147	3.051000
27.494	3.051000
27.494	0.174000
27.498	0.174000
27.498	0.155000
27.502	0.155000
27.502	0.159000
27.506	0.159000
27.506	3.209000
27.856	3.209000
27.856	3.167000
28.198	3.167000
28.198	3.212000
28.544	3.212000
28.544	3.071000
28.855	3.071000
28.855	3.019000
29.16	3.019000
29.16	3.070000
29.473	3.070000
29.473	0.298000
29.476	0.298000
29.476	0.062000
29.479	0.062000
29.479	0.124000
29.482	0.124000
29.482	3.083000
29.832	3.083000
29.832	3.015000
30.173	3.015000
30.173	3.063000
30.521	3.063000
30.521	2.839000
30.869	2.839000
30.869	2.839000
31.215	2.839000
31.215	2.871000
31.563	2.871000
31.563	0.185000
31.566	0.185000
31.566	0.062000
31.569	0.062000
31.569	0.087000
31.572	0.087000
31.572	2.896000
31.917	2.896000
31.917	2.861000
32.262	2.861000
32.262	2.891000
32.608	2.891000
32.608	3.023000
32.921	3.023000
32.921	2.954000
33.235	2.954000
33.235	2.990000
33.538	2.990000
33.538	0.128000
33.541	0.128000
33.541	0.058000
33.544	0.058000
33.544	0.057000
33.547	0.057000
33.547	2.921000
33.897	2.921000
33.897	2.864000
34.24	2.864000
34.24	2.928000
34.589	2.928000
34.589	2.830000
34.905	2.830000
34.905	2.798000
35.221	2.798000
35.221	2.823000
35.539	2.823000
35.539	2.308000
35.542	2.308000
35.542	0.120000
35.545	0.120000
35.545	0.156000
35.548	0.156000
35.548	3.040000
35.901	3.040000
35.901	2.978000
36.241	2.978000
36.241	3.041000
36.589	3.041000
36.589	3.082000
36.938	3.082000
36.938	3.073000
37.283	3.073000
37.283	3.085000
37.629	3.085000
37.629	0.185000
37.632	0.185000
37.632	0.343000
37.635	0.343000
37.635	0.058000
37.638	0.058000
37.638	3.038000
37.984	3.038000
37.984	2.960000
38.333	2.960000
38.333	2.940000
38.681	2.940000
38.681	2.900000
38.994	2.900000
38.994	2.875000
39.303	2.875000
39.303	2.919000
39.618	2.919000
39.618	0.177000
39.621	0.177000
39.621	0.063000
39.624	0.063000
39.624	0.189000
39.627	0.189000
39.627	2.977000
39.975	2.977000
39.975	2.964000
40.322	2.964000
40.322	2.988000
40.672	2.988000
40.672	3.297000
41.016	3.297000
41.016	3.095000
41.356	3.095000
41.356	3.152000
41.702	3.152000
41.702	0.182000
41.706	0.182000
41.706	0.144000
41.71	0.144000
41.71	0.553000
41.714	0.553000
41.714	3.007000
42.062	3.007000
42.062	2.992000
42.409	2.992000
42.409	2.990000
42.758	2.990000
42.758	2.909000
43.105	2.909000
43.105	2.801000
43.452	2.801000
43.452	2.863000
43.797	2.863000
43.797	0.226000
43.8	0.226000
43.8	0.082000
43.803	0.082000
43.803	0.143000
43.806	0.143000
43.806	3.169000
44.116	3.169000
44.116	3.161000
44.428	3.161000
44.428	3.244000
44.741	3.244000
44.741	3.021000
45.092	3.021000
45.092	2.940000
45.435	2.940000
45.435	2.966000
45.784	2.966000
45.784	0.084000
45.788	0.084000
45.788	0.257000
45.792	0.257000
45.792	0.352000
45.796	0.352000
45.796	3.123000
46.105	3.123000
46.105	3.053000
46.414	3.053000
46.414	3.103000
46.73	3.103000
46.73	2.877000
47.079	2.877000
47.079	2.853000
47.426	2.853000
47.426	2.925000
47.774	2.925000
47.774	0.397000
47.777	0.397000
47.777	0.344000
47.78	0.344000
47.78	0.367000
47.783	0.367000
47.783	3.214000
48.128	3.214000
48.128	3.116000
48.465	3.116000
48.465	3.227000
48.812	3.227000
48.812	2.832000
49.161	2.832000
49.161	2.765000
49.502	2.765000
49.502	2.841000
49.849	2.841000
49.849	0.142000
49.852	0.142000
49.852	0.204000
49.855	0.204000
49.855	0.123000
49.858	0.123000
49.858	2.815000
50.209	2.815000
50.209	2.777000
50.557	2.777000
50.557	2.764000
50.91	2.764000
50.91	2.973000
51.259	2.973000
51.259	2.937000
51.608	2.937000
51.608	3.012000
51.954	3.012000
51.954	0.254000
51.958	0.254000
51.958	0.358000
51.962	0.358000
51.962	0.122000
51.966	0.122000
51.966	2.763000
52.315	2.763000
52.315	2.738000
52.66	2.738000
52.66	2.770000
53.006	2.770000
53.006	2.732000
53.317	2.732000
53.317	2.737000
53.63	2.737000
53.63	2.754000
53.946	2.754000
53.946	0.089000
53.949	0.089000
53.949	0.128000
53.952	0.128000
53.952	0.198000
53.955	0.198000
53.955	2.881000
54.302	2.881000
54.302	2.878000
54.649	2.878000
54.649	2.861000
54.995	2.861000
54.995	3.166000
55.342	3.166000
55.342	3.096000
55.687	3.096000
55.687	3.186000
56.035	3.186000
56.035	0.187000
56.038	0.187000
56.038	0.050000
56.041	0.050000
56.041	0.206000
56.044	0.206000
56.044	3.096000
56.358	3.096000
56.358	3.056000
56.67	3.056000
56.67	3.142000
56.98	3.142000
56.98	3.081000
57.33	3.081000
57.33	3.028000
57.677	3.028000
57.677	3.065000
58.026	3.065000
58.026	0.177000
58.029	0.177000
58.029	0.252000
58.032	0.252000
58.032	0.173000
58.035	0.173000
58.035	3.012000
58.384	3.012000
58.384	2.930000
58.726	2.930000
58.726	3.013000
59.073	3.013000
59.073	2.180000
59.384	2.180000
59.384	1.907000
59.698	1.907000
59.698	1.889000
60.004	1.889000
60.004	0.144000
60.007	0.144000
60.007	0.336000
60.01	0.336000
60.01	0.255000
60.013	0.255000
60.013	2.836000
60.326	2.836000
60.326	2.764000
60.635	2.764000
60.635	2.818000
60.952	2.818000
60.952	0.000000
60.952	0.000000
60.952	0.000000
60.952	0.000000
60.952	0.000000
60.952	0.000000
60.952	1.475000
61.296	1.475000
61.296	1.524000
61.641	1.524000
61.641	4.592000
61.99	4.592000
61.99	0.133000
61.993	0.133000
61.993	0.090000
61.996	0.090000
61.996	0.149000
61.999	0.149000
61.999	2.961000
62.315	2.961000
62.315	2.924000
62.628	2.924000
62.628	3.017000
62.938	3.017000
62.938	2.900000
63.281	2.900000
63.281	2.774000
63.629	2.774000
63.629	2.833000
63.976	2.833000
63.976	0.083000
63.979	0.083000
63.979	0.012000
63.982	0.012000
63.982	0.303000
63.985	0.303000
63.985	3.013000
64.332	3.013000
64.332	3.022000
64.679	3.022000
64.679	3.021000
65.029	3.021000
65.029	3.056000
65.377	3.056000
65.377	3.029000
65.725	3.029000
65.725	3.040000
66.072	3.040000
66.072	1.443000
66.075	1.443000
66.075	0.203000
66.078	0.203000
66.078	0.111000
66.081	0.111000
66.081	3.162000
66.431	3.162000
66.431	3.108000
66.78	3.108000
66.78	3.161000
67.13	3.161000
67.13	0.200000
67.133	0.200000
67.133	0.105000
67.136	0.105000
67.136	0.163000
67.139	0.163000
67.139	2.882000
67.49	2.882000
67.49	2.888000
67.84	2.888000
67.84	2.896000
68.188	2.896000
68.188	3.409000
68.532	3.409000
68.532	0.313000
68.877	0.313000
68.877	3.420000
69.225	3.420000
69.225	0.220000
69.228	0.220000
69.228	0.190000
69.231	0.190000
69.231	0.154000
69.234	0.154000
69.234	1.933000
69.575	1.933000
69.575	1.946000
69.921	1.946000
69.921	2.001000
70.262	2.001000
70.262	2.628000
70.605	2.628000
70.605	2.591000
70.953	2.591000
70.953	2.616000
71.3	2.616000
71.3	0.334000
71.303	0.334000
71.303	0.069000
71.306	0.069000
71.306	0.070000
71.309	0.070000
71.309	2.925000
71.625	2.925000
71.625	2.900000
71.937	2.900000
71.937	2.920000
72.249	2.920000
72.249	2.992000
72.562	2.992000
72.562	3.006000
72.874	3.006000
72.874	2.971000
73.187	2.971000
73.187	0.225000
73.19	0.225000
73.19	0.079000
73.193	0.079000
73.193	0.141000
73.196	0.141000
73.196	3.016000
73.544	3.016000
73.544	2.993000
73.893	2.993000
73.893	3.075000
74.243	3.075000
74.243	3.071000
74.588	3.071000
74.588	2.976000
74.932	2.976000
74.932	3.046000
75.275	3.046000
75.275	0.422000
75.278	0.422000
75.278	0.258000
75.281	0.258000
75.281	0.299000
75.284	0.299000
75.284	3.084000
75.599	3.084000
75.599	2.977000
75.906	2.977000
75.906	3.059000
76.22	3.059000
76.22	2.895000
76.568	2.895000
76.568	2.976000
76.908	2.976000
76.908	2.994000
77.256	2.994000
77.256	0.164000
77.259	0.164000
77.259	0.210000
77.262	0.210000
77.262	0.077000
77.265	0.077000
77.265	2.453000
77.613	2.453000
77.613	2.437000
77.961	2.437000
77.961	2.410000
78.312	2.410000
78.312	2.928000
78.658	2.928000
78.658	2.885000
79.003	2.885000
79.003	2.920000
79.347	2.920000
79.347	0.236000
79.351	0.236000
79.351	0.206000
79.355	0.206000
79.355	0.290000
79.359	0.290000
79.359	2.945000
79.674	2.945000
79.674	2.950000
79.99	2.950000
79.99	2.941000
80.303	2.941000
80.303	3.252000
80.652	3.252000
80.652	1.876000
81.004	1.876000
81.004	1.937000
81.351	1.937000
81.351	0.067000
81.354	0.067000
81.354	0.309000
81.357	0.309000
81.357	0.368000
81.36	0.368000
81.36	2.916000
81.713	2.916000
81.713	2.946000
82.064	2.946000
82.064	2.930000
82.416	2.930000
82.416	2.832000
82.769	2.832000
82.769	2.880000
83.118	2.880000
83.118	2.874000
83.471	2.874000
83.471	0.494000
83.474	0.494000
83.474	0.203000
83.477	0.203000
83.477	0.293000
83.48	0.293000
83.48	3.086000
83.833	3.086000
83.833	3.061000
84.181	3.061000
84.181	3.084000
84.532	3.084000
84.532	2.955000
84.884	2.955000
84.884	2.898000
85.235	2.898000
85.235	2.955000
85.588	2.955000
85.588	0.233000
85.591	0.233000
85.591	0.143000
85.594	0.143000
85.594	0.200000
85.597	0.200000
85.597	3.113000
85.912	3.113000
85.912	3.075000
86.224	3.075000
86.224	3.066000
86.535	3.066000
86.535	3.013000
86.881	3.013000
86.881	3.003000
87.228	3.003000
87.228	3.023000
87.578	3.023000
87.578	0.187000
87.581	0.187000
87.581	0.046000
87.584	0.046000
87.584	0.093000
87.587	0.093000
87.587	3.139000
87.899	3.139000
87.899	2.976000
88.212	2.976000
88.212	3.018000
88.529	3.018000
88.529	3.000000
88.843	3.000000
88.843	2.977000
89.153	2.977000
89.153	3.040000
89.466	3.040000
89.466	3.028000
89.816	3.028000
89.816	2.971000
90.165	2.971000
90.165	3.060000
90.51	3.060000
90.51	3.120000
90.513	3.120000
90.513	0.155000
90.517	0.155000
90.517	1.453000
90.52	1.453000
90.52	2.594000
90.864	2.594000
90.864	0.336000
91.209	0.336000
91.209	2.596000
91.554	2.596000
91.554	4.085000
91.855	4.085000
91.855	2.429000
92.159	2.429000
92.159	4.073000
92.46	4.073000
92.46	0.225000
92.463	0.225000
92.463	0.607000
92.466	0.607000
92.466	0.370000
92.469	0.370000
92.469	2.923000
92.781	2.923000
92.781	2.896000
93.086	2.896000
93.086	2.955000
93.395	2.955000
93.395	2.418000
93.67	2.418000
93.67	2.403000
93.947	2.403000
93.947	2.382000
94.221	2.382000
94.221	0.185000
94.224	0.185000
94.224	0.222000
94.227	0.222000
94.227	0.088000
94.23	0.088000
94.23	3.012000
94.576	3.012000
94.576	2.950000
94.921	2.950000
94.921	2.994000
95.265	2.994000
95.265	3.141000
95.575	3.141000
95.575	3.076000
95.881	3.076000
95.881	3.126000
96.189	3.126000
96.189	0.101000
96.192	0.101000
96.192	0.153000
96.195	0.153000
96.195	0.200000
96.198	0.200000
96.198	3.128000
96.547	3.128000
96.547	3.106000
96.89	3.106000
96.89	3.148000
97.233	3.148000
97.233	3.153000
97.544	3.153000
97.544	3.103000
97.856	3.103000
97.856	3.108000
98.166	3.108000
98.166	0.081000
98.169	0.081000
98.169	0.101000
98.172	0.101000
98.172	0.031000
98.175	0.031000
98.175	3.171000
98.487	3.171000
98.487	3.108000
98.796	3.108000
98.796	3.184000
99.108	3.184000
99.108	3.008000
99.458	3.008000
99.458	2.982000
99.805	2.982000
99.805	3.011000
100.151	3.011000
100.151	0.132000
100.154	0.132000
100.154	0.086000
100.157	0.086000
100.157	0.067000
100.16	0.067000
100.16	3.101000
100.509	3.101000
100.509	3.015000
100.855	3.015000
100.855	3.063000
101.206	3.063000
101.206	2.752000
101.553	2.752000
101.553	2.637000
101.893	2.637000
101.893	2.695000
102.242	2.695000
102.242	9.870000
102.245	9.870000
102.245	0.064000
102.248	0.064000
102.248	3.753000
102.251	3.753000
102.251	0.862000
102.599	0.862000
102.599	6.222000
102.949	6.222000
102.949	7.766000
103.296	7.766000
103.296	0.309000
103.646	0.309000
103.646	5.037000
103.996	5.037000
103.996	0.153000
104.001	0.153000
104.001	0.227000
104.006	0.227000
104.006	0.122000
104.011	0.122000
104.011	2.198000
104.318	2.198000
104.318	2.129000
104.628	2.129000
104.628	2.202000
104.941	2.202000
104.941	2.996000
105.29	2.996000
105.29	3.031000
105.636	3.031000
105.636	3.035000
105.985	3.035000
105.985	0.289000
105.988	0.289000
105.988	0.073000
105.991	0.073000
105.991	0.401000
105.994	0.401000
105.994	3.073000
106.306	3.073000
106.306	3.043000
106.617	3.043000
106.617	3.095000
106.929	3.095000
106.929	3.095000
107.277	3.095000
107.277	3.009000
107.618	3.009000
107.618	3.090000
107.963	3.090000
107.963	0.232000
107.967	0.232000
107.967	0.202000
107.971	0.202000
107.971	0.245000
107.975	0.245000
107.975	2.984000
108.291	2.984000
108.291	2.957000
108.601	2.957000
108.601	2.965000
108.904	2.965000
108.904	3.051000
109.251	3.051000
109.251	3.004000
109.594	3.004000
109.594	3.043000
109.936	3.043000
109.936	2.839000
109.939	2.839000
109.939	0.173000
109.942	0.173000
109.942	0.248000
109.945	0.248000
109.945	2.984000
110.259	2.984000
110.259	2.896000
110.575	2.896000
110.575	2.982000
110.89	2.982000
110.89	3.056000
111.207	3.056000
111.207	2.951000
111.519	2.951000
111.519	3.018000
111.832	3.018000
111.832	0.158000
111.835	0.158000
111.835	0.073000
111.838	0.073000
111.838	0.045000
111.841	0.045000
111.841	3.000000
112.148	3.000000
112.148	2.963000
112.458	2.963000
112.458	3.031000
112.774	3.031000
112.774	3.039000
113.124	3.039000
113.124	3.042000
113.469	3.042000
113.469	3.082000
113.821	3.082000
113.821	1.250000
113.824	1.250000
113.824	0.031000
113.827	0.031000
113.827	1.241000
113.83	1.241000
113.83	5.341000
114.18	5.341000
114.18	2.239000
114.528	2.239000
114.528	5.362000
114.879	5.362000
114.879	4.197000
115.19	4.197000
115.19	1.611000
115.497	1.611000
115.497	4.206000
115.809	4.206000
115.809	0.350000
115.812	0.350000
115.812	0.164000
115.815	0.164000
115.815	0.065000
115.818	0.065000
115.818	2.793000
116.165	2.793000
116.165	2.795000
116.513	2.795000
116.513	2.791000
116.862	2.791000
116.862	3.096000
117.212	3.096000
117.212	3.041000
117.558	3.041000
117.558	3.107000
117.902	3.107000
117.902	0.293000
117.905	0.293000
117.905	0.302000
117.908	0.302000
117.908	0.191000
117.911	0.191000
117.911	2.945000
118.227	2.945000
118.227	2.933000
118.54	2.933000
118.54	2.947000
118.853	2.947000
118.853	3.056000
119.202	3.056000
119.202	2.992000
119.543	2.992000
119.543	3.039000
119.89	3.039000
119.89	0.501000
119.894	0.501000
119.894	0.634000
119.898	0.634000
119.898	0.499000
119.902	0.499000
119.902	2.736000
120.214	2.736000
120.214	2.468000
120.528	2.468000
120.528	2.555000
120.845	2.555000
120.845	3.048000
121.155	3.048000
121.155	2.989000
121.469	2.989000
121.469	3.065000
121.779	3.065000
121.779	2.511000
121.782	2.511000
121.782	0.149000
121.785	0.149000
121.785	0.336000
121.788	0.336000
121.788	1.351000
122.091	1.351000
122.091	1.326000
122.399	1.326000
122.399	1.362000
122.707	1.362000
122.707	2.746000
123.048	2.746000
123.048	2.789000
123.394	2.789000
123.394	2.821000
123.74	2.821000
123.74	0.091000
123.743	0.091000
123.743	0.163000
123.746	0.163000
123.746	0.239000
123.749	0.239000
123.749	2.839000
124.063	2.839000
124.063	2.802000
124.378	2.802000
124.378	2.829000
124.694	2.829000
124.694	2.996000
125.04	2.996000
125.04	2.965000
125.383	2.965000
125.383	3.040000
125.732	3.040000
125.732	0.553000
125.736	0.553000
125.736	0.612000
125.74	0.612000
125.74	1.214000
125.744	1.214000
125.744	3.116000
126.087	3.116000
126.087	3.088000
126.424	3.088000
126.424	5.034000
126.771	5.034000
126.771	1.550000
127.115	1.550000
127.115	1.525000
127.466	1.525000
127.466	5.099000
127.815	5.099000
127.815	0.227000
127.818	0.227000
127.818	0.059000
127.821	0.059000
127.821	0.288000
127.824	0.288000
127.824	3.109000
128.168	3.109000
128.168	2.979000
128.511	2.979000
128.511	3.068000
128.861	3.068000
128.861	3.050000
129.21	3.050000
129.21	2.992000
129.555	2.992000
129.555	3.050000
129.906	3.050000
129.906	0.171000
129.909	0.171000
129.909	0.004000
129.912	0.004000
129.912	0.120000
129.915	0.120000
129.915	2.970000
130.267	2.970000
130.267	2.937000
130.615	2.937000
130.615	2.986000
130.965	2.986000
130.965	3.007000
131.277	3.007000
131.277	2.949000
131.581	2.949000
131.581	3.026000
131.894	3.026000
131.894	0.195000
131.897	0.195000
131.897	0.123000
131.9	0.123000
131.9	0.031000
131.903	0.031000
131.903	2.939000
132.252	2.939000
132.252	2.925000
132.586	2.925000
132.586	2.994000
132.935	2.994000
132.935	2.984000
133.283	2.984000
133.283	2.945000
133.624	2.945000
133.624	3.038000
133.971	3.038000
133.971	0.318000
133.974	0.318000
133.974	0.166000
133.977	0.166000
133.977	0.073000
133.98	0.073000
133.98	3.073000
134.292	3.073000
134.292	3.039000
134.604	3.039000
134.604	3.053000
134.918	3.053000
134.918	3.051000
135.232	3.051000
135.232	2.948000
135.538	2.948000
135.538	3.035000
135.85	3.035000
135.85	3.059000
136.167	3.059000
136.167	3.036000
136.48	3.036000
136.48	3.027000
136.793	3.027000
136.793	1.620000
136.796	1.620000
136.796	0.169000
136.799	0.169000
136.799	2.560000
136.802	2.560000
136.802	4.555000
137.149	4.555000
137.149	0.246000
137.5	0.246000
137.5	4.389000
137.851	4.389000
137.851	4.693000
138.192	4.693000
138.192	2.851000
138.536	2.851000
138.536	4.658000
138.881	4.658000
138.881	0.158000
138.884	0.158000
138.884	0.073000
138.887	0.073000
138.887	0.072000
138.89	0.072000
138.89	3.031000
139.236	3.031000
139.236	2.995000
139.582	2.995000
139.582	3.060000
139.932	3.060000
139.932	2.939000
140.281	2.939000
140.281	2.894000
140.625	2.894000
140.625	2.925000
140.977	2.925000
140.977	0.165000
140.981	0.165000
140.981	0.051000
140.985	0.051000
140.985	0.045000
140.989	0.045000
140.989	2.930000
141.335	2.930000
141.335	2.922000
141.678	2.922000
141.678	2.949000
142.027	2.949000
142.027	3.073000
142.377	3.073000
142.377	3.009000
142.722	3.009000
142.722	3.080000
143.074	3.080000
143.074	0.190000
143.077	0.190000
143.077	0.199000
143.08	0.199000
143.08	0.067000
143.083	0.067000
143.083	2.951000
143.432	2.951000
143.432	2.910000
143.777	2.910000
143.777	2.946000
144.125	2.946000
144.125	3.061000
144.475	3.061000
144.475	3.052000
144.816	3.052000
144.816	3.089000
145.167	3.089000
145.167	0.163000
145.17	0.163000
145.17	0.069000
145.173	0.069000
145.173	0.115000
145.176	0.115000
145.176	3.053000
145.49	3.053000
145.49	3.030000
145.802	3.030000
145.802	3.059000
146.115	3.059000
146.115	3.007000
146.463	3.007000
146.463	2.969000
146.801	2.969000
146.801	3.018000
147.151	3.018000
147.151	1.073000
147.155	1.073000
147.155	1.500000
147.159	1.500000
147.159	0.607000
147.163	0.607000
147.163	2.231000
147.509	2.231000
147.509	2.190000
147.855	2.190000
147.855	2.140000
148.203	2.140000
148.203	3.059000
148.552	3.059000
148.552	3.013000
148.894	3.013000
148.894	3.045000
149.242	3.045000
149.242	0.236000
149.245	0.236000
149.245	0.261000
149.248	0.261000
149.248	0.139000
149.251	0.139000
149.251	3.072000
149.603	3.072000
149.603	2.980000
149.947	2.980000
149.947	3.096000
150.293	3.096000
150.293	2.663000
150.641	2.663000
150.641	2.658000
150.988	2.658000
150.988	2.686000
151.335	2.686000
151.335	0.344000
151.338	0.344000
151.338	0.257000
151.341	0.257000
151.341	0.027000
151.344	0.027000
151.344	2.980000
151.692	2.980000
151.692	2.886000
152.033	2.886000
152.033	2.939000
152.384	2.939000
152.384	1.727000
152.727	1.727000
152.727	1.537000
153.071	1.537000
153.071	1.632000
153.416	1.632000
153.416	0.154000
153.42	0.154000
153.42	0.210000
153.424	0.210000
153.424	0.163000
153.428	0.163000
153.428	2.871000
153.777	2.871000
153.777	2.844000
154.124	2.844000
154.124	2.794000
154.472	2.794000
154.472	2.945000
154.818	2.945000
154.818	2.881000
155.164	2.881000
155.164	2.932000
155.51	2.932000
155.51	0.208000
155.513	0.208000
155.513	0.204000
155.516	0.204000
155.516	0.318000
155.519	0.318000
155.519	3.125000
155.87	3.125000
155.87	3.036000
156.213	3.036000
156.213	3.129000
156.559	3.129000
156.559	3.156000
156.872	3.156000
156.872	3.007000
157.181	3.007000
157.181	3.053000
157.492	3.053000
157.492	0.177000
157.496	0.177000
157.496	0.049000
157.5	0.049000
157.5	0.255000
157.504	0.255000
157.504	3.133000
157.817	3.133000
157.817	3.102000
158.131	3.102000
158.131	3.138000
158.443	3.138000
158.443	3.131000
158.787	3.131000
158.787	3.058000
159.122	3.058000
159.122	3.117000
159.464	3.117000
159.464	0.066000
159.467	0.066000
159.467	0.224000
159.47	0.224000
159.47	0.161000
159.473	0.161000
159.473	2.683000
159.785	2.683000
159.785	2.530000
160.095	2.530000
160.095	2.607000
160.41	2.607000
160.41	3.068000
160.758	3.068000
160.758	3.029000
161.104	3.029000
161.104	3.078000
161.451	3.078000
161.451	0.139000
161.455	0.139000
161.455	0.172000
161.459	0.172000
161.459	0.182000
161.463	0.182000
161.463	3.100000
161.778	3.100000
161.778	3.056000
162.089	3.056000
162.089	3.049000
162.401	3.049000
162.401	2.413000
162.749	2.413000
162.749	2.200000
163.097	2.200000
163.097	2.268000
163.447	2.268000
163.447	0.105000
163.45	0.105000
163.45	0.172000
163.453	0.172000
163.453	0.011000
163.456	0.011000
163.456	3.213000
163.807	3.213000
163.807	3.112000
164.147	3.112000
164.147	3.161000
164.493	3.161000
164.493	3.179000
164.803	3.179000
164.803	3.128000
165.112	3.128000
165.112	3.162000
165.426	3.162000
165.426	0.046000
165.429	0.046000
165.429	0.070000
165.432	0.070000
165.432	0.070000
165.435	0.070000
165.435	2.982000
165.785	2.982000
165.785	2.945000
166.133	2.945000
166.133	2.905000
166.479	2.905000
166.479	3.130000
166.829	3.130000
166.829	3.007000
167.168	3.007000
167.168	3.102000
167.518	3.102000
167.518	0.314000
167.521	0.314000
167.521	0.295000
167.524	0.295000
167.524	0.085000
167.527	0.085000
167.527	3.045000
167.837	3.045000
167.837	2.935000
168.144	2.935000
168.144	3.030000
168.454	3.030000
168.454	2.040000
168.763	2.040000
168.763	2.040000
169.072	2.040000
169.072	2.031000
169.383	2.031000
169.383	0.106000
169.387	0.106000
169.387	0.071000
169.391	0.071000
169.391	0.092000
169.395	0.092000
169.395	3.224000
169.71	3.224000
169.71	2.967000
170.024	2.967000
170.024	3.041000
170.34	3.041000
170.34	2.977000
170.691	2.977000
170.691	2.954000
171.033	2.954000
171.033	2.969000
171.383	2.969000
171.383	6.589000
171.386	6.589000
171.386	0.245000
171.389	0.245000
171.389	5.845000
171.392	5.845000
171.392	0.281000
171.705	0.281000
171.705	2.738000
172.051	2.738000
172.051	2.728000
172.395	2.728000
172.395	5.590000
172.737	5.590000
172.737	0.288000
172.74	0.288000
172.74	0.079000
172.743	0.079000
172.743	0.094000
172.746	0.094000
172.746	2.944000
173.098	2.944000
173.098	2.932000
173.437	2.932000
173.437	2.971000
173.785	2.971000
173.785	2.935000
174.098	2.935000
174.098	2.912000
174.412	2.912000
174.412	2.899000
174.722	2.899000
174.722	0.107000
174.725	0.107000
174.725	0.558000
174.728	0.558000
174.728	0.182000
174.731	0.182000
174.731	3.053000
175.039	3.053000
175.039	2.991000
175.347	2.991000
175.347	3.001000
175.653	3.001000
175.653	2.237000
175.966	2.237000
175.966	2.225000
176.279	2.225000
176.279	2.197000
176.591	2.197000
176.591	0.297000
176.594	0.297000
176.594	0.048000
176.597	0.048000
176.597	0.062000
176.6	0.062000
176.6	3.059000
176.913	3.059000
176.913	3.068000
177.222	3.068000
177.222	3.058000
177.54	3.058000
177.54	1.770000
177.864	1.770000
177.864	1.721000
178.189	1.721000
178.189	1.750000
178.519	1.750000
178.519	0.178000
178.522	0.178000
178.522	0.052000
178.525	0.052000
178.525	0.142000
178.528	0.142000
178.528	2.901000
178.878	2.901000
178.878	2.873000
179.221	2.873000
179.221	2.902000
179.571	2.902000
179.571	2.956000
179.884	2.956000
179.884	2.880000
180.196	2.880000
180.196	2.900000
180.505	2.900000
180.505	0.120000
180.508	0.120000
180.508	0.187000
180.511	0.187000
180.511	0.301000
180.514	0.301000
180.514	2.862000
180.86	2.862000
180.86	2.877000
181.209	2.877000
181.209	2.871000
181.555	2.871000
181.555	2.869000
181.906	2.869000
181.906	2.767000
182.248	2.767000
182.248	2.858000
182.59	2.858000
182.59	3.098000
182.593	3.098000
182.593	0.295000
182.596	0.295000
182.596	1.195000
182.599	1.195000
182.599	4.813000
182.944	4.813000
182.944	2.540000
183.287	2.540000
183.287	5.530000
183.603	5.530000
183.603	2.510000
183.917	2.510000
183.917	2.666000
184.224	2.666000
184.224	0.346000
184.227	0.346000
184.227	0.214000
184.23	0.214000
184.23	0.292000
184.233	0.292000
184.233	2.969000
184.579	2.969000
184.579	2.892000
184.924	2.892000
184.924	2.986000
185.272	2.986000
185.272	0.792000
185.585	0.792000
185.585	0.321000
185.898	0.321000
185.898	0.365000
186.212	0.365000
186.212	0.338000
186.215	0.338000
186.215	0.423000
186.218	0.423000
186.218	0.451000
186.221	0.451000
186.221	2.615000
186.531	2.615000
186.531	2.545000
186.843	2.545000
186.843	2.669000
187.159	2.669000
187.159	3.016000
187.474	3.016000
187.474	2.958000
187.786	2.958000
187.786	3.005000
188.104	3.005000
188.104	0.303000
188.107	0.303000
188.107	0.080000
188.11	0.080000
188.11	0.323000
188.113	0.323000
188.113	3.185000
188.461	3.185000
188.461	3.138000
188.802	3.138000
188.802	3.192000
189.153	3.192000
189.153	3.094000
189.498	3.094000
189.498	3.015000
189.846	3.015000
189.846	3.132000
190.195	3.132000
190.195	0.173000
190.198	0.173000
190.198	0.061000
190.201	0.061000
190.201	0.146000
190.204	0.146000
190.204	1.682000
190.515	1.682000
190.515	1.722000
190.83	1.722000
190.83	1.710000
191.143	1.710000
191.143	2.971000
191.491	2.971000
191.491	2.902000
191.836	2.902000
191.836	2.980000
192.182	2.980000
192.182	0.242000
192.185	0.242000
192.185	0.267000
192.188	0.267000
192.188	0.156000
192.191	0.156000
192.191	3.056000
192.502	3.056000
192.502	3.012000
192.82	3.012000
192.82	3.033000
193.136	3.033000
193.136	2.848000
193.448	2.848000
193.448	2.841000
193.756	2.841000
193.756	2.898000
194.069	2.898000
194.069	0.129000
194.072	0.129000
194.072	0.381000
194.075	0.381000
194.075	1.122000
194.078	1.122000
194.078	2.455000
194.429	2.455000
194.429	2.428000
194.776	2.428000
194.776	5.088000
195.117	5.088000
195.117	2.643000
195.428	2.643000
195.428	2.738000
195.74	2.738000
195.74	4.569000
196.055	4.569000
196.055	0.207000
196.058	0.207000
196.058	0.397000
196.061	0.397000
196.061	0.234000
196.064	0.234000
196.064	2.859000
196.413	2.859000
196.413	2.819000
196.757	2.819000
196.757	2.846000
197.108	2.846000
197.108	3.133000
197.458	3.133000
197.458	3.064000
197.802	3.064000
197.802	3.125000
198.149	3.125000
198.149	0.074000
198.152	0.074000
198.152	0.400000
198.155	0.400000
198.155	0.169000
198.158	0.169000
198.158	3.151000
198.504	3.151000
198.504	3.106000
198.85	3.106000
198.85	3.160000
199.201	3.160000
199.201	2.996000
199.516	2.996000
199.516	2.919000
199.824	2.919000
199.824	2.976000
200.135	2.976000
200.135	0.075000
200.138	0.075000
200.138	0.321000
200.141	0.321000
200.141	0.271000
200.144	0.271000
200.144	2.938000
200.486	2.938000
200.486	2.902000
200.832	2.902000
200.832	2.997000
201.181	2.997000
201.181	2.775000
201.493	2.775000
201.493	2.713000
201.802	2.713000
201.802	2.759000
202.113	2.759000
202.113	0.204000
202.116	0.204000
202.116	0.030000
202.119	0.030000
202.119	0.306000
202.122	0.306000
202.122	2.975000
202.475	2.975000
202.475	2.961000
202.822	2.961000
202.822	2.971000
203.175	2.971000
203.175	2.952000
203.522	2.952000
203.522	2.871000
203.863	2.871000
203.863	2.977000
204.213	2.977000
204.213	0.293000
204.216	0.293000
204.216	0.164000
204.219	0.164000
204.219	0.072000
204.222	0.072000
204.222	2.971000
204.57	2.971000
204.57	2.959000
204.919	2.959000
204.919	2.971000
205.268	2.971000
205.268	2.938000
205.618	2.938000
205.618	2.942000
205.962	2.942000
205.962	2.979000
206.309	2.979000
206.309	0.325000
206.312	0.325000
206.312	0.350000
206.315	0.350000
206.315	0.312000
206.318	0.312000
206.318	0.276000
206.666	0.276000
206.666	0.248000
207.018	0.248000
207.018	0.581000
207.365	0.581000
207.365	2.501000
207.679	2.501000
207.679	2.529000
207.994	2.529000
207.994	2.589000
208.31	2.589000
208.31	0.208000
208.313	0.208000
208.313	0.224000
208.316	0.224000
208.316	0.206000
208.319	0.206000
208.319	3.014000
208.666	3.014000
208.666	3.008000
209.016	3.008000
209.016	2.996000
209.364	2.996000
209.364	3.100000
209.71	3.100000
209.71	3.064000
210.06	3.064000
210.06	3.112000
210.406	3.112000
210.406	0.000000
210.406	0.000000
210.406	0.104000
210.409	0.104000
210.409	0.434000
210.412	0.434000
210.412	0.000000
210.412	0.000000
210.412	0.175000
210.514	0.175000
210.514	0.212000
210.616	0.212000
210.616	2.981000
210.966	2.981000
210.966	2.935000
211.316	2.935000
211.316	2.968000
211.664	2.968000
211.664	0.046000
211.667	0.046000
211.667	0.197000
211.67	0.197000
211.67	0.253000
211.673	0.253000
211.673	3.110000
212.02	3.110000
212.02	3.081000
212.362	3.081000
212.362	3.110000
212.708	3.110000
212.708	3.130000
213.055	3.130000
213.055	3.032000
213.392	3.032000
213.392	3.142000
213.741	3.142000
213.741	0.046000
213.744	0.046000
213.744	0.048000
213.747	0.048000
213.747	0.209000
213.75	0.209000
213.75	2.961000
214.062	2.961000
214.062	2.987000
214.373	2.987000
214.373	2.991000
214.687	2.991000
214.687	3.183000
215.003	3.183000
215.003	3.030000
215.309	3.030000
215.309	3.098000
215.625	3.098000
215.625	0.124000
215.628	0.124000
215.628	0.160000
215.631	0.160000
215.631	0.097000
215.634	0.097000
215.634	3.036000
215.979	3.036000
215.979	3.006000
216.325	3.006000
216.325	3.057000
216.671	3.057000
216.671	3.073000
217.018	3.073000
217.018	3.080000
217.364	3.080000
217.364	3.097000
217.712	3.097000
217.712	0.303000
217.715	0.303000
217.715	0.473000
217.718	0.473000
217.718	2.080000
217.721	2.080000
217.721	0.436000
218.066	0.436000
218.066	0.492000
218.412	0.492000
218.412	4.896000
218.759	4.896000
218.759	2.454000
219.073	2.454000
219.073	2.455000
219.386	2.455000
219.386	4.996000
219.697	4.996000
219.697	0.128000
219.7	0.128000
219.7	0.363000
219.703	0.363000
219.703	0.064000
219.706	0.064000
219.706	3.026000
220.055	3.026000
220.055	2.950000
220.401	2.950000
220.401	3.032000
220.749	3.032000
220.749	2.851000
221.063	2.851000
221.063	2.854000
221.372	2.854000
221.372	2.939000
221.687	2.939000
221.687	0.153000
221.69	0.153000
221.69	0.178000
221.693	0.178000
221.693	0.039000
221.696	0.039000
221.696	3.104000
222.044	3.104000
222.044	3.104000
222.385	3.104000
222.385	3.106000
222.731	3.106000
222.731	2.874000
223.043	2.874000
223.043	2.832000
223.354	2.832000
223.354	2.893000
223.667	2.893000
223.667	0.116000
223.671	0.116000
223.671	0.285000
223.675	0.285000
223.675	0.251000
223.679	0.251000
223.679	2.938000
224.03	2.938000
224.03	2.965000
224.367	2.965000
224.367	2.936000
224.712	2.936000
224.712	3.023000
225.023	3.023000
225.023	3.004000
225.336	3.004000
225.336	3.092000
225.649	3.092000
225.649	0.201000
225.652	0.201000
225.652	0.496000
225.655	0.496000
225.655	0.399000
225.658	0.399000
225.658	2.979000
226.009	2.979000
226.009	2.942000
226.352	2.942000
226.352	2.995000
226.7	2.995000
226.7	3.104000
227.048	3.104000
227.048	3.078000
227.39	3.078000
227.39	3.158000
227.738	3.158000
227.738	0.079000
227.741	0.079000
227.741	0.284000
227.744	0.284000
227.744	0.203000
227.747	0.203000
227.747	3.069000
228.06	3.069000
228.06	3.028000
228.366	3.028000
228.366	3.071000
228.676	3.071000
228.676	3.117000
228.991	3.117000
228.991	3.069000
229.304	3.069000
229.304	3.085000
229.618	3.085000
229.618	0.456000
229.622	0.456000
229.622	0.068000
229.626	0.068000
229.626	0.273000
229.63	0.273000
229.63	2.988000
229.942	2.988000
229.942	2.975000
230.257	2.975000
230.257	3.001000
230.573	3.001000
230.573	5.521000
230.922	5.521000
230.922	2.602000
231.267	2.602000
231.267	5.535000
231.615	5.535000
231.615	0.211000
231.619	0.211000
231.619	0.283000
231.623	0.283000
231.623	0.173000
231.627	0.173000
231.627	2.998000
231.978	2.998000
231.978	2.968000
232.321	2.968000
232.321	3.008000
232.67	3.008000
232.67	2.582000
232.981	2.582000
232.981	2.495000
233.292	2.495000
233.292	2.725000
233.608	2.725000
233.608	0.152000
233.613	0.152000
233.613	0.160000
233.618	0.160000
233.618	0.156000
233.623	0.156000
233.623	2.917000
233.974	2.917000
233.974	2.852000
234.315	2.852000
234.315	2.909000
234.665	2.909000
234.665	3.022000
234.977	3.022000
234.977	3.048000
235.29	3.048000
235.29	3.042000
235.595	3.042000
235.595	2.317000
235.598	2.317000
235.598	0.179000
235.601	0.179000
235.601	0.141000
235.604	0.141000
235.604	2.774000
235.956	2.774000
235.956	2.689000
236.301	2.689000
236.301	2.763000
236.649	2.763000
236.649	2.163000
236.985	2.163000
236.985	2.047000
237.324	2.047000
237.324	2.053000
237.666	2.053000
237.666	0.064000
237.669	0.064000
237.669	0.198000
237.672	0.198000
237.672	0.149000
237.675	0.149000
237.675	2.927000
238.023	2.927000
238.023	2.889000
238.366	2.889000
238.366	2.961000
238.716	2.961000
238.716	2.792000
239.061	2.792000
239.061	2.776000
239.405	2.776000
239.405	2.810000
239.747	2.810000
239.747	0.362000
239.75	0.362000
239.75	0.186000
239.753	0.186000
239.753	0.403000
239.756	0.403000
239.756	3.153000
240.073	3.153000
240.073	3.015000
240.383	3.015000
240.383	3.110000
240.693	3.110000
240.693	3.178000
241.007	3.178000
241.007	3.036000
241.313	3.036000
241.313	3.078000
241.628	3.078000
241.628	0.540000
241.631	0.540000
241.631	0.179000
241.634	0.179000
241.634	0.521000
241.637	0.521000
241.637	5.444000
241.988	5.444000
241.988	2.704000
242.332	2.704000
242.332	5.208000
242.679	5.208000
242.679	4.570000
243.023	4.570000
243.023	2.549000
243.363	2.549000
243.363	4.633000
243.716	4.633000
243.716	3.625000
243.719	3.625000
243.719	0.194000
243.722	0.194000
243.722	0.116000
243.725	0.116000
243.725	3.055000
244.074	3.055000
244.074	3.021000
244.421	3.021000
244.421	3.159000
244.77	3.159000
244.77	2.959000
245.115	2.959000
245.115	2.923000
245.459	2.923000
245.459	2.968000
245.809	2.968000
245.809	0.341000
245.812	0.341000
245.812	0.329000
245.815	0.329000
245.815	0.326000
245.818	0.326000
245.818	2.905000
246.165	2.905000
246.165	2.914000
246.509	2.914000
246.509	2.940000
246.857	2.940000
246.857	3.108000
247.202	3.108000
247.202	2.978000
247.542	2.978000
247.542	3.068000
247.887	3.068000
247.887	3.233000
247.891	3.233000
247.891	0.165000
247.895	0.165000
247.895	0.054000
247.899	0.054000
247.899	3.020000
248.247	3.020000
248.247	2.957000
248.593	2.957000
248.593	3.015000
248.944	3.015000
248.944	3.037000
249.259	3.037000
249.259	3.036000
249.568	3.036000
249.568	3.067000
249.879	3.067000
249.879	0.186000
249.882	0.186000
249.882	0.068000
249.885	0.068000
249.885	0.083000
249.888	0.083000
249.888	3.019000
250.236	3.019000
250.236	2.997000
250.577	2.997000
250.577	3.030000
250.924	3.030000
250.924	3.030000
251.271	3.030000
251.271	3.093000
251.617	3.093000
251.617	3.117000
251.965	3.117000
251.965	0.177000
251.968	0.177000
251.968	0.145000
251.971	0.145000
251.971	0.097000
251.974	0.097000
251.974	3.086000
252.259	3.086000
252.259	3.034000
252.541	3.034000
252.541	3.078000
252.825	3.078000
252.825	2.996000
253.175	2.996000
253.175	2.968000
253.518	2.968000
253.518	2.986000
253.868	2.986000
253.868	2.139000
253.871	2.139000
253.871	0.156000
253.874	0.156000
253.874	1.092000
253.877	1.092000
253.877	0.227000
254.229	0.227000
254.229	4.127000
254.536	4.127000
254.536	0.250000
254.847	0.250000
254.847	4.104000
255.156	4.104000
255.156	0.185000
255.159	0.185000
255.159	0.283000
255.162	0.283000
255.162	0.174000
255.165	0.174000
255.165	2.882000
255.512	2.882000
255.512	2.896000
255.854	2.896000
255.854	2.873000
256.199	2.873000
256.199	3.015000
256.542	3.015000
256.542	2.939000
256.884	2.939000
256.884	3.007000
257.235	3.007000
257.235	0.233000
257.238	0.233000
257.238	0.034000
257.241	0.034000
257.241	0.057000
257.244	0.057000
257.244	2.264000
257.589	2.264000
257.589	2.251000
257.936	2.251000
257.936	2.265000
258.28	2.265000
258.28	3.044000
258.627	3.044000
258.627	3.103000
258.969	3.103000
258.969	3.052000
259.315	3.052000
259.315	3.110000
259.661	3.110000
259.661	2.942000
260.009	2.942000
260.009	3.077000
260.356	3.077000
260.356	2.791000
260.703	2.791000
260.703	2.844000
261.055	2.844000
261.055	2.814000
261.403	2.814000
261.403	2.911000
261.751	2.911000
261.751	2.935000
262.102	2.935000
262.102	2.916000
262.449	2.916000
262.449	2.975000
262.756	2.975000
262.756	3.014000
263.07	3.014000
263.07	3.041000
263.384	3.041000
263.384	3.047000
263.696	3.047000
263.696	3.050000
264.012	3.050000
264.012	3.044000
264.327	3.044000
264.327	2.929000
264.676	2.929000
264.676	2.886000
265.023	2.886000
265.023	2.850000
265.367	2.850000
265.367	2.958000
265.68	2.958000
265.68	2.865000
265.989	2.865000
265.989	2.908000
266.303	2.908000
266.303	3.043000
266.613	3.043000
266.613	3.380000
266.92	3.380000
266.92	3.023000
267.234	3.023000
267.234	2.884000
267.578	2.884000
267.578	0.455000
267.893	0.455000
267.893	0.527000
268.24	0.527000
268.24	0.721000
268.582	0.721000
268.582	0.541000
268.93	0.541000
268.93	2.990000
269.246	2.990000
269.246	3.042000
269.559	3.042000
269.559	2.960000
269.87	2.960000
269.87	3.111000
270.214	3.111000
270.214	3.112000
270.555	3.112000
270.555	3.101000
270.904	3.101000
270.904	2.928000
271.252	2.928000
271.252	2.876000
271.598	2.876000
271.598	2.857000
271.949	2.857000
271.949	3.029000
272.297	3.029000
272.297	3.034000
272.647	3.034000
272.647	3.034000
272.995	3.034000
272.995	3.066000
273.342	3.066000
273.342	3.097000
273.691	3.097000
273.691	3.084000
274.039	3.084000
274.039	2.902000
274.386	2.902000
274.386	2.909000
274.732	2.909000
274.732	2.888000
275.08	2.888000
275.08	3.062000
275.392	3.062000
275.392	3.065000
275.709	3.065000
275.709	3.093000
276.02	3.093000
276.02	2.838000
276.471	2.838000
276.471	2.906000
276.924	2.906000
276.924	2.846000
277.38	2.846000
277.38	1.905000
277.727	1.905000
277.727	1.974000
278.069	1.974000
278.069	1.876000
278.415	1.876000
278.415	2.220000
278.762	2.220000
278.762	2.206000
279.105	2.206000
279.105	2.191000
279.455	2.191000
279.455	1.540000
279.798	1.540000
279.798	2.247000
280.138	2.247000
280.138	2.115000
280.482	2.115000
280.482	2.404000
280.753	2.404000
280.753	2.361000
281.022	2.361000
281.022	2.374000
281.292	2.374000
281.292	2.312000
281.603	2.312000
281.603	2.382000
281.911	2.382000
281.911	2.312000
282.225	2.312000
282.225	2.205000
282.573	2.205000
282.573	2.533000
282.918	2.533000
282.918	2.466000
283.259	2.466000
283.259	2.027000
283.571	2.027000
283.571	2.104000
283.883	2.104000
283.883	1.974000
284.192	1.974000
284.192	2.439000
284.536	2.439000
284.536	2.440000
284.882	2.440000
284.882	2.360000
285.227	2.360000
285.227	2.024000
285.57	2.024000
285.57	2.354000
285.919	2.354000
285.919	2.264000
286.267	2.264000
286.267	2.529000
286.613	2.529000
286.613	2.491000
286.959	2.491000
286.959	2.534000
287.305	2.534000
287.305	2.343000
287.616	2.343000
287.616	2.297000
287.931	2.297000
287.931	2.298000
288.247	2.298000
288.247	2.477000
288.592	2.477000
288.592	2.572000
288.939	2.572000
288.939	2.570000
289.285	2.570000
289.285	2.431000
289.586	2.431000
289.586	2.285000
289.894	2.285000
289.894	2.285000
290.2	2.285000
290.2	1.645000
290.547	1.645000
290.547	1.589000
290.891	1.589000
290.891	1.617000
291.24	1.617000
291.24	1.802000
291.588	1.802000
291.588	2.317000
291.932	2.317000
291.932	2.274000
292.28	2.274000
292.28	2.681000
292.594	2.681000
292.594	2.658000
292.908	2.658000
292.908	2.636000
293.214	2.636000
293.214	2.529000
293.562	2.529000
293.562	2.621000
293.905	2.621000
293.905	2.639000
294.254	2.639000
294.254	2.871000
294.599	2.871000
294.599	2.898000
294.949	2.898000
294.949	2.895000
295.294	2.895000
295.294	3.001000
295.634	3.001000
295.634	2.906000
295.982	2.906000
295.982	2.897000
296.332	2.897000
296.332	3.251000
296.672	3.251000
296.672	3.265000
297.018	3.265000
297.018	3.274000
297.367	3.274000
297.367	2.967000
297.71	2.967000
297.71	2.907000
298.056	2.907000
298.056	2.950000
298.297	2.950000
298.297	2.924000
298.64	2.924000
298.64	2.883000
298.983	2.883000
298.983	2.883000
299.33	2.883000
299.33	2.356000
299.673	2.356000
299.673	2.317000
300.017	2.317000
300.017	2.339000
300.359	2.339000
300.359	2.939000
300.703	2.939000
300.703	2.983000
301.053	2.983000
301.053	3.010000
301.395	3.010000
301.395	2.943000
301.708	2.943000
301.708	2.958000
302.024	2.958000
302.024	2.928000
302.333	2.928000
302.333	3.043000
302.681	3.043000
302.681	3.086000
303.025	3.086000
303.025	3.070000
303.376	3.070000
303.376	2.997000
303.726	2.997000
303.726	3.010000
304.069	3.010000
304.069	2.890000
304.417	2.890000
304.417	3.163000
304.766	3.163000
304.766	3.157000
305.114	3.157000
305.114	3.199000
305.463	3.199000
305.463	3.021000
305.81	3.021000
305.81	2.971000
306.157	2.971000
306.157	2.989000
306.505	2.989000
306.505	3.866000
306.812	3.866000
306.812	2.892000
307.153	2.892000
307.153	2.852000
307.496	2.852000
307.496	3.246000
307.798	3.246000
307.798	2.552000
308.129	2.552000
308.129	2.337000
308.46	2.337000
308.46	0.231000
308.562	0.231000
308.562	0.000000
308.562	0.000000
308.562	0.148000
308.664	0.148000
308.664	2.925000
309.016	2.925000
309.016	0.000000
309.016	0.000000
309.016	2.936000
309.363	2.936000
309.363	0.173000
309.465	0.173000
309.465	0.000000
309.465	0.000000
309.465	0.173000
309.567	0.173000
309.567	2.951000
309.882	2.951000
309.882	0.000000
309.882	0.000000
309.882	2.922000
310.192	2.922000
310.192	2.785000
310.543	2.785000
310.543	0.000000
310.543	0.000000
310.543	2.905000
310.891	2.905000
310.891	0.162000
310.993	0.162000
310.993	0.000000
310.993	0.000000
310.993	0.186000
311.095	0.186000
311.095	2.947000
311.44	2.947000
311.44	0.000000
311.44	0.000000
311.44	2.850000
311.791	2.850000
311.791	3.082000
312.14	3.082000
312.14	0.000000
312.14	0.000000
312.14	3.100000
312.489	3.100000
312.489	0.145000
312.591	0.145000
312.591	0.000000
312.591	0.000000
312.591	0.209000
312.693	0.209000
312.693	0.189000
312.795	0.189000
312.795	0.000000
312.795	0.000000
312.795	0.195000
312.897	0.195000
312.897	2.847000
313.242	2.847000
313.242	0.000000
313.242	0.000000
313.242	2.947000
313.587	2.947000
313.587	2.911000
313.903	2.911000
313.903	0.000000
313.903	0.000000
313.903	2.934000
314.219	2.934000
314.219	3.002000
314.531	3.002000
314.531	0.000000
314.531	0.000000
314.531	2.972000
314.847	2.972000
314.847	3.033000
315.193	3.033000
315.193	0.000000
315.193	0.000000
315.193	3.041000
315.541	3.041000
315.541	0.175000
315.643	0.175000
315.643	0.000000
315.643	0.000000
315.643	0.142000
315.745	0.142000
315.745	3.087000
316.089	3.087000
316.089	0.000000
316.089	0.000000
316.089	3.103000
316.437	3.103000
316.437	3.313000
316.789	3.313000
316.789	3.345000
317.141	3.345000
317.141	3.307000
317.486	3.307000
317.486	3.405000
317.838	3.405000
317.838	3.324000
318.188	3.324000
318.188	3.287000
318.534	3.287000
318.534	3.429000
318.884	3.429000
318.884	3.439000
319.224	3.439000
319.224	3.437000
319.573	3.437000
319.573	3.252000
319.919	3.252000
319.919	3.227000
320.268	3.227000
320.268	3.235000
320.614	3.235000
320.614	3.486000
320.96	3.486000
320.96	3.515000
321.3	3.515000
321.3	3.518000
321.644	3.518000
321.644	3.536000
321.993	3.536000
321.993	3.417000
322.338	3.417000
322.338	3.433000
322.684	3.433000
322.684	3.481000
322.999	3.481000
322.999	3.499000
323.315	3.499000
323.315	3.443000
323.629	3.443000
323.629	3.352000
323.979	3.352000
323.979	3.411000
324.321	3.411000
324.321	3.372000
324.663	3.372000
324.663	3.434000
325.013	3.434000
325.013	3.384000
325.357	3.384000
325.357	3.399000
325.708	3.399000
325.708	3.471000
326.059	3.471000
326.059	3.502000
326.405	3.502000
326.405	3.509000
326.756	3.509000
326.756	3.491000
327.1	3.491000
327.1	3.444000
327.446	3.444000
327.446	3.535000
327.793	3.535000
327.793	3.296000
328.142	3.296000
328.142	3.265000
328.49	3.265000
328.49	3.253000
328.84	3.253000
328.84	3.297000
329.187	3.297000
329.187	3.310000
329.534	3.310000
329.534	3.313000
329.886	3.313000
329.886	3.362000
330.201	3.362000
330.201	3.365000
330.511	3.365000
330.511	3.413000
330.823	3.413000
330.823	3.395000
331.133	3.395000
331.133	3.419000
331.442	3.419000
331.442	3.441000
331.757	3.441000
331.757	3.345000
332.107	3.345000
332.107	3.380000
332.457	3.380000
332.457	3.335000
332.799	3.335000
332.799	3.366000
333.152	3.366000
333.152	3.338000
333.495	3.338000
333.495	3.325000
333.842	3.325000
333.842	3.454000
334.187	3.454000
334.187	3.458000
334.535	3.458000
334.535	3.460000
334.881	3.460000
334.881	3.412000
335.233	3.412000
335.233	3.405000
335.58	3.405000
335.58	3.363000
335.925	3.363000
335.925	3.230000
336.272	3.230000
336.272	3.297000
336.617	3.297000
336.617	3.333000
336.962	3.333000
336.962	3.208000
337.276	3.208000
337.276	3.184000
337.589	3.184000
337.589	3.202000
337.905	3.202000
337.905	3.316000
338.248	3.316000
338.248	3.446000
338.594	3.446000
338.594	3.410000
338.937	3.410000
338.937	3.243000
339.283	3.243000
339.283	3.326000
339.63	3.326000
339.63	3.317000
339.976	3.317000
339.976	3.229000
340.321	3.229000
340.321	3.227000
340.662	3.227000
340.662	3.250000
341.009	3.250000
341.009	3.323000
341.357	3.323000
341.357	3.320000
341.708	3.320000
341.708	3.296000
342.051	3.296000
342.051	3.543000
342.403	3.543000
342.403	3.411000
342.748	3.411000
342.748	3.409000
343.096	3.409000
343.096	3.417000
343.41	3.417000
343.41	3.506000
343.723	3.506000
343.723	3.442000
344.034	3.442000
344.034	3.561000
344.381	3.561000
344.381	3.535000
344.728	3.535000
344.728	3.541000
345.076	3.541000
345.076	3.337000
345.429	3.337000
345.429	3.463000
345.777	3.463000
345.777	3.357000
346.122	3.357000
346.122	3.498000
346.467	3.498000
346.467	3.466000
346.814	3.466000
346.814	3.522000
347.163	3.522000
347.163	3.689000
347.513	3.689000
347.513	3.480000
347.861	3.480000
347.861	3.486000
348.212	3.486000
348.212	3.651000
348.564	3.651000
348.564	3.583000
348.913	3.583000
348.913	3.460000
349.258	3.460000
349.258	3.232000
349.609	3.232000
349.609	3.310000
349.957	3.310000
349.957	3.245000
350.306	3.245000
350.306	3.317000
350.622	3.317000
350.622	3.265000
350.938	3.265000
350.938	3.225000
351.25	3.225000
351.25	3.269000
351.595	3.269000
351.595	3.281000
351.941	3.281000
351.941	3.220000
352.285	3.220000
352.285	3.380000
352.633	3.380000
352.633	3.396000
352.983	3.396000
352.983	3.372000
353.328	3.372000
