0.0	9.020000
0.272	9.020000
0.272	9.184000
0.545	9.184000
0.545	8.899000
0.818	8.899000
0.818	7.680000
1.124	7.680000
1.124	7.971000
1.43	7.971000
1.43	7.850000
1.736	7.850000
1.736	7.613000
2.012	7.613000
2.012	7.485000
2.288	7.485000
2.288	8.129000
2.564	8.129000
2.564	8.818000
2.846	8.818000
2.846	8.459000
3.128	8.459000
3.128	8.154000
3.41	8.154000
3.41	4.568000
3.746	4.568000
3.746	4.520000
4.082	4.520000
4.082	5.200000
4.418	5.200000
4.418	7.329000
4.746	7.329000
4.746	6.964000
5.076	6.964000
5.076	7.292000
5.406	7.292000
5.406	4.636000
5.711	4.636000
5.711	4.806000
6.016	4.806000
6.016	5.616000
6.321	5.616000
6.321	8.489000
6.601	8.489000
6.601	7.916000
6.881	7.916000
6.881	8.128000
7.161	8.128000
7.161	8.001000
7.4	8.001000
7.4	7.750000
7.639	7.750000
7.639	8.141000
7.877	8.141000
7.877	7.661000
8.131	7.661000
8.131	7.751000
8.385	7.751000
8.385	8.070000
8.639	8.070000
8.639	8.623000
8.919	8.623000
8.919	8.962000
9.199	8.962000
9.199	8.902000
9.479	8.902000
9.479	8.195000
9.756	8.195000
9.756	8.640000
10.034	8.640000
10.034	8.709000
10.312	8.709000
10.312	7.789000
10.56	7.789000
10.56	8.365000
10.808	8.365000
10.808	7.994000
11.056	7.994000
11.056	5.569000
11.374	5.569000
11.374	5.727000
11.692	5.727000
11.692	6.488000
12.01	6.488000
12.01	8.192000
12.297	8.192000
12.297	8.833000
12.584	8.833000
12.584	8.245000
12.871	8.245000
12.871	6.835000
13.193	6.835000
13.193	6.621000
13.515	6.621000
13.515	7.957000
13.837	7.957000
13.837	9.088000
14.114	9.088000
14.114	9.181000
14.391	9.181000
14.391	9.006000
14.668	9.006000
14.668	7.980000
14.943	7.980000
14.943	8.230000
15.219	8.230000
15.219	9.092000
15.495	9.092000
15.495	7.981000
15.778	7.981000
15.778	8.330000
16.061	8.330000
16.061	8.457000
16.344	8.457000
16.344	8.583000
16.651	8.583000
16.651	9.011000
16.958	9.011000
16.958	8.550000
17.265	8.550000
17.265	6.407000
17.561	6.407000
17.561	6.535000
17.856	6.535000
17.856	6.601000
18.152	6.601000
18.152	7.817000
18.498	7.817000
18.498	7.803000
18.844	7.803000
18.844	6.450000
19.19	6.450000
19.19	5.048000
19.535	5.048000
19.535	4.932000
19.879	4.932000
19.879	5.649000
20.221	5.649000
20.221	8.807000
20.505	8.807000
20.505	8.466000
20.789	8.466000
20.789	8.650000
21.073	8.650000
21.073	5.175000
21.398	5.175000
21.398	5.354000
21.723	5.354000
21.723	5.682000
22.048	5.682000
22.048	6.536000
22.379	6.536000
22.379	6.322000
22.71	6.322000
22.71	6.698000
23.041	6.698000
23.041	8.936000
23.328	8.936000
23.328	8.831000
23.616	8.831000
23.616	8.149000
23.904	8.149000
23.904	8.924000
24.202	8.924000
24.202	8.845000
24.5	8.845000
24.5	8.430000
24.798	8.430000
24.798	8.491000
25.091	8.491000
25.091	8.730000
25.384	8.730000
25.384	7.871000
25.677	7.871000
25.677	6.837000
25.995	6.837000
25.995	6.706000
26.313	6.706000
26.313	8.081000
26.631	8.081000
26.631	8.834000
26.878	8.834000
26.878	9.146000
27.125	9.146000
27.125	9.052000
27.372	9.052000
27.372	6.304000
27.671	6.304000
27.671	6.177000
27.97	6.177000
27.97	6.710000
28.269	6.710000
28.269	5.449000
28.547	5.449000
28.547	5.641000
28.826	5.641000
28.826	5.951000
29.104	5.951000
29.104	7.487000
29.363	7.487000
29.363	7.758000
29.622	7.758000
29.622	7.338000
29.881	7.338000
29.881	6.687000
30.152	6.687000
30.152	6.708000
30.423	6.708000
30.423	6.648000
30.694	6.648000
30.694	7.041000
30.959	7.041000
30.959	6.794000
31.225	6.794000
31.225	6.182000
31.491	6.182000
31.491	5.937000
31.753	5.937000
31.753	6.023000
32.015	6.023000
32.015	5.347000
32.277	5.347000
32.277	6.947000
32.524	6.947000
32.524	6.846000
32.771	6.846000
32.771	6.671000
33.018	6.671000
33.018	6.976000
33.329	6.976000
33.329	6.896000
33.64	6.896000
33.64	7.316000
33.951	7.316000
33.951	5.370000
34.247	5.370000
34.247	5.508000
34.543	5.508000
34.543	5.770000
34.838	5.770000
34.838	6.963000
35.072	6.963000
35.072	7.048000
35.307	7.048000
35.307	7.284000
35.542	7.284000
35.542	6.251000
35.838	6.251000
35.838	6.396000
36.133	6.396000
36.133	6.362000
36.429	6.362000
36.429	4.890000
36.702	4.890000
36.702	4.561000
36.975	4.561000
36.975	5.293000
37.247	5.293000
37.247	6.225000
37.499	6.225000
37.499	6.093000
37.751	6.093000
37.751	6.917000
38.003	6.917000
38.003	7.554000
38.222	7.554000
38.222	7.597000
38.441	7.597000
38.441	7.080000
38.66	7.080000
38.66	7.817000
38.9	7.817000
38.9	7.484000
39.14	7.484000
39.14	7.003000
39.38	7.003000
39.38	6.344000
39.674	6.344000
39.674	6.243000
39.968	6.243000
39.968	6.164000
40.262	6.164000
40.262	7.253000
40.54	7.253000
40.54	7.062000
40.818	7.062000
40.818	6.692000
41.095	6.692000
41.095	5.528000
41.392	5.528000
41.392	5.526000
41.689	5.526000
41.689	5.460000
41.985	5.460000
41.985	5.029000
42.244	5.029000
42.244	5.022000
42.503	5.022000
42.503	5.680000
42.762	5.680000
42.762	7.264000
43.027	7.264000
43.027	7.101000
43.292	7.101000
43.292	7.375000
43.557	7.375000
43.557	5.348000
43.835	5.348000
43.835	5.547000
44.113	5.547000
44.113	6.109000
44.391	6.109000
44.391	6.903000
44.643	6.903000
44.643	6.756000
44.895	6.756000
44.895	6.898000
45.147	6.898000
45.147	7.958000
45.421	7.958000
45.421	7.558000
45.695	7.558000
45.695	7.650000
45.969	7.650000
45.969	4.991000
46.28	4.991000
46.28	4.997000
46.591	4.997000
46.591	5.712000
46.902	5.712000
46.902	7.200000
47.172	7.200000
47.172	6.982000
47.442	6.982000
47.442	6.769000
47.712	6.769000
47.712	6.594000
48.042	6.594000
48.042	6.572000
48.372	6.572000
48.372	6.765000
48.702	6.765000
48.702	7.015000
48.974	7.015000
48.974	6.941000
49.245	6.941000
49.245	7.363000
49.517	7.363000
49.517	6.797000
49.771	6.797000
49.771	6.726000
50.025	6.726000
50.025	6.757000
50.279	6.757000
50.279	7.403000
50.515	7.403000
50.515	7.883000
50.751	7.883000
50.751	7.304000
50.987	7.304000
50.987	5.922000
51.242	5.922000
51.242	6.292000
51.497	6.292000
51.497	6.079000
51.752	6.079000
51.752	5.230000
52.068	5.230000
52.068	5.434000
52.384	5.434000
52.384	5.696000
52.7	5.696000
52.7	6.230000
52.946	6.230000
52.946	6.148000
53.192	6.148000
53.192	5.814000
53.438	5.814000
53.438	5.535000
53.741	5.535000
53.741	7.763000
54.041	7.763000
54.041	5.669000
54.344	5.669000
54.344	7.255000
54.625	7.255000
54.625	7.840000
54.905	7.840000
54.905	7.274000
55.186	7.274000
55.186	6.165000
55.504	6.165000
55.504	6.264000
55.815	6.264000
55.815	6.113000
56.134	6.113000
56.134	7.277000
56.39	7.277000
56.39	7.087000
56.646	7.087000
56.646	6.359000
56.902	6.359000
56.902	6.284000
57.218	6.284000
57.218	6.517000
57.534	6.517000
57.534	5.913000
57.85	5.913000
57.85	6.986000
58.1	6.986000
58.1	6.203000
58.35	6.203000
58.35	6.160000
58.6	6.160000
58.6	7.963000
58.897	7.963000
58.897	8.126000
59.194	8.126000
59.194	7.784000
59.491	7.784000
59.491	7.171000
59.803	7.171000
59.803	7.405000
60.115	7.405000
60.115	8.021000
60.427	8.021000
60.427	6.481000
60.68	6.481000
60.68	6.551000
60.933	6.551000
60.933	6.410000
61.186	6.410000
61.186	6.290000
61.467	6.290000
61.467	6.248000
61.748	6.248000
61.748	5.792000
62.029	5.792000
62.029	7.022000
62.304	7.022000
62.304	6.769000
62.579	6.769000
62.579	6.948000
62.853	6.948000
62.853	7.520000
63.141	7.520000
63.141	6.987000
63.43	6.987000
63.43	7.723000
63.719	7.723000
63.719	7.381000
63.999	7.381000
63.999	7.333000
64.278	7.333000
64.278	7.501000
64.558	7.501000
64.558	6.440000
64.852	6.440000
64.852	6.693000
65.145	6.693000
65.145	6.457000
65.439	6.457000
65.439	5.813000
65.759	5.813000
65.759	5.616000
66.079	5.616000
66.079	5.711000
66.398	5.711000
66.398	6.478000
66.652	6.478000
66.652	6.407000
66.906	6.407000
66.906	6.115000
67.16	6.115000
67.16	5.212000
67.469	5.212000
67.469	5.300000
67.778	5.300000
67.778	5.292000
68.087	5.292000
68.087	7.341000
68.339	7.341000
68.339	7.038000
68.592	7.038000
68.592	7.382000
68.845	7.382000
68.845	7.032000
69.092	7.032000
69.092	7.042000
69.339	7.042000
69.339	6.825000
69.586	6.825000
69.586	7.504000
69.84	7.504000
69.84	7.341000
70.094	7.341000
70.094	7.376000
70.348	7.376000
70.348	7.044000
70.659	7.044000
70.659	6.934000
70.97	6.934000
70.97	7.366000
71.281	7.366000
71.281	7.510000
71.537	7.510000
71.537	7.500000
71.793	7.500000
71.793	6.844000
72.049	6.844000
72.049	6.903000
72.368	6.903000
72.368	6.217000
72.687	6.217000
72.687	6.285000
73.006	6.285000
73.006	6.732000
73.333	6.732000
73.333	6.325000
73.66	6.325000
73.66	6.717000
73.987	6.717000
73.987	7.727000
74.273	7.727000
74.273	7.772000
74.559	7.772000
74.559	7.402000
74.845	7.402000
74.845	5.078000
75.139	5.078000
75.139	5.454000
75.433	5.454000
75.433	5.110000
75.727	5.110000
75.727	6.432000
75.954	6.432000
75.954	6.359000
76.181	6.359000
76.181	6.399000
76.408	6.399000
76.408	4.907000
76.678	4.907000
76.678	4.771000
76.948	4.771000
76.948	4.799000
77.218	4.799000
77.218	7.195000
77.457	7.195000
77.457	7.169000
77.696	7.169000
77.696	6.959000
77.934	6.959000
77.934	7.834000
78.202	7.834000
78.202	7.905000
78.471	7.905000
78.471	7.216000
78.74	7.216000
78.74	6.728000
78.979	6.728000
78.979	6.820000
79.218	6.820000
79.218	6.711000
79.457	6.711000
79.457	5.455000
79.715	5.455000
79.715	5.626000
79.973	5.626000
79.973	5.579000
80.231	5.579000
80.231	6.664000
80.474	6.664000
80.474	7.351000
80.718	7.351000
80.718	6.964000
80.962	6.964000
80.962	6.827000
81.236	6.827000
81.236	6.804000
81.51	6.804000
81.51	6.666000
81.784	6.666000
81.784	5.800000
82.055	5.800000
82.055	5.605000
82.327	5.605000
82.327	5.927000
82.597	5.927000
82.597	7.274000
82.895	7.274000
82.895	7.783000
83.193	7.783000
83.193	7.292000
83.491	7.292000
83.491	7.154000
83.782	7.154000
83.782	6.855000
84.073	6.855000
84.073	7.082000
84.364	7.082000
84.364	6.497000
84.639	6.497000
84.639	6.726000
84.914	6.726000
84.914	6.654000
85.189	6.654000
85.189	7.618000
85.48	7.618000
85.48	7.465000
85.771	7.465000
85.771	7.861000
86.062	7.861000
86.062	7.040000
86.326	7.040000
86.326	7.509000
86.59	7.509000
86.59	7.295000
86.854	7.295000
86.854	7.808000
87.134	7.808000
87.134	7.370000
87.414	7.370000
87.414	7.945000
87.694	7.945000
87.694	6.814000
88.021	6.814000
88.021	6.699000
88.348	6.699000
88.348	6.622000
88.675	6.622000
88.675	7.173000
88.946	7.173000
88.946	6.884000
89.217	6.884000
89.217	6.923000
89.488	6.923000
89.488	7.028000
89.766	7.028000
89.766	6.856000
90.042	6.856000
90.042	6.974000
90.32	6.974000
90.32	6.822000
90.567	6.822000
90.567	7.432000
90.814	7.432000
90.814	6.720000
91.061	6.720000
91.061	5.319000
91.372	5.319000
91.372	5.431000
91.683	5.431000
91.683	5.369000
91.994	5.369000
91.994	5.434000
92.262	5.434000
92.262	5.691000
92.53	5.691000
92.53	6.233000
92.798	6.233000
92.798	6.975000
93.083	6.975000
93.083	6.909000
93.368	6.909000
93.368	6.711000
93.653	6.711000
93.653	5.213000
93.89	5.213000
93.89	5.110000
94.127	5.110000
94.127	5.069000
94.364	5.069000
94.364	7.277000
94.624	7.277000
94.624	7.208000
94.884	7.208000
94.884	7.831000
95.144	7.831000
95.144	7.256000
95.45	7.256000
95.45	7.359000
95.756	7.359000
95.756	6.841000
96.062	6.841000
96.062	7.078000
96.336	7.078000
96.336	7.198000
96.61	7.198000
96.61	6.609000
96.884	6.609000
96.884	7.092000
97.147	7.092000
97.147	6.959000
97.41	6.959000
97.41	7.276000
97.673	7.276000
97.673	6.824000
97.92	6.824000
97.92	7.216000
98.167	7.216000
98.167	6.786000
98.414	6.786000
98.414	6.565000
98.653	6.565000
98.653	6.237000
98.891	6.237000
98.891	5.834000
99.13	5.834000
99.13	0.000000
99.13	0.000000
99.13	0.000000
99.13	0.000000
99.13	0.000000
99.13	0.000000
99.13	6.615000
99.449	6.615000
99.449	6.502000
99.768	6.502000
99.768	6.091000
100.087	6.091000
100.087	5.520000
100.426	5.520000
100.426	5.611000
100.765	5.611000
100.765	5.883000
101.104	5.883000
101.104	6.780000
101.39	6.780000
101.39	6.776000
101.676	6.776000
101.676	7.070000
101.962	7.070000
101.962	6.503000
102.202	6.503000
102.202	6.404000
102.442	6.404000
102.442	6.767000
102.682	6.767000
102.682	7.091000
102.953	7.091000
102.953	6.998000
103.224	6.998000
103.224	6.837000
103.495	6.837000
103.495	7.302000
103.788	7.302000
103.788	7.734000
104.081	7.734000
104.081	7.437000
104.374	7.437000
104.374	7.148000
104.653	7.148000
104.653	6.810000
104.931	6.810000
104.931	6.883000
105.21	6.883000
105.21	6.915000
105.462	6.915000
105.462	6.975000
105.713	6.975000
105.713	7.476000
105.964	7.476000
105.964	6.699000
106.293	6.699000
106.293	6.875000
106.622	6.875000
106.622	6.841000
106.951	6.841000
106.951	6.883000
107.198	6.883000
107.198	6.807000
107.445	6.807000
107.445	5.995000
107.692	5.995000
107.692	6.870000
107.916	6.870000
107.916	6.785000
108.141	6.785000
108.141	6.318000
108.366	6.318000
108.366	7.619000
108.638	7.619000
108.638	7.402000
108.909	7.402000
108.909	7.268000
109.181	7.268000
109.181	7.153000
109.483	7.153000
109.483	7.348000
109.785	7.348000
109.785	6.971000
110.087	6.971000
110.087	7.150000
110.345	7.150000
110.345	7.049000
110.603	7.049000
110.603	6.675000
110.861	6.675000
110.861	6.843000
111.096	6.843000
111.096	7.034000
111.331	7.034000
111.331	7.005000
111.566	7.005000
111.566	6.971000
111.842	6.971000
111.842	7.095000
112.117	7.095000
112.117	7.622000
112.393	7.622000
112.393	7.251000
112.695	7.251000
112.695	7.130000
112.997	7.130000
112.997	7.516000
113.299	7.516000
113.299	7.528000
113.581	7.528000
113.581	7.299000
113.862	7.299000
113.862	7.558000
114.144	7.558000
114.144	5.463000
114.463	5.463000
114.463	5.254000
114.782	5.254000
114.782	5.472000
115.101	5.472000
115.101	6.879000
115.426	6.879000
115.426	6.579000
115.751	6.579000
115.751	6.872000
116.075	6.872000
116.075	7.800000
116.351	7.800000
116.351	7.472000
116.627	7.472000
116.627	7.739000
116.903	7.739000
116.903	7.167000
117.167	7.167000
117.167	6.937000
117.431	6.937000
117.431	7.144000
117.695	7.144000
117.695	7.141000
117.95	7.141000
117.95	6.840000
118.206	6.840000
118.206	6.869000
118.462	6.869000
118.462	6.774000
118.71	6.774000
118.71	6.297000
118.958	6.297000
118.958	6.500000
119.206	6.500000
119.206	4.971000
119.482	4.971000
119.482	5.129000
119.758	5.129000
119.758	5.213000
120.034	5.213000
120.034	7.247000
120.281	7.247000
120.281	7.542000
120.527	7.542000
120.527	6.831000
120.774	6.831000
120.774	6.559000
120.999	6.559000
120.999	7.451000
121.225	7.451000
121.225	6.862000
121.451	6.862000
121.451	5.431000
121.728	5.431000
121.728	5.264000
122.005	5.264000
122.005	6.495000
122.282	6.495000
122.282	5.356000
122.568	5.356000
122.568	5.449000
122.854	5.449000
122.854	5.494000
123.14	5.494000
123.14	7.041000
123.388	7.041000
123.388	6.787000
123.637	6.787000
123.637	7.120000
123.886	7.120000
123.886	5.055000
124.22	5.055000
124.22	4.964000
124.554	4.964000
124.554	5.341000
124.888	5.341000
124.888	7.146000
125.126	7.146000
125.126	7.378000
125.364	7.378000
125.364	6.948000
125.602	6.948000
125.602	7.476000
125.879	7.476000
125.879	7.129000
126.157	7.129000
126.157	7.393000
126.435	7.393000
126.435	6.688000
126.752	6.688000
126.752	6.478000
127.069	6.478000
127.069	6.414000
127.386	6.414000
127.386	4.917000
127.687	4.917000
127.687	5.101000
127.988	5.101000
127.988	5.593000
128.289	5.593000
128.289	6.718000
128.625	6.718000
128.625	6.666000
128.961	6.666000
128.961	7.146000
129.297	7.146000
129.297	7.646000
129.554	7.646000
129.554	7.506000
129.811	7.506000
129.811	6.995000
130.068	6.995000
130.068	7.375000
130.316	7.375000
130.316	7.026000
130.564	7.026000
130.564	6.787000
130.812	6.787000
130.812	7.289000
131.066	7.289000
131.066	6.836000
131.32	6.836000
131.32	6.960000
131.574	6.960000
131.574	5.322000
131.89	5.322000
131.89	5.746000
132.206	5.746000
132.206	6.021000
132.522	6.021000
132.522	4.076000
132.842	4.076000
132.842	4.423000
133.162	4.423000
133.162	4.781000
133.482	4.781000
133.482	6.820000
133.731	6.820000
133.731	6.457000
133.98	6.457000
133.98	6.950000
134.229	6.950000
134.229	6.574000
134.47	6.574000
134.47	6.582000
134.711	6.582000
134.711	6.504000
134.952	6.504000
134.952	7.624000
135.223	7.624000
135.223	7.171000
135.493	7.171000
135.493	6.871000
135.764	6.871000
135.764	6.813000
136.038	6.813000
136.038	6.439000
136.312	6.439000
136.312	6.286000
136.586	6.286000
136.586	7.778000
136.804	7.778000
136.804	7.858000
137.022	7.858000
137.022	7.333000
137.24	7.333000
137.24	6.871000
137.488	6.871000
137.488	6.925000
137.736	6.925000
137.736	7.013000
137.984	7.013000
137.984	7.581000
138.241	7.581000
138.241	7.319000
138.497	7.319000
138.497	7.538000
138.754	7.538000
138.754	7.089000
139.03	7.089000
139.03	6.897000
139.307	6.897000
139.307	7.077000
139.584	7.077000
139.584	5.070000
139.887	5.070000
139.887	5.128000
140.19	5.128000
140.19	5.543000
140.493	5.543000
140.493	7.294000
140.786	7.294000
140.786	7.231000
141.081	7.231000
141.081	7.235000
141.376	7.235000
141.376	5.402000
141.678	5.402000
141.678	4.955000
141.98	4.955000
141.98	5.495000
142.282	5.495000
142.282	5.401000
142.597	5.401000
142.597	5.614000
142.912	5.614000
142.912	5.463000
143.227	5.463000
143.227	7.521000
143.474	7.521000
143.474	7.209000
143.721	7.209000
143.721	7.035000
143.968	7.035000
143.968	6.616000
144.263	6.616000
144.263	6.737000
144.558	6.737000
144.558	6.600000
144.853	6.600000
144.853	5.055000
145.131	5.055000
145.131	5.084000
145.409	5.084000
145.409	5.789000
145.687	5.789000
145.687	6.736000
145.955	6.736000
145.955	6.995000
146.224	6.995000
146.224	6.282000
146.493	6.282000
146.493	7.039000
146.795	7.039000
146.795	7.211000
147.097	7.211000
147.097	7.090000
147.399	7.090000
147.399	7.103000
147.651	7.103000
147.651	7.076000
147.902	7.076000
147.902	7.007000
148.154	7.007000
148.154	6.768000
148.405	6.768000
148.405	6.580000
148.658	6.580000
148.658	6.655000
148.911	6.655000
148.911	8.356000
149.15	8.356000
149.15	7.494000
149.389	7.494000
149.389	7.484000
149.628	7.484000
149.628	5.442000
149.912	5.442000
149.912	5.346000
150.196	5.346000
150.196	5.294000
150.48	5.294000
150.48	7.433000
150.783	7.433000
150.783	7.153000
151.086	7.153000
151.086	7.219000
151.389	7.219000
151.389	7.568000
151.667	7.568000
151.667	7.786000
151.944	7.786000
151.944	7.788000
152.222	7.788000
152.222	7.433000
152.507	7.433000
152.507	7.248000
152.79	7.248000
152.79	7.192000
153.075	7.192000
153.075	6.459000
153.389	6.459000
153.389	6.640000
153.703	6.640000
153.703	6.914000
154.017	6.914000
154.017	7.123000
154.27	7.123000
154.27	6.869000
154.523	6.869000
154.523	6.854000
154.776	6.854000
154.776	6.413000
155.026	6.413000
155.026	6.498000
155.275	6.498000
155.275	6.528000
155.525	6.528000
155.525	6.780000
155.783	6.780000
155.783	7.244000
156.041	7.244000
156.041	7.554000
156.299	7.554000
156.299	5.175000
156.572	5.175000
156.572	4.724000
156.845	4.724000
156.845	5.115000
157.118	5.115000
157.118	5.607000
157.416	5.607000
157.416	5.651000
157.714	5.651000
157.714	6.025000
158.012	6.025000
158.012	7.040000
158.246	7.040000
158.246	7.208000
158.48	7.208000
158.48	7.317000
158.714	7.317000
158.714	4.842000
159.021	4.842000
159.021	4.580000
159.328	4.580000
159.328	5.968000
159.635	5.968000
159.635	3.937000
159.947	3.937000
159.947	4.098000
160.259	4.098000
160.259	4.513000
160.571	4.513000
160.571	5.764000
160.855	5.764000
160.855	5.944000
161.139	5.944000
161.139	5.915000
161.423	5.915000
161.423	7.388000
161.684	7.388000
161.684	7.497000
161.945	7.497000
161.945	7.507000
162.206	7.507000
162.206	7.762000
162.459	7.762000
162.459	7.990000
162.712	7.990000
162.712	7.941000
162.965	7.941000
162.965	7.053000
163.242	7.053000
163.242	6.310000
163.518	6.310000
163.518	6.991000
163.795	6.991000
163.795	7.082000
164.118	7.082000
164.118	6.792000
164.441	6.792000
164.441	6.966000
164.764	6.966000
164.764	4.933000
165.08	4.933000
165.08	4.984000
165.396	4.984000
165.396	5.826000
165.712	5.826000
165.712	4.991000
166.021	4.991000
166.021	5.382000
166.33	5.382000
166.33	5.257000
166.639	5.257000
166.639	6.686000
166.942	6.686000
166.942	6.579000
167.246	6.579000
167.246	6.894000
167.55	6.894000
167.55	6.722000
167.762	6.722000
167.762	7.393000
167.974	7.393000
167.974	6.991000
168.186	6.991000
168.186	5.083000
168.512	5.083000
168.512	5.148000
168.838	5.148000
168.838	5.540000
169.164	5.540000
169.164	5.254000
169.485	5.254000
169.485	5.365000
169.806	5.365000
169.806	5.658000
170.127	5.658000
170.127	7.142000
170.371	7.142000
170.371	7.259000
170.615	7.259000
170.615	6.759000
170.859	6.759000
170.859	6.605000
171.078	6.605000
171.078	6.627000
171.297	6.627000
171.297	6.482000
171.516	6.482000
171.516	5.446000
171.797	5.446000
171.797	6.211000
172.078	6.211000
172.078	5.704000
172.359	5.704000
172.359	7.641000
172.662	7.641000
172.662	7.145000
172.965	7.145000
172.965	7.753000
173.268	7.753000
173.268	7.492000
173.536	7.492000
173.536	7.856000
173.803	7.856000
173.803	7.106000
174.071	7.106000
174.071	7.341000
174.342	7.341000
174.342	7.895000
174.612	7.895000
174.612	7.710000
174.883	7.710000
174.883	6.760000
175.223	6.760000
175.223	6.851000
175.563	6.851000
175.563	6.767000
175.903	6.767000
175.903	8.451000
176.187	8.451000
176.187	8.589000
176.47	8.589000
176.47	8.684000
176.754	8.684000
176.754	5.664000
177.05	5.664000
177.05	5.722000
177.346	5.722000
177.346	5.364000
177.642	5.364000
177.642	6.996000
177.869	6.996000
177.869	7.820000
178.096	7.820000
178.096	7.037000
178.323	7.037000
178.323	7.083000
178.583	7.083000
178.583	6.877000
178.843	6.877000
178.843	6.830000
179.103	6.830000
179.103	5.491000
179.404	5.491000
179.404	5.753000
179.705	5.753000
179.705	5.301000
180.006	5.301000
180.006	7.084000
180.243	7.084000
180.243	7.049000
180.479	7.049000
180.479	7.231000
180.715	7.231000
180.715	6.922000
180.969	6.922000
180.969	6.750000
181.221	6.750000
181.221	6.643000
181.475	6.643000
181.475	6.888000
181.812	6.888000
181.812	6.732000
182.15	6.732000
182.15	7.301000
182.488	7.301000
182.488	5.408000
182.79	5.408000
182.79	4.969000
183.092	4.969000
183.092	5.440000
183.394	5.440000
183.394	6.203000
183.675	6.203000
183.675	5.746000
183.956	5.746000
183.956	6.073000
184.237	6.073000
184.237	6.666000
184.512	6.666000
184.512	6.952000
184.788	6.952000
184.788	7.048000
185.064	7.048000
185.064	6.435000
185.346	6.435000
185.346	6.374000
185.628	6.374000
185.628	6.274000
185.909	6.274000
185.909	7.708000
186.176	7.708000
186.176	8.093000
186.442	8.093000
186.442	7.562000
186.708	7.562000
186.708	6.723000
186.978	6.723000
186.978	7.116000
187.248	7.116000
187.248	6.855000
187.518	6.855000
187.518	5.419000
187.835	5.419000
187.835	5.251000
188.152	5.251000
188.152	5.706000
188.469	5.706000
188.469	3.749000
188.817	3.749000
188.817	3.708000
189.165	3.708000
189.165	4.054000
189.513	4.054000
189.513	6.109000
189.794	6.109000
189.794	6.372000
190.076	6.372000
190.076	6.470000
190.358	6.470000
190.358	5.306000
190.648	5.306000
190.648	5.273000
190.938	5.273000
190.938	5.283000
191.228	5.283000
191.228	7.336000
191.469	7.336000
191.469	7.242000
191.71	7.242000
191.71	7.024000
191.951	7.024000
191.951	7.190000
192.188	7.190000
192.188	7.433000
192.426	7.433000
192.426	7.096000
192.664	7.096000
192.664	5.524000
192.954	5.524000
192.954	5.390000
193.244	5.390000
193.244	5.898000
193.534	5.898000
193.534	5.130000
193.831	5.130000
193.831	4.760000
194.128	4.760000
194.128	5.381000
194.424	5.381000
194.424	7.926000
194.673	7.926000
194.673	7.540000
194.922	7.540000
194.922	7.967000
195.171	7.967000
195.171	6.073000
195.461	6.073000
195.461	5.692000
195.751	5.692000
195.751	5.899000
196.041	5.899000
196.041	6.400000
196.342	6.400000
196.342	6.693000
196.643	6.693000
196.643	6.773000
196.944	6.773000
196.944	7.141000
197.192	7.141000
197.192	8.045000
197.441	8.045000
197.441	7.303000
197.69	7.303000
197.69	5.859000
197.977	5.859000
197.977	6.128000
198.264	6.128000
198.264	6.286000
198.551	6.286000
198.551	7.311000
198.811	7.311000
198.811	7.458000
199.07	7.458000
199.07	7.082000
199.33	7.082000
199.33	7.605000
199.608	7.605000
199.608	7.866000
199.886	7.866000
199.886	7.221000
200.164	7.221000
200.164	7.108000
200.437	7.108000
200.437	7.374000
200.71	7.374000
200.71	7.195000
200.983	7.195000
200.983	5.352000
201.319	5.352000
201.319	5.098000
201.655	5.098000
201.655	5.715000
201.991	5.715000
201.991	7.059000
202.292	7.059000
202.292	7.120000
202.594	7.120000
202.594	7.524000
202.896	7.524000
202.896	7.786000
203.153	7.786000
203.153	7.510000
203.41	7.510000
203.41	7.745000
203.667	7.745000
203.667	7.238000
203.945	7.238000
203.945	7.061000
204.223	7.061000
204.223	7.696000
204.5	7.696000
204.5	5.973000
204.786	5.973000
204.786	6.177000
205.072	6.177000
205.072	6.002000
205.358	6.002000
205.358	6.864000
205.592	6.864000
205.592	6.906000
205.826	6.906000
205.826	7.066000
206.06	7.066000
206.06	7.526000
206.323	7.526000
206.323	7.243000
206.586	7.243000
206.586	7.406000
206.849	7.406000
206.849	5.599000
207.111	5.599000
207.111	5.853000
207.375	5.853000
207.375	6.064000
207.639	6.064000
207.639	5.501000
207.961	5.501000
207.961	5.884000
208.283	5.884000
208.283	5.879000
208.605	5.879000
208.605	7.486000
208.831	7.486000
208.831	7.312000
209.057	7.312000
209.057	7.129000
209.283	7.129000
209.283	7.533000
209.554	7.533000
209.554	7.727000
209.826	7.727000
209.826	7.400000
210.098	7.400000
210.098	6.663000
210.36	6.663000
210.36	6.899000
210.622	6.899000
210.622	6.920000
210.884	6.920000
210.884	8.000000
211.138	8.000000
211.138	8.014000
211.392	8.014000
211.392	7.946000
211.646	7.946000
211.646	8.284000
211.92	8.284000
211.92	7.900000
212.195	7.900000
212.195	7.525000
212.47	7.525000
212.47	6.513000
212.771	6.513000
212.771	6.541000
213.072	6.541000
213.072	6.587000
213.373	6.587000
213.373	7.407000
213.643	7.407000
213.643	7.532000
213.913	7.532000
213.913	7.838000
214.183	7.838000
214.183	7.823000
214.452	7.823000
214.452	7.341000
214.721	7.341000
214.721	7.488000
214.99	7.488000
214.99	5.497000
215.299	5.497000
215.299	5.451000
215.608	5.451000
215.608	5.553000
215.917	5.553000
215.917	7.372000
216.206	7.372000
216.206	7.261000
216.495	7.261000
216.495	7.394000
216.784	7.394000
216.784	7.007000
217.044	7.007000
217.044	7.049000
217.305	7.049000
217.305	7.219000
217.566	7.219000
217.566	6.135000
217.832	6.135000
217.832	5.407000
218.098	5.407000
218.098	5.966000
218.364	5.966000
218.364	6.441000
218.653	6.441000
218.653	6.595000
218.942	6.595000
218.942	6.594000
219.231	6.594000
219.231	6.937000
219.552	6.937000
219.552	6.786000
219.874	6.786000
219.874	7.313000
220.196	7.313000
220.196	7.837000
220.472	7.837000
220.472	7.663000
220.748	7.663000
220.748	8.196000
221.024	8.196000
221.024	5.394000
221.364	5.394000
221.364	5.243000
221.704	5.243000
221.704	5.311000
222.043	5.311000
222.043	7.144000
222.32	7.144000
222.32	7.235000
222.597	7.235000
222.597	7.229000
222.874	7.229000
222.874	7.567000
223.131	7.567000
223.131	7.430000
223.388	7.430000
223.388	7.128000
223.645	7.128000
223.645	4.507000
223.964	4.507000
223.964	4.481000
224.283	4.481000
224.283	5.636000
224.602	5.636000
224.602	8.039000
224.894	8.039000
224.894	7.713000
225.186	7.713000
225.186	7.502000
225.478	7.502000
225.478	7.684000
225.742	7.684000
225.742	7.478000
226.005	7.478000
226.005	7.706000
226.269	7.706000
226.269	5.455000
226.58	5.455000
226.58	5.462000
226.891	5.462000
226.891	5.513000
227.202	5.513000
227.202	6.550000
227.546	6.550000
227.546	6.627000
227.89	6.627000
227.89	7.296000
228.234	7.296000
228.234	6.929000
228.491	6.929000
228.491	7.632000
228.748	7.632000
228.748	7.387000
229.005	7.387000
229.005	4.951000
229.311	4.951000
229.311	4.756000
229.617	4.756000
229.617	5.120000
229.923	5.120000
229.923	5.568000
230.207	5.568000
230.207	5.402000
230.491	5.402000
230.491	5.912000
230.773	5.912000
230.773	6.348000
231.045	6.348000
231.045	6.422000
231.317	6.422000
231.317	6.266000
231.589	6.266000
231.589	6.258000
231.9	6.258000
231.9	6.114000
232.211	6.114000
232.211	5.962000
232.521	5.962000
232.521	6.936000
232.806	6.936000
232.806	6.916000
233.091	6.916000
233.091	6.789000
233.376	6.789000
233.376	5.754000
233.693	5.754000
233.693	5.296000
234.01	5.296000
234.01	5.570000
234.327	5.570000
234.327	7.192000
234.599	7.192000
234.599	6.714000
234.87	6.714000
234.87	6.452000
235.142	6.452000
235.142	8.156000
235.405	8.156000
235.405	7.763000
235.668	7.763000
235.668	7.284000
235.931	7.284000
235.931	5.957000
236.239	5.957000
236.239	5.160000
236.546	5.160000
236.546	5.412000
236.854	5.412000
236.854	5.877000
237.162	5.877000
237.162	5.946000
237.47	5.946000
237.47	5.843000
237.778	5.843000
237.778	7.649000
238.076	7.649000
238.076	7.588000
238.375	7.588000
238.375	7.592000
238.674	7.592000
238.674	7.465000
238.977	7.465000
238.977	7.368000
239.28	7.368000
239.28	7.466000
239.583	7.466000
239.583	7.299000
239.89	7.299000
239.89	7.204000
240.197	7.204000
240.197	7.203000
240.503	7.203000
240.503	7.188000
240.802	7.188000
240.802	7.370000
241.101	7.370000
241.101	7.524000
241.4	7.524000
241.4	5.944000
241.708	5.944000
241.708	5.796000
242.016	5.796000
242.016	5.800000
242.324	5.800000
242.324	5.031000
242.652	5.031000
242.652	4.922000
242.98	4.922000
242.98	5.065000
243.308	5.065000
243.308	7.792000
243.541	7.792000
243.541	7.452000
243.775	7.452000
243.775	7.339000
244.009	7.339000
244.009	7.334000
244.284	7.334000
244.284	7.210000
244.559	7.210000
244.559	7.509000
244.834	7.509000
244.834	5.634000
245.14	5.634000
245.14	5.684000
245.446	5.684000
245.446	6.049000
245.751	6.049000
245.751	7.091000
246.038	7.091000
246.038	7.043000
246.325	7.043000
246.325	7.610000
246.612	7.610000
246.612	7.635000
246.886	7.635000
246.886	7.362000
247.16	7.362000
247.16	7.410000
247.433	7.410000
247.433	5.907000
247.749	5.907000
247.749	6.169000
248.065	6.169000
248.065	6.253000
248.381	6.253000
248.381	6.481000
248.69	6.481000
248.69	6.402000
248.999	6.402000
248.999	7.215000
249.308	7.215000
249.308	5.810000
249.604	5.810000
249.604	6.006000
249.901	6.006000
249.901	6.703000
250.198	6.703000
250.198	7.294000
250.475	7.294000
250.475	7.390000
250.752	7.390000
250.752	7.405000
251.029	7.405000
251.029	7.091000
251.286	7.091000
251.286	7.105000
251.543	7.105000
251.543	7.610000
251.8	7.610000
251.8	7.355000
252.077	7.355000
252.077	6.941000
252.354	6.941000
252.354	7.672000
252.631	7.672000
252.631	7.346000
252.879	7.346000
252.879	7.289000
253.127	7.289000
253.127	7.758000
253.375	7.758000
253.375	7.347000
253.642	7.347000
253.642	7.203000
253.909	7.203000
253.909	7.413000
254.176	7.413000
254.176	5.474000
254.481	5.474000
254.481	5.309000
254.787	5.309000
254.787	6.078000
255.093	6.078000
255.093	6.926000
255.36	6.926000
255.36	7.536000
255.627	7.536000
255.627	7.625000
255.894	7.625000
255.894	7.533000
256.194	7.533000
256.194	6.999000
256.494	6.999000
256.494	7.604000
256.794	7.604000
256.794	7.625000
257.06	7.625000
257.06	7.627000
257.326	7.627000
257.326	7.447000
257.592	7.447000
257.592	6.607000
257.899	6.607000
257.899	6.166000
258.206	6.166000
258.206	6.497000
258.513	6.497000
258.513	7.171000
258.85	7.171000
258.85	6.637000
259.187	6.637000
259.187	7.629000
259.524	7.629000
259.524	6.831000
259.795	6.831000
259.795	7.657000
260.066	7.657000
260.066	7.218000
260.336	7.218000
260.336	7.884000
260.603	7.884000
260.603	7.612000
260.871	7.612000
260.871	8.004000
261.139	8.004000
261.139	5.659000
261.431	5.659000
261.431	6.122000
261.723	6.122000
261.723	6.787000
262.015	6.787000
262.015	6.946000
262.296	6.946000
262.296	6.935000
262.578	6.935000
262.578	6.808000
262.86	6.808000
262.86	7.219000
263.137	7.219000
263.137	7.148000
263.413	7.148000
263.413	7.430000
263.69	7.430000
263.69	7.460000
263.965	7.460000
263.965	6.836000
264.24	6.836000
264.24	6.921000
264.515	6.921000
264.515	6.946000
264.819	6.946000
264.819	7.283000
265.123	7.283000
265.123	7.090000
265.427	7.090000
265.427	7.113000
265.709	7.113000
265.709	7.219000
265.991	7.219000
265.991	7.039000
266.273	7.039000
266.273	7.627000
266.565	7.627000
266.565	7.989000
266.856	7.989000
266.856	7.510000
267.148	7.510000
267.148	7.249000
267.408	7.249000
267.408	7.618000
267.669	7.618000
267.669	7.653000
267.93	7.653000
267.93	6.474000
268.228	6.474000
268.228	6.556000
268.526	6.556000
268.526	6.936000
268.824	6.936000
268.824	5.862000
269.118	5.862000
269.118	5.992000
269.412	5.992000
269.412	6.065000
269.706	6.065000
269.706	6.863000
270.003	6.863000
270.003	7.317000
270.3	7.317000
270.3	7.501000
270.597	7.501000
270.597	5.989000
270.913	5.989000
270.913	6.011000
271.229	6.011000
271.229	5.366000
271.545	5.366000
271.545	7.750000
271.821	7.750000
271.821	7.537000
272.097	7.537000
272.097	7.556000
272.373	7.556000
272.373	6.631000
272.684	6.631000
272.684	6.561000
272.995	6.561000
272.995	6.586000
273.306	6.586000
273.306	7.173000
273.584	7.173000
273.584	7.310000
273.862	7.310000
273.862	7.369000
274.14	7.369000
274.14	5.040000
274.484	5.040000
274.484	4.713000
274.828	4.713000
274.828	5.127000
275.172	5.127000
275.172	8.067000
275.441	8.067000
275.441	7.753000
275.71	7.753000
275.71	7.864000
275.979	7.864000
275.979	6.159000
276.28	6.159000
276.28	6.268000
276.581	6.268000
276.581	5.828000
276.882	5.828000
276.882	7.442000
277.156	7.442000
277.156	7.146000
277.43	7.146000
277.43	6.898000
277.704	6.898000
277.704	4.662000
278.042	4.662000
278.042	4.442000
278.38	4.442000
278.38	4.527000
278.718	4.527000
278.718	6.644000
278.983	6.644000
278.983	6.019000
279.248	6.019000
279.248	6.328000
279.513	6.328000
279.513	7.323000
279.762	7.323000
279.762	7.129000
280.012	7.129000
280.012	7.700000
280.262	7.700000
280.262	6.313000
280.591	6.313000
280.591	6.228000
280.92	6.228000
280.92	6.181000
281.249	6.181000
281.249	5.064000
281.548	5.064000
281.548	4.868000
281.847	4.868000
281.847	4.946000
282.146	4.946000
282.146	7.869000
282.435	7.869000
282.435	7.225000
282.724	7.225000
282.724	8.062000
283.013	8.062000
283.013	7.813000
283.275	7.813000
283.275	7.326000
283.537	7.326000
283.537	7.107000
283.799	7.107000
283.799	6.283000
284.113	6.283000
284.113	5.987000
284.427	5.987000
284.427	5.925000
284.741	5.925000
284.741	6.833000
285.05	6.833000
285.05	6.970000
285.359	6.970000
285.359	7.395000
285.668	7.395000
285.668	7.662000
285.933	7.662000
285.933	7.051000
286.198	7.051000
286.198	7.280000
286.463	7.280000
286.463	7.511000
286.701	7.511000
286.701	7.160000
286.939	7.160000
286.939	7.837000
287.177	7.837000
287.177	7.755000
287.4	7.755000
287.4	7.880000
287.623	7.880000
287.623	7.410000
287.846	7.410000
287.846	5.314000
288.164	5.314000
288.164	5.610000
288.482	5.610000
288.482	5.787000
288.8	5.787000
288.8	7.122000
289.04	7.122000
289.04	7.354000
289.28	7.354000
289.28	7.015000
289.52	7.015000
289.52	9.125000
289.797	9.125000
289.797	9.259000
290.074	9.259000
290.074	8.575000
290.351	8.575000
290.351	7.028000
290.66	7.028000
290.66	7.361000
290.969	7.361000
290.969	7.860000
291.278	7.860000
291.278	9.334000
291.627	9.334000
291.627	8.290000
291.878	8.290000
291.878	7.770000
292.13	7.770000
292.13	7.968000
292.382	7.968000
292.382	7.642000
292.646	7.642000
292.646	7.154000
292.91	7.154000
292.91	7.132000
293.174	7.132000
293.174	8.147000
293.441	8.147000
293.441	8.182000
293.707	8.182000
293.707	7.676000
293.974	7.676000
293.974	8.314000
294.23	8.314000
294.23	8.712000
294.485	8.712000
294.485	7.722000
294.741	7.722000
294.741	5.723000
295.061	5.723000
295.061	5.758000
295.381	5.758000
295.381	5.315000
295.701	5.315000
295.701	7.731000
295.976	7.731000
295.976	7.773000
296.25	7.773000
296.25	7.529000
296.525	7.529000
296.525	7.044000
296.842	7.044000
296.842	7.024000
297.16	7.024000
297.16	6.959000
297.478	6.959000
297.478	7.210000
297.737	7.210000
297.737	7.631000
297.995	7.631000
297.995	6.939000
298.254	6.939000
298.254	5.592000
298.543	5.592000
298.543	5.782000
298.832	5.782000
298.832	6.220000
299.121	6.220000
299.121	7.273000
299.373	7.273000
299.373	6.873000
299.625	6.873000
299.625	7.016000
299.877	7.016000
299.877	6.342000
300.152	6.342000
300.152	6.022000
300.427	6.022000
300.427	6.113000
300.702	6.113000
300.702	8.861000
300.92	8.861000
300.92	8.702000
301.14	8.702000
301.14	7.903000
301.36	7.903000
301.36	4.962000
301.659	4.962000
301.659	5.181000
301.958	5.181000
301.958	5.582000
302.258	5.582000
302.258	5.806000
302.573	5.806000
302.573	5.665000
302.887	5.665000
302.887	5.905000
303.202	5.905000
303.202	8.202000
303.456	8.202000
303.456	8.009000
303.71	8.009000
303.71	7.485000
303.964	7.485000
303.964	7.696000
304.243	7.696000
304.243	7.609000
304.521	7.609000
304.521	7.725000
304.8	7.725000
304.8	7.441000
305.062	7.441000
305.062	7.497000
305.323	7.497000
305.323	7.554000
305.585	7.554000
305.585	7.335000
305.885	7.335000
305.885	7.413000
306.185	7.413000
306.185	7.743000
306.485	7.743000
306.485	6.595000
306.785	6.595000
306.785	6.369000
307.085	6.369000
307.085	7.012000
307.385	7.012000
307.385	7.210000
307.668	7.210000
307.668	7.744000
307.949	7.744000
307.949	7.749000
308.232	7.749000
308.232	7.667000
308.504	7.667000
308.504	8.107000
308.776	8.107000
308.776	7.843000
309.048	7.843000
309.048	7.618000
309.32	7.618000
309.32	7.424000
309.592	7.424000
309.592	7.779000
309.864	7.779000
309.864	7.233000
310.171	7.233000
310.171	7.365000
310.478	7.365000
310.478	7.409000
310.786	7.409000
310.786	6.269000
311.083	6.269000
311.083	6.113000
311.38	6.113000
311.38	7.545000
311.677	7.545000
311.677	7.551000
311.932	7.551000
311.932	7.689000
312.187	7.689000
312.187	6.932000
312.442	6.932000
312.442	6.558000
312.773	6.558000
312.773	6.257000
313.105	6.257000
313.105	6.344000
313.437	6.344000
313.437	8.013000
313.688	8.013000
313.688	8.163000
313.94	8.163000
313.94	8.074000
314.192	8.074000
314.192	6.942000
314.509	6.942000
314.509	6.983000
314.825	6.983000
314.825	6.223000
315.141	6.223000
315.141	4.618000
315.466	4.618000
315.466	4.562000
315.791	4.562000
315.791	5.887000
316.114	5.887000
316.114	8.038000
316.413	8.038000
316.413	7.953000
316.713	7.953000
316.713	7.704000
317.013	7.704000
317.013	8.103000
317.29	8.103000
317.29	7.661000
317.567	7.661000
317.567	8.219000
317.844	8.219000
317.844	7.813000
318.119	7.813000
318.119	7.888000
318.395	7.888000
318.395	7.909000
318.671	7.909000
318.671	8.133000
318.966	8.133000
318.966	7.998000
319.261	7.998000
319.261	7.732000
319.556	7.732000
319.556	5.996000
319.843	5.996000
319.843	6.015000
320.13	6.015000
320.13	6.254000
320.418	6.254000
320.418	5.290000
320.733	5.290000
320.733	5.006000
321.048	5.006000
321.048	6.249000
321.363	6.249000
321.363	8.876000
321.636	8.876000
321.636	8.302000
321.908	8.302000
321.908	7.378000
322.181	7.378000
322.181	6.221000
322.506	6.221000
322.506	6.062000
322.831	6.062000
322.831	6.886000
323.155	6.886000
323.155	7.835000
323.412	7.835000
323.412	7.799000
323.669	7.799000
323.669	7.450000
323.925	7.450000
323.925	8.279000
324.182	8.279000
324.182	8.592000
324.442	8.592000
324.442	7.847000
324.703	7.847000
324.703	8.017000
324.997	8.017000
324.997	7.709000
325.291	7.709000
325.291	8.969000
325.584	8.969000
325.584	7.773000
325.856	7.773000
325.856	8.000000
326.128	8.000000
326.128	7.815000
326.4	7.815000
326.4	7.358000
326.735	7.358000
326.735	7.174000
327.07	7.174000
327.07	6.310000
327.405	6.310000
