0.0	9.797000
0.353	9.797000
0.353	9.622000
0.706	9.622000
0.706	9.626000
1.059	9.626000
1.059	9.751000
1.412	9.751000
1.412	9.727000
1.764	9.727000
1.764	9.651000
2.117	9.651000
2.117	9.214000
2.47	9.214000
2.47	9.140000
2.823	9.140000
2.823	9.160000
3.176	9.160000
3.176	7.998000
3.529	7.998000
3.529	7.965000
3.882	7.965000
3.882	7.684000
4.235	7.684000
4.235	8.870000
4.588	8.870000
4.588	8.901000
4.94	8.901000
4.94	8.904000
5.293	8.904000
5.293	7.187000
5.646	7.187000
5.646	7.301000
5.998	7.301000
5.998	7.263000
6.351	7.263000
6.351	8.247000
6.704	8.247000
6.704	8.424000
7.056	8.424000
7.056	8.368000
7.409	8.368000
7.409	8.205000
7.762	8.205000
7.762	8.365000
8.115	8.365000
8.115	8.202000
8.468	8.202000
8.468	6.844000
8.821	6.844000
8.821	7.182000
9.174	7.182000
9.174	7.008000
9.527	7.008000
9.527	7.730000
9.88	7.730000
9.88	7.610000
10.233	7.610000
10.233	7.700000
10.586	7.700000
10.586	8.531000
10.939	8.531000
10.939	8.542000
11.291	8.542000
11.291	8.456000
11.644	8.456000
11.644	8.880000
11.997	8.880000
11.997	8.752000
12.35	8.752000
12.35	8.605000
12.703	8.605000
12.703	8.310000
13.056	8.310000
13.056	8.463000
13.409	8.463000
13.409	8.443000
13.762	8.443000
13.762	7.111000
14.115	7.111000
14.115	7.278000
14.468	7.278000
14.468	7.178000
14.821	7.178000
14.821	8.138000
15.174	8.138000
15.174	8.225000
15.527	8.225000
15.527	8.294000
15.88	8.294000
15.88	9.867000
16.233	9.867000
16.233	9.826000
16.586	9.826000
16.586	7.095000
16.939	7.095000
16.939	7.083000
17.292	7.083000
17.292	6.732000
17.645	6.732000
17.645	9.111000
17.998	9.111000
17.998	9.088000
18.351	9.088000
18.351	9.178000
18.704	9.178000
18.704	8.531000
19.057	8.531000
19.057	8.347000
19.41	8.347000
19.41	8.354000
19.763	8.354000
19.763	9.015000
20.116	9.015000
20.116	9.152000
20.468	9.152000
20.468	8.884000
20.821	8.884000
20.821	8.380000
21.174	8.380000
21.174	8.296000
21.527	8.296000
21.527	8.417000
21.88	8.417000
21.88	7.816000
22.233	7.816000
22.233	7.729000
22.586	7.729000
22.586	7.703000
22.939	7.703000
22.939	8.083000
23.292	8.083000
23.292	8.076000
23.644	8.076000
23.644	7.836000
23.997	7.836000
23.997	6.285000
24.35	6.285000
24.35	6.285000
24.703	6.285000
24.703	6.147000
25.056	6.147000
25.056	9.722000
25.409	9.722000
25.409	9.931000
25.761	9.931000
25.761	9.590000
26.114	9.590000
26.114	7.442000
26.467	7.442000
26.467	7.496000
26.82	7.496000
26.82	7.259000
27.173	7.259000
27.173	6.874000
27.526	6.874000
27.526	6.892000
27.877	6.892000
27.877	6.692000
28.23	6.692000
28.23	8.246000
28.583	8.246000
28.583	8.195000
28.936	8.195000
28.936	8.217000
29.289	8.217000
29.289	8.475000
29.642	8.475000
29.642	8.385000
29.995	8.385000
29.995	8.471000
30.348	8.471000
30.348	7.464000
30.701	7.464000
30.701	7.188000
31.053	7.188000
31.053	6.988000
31.406	6.988000
31.406	8.893000
31.759	8.893000
31.759	8.858000
32.112	8.858000
32.112	8.941000
32.465	8.941000
32.465	9.532000
32.818	9.532000
32.818	9.534000
33.17	9.534000
33.17	9.386000
33.523	9.386000
33.523	7.217000
33.878	7.217000
33.878	7.284000
34.233	7.284000
34.233	7.434000
34.588	7.434000
34.588	7.627000
34.941	7.627000
34.941	7.946000
35.294	7.946000
35.294	7.629000
35.647	7.629000
35.647	9.750000
36.0	9.750000
36.0	9.776000
36.353	9.776000
36.353	9.725000
36.704	9.725000
36.704	8.131000
37.055	8.131000
37.055	7.805000
37.406	7.805000
37.406	7.785000
37.759	7.785000
37.759	8.631000
38.112	8.631000
38.112	8.533000
38.465	8.533000
38.465	8.300000
38.817	8.300000
38.817	8.638000
39.17	8.638000
39.17	8.596000
39.522	8.596000
39.522	8.684000
39.875	8.684000
39.875	8.028000
40.228	8.028000
40.228	7.857000
40.581	7.857000
40.581	7.443000
40.934	7.443000
40.934	8.660000
41.287	8.660000
41.287	8.700000
41.639	8.700000
41.639	8.699000
41.992	8.699000
41.992	7.641000
42.345	7.641000
42.345	7.574000
42.698	7.574000
42.698	7.658000
43.05	7.658000
43.05	9.998000
43.403	9.998000
43.403	9.243000
43.756	9.243000
43.756	9.422000
44.108	9.422000
44.108	9.285000
44.461	9.285000
44.461	7.415000
44.814	7.415000
44.814	7.321000
45.166	7.321000
45.166	7.120000
45.519	7.120000
45.519	7.756000
45.872	7.756000
45.872	7.964000
46.225	7.964000
46.225	7.948000
46.578	7.948000
46.578	8.818000
46.89	8.818000
46.89	8.976000
47.202	8.976000
47.202	8.893000
47.514	8.893000
47.514	9.298000
47.866	9.298000
47.866	9.186000
48.218	9.186000
48.218	8.966000
48.571	8.966000
48.571	9.968000
48.924	9.968000
48.924	9.892000
49.277	9.892000
49.277	9.811000
49.629	9.811000
49.629	7.768000
49.981	7.768000
49.981	7.724000
50.334	7.724000
50.334	7.793000
50.686	7.793000
50.686	8.593000
50.998	8.593000
50.998	8.807000
51.31	8.807000
51.31	8.549000
51.622	8.549000
51.622	7.797000
51.975	7.797000
51.975	7.805000
52.328	7.805000
52.328	7.711000
52.68	7.711000
52.68	8.159000
53.032	8.159000
53.032	8.060000
53.385	8.060000
53.385	7.993000
53.738	7.993000
53.738	8.176000
54.05	8.176000
54.05	8.416000
54.362	8.416000
54.362	8.086000
54.674	8.086000
54.674	7.231000
55.027	7.231000
55.027	7.225000
55.38	7.225000
55.38	6.923000
55.733	6.923000
55.733	9.298000
56.086	9.298000
56.086	9.470000
56.439	9.470000
56.439	9.418000
56.792	9.418000
56.792	9.759000
57.145	9.759000
57.145	9.698000
57.498	9.698000
57.498	9.669000
57.851	9.669000
57.851	7.744000
58.204	7.744000
58.204	7.916000
58.557	7.916000
58.557	7.699000
58.91	7.699000
58.91	8.620000
59.263	8.620000
59.263	8.765000
59.616	8.765000
59.616	8.632000
59.969	8.632000
59.969	9.581000
60.322	9.581000
60.322	9.687000
60.674	9.687000
60.674	9.541000
61.027	9.541000
61.027	8.363000
61.378	8.363000
61.378	8.360000
61.729	8.360000
61.729	8.232000
62.081	8.232000
62.081	8.620000
62.434	8.620000
62.434	8.698000
62.787	8.698000
62.787	8.676000
63.139	8.676000
63.139	9.501000
63.492	9.501000
63.492	9.500000
63.843	9.500000
63.843	9.547000
64.196	9.547000
64.196	7.846000
64.549	7.846000
64.549	7.944000
64.902	7.944000
64.902	7.731000
65.255	7.731000
65.255	8.865000
65.608	8.865000
65.608	8.928000
65.961	8.928000
65.961	8.754000
66.314	8.754000
66.314	8.027000
66.667	8.027000
66.667	7.958000
67.02	7.958000
67.02	7.858000
67.373	7.858000
67.373	7.147000
67.725	7.147000
67.725	7.123000
68.076	7.123000
68.076	6.983000
68.428	6.983000
68.428	7.437000
68.781	7.437000
68.781	7.221000
69.134	7.221000
69.134	6.995000
69.487	6.995000
69.487	8.698000
69.84	8.698000
69.84	8.877000
70.192	8.877000
70.192	8.932000
70.545	8.932000
70.545	7.940000
70.898	7.940000
70.898	8.134000
71.251	8.134000
71.251	7.919000
71.604	7.919000
71.604	8.277000
71.957	8.277000
71.957	8.382000
72.31	8.382000
72.31	8.182000
72.663	8.182000
72.663	8.904000
73.016	8.904000
73.016	8.796000
73.369	8.796000
73.369	8.618000
73.722	8.618000
73.722	7.237000
74.074	7.237000
74.074	7.303000
74.426	7.303000
74.426	7.174000
74.778	7.174000
74.778	9.244000
75.131	9.244000
75.131	9.359000
75.484	9.359000
75.484	8.886000
75.837	8.886000
75.837	6.497000
76.189	6.497000
76.189	6.642000
76.541	6.642000
76.541	6.408000
76.893	6.408000
76.893	6.497000
77.246	6.497000
77.246	6.528000
77.599	6.528000
77.599	6.650000
77.952	6.650000
77.952	9.215000
78.305	9.215000
78.305	9.209000
78.658	9.209000
78.658	9.097000
79.011	9.097000
79.011	8.030000
79.364	8.030000
79.364	8.135000
79.717	8.135000
79.717	7.955000
80.07	7.955000
80.07	9.536000
80.423	9.536000
80.423	9.585000
80.776	9.585000
80.776	9.528000
81.128	9.528000
81.128	7.707000
81.48	7.707000
81.48	7.617000
81.833	7.617000
81.833	7.641000
82.186	7.641000
82.186	8.961000
82.539	8.961000
82.539	8.917000
82.892	8.917000
82.892	8.779000
83.245	8.779000
83.245	7.321000
83.598	7.321000
83.598	7.759000
83.95	7.759000
83.95	7.216000
84.303	7.216000
84.303	7.560000
84.656	7.560000
84.656	7.696000
85.009	7.696000
85.009	7.392000
85.362	7.392000
85.362	6.713000
85.715	6.713000
85.715	6.978000
86.066	6.978000
86.066	6.564000
86.419	6.564000
86.419	8.825000
86.772	8.825000
86.772	8.788000
87.125	8.788000
87.125	8.702000
87.478	8.702000
87.478	8.750000
87.832	8.750000
87.832	8.870000
88.183	8.870000
88.183	8.649000
88.537	8.649000
88.537	8.454000
88.888	8.454000
88.888	8.364000
89.238	8.364000
89.238	8.355000
89.591	8.355000
89.591	8.618000
89.944	8.618000
89.944	8.596000
90.297	8.596000
90.297	8.495000
90.649	8.495000
90.649	9.486000
91.002	9.486000
91.002	9.600000
91.355	9.600000
91.355	9.397000
91.708	9.397000
91.708	7.659000
92.061	7.659000
92.061	7.711000
92.413	7.711000
92.413	7.357000
92.766	7.357000
92.766	8.300000
93.118	8.300000
93.118	8.258000
93.471	8.258000
93.471	8.129000
93.823	8.129000
93.823	8.517000
94.176	8.517000
94.176	8.580000
94.529	8.580000
94.529	8.499000
94.882	8.499000
94.882	9.138000
95.235	9.138000
95.235	9.200000
95.588	9.200000
95.588	9.097000
95.941	9.097000
95.941	9.938000
96.294	9.938000
96.294	8.598000
96.647	8.598000
96.647	8.631000
97.0	8.631000
97.0	8.454000
97.353	8.454000
97.353	8.125000
97.706	8.125000
97.706	8.195000
98.058	8.195000
98.058	7.886000
98.411	7.886000
98.411	8.002000
98.764	8.002000
98.764	7.962000
99.117	7.962000
99.117	7.564000
99.47	7.564000
99.47	8.638000
99.823	8.638000
99.823	8.633000
100.175	8.633000
100.175	8.440000
100.528	8.440000
100.528	9.097000
100.881	9.097000
100.881	9.133000
101.234	9.133000
101.234	9.152000
101.587	9.152000
101.587	7.243000
101.94	7.243000
101.94	7.417000
102.292	7.417000
102.292	7.149000
102.645	7.149000
102.645	7.851000
102.998	7.851000
102.998	7.684000
103.351	7.684000
103.351	7.556000
103.704	7.556000
103.704	9.123000
104.057	9.123000
104.057	9.246000
104.41	9.246000
104.41	9.118000
104.763	9.118000
104.763	8.039000
105.116	8.039000
105.116	8.029000
105.468	8.029000
105.468	8.020000
105.82	8.020000
105.82	7.673000
106.173	7.673000
106.173	7.755000
106.526	7.755000
106.526	7.652000
106.879	7.652000
106.879	9.213000
107.191	9.213000
107.191	9.095000
107.503	9.095000
107.503	9.062000
107.815	9.062000
107.815	9.135000
108.168	9.135000
108.168	9.288000
108.52	9.288000
108.52	9.111000
108.873	9.111000
108.873	8.888000
109.218	8.888000
109.218	8.775000
109.563	8.775000
109.563	8.710000
109.908	8.710000
109.908	8.957000
110.261	8.957000
110.261	8.904000
110.614	8.904000
110.614	8.962000
110.967	8.962000
110.967	7.729000
111.278	7.729000
111.278	7.571000
111.59	7.571000
111.59	7.509000
111.902	7.509000
111.902	9.735000
112.255	9.735000
112.255	9.765000
112.608	9.765000
112.608	9.524000
112.961	9.524000
112.961	7.163000
113.314	7.163000
113.314	6.949000
113.667	6.949000
113.667	7.033000
114.02	7.033000
114.02	7.598000
114.373	7.598000
114.373	7.811000
114.725	7.811000
114.725	7.711000
115.078	7.711000
115.078	7.238000
115.431	7.238000
115.431	6.756000
115.784	6.756000
115.784	6.750000
116.137	6.750000
116.137	7.390000
116.49	7.390000
116.49	7.276000
116.843	7.276000
116.843	7.272000
117.195	7.272000
117.195	7.491000
117.548	7.491000
117.548	7.405000
117.901	7.405000
117.901	7.359000
118.254	7.359000
118.254	8.518000
118.607	8.518000
118.607	8.328000
118.96	8.328000
118.96	8.503000
119.313	8.503000
119.313	8.482000
119.666	8.482000
119.666	8.337000
120.018	8.337000
120.018	8.260000
120.371	8.260000
120.371	8.803000
120.723	8.803000
120.723	8.720000
121.075	8.720000
121.075	8.805000
121.427	8.805000
121.427	8.154000
121.78	8.154000
121.78	8.273000
122.133	8.273000
122.133	8.103000
122.486	8.103000
122.486	8.591000
122.839	8.591000
122.839	8.650000
123.192	8.650000
123.192	8.402000
123.545	8.402000
123.545	9.138000
123.898	9.138000
123.898	9.025000
124.251	9.025000
124.251	9.125000
124.604	9.125000
124.604	9.031000
124.916	9.031000
124.916	8.742000
125.228	8.742000
125.228	8.853000
125.54	8.853000
125.54	8.689000
125.893	8.689000
125.893	8.703000
126.246	8.703000
126.246	8.484000
126.599	8.484000
126.599	7.397000
126.952	7.397000
126.952	7.128000
127.305	7.128000
127.305	7.292000
127.658	7.292000
127.658	6.588000
128.011	6.588000
128.011	6.661000
128.364	6.661000
128.364	6.695000
128.717	6.695000
128.717	7.981000
129.07	7.981000
129.07	7.941000
129.423	7.941000
129.423	7.853000
129.776	7.853000
129.776	7.497000
130.129	7.497000
130.129	7.490000
130.482	7.490000
130.482	7.456000
130.834	7.456000
130.834	8.033000
131.187	8.033000
131.187	8.050000
131.54	8.050000
131.54	8.181000
131.893	8.181000
131.893	7.310000
132.246	7.310000
132.246	7.368000
132.599	7.368000
132.599	7.346000
132.952	7.346000
132.952	9.856000
133.305	9.856000
133.305	9.508000
133.658	9.508000
133.658	9.492000
134.01	9.492000
134.01	8.640000
134.363	8.640000
134.363	8.625000
134.716	8.625000
134.716	8.683000
135.069	8.683000
135.069	9.642000
135.422	9.642000
135.422	9.602000
135.775	9.602000
135.775	9.528000
136.128	9.528000
136.128	7.967000
136.48	7.967000
136.48	7.915000
136.832	7.915000
136.832	7.790000
137.184	7.790000
137.184	7.115000
137.537	7.115000
137.537	7.268000
137.89	7.268000
137.89	7.214000
138.243	7.214000
138.243	9.968000
138.596	9.968000
138.596	7.354000
138.949	7.354000
138.949	7.468000
139.302	7.468000
139.302	7.050000
139.655	7.050000
139.655	7.401000
140.008	7.401000
140.008	7.488000
140.361	7.488000
140.361	7.405000
140.714	7.405000
140.714	9.410000
141.068	9.410000
141.068	9.469000
141.422	9.469000
141.422	9.515000
141.775	9.515000
141.775	8.064000
142.128	8.064000
142.128	8.316000
142.48	8.316000
142.48	8.261000
142.833	8.261000
142.833	8.669000
143.186	8.669000
143.186	8.415000
143.539	8.415000
143.539	8.450000
143.89	8.450000
143.89	7.256000
144.243	7.256000
144.243	7.291000
144.595	7.291000
144.595	7.119000
144.948	7.119000
144.948	8.998000
145.26	8.998000
145.26	8.894000
145.572	8.894000
145.572	8.861000
145.884	8.861000
145.884	8.406000
146.236	8.406000
146.236	8.289000
146.589	8.289000
146.589	8.361000
146.942	8.361000
146.942	8.858000
147.295	8.858000
147.295	8.852000
147.647	8.852000
147.647	8.751000
148.0	8.751000
148.0	6.642000
148.353	6.642000
148.353	6.577000
148.706	6.577000
148.706	6.567000
149.059	6.567000
149.059	9.768000
149.412	9.768000
149.412	9.611000
149.765	9.611000
149.765	9.737000
150.117	9.737000
150.117	2.929000
150.587	2.929000
150.587	2.816000
151.061	2.816000
151.061	2.858000
151.527	2.858000
151.527	1.907000
151.801	1.907000
151.801	1.943000
152.092	1.943000
152.092	1.822000
152.367	1.822000
152.367	2.252000
152.684	2.252000
152.684	2.534000
153.019	2.534000
153.019	2.627000
153.337	2.627000
153.337	1.598000
153.73	1.598000
153.73	1.585000
154.127	1.585000
154.127	1.604000
154.518	1.604000
154.518	1.632000
154.806	1.632000
154.806	1.640000
155.094	1.640000
155.094	1.523000
155.389	1.523000
155.389	1.689000
155.811	1.689000
155.811	1.831000
156.23	1.831000
156.23	1.677000
156.642	1.677000
156.642	7.395000
156.954	7.395000
156.954	7.257000
157.266	7.257000
157.266	7.263000
157.578	7.263000
157.578	7.731000
157.931	7.731000
157.931	7.734000
158.284	7.734000
158.284	7.574000
158.635	7.574000
158.635	9.186000
158.989	9.186000
158.989	9.394000
159.343	9.394000
159.343	9.138000
159.697	9.138000
159.697	7.062000
160.05	7.062000
160.05	6.910000
160.403	6.910000
160.403	7.042000
160.756	7.042000
160.756	6.328000
161.109	6.328000
161.109	6.397000
161.462	6.397000
161.462	6.319000
161.814	6.319000
161.814	8.113000
162.167	8.113000
162.167	8.023000
162.52	8.023000
162.52	8.048000
162.873	8.048000
162.873	8.131000
163.226	8.131000
163.226	7.990000
163.579	7.990000
163.579	8.004000
163.932	8.004000
163.932	7.703000
164.285	7.703000
164.285	7.804000
164.637	7.804000
164.637	7.609000
164.99	7.609000
164.99	8.794000
165.343	8.794000
165.343	8.351000
165.696	8.351000
165.696	8.400000
166.048	8.400000
166.048	7.973000
166.401	7.973000
166.401	7.917000
166.754	7.917000
166.754	7.919000
167.107	7.919000
167.107	8.514000
167.459	8.514000
167.459	8.351000
167.812	8.351000
167.812	8.273000
168.165	8.273000
168.165	7.447000
168.518	7.447000
168.518	7.586000
168.871	7.586000
168.871	7.686000
169.224	7.686000
169.224	9.430000
169.577	9.430000
169.577	9.344000
169.93	9.344000
169.93	9.256000
170.283	9.256000
170.283	8.217000
170.636	8.217000
170.636	8.332000
170.987	8.332000
170.987	8.092000
171.34	8.092000
171.34	7.874000
171.693	7.874000
171.693	7.975000
172.046	7.975000
172.046	7.920000
172.399	7.920000
172.399	9.143000
172.752	9.143000
172.752	9.189000
173.105	9.189000
173.105	8.999000
173.458	8.999000
173.458	8.938000
173.811	8.938000
173.811	9.077000
174.164	9.077000
174.164	8.819000
174.517	8.819000
174.517	7.562000
174.869	7.562000
174.869	7.553000
175.222	7.553000
175.222	7.737000
175.575	7.737000
175.575	8.158000
175.928	8.158000
175.928	7.816000
176.281	7.816000
176.281	8.160000
176.633	8.160000
176.633	8.944000
176.986	8.944000
176.986	8.816000
177.339	8.816000
177.339	8.751000
177.692	8.751000
177.692	8.710000
178.045	8.710000
178.045	8.857000
178.398	8.857000
178.398	8.797000
178.751	8.797000
178.751	7.963000
179.104	7.963000
179.104	7.879000
179.457	7.879000
179.457	8.067000
179.809	8.067000
179.809	7.405000
180.162	7.405000
180.162	7.425000
180.515	7.425000
180.515	7.490000
180.868	7.490000
180.868	8.942000
181.22	8.942000
181.22	8.999000
181.573	8.999000
181.573	9.144000
181.926	9.144000
181.926	9.912000
182.279	9.912000
182.279	7.165000
182.632	7.165000
182.632	7.089000
182.985	7.089000
182.985	7.254000
183.338	7.254000
183.338	9.257000
183.69	9.257000
183.69	9.253000
184.042	9.253000
184.042	9.483000
184.395	9.483000
184.395	8.315000
184.748	8.315000
184.748	8.018000
185.101	8.018000
185.101	8.167000
185.454	8.167000
185.454	9.015000
185.807	9.015000
185.807	8.865000
186.16	8.865000
186.16	8.963000
186.513	8.963000
186.513	9.229000
186.866	9.229000
186.866	9.113000
187.219	9.113000
187.219	9.323000
187.571	9.323000
187.571	8.243000
187.924	8.243000
187.924	8.264000
188.277	8.264000
188.277	8.449000
188.63	8.449000
188.63	9.975000
188.983	9.975000
188.983	9.990000
189.336	9.990000
189.336	9.563000
189.688	9.563000
189.688	9.610000
190.04	9.610000
190.04	9.598000
190.393	9.598000
190.393	7.971000
190.745	7.971000
190.745	8.098000
191.098	8.098000
191.098	8.068000
191.45	8.068000
191.45	8.091000
191.803	8.091000
191.803	8.111000
192.156	8.111000
192.156	8.057000
192.509	8.057000
192.509	7.548000
192.861	7.548000
192.861	7.466000
193.214	7.466000
193.214	7.597000
193.567	7.597000
193.567	9.628000
193.92	9.628000
193.92	9.561000
194.273	9.561000
194.273	9.597000
194.625	9.597000
194.625	9.590000
194.978	9.590000
194.978	9.775000
195.331	9.775000
195.331	9.585000
195.684	9.585000
195.684	8.079000
196.037	8.079000
196.037	8.084000
196.39	8.084000
196.39	8.038000
196.743	8.038000
196.743	8.656000
197.096	8.656000
197.096	8.577000
197.449	8.577000
197.449	8.606000
197.802	8.606000
197.802	7.888000
198.155	7.888000
198.155	8.129000
198.508	8.129000
198.508	7.980000
198.861	7.980000
198.861	7.728000
199.214	7.728000
199.214	7.926000
199.567	7.926000
199.567	8.014000
199.92	8.014000
199.92	8.045000
200.273	8.045000
200.273	8.282000
200.626	8.282000
200.626	8.051000
200.978	8.051000
200.978	7.085000
201.331	7.085000
201.331	7.036000
201.684	7.036000
201.684	6.918000
202.037	6.918000
202.037	7.714000
202.39	7.714000
202.39	7.771000
202.743	7.771000
202.743	7.671000
203.096	7.671000
203.096	7.288000
203.449	7.288000
203.449	7.082000
203.802	7.082000
203.802	6.696000
204.155	6.696000
204.155	9.942000
204.508	9.942000
204.508	9.826000
204.861	9.826000
204.861	9.867000
205.214	9.867000
205.214	7.665000
205.566	7.665000
205.566	7.670000
205.918	7.670000
205.918	7.582000
206.27	7.582000
206.27	6.523000
206.622	6.523000
206.622	6.478000
206.975	6.478000
206.975	6.546000
207.328	6.546000
207.328	7.289000
207.681	7.289000
207.681	7.180000
208.034	7.180000
208.034	7.019000
208.387	7.019000
208.387	7.318000
208.74	7.318000
208.74	7.198000
209.093	7.198000
209.093	7.139000
209.446	7.139000
209.446	8.748000
209.799	8.748000
209.799	8.694000
210.151	8.694000
210.151	8.656000
210.504	8.656000
210.504	8.486000
210.857	8.486000
210.857	8.349000
211.21	8.349000
211.21	8.395000
211.563	8.395000
211.563	7.945000
211.915	7.945000
211.915	7.888000
212.268	7.888000
212.268	7.806000
212.621	7.806000
212.621	6.700000
212.974	6.700000
212.974	6.821000
213.327	6.821000
213.327	6.768000
213.68	6.768000
213.68	9.508000
214.032	9.508000
214.032	9.823000
214.385	9.823000
214.385	9.651000
214.738	9.651000
214.738	9.107000
215.09	9.107000
215.09	9.129000
215.443	9.129000
215.443	9.224000
215.796	9.224000
215.796	9.937000
216.149	9.937000
216.149	9.988000
216.502	9.988000
216.502	7.566000
216.855	7.566000
216.855	7.360000
217.208	7.360000
217.208	7.441000
217.561	7.441000
217.561	8.621000
217.914	8.621000
217.914	8.644000
218.266	8.644000
218.266	8.583000
218.619	8.583000
218.619	6.793000
218.972	6.793000
218.972	7.036000
219.324	7.036000
219.324	6.826000
219.677	6.826000
219.677	8.094000
220.03	8.094000
220.03	8.131000
220.383	8.131000
220.383	8.013000
220.736	8.013000
220.736	7.798000
221.089	7.798000
221.089	7.964000
221.442	7.964000
221.442	7.668000
221.795	7.668000
221.795	8.383000
222.148	8.383000
222.148	8.385000
222.499	8.385000
222.499	8.343000
222.852	8.343000
222.852	7.406000
223.205	7.406000
223.205	7.343000
223.558	7.343000
223.558	7.508000
223.911	7.508000
223.911	8.469000
224.264	8.469000
224.264	8.527000
224.617	8.527000
224.617	8.578000
224.97	8.578000
224.97	7.552000
225.323	7.552000
225.323	7.521000
225.676	7.521000
225.676	7.485000
226.029	7.485000
226.029	7.317000
226.382	7.317000
226.382	7.232000
226.735	7.232000
226.735	7.316000
227.088	7.316000
227.088	7.267000
227.441	7.267000
227.441	6.842000
227.794	6.842000
227.794	7.147000
228.146	7.147000
228.146	8.548000
228.498	8.548000
228.498	8.557000
228.851	8.557000
228.851	8.694000
229.204	8.694000
229.204	8.314000
229.557	8.314000
229.557	8.189000
229.91	8.189000
229.91	8.203000
230.263	8.203000
230.263	8.688000
230.616	8.688000
230.616	8.783000
230.969	8.783000
230.969	8.679000
231.322	8.679000
231.322	8.382000
231.672	8.382000
231.672	8.192000
232.023	8.192000
232.023	8.221000
232.372	8.221000
232.372	7.876000
232.725	7.876000
232.725	7.806000
233.078	7.806000
233.078	7.863000
233.431	7.863000
233.431	8.960000
233.784	8.960000
233.784	8.976000
234.136	8.976000
234.136	8.831000
234.489	8.831000
234.489	7.309000
234.842	7.309000
234.842	7.127000
235.195	7.127000
235.195	7.225000
235.548	7.225000
235.548	8.593000
235.901	8.593000
235.901	8.451000
236.254	8.451000
236.254	8.546000
236.607	8.546000
236.607	8.525000
236.96	8.525000
236.96	8.511000
237.313	8.511000
237.313	8.381000
237.665	8.381000
237.665	8.259000
238.018	8.259000
238.018	8.271000
238.371	8.271000
238.371	8.288000
238.724	8.288000
238.724	8.823000
239.077	8.823000
239.077	8.851000
239.43	8.851000
239.43	8.689000
239.783	8.689000
239.783	7.841000
240.136	7.841000
240.136	7.851000
240.489	7.851000
240.489	7.821000
240.842	7.821000
240.842	8.726000
241.195	8.726000
241.195	8.573000
241.548	8.573000
241.548	8.640000
241.901	8.640000
241.901	9.171000
242.254	9.171000
242.254	9.070000
242.607	9.070000
242.607	9.200000
242.96	9.200000
242.96	7.667000
243.313	7.667000
243.313	7.720000
243.666	7.720000
243.666	7.628000
244.019	7.628000
244.019	8.789000
244.372	8.789000
244.372	8.576000
244.725	8.576000
244.725	8.895000
245.078	8.895000
245.078	7.860000
245.431	7.860000
245.431	7.736000
245.784	7.736000
245.784	7.825000
246.137	7.825000
246.137	8.093000
246.49	8.093000
246.49	8.160000
246.843	8.160000
246.843	8.223000
247.196	8.223000
247.196	8.072000
247.54	8.072000
247.54	7.918000
247.885	7.918000
247.885	8.094000
248.232	8.094000
248.232	8.807000
248.585	8.807000
248.585	8.843000
248.938	8.843000
248.938	8.622000
249.291	8.622000
249.291	6.656000
249.603	6.656000
249.603	6.702000
249.915	6.702000
249.915	6.916000
250.227	6.916000
250.227	7.521000
250.539	7.521000
250.539	7.489000
250.851	7.489000
250.851	7.205000
251.163	7.205000
251.163	7.654000
251.516	7.654000
251.516	7.635000
251.869	7.635000
251.869	7.595000
252.222	7.595000
252.222	8.087000
252.575	8.087000
252.575	7.969000
252.928	7.969000
252.928	8.000000
253.281	8.000000
253.281	8.188000
253.634	8.188000
253.634	8.432000
253.987	8.432000
253.987	8.416000
254.34	8.416000
254.34	7.120000
254.693	7.120000
254.693	6.887000
255.046	6.887000
255.046	7.035000
255.399	7.035000
255.399	8.375000
255.752	8.375000
255.752	8.338000
256.105	8.338000
256.105	8.312000
256.458	8.312000
256.458	9.108000
256.811	9.108000
256.811	9.082000
257.164	9.082000
257.164	8.861000
257.517	8.861000
257.517	8.347000
257.869	8.347000
257.869	8.217000
258.222	8.217000
258.222	8.442000
258.575	8.442000
258.575	9.065000
258.887	9.065000
258.887	8.859000
259.199	8.859000
259.199	8.850000
259.511	8.850000
259.511	7.915000
259.864	7.915000
259.864	7.870000
260.217	7.870000
260.217	7.976000
260.569	7.976000
260.569	8.704000
260.922	8.704000
260.922	8.541000
261.275	8.541000
261.275	8.658000
261.628	8.658000
261.628	8.401000
261.94	8.401000
261.94	8.313000
262.251	8.313000
262.251	8.252000
262.563	8.252000
262.563	9.146000
262.916	9.146000
262.916	8.792000
263.269	8.792000
263.269	9.096000
263.622	9.096000
263.622	7.542000
263.975	7.542000
263.975	7.580000
264.328	7.580000
264.328	7.562000
264.681	7.562000
264.681	8.970000
264.993	8.970000
264.993	8.923000
265.305	8.923000
265.305	8.748000
265.617	8.748000
265.617	9.862000
265.97	9.862000
265.97	9.908000
266.323	9.908000
266.323	9.930000
266.676	9.930000
266.676	6.946000
267.029	6.946000
267.029	6.944000
267.382	6.944000
267.382	7.051000
267.735	7.051000
267.735	9.138000
268.088	9.138000
268.088	9.158000
268.441	9.158000
268.441	9.149000
268.794	9.149000
268.794	8.332000
269.148	8.332000
269.148	8.355000
269.502	8.355000
269.502	8.466000
269.856	8.466000
269.856	7.491000
270.209	7.491000
270.209	7.432000
270.562	7.432000
270.562	7.340000
270.915	7.340000
270.915	7.895000
271.269	7.895000
271.269	7.701000
271.623	7.701000
271.623	7.742000
271.977	7.742000
271.977	7.833000
272.331	7.833000
272.331	8.214000
272.685	8.214000
272.685	7.892000
273.039	7.892000
273.039	7.639000
273.393	7.639000
273.393	7.539000
273.747	7.539000
273.747	7.623000
274.101	7.623000
274.101	8.854000
274.455	8.854000
274.455	9.084000
274.808	9.084000
274.808	8.704000
275.162	8.704000
275.162	6.934000
275.515	6.934000
275.515	6.724000
275.869	6.724000
275.869	6.726000
276.223	6.726000
276.223	8.387000
276.575	8.387000
276.575	8.156000
276.928	8.156000
276.928	8.228000
277.281	8.228000
277.281	9.020000
277.635	9.020000
277.635	8.801000
277.989	8.801000
277.989	8.998000
278.343	8.998000
278.343	8.806000
278.696	8.806000
278.696	8.820000
279.05	8.820000
279.05	8.928000
279.404	8.928000
279.404	9.478000
279.758	9.478000
279.758	9.664000
280.112	9.664000
280.112	9.693000
280.466	9.693000
280.466	7.754000
280.819	7.754000
280.819	7.827000
281.172	7.827000
281.172	7.875000
281.525	7.875000
281.525	8.115000
281.879	8.115000
281.879	7.976000
282.233	7.976000
282.233	8.172000
282.587	8.172000
282.587	9.828000
282.941	9.828000
282.941	9.985000
283.295	9.985000
283.295	9.905000
283.649	9.905000
283.649	7.402000
284.001	7.402000
284.001	7.298000
284.354	7.298000
284.354	7.528000
284.707	7.528000
284.707	7.729000
285.061	7.729000
285.061	7.575000
285.414	7.575000
285.414	7.678000
285.768	7.678000
285.768	7.922000
286.122	7.922000
286.122	7.788000
286.476	7.788000
286.476	7.771000
286.83	7.771000
286.83	8.236000
287.184	8.236000
287.184	8.122000
287.538	8.122000
287.538	8.217000
287.892	8.217000
287.892	8.777000
288.246	8.777000
288.246	8.591000
288.6	8.591000
288.6	8.614000
288.953	8.614000
288.953	7.036000
289.307	7.036000
289.307	7.151000
289.661	7.151000
289.661	6.928000
290.015	6.928000
290.015	8.598000
290.368	8.598000
290.368	8.610000
290.721	8.610000
290.721	8.528000
291.074	8.528000
291.074	9.737000
291.428	9.737000
291.428	9.754000
291.782	9.754000
291.782	9.715000
292.136	9.715000
292.136	8.360000
292.49	8.360000
292.49	8.620000
292.844	8.620000
292.844	8.433000
293.198	8.433000
293.198	6.993000
293.551	6.993000
293.551	6.871000
293.904	6.871000
293.904	6.903000
294.257	6.903000
294.257	4.976000
294.61	4.976000
294.61	4.957000
294.964	4.957000
294.964	5.235000
295.318	5.235000
295.318	8.542000
295.671	8.542000
295.671	8.334000
296.024	8.334000
296.024	8.345000
296.377	8.345000
296.377	8.299000
296.731	8.299000
296.731	8.247000
297.085	8.247000
297.085	8.478000
297.439	8.478000
297.439	7.446000
297.793	7.446000
297.793	7.360000
298.147	7.360000
298.147	7.378000
298.501	7.378000
298.501	8.539000
298.852	8.539000
298.852	8.189000
299.203	8.189000
299.203	8.067000
299.554	8.067000
299.554	7.635000
299.907	7.635000
299.907	7.724000
300.26	7.724000
300.26	7.792000
300.613	7.792000
300.613	7.874000
300.967	7.874000
300.967	7.553000
301.321	7.553000
301.321	7.645000
301.675	7.645000
301.675	7.965000
302.028	7.965000
302.028	7.494000
302.382	7.494000
302.382	7.655000
302.736	7.655000
302.736	9.520000
303.09	9.520000
303.09	9.476000
303.444	9.476000
303.444	9.565000
303.798	9.565000
303.798	8.968000
304.152	8.968000
304.152	9.108000
304.505	9.108000
304.505	9.056000
304.859	9.056000
304.859	9.655000
305.213	9.655000
305.213	9.642000
305.567	9.642000
305.567	9.621000
305.921	9.621000
305.921	8.902000
306.274	8.902000
306.274	8.950000
306.628	8.950000
306.628	8.979000
306.982	8.979000
306.982	8.109000
307.336	8.109000
307.336	8.001000
307.69	8.001000
307.69	8.035000
308.044	8.035000
308.044	8.971000
308.398	8.971000
308.398	8.994000
308.752	8.994000
308.752	8.903000
309.106	8.903000
309.106	7.888000
309.459	7.888000
309.459	8.102000
309.812	8.102000
309.812	8.238000
310.165	8.238000
310.165	9.911000
310.519	9.911000
310.519	9.893000
310.873	9.893000
310.873	7.027000
311.225	7.027000
311.225	6.899000
311.577	6.899000
311.577	7.039000
311.929	7.039000
311.929	8.622000
312.283	8.622000
312.283	8.457000
312.637	8.457000
312.637	8.250000
312.99	8.250000
312.99	8.114000
313.344	8.114000
313.344	8.233000
313.698	8.233000
313.698	8.078000
314.052	8.078000
314.052	8.331000
314.406	8.331000
314.406	8.445000
314.76	8.445000
314.76	8.533000
315.114	8.533000
315.114	9.487000
315.468	9.487000
315.468	9.557000
315.822	9.557000
315.822	9.403000
316.175	9.403000
316.175	8.924000
316.528	8.924000
316.528	9.189000
316.88	9.189000
316.88	9.067000
317.233	9.067000
317.233	6.681000
317.586	6.681000
317.586	6.731000
317.939	6.731000
317.939	6.785000
318.291	6.785000
318.291	9.881000
318.645	9.881000
318.645	7.944000
318.998	7.944000
318.998	7.872000
319.351	7.872000
319.351	7.941000
319.704	7.941000
319.704	7.074000
320.058	7.074000
320.058	6.892000
320.412	6.892000
320.412	6.871000
320.766	6.871000
320.766	8.822000
321.12	8.822000
321.12	8.875000
321.474	8.875000
321.474	8.939000
321.828	8.939000
321.828	8.422000
322.18	8.422000
322.18	8.340000
322.533	8.340000
322.533	8.475000
322.886	8.475000
322.886	8.380000
323.24	8.380000
323.24	8.177000
323.594	8.177000
323.594	8.114000
323.948	8.114000
323.948	9.238000
324.302	9.238000
324.302	9.168000
324.656	9.168000
324.656	9.156000
325.01	9.156000
325.01	7.973000
325.363	7.973000
325.363	7.659000
325.717	7.659000
325.717	7.596000
326.071	7.596000
326.071	7.828000
326.425	7.828000
326.425	7.505000
326.779	7.505000
326.779	7.560000
327.133	7.560000
327.133	7.997000
327.485	7.997000
327.485	7.748000
327.838	7.748000
327.838	7.828000
328.191	7.828000
328.191	9.898000
328.545	9.898000
328.545	8.656000
328.899	8.656000
328.899	8.669000
329.253	8.669000
329.253	8.505000
329.607	8.505000
329.607	8.399000
329.961	8.399000
329.961	8.269000
330.315	8.269000
330.315	8.163000
330.669	8.163000
330.669	8.146000
331.024	8.146000
331.024	8.103000
331.379	8.103000
331.379	8.063000
331.734	8.063000
331.734	7.196000
332.087	7.196000
332.087	7.128000
332.44	7.128000
332.44	7.040000
332.793	7.040000
332.793	8.772000
333.147	8.772000
333.147	8.810000
333.501	8.810000
333.501	8.595000
333.855	8.595000
333.855	7.676000
334.207	7.676000
334.207	7.561000
334.56	7.561000
334.56	7.499000
334.913	7.499000
334.913	8.512000
335.267	8.512000
335.267	8.499000
335.621	8.499000
335.621	8.302000
335.975	8.302000
335.975	8.377000
336.329	8.377000
336.329	8.577000
336.683	8.577000
336.683	8.425000
337.037	8.425000
337.037	7.618000
337.39	7.618000
337.39	7.481000
337.744	7.481000
337.744	7.502000
338.098	7.502000
338.098	8.644000
338.452	8.644000
338.452	8.483000
338.806	8.483000
338.806	8.450000
339.159	8.450000
339.159	7.281000
339.512	7.281000
339.512	7.072000
339.865	7.072000
339.865	7.177000
340.218	7.177000
340.218	8.120000
340.572	8.120000
340.572	8.169000
340.926	8.169000
340.926	8.167000
341.28	8.167000
341.28	9.952000
341.634	9.952000
341.634	7.283000
341.988	7.283000
341.988	7.213000
342.342	7.213000
342.342	7.274000
342.696	7.274000
342.696	7.661000
343.049	7.661000
343.049	7.743000
343.402	7.743000
343.402	7.806000
343.755	7.806000
343.755	8.790000
344.109	8.790000
344.109	8.860000
344.462	8.860000
344.462	8.657000
344.816	8.657000
344.816	7.972000
345.169	7.972000
345.169	7.998000
345.522	7.998000
345.522	7.898000
345.875	7.898000
345.875	7.219000
346.228	7.219000
346.228	7.004000
346.581	7.004000
346.581	7.054000
346.934	7.054000
346.934	9.512000
347.288	9.512000
347.288	9.525000
347.642	9.525000
347.642	9.546000
347.996	9.546000
347.996	9.852000
348.35	9.852000
348.35	9.695000
348.704	9.695000
348.704	7.299000
349.056	7.299000
349.056	7.106000
349.409	7.106000
349.409	7.198000
349.762	7.198000
349.762	7.865000
350.116	7.865000
350.116	7.777000
350.47	7.777000
350.47	7.826000
350.824	7.826000
350.824	8.579000
351.177	8.579000
351.177	8.356000
351.53	8.356000
351.53	8.419000
351.883	8.419000
351.883	9.575000
352.237	9.575000
352.237	9.745000
352.59	9.745000
352.59	9.377000
352.944	9.377000
352.944	8.904000
353.298	8.904000
353.298	8.869000
353.651	8.869000
353.651	8.783000
354.005	8.783000
354.005	8.408000
354.358	8.408000
354.358	8.396000
354.712	8.396000
354.712	8.656000
355.066	8.656000
355.066	8.121000
355.42	8.121000
355.42	8.273000
355.774	8.273000
355.774	8.211000
356.128	8.211000
356.128	8.236000
356.481	8.236000
356.481	8.118000
356.835	8.118000
356.835	8.323000
357.188	8.323000
357.188	9.284000
357.542	9.284000
357.542	9.241000
357.895	9.241000
357.895	8.973000
358.249	8.973000
358.249	9.318000
358.609	9.318000
358.609	9.302000
358.968	9.302000
358.968	9.190000
359.328	9.190000
359.328	8.605000
359.682	8.605000
359.682	8.592000
360.036	8.592000
360.036	8.491000
360.389	8.491000
360.389	8.958000
360.742	8.958000
360.742	8.681000
361.095	8.681000
361.095	8.854000
361.448	8.854000
361.448	9.884000
361.801	9.884000
361.801	9.651000
362.154	9.651000
362.154	7.744000
362.508	7.744000
362.508	7.704000
362.862	7.704000
362.862	7.779000
363.216	7.779000
363.216	9.745000
363.57	9.745000
363.57	9.645000
363.924	9.645000
363.924	9.800000
364.278	9.800000
364.278	7.205000
364.631	7.205000
364.631	6.863000
364.984	6.863000
364.984	6.961000
365.337	6.961000
365.337	8.962000
365.691	8.962000
365.691	9.075000
366.045	9.075000
366.045	8.854000
366.399	8.854000
366.399	8.721000
366.753	8.721000
366.753	8.746000
367.107	8.746000
367.107	8.559000
367.461	8.559000
367.461	7.337000
367.814	7.337000
367.814	6.937000
368.166	6.937000
368.166	7.063000
368.519	7.063000
368.519	7.537000
368.873	7.537000
368.873	7.371000
369.227	7.371000
369.227	7.431000
369.581	7.431000
369.581	8.209000
369.934	8.209000
369.934	8.233000
370.287	8.233000
370.287	8.227000
370.64	8.227000
370.64	7.455000
370.994	7.455000
370.994	7.688000
371.347	7.688000
371.347	7.505000
371.701	7.505000
371.701	7.714000
372.054	7.714000
372.054	7.684000
372.407	7.684000
372.407	7.852000
372.76	7.852000
372.76	8.443000
373.114	8.443000
373.114	8.530000
373.467	8.530000
373.467	8.426000
373.821	8.426000
373.821	8.424000
374.175	8.424000
374.175	8.475000
374.529	8.475000
374.529	8.416000
374.883	8.416000
374.883	8.476000
375.235	8.476000
375.235	8.439000
375.588	8.439000
375.588	8.488000
375.941	8.488000
375.941	8.398000
376.295	8.398000
376.295	8.260000
376.649	8.260000
376.649	8.331000
377.003	8.331000
377.003	8.828000
377.357	8.828000
377.357	9.018000
377.711	9.018000
377.711	8.754000
378.065	8.754000
378.065	8.864000
378.418	8.864000
378.418	8.727000
378.771	8.727000
378.771	8.766000
379.124	8.766000
379.124	7.683000
379.478	7.683000
379.478	7.896000
379.832	7.896000
379.832	7.856000
380.184	7.856000
380.184	7.631000
380.538	7.631000
380.538	7.720000
380.891	7.720000
380.891	7.552000
381.245	7.552000
381.245	8.233000
381.598	8.233000
381.598	8.109000
381.951	8.109000
381.951	8.255000
382.303	8.255000
382.303	9.763000
382.657	9.763000
382.657	9.859000
383.011	9.859000
383.011	9.682000
383.365	9.682000
383.365	8.461000
383.718	8.461000
383.718	8.233000
384.071	8.233000
384.071	8.080000
384.424	8.080000
384.424	8.392000
384.776	8.392000
384.776	8.122000
385.128	8.122000
385.128	8.319000
385.48	8.319000
385.48	9.450000
385.833	9.450000
385.833	9.571000
386.186	9.571000
386.186	9.557000
386.538	9.557000
386.538	9.484000
386.891	9.484000
386.891	9.528000
387.243	9.528000
387.243	9.375000
387.596	9.375000
387.596	7.753000
387.949	7.753000
387.949	7.652000
388.302	7.652000
388.302	7.708000
388.655	7.708000
388.655	7.843000
389.008	7.843000
389.008	7.969000
389.361	7.969000
389.361	7.888000
389.714	7.888000
389.714	6.678000
390.066	6.678000
390.066	6.692000
390.417	6.692000
390.417	6.710000
390.769	6.710000
390.769	7.975000
391.122	7.975000
391.122	7.595000
391.475	7.595000
391.475	7.680000
391.828	7.680000
391.828	8.161000
392.181	8.161000
392.181	8.103000
392.534	8.103000
392.534	8.058000
392.887	8.058000
392.887	8.281000
393.24	8.281000
393.24	8.271000
393.593	8.271000
393.593	8.208000
393.946	8.208000
393.946	8.077000
394.299	8.077000
394.299	8.102000
394.652	8.102000
394.652	8.313000
395.004	8.313000
395.004	7.708000
395.357	7.708000
395.357	7.657000
395.71	7.657000
395.71	7.728000
396.063	7.728000
396.063	6.774000
396.416	6.774000
396.416	6.567000
396.769	6.567000
396.769	6.657000
397.122	6.657000
397.122	7.684000
397.475	7.684000
397.475	7.538000
397.828	7.538000
397.828	7.495000
398.181	7.495000
398.181	8.295000
398.534	8.295000
398.534	8.484000
398.887	8.484000
398.887	8.303000
399.24	8.303000
399.24	9.281000
399.593	9.281000
399.593	9.266000
399.946	9.266000
399.946	9.299000
400.299	9.299000
400.299	7.009000
400.652	7.009000
400.652	6.966000
401.005	6.966000
401.005	6.928000
401.358	6.928000
401.358	9.616000
401.711	9.616000
401.711	9.503000
402.064	9.503000
402.064	9.465000
402.417	9.465000
402.417	7.351000
402.769	7.351000
402.769	7.272000
403.122	7.272000
403.122	7.317000
403.475	7.317000
403.475	9.649000
403.828	9.649000
403.828	9.464000
404.181	9.464000
404.181	9.661000
404.534	9.661000
404.534	4.565000
404.854	4.565000
404.854	4.830000
405.174	4.830000
405.174	4.631000
405.494	4.631000
405.494	7.898000
405.806	7.898000
405.806	7.835000
406.118	7.835000
406.118	7.836000
406.43	7.836000
406.43	7.387000
406.783	7.387000
406.783	7.245000
407.135	7.245000
407.135	7.147000
407.488	7.147000
407.488	8.760000
407.841	8.760000
407.841	8.541000
408.194	8.541000
408.194	8.563000
408.547	8.563000
408.547	8.741000
408.9	8.741000
408.9	8.568000
409.253	8.568000
409.253	8.509000
409.606	8.509000
409.606	9.092000
409.959	9.092000
409.959	9.033000
410.312	9.033000
410.312	8.822000
410.665	8.822000
410.665	6.589000
410.98	6.589000
410.98	6.535000
411.295	6.535000
411.295	6.751000
411.61	6.751000
411.61	7.940000
411.963	7.940000
411.963	8.008000
412.316	8.008000
412.316	7.638000
412.669	7.638000
412.669	8.245000
413.022	8.245000
413.022	8.146000
413.373	8.146000
413.373	8.308000
413.726	8.308000
413.726	7.338000
414.078	7.338000
414.078	7.398000
414.43	7.398000
414.43	7.530000
414.782	7.530000
414.782	7.685000
415.135	7.685000
415.135	7.534000
415.486	7.534000
415.486	7.616000
415.839	7.616000
415.839	9.206000
416.193	9.206000
416.193	8.953000
416.547	8.953000
416.547	8.740000
416.901	8.740000
416.901	8.161000
417.254	8.161000
417.254	8.289000
417.607	8.289000
417.607	8.120000
417.96	8.120000
417.96	7.906000
418.313	7.906000
418.313	7.759000
418.666	7.759000
418.666	7.765000
419.019	7.765000
419.019	8.218000
419.372	8.218000
419.372	8.470000
419.725	8.470000
419.725	8.441000
420.078	8.441000
420.078	8.363000
420.431	8.363000
420.431	8.017000
420.784	8.017000
420.784	8.055000
421.137	8.055000
421.137	8.674000
421.49	8.674000
421.49	8.654000
421.843	8.654000
421.843	8.374000
422.196	8.374000
422.196	9.045000
422.549	9.045000
422.549	8.831000
422.902	8.831000
422.902	8.869000
423.255	8.869000
423.255	8.262000
423.608	8.262000
423.608	8.367000
423.961	8.367000
423.961	8.323000
424.314	8.323000
424.314	7.105000
424.667	7.105000
424.667	6.973000
425.02	6.973000
425.02	7.051000
425.373	7.051000
425.373	7.844000
425.726	7.844000
425.726	7.595000
426.079	7.595000
426.079	7.577000
426.431	7.577000
426.431	8.984000
426.784	8.984000
426.784	8.934000
427.137	8.934000
427.137	8.837000
427.49	8.837000
427.49	7.655000
427.843	7.655000
427.843	7.410000
428.195	7.410000
428.195	7.631000
428.548	7.631000
428.548	8.679000
428.901	8.679000
428.901	8.738000
429.253	8.738000
429.253	8.702000
429.606	8.702000
429.606	7.712000
429.959	7.712000
429.959	7.637000
430.312	7.637000
430.312	7.648000
430.665	7.648000
430.665	8.337000
431.018	8.337000
431.018	8.094000
431.371	8.094000
431.371	7.943000
431.724	7.943000
431.724	8.807000
432.076	8.807000
432.076	8.734000
432.429	8.734000
432.429	8.735000
432.782	8.735000
432.782	7.917000
433.135	7.917000
433.135	8.042000
433.489	8.042000
433.489	8.147000
433.843	8.147000
433.843	9.470000
434.196	9.470000
434.196	9.747000
434.549	9.747000
434.549	9.475000
434.902	9.475000
434.902	9.129000
435.254	9.129000
435.254	9.028000
435.607	9.028000
435.607	9.151000
435.96	9.151000
435.96	9.926000
436.311	9.926000
436.311	9.840000
436.664	9.840000
436.664	9.896000
437.017	9.896000
437.017	6.859000
437.37	6.859000
437.37	6.966000
437.723	6.966000
437.723	6.890000
438.076	6.890000
438.076	8.532000
438.429	8.532000
438.429	8.876000
438.782	8.876000
438.782	8.700000
439.135	8.700000
439.135	6.318000
439.447	6.318000
439.447	6.736000
439.759	6.736000
439.759	6.522000
440.071	6.522000
440.071	6.110000
440.383	6.110000
440.383	6.345000
440.695	6.345000
440.695	5.741000
441.007	5.741000
441.007	6.828000
441.36	6.828000
441.36	6.733000
441.713	6.733000
441.713	7.062000
442.066	7.062000
442.066	6.516000
442.419	6.516000
442.419	6.422000
442.771	6.422000
442.771	6.556000
443.124	6.556000
443.124	6.209000
443.477	6.209000
443.477	6.468000
443.83	6.468000
443.83	5.968000
444.183	5.968000
444.183	7.849000
444.536	7.849000
444.536	7.220000
444.889	7.220000
444.889	7.339000
445.242	7.339000
445.242	6.129000
445.595	6.129000
445.595	6.319000
445.948	6.319000
445.948	6.074000
446.301	6.074000
446.301	8.479000
446.654	8.479000
446.654	8.547000
447.007	8.547000
447.007	8.637000
447.36	8.637000
447.36	5.806000
447.713	5.806000
447.713	6.068000
448.066	6.068000
448.066	5.992000
448.419	5.992000
448.419	9.473000
448.772	9.473000
448.772	9.594000
449.125	9.594000
449.125	9.226000
449.478	9.226000
449.478	6.336000
449.831	6.336000
449.831	6.282000
450.184	6.282000
450.184	6.269000
450.537	6.269000
450.537	9.142000
450.89	9.142000
450.89	9.335000
451.243	9.335000
451.243	9.034000
451.596	9.034000
451.596	6.819000
451.908	6.819000
451.908	6.880000
452.22	6.880000
452.22	7.010000
452.532	7.010000
452.532	7.155000
452.885	7.155000
452.885	7.196000
453.238	7.196000
453.238	7.259000
453.591	7.259000
453.591	6.176000
453.944	6.176000
453.944	6.081000
454.297	6.081000
454.297	6.024000
454.65	6.024000
454.65	5.946000
455.003	5.946000
455.003	6.173000
455.356	6.173000
455.356	5.870000
455.709	5.870000
455.709	6.757000
456.062	6.757000
456.062	6.836000
456.415	6.836000
456.415	6.834000
456.768	6.834000
456.768	7.576000
457.121	7.576000
457.121	7.530000
457.474	7.530000
457.474	7.626000
457.827	7.626000
457.827	7.391000
458.18	7.391000
458.18	7.463000
458.533	7.463000
458.533	7.150000
458.886	7.150000
458.886	7.688000
459.198	7.688000
459.198	7.803000
459.51	7.803000
459.51	7.623000
459.822	7.623000
459.822	7.826000
460.175	7.826000
460.175	7.920000
460.528	7.920000
460.528	7.879000
460.881	7.879000
460.881	6.169000
461.234	6.169000
461.234	6.439000
461.587	6.439000
461.587	6.524000
461.94	6.524000
