0.0	0.472000
0.002	0.472000
0.002	0.478000
0.004	0.478000
0.004	0.322000
0.006	0.322000
0.006	2.846000
0.323	2.846000
0.323	3.179000
0.64	3.179000
0.64	3.632000
0.956	3.632000
0.956	0.421000
1.273	0.421000
1.273	2.233000
1.589	2.233000
1.589	2.318000
1.903	2.318000
1.903	0.072000
1.905	0.072000
1.905	0.124000
1.907	0.124000
1.907	0.244000
1.909	0.244000
1.909	0.793000
2.26	0.793000
2.26	9.531000
2.269	9.531000
2.269	1.278000
2.587	1.278000
2.587	2.968000
2.904	2.968000
2.904	2.988000
3.219	2.988000
3.219	0.049000
3.221	0.049000
3.221	0.056000
3.223	0.056000
3.223	0.050000
3.225	0.050000
3.225	0.391000
3.542	0.391000
3.542	2.413000
3.857	2.413000
3.857	2.489000
4.172	2.489000
4.172	0.444000
4.524	0.444000
4.524	9.658000
4.535	9.658000
4.535	0.566000
4.537	0.566000
4.537	0.248000
4.539	0.248000
4.539	0.076000
4.541	0.076000
4.541	0.479000
4.858	0.479000
4.858	2.155000
5.171	2.155000
5.171	2.250000
5.486	2.250000
5.486	0.989000
5.838	0.989000
5.838	0.300000
5.851	0.300000
5.851	0.323000
5.864	0.323000
5.864	0.231000
5.866	0.231000
5.866	0.282000
5.868	0.282000
5.868	0.286000
5.87	0.286000
5.87	2.249000
6.187	2.249000
6.187	3.002000
6.502	3.002000
6.502	2.741000
6.816	2.741000
6.816	1.151000
7.133	1.151000
7.133	2.537000
7.448	2.537000
7.448	2.976000
7.761	2.976000
7.761	0.475000
7.763	0.475000
7.763	0.221000
7.765	0.221000
7.765	0.166000
7.767	0.166000
7.767	3.089000
8.084	3.089000
8.084	4.059000
8.4	4.059000
8.4	4.014000
8.713	4.014000
8.713	0.721000
9.065	0.721000
9.065	0.352000
9.079	0.352000
9.079	0.393000
9.093	0.393000
9.093	0.467000
9.095	0.467000
9.095	0.116000
9.097	0.116000
9.097	0.051000
9.099	0.051000
9.099	3.158000
9.416	3.158000
9.416	4.113000
9.728	4.113000
9.728	3.978000
10.043	3.978000
10.043	2.282000
10.395	2.282000
10.395	0.557000
10.406	0.557000
10.406	1.136000
10.417	1.136000
10.417	0.019000
10.419	0.019000
10.419	0.137000
10.421	0.137000
10.421	0.316000
10.423	0.316000
10.423	0.892000
10.775	0.892000
10.775	9.679000
10.786	9.679000
10.786	9.594000
10.796	9.594000
10.796	2.056000
11.113	2.056000
11.113	3.502000
11.428	3.502000
11.428	3.731000
11.744	3.731000
11.744	0.115000
11.746	0.115000
11.746	0.133000
11.748	0.133000
11.748	0.105000
11.75	0.105000
11.75	0.777000
12.102	0.777000
12.102	1.645000
12.112	1.645000
12.112	0.260000
12.122	0.260000
12.122	2.898000
12.439	2.898000
12.439	3.550000
12.752	3.550000
12.752	3.337000
13.062	3.337000
13.062	0.095000
13.064	0.095000
13.064	0.111000
13.066	0.111000
13.066	0.270000
13.068	0.270000
13.068	0.571000
13.42	0.571000
13.42	2.157000
13.432	2.157000
13.432	1.894000
13.444	1.894000
13.444	0.410000
13.761	0.410000
13.761	2.373000
14.078	2.373000
14.078	2.382000
14.392	2.382000
14.392	1.853000
14.394	1.853000
14.394	1.802000
14.396	1.802000
14.396	1.590000
14.398	1.590000
14.398	0.790000
14.75	0.790000
14.75	0.778000
14.759	0.778000
14.759	1.112000
14.768	1.112000
14.768	1.943000
15.12	1.943000
15.12	3.533000
15.133	3.533000
15.133	0.506000
15.145	0.506000
15.145	0.362000
15.147	0.362000
15.147	0.502000
15.149	0.502000
15.149	0.324000
15.151	0.324000
15.151	2.804000
15.502	2.804000
15.502	3.961000
15.511	3.961000
15.511	3.104000
15.828	3.104000
15.828	3.974000
16.144	3.974000
16.144	4.375000
16.459	4.375000
16.459	0.162000
16.461	0.162000
16.461	0.086000
16.463	0.086000
16.463	0.438000
16.465	0.438000
16.465	1.126000
16.782	1.126000
16.782	2.583000
17.097	2.583000
17.097	2.480000
17.411	2.480000
17.411	2.667000
17.728	2.667000
17.728	3.701000
18.044	3.701000
18.044	4.046000
18.358	4.046000
18.358	0.969000
18.36	0.969000
18.36	1.118000
18.362	1.118000
18.362	0.834000
18.364	0.834000
18.364	2.730000
18.681	2.730000
18.681	3.551000
18.997	3.551000
18.997	3.627000
19.314	3.627000
19.314	3.612000
19.666	3.612000
19.666	0.870000
19.675	0.870000
19.675	0.183000
19.684	0.183000
19.684	0.625000
19.686	0.625000
19.686	0.560000
19.688	0.560000
19.688	0.626000
19.69	0.626000
19.69	1.658000
20.042	1.658000
20.042	0.248000
20.053	0.248000
20.053	0.266000
20.064	0.266000
20.064	4.810000
20.381	4.810000
20.381	4.650000
20.695	4.650000
20.695	5.237000
21.01	5.237000
21.01	0.098000
21.012	0.098000
21.012	0.122000
21.014	0.122000
21.014	0.072000
21.016	0.072000
21.016	2.600000
21.292	2.600000
21.292	2.930000
21.567	2.930000
21.567	3.187000
21.838	3.187000
21.838	1.545000
22.149	1.545000
22.149	0.954000
22.158	0.954000
22.158	0.580000
22.167	0.580000
22.167	0.250000
22.169	0.250000
22.169	0.140000
22.171	0.140000
22.171	0.001000
22.173	0.001000
22.173	1.253000
22.463	1.253000
22.463	2.545000
22.753	2.545000
22.753	2.702000
23.042	2.702000
23.042	2.846000
23.317	2.846000
23.317	3.073000
23.593	3.073000
23.593	4.275000
23.867	4.275000
23.867	0.115000
23.869	0.115000
23.869	0.153000
23.871	0.153000
23.871	0.002000
23.873	0.002000
23.873	3.322000
24.226	3.322000
24.226	1.692000
24.235	1.692000
24.235	0.774000
24.244	0.774000
24.244	0.574000
24.571	0.574000
24.571	0.000000
24.571	0.000000
24.571	0.000000
24.571	0.000000
24.571	0.102000
24.573	0.102000
24.573	0.006000
24.575	0.006000
24.575	0.082000
24.577	0.082000
24.577	1.871000
24.928	1.871000
24.928	0.314000
24.937	0.314000
24.937	1.921000
24.946	1.921000
24.946	0.358000
25.263	0.358000
25.263	2.466000
25.579	2.466000
25.579	2.430000
25.892	2.430000
25.892	3.779000
25.895	3.779000
25.895	3.920000
25.898	3.920000
25.898	3.482000
25.901	3.482000
25.901	2.466000
26.253	2.466000
26.253	2.487000
26.263	2.487000
26.263	1.553000
26.273	1.553000
26.273	2.979000
26.59	2.979000
26.59	3.597000
26.907	3.597000
26.907	3.993000
27.221	3.993000
27.221	0.209000
27.223	0.209000
27.223	0.189000
27.225	0.189000
27.225	0.455000
27.227	0.455000
27.227	1.821000
27.579	1.821000
27.579	0.337000
27.589	0.337000
27.589	0.235000
27.599	0.235000
27.599	1.063000
27.916	1.063000
27.916	3.235000
28.23	3.235000
28.23	3.455000
28.541	3.455000
28.541	0.276000
28.543	0.276000
28.543	0.271000
28.545	0.271000
28.545	0.014000
28.547	0.014000
28.547	1.172000
28.864	1.172000
28.864	2.811000
29.18	2.811000
29.18	2.900000
29.491	2.900000
29.491	0.720000
29.844	0.720000
29.844	0.263000
29.853	0.263000
29.853	0.468000
29.862	0.468000
29.862	0.233000
29.864	0.233000
29.864	0.209000
29.866	0.209000
29.866	0.019000
29.868	0.019000
29.868	1.180000
30.221	1.180000
30.221	0.897000
30.233	0.897000
30.233	1.484000
30.245	1.484000
30.245	2.039000
30.562	2.039000
30.562	3.702000
30.879	3.702000
30.879	3.844000
31.193	3.844000
31.193	0.064000
31.195	0.064000
31.195	0.069000
31.197	0.069000
31.197	0.001000
31.199	0.001000
31.199	0.346000
31.517	0.346000
31.517	2.589000
31.832	2.589000
31.832	2.470000
32.148	2.470000
32.148	3.332000
32.5	3.332000
32.5	9.534000
32.51	9.534000
32.51	2.576000
32.513	2.576000
32.513	1.916000
32.516	1.916000
32.516	2.431000
32.519	2.431000
32.519	0.461000
32.836	0.461000
32.836	2.412000
33.153	2.412000
33.153	2.374000
33.463	2.374000
33.463	1.479000
33.78	1.479000
33.78	2.940000
34.096	2.940000
34.096	2.856000
34.408	2.856000
34.408	0.209000
34.41	0.209000
34.41	0.051000
34.412	0.051000
34.412	0.067000
34.414	0.067000
34.414	3.684000
34.731	3.684000
34.731	4.529000
35.047	4.529000
35.047	4.403000
35.359	4.403000
35.359	0.419000
35.676	0.419000
35.676	2.242000
35.99	2.242000
35.99	2.419000
36.303	2.419000
36.303	0.733000
36.305	0.733000
36.305	0.812000
36.307	0.812000
36.307	0.024000
36.309	0.024000
36.309	2.694000
36.626	2.694000
36.626	3.582000
36.94	3.582000
36.94	3.823000
37.254	3.823000
37.254	3.086000
37.571	3.086000
37.571	3.830000
37.882	3.830000
37.882	4.332000
38.195	4.332000
38.195	0.116000
38.197	0.116000
38.197	0.398000
38.199	0.398000
38.199	0.032000
38.201	0.032000
38.201	3.248000
38.518	3.248000
38.518	3.946000
38.834	3.946000
38.834	3.983000
39.145	3.983000
39.145	0.816000
39.497	0.816000
39.497	0.512000
39.509	0.512000
39.509	0.378000
39.521	0.378000
39.521	0.416000
39.523	0.416000
39.523	0.186000
39.525	0.186000
39.525	0.290000
39.527	0.290000
39.527	1.579000
39.879	1.579000
39.879	0.427000
39.89	0.427000
39.89	0.417000
39.901	0.417000
39.901	3.251000
40.218	3.251000
40.218	3.803000
40.535	3.803000
40.535	4.172000
40.851	4.172000
40.851	0.419000
40.853	0.419000
40.853	0.653000
40.855	0.653000
40.855	0.187000
40.857	0.187000
40.857	0.432000
41.209	0.432000
41.209	1.402000
41.218	1.402000
41.218	2.019000
41.228	2.019000
41.228	3.278000
41.58	3.278000
41.58	0.319000
41.588	0.319000
41.588	3.173000
41.596	3.173000
41.596	0.202000
41.598	0.202000
41.598	0.075000
41.6	0.075000
41.6	0.347000
41.602	0.347000
41.602	0.316000
41.919	0.316000
41.919	2.369000
42.235	2.369000
42.235	2.488000
42.55	2.488000
42.55	1.778000
42.902	1.778000
42.902	1.127000
42.91	1.127000
42.91	0.211000
42.919	0.211000
42.919	0.597000
42.921	0.597000
42.921	0.301000
42.923	0.301000
42.923	0.454000
42.925	0.454000
42.925	1.680000
43.242	1.680000
43.242	2.948000
43.559	2.948000
43.559	3.090000
43.875	3.090000
43.875	0.228000
44.192	0.228000
44.192	2.229000
44.505	2.229000
44.505	2.209000
44.817	2.209000
44.817	0.173000
44.819	0.173000
44.819	0.233000
44.821	0.233000
44.821	0.060000
44.823	0.060000
44.823	0.663000
45.175	0.663000
45.175	0.561000
45.184	0.561000
45.184	3.022000
45.536	3.022000
45.536	3.813000
45.885	3.813000
45.885	3.874000
46.228	3.874000
46.228	3.153000
46.545	3.153000
46.545	3.848000
46.854	3.848000
46.854	4.166000
47.169	4.166000
47.169	3.476000
47.521	3.476000
47.521	8.370000
47.535	8.370000
47.535	8.417000
47.549	8.417000
47.549	0.006000
47.551	0.006000
47.551	0.193000
47.553	0.193000
47.553	0.042000
47.555	0.042000
47.555	3.324000
47.872	3.324000
47.872	4.172000
48.189	4.172000
48.189	4.545000
48.504	4.545000
48.504	1.213000
48.855	1.213000
48.855	6.378000
48.864	6.378000
48.864	0.761000
48.873	0.761000
48.873	0.209000
48.875	0.209000
48.875	0.216000
48.877	0.216000
48.877	0.339000
48.879	0.339000
48.879	2.610000
49.231	2.610000
49.231	3.768000
49.583	3.768000
49.583	0.919000
49.592	0.919000
49.592	0.362000
49.601	0.362000
49.601	0.180000
49.603	0.180000
49.603	0.242000
49.605	0.242000
49.605	0.029000
49.607	0.029000
49.607	4.453000
49.958	4.453000
49.958	1.313000
49.967	1.313000
49.967	1.951000
49.976	1.951000
49.976	1.154000
50.328	1.154000
50.328	0.552000
50.34	0.552000
50.34	3.657000
50.352	3.657000
50.352	0.093000
50.354	0.093000
50.354	0.095000
50.356	0.095000
50.356	0.059000
50.358	0.059000
50.358	3.685000
50.675	3.685000
50.675	4.954000
50.991	4.954000
50.991	4.876000
51.307	4.876000
51.307	2.052000
51.66	2.052000
51.66	1.087000
51.669	1.087000
51.669	2.157000
51.678	2.157000
51.678	0.118000
51.68	0.118000
51.68	0.150000
51.682	0.150000
51.682	0.029000
51.684	0.029000
51.684	1.692000
52.001	1.692000
52.001	3.111000
52.317	3.111000
52.317	3.032000
52.633	3.032000
52.633	2.489000
52.95	2.489000
52.95	3.298000
53.264	3.298000
53.264	4.030000
53.578	4.030000
53.578	0.305000
53.58	0.305000
53.58	0.337000
53.582	0.337000
53.582	0.456000
53.584	0.456000
53.584	1.584000
53.936	1.584000
53.936	1.194000
53.946	1.194000
53.946	1.199000
53.956	1.199000
53.956	0.993000
54.308	0.993000
54.308	1.430000
54.317	1.430000
54.317	1.329000
54.326	1.329000
54.326	0.272000
54.328	0.272000
54.328	0.139000
54.33	0.139000
54.33	0.199000
54.332	0.199000
54.332	2.982000
54.684	2.982000
54.684	1.795000
54.694	1.795000
54.694	3.435000
54.704	3.435000
54.704	2.459000
55.056	2.459000
55.056	1.086000
55.067	1.086000
55.067	1.317000
55.078	1.317000
55.078	0.629000
55.08	0.629000
55.08	0.290000
55.082	0.290000
55.082	0.334000
55.084	0.334000
55.084	1.567000
55.401	1.567000
55.401	2.733000
55.717	2.733000
55.717	2.774000
56.032	2.774000
56.032	1.221000
56.382	1.221000
56.382	0.573000
56.396	0.573000
56.396	0.760000
56.409	0.760000
56.409	0.103000
56.411	0.103000
56.411	0.155000
56.413	0.155000
56.413	0.019000
56.415	0.019000
56.415	1.728000
56.767	1.728000
56.767	0.754000
56.776	0.754000
56.776	0.783000
56.785	0.783000
56.785	1.608000
57.137	1.608000
57.137	1.370000
57.145	1.370000
57.145	0.677000
57.153	0.677000
57.153	0.156000
57.155	0.156000
57.155	0.120000
57.157	0.120000
57.157	0.021000
57.159	0.021000
57.159	1.619000
57.476	1.619000
57.476	2.943000
57.792	2.943000
57.792	3.135000
58.107	3.135000
58.107	3.535000
58.424	3.535000
58.424	4.388000
58.738	4.388000
58.738	4.420000
59.05	4.420000
59.05	0.183000
59.052	0.183000
59.052	0.204000
59.054	0.204000
59.054	0.316000
59.056	0.316000
59.056	2.668000
59.407	2.668000
59.407	8.867000
59.418	8.867000
59.418	8.868000
59.429	8.868000
59.429	0.477000
59.746	0.477000
59.746	2.197000
60.06	2.197000
60.06	2.225000
60.368	2.225000
60.368	0.015000
60.37	0.015000
60.37	0.038000
60.372	0.038000
60.372	0.057000
60.374	0.057000
60.374	2.373000
60.691	2.373000
60.691	2.846000
61.005	2.846000
61.005	3.092000
61.32	3.092000
61.32	0.523000
61.637	0.523000
61.637	2.514000
61.951	2.514000
61.951	2.461000
62.265	2.461000
62.265	0.084000
62.267	0.084000
62.267	0.302000
62.269	0.302000
62.269	0.134000
62.271	0.134000
62.271	0.348000
62.588	0.348000
62.588	2.347000
62.903	2.347000
62.903	2.412000
63.218	2.412000
63.218	0.270000
63.535	0.270000
63.535	2.346000
63.85	2.346000
63.85	2.351000
64.164	2.351000
64.164	0.019000
64.166	0.019000
64.166	0.050000
64.168	0.050000
64.168	0.069000
64.17	0.069000
64.17	1.782000
64.521	1.782000
64.521	0.482000
64.531	0.482000
64.531	0.435000
64.541	0.435000
64.541	3.502000
64.893	3.502000
64.893	1.723000
64.902	1.723000
64.902	2.189000
64.911	2.189000
64.911	0.360000
64.913	0.360000
64.913	0.141000
64.915	0.141000
64.915	0.461000
64.917	0.461000
64.917	3.768000
65.269	3.768000
65.269	1.597000
65.281	1.597000
65.281	0.566000
65.293	0.566000
65.293	1.788000
65.645	1.788000
65.645	5.873000
65.655	5.873000
65.655	8.304000
65.665	8.304000
65.665	0.190000
65.667	0.190000
65.667	0.144000
65.669	0.144000
65.669	0.174000
65.671	0.174000
65.671	3.189000
66.022	3.189000
66.022	0.222000
66.032	0.222000
66.032	1.591000
66.042	1.591000
66.042	3.392000
66.359	3.392000
66.359	4.200000
66.675	4.200000
66.675	3.808000
66.986	3.808000
66.986	0.471000
66.988	0.471000
66.988	0.023000
66.99	0.023000
66.99	0.175000
66.992	0.175000
66.992	2.077000
67.309	2.077000
67.309	3.205000
67.622	3.205000
67.622	3.294000
67.93	3.294000
67.93	2.215000
68.281	2.215000
68.281	0.368000
68.291	0.368000
68.291	0.609000
68.301	0.609000
68.301	0.489000
68.303	0.489000
68.303	0.035000
68.305	0.035000
68.305	0.297000
68.307	0.297000
68.307	3.097000
68.659	3.097000
68.659	2.144000
68.672	2.144000
68.672	1.023000
68.684	1.023000
68.684	3.315000
69.035	3.315000
69.035	1.266000
69.049	1.266000
69.049	1.418000
69.064	1.418000
69.064	0.283000
69.066	0.283000
69.066	0.276000
69.068	0.276000
69.068	0.262000
69.07	0.262000
69.07	0.672000
69.421	0.672000
69.421	5.254000
69.43	5.254000
69.43	7.037000
69.439	7.037000
69.439	2.177000
69.756	2.177000
69.756	2.982000
70.071	2.982000
70.071	3.706000
70.383	3.706000
70.383	0.040000
70.385	0.040000
70.385	0.037000
70.387	0.037000
70.387	0.050000
70.389	0.050000
70.389	3.258000
70.706	3.258000
70.706	4.096000
71.022	4.096000
71.022	4.210000
71.335	4.210000
71.335	2.468000
71.687	2.468000
71.687	1.143000
71.696	1.143000
71.696	1.153000
71.705	1.153000
71.705	0.580000
71.707	0.580000
71.707	0.145000
71.709	0.145000
71.709	0.451000
71.711	0.451000
71.711	5.171000
72.062	5.171000
72.062	0.793000
72.073	0.793000
72.073	1.765000
72.084	1.765000
72.084	0.518000
72.401	0.518000
72.401	2.340000
72.717	2.340000
72.717	2.319000
73.029	2.319000
73.029	0.465000
73.031	0.465000
73.031	0.251000
73.033	0.251000
73.033	0.264000
73.035	0.264000
73.035	4.193000
73.385	4.193000
73.385	9.444000
73.396	9.444000
73.396	7.197000
73.406	7.197000
73.406	3.265000
73.723	3.265000
73.723	0.139000
73.725	0.139000
73.725	0.124000
73.727	0.124000
73.727	0.165000
73.729	0.165000
73.729	1.994000
74.081	1.994000
74.081	4.081000
74.09	4.081000
74.09	1.962000
74.1	1.962000
74.1	4.748000
74.417	4.748000
74.417	4.849000
74.73	4.849000
74.73	5.698000
75.041	5.698000
75.041	0.095000
75.043	0.095000
75.043	0.111000
75.045	0.111000
75.045	0.216000
75.047	0.216000
75.047	2.258000
75.364	2.258000
75.364	3.939000
75.679	3.939000
75.679	4.353000
75.99	4.353000
75.99	3.458000
76.307	3.458000
76.307	4.375000
76.622	4.375000
76.622	4.379000
76.937	4.379000
76.937	0.235000
76.939	0.235000
76.939	0.129000
76.941	0.129000
76.941	0.133000
76.943	0.133000
76.943	3.086000
77.295	3.086000
77.295	4.365000
77.305	4.365000
77.305	1.529000
77.315	1.529000
77.315	2.325000
77.632	2.325000
77.632	3.283000
77.949	3.283000
77.949	3.924000
78.262	3.924000
78.262	0.071000
78.264	0.071000
78.264	0.062000
78.266	0.062000
78.266	0.107000
78.268	0.107000
78.268	1.571000
78.62	1.571000
78.62	1.425000
78.63	1.425000
78.63	0.623000
78.64	0.623000
78.64	2.511000
78.957	2.511000
78.957	3.299000
79.272	3.299000
79.272	4.415000
79.589	4.415000
79.589	0.088000
79.591	0.088000
79.591	0.001000
79.593	0.001000
79.593	0.197000
79.595	0.197000
79.595	1.930000
79.947	1.930000
79.947	5.567000
79.958	5.567000
79.958	0.867000
79.969	0.867000
79.969	2.821000
80.321	2.821000
80.321	0.772000
80.33	0.772000
80.33	0.343000
80.339	0.343000
80.339	0.454000
80.341	0.454000
80.341	0.096000
80.343	0.096000
80.343	0.242000
80.345	0.242000
80.345	3.421000
80.662	3.421000
80.662	3.731000
80.978	3.731000
80.978	4.172000
81.295	4.172000
81.295	0.622000
81.612	0.622000
81.612	2.462000
81.925	2.462000
81.925	2.703000
82.236	2.703000
82.236	0.172000
82.238	0.172000
82.238	0.215000
82.24	0.215000
82.24	0.218000
82.242	0.218000
82.242	0.570000
82.594	0.570000
82.594	1.188000
82.605	1.188000
82.605	2.096000
82.615	2.096000
82.615	2.617000
82.967	2.617000
82.967	1.030000
82.974	1.030000
82.974	0.785000
82.981	0.785000
82.981	0.100000
82.983	0.100000
82.983	0.076000
82.985	0.076000
82.985	0.155000
82.987	0.155000
82.987	1.056000
83.304	1.056000
83.304	2.399000
83.618	2.399000
83.618	2.694000
83.931	2.694000
83.931	1.905000
84.282	1.905000
84.282	0.504000
84.291	0.504000
84.291	1.034000
84.3	1.034000
84.3	0.020000
84.302	0.020000
84.302	0.137000
84.304	0.137000
84.304	0.320000
84.306	0.320000
84.306	0.449000
84.658	0.449000
84.658	0.444000
84.667	0.444000
84.667	1.180000
84.677	1.180000
84.677	3.075000
85.028	3.075000
85.028	1.674000
85.038	1.674000
85.038	1.001000
85.048	1.001000
85.048	0.033000
85.05	0.033000
85.05	0.128000
85.052	0.128000
85.052	0.320000
85.054	0.320000
85.054	1.948000
85.371	1.948000
85.371	3.402000
85.686	3.402000
85.686	3.346000
86.001	3.346000
86.001	1.398000
86.353	1.398000
86.353	1.621000
86.365	1.621000
86.365	2.123000
86.377	2.123000
86.377	0.125000
86.379	0.125000
86.379	0.018000
86.381	0.018000
86.381	0.105000
86.383	0.105000
86.383	2.813000
86.735	2.813000
86.735	0.942000
86.748	0.942000
86.748	1.114000
86.761	1.114000
86.761	1.047000
87.113	1.047000
87.113	5.959000
87.122	5.959000
87.122	6.398000
87.131	6.398000
87.131	0.162000
87.133	0.162000
87.133	0.107000
87.135	0.107000
87.135	0.309000
87.137	0.309000
87.137	3.851000
87.489	3.851000
87.489	0.500000
87.503	0.500000
87.503	0.283000
87.517	0.283000
87.517	3.361000
87.869	3.361000
87.869	0.312000
87.871	0.312000
87.871	0.018000
87.873	0.018000
87.873	0.023000
87.875	0.023000
87.875	2.081000
88.227	2.081000
88.227	0.455000
88.236	0.455000
88.236	1.668000
88.245	1.668000
88.245	1.797000
88.562	1.797000
88.562	3.168000
88.877	3.168000
88.877	3.146000
89.191	3.146000
89.191	0.483000
89.193	0.483000
89.193	0.143000
89.195	0.143000
89.195	0.165000
89.197	0.165000
89.197	1.065000
89.548	1.065000
89.548	0.660000
89.557	0.660000
89.557	2.411000
89.566	2.411000
89.566	0.333000
89.918	0.333000
89.918	1.948000
89.928	1.948000
89.928	1.031000
89.938	1.031000
89.938	0.009000
89.94	0.009000
89.94	0.268000
89.942	0.268000
89.942	0.249000
89.944	0.249000
89.944	2.250000
90.295	2.250000
90.295	0.919000
90.307	0.919000
90.307	1.438000
90.318	1.438000
90.318	4.612000
90.67	4.612000
90.67	0.411000
90.681	0.411000
90.681	1.205000
90.691	1.205000
90.691	0.105000
90.693	0.105000
90.693	0.011000
90.695	0.011000
90.695	0.145000
90.697	0.145000
90.697	1.876000
91.049	1.876000
91.049	1.740000
91.061	1.740000
91.061	2.652000
91.073	2.652000
91.073	2.758000
91.425	2.758000
91.425	5.833000
91.441	5.833000
91.441	5.720000
91.458	5.720000
91.458	0.057000
91.46	0.057000
91.46	0.160000
91.462	0.160000
91.462	0.094000
91.464	0.094000
91.464	4.347000
91.816	4.347000
91.816	6.261000
91.83	6.261000
91.83	6.358000
91.844	6.358000
91.844	3.751000
92.196	3.751000
92.196	4.586000
92.547	4.586000
92.547	4.854000
92.897	4.854000
92.897	0.097000
92.899	0.097000
92.899	0.027000
92.901	0.027000
92.901	0.137000
92.903	0.137000
92.903	1.934000
93.254	1.934000
93.254	9.473000
93.263	9.473000
93.263	1.741000
93.614	1.741000
93.614	0.773000
93.624	0.773000
93.624	0.367000
93.634	0.367000
93.634	0.135000
93.636	0.135000
93.636	0.118000
93.638	0.118000
93.638	0.176000
93.64	0.176000
93.64	3.334000
93.992	3.334000
93.992	8.508000
94.004	8.508000
94.004	7.152000
94.016	7.152000
94.016	0.420000
94.368	0.420000
94.368	0.968000
94.377	0.968000
94.377	1.934000
94.386	1.934000
94.386	0.103000
94.388	0.103000
94.388	0.102000
94.39	0.102000
94.39	0.161000
94.392	0.161000
94.392	2.977000
94.743	2.977000
94.743	0.297000
94.754	0.297000
94.754	0.129000
94.764	0.129000
94.764	3.315000
95.081	3.315000
95.081	4.001000
95.398	4.001000
95.398	3.838000
95.708	3.838000
95.708	0.065000
95.71	0.065000
95.71	0.028000
95.712	0.028000
95.712	0.172000
95.714	0.172000
95.714	1.060000
96.066	1.060000
96.066	0.644000
96.085	0.644000
96.085	1.016000
96.104	1.016000
96.104	0.574000
96.456	0.574000
96.456	2.128000
96.464	2.128000
96.464	2.397000
96.472	2.397000
96.472	0.934000
96.474	0.934000
96.474	0.033000
96.476	0.033000
96.476	0.222000
96.478	0.222000
96.478	0.709000
96.829	0.709000
96.829	2.395000
96.84	2.395000
96.84	2.531000
96.85	2.531000
96.85	1.297000
97.167	1.297000
97.167	2.922000
97.484	2.922000
97.484	3.289000
97.797	3.289000
97.797	0.001000
97.799	0.001000
97.799	0.089000
97.801	0.089000
97.801	0.147000
97.803	0.147000
97.803	0.299000
98.12	0.299000
98.12	2.667000
98.435	2.667000
98.435	2.726000
98.75	2.726000
98.75	0.268000
99.067	0.268000
99.067	2.433000
99.381	2.433000
99.381	2.435000
99.695	2.435000
99.695	0.195000
99.697	0.195000
99.697	0.031000
99.699	0.031000
99.699	0.226000
99.701	0.226000
99.701	2.104000
100.018	2.104000
100.018	3.043000
100.334	3.043000
100.334	3.494000
100.65	3.494000
100.65	1.630000
101.001	1.630000
101.001	1.132000
101.011	1.132000
101.011	0.795000
101.021	0.795000
101.021	0.744000
101.023	0.744000
101.023	0.513000
101.025	0.513000
101.025	0.733000
101.027	0.733000
101.027	2.263000
101.344	2.263000
101.344	3.331000
101.659	3.331000
101.659	3.893000
101.97	3.893000
101.97	2.179000
102.322	2.179000
102.322	8.612000
102.333	8.612000
102.333	8.758000
102.344	8.758000
102.344	0.206000
102.346	0.206000
102.346	0.071000
102.348	0.071000
102.348	0.241000
102.35	0.241000
102.35	0.265000
102.667	0.265000
102.667	2.259000
102.98	2.259000
102.98	2.333000
103.293	2.333000
103.293	4.087000
103.61	4.087000
103.61	5.549000
103.924	5.549000
103.924	5.833000
104.237	5.833000
104.237	0.040000
104.239	0.040000
104.239	0.124000
104.241	0.124000
104.241	0.143000
104.243	0.143000
104.243	0.660000
104.595	0.660000
104.595	1.647000
104.606	1.647000
104.606	0.931000
104.617	0.931000
104.617	0.407000
104.934	0.407000
104.934	2.477000
105.248	2.477000
105.248	2.402000
105.56	2.402000
105.56	0.167000
105.562	0.167000
105.562	0.022000
105.564	0.022000
105.564	0.132000
105.566	0.132000
105.566	2.690000
105.883	2.690000
105.883	3.698000
106.2	3.698000
106.2	4.458000
106.513	4.458000
106.513	2.939000
106.83	2.939000
106.83	3.911000
107.146	3.911000
107.146	3.657000
107.454	3.657000
107.454	0.610000
107.456	0.610000
107.456	1.016000
107.808	1.016000
107.808	1.100000
107.816	1.100000
107.816	0.697000
107.824	0.697000
107.824	1.988000
108.141	1.988000
108.141	3.120000
108.457	3.120000
108.457	3.018000
108.772	3.018000
108.772	0.071000
108.774	0.071000
108.774	0.040000
108.776	0.040000
108.776	0.027000
108.778	0.027000
108.778	3.361000
109.13	3.361000
109.13	6.584000
109.14	6.584000
109.14	6.489000
109.15	6.489000
109.15	3.932000
109.502	3.932000
109.502	0.211000
109.504	0.211000
109.504	0.231000
109.506	0.231000
109.506	0.144000
109.508	0.144000
109.508	0.995000
109.86	0.995000
109.86	1.042000
109.87	1.042000
109.87	0.331000
109.88	0.331000
109.88	0.566000
110.231	0.566000
110.231	1.163000
110.24	1.163000
110.24	1.604000
110.248	1.604000
110.248	0.378000
110.25	0.378000
110.25	0.323000
110.252	0.323000
110.252	0.257000
110.254	0.257000
110.254	2.272000
110.571	2.272000
110.571	3.237000
110.885	3.237000
110.885	3.487000
111.198	3.487000
111.198	1.000000
111.515	1.000000
111.515	2.432000
111.829	2.432000
111.829	2.869000
112.141	2.869000
112.141	0.171000
112.143	0.171000
112.143	0.211000
112.145	0.211000
112.145	0.051000
112.147	0.051000
112.147	3.301000
112.464	3.301000
112.464	3.939000
112.777	3.939000
112.777	4.644000
113.091	4.644000
113.091	3.426000
113.443	3.426000
113.443	0.536000
113.459	0.536000
113.459	0.689000
113.475	0.689000
113.475	0.351000
113.477	0.351000
113.477	0.506000
113.479	0.506000
113.479	0.384000
113.481	0.384000
113.481	0.402000
113.833	0.402000
113.833	7.353000
113.843	7.353000
113.843	7.918000
113.853	7.918000
113.853	3.080000
114.17	3.080000
114.17	3.744000
114.487	3.744000
114.487	3.944000
114.801	3.944000
114.801	0.032000
114.803	0.032000
114.803	0.024000
114.805	0.024000
114.805	0.397000
114.807	0.397000
114.807	4.040000
115.159	4.040000
115.159	6.340000
115.169	6.340000
115.169	6.305000
115.179	6.305000
115.179	1.401000
115.496	1.401000
115.496	2.214000
115.811	2.214000
115.811	2.231000
116.126	2.231000
116.126	0.479000
116.128	0.479000
116.128	0.028000
116.13	0.028000
116.13	0.185000
116.132	0.185000
116.132	0.388000
116.484	0.388000
116.484	2.502000
116.493	2.502000
116.493	0.576000
116.502	0.576000
116.502	0.489000
116.854	0.489000
116.854	1.217000
116.862	1.217000
116.862	1.848000
116.869	1.848000
116.869	0.042000
116.871	0.042000
116.871	0.123000
116.873	0.123000
116.873	0.114000
116.875	0.114000
116.875	1.203000
117.192	1.203000
117.192	2.527000
117.506	2.527000
117.506	3.149000
117.817	3.149000
117.817	3.281000
118.134	3.281000
118.134	4.329000
118.448	4.329000
118.448	4.181000
118.762	4.181000
118.762	0.060000
118.764	0.060000
118.764	0.050000
118.766	0.050000
118.766	0.144000
118.768	0.144000
118.768	2.768000
119.12	2.768000
119.12	0.886000
119.133	0.886000
119.133	0.529000
119.146	0.529000
119.146	0.804000
119.498	0.804000
119.498	1.871000
119.51	1.871000
119.51	0.584000
119.522	0.584000
119.522	0.252000
119.524	0.252000
119.524	0.165000
119.526	0.165000
119.526	0.081000
119.528	0.081000
119.528	6.003000
119.845	6.003000
119.845	5.957000
120.16	5.957000
120.16	6.489000
120.469	6.489000
120.469	2.484000
120.821	2.484000
120.821	1.027000
120.831	1.027000
120.831	1.744000
120.841	1.744000
120.841	0.064000
120.843	0.064000
120.843	0.018000
120.845	0.018000
120.845	3.250000
120.847	3.250000
120.847	3.590000
121.164	3.590000
121.164	4.516000
121.481	4.516000
121.481	4.380000
121.795	4.380000
121.795	3.556000
122.112	3.556000
122.112	4.430000
122.429	4.430000
122.429	4.512000
122.743	4.512000
122.743	6.901000
122.745	6.901000
122.745	9.650000
122.747	9.650000
122.747	0.817000
122.749	0.817000
122.749	3.341000
123.101	3.341000
123.101	8.849000
123.113	8.849000
123.113	8.057000
123.125	8.057000
123.125	3.109000
123.477	3.109000
123.477	0.961000
123.492	0.961000
123.492	0.823000
123.507	0.823000
123.507	0.038000
123.509	0.038000
123.509	0.082000
123.511	0.082000
123.511	0.098000
123.513	0.098000
123.513	1.986000
123.865	1.986000
123.865	0.371000
123.875	0.371000
123.875	0.212000
123.884	0.212000
123.884	2.374000
124.236	2.374000
124.236	0.443000
124.244	0.443000
124.244	0.406000
124.252	0.406000
124.252	1.475000
124.254	1.475000
124.254	0.005000
124.256	0.005000
124.256	1.189000
124.258	1.189000
124.258	1.948000
124.575	1.948000
124.575	9.841000
124.583	9.841000
124.583	0.473000
124.591	0.473000
124.591	2.745000
124.943	2.745000
124.943	3.109000
124.954	3.109000
124.954	2.960000
124.965	2.960000
124.965	0.052000
124.967	0.052000
124.967	0.024000
124.969	0.024000
124.969	0.109000
124.971	0.109000
124.971	1.533000
125.282	1.533000
125.282	0.696000
125.292	0.696000
125.292	2.599000
125.302	2.599000
125.302	1.844000
125.654	1.844000
125.654	0.948000
125.668	0.948000
125.668	0.576000
125.682	0.576000
125.682	0.076000
125.684	0.076000
125.684	0.098000
125.686	0.098000
125.686	0.052000
125.688	0.052000
125.688	1.170000
125.999	1.170000
125.999	3.222000
126.306	3.222000
126.306	3.666000
126.615	3.666000
126.615	1.564000
126.891	1.564000
126.891	2.779000
127.166	2.779000
127.166	3.013000
127.439	3.013000
127.439	0.068000
127.441	0.068000
127.441	0.262000
127.443	0.262000
127.443	0.158000
127.445	0.158000
127.445	0.628000
127.762	0.628000
127.762	2.315000
128.077	2.315000
128.077	2.251000
128.392	2.251000
128.392	0.632000
128.668	0.632000
128.668	2.542000
128.944	2.542000
128.944	2.982000
129.219	2.982000
129.219	0.397000
129.221	0.397000
129.221	0.149000
129.223	0.149000
129.223	0.340000
129.225	0.340000
129.225	3.580000
129.501	3.580000
129.501	4.258000
129.777	4.258000
129.777	4.712000
130.05	4.712000
130.05	3.187000
130.405	3.187000
130.405	1.296000
130.76	1.296000
130.76	3.032000
131.115	3.032000
131.115	0.139000
131.117	0.139000
131.117	0.208000
131.119	0.208000
131.119	0.045000
131.121	0.045000
131.121	1.203000
131.432	1.203000
131.432	1.988000
131.441	1.988000
131.441	0.905000
131.45	0.905000
131.45	2.503000
131.767	2.503000
131.767	3.666000
132.08	3.666000
132.08	3.291000
132.391	3.291000
132.391	0.735000
132.393	0.735000
132.393	2.692000
132.395	2.692000
132.395	4.967000
132.397	4.967000
132.397	2.020000
132.714	2.020000
132.714	2.762000
133.026	2.762000
133.026	3.200000
133.339	3.200000
133.339	3.055000
133.69	3.055000
133.69	1.043000
133.7	1.043000
133.7	1.675000
133.71	1.675000
133.71	0.133000
133.712	0.133000
133.712	0.281000
133.714	0.281000
133.714	0.248000
133.716	0.248000
133.716	3.276000
134.068	3.276000
134.068	0.529000
134.081	0.529000
134.081	0.442000
134.094	0.442000
134.094	2.427000
134.411	2.427000
134.411	3.220000
134.723	3.220000
134.723	3.615000
135.034	3.615000
135.034	0.471000
135.142	0.471000
135.142	0.286000
135.25	0.286000
135.25	0.480000
135.358	0.480000
135.358	2.840000
135.675	2.840000
135.675	3.630000
135.99	3.630000
135.99	3.753000
136.304	3.753000
136.304	0.643000
136.621	0.643000
136.621	2.691000
136.938	2.691000
136.938	2.551000
137.251	2.551000
137.251	0.132000
137.253	0.132000
137.253	0.155000
137.255	0.155000
137.255	0.169000
137.257	0.169000
137.257	1.209000
137.609	1.209000
137.609	0.570000
137.618	0.570000
137.618	0.420000
137.627	0.420000
137.627	2.711000
137.944	2.711000
137.944	4.131000
138.26	4.131000
138.26	3.951000
138.575	3.951000
138.575	0.383000
138.577	0.383000
138.577	0.042000
138.579	0.042000
138.579	0.245000
138.581	0.245000
138.581	0.866000
138.933	0.866000
138.933	4.444000
138.943	4.444000
138.943	2.537000
138.953	2.537000
138.953	4.186000
139.308	4.186000
139.308	3.852000
139.663	3.852000
139.663	5.144000
140.017	5.144000
140.017	0.099000
140.019	0.099000
140.019	0.088000
140.021	0.088000
140.021	0.327000
140.023	0.327000
140.023	3.915000
140.375	3.915000
140.375	0.959000
140.384	0.959000
140.384	3.243000
140.701	3.243000
140.701	4.323000
141.017	4.323000
141.017	4.099000
141.33	4.099000
141.33	0.169000
141.332	0.169000
141.332	0.480000
141.334	0.480000
141.334	0.321000
141.336	0.321000
141.336	2.372000
141.688	2.372000
141.688	1.037000
141.697	1.037000
141.697	1.238000
141.706	1.238000
141.706	2.934000
142.023	2.934000
142.023	3.929000
142.335	3.929000
142.335	4.462000
142.646	4.462000
142.646	0.057000
142.648	0.057000
142.648	0.115000
142.65	0.115000
142.65	0.093000
142.652	0.093000
142.652	0.348000
142.969	0.348000
142.969	2.890000
143.281	2.890000
143.281	2.846000
143.595	2.846000
143.595	3.757000
143.947	3.757000
143.947	0.353000
143.958	0.353000
143.958	0.267000
143.969	0.267000
143.969	0.576000
143.971	0.576000
143.971	0.211000
143.973	0.211000
143.973	0.257000
143.975	0.257000
143.975	0.759000
144.292	0.759000
144.292	2.345000
144.608	2.345000
144.608	2.265000
144.923	2.265000
144.923	2.397000
145.275	2.397000
145.275	0.160000
145.277	0.160000
145.277	0.146000
145.279	0.146000
145.279	0.078000
145.281	0.078000
145.281	0.880000
145.598	0.880000
145.598	2.699000
145.911	2.699000
145.911	2.694000
146.223	2.694000
146.223	3.563000
146.54	3.563000
146.54	3.726000
146.856	3.726000
146.856	4.604000
147.171	4.604000
147.171	0.315000
147.173	0.315000
147.173	0.066000
147.175	0.066000
147.175	0.354000
147.177	0.354000
147.177	0.694000
147.528	0.694000
147.528	0.234000
147.537	0.234000
147.537	6.000000
147.546	6.000000
147.546	4.851000
147.898	4.851000
147.898	1.877000
147.908	1.877000
147.908	1.303000
147.918	1.303000
147.918	0.133000
147.92	0.133000
147.92	0.411000
147.922	0.411000
147.922	0.105000
147.924	0.105000
147.924	2.291000
148.276	2.291000
148.276	0.433000
148.286	0.433000
148.286	0.873000
148.296	0.873000
148.296	0.297000
148.613	0.297000
148.613	2.334000
148.93	2.334000
148.93	2.346000
149.247	2.346000
149.247	0.035000
149.249	0.035000
149.249	0.198000
149.251	0.198000
149.251	0.129000
149.253	0.129000
149.253	3.783000
149.605	3.783000
149.605	0.759000
149.619	0.759000
149.619	0.589000
149.634	0.589000
149.634	2.291000
149.986	2.291000
149.986	0.604000
149.999	0.604000
149.999	0.596000
150.011	0.596000
150.011	0.001000
150.013	0.001000
150.013	0.031000
150.015	0.031000
150.015	0.128000
150.017	0.128000
150.017	0.263000
150.334	0.263000
150.334	2.374000
150.645	2.374000
150.645	2.309000
150.954	2.309000
150.954	3.983000
151.271	3.983000
151.271	3.988000
151.587	3.988000
151.587	4.651000
151.902	4.651000
151.902	0.202000
151.904	0.202000
151.904	0.192000
151.906	0.192000
151.906	0.001000
151.908	0.001000
151.908	2.604000
152.26	2.604000
152.26	1.715000
152.272	1.715000
152.272	0.587000
152.283	0.587000
152.283	2.623000
152.6	2.623000
152.6	3.357000
152.916	3.357000
152.916	3.626000
153.23	3.626000
153.23	0.194000
153.232	0.194000
153.232	0.151000
153.234	0.151000
153.234	0.002000
153.236	0.002000
153.236	1.574000
153.587	1.574000
153.587	1.415000
153.596	1.415000
153.596	0.274000
153.605	0.274000
153.605	3.121000
153.922	3.121000
153.922	3.915000
154.237	3.915000
154.237	5.202000
154.55	5.202000
154.55	0.069000
154.552	0.069000
154.552	0.390000
154.554	0.390000
154.554	0.199000
154.556	0.199000
154.556	3.350000
154.908	3.350000
154.908	0.453000
154.917	0.453000
154.917	0.304000
154.926	0.304000
154.926	3.641000
155.278	3.641000
155.278	5.134000
155.287	5.134000
155.287	5.762000
155.296	5.762000
155.296	0.144000
155.298	0.144000
155.298	0.405000
155.3	0.405000
155.3	0.103000
155.302	0.103000
155.302	0.385000
155.654	0.385000
155.654	9.194000
155.664	9.194000
155.664	7.716000
155.674	7.716000
155.674	0.421000
155.991	0.421000
155.991	0.626000
156.001	0.626000
156.001	0.768000
156.011	0.768000
156.011	0.182000
156.013	0.182000
156.013	0.084000
156.015	0.084000
156.015	0.893000
156.017	0.893000
156.017	1.493000
156.37	1.493000
156.37	0.371000
156.416	0.371000
156.416	5.119000
156.462	5.119000
156.462	3.688000
156.779	3.688000
156.779	4.535000
157.087	4.535000
157.087	4.503000
157.392	4.503000
157.392	0.046000
157.394	0.046000
157.394	0.023000
157.396	0.023000
157.396	0.147000
157.398	0.147000
157.398	1.820000
157.75	1.820000
157.75	9.751000
157.761	9.751000
157.761	8.511000
157.772	8.511000
157.772	2.619000
158.124	2.619000
158.124	0.100000
158.126	0.100000
158.126	0.137000
158.128	0.137000
158.128	0.161000
158.13	0.161000
158.13	2.269000
158.447	2.269000
158.447	3.249000
158.763	3.249000
158.763	3.852000
159.076	3.852000
159.076	0.309000
159.393	0.309000
159.393	2.255000
159.71	2.255000
159.71	2.343000
160.024	2.343000
160.024	0.248000
160.026	0.248000
160.026	0.005000
160.028	0.005000
160.028	0.291000
160.03	0.291000
160.03	3.313000
160.381	3.313000
160.381	0.760000
160.393	0.760000
160.393	0.288000
160.404	0.288000
160.404	3.354000
160.721	3.354000
160.721	4.724000
161.035	4.724000
161.035	4.596000
161.348	4.596000
161.348	0.226000
161.35	0.226000
161.35	0.037000
161.352	0.037000
161.352	0.103000
161.354	0.103000
161.354	3.364000
161.671	3.364000
161.671	4.056000
161.987	4.056000
161.987	4.045000
162.3	4.045000
162.3	0.282000
162.617	0.282000
162.617	2.374000
162.931	2.374000
162.931	2.317000
163.245	2.317000
163.245	0.091000
163.247	0.091000
163.247	0.044000
163.249	0.044000
163.249	0.042000
163.251	0.042000
163.251	0.482000
163.603	0.482000
163.603	0.982000
163.612	0.982000
163.612	1.881000
163.62	1.881000
163.62	3.133000
163.937	3.133000
163.937	4.087000
164.249	4.087000
164.249	3.785000
164.56	3.785000
164.56	0.106000
164.562	0.106000
164.562	0.009000
164.564	0.009000
164.564	0.022000
164.566	0.022000
164.566	2.120000
164.883	2.120000
164.883	3.074000
165.198	3.074000
165.198	3.314000
165.513	3.314000
165.513	3.407000
165.865	3.407000
165.865	0.059000
165.867	0.059000
165.867	0.098000
165.869	0.098000
165.869	0.088000
165.871	0.088000
165.871	4.493000
166.223	4.493000
166.223	6.299000
166.235	6.299000
166.235	6.806000
166.247	6.806000
166.247	1.852000
166.599	1.852000
166.599	1.455000
166.613	1.455000
166.613	0.369000
166.627	0.369000
166.627	0.051000
166.629	0.051000
166.629	0.091000
166.631	0.091000
166.631	0.358000
166.633	0.358000
166.633	1.693000
166.95	1.693000
166.95	2.674000
167.265	2.674000
167.265	3.386000
167.579	3.386000
167.579	0.304000
167.896	0.304000
167.896	2.298000
168.212	2.298000
168.212	2.249000
168.528	2.249000
168.528	0.208000
168.53	0.208000
168.53	0.141000
168.532	0.141000
168.532	0.063000
168.534	0.063000
168.534	0.621000
168.886	0.621000
168.886	0.777000
168.895	0.777000
168.895	1.918000
168.904	1.918000
168.904	2.751000
169.256	2.751000
169.256	3.581000
169.266	3.581000
169.266	9.001000
169.276	9.001000
169.276	0.252000
169.278	0.252000
169.278	0.134000
169.28	0.134000
169.28	0.035000
169.282	0.035000
169.282	1.749000
169.634	1.749000
169.634	0.840000
169.646	0.840000
169.646	7.102000
169.658	7.102000
169.658	3.773000
169.975	3.773000
169.975	4.349000
170.291	4.349000
170.291	5.136000
170.605	5.136000
170.605	0.246000
170.608	0.246000
170.608	0.238000
170.611	0.238000
170.611	1.732000
170.614	1.732000
170.614	1.445000
170.932	1.445000
170.932	2.262000
171.247	2.262000
171.247	2.267000
171.564	2.267000
171.564	2.736000
171.916	2.736000
171.916	2.824000
171.926	2.824000
171.926	2.508000
171.936	2.508000
171.936	0.297000
171.939	0.297000
171.939	0.199000
171.942	0.199000
171.942	0.133000
171.945	0.133000
171.945	3.341000
172.263	3.341000
172.263	3.970000
172.573	3.970000
172.573	4.043000
172.89	4.043000
172.89	2.670000
173.208	2.670000
173.208	4.139000
173.522	4.139000
173.522	4.412000
173.834	4.412000
173.834	0.291000
173.837	0.291000
173.837	0.063000
173.84	0.063000
173.84	0.114000
173.843	0.114000
173.843	1.739000
174.161	1.739000
174.161	3.353000
174.475	3.353000
174.475	3.902000
174.79	3.902000
174.79	2.608000
175.142	2.608000
175.142	5.339000
175.151	5.339000
175.151	0.773000
175.16	0.773000
175.16	0.257000
175.162	0.257000
175.162	0.289000
175.164	0.289000
175.164	0.163000
175.166	0.163000
175.166	1.951000
175.517	1.951000
175.517	1.096000
175.526	1.096000
175.526	0.814000
175.535	0.814000
175.535	2.547000
175.852	2.547000
175.852	3.383000
176.168	3.383000
176.168	3.476000
176.483	3.476000
176.483	8.141000
176.485	8.141000
176.485	7.681000
176.487	7.681000
176.487	7.782000
176.489	7.782000
176.489	2.527000
176.841	2.527000
176.841	0.581000
176.85	0.581000
176.85	0.764000
176.859	0.764000
176.859	2.524000
177.176	2.524000
177.176	3.552000
177.493	3.552000
177.493	3.654000
177.808	3.654000
177.808	0.445000
177.81	0.445000
177.81	0.518000
177.812	0.518000
177.812	0.453000
177.814	0.453000
177.814	1.174000
178.131	1.174000
178.131	2.389000
178.447	2.389000
178.447	2.373000
178.764	2.373000
178.764	3.586000
179.116	3.586000
179.116	6.512000
179.127	6.512000
179.127	6.367000
179.138	6.367000
179.138	0.037000
179.14	0.037000
179.14	0.107000
179.142	0.107000
179.142	0.087000
179.144	0.087000
179.144	4.866000
179.461	4.866000
179.461	5.036000
179.776	5.036000
179.776	5.092000
180.087	5.092000
180.087	0.283000
180.404	0.283000
180.404	2.212000
180.721	2.212000
180.721	2.235000
181.036	2.235000
181.036	0.078000
181.038	0.078000
181.038	0.110000
181.04	0.110000
181.04	0.022000
181.042	0.022000
181.042	1.821000
181.394	1.821000
181.394	3.160000
181.407	3.160000
181.407	0.762000
181.42	0.762000
181.42	1.486000
181.696	1.486000
181.696	2.651000
181.97	2.651000
181.97	2.892000
182.242	2.892000
182.242	0.351000
182.244	0.351000
182.244	0.010000
182.246	0.010000
182.246	0.457000
182.248	0.457000
182.248	2.109000
182.524	2.109000
182.524	3.407000
182.8	3.407000
182.8	3.357000
183.07	3.357000
183.07	3.054000
183.381	3.054000
183.381	4.591000
183.39	4.591000
183.39	4.731000
183.399	4.731000
183.399	0.121000
183.401	0.121000
183.401	0.075000
183.403	0.075000
183.403	0.151000
183.405	0.151000
183.405	3.611000
183.722	3.611000
183.722	3.760000
184.038	3.760000
184.038	4.543000
184.355	4.543000
184.355	3.057000
184.707	3.057000
184.707	0.283000
184.714	0.283000
184.714	1.571000
184.722	1.571000
184.722	0.176000
184.724	0.176000
184.724	0.354000
184.726	0.354000
184.726	0.255000
184.728	0.255000
184.728	2.707000
185.08	2.707000
185.08	1.012000
185.091	1.012000
185.091	2.144000
185.101	2.144000
185.101	2.491000
185.453	2.491000
185.453	0.270000
185.464	0.270000
185.464	1.028000
185.475	1.028000
185.475	0.110000
185.477	0.110000
185.477	0.112000
185.479	0.112000
185.479	0.126000
185.481	0.126000
185.481	3.445000
185.798	3.445000
185.798	4.271000
186.112	4.271000
186.112	4.306000
186.424	4.306000
186.424	3.587000
186.776	3.587000
186.776	5.583000
186.786	5.583000
186.786	5.249000
186.797	5.249000
186.797	0.084000
186.799	0.084000
186.799	0.136000
186.801	0.136000
186.801	0.083000
186.803	0.083000
186.803	1.004000
187.12	1.004000
187.12	2.510000
187.435	2.510000
187.435	2.633000
187.751	2.633000
187.751	2.041000
188.068	2.041000
188.068	3.432000
188.383	3.432000
188.383	3.641000
188.698	3.641000
188.698	0.095000
188.7	0.095000
188.7	0.171000
188.702	0.171000
188.702	0.121000
188.704	0.121000
188.704	3.624000
189.055	3.624000
189.055	2.579000
189.065	2.579000
189.065	3.223000
189.075	3.223000
189.075	1.271000
189.426	1.271000
189.426	0.504000
189.437	0.504000
189.437	0.556000
189.448	0.556000
189.448	0.226000
189.45	0.226000
189.45	0.147000
189.452	0.147000
189.452	0.020000
189.454	0.020000
189.454	0.869000
189.771	0.869000
189.771	2.519000
190.086	2.519000
190.086	2.868000
190.399	2.868000
190.399	2.254000
190.715	2.254000
190.715	0.278000
191.032	0.278000
191.032	2.222000
191.349	2.222000
191.349	4.082000
191.662	4.082000
191.662	1.544000
191.98	1.544000
191.98	4.009000
192.296	4.009000
192.296	3.833000
192.612	3.833000
192.612	2.282000
192.929	2.282000
192.929	3.453000
193.245	3.453000
193.245	1.893000
193.254	1.893000
193.254	0.358000
193.606	0.358000
193.606	0.262000
193.615	0.262000
193.615	5.489000
193.933	5.489000
193.933	3.856000
194.251	3.856000
194.251	4.972000
194.568	4.972000
194.568	0.414000
194.578	0.414000
194.578	1.016000
194.889	1.016000
194.889	0.364000
194.899	0.364000
194.899	4.003000
195.213	4.003000
195.213	3.306000
195.53	3.306000
195.53	4.050000
195.843	4.050000
195.843	4.430000
196.196	4.430000
196.196	2.468000
196.549	2.468000
196.549	4.157000
196.9	4.157000
196.9	1.935000
196.91	1.935000
196.91	2.272000
197.262	2.272000
197.262	1.803000
197.272	1.803000
197.272	3.284000
197.548	3.284000
197.548	1.373000
197.824	1.373000
197.824	2.694000
198.098	2.694000
198.098	5.357000
198.415	5.357000
198.415	3.976000
198.734	3.976000
198.734	4.808000
199.053	4.808000
199.053	5.122000
199.369	5.122000
199.369	5.139000
199.686	5.139000
199.686	4.933000
199.999	4.933000
199.999	1.481000
200.007	1.481000
200.007	2.697000
200.359	2.697000
200.359	0.868000
200.367	0.868000
200.367	4.981000
200.683	4.981000
200.683	3.322000
201.001	3.322000
201.001	4.519000
201.319	4.519000
201.319	1.125000
201.329	1.125000
201.329	1.029000
201.681	1.029000
201.681	1.218000
201.691	1.218000
201.691	2.154000
202.002	2.154000
202.002	0.260000
202.319	0.260000
202.319	2.084000
202.632	2.084000
202.632	3.216000
202.983	3.216000
202.983	0.276000
203.335	0.276000
203.335	3.200000
203.684	3.200000
203.684	5.104000
203.7	5.104000
203.7	2.895000
204.051	2.895000
204.051	5.209000
204.067	5.209000
204.067	3.691000
204.383	3.691000
204.383	2.056000
204.7	2.056000
204.7	3.699000
205.015	3.699000
205.015	3.273000
205.332	3.273000
205.332	0.896000
205.649	0.896000
205.649	3.227000
205.965	3.227000
205.965	5.588000
206.282	5.588000
206.282	3.630000
206.599	3.630000
206.599	4.760000
206.914	4.760000
206.914	2.985000
206.921	2.985000
206.921	1.923000
207.273	1.923000
207.273	6.099000
207.28	6.099000
207.28	5.072000
207.291	5.072000
207.291	2.142000
207.643	2.142000
207.643	0.995000
207.654	0.995000
207.654	6.814000
207.971	6.814000
207.971	5.569000
208.289	5.569000
208.289	6.396000
208.605	6.396000
208.605	2.942000
208.922	2.942000
208.922	0.315000
209.239	0.315000
209.239	2.968000
209.554	2.968000
209.554	3.506000
209.563	3.506000
209.563	1.303000
209.915	1.303000
209.915	1.412000
209.924	1.412000
209.924	4.134000
210.241	4.134000
210.241	2.164000
210.559	2.164000
210.559	3.398000
210.877	3.398000
210.877	4.671000
211.192	4.671000
211.192	3.120000
211.509	3.120000
211.509	4.247000
211.825	4.247000
211.825	1.046000
211.834	1.046000
211.834	0.616000
212.186	0.616000
212.186	0.780000
212.195	0.780000
212.195	3.039000
212.512	3.039000
212.512	0.290000
212.829	0.290000
212.829	3.032000
213.144	3.032000
213.144	1.323000
213.152	1.323000
213.152	3.030000
213.504	3.030000
213.504	0.528000
213.512	0.528000
213.512	4.114000
213.827	4.114000
213.827	3.351000
214.144	3.351000
214.144	4.166000
214.459	4.166000
214.459	4.510000
214.776	4.510000
214.776	2.161000
215.093	2.161000
215.093	4.289000
215.409	4.289000
215.409	0.486000
215.418	0.486000
215.418	2.541000
215.77	2.541000
215.77	3.005000
215.779	3.005000
215.779	5.143000
216.093	5.143000
216.093	4.248000
216.41	4.248000
216.41	4.789000
216.722	4.789000
216.722	3.042000
217.074	3.042000
217.074	0.238000
217.426	0.238000
217.426	2.961000
217.776	2.961000
217.776	0.565000
217.786	0.565000
217.786	0.541000
218.138	0.541000
218.138	0.512000
218.148	0.512000
218.148	4.003000
218.5	4.003000
218.5	0.743000
218.51	0.743000
218.51	3.973000
218.825	3.973000
218.825	2.306000
219.142	2.306000
219.142	3.844000
219.459	3.844000
219.459	3.859000
219.773	3.859000
219.773	3.182000
220.09	3.182000
220.09	3.791000
220.403	3.791000
220.403	1.709000
220.412	1.709000
220.412	1.874000
220.764	1.874000
220.764	4.250000
220.773	4.250000
220.773	3.268000
221.123	3.268000
221.123	1.028000
221.476	1.028000
221.476	3.182000
221.827	3.182000
221.827	2.773000
222.143	2.773000
222.143	0.928000
222.46	0.928000
222.46	2.652000
222.776	2.652000
222.776	0.931000
222.785	0.931000
222.785	1.446000
223.137	1.446000
223.137	1.197000
223.146	1.197000
223.146	4.663000
223.498	4.663000
223.498	2.962000
223.851	2.962000
223.851	4.347000
224.204	4.347000
224.204	0.341000
224.213	0.341000
224.213	4.375000
224.565	4.375000
224.565	1.511000
224.574	1.511000
224.574	3.718000
224.891	3.718000
224.891	1.819000
225.208	1.819000
225.208	3.527000
225.521	3.527000
225.521	4.100000
225.874	4.100000
225.874	2.195000
226.227	2.195000
226.227	4.084000
226.58	4.084000
226.58	4.419000
226.895	4.419000
226.895	3.501000
227.212	3.501000
227.212	4.390000
227.525	4.390000
227.525	3.166000
227.842	3.166000
227.842	1.960000
228.159	1.960000
228.159	3.353000
228.472	3.353000
228.472	2.805000
228.789	2.805000
228.789	0.266000
229.106	0.266000
229.106	2.765000
229.419	2.765000
229.419	2.701000
229.735	2.701000
229.735	1.007000
230.052	1.007000
230.052	2.725000
230.363	2.725000
230.363	0.906000
230.374	0.906000
230.374	0.788000
230.726	0.788000
230.726	3.442000
230.737	3.442000
230.737	4.451000
231.053	4.451000
231.053	3.326000
231.371	3.326000
231.371	4.151000
231.688	4.151000
231.688	1.058000
231.697	1.058000
231.697	2.492000
232.049	2.492000
232.049	1.545000
232.058	1.545000
232.058	2.928000
232.07	2.928000
232.07	0.458000
232.422	0.458000
232.422	0.457000
232.434	0.457000
232.434	3.213000
232.751	3.213000
232.751	0.313000
233.069	0.313000
233.069	3.111000
233.386	3.111000
233.386	2.631000
233.396	2.631000
233.396	2.965000
233.748	2.965000
233.748	0.291000
233.759	0.291000
233.759	4.585000
234.073	4.585000
234.073	3.185000
234.39	3.185000
234.39	4.102000
234.706	4.102000
234.706	4.108000
235.059	4.108000
235.059	2.085000
235.412	2.085000
235.412	4.429000
235.763	4.429000
235.763	2.996000
236.08	2.996000
236.08	0.833000
236.397	0.833000
236.397	3.099000
236.712	3.099000
236.712	6.902000
236.721	6.902000
236.721	2.840000
237.073	2.840000
237.073	9.572000
237.082	9.572000
237.082	3.928000
237.398	3.928000
237.398	1.223000
237.715	1.223000
237.715	3.573000
238.028	3.573000
238.028	1.289000
238.036	1.289000
238.036	3.187000
238.388	3.187000
238.388	0.827000
238.396	0.827000
238.396	3.367000
238.713	3.367000
238.713	2.270000
239.03	2.270000
239.03	3.278000
239.346	3.278000
239.346	4.513000
239.662	4.513000
239.662	2.482000
239.979	2.482000
239.979	4.201000
240.296	4.201000
240.296	0.374000
240.304	0.374000
240.304	2.630000
240.656	2.630000
240.656	6.536000
240.664	6.536000
240.664	2.301000
240.979	2.301000
240.979	0.431000
241.296	0.431000
241.296	2.319000
241.612	2.319000
241.612	4.537000
241.929	4.537000
241.929	2.903000
242.246	2.903000
242.246	4.302000
242.563	4.302000
242.563	3.104000
242.872	3.104000
242.872	1.533000
243.189	1.533000
243.189	3.079000
243.499	3.079000
243.499	3.829000
243.814	3.829000
243.814	3.078000
244.132	3.078000
244.132	3.612000
244.443	3.612000
244.443	5.141000
244.796	5.141000
244.796	3.361000
245.149	3.361000
245.149	4.964000
245.502	4.964000
245.502	8.865000
245.512	8.865000
245.512	3.321000
245.864	3.321000
245.864	1.490000
245.873	1.490000
245.873	2.469000
246.224	2.469000
246.224	0.921000
246.233	0.921000
246.233	5.324000
246.549	5.324000
246.549	3.967000
246.867	3.967000
246.867	4.527000
247.183	4.527000
247.183	4.707000
247.498	4.707000
247.498	2.809000
247.815	2.809000
247.815	3.562000
248.131	3.562000
248.131	3.878000
248.447	3.878000
248.447	1.664000
248.764	1.664000
248.764	3.428000
249.079	3.428000
249.079	3.893000
249.397	3.893000
249.397	1.461000
249.715	1.461000
249.715	3.401000
250.032	3.401000
250.032	3.854000
250.349	3.854000
250.349	2.844000
250.666	2.844000
250.666	3.650000
250.982	3.650000
250.982	4.505000
251.298	4.505000
251.298	3.448000
251.615	3.448000
251.615	4.563000
251.927	4.563000
251.927	5.506000
252.278	5.506000
252.278	4.238000
252.63	4.238000
252.63	5.484000
252.981	5.484000
252.981	7.245000
252.99	7.245000
252.99	2.665000
253.342	2.665000
253.342	9.543000
253.351	9.543000
253.351	6.752000
253.362	6.752000
253.362	0.439000
253.714	0.439000
253.714	1.093000
253.725	1.093000
253.725	3.516000
254.042	3.516000
254.042	0.378000
254.359	0.378000
254.359	3.315000
254.674	3.315000
254.674	4.271000
254.987	4.271000
254.987	3.660000
255.304	3.660000
255.304	4.133000
255.621	4.133000
255.621	2.586000
255.935	2.586000
255.935	1.894000
256.252	1.894000
256.252	3.097000
256.565	3.097000
256.565	4.157000
256.881	4.157000
256.881	2.382000
257.199	2.382000
257.199	3.683000
257.517	3.683000
257.517	3.876000
257.869	3.876000
257.869	0.210000
257.878	0.210000
257.878	2.778000
258.229	2.778000
258.229	9.174000
258.242	9.174000
258.242	3.164000
258.559	3.164000
258.559	0.275000
258.876	0.275000
258.876	3.148000
259.193	3.148000
259.193	3.548000
259.506	3.548000
259.506	2.504000
259.823	2.504000
259.823	3.554000
260.136	3.554000
260.136	0.931000
260.145	0.931000
260.145	2.654000
260.497	2.654000
260.497	1.421000
260.506	1.421000
260.506	4.986000
260.817	4.986000
260.817	3.108000
261.134	3.108000
261.134	4.401000
261.451	4.401000
261.451	3.170000
261.461	3.170000
261.461	2.134000
261.812	2.134000
261.812	3.054000
261.822	3.054000
261.822	0.478000
261.834	0.478000
261.834	3.533000
262.186	3.533000
262.186	1.455000
262.198	1.455000
262.198	2.928000
262.551	2.928000
262.551	0.352000
262.904	0.352000
262.904	2.908000
263.256	2.908000
263.256	3.322000
263.571	3.322000
263.571	2.362000
263.888	2.362000
263.888	3.299000
264.202	3.299000
264.202	4.441000
264.519	4.441000
264.519	3.841000
264.836	3.841000
264.836	4.646000
265.152	4.646000
265.152	4.095000
265.505	4.095000
265.505	2.782000
265.858	2.782000
265.858	4.287000
266.21	4.287000
266.21	3.508000
266.525	3.508000
266.525	1.484000
266.842	1.484000
266.842	3.204000
267.158	3.204000
267.158	5.208000
267.473	5.208000
267.473	3.627000
267.79	3.627000
267.79	4.173000
268.106	4.173000
268.106	4.305000
268.459	4.305000
268.459	3.240000
268.812	3.240000
268.812	4.489000
269.164	4.489000
269.164	0.659000
269.172	0.659000
269.172	0.628000
269.489	0.628000
269.489	0.205000
269.497	0.205000
269.497	2.106000
269.812	2.106000
269.812	0.324000
270.129	0.324000
270.129	2.103000
270.445	2.103000
270.445	2.954000
270.761	2.954000
270.761	0.251000
271.078	0.251000
271.078	2.888000
271.394	2.888000
271.394	3.837000
271.669	3.837000
271.669	2.761000
271.945	2.761000
271.945	3.510000
272.216	3.510000
272.216	3.778000
272.528	3.778000
272.528	2.523000
272.845	2.523000
272.845	3.036000
273.158	3.036000
273.158	3.287000
273.475	3.287000
273.475	1.856000
273.793	1.856000
273.793	3.461000
274.109	3.461000
274.109	5.036000
274.382	5.036000
274.382	2.694000
274.658	2.694000
274.658	4.385000
274.93	4.385000
274.93	1.625000
274.94	1.625000
274.94	2.337000
275.292	2.337000
275.292	2.076000
275.301	2.076000
275.301	3.259000
275.651	3.259000
275.651	0.736000
276.003	0.736000
276.003	3.098000
276.354	3.098000
276.354	1.247000
276.362	1.247000
276.362	3.332000
276.713	3.332000
276.713	1.426000
276.721	1.426000
276.721	5.103000
276.733	5.103000
276.733	3.734000
277.085	3.734000
277.085	0.139000
277.097	0.139000
277.097	3.868000
277.415	3.868000
277.415	1.713000
277.733	1.713000
277.733	3.894000
278.051	3.894000
278.051	2.628000
278.327	2.628000
278.327	0.297000
278.603	0.297000
278.603	2.576000
278.876	2.576000
278.876	1.927000
278.887	1.927000
278.887	2.080000
279.239	2.080000
279.239	0.465000
279.25	0.465000
