0.0	6.760000
0.335	6.760000
0.335	7.123000
0.672	7.123000
0.672	7.090000
1.009	7.090000
1.009	8.472000
1.352	8.472000
1.352	8.711000
1.695	8.711000
1.695	8.008000
2.038	8.008000
2.038	7.947000
2.382	7.947000
2.382	7.785000
2.726	7.785000
2.726	7.353000
3.07	7.353000
3.07	7.183000
3.318	7.183000
3.318	7.761000
3.568	7.761000
3.568	7.733000
3.818	7.733000
3.818	9.073000
4.105	9.073000
4.105	9.822000
4.392	9.822000
4.392	8.743000
4.679	8.743000
4.679	7.631000
4.932	7.631000
4.932	7.972000
5.185	7.972000
5.185	7.747000
5.438	7.747000
5.438	8.286000
5.648	8.286000
5.648	8.036000
5.86	8.036000
5.86	8.017000
6.072	8.017000
6.072	7.944000
6.354	7.944000
6.354	8.219000
6.636	8.219000
6.636	7.808000
6.918	7.808000
6.918	9.575000
7.184	9.575000
7.184	9.023000
7.484	9.023000
7.484	8.694000
7.784	8.694000
7.784	8.762000
8.084	8.762000
8.084	8.368000
8.341	8.368000
8.341	8.384000
8.598	8.384000
8.598	8.191000
8.855	8.191000
8.855	7.896000
9.188	7.896000
9.188	8.202000
9.52	8.202000
9.52	7.863000
9.852	7.863000
9.852	7.496000
10.2	7.496000
10.2	7.484000
10.548	7.484000
10.548	7.466000
10.896	7.466000
10.896	6.366000
11.236	6.366000
11.236	6.797000
11.576	6.797000
11.576	6.326000
11.916	6.326000
11.916	6.825000
12.266	6.825000
12.266	6.518000
12.616	6.518000
12.616	6.496000
12.966	6.496000
12.966	8.137000
13.288	8.137000
13.288	8.202000
13.611	8.202000
13.611	8.297000
13.934	8.297000
13.934	8.134000
14.223	8.134000
14.223	7.647000
14.512	7.647000
14.512	7.910000
14.801	7.910000
14.801	5.968000
15.135	5.968000
15.135	5.934000
15.468	5.934000
15.468	5.900000
15.801	5.900000
15.801	7.662000
16.146	7.662000
16.146	7.454000
16.491	7.454000
16.491	8.313000
16.836	8.313000
16.836	7.649000
17.144	7.649000
17.144	7.584000
17.453	7.584000
17.453	7.769000
17.762	7.769000
17.762	8.475000
18.053	8.475000
18.053	8.503000
18.344	8.503000
18.344	9.259000
18.634	9.259000
18.634	9.036000
18.923	9.036000
18.923	8.682000
19.212	8.682000
19.212	9.680000
19.501	9.680000
19.501	9.790000
19.749	9.790000
19.749	9.090000
19.997	9.090000
19.997	9.336000
20.244	9.336000
20.244	8.137000
20.506	8.137000
20.506	8.432000
20.768	8.432000
20.768	7.787000
21.03	7.787000
21.03	7.979000
21.284	7.979000
21.284	7.893000
21.538	7.893000
21.538	8.295000
21.792	8.295000
21.792	8.814000
22.04	8.814000
22.04	8.750000
22.288	8.750000
22.288	8.657000
22.536	8.657000
22.536	6.946000
22.835	6.946000
22.835	6.947000
23.134	6.947000
23.134	7.899000
23.433	7.899000
23.433	8.602000
23.755	8.602000
23.755	9.165000
24.077	9.165000
24.077	8.578000
24.399	8.578000
24.399	8.088000
24.706	8.088000
24.706	8.158000
25.013	8.158000
25.013	7.996000
25.32	7.996000
25.32	7.139000
25.667	7.139000
25.667	6.945000
26.014	6.945000
26.014	7.608000
26.361	7.608000
26.361	7.589000
26.709	7.589000
26.709	7.298000
27.057	7.298000
27.057	7.449000
27.405	7.449000
27.405	8.152000
27.744	8.152000
27.744	8.371000
28.083	8.371000
28.083	8.418000
28.422	8.418000
28.422	7.255000
28.739	7.255000
28.739	7.364000
29.055	7.364000
29.055	6.899000
29.372	6.899000
29.372	7.339000
29.695	7.339000
29.695	7.461000
30.018	7.461000
30.018	7.502000
30.341	7.502000
30.341	6.971000
30.647	6.971000
30.647	6.739000
30.953	6.739000
30.953	7.020000
31.259	7.020000
31.259	7.782000
31.606	7.782000
31.606	7.860000
31.953	7.860000
31.953	7.756000
32.3	7.756000
32.3	8.271000
32.62	8.271000
32.62	8.196000
32.939	8.196000
32.939	8.073000
33.26	8.073000
33.26	7.275000
33.524	7.275000
33.524	7.339000
33.788	7.339000
33.788	7.523000
34.052	7.523000
34.052	8.443000
34.292	8.443000
34.292	8.470000
34.532	8.470000
34.532	8.256000
34.772	8.256000
34.772	7.661000
34.999	7.661000
34.999	7.294000
35.226	7.294000
35.226	7.746000
35.453	7.746000
35.453	7.407000
35.719	7.407000
35.719	7.902000
35.985	7.902000
35.985	7.330000
36.251	7.330000
36.251	8.023000
36.53	8.023000
36.53	7.911000
36.809	7.911000
36.809	8.058000
37.087	8.058000
37.087	8.131000
37.404	8.131000
37.404	8.288000
37.721	8.288000
37.721	8.553000
38.038	8.553000
38.038	5.977000
38.369	5.977000
38.369	5.448000
38.701	5.448000
38.701	6.230000
39.033	6.230000
39.033	8.126000
39.382	8.126000
39.382	8.445000
39.731	8.445000
39.731	8.492000
40.079	8.492000
40.079	7.431000
40.35	7.431000
40.35	7.358000
40.621	7.358000
40.621	7.250000
40.892	7.250000
40.892	9.589000
41.191	9.589000
41.191	9.092000
41.489	9.092000
41.489	9.129000
41.789	9.129000
41.789	6.391000
42.122	6.391000
42.122	5.930000
42.455	5.930000
42.455	6.207000
42.787	6.207000
42.787	8.736000
43.118	8.736000
43.118	8.707000
43.449	8.707000
43.449	8.894000
43.78	8.894000
43.78	8.331000
44.066	8.331000
44.066	9.032000
44.353	9.032000
44.353	8.784000
44.639	8.784000
44.639	7.054000
44.967	7.054000
44.967	7.257000
45.295	7.257000
45.295	7.192000
45.623	7.192000
45.623	8.458000
45.924	8.458000
45.924	8.344000
46.225	8.344000
46.225	8.643000
46.526	8.643000
46.526	9.397000
46.82	9.397000
46.82	9.574000
47.113	9.574000
47.113	9.494000
47.405	9.494000
47.405	8.089000
47.629	8.089000
47.629	8.108000
47.852	8.108000
47.852	7.711000
48.076	7.711000
48.076	9.365000
48.413	9.365000
48.413	9.539000
48.749	9.539000
48.749	9.565000
49.086	9.565000
49.086	9.275000
49.354	9.275000
49.354	8.807000
49.622	8.807000
49.622	9.662000
49.89	9.662000
49.89	7.765000
50.228	7.765000
50.228	7.947000
50.567	7.947000
50.567	7.852000
50.906	7.852000
50.906	8.030000
51.225	8.030000
51.225	8.136000
51.544	8.136000
51.544	8.298000
51.862	8.298000
51.862	7.596000
52.209	7.596000
52.209	7.910000
52.556	7.910000
52.556	8.174000
52.903	8.174000
52.903	7.662000
53.222	7.662000
53.222	8.766000
53.541	8.766000
53.541	7.828000
53.86	7.828000
53.86	8.084000
54.171	8.084000
54.171	8.100000
54.482	8.100000
54.482	8.039000
54.793	8.039000
54.793	8.176000
55.121	8.176000
55.121	8.035000
55.45	8.035000
55.45	8.062000
55.778	8.062000
55.778	9.006000
56.096	9.006000
56.096	9.041000
56.414	9.041000
56.414	8.944000
56.732	8.944000
56.732	8.199000
57.034	8.199000
57.034	8.643000
57.336	8.643000
57.336	7.697000
57.638	7.697000
57.638	9.132000
57.949	9.132000
57.949	8.739000
58.262	8.739000
58.262	8.892000
58.575	8.892000
58.575	8.043000
58.886	8.043000
58.886	7.817000
59.197	7.817000
59.197	8.169000
59.508	8.169000
59.508	8.862000
59.819	8.862000
59.819	8.661000
60.13	8.661000
60.13	8.669000
60.441	8.669000
60.441	9.961000
60.645	9.961000
60.645	9.511000
60.849	9.511000
60.849	9.710000
61.054	9.710000
61.054	8.160000
61.292	8.160000
61.292	9.560000
61.53	9.560000
61.53	8.862000
61.768	8.862000
61.768	8.361000
62.068	8.361000
62.068	8.363000
62.368	8.363000
62.368	8.860000
62.668	8.860000
62.668	8.136000
62.911	8.136000
62.911	8.057000
63.155	8.057000
63.155	8.115000
63.399	8.115000
63.399	6.457000
63.704	6.457000
63.704	6.601000
64.009	6.601000
64.009	6.792000
64.314	6.792000
64.314	4.604000
64.66	4.604000
64.66	4.072000
65.006	4.072000
65.006	5.270000
65.352	5.270000
65.352	7.621000
65.688	7.621000
65.688	7.747000
66.024	7.747000
66.024	7.694000
66.36	7.694000
66.36	8.459000
66.671	8.459000
66.671	8.396000
66.981	8.396000
66.981	8.745000
67.292	8.745000
67.292	8.093000
67.629	8.093000
67.629	8.164000
67.967	8.164000
67.967	8.005000
68.304	8.005000
68.304	7.867000
68.619	7.867000
68.619	8.203000
68.934	8.203000
68.934	8.600000
69.249	8.600000
69.249	8.203000
69.597	8.203000
69.597	7.983000
69.945	7.983000
69.945	7.920000
70.293	7.920000
70.293	8.545000
70.615	8.545000
70.615	8.584000
70.936	8.584000
70.936	8.680000
71.258	8.680000
71.258	4.620000
71.611	4.620000
71.611	5.219000
71.963	5.219000
71.963	4.726000
72.316	4.726000
72.316	5.391000
72.665	5.391000
72.665	6.448000
73.013	6.448000
73.013	5.324000
73.36	5.324000
73.36	7.777000
73.688	7.777000
73.688	8.212000
74.016	8.212000
74.016	8.309000
74.344	8.309000
74.344	7.102000
74.675	7.102000
74.675	7.226000
75.006	7.226000
75.006	6.759000
75.337	6.759000
75.337	7.215000
75.631	7.215000
75.631	7.218000
75.925	7.218000
75.925	7.319000
76.219	7.319000
76.219	8.203000
76.418	8.203000
76.418	8.237000
76.617	8.237000
76.617	8.120000
76.816	8.120000
76.816	8.543000
77.045	8.543000
77.045	9.219000
77.274	9.219000
77.274	8.420000
77.503	8.420000
77.503	8.313000
77.75	8.313000
77.75	9.378000
77.996	9.378000
77.996	8.425000
78.243	8.425000
78.243	7.834000
78.548	7.834000
78.548	7.790000
78.852	7.790000
78.852	7.768000
79.156	7.768000
79.156	8.301000
79.49	8.301000
79.49	8.896000
79.824	8.896000
79.824	8.376000
80.158	8.376000
80.158	7.907000
80.496	7.907000
80.496	7.647000
80.835	7.647000
80.835	7.689000
81.174	7.689000
81.174	5.067000
81.525	5.067000
81.525	5.561000
81.876	5.561000
81.876	5.027000
82.227	5.027000
82.227	7.893000
82.569	7.893000
82.569	7.526000
82.911	7.526000
82.911	7.463000
83.253	7.463000
83.253	8.524000
83.606	8.524000
83.606	8.364000
83.96	8.364000
83.96	8.293000
84.314	8.293000
84.314	6.276000
84.66	6.276000
84.66	6.552000
85.006	6.552000
85.006	5.856000
85.352	5.856000
85.352	7.826000
85.702	7.826000
85.702	7.972000
86.054	7.972000
86.054	7.895000
86.406	7.895000
86.406	8.032000
86.746	8.032000
86.746	8.389000
87.087	8.389000
87.087	8.364000
87.428	8.364000
87.428	5.979000
87.78	5.979000
87.78	6.593000
88.133	6.593000
88.133	6.232000
88.485	6.232000
88.485	9.129000
88.796	9.129000
88.796	9.166000
89.106	9.166000
89.106	9.018000
89.417	9.018000
89.417	8.230000
89.675	8.230000
89.675	9.015000
89.933	9.015000
89.933	8.237000
90.191	8.237000
90.191	6.799000
90.442	6.799000
90.442	6.408000
90.693	6.408000
90.693	6.432000
90.944	6.432000
90.944	9.408000
91.13	9.408000
91.13	9.355000
91.316	9.355000
91.316	9.169000
91.502	9.169000
91.502	6.295000
91.814	6.295000
91.814	6.868000
92.124	6.868000
92.124	5.821000
92.434	5.821000
92.434	8.248000
92.735	8.248000
92.735	7.902000
93.036	7.902000
93.036	8.791000
93.337	8.791000
93.337	8.286000
93.629	8.286000
93.629	8.088000
93.921	8.088000
93.921	8.183000
94.213	8.183000
94.213	8.526000
94.508	8.526000
94.508	8.379000
94.803	8.379000
94.803	7.276000
95.138	7.276000
95.138	7.756000
95.473	7.756000
95.473	7.241000
95.807	7.241000
95.807	6.673000
96.142	6.673000
96.142	6.723000
96.476	6.723000
96.476	6.847000
96.81	6.847000
96.81	4.857000
97.155	4.857000
97.155	4.766000
97.5	4.766000
97.5	5.051000
97.845	5.051000
97.845	8.109000
98.197	8.109000
98.197	8.264000
98.549	8.264000
98.549	7.869000
98.901	7.869000
98.901	8.089000
99.248	8.089000
99.248	8.364000
99.593	8.364000
99.593	8.355000
99.939	8.355000
99.939	6.021000
100.286	6.021000
100.286	6.509000
100.632	6.509000
100.632	5.889000
100.978	5.889000
100.978	7.739000
101.319	7.739000
101.319	8.008000
101.66	8.008000
101.66	8.051000
102.001	8.051000
102.001	7.877000
102.338	7.877000
102.338	7.552000
102.675	7.552000
102.675	7.887000
103.012	7.887000
103.012	3.856000
103.365	3.856000
103.365	4.864000
103.717	4.864000
103.717	4.326000
104.069	4.326000
104.069	7.662000
104.403	7.662000
104.403	7.389000
104.737	7.389000
104.737	7.558000
105.071	7.558000
105.071	7.310000
105.418	7.310000
105.418	7.325000
105.765	7.325000
105.765	6.882000
106.111	6.882000
106.111	5.184000
106.439	5.184000
106.439	4.982000
106.767	4.982000
106.767	5.169000
107.095	5.169000
107.095	7.060000
107.408	7.060000
107.408	7.377000
107.721	7.377000
107.721	6.749000
108.034	6.749000
108.034	8.187000
108.306	8.187000
108.306	8.305000
108.578	8.305000
108.578	8.270000
108.85	8.270000
108.85	8.228000
109.101	8.228000
109.101	8.439000
109.352	8.439000
109.352	8.176000
109.603	8.176000
109.603	7.022000
109.932	7.022000
109.932	6.901000
110.261	6.901000
110.261	6.994000
110.59	6.994000
110.59	7.425000
110.884	7.425000
110.884	7.459000
111.18	7.459000
111.18	7.300000
111.476	7.300000
111.476	5.949000
111.811	5.949000
111.811	6.374000
112.146	6.374000
112.146	5.638000
112.481	5.638000
112.481	8.129000
112.829	8.129000
112.829	8.029000
113.176	8.029000
113.176	8.024000
113.524	8.024000
113.524	7.695000
113.875	7.695000
113.875	7.947000
114.227	7.947000
114.227	7.992000
114.579	7.992000
114.579	8.042000
114.931	8.042000
114.931	7.628000
115.282	7.628000
115.282	7.731000
115.633	7.731000
115.633	5.774000
115.977	5.774000
115.977	6.276000
116.32	6.276000
116.32	5.648000
116.664	5.648000
116.664	8.570000
116.982	8.570000
116.982	8.495000
117.301	8.495000
117.301	8.663000
117.62	8.663000
117.62	7.946000
117.945	7.946000
117.945	8.550000
118.271	8.550000
118.271	7.842000
118.597	7.842000
118.597	7.959000
118.883	7.959000
118.883	7.852000
119.169	7.852000
119.169	7.566000
119.455	7.566000
119.455	8.151000
119.68	8.151000
119.68	8.280000
119.905	8.280000
119.905	8.085000
120.13	8.085000
120.13	6.852000
120.401	6.852000
120.401	7.654000
120.673	7.654000
120.673	7.082000
120.945	7.082000
120.945	9.340000
121.216	9.340000
121.216	9.427000
121.487	9.427000
121.487	9.064000
121.758	9.064000
121.758	8.712000
122.068	8.712000
122.068	8.760000
122.376	8.760000
122.376	8.875000
122.684	8.875000
122.684	8.883000
123.005	8.883000
123.005	8.562000
123.326	8.562000
123.326	9.065000
123.646	9.065000
123.646	7.379000
123.948	7.379000
123.948	7.212000
124.25	7.212000
124.25	7.318000
124.552	7.318000
124.552	7.799000
124.846	7.799000
124.846	7.989000
125.14	7.989000
125.14	8.173000
125.434	8.173000
125.434	8.723000
125.786	8.723000
125.786	8.673000
126.138	8.673000
126.138	8.370000
126.49	8.370000
126.49	8.565000
126.794	8.565000
126.794	8.500000
127.1	8.500000
127.1	8.477000
127.406	8.477000
127.406	8.010000
127.731	8.010000
127.731	7.844000
128.056	7.844000
128.056	7.804000
128.381	7.804000
128.381	6.903000
128.722	6.903000
128.722	6.589000
129.063	6.589000
129.063	6.880000
129.404	6.880000
129.404	8.161000
129.721	8.161000
129.721	8.268000
130.037	8.268000
130.037	8.298000
130.354	8.298000
130.354	8.968000
130.684	8.968000
130.684	8.712000
131.014	8.712000
131.014	9.085000
131.344	9.085000
131.344	7.961000
131.691	7.961000
131.691	7.541000
132.038	7.541000
132.038	7.911000
132.385	7.911000
132.385	5.838000
132.732	5.838000
132.732	5.316000
133.08	5.316000
133.08	8.913000
133.409	8.913000
133.409	8.010000
133.738	8.010000
133.738	8.610000
134.067	8.610000
134.067	9.315000
134.381	9.315000
134.381	8.242000
134.693	8.242000
134.693	8.254000
135.005	8.254000
135.005	9.964000
135.265	9.964000
135.265	9.986000
135.527	9.986000
135.527	9.970000
135.789	9.970000
135.789	5.803000
136.092	5.803000
136.092	5.414000
136.395	5.414000
136.395	5.809000
136.697	5.809000
136.697	8.831000
136.953	8.831000
136.953	8.191000
137.209	8.191000
137.209	8.535000
137.466	8.535000
137.466	9.581000
137.733	9.581000
137.733	9.318000
138.0	9.318000
138.0	9.407000
138.267	9.407000
138.267	8.471000
138.551	8.471000
138.551	7.864000
138.835	7.864000
138.835	8.316000
139.119	8.316000
139.119	7.589000
139.45	7.589000
139.45	7.090000
139.782	7.090000
139.782	7.319000
140.114	7.319000
140.114	8.233000
140.432	8.233000
140.432	8.260000
140.753	8.260000
140.753	8.157000
141.074	8.157000
141.074	6.325000
141.427	6.325000
141.427	6.203000
141.78	6.203000
141.78	5.990000
142.134	5.990000
142.134	7.719000
142.428	7.719000
142.428	7.940000
142.723	7.940000
142.723	7.909000
143.018	7.909000
143.018	7.334000
143.356	7.334000
143.356	7.265000
143.694	7.265000
143.694	6.971000
144.015	6.971000
144.015	7.123000
144.335	7.123000
144.335	6.691000
144.656	6.691000
144.656	8.591000
144.992	8.591000
144.992	8.642000
145.329	8.642000
145.329	8.363000
145.666	8.363000
145.666	8.706000
146.002	8.706000
146.002	8.209000
146.338	8.209000
146.338	8.141000
146.674	8.141000
146.674	5.175000
147.023	5.175000
147.023	4.717000
147.373	4.717000
147.373	5.456000
147.722	5.456000
147.722	9.243000
148.053	9.243000
148.053	8.873000
148.384	8.873000
148.384	8.748000
148.715	8.748000
148.715	8.569000
149.036	8.569000
149.036	9.196000
149.357	9.196000
149.357	8.490000
149.677	8.490000
149.677	7.697000
149.967	7.697000
149.967	8.612000
150.257	8.612000
150.257	7.756000
150.547	7.756000
150.547	8.740000
150.843	8.740000
150.843	8.406000
151.139	8.406000
151.139	8.373000
151.435	8.373000
151.435	9.389000
151.745	9.389000
151.745	9.188000
152.055	9.188000
152.055	9.360000
152.365	9.360000
152.365	6.318000
152.678	6.318000
152.678	5.721000
152.991	5.721000
152.991	6.672000
153.303	6.672000
153.303	8.304000
153.623	8.304000
153.623	8.750000
153.943	8.750000
153.943	8.668000
154.263	8.668000
154.263	5.763000
154.602	5.763000
154.602	5.752000
154.942	5.752000
154.942	7.854000
155.259	7.854000
155.259	8.104000
155.576	8.104000
155.576	7.714000
155.888	7.714000
155.888	7.612000
156.2	7.612000
156.2	7.876000
156.513	7.876000
156.513	6.975000
156.836	6.975000
156.836	7.034000
157.158	7.034000
157.158	7.756000
157.504	7.756000
157.504	7.772000
157.849	7.772000
157.849	7.647000
158.195	7.647000
158.195	7.983000
158.514	7.983000
158.514	7.504000
158.833	7.504000
158.833	8.047000
159.152	8.047000
159.152	7.732000
159.492	7.732000
159.492	8.249000
159.831	8.249000
159.831	7.606000
160.171	7.606000
160.171	7.042000
160.488	7.042000
160.488	7.307000
160.805	7.307000
160.805	7.243000
161.121	7.243000
161.121	8.223000
161.459	8.223000
161.459	8.254000
161.798	8.254000
161.798	8.297000
162.137	8.297000
162.137	6.446000
162.482	6.446000
162.482	6.156000
162.827	6.156000
162.827	7.353000
163.147	7.353000
163.147	7.727000
163.467	7.727000
163.467	7.410000
163.787	7.410000
163.787	8.362000
164.119	8.362000
164.119	8.349000
164.451	8.349000
164.451	8.488000
164.783	8.488000
164.783	9.007000
165.102	9.007000
165.102	9.228000
165.42	9.228000
165.42	8.578000
165.739	8.578000
165.739	6.971000
166.064	6.971000
166.064	7.359000
166.389	7.359000
166.389	6.831000
166.714	6.831000
166.714	9.483000
167.0	9.483000
167.0	9.634000
167.285	9.634000
167.285	9.523000
167.571	9.523000
167.571	9.044000
167.84	9.044000
167.84	8.842000
168.109	8.842000
168.109	7.204000
168.42	7.204000
168.42	7.524000
168.731	7.524000
168.731	7.471000
169.041	7.471000
169.041	9.653000
169.331	9.653000
169.331	9.096000
169.622	9.096000
169.622	9.453000
169.914	9.453000
169.914	8.438000
170.242	8.438000
170.242	9.002000
170.57	9.002000
170.57	7.976000
170.858	7.976000
170.858	8.366000
171.146	8.366000
171.146	7.721000
171.434	7.721000
171.434	5.604000
171.783	5.604000
171.783	5.788000
172.131	5.788000
172.131	5.776000
172.479	5.776000
172.479	5.593000
172.825	5.593000
172.825	6.079000
173.17	6.079000
173.17	5.188000
173.516	5.188000
173.516	5.212000
173.868	5.212000
173.868	5.991000
174.22	5.991000
174.22	5.691000
174.571	5.691000
174.571	7.629000
174.881	7.629000
174.881	7.379000
175.191	7.379000
175.191	7.482000
175.501	7.482000
175.501	8.307000
175.838	8.307000
175.838	8.615000
176.175	8.615000
176.175	8.633000
176.512	8.633000
176.512	6.835000
176.86	6.835000
176.86	7.311000
177.208	7.311000
177.208	7.405000
177.555	7.405000
177.555	7.994000
177.882	7.994000
177.882	8.216000
178.209	8.216000
178.209	5.313000
178.56	5.313000
178.56	6.071000
178.91	6.071000
178.91	5.369000
179.26	5.369000
179.26	9.340000
179.548	9.340000
179.548	8.708000
179.836	8.708000
179.836	9.168000
180.124	9.168000
180.124	8.474000
180.427	8.474000
180.427	8.641000
180.73	8.641000
180.73	8.378000
181.033	8.378000
181.033	6.142000
181.299	6.142000
181.299	6.232000
181.565	6.232000
181.565	6.193000
181.831	6.193000
181.831	9.591000
182.1	9.591000
182.1	9.226000
182.368	9.226000
182.368	9.399000
182.636	9.399000
182.636	7.084000
182.891	7.084000
182.891	8.133000
183.146	8.133000
183.146	7.371000
183.401	7.371000
183.401	6.076000
183.692	6.076000
183.692	6.531000
183.983	6.531000
183.983	6.349000
184.274	6.349000
184.274	7.104000
184.606	7.104000
184.606	7.213000
184.938	7.213000
184.938	7.354000
185.27	7.354000
185.27	5.899000
185.613	5.899000
185.613	5.720000
185.956	5.720000
185.956	5.931000
186.299	5.931000
186.299	9.033000
186.629	9.033000
186.629	9.081000
186.959	9.081000
186.959	9.104000
187.288	9.104000
187.288	8.490000
187.619	8.490000
187.619	8.469000
187.95	8.469000
187.95	8.203000
188.28	8.203000
188.28	4.625000
188.633	4.625000
188.633	4.832000
188.985	4.832000
188.985	4.903000
189.337	4.903000
189.337	7.136000
189.658	7.136000
189.658	7.257000
189.979	7.257000
189.979	7.254000
190.3	7.254000
190.3	6.221000
190.643	6.221000
190.643	5.734000
190.987	5.734000
190.987	5.268000
191.323	5.268000
191.323	5.529000
191.658	5.529000
191.658	5.759000
191.993	5.759000
191.993	6.112000
192.34	6.112000
192.34	6.099000
192.687	6.099000
192.687	6.332000
193.034	6.332000
193.034	5.743000
193.386	5.743000
193.386	5.674000
193.738	5.674000
193.738	5.671000
194.09	5.671000
194.09	6.039000
194.438	6.039000
194.438	6.386000
194.788	6.386000
194.788	6.385000
195.139	6.385000
195.139	5.018000
195.487	5.018000
195.487	4.813000
195.834	4.813000
195.834	4.646000
196.181	4.646000
196.181	5.763000
196.505	5.763000
196.505	5.368000
196.829	5.368000
196.829	5.802000
197.153	5.802000
197.153	8.822000
197.466	8.822000
197.466	8.840000
197.781	8.840000
197.781	8.977000
198.096	8.977000
198.096	7.212000
198.416	7.212000
198.416	7.026000
198.735	7.026000
198.735	7.123000
199.054	7.123000
199.054	6.671000
199.366	6.671000
199.366	6.959000
199.678	6.959000
199.678	7.157000
199.99	7.157000
199.99	7.254000
200.34	7.254000
200.34	7.276000
200.69	7.276000
200.69	7.394000
201.04	7.394000
201.04	8.886000
201.378	8.886000
201.378	8.602000
201.716	8.602000
201.716	8.521000
202.054	8.521000
202.054	8.803000
202.406	8.803000
202.406	9.108000
202.759	9.108000
202.759	8.699000
203.112	8.699000
203.112	7.735000
203.433	7.735000
203.433	7.191000
203.754	7.191000
203.754	7.768000
204.075	7.768000
204.075	8.453000
204.39	8.453000
204.39	9.023000
204.705	9.023000
204.705	8.248000
205.02	8.248000
205.02	7.472000
205.364	7.472000
205.364	7.830000
205.709	7.830000
205.709	7.796000
206.054	7.796000
206.054	8.452000
206.382	8.452000
206.382	8.426000
206.71	8.426000
206.71	8.987000
207.037	8.987000
207.037	5.347000
207.378	5.347000
207.378	6.090000
207.718	6.090000
207.718	5.206000
208.059	5.206000
208.059	7.206000
208.397	7.206000
208.397	7.888000
208.735	7.888000
208.735	7.257000
209.073	7.257000
209.073	9.601000
209.311	9.601000
209.311	8.598000
209.549	8.598000
209.549	9.009000
209.787	9.009000
209.787	6.557000
210.054	6.557000
210.054	6.361000
210.321	6.361000
210.321	6.293000
210.588	6.293000
210.588	7.811000
210.849	7.811000
210.849	8.196000
211.111	8.196000
211.111	8.418000
211.373	8.418000
211.373	8.514000
211.69	8.514000
211.69	8.051000
212.007	8.051000
212.007	8.416000
212.324	8.416000
212.324	5.495000
212.666	5.495000
212.666	5.411000
213.008	5.411000
213.008	5.771000
213.35	5.771000
213.35	6.030000
213.692	6.030000
213.692	5.353000
214.034	5.353000
214.034	8.702000
214.335	8.702000
214.335	7.649000
214.635	7.649000
214.635	8.003000
214.936	8.003000
214.936	9.087000
215.271	9.087000
215.271	9.015000
215.606	9.015000
215.606	9.448000
215.941	9.448000
215.941	8.412000
216.295	8.412000
216.295	7.978000
216.648	7.978000
216.648	9.074000
217.0	9.074000
217.0	8.313000
217.314	8.313000
217.314	7.817000
217.628	7.817000
217.628	7.820000
217.941	7.820000
217.941	9.223000
218.268	9.223000
218.268	9.630000
218.595	9.630000
218.595	8.883000
218.922	8.883000
218.922	7.076000
219.26	7.076000
219.26	7.914000
219.598	7.914000
219.598	7.376000
219.935	7.376000
219.935	8.421000
220.272	8.421000
220.272	8.168000
220.608	8.168000
220.608	8.343000
220.945	8.343000
220.945	7.846000
221.247	7.846000
221.247	8.254000
221.549	8.254000
221.549	8.300000
221.851	8.300000
221.851	4.268000
222.202	4.268000
222.202	4.880000
222.552	4.880000
222.552	5.017000
222.903	5.017000
222.903	8.073000
223.234	8.073000
223.234	7.743000
223.565	7.743000
223.565	7.851000
223.896	7.851000
223.896	6.526000
224.226	6.526000
224.226	6.182000
224.556	6.182000
224.556	6.297000
224.886	6.297000
224.886	6.413000
225.204	6.413000
225.204	7.663000
225.522	7.663000
225.522	5.196000
225.853	5.196000
225.853	5.301000
226.184	5.301000
226.184	5.256000
226.515	5.256000
226.515	6.218000
226.846	6.218000
226.846	6.039000
227.177	6.039000
227.177	6.176000
227.508	6.176000
227.508	3.323000
227.855	3.323000
227.855	4.288000
228.202	4.288000
228.202	3.156000
228.549	3.156000
228.549	7.415000
228.854	7.415000
228.854	7.011000
229.158	7.011000
229.158	7.652000
229.463	7.652000
229.463	7.658000
229.81	7.658000
229.81	8.117000
230.157	8.117000
230.157	7.697000
230.504	7.697000
230.504	7.124000
230.837	7.124000
230.837	7.044000
231.169	7.044000
231.169	7.088000
231.502	7.088000
231.502	6.865000
231.829	6.865000
231.829	7.396000
232.157	7.396000
232.157	6.468000
232.485	6.468000
232.485	3.993000
232.832	3.993000
232.832	4.157000
233.179	4.157000
233.179	8.268000
233.504	8.268000
233.504	7.628000
233.829	7.628000
233.829	7.995000
234.154	7.995000
234.154	7.562000
234.477	7.562000
234.477	7.974000
234.799	7.974000
234.799	7.974000
235.12	7.974000
235.12	5.730000
235.471	5.730000
235.471	5.721000
235.821	5.721000
235.821	5.353000
236.172	5.353000
236.172	8.374000
236.519	8.374000
236.519	8.033000
236.867	8.033000
236.867	8.395000
237.215	8.395000
237.215	3.618000
237.57	3.618000
237.57	4.878000
237.924	4.878000
237.924	3.491000
238.279	3.491000
238.279	7.915000
238.601	7.915000
238.601	8.501000
238.923	8.501000
238.923	8.210000
239.244	8.210000
239.244	7.990000
239.509	7.990000
239.509	7.234000
239.774	7.234000
239.774	7.822000
240.039	7.822000
240.039	7.830000
240.373	7.830000
240.373	9.299000
240.706	9.299000
240.706	8.038000
241.038	8.038000
241.038	7.289000
241.357	7.289000
241.357	7.670000
241.676	7.670000
241.676	7.417000
241.995	7.417000
241.995	7.534000
242.318	7.534000
242.318	7.040000
242.641	7.040000
242.641	7.486000
242.965	7.486000
242.965	7.268000
243.304	7.268000
243.304	7.191000
243.643	7.191000
243.643	7.552000
243.982	7.552000
243.982	6.141000
244.326	6.141000
244.326	6.579000
244.669	6.579000
244.669	5.445000
245.012	5.445000
245.012	8.615000
245.345	8.615000
245.345	8.275000
245.677	8.275000
245.677	8.400000
246.01	8.400000
246.01	6.848000
246.35	6.848000
246.35	7.069000
246.689	7.069000
246.689	7.370000
247.036	7.370000
247.036	7.844000
247.383	7.844000
247.383	7.520000
247.73	7.520000
247.73	9.032000
248.068	9.032000
248.068	9.462000
248.406	9.462000
248.406	9.799000
248.744	9.799000
248.744	8.394000
249.062	8.394000
249.062	7.854000
249.38	7.854000
249.38	8.232000
249.698	8.232000
249.698	8.278000
250.051	8.278000
250.051	8.576000
250.404	8.576000
250.404	8.640000
250.758	8.640000
250.758	7.162000
251.109	7.162000
251.109	6.908000
251.46	6.908000
251.46	7.096000
251.811	7.096000
251.811	6.187000
252.162	6.187000
252.162	5.956000
252.513	5.956000
252.513	6.504000
252.864	6.504000
252.864	8.356000
253.182	8.356000
253.182	8.162000
253.501	8.162000
253.501	8.055000
253.82	8.055000
253.82	6.435000
254.159	6.435000
254.159	6.037000
254.497	6.037000
254.497	6.398000
254.835	6.398000
254.835	9.858000
255.099	9.858000
255.099	9.233000
255.363	9.233000
255.363	8.687000
255.569	8.687000
255.569	8.537000
255.774	8.537000
255.774	8.438000
255.979	8.438000
255.979	6.741000
256.254	6.741000
256.254	6.643000
256.529	6.643000
256.529	6.991000
256.804	6.991000
256.804	7.090000
257.063	7.090000
257.063	7.636000
257.321	7.636000
257.321	6.974000
257.58	6.974000
257.58	6.826000
257.906	6.826000
257.906	6.849000
258.229	6.849000
258.229	7.084000
258.553	7.084000
258.553	5.909000
258.869	5.909000
258.869	6.813000
259.184	6.813000
259.184	5.799000
259.5	5.799000
259.5	7.456000
259.829	7.456000
259.829	7.767000
260.16	7.767000
260.16	7.654000
260.491	7.654000
260.491	7.006000
260.826	7.006000
260.826	6.544000
261.161	6.544000
261.161	7.154000
261.496	7.154000
261.496	4.984000
261.849	4.984000
261.849	4.783000
262.202	4.783000
262.202	5.584000
262.554	5.584000
262.554	8.858000
262.878	8.858000
262.878	9.026000
263.202	9.026000
263.202	9.011000
263.526	9.011000
263.526	7.840000
263.874	7.840000
263.874	7.528000
264.221	7.528000
264.221	7.810000
264.568	7.810000
264.568	5.476000
264.921	5.476000
264.921	5.854000
265.274	5.854000
265.274	5.449000
265.627	5.449000
265.627	8.072000
265.981	8.072000
265.981	8.024000
266.334	8.024000
266.334	8.204000
266.687	8.204000
266.687	7.569000
267.037	7.569000
267.037	7.010000
267.387	7.010000
267.387	7.627000
267.737	7.627000
267.737	4.027000
268.09	4.027000
268.09	4.313000
268.442	4.313000
268.442	3.559000
268.794	3.559000
268.794	7.762000
269.114	7.762000
269.114	7.332000
269.435	7.332000
269.435	7.183000
269.756	7.183000
269.756	7.354000
270.071	7.354000
270.071	7.082000
270.386	7.082000
270.386	7.588000
270.701	7.588000
270.701	5.021000
271.036	5.021000
271.036	4.350000
271.371	4.350000
271.371	5.151000
271.706	5.151000
271.706	7.617000
271.992	7.617000
271.992	7.269000
272.278	7.269000
272.278	7.407000
272.564	7.407000
272.564	5.533000
272.888	5.533000
272.888	5.485000
273.212	5.485000
273.212	6.172000
273.536	6.172000
273.536	7.659000
273.834	7.659000
273.834	7.494000
274.132	7.494000
274.132	7.903000
274.429	7.903000
274.429	9.296000
274.675	9.296000
274.675	8.906000
274.921	8.906000
274.921	9.014000
275.167	9.014000
275.167	4.348000
275.498	4.348000
275.498	4.628000
275.829	4.628000
275.829	4.427000
276.161	4.427000
276.161	4.929000
276.501	4.929000
276.501	4.797000
276.841	4.797000
276.841	4.562000
277.181	4.562000
277.181	8.204000
277.514	8.204000
277.514	8.699000
277.848	8.699000
277.848	8.658000
278.182	8.658000
278.182	4.694000
278.501	4.694000
278.501	5.132000
278.82	5.132000
278.82	4.329000
279.139	4.329000
279.139	3.384000
279.492	3.384000
279.492	4.308000
279.844	4.308000
279.844	3.585000
280.196	3.585000
280.196	6.134000
280.547	6.134000
280.547	6.382000
280.901	6.382000
280.901	6.323000
281.255	6.323000
281.255	5.904000
281.608	5.904000
281.608	6.183000
281.962	6.183000
281.962	5.727000
282.316	5.727000
282.316	8.199000
282.638	8.199000
282.638	8.158000
282.959	8.158000
282.959	8.083000
283.28	8.083000
283.28	5.523000
283.616	5.523000
283.616	5.174000
283.952	5.174000
283.952	5.284000
284.287	5.284000
284.287	9.044000
284.577	9.044000
284.577	8.600000
284.867	8.600000
284.867	9.502000
285.157	9.502000
285.157	5.331000
285.474	5.331000
285.474	4.979000
285.791	4.979000
285.791	4.822000
286.108	4.822000
286.108	5.093000
286.409	5.093000
286.409	6.045000
286.71	6.045000
286.71	4.808000
287.011	4.808000
287.011	3.920000
287.347	3.920000
287.347	4.385000
287.684	4.385000
287.684	4.286000
288.02	4.286000
288.02	7.933000
288.314	7.933000
288.314	8.115000
288.608	8.115000
288.608	8.043000
288.902	8.043000
288.902	6.740000
289.201	6.740000
289.201	6.220000
289.5	6.220000
289.5	6.844000
289.799	6.844000
289.799	3.555000
290.139	3.555000
290.139	4.011000
290.479	4.011000
290.479	3.279000
290.819	3.279000
290.819	6.512000
291.159	6.512000
291.159	6.355000
291.498	6.355000
291.498	6.470000
291.837	6.470000
291.837	5.583000
292.187	5.583000
292.187	5.824000
292.537	5.824000
292.537	5.071000
292.888	5.071000
292.888	7.038000
293.239	7.038000
293.239	6.932000
293.59	6.932000
293.59	7.221000
293.941	7.221000
293.941	7.928000
294.29	7.928000
294.29	8.063000
294.639	8.063000
294.639	8.187000
294.988	8.187000
294.988	5.207000
295.334	5.207000
295.334	4.606000
295.68	4.606000
295.68	5.290000
296.026	5.290000
296.026	4.683000
296.376	4.683000
296.376	5.229000
296.726	5.229000
296.726	4.398000
297.076	4.398000
297.076	7.463000
297.426	7.463000
297.426	7.786000
297.775	7.786000
297.775	7.718000
298.124	7.718000
298.124	7.825000
298.469	7.825000
298.469	7.636000
298.814	7.636000
298.814	7.928000
299.16	7.928000
299.16	9.240000
299.465	9.240000
299.465	9.417000
299.77	9.417000
299.77	9.351000
300.075	9.351000
300.075	0.000000
300.075	0.000000
300.075	6.507000
300.421	6.507000
300.421	5.468000
300.767	5.468000
300.767	8.576000
301.119	8.576000
301.119	0.000000
301.119	0.000000
301.119	8.959000
301.471	8.959000
301.471	1.956000
301.573	1.956000
301.573	0.000000
301.573	0.000000
301.573	2.046000
301.675	2.046000
301.675	8.374000
302.027	8.374000
302.027	9.178000
302.379	9.178000
302.379	8.337000
302.731	8.337000
302.731	7.564000
303.077	7.564000
303.077	7.685000
303.424	7.685000
303.424	7.650000
303.771	7.650000
303.771	4.578000
304.1	4.578000
304.1	4.885000
304.429	4.885000
304.429	3.988000
304.758	3.988000
304.758	5.404000
305.104	5.404000
305.104	4.627000
305.45	4.627000
305.45	5.148000
305.795	5.148000
305.795	6.690000
306.128	6.690000
306.128	7.322000
306.461	7.322000
306.461	7.166000
306.793	7.166000
306.793	7.245000
307.145	7.245000
307.145	8.067000
307.499	8.067000
307.499	6.741000
307.852	6.741000
307.852	8.085000
308.171	8.085000
308.171	8.280000
308.49	8.280000
308.49	7.804000
308.809	7.804000
308.809	7.929000
309.131	7.929000
309.131	7.632000
309.453	7.632000
309.453	7.706000
309.775	7.706000
309.775	6.916000
310.113	6.916000
310.113	6.538000
310.451	6.538000
310.451	7.171000
310.788	7.171000
310.788	4.166000
311.141	4.166000
311.141	4.046000
311.494	4.046000
311.494	4.301000
311.847	4.301000
311.847	8.268000
312.201	8.268000
312.201	8.667000
312.554	8.667000
312.554	8.177000
312.908	8.177000
312.908	3.230000
313.261	3.230000
313.261	4.264000
313.614	4.264000
313.614	3.389000
313.966	3.389000
313.966	8.699000
314.294	8.699000
314.294	8.656000
314.623	8.656000
314.623	8.486000
314.952	8.486000
314.952	8.816000
315.282	8.816000
315.282	9.354000
315.611	9.354000
315.611	8.223000
315.94	8.223000
315.94	5.616000
316.273	5.616000
316.273	6.373000
316.606	6.373000
316.606	5.294000
316.939	5.294000
316.939	5.919000
317.248	5.919000
317.248	5.501000
317.557	5.501000
317.557	6.271000
317.866	6.271000
317.866	9.435000
318.163	9.435000
318.163	9.463000
318.461	9.463000
318.461	9.441000
318.759	9.441000
318.759	5.021000
319.083	5.021000
319.083	4.647000
319.407	4.647000
319.407	5.116000
319.729	5.116000
319.729	8.895000
320.064	8.895000
320.064	8.994000
320.399	8.994000
320.399	8.958000
320.734	8.958000
320.734	8.614000
321.067	8.614000
321.067	8.820000
321.4	8.820000
321.4	7.985000
321.733	7.985000
321.733	6.410000
322.086	6.410000
322.086	6.036000
322.439	6.036000
322.439	6.132000
322.792	6.132000
322.792	5.846000
323.145	5.846000
323.145	5.906000
323.499	5.906000
323.499	5.857000
323.853	5.857000
323.853	5.971000
324.196	5.971000
324.196	6.495000
324.539	6.495000
324.539	5.542000
324.882	5.542000
324.882	4.714000
325.231	4.714000
325.231	4.818000
325.579	4.818000
325.579	4.178000
325.928	4.178000
325.928	7.785000
326.263	7.785000
326.263	7.940000
326.598	7.940000
326.598	7.723000
326.933	7.723000
326.933	7.028000
327.281	7.028000
327.281	7.231000
327.629	7.231000
327.629	7.494000
327.977	7.494000
327.977	5.746000
328.322	5.746000
328.322	6.350000
328.664	6.350000
328.664	5.569000
329.008	5.569000
329.008	8.512000
329.347	8.512000
329.347	8.683000
329.686	8.683000
329.686	8.529000
330.024	8.529000
330.024	8.271000
330.356	8.271000
330.356	8.040000
330.688	8.040000
330.688	8.221000
331.02	8.221000
331.02	7.881000
331.325	7.881000
331.325	7.482000
331.631	7.482000
331.631	8.279000
331.937	8.279000
331.937	8.147000
332.198	8.147000
332.198	8.050000
332.46	8.050000
332.46	8.061000
332.722	8.061000
332.722	6.611000
333.016	6.611000
333.016	7.199000
333.31	7.199000
333.31	6.364000
333.604	6.364000
333.604	8.449000
333.848	8.449000
333.848	8.037000
334.093	8.037000
334.093	8.700000
334.338	8.700000
334.338	6.426000
334.678	6.426000
334.678	7.020000
335.018	7.020000
335.018	6.104000
335.358	6.104000
335.358	7.783000
335.662	7.783000
335.662	8.602000
335.965	8.602000
335.965	7.837000
336.269	7.837000
336.269	8.586000
336.61	8.586000
336.61	8.206000
336.953	8.206000
336.953	8.288000
337.296	8.288000
337.296	4.887000
337.644	4.887000
337.644	4.596000
337.992	4.596000
337.992	5.146000
338.34	5.146000
338.34	6.016000
338.689	6.016000
338.689	6.514000
339.038	6.514000
339.038	5.557000
339.387	5.557000
339.387	8.712000
339.729	8.712000
339.729	9.149000
340.07	9.149000
340.07	9.128000
340.411	9.128000
340.411	9.564000
340.74	9.564000
340.74	9.889000
341.068	9.889000
341.068	9.078000
341.396	9.078000
341.396	7.253000
341.712	7.253000
341.712	7.023000
342.027	7.023000
342.027	7.286000
342.342	7.286000
342.342	7.141000
342.679	7.141000
342.679	7.214000
343.015	7.214000
343.015	7.259000
343.352	7.259000
343.352	4.131000
343.706	4.131000
343.706	4.627000
344.06	4.627000
344.06	3.927000
344.414	3.927000
344.414	5.819000
344.765	5.819000
344.765	6.247000
345.116	6.247000
345.116	5.584000
345.467	5.584000
345.467	9.620000
345.793	9.620000
345.793	9.740000
346.121	9.740000
346.121	9.765000
346.449	9.765000
346.449	8.964000
346.757	8.964000
346.757	9.699000
347.065	9.699000
347.065	8.809000
347.373	8.809000
347.373	7.479000
347.65	7.479000
347.65	7.731000
347.927	7.731000
347.927	7.142000
348.204	7.142000
348.204	9.479000
348.426	9.479000
348.426	8.791000
348.648	8.791000
348.648	8.708000
348.87	8.708000
348.87	6.402000
349.184	6.402000
349.184	7.061000
349.498	7.061000
349.498	6.424000
349.812	6.424000
349.812	4.801000
350.149	4.801000
350.149	5.305000
350.485	5.305000
350.485	5.243000
350.822	5.243000
350.822	8.190000
351.135	8.190000
351.135	8.541000
351.447	8.541000
351.447	8.574000
351.759	8.574000
351.759	4.495000
352.092	4.495000
352.092	4.235000
352.425	4.235000
352.425	5.035000
352.758	5.035000
352.758	7.859000
353.083	7.859000
353.083	7.957000
353.408	7.957000
353.408	7.381000
353.733	7.381000
353.733	8.173000
354.082	8.173000
354.082	8.518000
354.432	8.518000
354.432	8.499000
354.782	8.499000
354.782	7.462000
355.115	7.462000
355.115	7.013000
355.448	7.013000
355.448	7.411000
355.781	7.411000
355.781	8.040000
356.134	8.040000
356.134	8.586000
356.487	8.586000
356.487	7.744000
356.84	7.744000
356.84	8.684000
357.189	8.684000
357.189	8.962000
357.54	8.962000
357.54	8.878000
357.889	8.878000
357.889	8.956000
358.233	8.956000
358.233	9.561000
358.577	9.561000
358.577	8.678000
358.921	8.678000
358.921	6.299000
359.266	6.299000
359.266	6.812000
359.611	6.812000
359.611	6.328000
359.956	6.328000
359.956	8.228000
360.273	8.228000
360.273	8.404000
360.59	8.404000
360.59	8.286000
360.907	8.286000
360.907	6.572000
361.252	6.572000
361.252	6.916000
361.598	6.916000
361.598	6.509000
361.944	6.509000
361.944	4.872000
362.259	4.872000
362.259	5.667000
362.572	5.667000
362.572	4.931000
362.886	4.931000
362.886	8.251000
363.174	8.251000
363.174	8.123000
363.463	8.123000
363.463	8.090000
363.752	8.090000
363.752	8.705000
364.022	8.705000
364.022	9.315000
364.292	9.315000
364.292	8.310000
364.561	8.310000
364.561	7.000000
364.874	7.000000
364.874	7.288000
365.187	7.288000
365.187	6.877000
365.499	6.877000
365.499	8.464000
365.852	8.464000
365.852	8.517000
366.205	8.517000
366.205	8.595000
366.558	8.595000
366.558	4.492000
366.891	4.492000
366.891	4.778000
367.224	4.778000
367.224	4.563000
367.557	4.563000
367.557	6.130000
367.905	6.130000
367.905	6.550000
368.253	6.550000
368.253	6.383000
368.601	6.383000
368.601	8.724000
368.881	8.724000
368.881	8.534000
369.161	8.534000
369.161	9.123000
369.441	9.123000
369.441	8.816000
369.756	8.816000
369.756	9.281000
370.071	9.281000
370.071	8.423000
370.386	8.423000
370.386	5.784000
370.738	5.784000
370.738	5.618000
371.087	5.618000
371.087	4.871000
371.436	4.871000
371.436	7.261000
371.77	7.261000
371.77	7.171000
372.104	7.171000
372.104	7.241000
372.438	7.241000
372.438	4.967000
372.787	4.967000
372.787	5.043000
373.135	5.043000
373.135	5.562000
373.484	5.562000
373.484	6.044000
373.834	6.044000
373.834	6.179000
374.183	6.179000
374.183	6.530000
374.532	6.530000
374.532	6.877000
374.877	6.877000
374.877	6.956000
375.221	6.956000
375.221	7.109000
375.565	7.109000
375.565	4.641000
375.917	4.641000
375.917	5.621000
376.27	5.621000
376.27	4.640000
376.622	4.640000
376.622	3.949000
376.966	3.949000
376.966	3.996000
377.309	3.996000
377.309	4.084000
377.652	4.084000
377.652	6.470000
377.983	6.470000
377.983	6.420000
378.313	6.420000
378.313	6.553000
378.644	6.553000
378.644	5.485000
378.975	5.485000
378.975	5.293000
379.306	5.293000
379.306	5.405000
379.637	5.405000
379.637	3.217000
379.989	3.217000
379.989	3.519000
380.341	3.519000
380.341	3.446000
380.693	3.446000
380.693	8.250000
380.981	8.250000
380.981	8.339000
381.269	8.339000
381.269	8.296000
381.557	8.296000
381.557	6.230000
381.869	6.230000
381.869	7.011000
382.181	7.011000
382.181	5.737000
382.493	5.737000
382.493	5.282000
382.842	5.282000
382.842	5.687000
383.19	5.687000
383.19	5.700000
383.538	5.700000
383.538	7.489000
383.862	7.489000
383.862	7.511000
384.185	7.511000
384.185	7.542000
384.509	7.542000
384.509	6.827000
384.79	6.827000
384.79	7.495000
385.071	7.495000
385.071	6.531000
385.352	6.531000
385.352	7.343000
385.698	7.343000
385.698	7.301000
386.043	7.301000
386.043	7.242000
386.388	7.242000
386.388	6.879000
386.736	6.879000
386.736	7.340000
387.086	7.340000
387.086	7.157000
387.435	7.157000
387.435	7.058000
387.76	7.058000
387.76	7.289000
388.085	7.289000
388.085	7.467000
388.41	7.467000
388.41	7.566000
388.727	7.566000
388.727	7.687000
389.044	7.687000
389.044	8.049000
389.361	8.049000
389.361	8.493000
389.705	8.493000
389.705	8.576000
390.049	8.576000
390.049	8.692000
390.393	8.692000
390.393	5.755000
390.735	5.755000
390.735	5.961000
391.075	5.961000
391.075	5.281000
391.417	5.281000
391.417	8.629000
391.727	8.629000
391.727	9.074000
392.036	9.074000
392.036	8.558000
392.346	8.558000
392.346	6.642000
392.672	6.642000
392.672	6.713000
392.997	6.713000
392.997	6.707000
393.322	6.707000
393.322	4.162000
393.67	4.162000
393.67	4.330000
394.017	4.330000
394.017	4.172000
394.365	4.172000
394.365	4.612000
394.718	4.612000
394.718	4.682000
395.071	4.682000
395.071	4.703000
395.424	4.703000
395.424	7.473000
395.732	7.473000
395.732	7.464000
396.04	7.464000
396.04	7.513000
396.348	7.513000
396.348	6.255000
396.693	6.255000
396.693	7.127000
397.038	7.127000
397.038	5.895000
397.383	5.895000
397.383	7.306000
397.698	7.306000
397.698	7.947000
398.012	7.947000
398.012	7.350000
398.327	7.350000
398.327	7.766000
398.613	7.766000
398.613	8.362000
398.899	8.362000
398.899	8.139000
399.185	8.139000
399.185	4.261000
399.51	4.261000
399.51	4.670000
399.835	4.670000
399.835	4.065000
400.16	4.065000
400.16	5.671000
400.465	5.671000
400.465	5.274000
400.77	5.274000
400.77	5.320000
401.074	5.320000
401.074	5.137000
401.419	5.137000
401.419	5.322000
401.763	5.322000
401.763	5.053000
402.107	5.053000
402.107	4.206000
402.461	4.206000
402.461	4.714000
402.814	4.714000
402.814	4.345000
403.168	4.345000
403.168	6.192000
403.503	6.192000
403.503	6.608000
403.838	6.608000
403.838	5.777000
404.173	5.777000
404.173	6.658000
404.487	6.658000
404.487	7.106000
404.8	7.106000
404.8	7.005000
405.113	7.005000
405.113	6.753000
405.463	6.753000
405.463	6.613000
405.813	6.613000
405.813	6.910000
406.163	6.910000
406.163	7.971000
406.422	7.971000
406.422	8.009000
406.681	8.009000
406.681	8.045000
406.94	8.045000
406.94	6.825000
407.255	6.825000
407.255	7.400000
407.569	7.400000
407.569	7.351000
407.883	7.351000
407.883	6.420000
408.232	6.420000
408.232	6.669000
408.581	6.669000
408.581	6.365000
408.929	6.365000
408.929	4.143000
409.28	4.143000
409.28	4.807000
409.631	4.807000
409.631	4.013000
409.982	4.013000
409.982	6.215000
410.336	6.215000
410.336	0.000000
410.336	0.000000
410.336	6.698000
410.69	6.698000
410.69	2.356000
410.793	2.356000
410.793	0.000000
410.793	0.000000
410.793	2.347000
410.896	2.347000
410.896	4.884000
411.247	4.884000
411.247	0.000000
411.247	0.000000
411.247	5.811000
411.597	5.811000
411.597	6.813000
411.951	6.813000
411.951	0.000000
411.951	0.000000
411.951	7.041000
412.305	7.041000
412.305	7.274000
412.658	7.274000
412.658	0.000000
412.658	0.000000
412.658	6.835000
413.011	6.835000
413.011	4.500000
413.364	4.500000
413.364	0.000000
413.364	0.000000
413.364	4.970000
413.716	4.970000
413.716	7.143000
414.07	7.143000
414.07	0.000000
414.07	0.000000
414.07	7.287000
414.424	7.287000
414.424	7.079000
414.777	7.079000
414.777	0.000000
414.777	0.000000
414.777	7.130000
415.13	7.130000
415.13	7.503000
415.484	7.503000
415.484	0.000000
415.484	0.000000
415.484	7.515000
415.837	7.515000
415.837	5.246000
416.19	5.246000
416.19	0.000000
416.19	0.000000
416.19	5.928000
416.543	5.928000
416.543	2.595000
416.645	2.595000
416.645	0.000000
416.645	0.000000
416.645	2.544000
416.747	2.544000
416.747	2.243000
416.849	2.243000
416.849	0.000000
416.849	0.000000
416.849	2.325000
416.951	2.325000
416.951	8.260000
417.266	8.260000
417.266	0.000000
417.266	0.000000
417.266	8.636000
417.579	8.636000
417.579	7.082000
417.932	7.082000
417.932	0.000000
417.932	0.000000
417.932	7.292000
418.285	7.292000
418.285	5.939000
418.635	5.939000
418.635	0.000000
418.635	0.000000
418.635	6.503000
418.985	6.503000
418.985	6.466000
419.291	6.466000
419.291	6.921000
419.597	6.921000
419.597	7.045000
419.903	7.045000
419.903	8.891000
420.166	8.891000
420.166	9.306000
420.429	9.306000
420.429	8.839000
420.692	8.839000
420.692	3.790000
421.043	3.790000
421.043	3.880000
421.393	3.880000
421.393	4.707000
421.744	4.707000
421.744	4.005000
422.094	4.005000
422.094	4.180000
422.444	4.180000
422.444	4.773000
422.795	4.773000
422.795	4.630000
423.145	4.630000
423.145	4.702000
423.495	4.702000
423.495	5.181000
423.844	5.181000
423.844	4.525000
424.19	4.525000
424.19	5.460000
424.536	5.460000
424.536	5.460000
424.884	5.460000
424.884	3.863000
425.237	3.863000
425.237	3.816000
425.59	3.816000
425.59	4.556000
425.943	4.556000
425.943	4.968000
426.295	4.968000
426.295	3.853000
426.647	3.853000
426.647	4.420000
426.998	4.420000
426.998	5.665000
427.348	5.665000
427.348	5.734000
427.698	5.734000
427.698	5.352000
428.046	5.352000
428.046	3.701000
428.399	3.701000
428.399	3.806000
428.752	3.806000
428.752	3.976000
429.103	3.976000
429.103	9.492000
429.455	9.492000
429.455	9.654000
429.807	9.654000
429.807	9.459000
430.16	9.459000
430.16	3.928000
430.513	3.928000
430.513	4.265000
430.866	4.265000
430.866	3.997000
431.217	3.997000
431.217	5.048000
431.566	5.048000
431.566	4.362000
431.914	4.362000
431.914	5.082000
432.262	5.082000
432.262	5.447000
432.585	5.447000
432.585	5.467000
432.908	5.467000
432.908	5.899000
433.231	5.899000
433.231	4.553000
433.579	4.553000
433.579	4.097000
433.927	4.097000
433.927	4.784000
434.275	4.784000
434.275	3.889000
434.627	3.889000
434.627	4.180000
434.979	4.180000
434.979	4.674000
435.331	4.674000
435.331	5.411000
435.677	5.411000
435.677	5.424000
436.023	5.424000
436.023	5.329000
436.368	5.329000
436.368	3.919000
436.719	3.919000
436.719	3.983000
437.069	3.983000
437.069	3.993000
437.42	3.993000
437.42	4.597000
437.768	4.597000
437.768	4.432000
438.116	4.432000
438.116	4.673000
438.463	4.673000
438.463	4.993000
438.816	4.993000
438.816	4.638000
439.169	4.638000
439.169	4.301000
439.521	4.301000
439.521	5.327000
439.867	5.327000
439.867	5.225000
440.213	5.225000
440.213	5.574000
440.56	5.574000
440.56	4.919000
440.912	4.919000
440.912	5.318000
441.264	5.318000
441.264	4.952000
441.616	4.952000
441.616	5.724000
441.966	5.724000
441.966	5.175000
442.316	5.175000
442.316	5.145000
442.667	5.145000
442.667	5.617000
443.012	5.617000
443.012	5.427000
443.357	5.427000
443.357	5.829000
443.704	5.829000
443.704	4.776000
444.058	4.776000
444.058	4.360000
444.412	4.360000
444.412	5.752000
444.765	5.752000
444.765	5.007000
445.116	5.007000
445.116	5.483000
445.466	5.483000
445.466	5.175000
445.817	5.175000
445.817	5.518000
446.169	5.518000
446.169	5.578000
446.521	5.578000
446.521	6.176000
446.871	6.176000
446.871	3.486000
447.223	3.486000
447.223	3.875000
447.575	3.875000
447.575	3.570000
447.928	3.570000
447.928	5.009000
448.278	5.009000
448.278	4.732000
448.626	4.732000
448.626	4.873000
448.976	4.873000
448.976	4.357000
449.325	4.357000
449.325	4.788000
449.673	4.788000
449.673	5.133000
450.021	5.133000
450.021	4.537000
450.372	4.537000
450.372	4.643000
450.723	4.643000
450.723	4.522000
451.074	4.522000
451.074	6.192000
451.391	6.192000
451.391	6.067000
451.708	6.067000
451.708	6.215000
452.024	6.215000
452.024	4.496000
452.368	4.496000
452.368	4.757000
452.712	4.757000
452.712	5.454000
453.056	5.454000
453.056	7.546000
453.375	7.546000
453.375	7.313000
453.694	7.313000
453.694	8.165000
454.013	8.165000
454.013	9.905000
454.35	9.905000
454.35	9.821000
454.687	9.821000
454.687	9.606000
455.024	9.606000
455.024	4.012000
455.374	4.012000
455.374	4.313000
455.724	4.313000
455.724	5.195000
456.074	5.195000
456.074	7.391000
456.427	7.391000
456.427	7.442000
456.778	7.442000
456.778	7.307000
457.129	7.307000
457.129	6.116000
457.481	6.116000
457.481	5.060000
457.833	5.060000
457.833	5.300000
458.185	5.300000
458.185	8.241000
458.539	8.241000
458.539	8.098000
458.893	8.098000
458.893	7.829000
459.247	7.829000
