0.0	1.445000
0.351	1.445000
0.351	0.961000
0.702	0.961000
0.702	1.261000
1.054	1.261000
1.054	0.718000
1.406	0.718000
1.406	1.107000
1.758	1.107000
1.758	0.713000
2.11	0.713000
2.11	0.806000
2.461	0.806000
2.461	0.713000
2.812	0.713000
2.812	2.089000
3.165	2.089000
3.165	1.485000
3.518	1.485000
3.518	1.461000
3.869	1.461000
3.869	0.672000
4.221	0.672000
4.221	1.362000
4.538	1.362000
4.538	1.226000
4.855	1.226000
4.855	0.952000
5.163	0.952000
5.163	1.133000
5.471	1.133000
5.471	0.816000
5.786	0.816000
5.786	0.842000
6.101	0.842000
6.101	0.807000
6.449	0.807000
6.449	0.846000
6.797	0.846000
6.797	1.338000
7.106	1.338000
7.106	1.137000
7.415	1.137000
7.415	1.868000
7.726	1.868000
7.726	2.278000
8.037	2.278000
8.037	1.047000
8.353	1.047000
8.353	0.761000
8.669	0.761000
8.669	1.309000
8.984	1.309000
8.984	1.311000
9.299	1.311000
9.299	1.344000
9.615	1.344000
9.615	0.840000
9.932	0.840000
9.932	1.870000
10.278	1.870000
10.278	1.377000
10.624	1.377000
10.624	1.822000
10.941	1.822000
10.941	1.051000
11.258	1.051000
11.258	1.067000
11.605	1.067000
11.605	0.803000
11.952	0.803000
11.952	1.843000
12.264	1.843000
12.264	1.406000
12.577	1.406000
12.577	1.162000
12.887	1.162000
12.887	1.225000
13.198	1.225000
13.198	1.964000
13.549	1.964000
13.549	1.366000
13.9	1.366000
13.9	0.776000
14.215	0.776000
14.215	0.694000
14.53	0.694000
14.53	2.009000
14.88	2.009000
14.88	1.581000
15.23	1.581000
15.23	1.561000
15.547	1.561000
15.547	0.714000
15.864	0.714000
15.864	0.545000
16.212	0.545000
16.212	0.690000
16.56	0.690000
16.56	1.172000
16.91	1.172000
16.91	0.858000
17.26	0.858000
17.26	0.888000
17.577	0.888000
17.577	0.882000
17.894	0.882000
17.894	2.055000
18.244	2.055000
18.244	1.629000
18.594	1.629000
18.594	1.817000
18.91	1.817000
18.91	1.775000
19.226	1.775000
19.226	1.333000
19.543	1.333000
19.543	0.792000
19.86	0.792000
19.86	1.228000
20.171	1.228000
20.171	0.776000
20.482	0.776000
20.482	1.729000
20.789	1.729000
20.789	1.744000
21.096	1.744000
21.096	1.359000
21.404	1.359000
21.404	1.238000
21.712	1.238000
21.712	1.580000
22.027	1.580000
22.027	1.232000
22.342	1.232000
22.342	1.118000
22.652	1.118000
22.652	1.127000
22.962	1.127000
22.962	1.966000
23.295	1.966000
23.295	1.872000
23.629	1.872000
23.629	1.082000
23.946	1.082000
23.946	0.693000
24.263	0.693000
24.263	1.487000
24.613	1.487000
24.613	1.115000
24.963	1.115000
24.963	1.408000
25.277	1.408000
25.277	1.519000
25.591	1.519000
25.591	1.520000
25.942	1.520000
25.942	1.549000
26.293	1.549000
26.293	1.754000
26.607	1.754000
26.607	1.398000
26.921	1.398000
26.921	1.944000
27.234	1.944000
27.234	1.735000
27.547	1.735000
27.547	0.616000
27.863	0.616000
27.863	0.794000
28.179	0.794000
28.179	1.250000
28.493	1.250000
28.493	1.232000
28.807	1.232000
28.807	0.800000
29.156	0.800000
29.156	0.649000
29.505	0.649000
29.505	1.443000
29.857	1.443000
29.857	0.795000
30.209	0.795000
30.209	0.883000
30.521	0.883000
30.521	0.763000
30.834	0.763000
30.834	1.049000
31.15	1.049000
31.15	0.617000
31.466	0.617000
31.466	1.001000
31.783	1.001000
31.783	0.804000
32.1	0.804000
32.1	0.866000
32.447	0.866000
32.447	0.783000
32.794	0.783000
32.794	1.239000
33.111	1.239000
33.111	1.249000
33.428	1.249000
33.428	1.428000
33.779	1.428000
33.779	0.966000
34.13	0.966000
34.13	1.604000
34.439	1.604000
34.439	1.284000
34.748	1.284000
34.748	0.982000
35.059	0.982000
35.059	0.774000
35.37	0.774000
35.37	1.297000
35.682	1.297000
35.682	1.336000
35.994	1.336000
35.994	1.124000
36.304	1.124000
36.304	1.224000
36.614	1.224000
36.614	1.245000
36.931	1.245000
36.931	0.982000
37.248	0.982000
37.248	0.820000
37.565	0.820000
37.565	0.679000
37.882	0.679000
37.882	1.259000
38.234	1.259000
38.234	0.726000
38.586	0.726000
38.586	0.820000
38.933	0.820000
38.933	0.798000
39.28	0.798000
39.28	1.015000
39.63	1.015000
39.63	0.672000
39.98	0.672000
39.98	0.974000
40.332	0.974000
40.332	1.042000
40.684	1.042000
40.684	1.775000
41.035	1.775000
41.035	1.061000
41.386	1.061000
41.386	1.437000
41.701	1.437000
41.701	1.265000
42.016	1.265000
42.016	1.786000
42.363	1.786000
42.363	1.413000
42.712	1.413000
42.712	1.495000
43.024	1.495000
43.024	1.441000
43.336	1.441000
43.336	1.614000
43.65	1.614000
43.65	0.913000
43.964	0.913000
43.964	0.912000
44.276	0.912000
44.276	0.758000
44.588	0.758000
44.588	1.199000
44.902	1.199000
44.902	1.154000
45.216	1.154000
45.216	1.516000
45.532	1.516000
45.532	1.099000
45.848	1.099000
45.848	0.775000
46.165	0.775000
46.165	0.720000
46.482	0.720000
46.482	1.486000
46.833	1.486000
46.833	1.356000
47.184	1.356000
47.184	1.335000
47.499	1.335000
47.499	0.898000
47.814	0.898000
47.814	2.264000
48.12	2.264000
48.12	2.146000
48.426	2.146000
48.426	1.163000
48.777	1.163000
48.777	0.722000
49.129	0.722000
49.129	1.123000
49.44	1.123000
49.44	1.143000
49.751	1.143000
49.751	0.812000
50.102	0.812000
50.102	0.815000
50.453	0.815000
50.453	1.026000
50.77	1.026000
50.77	0.706000
51.087	0.706000
51.087	1.572000
51.39	1.572000
51.39	1.385000
51.693	1.385000
51.693	1.674000
52.044	1.674000
52.044	1.415000
52.395	1.415000
52.395	2.115000
52.743	2.115000
52.743	1.250000
53.091	1.250000
53.091	2.071000
53.393	2.071000
53.393	1.835000
53.696	1.835000
53.696	1.469000
54.013	1.469000
54.013	1.538000
54.33	1.538000
54.33	1.228000
54.647	1.228000
54.647	0.834000
54.964	0.834000
54.964	1.683000
55.274	1.683000
55.274	1.960000
55.583	1.960000
55.583	1.158000
55.933	1.158000
55.933	0.613000
56.283	0.613000
56.283	1.599000
56.6	1.599000
56.6	1.394000
56.917	1.394000
56.917	1.699000
57.268	1.699000
57.268	1.507000
57.619	1.507000
57.619	1.665000
57.968	1.665000
57.968	0.995000
58.318	0.995000
58.318	1.558000
58.668	1.558000
58.668	1.228000
59.018	1.228000
59.018	1.116000
59.328	1.116000
59.328	0.943000
59.638	0.943000
59.638	0.882000
59.99	0.882000
59.99	0.662000
60.342	0.662000
60.342	1.549000
60.687	1.549000
60.687	1.835000
61.031	1.835000
61.031	1.303000
61.34	1.303000
61.34	1.249000
61.649	1.249000
61.649	1.857000
61.995	1.857000
61.995	1.464000
62.342	1.464000
62.342	1.422000
62.654	1.422000
62.654	1.235000
62.965	1.235000
62.965	2.253000
63.317	2.253000
63.317	1.353000
63.67	1.353000
63.67	1.039000
63.986	1.039000
63.986	0.939000
64.302	0.939000
64.302	1.645000
64.651	1.645000
64.651	1.434000
65.0	1.434000
65.0	1.275000
65.315	1.275000
65.315	1.352000
65.63	1.352000
65.63	1.628000
65.981	1.628000
65.981	0.691000
66.332	0.691000
66.332	1.626000
66.683	1.626000
66.683	1.199000
67.034	1.199000
67.034	2.300000
67.352	2.300000
67.352	2.331000
67.67	2.331000
67.67	1.745000
67.982	1.745000
67.982	1.497000
68.294	1.497000
68.294	1.255000
68.61	1.255000
68.61	1.060000
68.926	1.060000
68.926	1.059000
69.24	1.059000
69.24	1.062000
69.554	1.062000
69.554	1.517000
69.871	1.517000
69.871	0.826000
70.188	0.826000
70.188	1.912000
70.506	1.912000
70.506	1.222000
70.824	1.222000
70.824	1.844000
71.139	1.844000
71.139	2.356000
71.455	2.356000
71.455	1.444000
71.765	1.444000
71.765	1.188000
72.075	1.188000
72.075	1.255000
72.389	1.255000
72.389	1.102000
72.703	1.102000
72.703	1.347000
72.976	1.347000
72.976	1.197000
73.249	1.197000
73.249	2.205000
73.583	2.205000
73.583	1.922000
73.918	1.922000
73.918	1.484000
74.222	1.484000
74.222	1.547000
74.525	1.547000
74.525	1.304000
74.797	1.304000
74.797	1.126000
75.069	1.126000
75.069	1.671000
75.421	1.671000
75.421	0.841000
75.773	0.841000
75.773	1.448000
76.038	1.448000
76.038	1.336000
76.303	1.336000
76.303	1.514000
76.609	1.514000
76.609	1.123000
76.915	1.123000
76.915	2.581000
77.226	2.581000
77.226	1.419000
77.537	1.419000
77.537	0.822000
77.85	0.822000
77.85	0.800000
78.163	0.800000
78.163	2.292000
78.479	2.292000
78.479	2.935000
78.794	2.935000
78.794	1.151000
79.111	1.151000
79.111	1.213000
79.428	1.213000
79.428	1.244000
79.742	1.244000
79.742	1.235000
80.056	1.235000
80.056	1.155000
80.373	1.155000
80.373	0.702000
80.69	0.702000
80.69	1.502000
81.004	1.502000
81.004	1.460000
81.316	1.460000
81.316	1.664000
81.629	1.664000
81.629	1.315000
81.941	1.315000
81.941	2.203000
82.292	2.203000
82.292	1.565000
82.643	1.565000
82.643	1.331000
82.957	1.331000
82.957	1.362000
83.271	1.362000
83.271	1.684000
83.581	1.684000
83.581	1.485000
83.891	1.485000
83.891	1.541000
84.236	1.541000
84.236	1.323000
84.581	1.323000
84.581	1.821000
84.928	1.821000
84.928	1.319000
85.275	1.319000
85.275	0.916000
85.589	0.916000
85.589	0.950000
85.903	0.950000
85.903	1.695000
86.252	1.695000
86.252	1.569000
86.601	1.569000
86.601	1.297000
86.909	1.297000
86.909	1.185000
87.218	1.185000
87.218	1.336000
87.533	1.336000
87.533	1.018000
87.848	1.018000
87.848	1.058000
88.192	1.058000
88.192	0.918000
88.536	0.918000
88.536	1.752000
88.85	1.752000
88.85	1.358000
89.164	1.358000
89.164	1.482000
89.468	1.482000
89.468	1.491000
89.771	1.491000
89.771	1.423000
90.085	1.423000
90.085	1.322000
90.399	1.322000
90.399	1.621000
90.706	1.621000
90.706	1.295000
91.013	1.295000
91.013	1.424000
91.324	1.424000
91.324	1.270000
91.635	1.270000
91.635	1.327000
91.944	1.327000
91.944	1.185000
92.252	1.185000
92.252	1.401000
92.6	1.401000
92.6	1.332000
92.948	1.332000
92.948	1.492000
93.256	1.492000
93.256	1.139000
93.565	1.139000
93.565	1.415000
93.917	1.415000
93.917	1.136000
94.268	1.136000
94.268	0.870000
94.583	0.870000
94.583	0.785000
94.898	0.785000
94.898	1.559000
95.205	1.559000
95.205	1.120000
95.513	1.120000
95.513	0.799000
95.828	0.799000
95.828	0.872000
96.143	0.872000
96.143	1.558000
96.459	1.558000
96.459	1.373000
96.775	1.373000
96.775	1.588000
97.084	1.588000
97.084	1.226000
97.392	1.226000
97.392	1.520000
97.706	1.520000
97.706	1.554000
98.02	1.554000
98.02	0.902000
98.371	0.902000
98.371	0.997000
98.722	0.997000
98.722	1.758000
99.038	1.758000
99.038	1.299000
99.354	1.299000
99.354	1.776000
99.668	1.776000
99.668	1.260000
99.983	1.260000
99.983	1.534000
100.298	1.534000
100.298	1.470000
100.612	1.470000
100.612	2.085000
100.964	2.085000
100.964	1.637000
101.316	1.637000
101.316	1.751000
101.633	1.751000
101.633	1.578000
101.95	1.578000
101.95	1.829000
102.267	1.829000
102.267	0.633000
102.584	0.633000
102.584	1.656000
102.936	1.656000
102.936	0.930000
103.288	0.930000
103.288	1.008000
103.604	1.008000
103.604	0.649000
103.92	0.649000
103.92	2.083000
104.272	2.083000
104.272	0.650000
104.624	0.650000
104.624	1.339000
104.967	1.339000
104.967	1.221000
105.31	1.221000
105.31	1.753000
105.624	1.753000
105.624	1.289000
105.938	1.289000
105.938	1.198000
106.251	1.198000
106.251	1.308000
106.564	1.308000
106.564	1.673000
106.878	1.673000
106.878	1.119000
107.192	1.119000
107.192	1.886000
107.541	1.886000
107.541	1.456000
107.89	1.456000
107.89	1.085000
108.201	1.085000
108.201	0.765000
108.512	0.765000
108.512	0.877000
108.857	0.877000
108.857	0.618000
109.202	0.618000
109.202	1.926000
109.552	1.926000
109.552	1.638000
109.902	1.638000
109.902	2.397000
110.252	2.397000
110.252	1.208000
110.602	1.208000
110.602	1.146000
110.916	1.146000
110.916	1.106000
111.23	1.106000
111.23	1.493000
111.546	1.493000
111.546	0.909000
111.862	0.909000
111.862	0.779000
112.179	0.779000
112.179	0.909000
112.496	0.909000
112.496	1.201000
112.81	1.201000
112.81	1.307000
113.124	1.307000
113.124	0.827000
113.473	0.827000
113.473	0.915000
113.822	0.915000
113.822	2.123000
114.138	2.123000
114.138	1.489000
114.454	1.489000
114.454	0.906000
114.769	0.906000
114.769	0.939000
115.084	0.939000
115.084	1.563000
115.399	1.563000
115.399	1.515000
115.714	1.515000
115.714	1.852000
116.065	1.852000
116.065	1.654000
116.416	1.654000
116.416	1.436000
116.727	1.436000
116.727	1.356000
117.039	1.356000
117.039	2.081000
117.39	2.081000
117.39	1.584000
117.741	1.584000
117.741	0.616000
118.057	0.616000
118.057	0.786000
118.373	0.786000
118.373	1.256000
118.688	1.256000
118.688	1.361000
119.003	1.361000
119.003	1.686000
119.348	1.686000
119.348	1.514000
119.693	1.514000
119.693	2.453000
120.041	2.453000
120.041	1.766000
120.389	1.766000
120.389	1.928000
120.739	1.928000
120.739	1.504000
121.089	1.504000
121.089	1.610000
121.404	1.610000
121.404	1.178000
121.719	1.178000
121.719	0.956000
122.036	0.956000
122.036	0.930000
122.352	0.930000
122.352	0.787000
122.668	0.787000
122.668	0.659000
122.984	0.659000
122.984	1.577000
123.296	1.577000
123.296	1.364000
123.608	1.364000
123.608	1.815000
123.915	1.815000
123.915	1.664000
124.222	1.664000
124.222	1.221000
124.539	1.221000
124.539	0.919000
124.856	0.919000
124.856	1.190000
125.173	1.190000
125.173	1.122000
125.49	1.122000
125.49	2.189000
125.792	2.189000
125.792	1.892000
126.094	1.892000
126.094	1.372000
126.407	1.372000
126.407	1.010000
126.72	1.010000
126.72	1.020000
127.025	1.020000
127.025	0.700000
127.33	0.700000
127.33	1.278000
127.643	1.278000
127.643	1.237000
127.955	1.237000
127.955	1.111000
128.272	1.111000
128.272	0.889000
128.589	0.889000
128.589	1.009000
128.905	1.009000
128.905	0.883000
129.221	0.883000
129.221	2.017000
129.571	2.017000
129.571	1.244000
129.921	1.244000
129.921	2.274000
130.223	2.274000
130.223	1.901000
130.525	1.901000
130.525	1.350000
130.839	1.350000
130.839	1.128000
131.152	1.128000
131.152	1.658000
131.468	1.658000
131.468	1.294000
131.784	1.294000
131.784	1.379000
132.129	1.379000
132.129	1.357000
132.475	1.357000
132.475	1.672000
132.79	1.672000
132.79	1.459000
133.105	1.459000
133.105	1.326000
133.415	1.326000
133.415	1.307000
133.725	1.307000
133.725	2.306000
134.067	2.306000
134.067	1.942000
134.409	1.942000
134.409	1.281000
134.758	1.281000
134.758	1.143000
135.106	1.143000
135.106	1.452000
135.417	1.452000
135.417	1.346000
135.728	1.346000
135.728	1.843000
136.073	1.843000
136.073	1.415000
136.419	1.415000
136.419	1.170000
136.759	1.170000
136.759	1.138000
137.099	1.138000
137.099	0.986000
137.414	0.986000
137.414	1.069000
137.729	1.069000
137.729	1.406000
138.044	1.406000
138.044	1.625000
138.359	1.625000
138.359	0.624000
138.479	0.624000
138.479	0.549000
138.599	0.549000
138.599	1.801000
138.916	1.801000
138.916	1.726000
139.233	1.726000
139.233	2.101000
139.546	2.101000
139.546	2.142000
139.857	2.142000
139.857	1.910000
140.173	1.910000
140.173	1.114000
140.488	1.114000
140.488	2.478000
140.793	2.478000
140.793	2.041000
141.097	2.041000
141.097	1.107000
141.445	1.107000
141.445	0.799000
141.793	0.799000
141.793	1.419000
142.145	1.419000
142.145	0.801000
142.497	0.801000
142.497	1.472000
142.808	1.472000
142.808	1.264000
143.119	1.264000
143.119	1.417000
143.434	1.417000
143.434	1.244000
143.749	1.244000
143.749	1.419000
144.061	1.419000
144.061	1.335000
144.373	1.335000
144.373	0.888000
144.687	0.888000
144.687	0.748000
145.001	0.748000
145.001	0.770000
145.315	0.770000
145.315	0.729000
145.629	0.729000
145.629	1.571000
145.944	1.571000
145.944	1.248000
146.259	1.248000
146.259	1.474000
146.606	1.474000
146.606	1.402000
146.953	1.402000
146.953	2.560000
147.303	2.560000
147.303	2.647000
147.653	2.647000
147.653	0.845000
148.001	0.845000
148.001	0.782000
148.349	0.782000
148.349	0.941000
148.698	0.941000
148.698	0.803000
149.048	0.803000
149.048	0.620000
149.355	0.620000
149.355	0.654000
149.662	0.654000
149.662	1.566000
149.977	1.566000
149.977	1.094000
150.292	1.094000
150.292	1.663000
150.602	1.663000
150.602	1.404000
150.912	1.404000
150.912	1.536000
151.224	1.536000
151.224	1.533000
151.536	1.533000
151.536	1.692000
151.887	1.692000
151.887	1.359000
152.236	1.359000
152.236	1.339000
152.551	1.339000
152.551	0.714000
152.866	0.714000
152.866	1.615000
153.17	1.615000
153.17	1.697000
153.474	1.697000
153.474	1.331000
153.82	1.331000
153.82	1.307000
154.166	1.307000
154.166	1.402000
154.51	1.402000
154.51	1.570000
154.856	1.570000
154.856	1.742000
155.206	1.742000
155.206	1.790000
155.556	1.790000
155.556	0.000000
155.556	0.000000
155.556	0.291000
155.657	0.291000
155.657	1.434000
155.971	1.434000
155.971	1.350000
156.284	1.350000
156.284	1.491000
156.634	1.491000
156.634	1.292000
156.984	1.292000
156.984	1.413000
157.301	1.413000
157.301	0.820000
157.617	0.820000
157.617	1.236000
157.93	1.236000
157.93	1.147000
158.243	1.147000
158.243	1.299000
158.55	1.299000
158.55	1.488000
158.859	1.488000
158.859	1.582000
159.173	1.582000
159.173	1.276000
159.487	1.276000
159.487	1.408000
159.839	1.408000
159.839	0.811000
160.191	0.811000
160.191	1.214000
160.505	1.214000
160.505	1.228000
160.819	1.228000
160.819	1.786000
161.159	1.786000
161.159	1.787000
161.498	1.787000
161.498	1.182000
161.842	1.182000
161.842	1.063000
162.186	1.063000
162.186	2.136000
162.495	2.136000
162.495	1.775000
162.801	1.775000
162.801	1.323000
163.15	1.323000
163.15	1.167000
163.499	1.167000
163.499	1.205000
163.816	1.205000
163.816	0.920000
164.133	0.920000
164.133	0.802000
164.485	0.802000
164.485	0.831000
164.837	0.831000
164.837	0.606000
165.152	0.606000
165.152	1.011000
165.466	1.011000
165.466	0.973000
165.779	0.973000
165.779	1.201000
166.13	1.201000
166.13	0.693000
166.481	0.693000
166.481	1.333000
166.825	1.333000
166.825	1.385000
167.169	1.385000
167.169	0.988000
167.485	0.988000
167.485	0.913000
167.801	0.913000
167.801	0.704000
168.118	0.704000
168.118	0.453000
168.435	0.453000
168.435	0.998000
168.786	0.998000
168.786	0.922000
169.137	0.922000
169.137	1.535000
169.486	1.535000
169.486	1.466000
169.835	1.466000
169.835	1.035000
170.153	1.035000
170.153	0.833000
170.471	0.833000
170.471	2.301000
170.774	2.301000
170.774	2.212000
171.078	2.212000
171.078	1.310000
171.431	1.310000
171.431	0.778000
171.784	0.778000
171.784	1.926000
172.093	1.926000
172.093	1.408000
172.403	1.408000
172.403	1.335000
172.753	1.335000
172.753	0.770000
173.103	0.770000
173.103	0.837000
173.451	0.837000
173.451	0.663000
173.799	0.663000
173.799	1.201000
174.113	1.201000
174.113	0.741000
174.427	0.741000
174.427	0.735000
174.743	0.735000
174.743	0.736000
175.059	0.736000
175.059	0.906000
175.374	0.906000
175.374	0.928000
175.689	0.928000
175.689	2.066000
175.99	2.066000
175.99	2.443000
176.29	2.443000
176.29	1.147000
176.643	1.147000
176.643	0.819000
176.996	0.819000
176.996	0.752000
177.313	0.752000
177.313	0.716000
177.63	0.716000
177.63	1.271000
177.946	1.271000
177.946	1.306000
178.263	1.306000
178.263	2.536000
178.609	2.536000
178.609	2.217000
178.956	2.217000
178.956	0.778000
179.23	0.778000
179.23	0.643000
179.504	0.643000
179.504	0.931000
179.816	0.931000
179.816	1.293000
180.128	1.293000
180.128	1.607000
180.441	1.607000
180.441	1.261000
180.755	1.261000
180.755	2.159000
181.104	2.159000
181.104	1.560000
181.453	1.560000
181.453	1.236000
181.804	1.236000
181.804	0.967000
182.156	0.967000
182.156	0.971000
182.473	0.971000
182.473	0.805000
182.79	0.805000
182.79	1.313000
183.137	1.313000
183.137	1.106000
183.484	1.106000
183.484	1.952000
183.801	1.952000
183.801	1.078000
184.118	1.078000
184.118	1.322000
184.432	1.322000
184.432	1.062000
184.746	1.062000
184.746	1.250000
185.052	1.250000
185.052	0.908000
185.358	0.908000
185.358	1.493000
185.674	1.493000
185.674	1.579000
185.989	1.579000
185.989	1.964000
186.339	1.964000
186.339	1.615000
186.689	1.615000
186.689	0.747000
187.041	0.747000
187.041	0.705000
187.393	0.705000
187.393	0.820000
187.71	0.820000
187.71	0.862000
188.027	0.862000
188.027	2.129000
188.375	2.129000
188.375	1.554000
188.724	1.554000
188.724	1.570000
189.073	1.570000
189.073	1.229000
189.422	1.229000
189.422	0.923000
189.727	0.923000
189.727	0.894000
190.032	0.894000
190.032	1.175000
190.341	1.175000
190.341	0.617000
190.65	0.617000
190.65	1.504000
190.96	1.504000
190.96	1.323000
191.27	1.323000
191.27	1.480000
191.582	1.480000
191.582	1.400000
191.894	1.400000
191.894	1.578000
192.242	1.578000
192.242	1.265000
192.59	1.265000
192.59	1.203000
192.896	1.203000
192.896	1.313000
193.202	1.313000
193.202	1.983000
193.517	1.983000
193.517	1.690000
193.834	1.690000
193.834	1.007000
194.15	1.007000
194.15	1.010000
194.466	1.010000
194.466	1.163000
194.814	1.163000
194.814	1.067000
195.162	1.067000
195.162	1.814000
195.513	1.814000
195.513	0.895000
195.864	0.895000
195.864	0.778000
196.17	0.778000
196.17	0.765000
196.476	0.765000
196.476	1.490000
197.141	1.490000
197.141	1.278000
197.806	1.278000
197.806	1.033000
198.07	1.033000
198.07	0.910000
198.335	0.910000
198.335	1.666000
198.616	1.666000
198.616	1.569000
198.897	1.569000
198.897	1.611000
199.199	1.611000
199.199	1.279000
199.501	1.279000
199.501	1.797000
199.797	1.797000
199.797	0.956000
200.093	0.956000
200.093	1.695000
200.337	1.695000
200.337	2.311000
200.581	2.311000
200.581	1.767000
200.929	1.767000
200.929	0.830000
201.277	0.830000
201.277	1.332000
201.627	1.332000
201.627	0.944000
201.978	0.944000
201.978	1.317000
202.287	1.317000
202.287	0.991000
202.597	0.991000
202.597	1.433000
202.913	1.433000
202.913	1.009000
203.229	1.009000
203.229	1.658000
203.546	1.658000
203.546	0.911000
203.863	0.911000
203.863	0.895000
204.179	0.895000
204.179	0.610000
204.495	0.610000
204.495	1.203000
204.812	1.203000
204.812	1.026000
205.129	1.026000
205.129	1.564000
205.442	1.564000
205.442	1.209000
205.755	1.209000
205.755	0.933000
206.067	0.933000
206.067	0.713000
206.379	0.713000
206.379	1.259000
206.696	1.259000
206.696	1.215000
207.013	1.215000
207.013	1.540000
207.325	1.540000
207.325	1.260000
207.636	1.260000
207.636	1.818000
207.95	1.818000
207.95	1.357000
208.263	1.357000
208.263	0.973000
208.615	0.973000
208.615	1.135000
208.967	1.135000
208.967	1.583000
209.317	1.583000
209.317	1.327000
209.667	1.327000
209.667	1.614000
210.016	1.614000
210.016	1.497000
210.366	1.497000
210.366	0.000000
210.366	0.000000
210.366	0.000000
210.366	0.000000
210.366	0.308000
210.467	0.308000
210.467	0.000000
210.467	0.000000
210.467	0.281000
210.568	0.281000
210.568	0.000000
210.568	0.000000
210.568	1.800000
210.884	1.800000
210.884	0.000000
210.884	0.000000
210.884	1.472000
211.201	1.472000
211.201	0.000000
211.201	0.000000
211.201	0.296000
211.302	0.296000
211.302	0.000000
211.302	0.000000
211.302	0.272000
211.403	0.272000
211.403	0.000000
211.403	0.000000
211.403	1.973000
211.719	1.973000
211.719	0.000000
211.719	0.000000
211.719	0.296000
211.82	0.296000
211.82	0.000000
211.82	0.000000
211.82	0.290000
211.921	0.290000
211.921	0.000000
211.921	0.000000
211.921	1.492000
212.238	1.492000
212.238	1.943000
212.554	1.943000
212.554	1.445000
212.869	1.445000
212.869	0.826000
213.185	0.826000
213.185	0.768000
213.501	0.768000
213.501	1.223000
213.81	1.223000
213.81	1.286000
214.119	1.286000
214.119	0.995000
214.433	0.995000
214.433	0.935000
214.747	0.935000
214.747	0.966000
215.064	0.966000
215.064	1.011000
215.381	1.011000
215.381	1.428000
215.69	1.428000
215.69	1.185000
215.997	1.185000
215.997	1.234000
216.303	1.234000
216.303	0.889000
216.609	0.889000
216.609	2.154000
216.915	2.154000
216.915	2.220000
217.221	2.220000
217.221	1.806000
217.573	1.806000
217.573	0.903000
217.925	0.903000
217.925	1.858000
218.268	1.858000
218.268	1.372000
218.611	1.372000
218.611	1.580000
218.916	1.580000
218.916	1.334000
219.222	1.334000
219.222	1.964000
219.532	1.964000
219.532	2.082000
219.842	2.082000
219.842	1.305000
220.153	1.305000
220.153	1.359000
220.465	1.359000
220.465	1.708000
220.776	1.708000
220.776	1.475000
221.087	1.475000
221.087	1.378000
221.398	1.378000
221.398	1.354000
221.709	1.354000
221.709	1.071000
222.059	1.071000
222.059	1.063000
222.41	1.063000
222.41	0.901000
222.726	0.901000
222.726	0.771000
223.042	0.771000
223.042	1.847000
223.392	1.847000
223.392	1.304000
223.742	1.304000
223.742	1.138000
224.093	1.138000
224.093	0.942000
224.444	0.942000
224.444	1.015000
224.759	1.015000
224.759	0.835000
225.073	0.835000
225.073	0.878000
225.387	0.878000
225.387	1.152000
225.702	1.152000
225.702	1.444000
226.049	1.444000
226.049	1.298000
226.396	1.298000
226.396	1.961000
226.747	1.961000
226.747	1.325000
227.098	1.325000
227.098	1.892000
227.412	1.892000
227.412	1.366000
227.726	1.366000
227.726	1.769000
228.036	1.769000
228.036	1.223000
228.345	1.223000
228.345	2.265000
228.634	2.265000
228.634	1.669000
228.924	1.669000
228.924	1.966000
229.264	1.966000
229.264	1.460000
229.605	1.460000
229.605	1.723000
229.908	1.723000
229.908	1.226000
230.211	1.226000
230.211	1.241000
230.523	1.241000
230.523	1.387000
230.835	1.387000
230.835	1.365000
231.108	1.365000
231.108	1.333000
231.381	1.333000
