0.0	7.382000
0.317	7.382000
0.317	7.316000
0.631	7.316000
0.631	7.397000
0.947	7.397000
0.947	6.367000
1.262	6.367000
1.262	6.374000
1.578	6.374000
1.578	6.377000
1.893	6.377000
1.893	5.314000
2.205	5.314000
2.205	5.378000
2.518	5.378000
2.518	5.396000
2.834	5.396000
2.834	5.922000
3.151	5.922000
3.151	5.905000
3.464	5.905000
3.464	5.862000
3.78	5.862000
3.78	5.944000
4.093	5.944000
4.093	5.904000
4.411	5.904000
4.411	5.909000
4.727	5.909000
4.727	5.585000
5.043	5.585000
5.043	5.592000
5.359	5.592000
5.359	5.566000
5.673	5.566000
5.673	6.061000
5.988	6.061000
5.988	6.009000
6.301	6.009000
6.301	6.049000
6.616	6.049000
6.616	5.831000
6.93	5.831000
6.93	5.750000
7.245	5.750000
7.245	5.783000
7.562	5.783000
7.562	5.654000
7.88	5.654000
7.88	5.600000
8.196	5.600000
8.196	5.618000
8.51	5.618000
8.51	5.810000
8.826	5.810000
8.826	5.840000
9.141	5.840000
9.141	5.860000
9.455	5.860000
9.455	6.562000
9.769	6.562000
9.769	6.591000
10.083	6.591000
10.083	6.613000
10.399	6.613000
10.399	5.726000
10.715	5.726000
10.715	5.709000
11.03	5.709000
11.03	5.699000
11.347	5.699000
11.347	4.941000
11.663	4.941000
11.663	5.003000
11.977	5.003000
11.977	4.996000
12.293	4.996000
12.293	5.480000
12.606	5.480000
12.606	5.462000
12.919	5.462000
12.919	5.431000
13.233	5.431000
13.233	5.232000
13.549	5.232000
13.549	5.238000
13.862	5.238000
13.862	5.236000
14.178	5.236000
14.178	5.692000
14.492	5.692000
14.492	5.712000
14.811	5.712000
14.811	5.624000
15.126	5.624000
15.126	6.495000
15.441	6.495000
15.441	6.471000
15.758	6.471000
15.758	6.496000
16.072	6.496000
16.072	6.048000
16.384	6.048000
16.384	6.057000
16.696	6.057000
16.696	6.090000
17.011	6.090000
17.011	6.209000
17.328	6.209000
17.328	6.255000
17.643	6.255000
17.643	6.190000
17.961	6.190000
17.961	5.671000
18.276	5.671000
18.276	5.690000
18.59	5.690000
18.59	5.682000
18.904	5.682000
18.904	5.736000
19.217	5.736000
19.217	5.742000
19.53	5.742000
19.53	5.732000
19.844	5.732000
19.844	4.940000
20.195	4.940000
20.195	4.957000
20.547	4.957000
20.547	4.956000
20.898	4.956000
20.898	5.448000
21.213	5.448000
21.213	5.492000
21.525	5.492000
21.525	5.506000
21.843	5.506000
21.843	5.573000
22.159	5.573000
22.159	5.603000
22.472	5.603000
22.472	5.598000
22.788	5.598000
22.788	6.228000
23.105	6.228000
23.105	6.176000
23.423	6.176000
23.423	6.185000
23.737	6.185000
23.737	5.375000
24.048	5.375000
24.048	5.381000
24.362	5.381000
24.362	5.422000
24.677	5.422000
24.677	5.175000
24.991	5.175000
24.991	5.154000
25.308	5.154000
25.308	5.144000
25.624	5.144000
25.624	5.838000
25.94	5.838000
25.94	5.801000
26.256	5.801000
26.256	5.814000
26.571	5.814000
26.571	6.823000
26.883	6.823000
26.883	6.820000
27.196	6.820000
27.196	6.712000
27.509	6.712000
27.509	5.493000
27.827	5.493000
27.827	5.535000
28.141	5.535000
28.141	5.479000
28.455	5.479000
28.455	6.526000
28.772	6.526000
28.772	6.483000
29.086	6.483000
29.086	6.548000
29.401	6.548000
29.401	6.072000
29.71	6.072000
29.71	6.131000
30.026	6.131000
30.026	6.117000
30.342	6.117000
30.342	5.834000
30.656	5.834000
30.656	5.885000
30.97	5.885000
30.97	5.916000
31.285	5.916000
31.285	5.758000
31.6	5.758000
31.6	5.809000
31.914	5.809000
31.914	5.808000
32.231	5.808000
32.231	6.555000
32.545	6.555000
32.545	6.665000
32.861	6.665000
32.861	6.625000
33.176	6.625000
33.176	6.597000
33.494	6.597000
33.494	6.568000
33.81	6.568000
33.81	6.548000
34.124	6.548000
34.124	7.129000
34.438	7.129000
34.438	6.920000
34.752	6.920000
34.752	6.862000
35.064	6.862000
35.064	5.855000
35.41	5.855000
35.41	5.879000
35.758	5.879000
35.758	5.876000
36.109	5.876000
36.109	5.719000
36.426	5.719000
36.426	5.692000
36.744	5.692000
36.744	5.731000
37.061	5.731000
37.061	5.592000
37.378	5.592000
37.378	5.559000
37.696	5.559000
37.696	5.481000
38.01	5.481000
38.01	5.756000
38.321	5.756000
38.321	5.697000
38.635	5.697000
38.635	5.674000
38.949	5.674000
38.949	5.857000
39.266	5.857000
39.266	5.938000
39.581	5.938000
39.581	5.911000
39.897	5.911000
39.897	5.896000
40.215	5.896000
40.215	5.919000
40.53	5.919000
40.53	5.898000
40.846	5.898000
40.846	6.003000
41.161	6.003000
41.161	5.959000
41.476	5.959000
41.476	5.967000
41.788	5.967000
41.788	6.062000
42.1	6.062000
42.1	5.973000
42.416	5.973000
42.416	6.145000
42.732	6.145000
42.732	5.606000
43.049	5.606000
43.049	5.613000
43.363	5.613000
43.363	5.624000
43.677	5.624000
43.677	5.357000
43.992	5.357000
43.992	5.347000
44.305	5.347000
44.305	5.386000
44.622	5.386000
44.622	5.748000
44.935	5.748000
44.935	5.765000
45.249	5.765000
45.249	5.744000
45.565	5.744000
45.565	6.597000
45.879	6.597000
45.879	6.678000
46.191	6.678000
46.191	6.631000
46.507	6.631000
46.507	6.140000
46.821	6.140000
46.821	6.201000
47.135	6.201000
47.135	6.109000
47.452	6.109000
47.452	7.013000
47.767	7.013000
47.767	7.070000
48.084	7.070000
48.084	6.999000
48.401	6.999000
48.401	6.923000
48.715	6.923000
48.715	6.967000
49.033	6.967000
49.033	6.881000
49.348	6.881000
49.348	7.624000
49.664	7.624000
49.664	7.601000
49.978	7.601000
49.978	7.563000
50.295	7.563000
50.295	6.479000
50.567	6.479000
50.567	6.464000
50.841	6.464000
50.841	6.513000
51.117	6.513000
51.117	8.139000
51.434	8.139000
51.434	8.228000
51.75	8.228000
51.75	8.088000
52.063	8.088000
52.063	7.171000
52.381	7.171000
52.381	7.179000
52.696	7.179000
52.696	7.195000
53.01	7.195000
53.01	7.850000
53.287	7.850000
53.287	7.872000
53.557	7.872000
53.557	7.841000
53.831	7.841000
53.831	6.004000
54.144	6.004000
54.144	6.032000
54.46	6.032000
54.46	6.074000
54.777	6.074000
54.777	5.208000
55.091	5.208000
55.091	5.155000
55.407	5.155000
55.407	5.115000
55.722	5.115000
55.722	5.721000
56.037	5.721000
56.037	5.699000
56.353	5.699000
56.353	5.685000
56.668	5.685000
56.668	5.730000
56.985	5.730000
56.985	5.725000
57.301	5.725000
57.301	5.736000
57.617	5.736000
57.617	5.310000
57.933	5.310000
57.933	5.271000
58.246	5.271000
58.246	5.311000
58.562	5.311000
58.562	6.094000
58.879	6.094000
58.879	6.200000
59.192	6.200000
59.192	6.240000
59.506	6.240000
59.506	6.277000
59.822	6.277000
59.822	6.227000
60.136	6.227000
60.136	6.273000
60.451	6.273000
60.451	6.360000
60.766	6.360000
60.766	6.392000
61.08	6.392000
61.08	6.371000
61.394	6.371000
61.394	6.024000
61.711	6.024000
61.711	6.016000
62.024	6.016000
62.024	6.092000
62.338	6.092000
62.338	5.578000
62.656	5.578000
62.656	5.613000
62.971	5.613000
62.971	5.603000
63.286	5.603000
63.286	5.603000
63.602	5.603000
63.602	5.638000
63.914	5.638000
63.914	5.641000
64.228	5.641000
64.228	5.952000
64.543	5.952000
64.543	5.883000
64.86	5.883000
64.86	5.847000
65.174	5.847000
65.174	7.209000
65.525	7.209000
65.525	7.266000
65.873	7.266000
65.873	7.143000
66.219	7.143000
66.219	6.346000
66.537	6.346000
66.537	6.470000
66.853	6.470000
66.853	6.441000
67.171	6.441000
67.171	7.401000
67.485	7.401000
67.485	7.451000
67.8	7.451000
67.8	7.482000
68.116	7.482000
68.116	6.121000
68.433	6.121000
68.433	6.146000
68.749	6.146000
68.749	6.192000
69.064	6.192000
69.064	5.823000
69.379	5.823000
69.379	5.825000
69.691	5.825000
69.691	5.838000
70.005	5.838000
70.005	5.730000
70.322	5.730000
70.322	5.731000
70.639	5.731000
70.639	5.762000
70.956	5.762000
70.956	6.205000
71.267	6.205000
71.267	6.179000
71.583	6.179000
71.583	6.154000
71.898	6.154000
71.898	6.056000
72.214	6.056000
72.214	5.950000
72.528	5.950000
72.528	6.037000
72.844	6.037000
72.844	5.770000
73.159	5.770000
73.159	5.767000
73.471	5.767000
73.471	5.753000
73.785	5.753000
73.785	6.189000
74.103	6.189000
74.103	6.129000
74.413	6.129000
74.413	6.191000
74.727	6.191000
74.727	5.788000
75.043	5.788000
75.043	5.875000
75.357	5.875000
75.357	5.881000
75.67	5.881000
75.67	6.804000
75.987	6.804000
75.987	6.870000
76.303	6.870000
76.303	6.883000
76.621	6.883000
76.621	6.077000
76.936	6.077000
76.936	6.049000
77.251	6.049000
77.251	6.052000
77.568	6.052000
77.568	5.966000
77.881	5.966000
77.881	5.944000
78.197	5.944000
78.197	5.906000
78.51	5.906000
78.51	5.307000
78.827	5.307000
78.827	5.344000
79.145	5.344000
79.145	5.347000
79.461	5.347000
79.461	6.433000
79.777	6.433000
79.777	6.426000
80.092	6.426000
80.092	6.434000
80.408	6.434000
80.408	5.786000
80.722	5.786000
80.722	5.766000
81.039	5.766000
81.039	5.812000
81.354	5.812000
81.354	5.952000
81.668	5.952000
81.668	5.962000
81.986	5.962000
81.986	5.959000
82.302	5.959000
82.302	6.133000
82.618	6.133000
82.618	6.062000
82.93	6.062000
82.93	6.175000
83.245	6.175000
83.245	8.088000
83.562	8.088000
83.562	8.069000
83.879	8.069000
83.879	8.137000
84.192	8.137000
84.192	7.932000
84.507	7.932000
84.507	7.899000
84.822	7.899000
84.822	7.931000
85.137	7.931000
85.137	7.669000
85.453	7.669000
85.453	7.610000
85.768	7.610000
85.768	7.573000
86.08	7.573000
86.08	5.333000
86.395	5.333000
86.395	5.370000
86.708	5.370000
86.708	5.329000
87.025	5.329000
87.025	5.653000
87.34	5.653000
87.34	5.587000
87.658	5.587000
87.658	5.589000
87.974	5.589000
87.974	5.955000
88.291	5.955000
88.291	5.977000
88.606	5.977000
88.606	6.010000
88.923	6.010000
88.923	5.776000
89.239	5.776000
89.239	5.873000
89.554	5.873000
89.554	5.728000
89.868	5.728000
89.868	5.548000
90.183	5.548000
90.183	5.450000
90.5	5.450000
90.5	5.407000
90.815	5.407000
90.815	5.645000
91.128	5.645000
91.128	5.642000
91.442	5.642000
91.442	5.695000
91.759	5.695000
91.759	6.394000
92.072	6.394000
92.072	6.404000
92.388	6.404000
92.388	6.390000
92.702	6.390000
92.702	5.565000
93.016	5.565000
93.016	5.583000
93.329	5.583000
93.329	5.490000
93.643	5.490000
93.643	5.495000
93.959	5.495000
93.959	5.504000
94.275	5.504000
94.275	5.461000
94.59	5.461000
94.59	5.610000
94.904	5.610000
94.904	5.542000
95.22	5.542000
95.22	5.572000
95.537	5.572000
95.537	5.230000
95.854	5.230000
95.854	5.308000
96.171	5.308000
96.171	5.404000
96.484	5.404000
96.484	5.879000
96.799	5.879000
96.799	5.939000
97.117	5.939000
97.117	5.946000
97.434	5.946000
97.434	6.184000
97.752	6.184000
97.752	6.183000
98.07	6.183000
98.07	6.181000
98.386	6.181000
98.386	6.483000
98.701	6.483000
98.701	6.574000
99.017	6.574000
99.017	6.511000
99.335	6.511000
99.335	5.967000
99.653	5.967000
99.653	5.968000
99.968	5.968000
99.968	5.943000
100.279	5.943000
100.279	7.302000
100.591	7.302000
100.591	7.286000
100.907	7.286000
100.907	7.259000
101.222	7.259000
101.222	8.029000
101.536	8.029000
101.536	8.148000
101.851	8.148000
101.851	8.136000
102.162	8.136000
102.162	6.274000
102.477	6.274000
102.477	6.332000
102.795	6.332000
102.795	6.274000
103.108	6.274000
103.108	5.904000
103.421	5.904000
103.421	5.901000
103.737	5.901000
103.737	5.929000
104.051	5.929000
104.051	6.122000
104.369	6.122000
104.369	6.086000
104.684	6.086000
104.684	6.127000
104.999	6.127000
104.999	5.499000
105.317	5.499000
105.317	5.499000
105.634	5.499000
105.634	5.481000
105.949	5.481000
105.949	5.947000
106.263	5.947000
106.263	5.945000
106.578	5.945000
106.578	5.943000
106.892	5.943000
106.892	6.042000
107.207	6.042000
107.207	6.065000
107.524	6.065000
107.524	6.022000
107.841	6.022000
107.841	5.374000
108.156	5.374000
108.156	5.353000
108.472	5.353000
108.472	5.378000
108.787	5.378000
108.787	6.076000
109.102	6.076000
109.102	6.161000
109.419	6.161000
109.419	6.174000
109.734	6.174000
109.734	5.977000
110.05	5.977000
110.05	5.979000
110.366	5.979000
110.366	5.983000
110.684	5.983000
110.684	6.298000
111.003	6.298000
111.003	6.330000
111.32	6.330000
111.32	6.316000
111.638	6.316000
111.638	5.774000
111.952	5.774000
111.952	5.745000
112.269	5.745000
112.269	5.767000
112.585	5.767000
112.585	7.412000
112.899	7.412000
112.899	7.505000
113.212	7.505000
113.212	6.946000
113.52	6.946000
113.52	5.272000
113.836	5.272000
113.836	5.212000
114.152	5.212000
114.152	5.198000
114.467	5.198000
114.467	6.033000
114.781	6.033000
114.781	6.066000
115.099	6.066000
115.099	5.995000
115.415	5.995000
115.415	6.678000
115.732	6.678000
115.732	6.698000
116.046	6.698000
116.046	6.701000
116.362	6.701000
116.362	6.318000
116.676	6.318000
116.676	6.285000
116.992	6.285000
116.992	6.313000
117.306	6.313000
117.306	5.929000
117.62	5.929000
117.62	5.989000
117.935	5.989000
117.935	5.979000
118.249	5.979000
118.249	7.048000
118.563	7.048000
118.563	7.014000
118.878	7.014000
118.878	7.057000
119.195	7.057000
119.195	7.206000
119.51	7.206000
119.51	7.277000
119.826	7.277000
119.826	8.172000
120.143	8.172000
120.143	5.745000
120.46	5.745000
120.46	5.675000
120.775	5.675000
120.775	5.738000
121.088	5.738000
121.088	5.842000
121.402	5.842000
121.402	5.890000
121.715	5.890000
121.715	5.892000
122.03	5.892000
122.03	6.235000
122.347	6.235000
122.347	6.232000
122.659	6.232000
122.659	6.226000
122.976	6.226000
122.976	5.687000
123.292	5.687000
123.292	5.626000
123.609	5.626000
123.609	5.654000
123.923	5.654000
123.923	5.673000
124.241	5.673000
124.241	5.693000
124.553	5.693000
124.553	5.675000
124.869	5.675000
124.869	5.986000
125.184	5.986000
125.184	6.006000
125.497	6.006000
125.497	5.997000
125.813	5.997000
125.813	5.917000
126.13	5.917000
126.13	5.959000
126.447	5.959000
126.447	5.970000
126.764	5.970000
126.764	6.067000
127.08	6.067000
127.08	5.955000
127.392	5.955000
127.392	6.132000
127.705	6.132000
127.705	5.671000
128.023	5.671000
128.023	5.664000
128.338	5.664000
128.338	5.671000
128.653	5.671000
128.653	5.834000
128.968	5.834000
128.968	5.814000
129.286	5.814000
129.286	5.790000
129.604	5.790000
129.604	5.585000
129.921	5.585000
129.921	5.572000
130.238	5.572000
130.238	5.583000
130.552	5.583000
130.552	6.285000
130.868	6.285000
130.868	6.222000
131.185	6.222000
131.185	6.302000
131.501	6.302000
131.501	5.954000
131.814	5.954000
131.814	5.927000
132.128	5.927000
132.128	5.968000
132.444	5.968000
132.444	5.704000
132.762	5.704000
132.762	5.707000
133.078	5.707000
133.078	5.720000
133.393	5.720000
133.393	6.199000
133.707	6.199000
133.707	6.155000
134.018	6.155000
134.018	6.173000
134.333	6.173000
134.333	5.874000
134.65	5.874000
134.65	5.795000
134.963	5.795000
134.963	5.816000
135.278	5.816000
135.278	6.738000
135.593	6.738000
135.593	6.740000
135.908	6.740000
135.908	6.785000
136.224	6.785000
136.224	5.507000
136.54	5.507000
136.54	5.630000
136.855	5.630000
136.855	5.625000
137.168	5.625000
137.168	5.910000
137.481	5.910000
137.481	5.858000
137.797	5.858000
137.797	5.908000
138.113	5.908000
138.113	6.028000
138.43	6.028000
138.43	5.932000
138.745	5.932000
138.745	5.918000
139.058	5.918000
139.058	5.648000
139.376	5.648000
139.376	5.645000
139.692	5.645000
139.692	5.649000
140.008	5.649000
140.008	5.650000
140.323	5.650000
140.323	5.687000
140.633	5.687000
140.633	5.659000
140.951	5.659000
140.951	5.688000
141.226	5.688000
141.226	5.750000
141.502	5.750000
141.502	5.692000
141.779	5.692000
141.779	6.002000
142.095	6.002000
142.095	5.974000
142.412	5.974000
142.412	5.986000
142.727	5.986000
142.727	5.978000
143.079	5.978000
143.079	6.059000
143.431	6.059000
143.431	6.033000
143.782	6.033000
143.782	7.382000
144.057	7.382000
144.057	7.449000
144.329	7.449000
144.329	7.510000
144.605	7.510000
144.605	6.523000
144.922	6.523000
144.922	6.553000
145.237	6.553000
145.237	6.562000
145.552	6.562000
145.552	5.807000
145.866	5.807000
145.866	5.901000
146.182	5.901000
146.182	5.835000
146.499	5.835000
146.499	6.726000
146.774	6.726000
146.774	6.692000
147.049	6.692000
147.049	6.754000
147.323	6.754000
147.323	6.506000
147.639	6.506000
147.639	6.455000
147.956	6.455000
147.956	6.380000
148.269	6.380000
148.269	5.873000
148.584	5.873000
148.584	5.863000
148.896	5.863000
148.896	5.829000
149.212	5.829000
149.212	7.020000
149.511	7.020000
149.511	6.981000
149.812	6.981000
149.812	6.945000
150.113	6.945000
150.113	5.865000
150.425	5.865000
150.425	5.939000
150.738	5.939000
150.738	5.960000
151.055	5.960000
151.055	4.891000
151.371	4.891000
151.371	4.990000
151.683	4.990000
151.683	5.039000
151.999	5.039000
151.999	5.964000
152.316	5.964000
152.316	5.907000
152.63	5.907000
152.63	5.949000
152.946	5.949000
152.946	6.059000
153.26	6.059000
153.26	6.126000
153.575	6.126000
153.575	6.073000
153.892	6.073000
153.892	5.275000
154.206	5.275000
154.206	5.393000
154.52	5.393000
154.52	5.427000
154.835	5.427000
154.835	5.573000
155.152	5.573000
155.152	5.511000
155.462	5.511000
155.462	5.548000
155.779	5.548000
155.779	5.811000
156.095	5.811000
156.095	5.770000
156.412	5.770000
156.412	5.761000
156.729	5.761000
156.729	6.602000
157.044	6.602000
157.044	6.895000
157.358	6.895000
157.358	6.638000
157.671	6.638000
157.671	5.678000
157.984	5.678000
157.984	5.688000
158.299	5.688000
158.299	5.712000
158.614	5.712000
158.614	5.582000
158.932	5.582000
158.932	5.555000
159.248	5.555000
159.248	5.529000
159.565	5.529000
159.565	5.470000
159.881	5.470000
159.881	5.499000
160.194	5.499000
160.194	5.510000
160.512	5.510000
160.512	5.523000
160.863	5.523000
160.863	5.519000
161.213	5.519000
161.213	5.546000
161.56	5.546000
161.56	6.192000
161.875	6.192000
161.875	6.163000
162.191	6.163000
162.191	6.152000
162.506	6.152000
162.506	5.567000
162.821	5.567000
162.821	5.519000
163.135	5.519000
163.135	5.545000
163.448	5.545000
163.448	6.098000
163.763	6.098000
163.763	6.151000
164.079	6.151000
164.079	6.137000
164.394	6.137000
164.394	5.970000
164.71	5.970000
164.71	5.999000
165.027	5.999000
165.027	5.979000
165.344	5.979000
165.344	7.297000
165.658	7.297000
165.658	7.391000
165.974	7.391000
165.974	7.344000
166.288	7.344000
166.288	6.965000
166.602	6.965000
166.602	6.978000
166.917	6.978000
166.917	6.999000
167.23	6.999000
167.23	5.687000
167.546	5.687000
167.546	5.654000
167.863	5.654000
167.863	5.674000
168.18	5.674000
168.18	6.091000
168.498	6.091000
168.498	6.152000
168.815	6.152000
168.815	6.126000
169.132	6.126000
169.132	5.726000
169.449	5.726000
169.449	5.729000
169.766	5.729000
169.766	5.724000
170.083	5.724000
170.083	5.933000
170.4	5.933000
170.4	5.916000
170.719	5.916000
170.719	5.886000
171.036	5.886000
171.036	5.432000
171.354	5.432000
171.354	5.391000
171.672	5.391000
171.672	5.385000
171.99	5.385000
171.99	5.683000
172.307	5.683000
172.307	5.670000
172.623	5.670000
172.623	5.669000
172.938	5.669000
172.938	5.345000
173.253	5.345000
173.253	5.396000
173.57	5.396000
173.57	5.404000
173.888	5.404000
173.888	5.638000
174.204	5.638000
174.204	5.635000
174.52	5.635000
174.52	5.618000
174.837	5.618000
174.837	5.674000
175.155	5.674000
175.155	5.617000
175.473	5.617000
175.473	5.601000
175.791	5.601000
175.791	6.128000
176.109	6.128000
176.109	6.104000
176.425	6.104000
176.425	6.168000
176.743	6.168000
176.743	5.933000
177.061	5.933000
177.061	5.978000
177.378	5.978000
177.378	5.982000
177.695	5.982000
177.695	6.208000
178.012	6.208000
178.012	6.221000
178.329	6.221000
178.329	6.241000
178.646	6.241000
178.646	5.170000
178.961	5.170000
178.961	5.333000
179.273	5.333000
179.273	5.334000
179.591	5.334000
179.591	7.013000
179.907	7.013000
179.907	6.976000
180.223	6.976000
180.223	6.934000
180.539	6.934000
180.539	1.311000
180.882	1.311000
180.882	1.337000
181.226	1.337000
181.226	1.263000
181.564	1.263000
181.564	7.256000
181.877	7.256000
181.877	7.262000
182.194	7.262000
182.194	7.220000
182.512	7.220000
182.512	1.302000
182.825	1.302000
182.825	1.225000
183.137	1.225000
183.137	1.291000
183.449	1.291000
183.449	5.763000
183.765	5.763000
183.765	5.723000
184.081	5.723000
184.081	5.738000
184.397	5.738000
184.397	5.770000
184.715	5.770000
184.715	5.753000
185.032	5.753000
185.032	5.764000
185.35	5.764000
185.35	5.553000
185.668	5.553000
185.668	5.556000
185.982	5.556000
185.982	5.537000
186.3	5.537000
186.3	5.866000
186.617	5.866000
186.617	5.866000
186.935	5.866000
186.935	5.887000
187.251	5.887000
187.251	6.307000
187.568	6.307000
187.568	6.288000
187.884	6.288000
187.884	6.279000
188.2	6.279000
188.2	5.479000
188.517	5.479000
188.517	5.478000
188.833	5.478000
188.833	5.469000
189.151	5.469000
189.151	6.034000
189.466	6.034000
189.466	6.008000
189.782	6.008000
189.782	6.034000
190.099	6.034000
190.099	6.032000
190.414	6.032000
190.414	6.093000
190.729	6.093000
190.729	6.035000
191.044	6.035000
191.044	6.337000
191.362	6.337000
191.362	6.270000
191.678	6.270000
191.678	6.262000
191.995	6.262000
191.995	6.777000
192.313	6.777000
192.313	6.748000
192.628	6.748000
192.628	6.790000
192.946	6.790000
192.946	6.969000
193.262	6.969000
193.262	6.952000
193.577	6.952000
193.577	6.950000
193.893	6.950000
193.893	7.273000
194.21	7.273000
194.21	7.241000
194.526	7.241000
194.526	7.266000
194.844	7.266000
194.844	7.069000
195.16	7.069000
195.16	7.063000
195.476	7.063000
195.476	7.079000
195.793	7.079000
195.793	5.894000
196.11	5.894000
196.11	5.927000
196.428	5.927000
196.428	5.873000
196.746	5.873000
196.746	7.445000
197.064	7.445000
197.064	7.418000
197.381	7.418000
197.381	7.459000
197.697	7.459000
197.697	7.693000
198.015	7.693000
198.015	7.643000
198.331	7.643000
198.331	7.705000
198.648	7.705000
198.648	7.643000
198.964	7.643000
198.964	7.696000
199.279	7.696000
199.279	7.683000
199.597	7.683000
199.597	6.498000
199.912	6.498000
199.912	6.450000
200.229	6.450000
200.229	6.442000
200.546	6.442000
200.546	5.771000
200.863	5.771000
200.863	5.794000
201.181	5.794000
201.181	5.811000
201.499	5.811000
201.499	5.861000
201.815	5.861000
201.815	5.936000
202.132	5.936000
202.132	5.974000
202.448	5.974000
202.448	5.709000
202.765	5.709000
202.765	5.718000
203.081	5.718000
203.081	5.724000
203.397	5.724000
203.397	6.051000
203.714	6.051000
203.714	6.069000
204.032	6.069000
204.032	6.090000
204.35	6.090000
204.35	6.779000
204.627	6.779000
204.627	6.773000
204.904	6.773000
204.904	6.773000
205.181	6.773000
205.181	5.350000
205.497	5.350000
205.497	5.375000
205.815	5.375000
205.815	5.378000
206.133	5.378000
206.133	6.373000
206.45	6.373000
206.45	6.392000
206.767	6.392000
206.767	6.410000
207.085	6.410000
207.085	6.447000
207.36	6.447000
207.36	6.413000
207.637	6.413000
207.637	6.467000
207.914	6.467000
207.914	6.076000
208.23	6.076000
208.23	6.086000
208.547	6.086000
208.547	6.102000
208.863	6.102000
208.863	5.953000
209.18	5.953000
209.18	5.647000
209.498	5.647000
209.498	5.658000
209.816	5.658000
209.816	5.697000
210.134	5.697000
210.134	5.711000
210.452	5.711000
210.452	5.690000
210.769	5.690000
210.769	6.084000
211.086	6.084000
211.086	6.018000
211.403	6.018000
211.403	6.064000
211.72	6.064000
211.72	5.736000
212.038	5.736000
212.038	5.747000
212.354	5.747000
212.354	5.783000
212.672	5.783000
212.672	5.684000
212.949	5.684000
212.949	5.670000
213.225	5.670000
213.225	5.657000
213.501	5.657000
213.501	8.308000
213.817	8.308000
213.817	8.243000
214.133	8.243000
214.133	8.314000
214.451	8.314000
214.451	6.472000
214.769	6.472000
214.769	6.374000
215.086	6.374000
215.086	6.334000
215.402	6.334000
215.402	6.591000
215.719	6.591000
215.719	6.578000
216.037	6.578000
216.037	6.580000
216.355	6.580000
216.355	6.193000
216.673	6.193000
216.673	6.136000
216.987	6.136000
216.987	6.164000
217.303	6.164000
217.303	5.676000
217.619	5.676000
217.619	5.733000
217.936	5.733000
217.936	5.740000
218.254	5.740000
218.254	6.202000
218.572	6.202000
218.572	6.232000
218.889	6.232000
218.889	6.246000
219.206	6.246000
219.206	5.906000
219.523	5.906000
219.523	5.945000
219.839	5.945000
219.839	5.922000
220.156	5.922000
220.156	5.847000
220.473	5.847000
220.473	5.876000
220.791	5.876000
220.791	5.878000
221.108	5.878000
221.108	5.585000
221.425	5.585000
221.425	5.685000
221.74	5.685000
221.74	5.634000
222.054	5.634000
222.054	5.916000
222.372	5.916000
222.372	5.913000
222.69	5.913000
222.69	5.925000
223.008	5.925000
223.008	6.044000
223.326	6.044000
223.326	6.031000
223.644	6.031000
223.644	6.010000
223.959	6.010000
223.959	6.302000
224.276	6.302000
224.276	6.328000
224.589	6.328000
224.589	6.305000
224.906	6.305000
224.906	8.182000
225.223	8.182000
225.223	8.521000
225.54	8.521000
225.54	7.781000
225.857	7.781000
225.857	7.569000
226.172	7.569000
226.172	7.582000
226.482	7.582000
226.482	7.687000
226.798	7.687000
226.798	5.314000
227.115	5.314000
227.115	5.306000
227.433	5.306000
227.433	5.271000
227.75	5.271000
227.75	6.081000
228.064	6.081000
228.064	6.051000
228.381	6.051000
228.381	6.035000
228.698	6.035000
228.698	5.488000
229.016	5.488000
229.016	5.541000
229.333	5.541000
229.333	5.554000
229.648	5.554000
229.648	6.253000
229.966	6.253000
229.966	6.303000
230.28	6.303000
230.28	6.299000
230.597	6.299000
230.597	6.688000
230.912	6.688000
230.912	6.701000
231.229	6.701000
231.229	6.692000
231.546	6.692000
231.546	6.577000
231.897	6.577000
231.897	6.533000
232.248	6.533000
232.248	6.631000
232.6	6.631000
232.6	7.352000
232.917	7.352000
232.917	7.309000
233.232	7.309000
233.232	7.301000
233.548	7.301000
233.548	5.555000
233.866	5.555000
233.866	5.508000
234.184	5.508000
234.184	5.573000
234.501	5.573000
234.501	5.867000
234.853	5.867000
234.853	5.875000
235.204	5.875000
235.204	5.912000
235.556	5.912000
235.556	5.582000
235.874	5.582000
235.874	5.585000
236.189	5.585000
236.189	5.641000
236.507	5.641000
236.507	5.741000
236.823	5.741000
236.823	5.782000
237.14	5.782000
237.14	5.770000
237.457	5.770000
237.457	5.446000
237.774	5.446000
237.774	5.471000
238.09	5.471000
238.09	5.552000
238.405	5.552000
238.405	5.646000
238.721	5.646000
238.721	5.671000
239.037	5.671000
239.037	5.694000
239.352	5.694000
239.352	5.650000
239.667	5.650000
239.667	5.662000
239.985	5.662000
239.985	5.652000
240.302	5.652000
240.302	5.445000
240.618	5.445000
240.618	5.530000
240.932	5.530000
240.932	5.535000
241.249	5.535000
241.249	6.715000
241.568	6.715000
241.568	6.656000
241.882	6.656000
241.882	6.700000
242.2	6.700000
242.2	5.716000
242.516	5.716000
242.516	5.694000
242.833	5.694000
242.833	5.741000
243.15	5.741000
243.15	5.961000
243.467	5.961000
243.467	5.986000
243.784	5.986000
243.784	5.991000
244.102	5.991000
244.102	5.683000
244.418	5.683000
244.418	5.646000
244.734	5.646000
244.734	5.668000
245.052	5.668000
245.052	5.935000
245.405	5.935000
245.405	5.940000
245.755	5.940000
245.755	5.923000
246.107	5.923000
246.107	5.243000
246.424	5.243000
246.424	5.269000
246.741	5.269000
246.741	5.254000
247.057	5.254000
247.057	6.144000
247.374	6.144000
247.374	6.195000
247.689	6.195000
247.689	6.059000
248.006	6.059000
248.006	6.366000
248.355	6.366000
248.355	6.246000
248.704	6.246000
248.704	6.275000
249.057	6.275000
249.057	5.915000
249.374	5.915000
249.374	5.937000
249.692	5.937000
249.692	5.919000
250.01	5.919000
250.01	5.864000
250.326	5.864000
250.326	6.017000
250.643	6.017000
250.643	5.961000
250.961	5.961000
250.961	5.553000
251.277	5.553000
251.277	5.591000
251.594	5.591000
251.594	5.588000
251.912	5.588000
251.912	5.352000
252.23	5.352000
252.23	5.352000
252.547	5.352000
252.547	5.363000
252.864	5.363000
252.864	5.658000
253.182	5.658000
253.182	5.628000
253.498	5.628000
253.498	5.678000
253.815	5.678000
253.815	6.312000
254.09	6.312000
254.09	6.391000
254.366	6.391000
254.366	6.406000
254.643	6.406000
254.643	5.408000
254.961	5.408000
254.961	5.448000
255.275	5.448000
255.275	5.449000
255.592	5.449000
255.592	5.749000
255.908	5.749000
255.908	5.886000
256.226	5.886000
256.226	5.846000
256.544	5.846000
256.544	5.976000
256.86	5.976000
256.86	6.030000
257.175	6.030000
257.175	6.008000
257.491	6.008000
257.491	6.181000
257.766	6.181000
257.766	6.223000
258.043	6.223000
258.043	6.183000
258.318	6.183000
258.318	6.536000
258.636	6.536000
258.636	6.550000
258.953	6.550000
258.953	6.542000
259.27	6.542000
259.27	6.270000
259.588	6.270000
259.588	6.241000
259.903	6.241000
259.903	6.244000
260.221	6.244000
260.221	6.636000
260.539	6.636000
260.539	6.553000
260.855	6.553000
260.855	6.553000
261.173	6.553000
261.173	5.541000
261.489	5.541000
261.489	5.542000
261.805	5.542000
261.805	5.498000
262.122	5.498000
262.122	6.964000
262.437	6.964000
262.437	7.696000
262.753	7.696000
262.753	7.738000
263.066	7.738000
263.066	8.491000
263.381	8.491000
263.381	8.442000
263.698	8.442000
263.698	8.470000
264.014	8.470000
264.014	7.548000
264.332	7.548000
264.332	7.553000
264.647	7.553000
264.647	7.474000
264.962	7.474000
264.962	5.922000
265.279	5.922000
265.279	5.927000
265.597	5.927000
265.597	5.895000
265.914	5.895000
265.914	5.674000
266.232	5.674000
266.232	5.652000
266.548	5.652000
266.548	5.629000
266.865	5.629000
266.865	5.729000
267.181	5.729000
267.181	5.782000
267.497	5.782000
267.497	5.792000
267.815	5.792000
267.815	5.667000
268.132	5.667000
268.132	5.703000
268.449	5.703000
268.449	5.674000
268.766	5.674000
268.766	5.613000
269.084	5.613000
269.084	5.643000
269.4	5.643000
269.4	5.595000
269.714	5.595000
269.714	6.567000
270.029	6.567000
270.029	6.882000
270.342	6.882000
270.342	6.882000
270.657	6.882000
270.657	6.090000
270.972	6.090000
270.972	6.049000
271.286	6.049000
271.286	6.095000
271.601	6.095000
271.601	6.093000
271.919	6.093000
271.919	6.179000
272.234	6.179000
272.234	6.129000
272.552	6.129000
272.552	8.081000
272.867	8.081000
272.867	6.945000
273.177	6.945000
273.177	7.047000
273.489	7.047000
273.489	5.617000
273.806	5.617000
273.806	5.564000
274.122	5.564000
274.122	5.545000
274.436	5.545000
274.436	6.300000
274.754	6.300000
274.754	6.271000
275.068	6.271000
275.068	6.356000
275.386	6.356000
275.386	5.938000
275.703	5.938000
275.703	6.006000
276.02	6.006000
276.02	5.992000
276.336	5.992000
276.336	5.747000
276.653	5.747000
276.653	5.704000
276.968	5.704000
276.968	5.713000
277.283	5.713000
277.283	5.916000
277.601	5.916000
277.601	5.937000
277.916	5.937000
277.916	5.903000
278.233	5.903000
278.233	6.692000
278.549	6.692000
278.549	6.690000
278.867	6.690000
278.867	6.682000
279.183	6.682000
279.183	5.271000
279.5	5.271000
279.5	5.296000
279.816	5.296000
279.816	5.309000
280.134	5.309000
280.134	5.174000
280.45	5.174000
280.45	5.223000
280.766	5.223000
280.766	5.225000
281.084	5.225000
281.084	5.509000
281.401	5.509000
281.401	5.555000
281.718	5.555000
281.718	5.523000
282.036	5.523000
282.036	5.606000
282.353	5.606000
282.353	5.592000
282.671	5.592000
282.671	5.577000
282.988	5.577000
282.988	5.471000
283.303	5.471000
283.303	5.558000
283.619	5.558000
283.619	5.529000
283.936	5.529000
283.936	5.695000
284.251	5.695000
284.251	5.677000
284.567	5.677000
284.567	5.698000
284.883	5.698000
284.883	6.255000
285.195	6.255000
285.195	6.277000
285.51	6.277000
285.51	6.288000
285.826	6.288000
285.826	6.105000
286.143	6.105000
286.143	6.096000
286.459	6.096000
286.459	6.050000
286.777	6.050000
286.777	7.177000
287.13	7.177000
287.13	7.133000
287.482	7.133000
287.482	7.197000
287.834	7.197000
287.834	6.384000
288.151	6.384000
288.151	6.395000
288.469	6.395000
288.469	6.467000
288.786	6.467000
288.786	5.912000
289.103	5.912000
289.103	5.917000
289.419	5.917000
289.419	5.874000
289.736	5.874000
289.736	6.895000
290.054	6.895000
290.054	6.901000
290.369	6.901000
290.369	6.810000
290.686	6.810000
290.686	6.654000
291.038	6.654000
291.038	6.610000
291.391	6.610000
291.391	6.602000
291.742	6.602000
291.742	6.611000
292.06	6.611000
292.06	6.583000
292.377	6.583000
292.377	6.638000
292.695	6.638000
292.695	6.172000
293.013	6.172000
293.013	6.171000
293.326	6.171000
293.326	6.159000
293.644	6.159000
293.644	3.588000
293.96	3.588000
293.96	3.656000
294.276	3.656000
294.276	3.626000
294.594	3.626000
294.594	6.811000
294.91	6.811000
294.91	6.808000
295.227	6.808000
295.227	6.764000
295.544	6.764000
295.544	5.732000
295.861	5.732000
295.861	5.718000
296.178	5.718000
296.178	5.763000
296.495	5.763000
296.495	5.558000
296.812	5.558000
296.812	5.453000
297.13	5.453000
297.13	5.440000
297.445	5.440000
297.445	5.557000
297.762	5.557000
297.762	5.537000
298.077	5.537000
298.077	5.620000
298.394	5.620000
298.394	5.804000
298.712	5.804000
298.712	5.832000
299.03	5.832000
299.03	5.799000
299.346	5.799000
299.346	5.684000
299.662	5.684000
299.662	5.629000
299.978	5.629000
299.978	5.602000
300.294	5.602000
300.294	6.290000
300.611	6.290000
300.611	6.294000
300.926	6.294000
300.926	6.269000
301.242	6.269000
301.242	5.794000
301.559	5.794000
301.559	5.774000
301.875	5.774000
301.875	5.795000
302.193	5.795000
302.193	5.978000
302.51	5.978000
302.51	6.033000
302.825	6.033000
302.825	5.970000
303.142	5.970000
303.142	6.203000
303.495	6.203000
303.495	6.196000
303.846	6.196000
303.846	6.206000
304.198	6.206000
304.198	5.644000
304.515	5.644000
304.515	5.684000
304.831	5.684000
304.831	5.665000
305.148	5.665000
305.148	5.779000
305.463	5.779000
305.463	5.787000
305.779	5.787000
305.779	5.828000
306.095	5.828000
306.095	5.767000
306.413	5.767000
306.413	5.757000
306.731	5.757000
306.731	5.737000
307.047	5.737000
307.047	6.054000
307.364	6.054000
307.364	5.694000
307.682	5.694000
307.682	5.676000
307.996	5.676000
307.996	6.245000
308.313	6.245000
308.313	6.256000
308.629	6.256000
308.629	6.284000
308.947	6.284000
308.947	6.854000
309.261	6.854000
309.261	6.863000
309.579	6.863000
309.579	6.850000
309.896	6.850000
309.896	8.027000
310.214	8.027000
310.214	8.058000
310.531	8.058000
310.531	7.924000
310.847	7.924000
310.847	6.109000
311.161	6.109000
311.161	5.897000
311.475	5.897000
311.475	5.877000
311.791	5.877000
311.791	5.669000
312.108	5.669000
312.108	5.694000
312.426	5.694000
312.426	5.680000
312.743	5.680000
312.743	5.606000
313.06	5.606000
313.06	5.587000
313.376	5.587000
313.376	5.593000
313.691	5.593000
313.691	5.490000
314.009	5.490000
314.009	5.541000
314.326	5.541000
314.326	5.500000
314.643	5.500000
314.643	0.000000
314.643	0.000000
314.643	6.205000
314.961	6.205000
314.961	6.121000
315.278	6.121000
315.278	0.000000
315.278	0.000000
315.278	5.823000
315.594	5.823000
315.594	5.867000
315.91	5.867000
315.91	5.682000
316.228	5.682000
316.228	5.633000
316.543	5.633000
316.543	5.611000
316.861	5.611000
316.861	6.080000
317.179	6.080000
317.179	6.097000
317.495	6.097000
317.495	6.061000
317.811	6.061000
317.811	5.735000
318.128	5.735000
318.128	5.663000
318.446	5.663000
318.446	5.720000
318.761	5.720000
318.761	5.694000
319.078	5.694000
319.078	5.711000
319.392	5.711000
319.392	5.726000
319.708	5.726000
319.708	6.348000
320.024	6.348000
320.024	6.381000
320.341	6.381000
320.341	6.381000
320.659	6.381000
320.659	5.296000
320.975	5.296000
320.975	5.319000
321.29	5.319000
321.29	5.306000
321.607	5.306000
321.607	6.300000
321.924	6.300000
321.924	6.302000
322.24	6.302000
322.24	6.292000
322.558	6.292000
322.558	6.202000
322.873	6.202000
322.873	6.157000
323.187	6.157000
323.187	6.171000
323.504	6.171000
323.504	5.999000
323.821	5.999000
323.821	5.981000
324.138	5.981000
324.138	5.998000
324.456	5.998000
324.456	6.746000
324.806	6.746000
324.806	6.813000
325.153	6.813000
325.153	6.814000
325.505	6.814000
325.505	8.263000
325.822	8.263000
325.822	8.306000
326.138	8.306000
326.138	8.276000
326.453	8.276000
326.453	5.991000
326.768	5.991000
326.768	6.027000
327.083	6.027000
327.083	6.026000
327.4	6.026000
327.4	5.701000
327.717	5.701000
327.717	5.708000
328.032	5.708000
328.032	5.688000
328.348	5.688000
328.348	5.570000
328.665	5.570000
328.665	5.587000
328.981	5.587000
328.981	5.540000
329.299	5.540000
329.299	5.355000
329.616	5.355000
329.616	5.401000
329.934	5.401000
329.934	5.401000
330.251	5.401000
330.251	5.873000
330.569	5.873000
330.569	5.875000
330.886	5.875000
330.886	5.894000
331.203	5.894000
331.203	5.091000
331.519	5.091000
331.519	5.070000
331.836	5.070000
331.836	5.079000
332.153	5.079000
332.153	5.431000
332.471	5.431000
332.471	5.409000
332.786	5.409000
332.786	5.438000
333.103	5.438000
333.103	6.473000
333.42	6.473000
333.42	6.344000
333.734	6.344000
333.734	6.435000
334.046	6.435000
334.046	5.955000
334.363	5.955000
334.363	5.926000
334.681	5.926000
334.681	5.907000
334.996	5.907000
334.996	6.657000
335.352	6.657000
335.352	6.692000
335.707	6.692000
335.707	6.673000
336.061	6.673000
336.061	7.851000
336.375	7.851000
336.375	7.842000
336.688	7.842000
336.688	8.034000
337.004	8.034000
337.004	5.589000
337.322	5.589000
337.322	5.538000
337.639	5.538000
337.639	5.569000
337.955	5.569000
337.955	5.727000
338.273	5.727000
338.273	5.675000
338.59	5.675000
338.59	5.647000
338.907	5.647000
338.907	5.822000
339.225	5.822000
339.225	5.816000
339.543	5.816000
339.543	5.855000
339.859	5.855000
339.859	6.749000
340.174	6.749000
340.174	7.266000
340.489	7.266000
340.489	6.873000
340.806	6.873000
340.806	6.096000
341.123	6.096000
341.123	6.097000
341.441	6.097000
341.441	6.122000
341.759	6.122000
341.759	6.706000
342.077	6.706000
342.077	6.704000
342.394	6.704000
342.394	6.671000
342.711	6.671000
342.711	7.355000
343.029	7.355000
343.029	7.327000
343.345	7.327000
343.345	7.408000
343.663	7.408000
343.663	6.089000
343.981	6.089000
343.981	6.142000
344.298	6.142000
344.298	6.108000
344.616	6.108000
344.616	5.521000
344.934	5.521000
344.934	5.559000
345.252	5.559000
345.252	5.559000
345.57	5.559000
345.57	6.026000
345.887	6.026000
345.887	6.054000
346.205	6.054000
346.205	6.020000
346.523	6.020000
346.523	6.144000
346.841	6.144000
346.841	6.180000
347.159	6.180000
347.159	6.148000
347.477	6.148000
347.477	6.273000
347.794	6.273000
347.794	6.313000
348.112	6.313000
348.112	6.294000
348.43	6.294000
348.43	5.585000
348.747	5.585000
348.747	5.581000
349.064	5.581000
349.064	5.577000
349.38	5.577000
349.38	5.967000
349.697	5.967000
349.697	6.013000
350.015	6.013000
350.015	6.029000
350.332	6.029000
350.332	5.978000
350.65	5.978000
350.65	5.961000
350.962	5.961000
350.962	5.980000
351.278	5.980000
351.278	5.704000
351.595	5.704000
351.595	5.693000
351.912	5.693000
351.912	5.683000
352.23	5.683000
352.23	5.718000
352.548	5.718000
352.548	5.680000
352.865	5.680000
352.865	5.698000
353.183	5.698000
353.183	6.655000
353.535	6.655000
353.535	6.698000
353.885	6.698000
353.885	6.715000
354.236	6.715000
354.236	5.742000
354.554	5.742000
354.554	5.824000
354.872	5.824000
354.872	5.791000
355.189	5.791000
355.189	6.095000
355.504	6.095000
355.504	6.158000
355.82	6.158000
355.82	6.138000
356.138	6.138000
356.138	5.764000
356.454	5.764000
356.454	5.776000
356.771	5.776000
356.771	5.791000
357.085	5.791000
357.085	5.810000
357.401	5.810000
357.401	5.886000
357.718	5.886000
357.718	5.842000
358.036	5.842000
358.036	6.401000
358.354	6.401000
358.354	6.333000
358.671	6.333000
358.671	6.357000
358.989	6.357000
358.989	6.545000
359.306	6.545000
359.306	6.431000
359.623	6.431000
359.623	6.423000
359.941	6.423000
359.941	6.405000
360.256	6.405000
360.256	6.487000
360.573	6.487000
360.573	6.436000
360.89	6.436000
360.89	6.265000
361.208	6.265000
361.208	6.252000
361.526	6.252000
361.526	6.251000
361.844	6.251000
361.844	5.612000
362.162	5.612000
362.162	5.650000
362.478	5.650000
362.478	5.592000
362.795	5.592000
362.795	5.414000
363.113	5.414000
363.113	5.443000
363.43	5.443000
363.43	5.484000
363.747	5.484000
363.747	5.903000
364.065	5.903000
364.065	5.938000
364.382	5.938000
364.382	5.928000
364.7	5.928000
364.7	5.494000
365.017	5.494000
365.017	5.559000
365.334	5.559000
365.334	5.546000
365.651	5.546000
365.651	5.700000
365.927	5.700000
365.927	5.690000
366.202	5.690000
366.202	5.754000
366.479	5.754000
366.479	5.805000
366.797	5.805000
366.797	5.820000
367.113	5.820000
367.113	5.809000
367.431	5.809000
367.431	5.961000
367.747	5.961000
367.747	5.939000
368.065	5.939000
368.065	5.935000
368.382	5.935000
368.382	5.704000
368.699	5.704000
368.699	5.720000
369.017	5.720000
369.017	5.719000
369.332	5.719000
369.332	5.957000
369.648	5.957000
369.648	5.930000
369.966	5.930000
369.966	5.930000
370.281	5.930000
370.281	5.953000
370.597	5.953000
370.597	5.940000
370.913	5.940000
370.913	6.034000
371.23	6.034000
371.23	5.075000
371.547	5.075000
371.547	5.146000
371.862	5.146000
371.862	5.158000
372.175	5.158000
372.175	5.695000
372.493	5.695000
372.493	5.720000
372.811	5.720000
372.811	5.672000
373.129	5.672000
373.129	5.963000
373.447	5.963000
373.447	6.012000
373.765	6.012000
373.765	5.941000
374.082	5.941000
374.082	8.377000
374.397	8.377000
374.397	8.322000
374.711	8.322000
374.711	7.992000
375.025	7.992000
375.025	8.308000
375.34	8.308000
375.34	8.290000
375.657	8.290000
375.657	8.342000
375.971	8.342000
375.971	8.538000
376.388	8.538000
376.388	8.651000
376.801	8.651000
376.801	8.458000
377.214	8.458000
377.214	6.201000
377.563	6.201000
377.563	6.221000
377.916	6.221000
377.916	6.182000
378.265	6.182000
378.265	5.643000
378.581	5.643000
378.581	5.594000
378.898	5.594000
378.898	5.644000
379.216	5.644000
379.216	5.431000
379.533	5.431000
379.533	5.450000
379.849	5.450000
379.849	5.454000
380.167	5.454000
380.167	5.435000
380.482	5.435000
380.482	5.464000
380.798	5.464000
380.798	5.479000
381.116	5.479000
381.116	5.639000
381.434	5.639000
381.434	5.662000
381.751	5.662000
381.751	5.638000
382.069	5.638000
382.069	5.978000
382.386	5.978000
382.386	6.012000
382.702	6.012000
382.702	5.936000
383.02	5.936000
383.02	6.253000
383.337	6.253000
383.337	6.213000
383.655	6.213000
383.655	6.194000
383.971	6.194000
383.971	6.528000
384.287	6.528000
384.287	6.508000
384.603	6.508000
384.603	6.575000
384.92	6.575000
384.92	5.953000
385.197	5.953000
385.197	5.948000
385.473	5.948000
385.473	5.899000
385.749	5.899000
385.749	6.327000
386.067	6.327000
386.067	6.458000
386.385	6.458000
386.385	6.439000
386.704	6.439000
386.704	5.848000
387.02	5.848000
387.02	5.938000
387.338	5.938000
387.338	5.863000
387.655	5.863000
387.655	6.342000
387.974	6.342000
387.974	6.309000
388.291	6.309000
388.291	6.342000
388.607	6.342000
388.607	6.834000
388.924	6.834000
388.924	6.731000
389.24	6.731000
389.24	6.809000
389.558	6.809000
389.558	6.607000
389.834	6.607000
389.834	6.617000
390.11	6.617000
390.11	6.618000
390.387	6.618000
390.387	8.029000
390.701	8.029000
390.701	8.085000
391.017	8.085000
391.017	8.083000
391.333	8.083000
391.333	7.482000
391.649	7.482000
391.649	7.465000
391.961	7.465000
391.961	7.519000
392.277	7.519000
392.277	8.014000
392.551	8.014000
392.551	7.981000
392.828	7.981000
392.828	7.985000
393.104	7.985000
393.104	6.156000
393.422	6.156000
393.422	6.156000
393.74	6.156000
393.74	6.092000
394.059	6.092000
394.059	6.248000
394.377	6.248000
394.377	6.247000
394.695	6.247000
394.695	6.212000
395.013	6.212000
395.013	5.429000
395.331	5.429000
395.331	5.473000
395.648	5.473000
395.648	5.414000
395.965	5.414000
395.965	5.789000
396.283	5.789000
396.283	5.803000
396.6	5.803000
396.6	5.814000
396.917	5.814000
396.917	5.336000
397.234	5.336000
397.234	5.423000
397.552	5.423000
397.552	5.417000
397.87	5.417000
397.87	5.699000
398.188	5.699000
398.188	5.724000
398.505	5.724000
398.505	5.748000
398.822	5.748000
398.822	5.154000
399.139	5.154000
399.139	5.168000
399.455	5.168000
399.455	5.187000
399.772	5.187000
399.772	6.459000
400.085	6.459000
400.085	6.442000
400.401	6.442000
400.401	6.484000
400.72	6.484000
400.72	6.218000
401.037	6.218000
401.037	6.250000
401.354	6.250000
401.354	6.184000
401.672	6.184000
401.672	5.660000
401.989	5.660000
401.989	5.735000
402.307	5.735000
402.307	5.658000
402.624	5.658000
402.624	5.502000
402.942	5.502000
402.942	5.459000
403.259	5.459000
403.259	5.468000
403.577	5.468000
403.577	5.841000
403.892	5.841000
403.892	5.809000
404.209	5.809000
404.209	5.803000
404.525	5.803000
404.525	6.360000
404.842	6.360000
404.842	6.362000
405.155	6.362000
405.155	6.403000
405.473	6.403000
405.473	7.450000
405.822	7.450000
405.822	7.401000
406.173	7.401000
406.173	7.396000
406.524	7.396000
406.524	6.936000
406.841	6.936000
406.841	6.864000
407.154	6.864000
407.154	6.772000
407.468	6.772000
407.468	7.412000
407.779	7.412000
407.779	7.485000
408.094	7.485000
408.094	7.543000
408.411	7.543000
408.411	6.405000
408.728	6.405000
408.728	6.366000
409.045	6.366000
409.045	6.380000
409.363	6.380000
409.363	5.607000
409.68	5.607000
409.68	5.718000
409.997	5.718000
409.997	5.632000
410.315	5.632000
410.315	5.700000
410.632	5.700000
410.632	5.634000
410.95	5.634000
410.95	5.633000
411.267	5.633000
411.267	6.273000
411.584	6.273000
411.584	6.299000
411.901	6.299000
411.901	6.313000
412.217	6.313000
412.217	5.733000
412.534	5.733000
412.534	5.779000
412.851	5.779000
412.851	5.799000
413.168	5.799000
413.168	6.248000
413.486	6.248000
413.486	6.226000
413.804	6.226000
413.804	6.247000
414.121	6.247000
414.121	6.040000
414.437	6.040000
414.437	6.045000
414.753	6.045000
414.753	6.005000
415.067	6.005000
415.067	5.561000
415.383	5.561000
415.383	5.532000
415.698	5.532000
415.698	5.562000
416.015	5.562000
416.015	6.148000
416.333	6.148000
416.333	6.118000
416.65	6.118000
416.65	6.140000
416.969	6.140000
416.969	5.417000
417.286	5.417000
417.286	5.402000
417.603	5.402000
417.603	5.409000
417.92	5.409000
417.92	5.605000
418.237	5.605000
418.237	5.591000
418.555	5.591000
418.555	5.578000
418.872	5.578000
418.872	6.866000
419.191	6.866000
419.191	6.874000
419.508	6.874000
419.508	6.843000
419.825	6.843000
419.825	6.414000
420.143	6.414000
420.143	6.491000
420.456	6.491000
420.456	6.474000
420.77	6.474000
420.77	6.846000
421.088	6.846000
421.088	6.870000
421.405	6.870000
421.405	6.852000
421.72	6.852000
421.72	7.197000
422.039	7.197000
422.039	7.253000
422.358	7.253000
422.358	7.228000
422.676	7.228000
422.676	7.808000
422.997	7.808000
422.997	7.843000
423.313	7.843000
423.313	7.843000
423.632	7.843000
423.632	7.762000
423.946	7.762000
423.946	7.799000
424.261	7.799000
424.261	7.787000
424.579	7.787000
424.579	5.629000
424.894	5.629000
424.894	5.585000
425.21	5.585000
425.21	5.635000
425.528	5.635000
425.528	5.091000
425.845	5.091000
425.845	5.096000
426.162	5.096000
426.162	5.057000
426.48	5.057000
426.48	5.596000
426.797	5.596000
426.797	5.601000
427.113	5.601000
427.113	5.570000
427.43	5.570000
427.43	6.315000
427.748	6.315000
427.748	6.260000
428.065	6.260000
428.065	6.268000
428.381	6.268000
428.381	5.204000
428.697	5.204000
428.697	5.158000
429.015	5.158000
429.015	5.154000
429.332	5.154000
429.332	0.000000
429.332	0.000000
429.332	0.631000
429.434	0.631000
429.434	0.629000
429.536	0.629000
429.536	0.000000
429.536	0.000000
429.536	6.954000
429.887	6.954000
429.887	6.912000
430.238	6.912000
430.238	0.000000
430.238	0.000000
430.238	0.622000
430.34	0.622000
430.34	0.608000
430.442	0.608000
430.442	0.000000
430.442	0.000000
430.442	0.620000
430.544	0.620000
430.544	0.620000
430.646	0.620000
430.646	0.000000
430.646	0.000000
430.646	6.240000
430.964	6.240000
430.964	6.251000
431.281	6.251000
431.281	0.000000
431.281	0.000000
431.281	6.506000
431.598	6.506000
431.598	6.522000
431.915	6.522000
431.915	0.000000
431.915	0.000000
431.915	0.598000
432.017	0.598000
432.017	0.595000
432.119	0.595000
432.119	0.000000
432.119	0.000000
432.119	5.905000
432.436	5.905000
432.436	5.904000
432.752	5.904000
432.752	0.000000
432.752	0.000000
432.752	0.588000
432.854	0.588000
432.854	0.601000
432.956	0.601000
432.956	0.000000
432.956	0.000000
432.956	0.628000
433.058	0.628000
433.058	0.645000
433.16	0.645000
433.16	0.000000
433.16	0.000000
433.16	6.741000
433.48	6.741000
433.48	6.740000
433.8	6.740000
433.8	0.000000
433.8	0.000000
433.8	8.252000
434.118	8.252000
434.118	8.280000
434.435	8.280000
434.435	0.000000
434.435	0.000000
434.435	0.595000
434.536	0.595000
434.536	0.596000
434.638	0.596000
434.638	0.000000
434.638	0.000000
434.638	5.976000
434.954	5.976000
434.954	5.996000
435.271	5.996000
435.271	0.000000
435.271	0.000000
435.271	0.613000
435.373	0.613000
435.373	0.619000
435.475	0.619000
435.475	0.000000
435.475	0.000000
435.475	0.593000
435.577	0.593000
435.577	0.629000
435.679	0.629000
435.679	5.561000
435.997	5.561000
435.997	5.555000
436.315	5.555000
436.315	5.573000
436.633	5.573000
436.633	5.459000
436.951	5.459000
436.951	5.467000
437.269	5.467000
437.269	5.423000
437.584	5.423000
437.584	5.986000
437.902	5.986000
437.902	6.024000
438.219	6.024000
438.219	6.017000
438.536	6.017000
438.536	5.888000
438.852	5.888000
438.852	5.924000
439.169	5.924000
439.169	5.919000
439.487	5.919000
439.487	6.431000
439.805	6.431000
439.805	6.421000
440.122	6.421000
440.122	6.418000
440.44	6.418000
440.44	6.030000
440.756	6.030000
440.756	6.077000
441.073	6.077000
441.073	6.036000
441.39	6.036000
441.39	6.492000
441.708	6.492000
441.708	6.476000
442.024	6.476000
442.024	6.451000
442.34	6.451000
442.34	5.734000
442.658	5.734000
442.658	5.711000
442.976	5.711000
442.976	5.702000
443.293	5.702000
443.293	6.140000
443.61	6.140000
443.61	6.198000
443.926	6.198000
443.926	6.207000
444.243	6.207000
444.243	5.495000
444.56	5.495000
444.56	5.495000
444.874	5.495000
444.874	5.504000
445.191	5.504000
445.191	5.922000
445.508	5.922000
445.508	6.015000
445.824	6.015000
445.824	5.984000
446.142	5.984000
446.142	5.872000
446.459	5.872000
446.459	5.916000
446.777	5.916000
446.777	5.887000
447.093	5.887000
447.093	6.146000
447.409	6.146000
447.409	6.135000
447.726	6.135000
447.726	6.115000
448.043	6.115000
448.043	6.443000
448.358	6.443000
448.358	6.423000
448.675	6.423000
448.675	6.486000
448.992	6.486000
448.992	6.086000
449.309	6.086000
449.309	6.107000
449.625	6.107000
449.625	6.126000
449.943	6.126000
449.943	6.150000
450.26	6.150000
450.26	6.122000
450.577	6.122000
450.577	6.155000
450.893	6.155000
450.893	5.911000
451.209	5.911000
451.209	5.778000
451.524	5.778000
451.524	5.830000
451.838	5.830000
451.838	5.837000
452.155	5.837000
452.155	5.793000
452.472	5.793000
452.472	5.797000
452.79	5.797000
452.79	6.001000
453.108	6.001000
453.108	6.015000
453.425	6.015000
453.425	5.961000
453.743	5.961000
453.743	6.159000
454.06	6.159000
454.06	6.165000
454.378	6.165000
454.378	6.185000
454.695	6.185000
454.695	5.657000
455.013	5.657000
455.013	5.714000
455.331	5.714000
455.331	5.686000
455.647	5.686000
455.647	5.836000
455.966	5.836000
455.966	5.827000
456.284	5.827000
456.284	5.832000
456.602	5.832000
456.602	5.792000
456.92	5.792000
456.92	5.776000
457.237	5.776000
457.237	5.793000
457.555	5.793000
457.555	5.512000
457.874	5.512000
457.874	5.555000
458.192	5.555000
458.192	5.560000
458.509	5.560000
458.509	6.171000
458.826	6.171000
458.826	6.122000
459.144	6.122000
459.144	6.124000
459.462	6.124000
459.462	6.104000
459.78	6.104000
459.78	6.111000
460.096	6.111000
460.096	6.123000
460.412	6.123000
460.412	5.976000
460.729	5.976000
460.729	6.001000
461.047	6.001000
461.047	5.994000
461.364	5.994000
461.364	5.205000
461.682	5.205000
461.682	5.223000
462.0	5.223000
462.0	5.218000
462.317	5.218000
462.317	5.932000
462.635	5.932000
462.635	5.893000
462.95	5.893000
462.95	5.928000
463.267	5.928000
463.267	5.271000
463.585	5.271000
463.585	5.278000
463.901	5.278000
463.901	5.259000
464.219	5.259000
464.219	5.993000
464.535	5.993000
464.535	6.072000
464.852	6.072000
464.852	6.100000
465.168	6.100000
465.168	6.273000
465.487	6.273000
465.487	6.260000
465.801	6.260000
465.801	6.230000
466.117	6.230000
466.117	5.718000
466.434	5.718000
466.434	5.737000
466.752	5.737000
466.752	5.719000
467.069	5.719000
467.069	5.855000
467.387	5.855000
467.387	5.837000
467.705	5.837000
467.705	5.832000
468.021	5.832000
468.021	5.842000
468.339	5.842000
468.339	5.868000
468.657	5.868000
468.657	5.899000
468.975	5.899000
468.975	5.598000
469.292	5.598000
469.292	5.598000
469.609	5.598000
469.609	5.603000
469.927	5.603000
469.927	5.674000
470.246	5.674000
470.246	5.705000
470.564	5.705000
470.564	5.728000
470.882	5.728000
470.882	5.849000
471.198	5.849000
471.198	5.857000
471.515	5.857000
471.515	5.850000
471.832	5.850000
471.832	6.078000
472.15	6.078000
472.15	6.102000
472.468	6.102000
472.468	6.112000
472.786	6.112000
472.786	5.864000
473.103	5.864000
473.103	5.845000
473.421	5.845000
473.421	5.795000
473.739	5.795000
473.739	6.043000
474.056	6.043000
474.056	5.992000
474.374	5.992000
474.374	5.964000
474.691	5.964000
474.691	5.461000
475.007	5.461000
475.007	5.415000
475.323	5.415000
475.323	5.433000
475.641	5.433000
475.641	5.902000
475.957	5.902000
475.957	5.870000
476.273	5.870000
476.273	5.932000
476.591	5.932000
476.591	5.800000
476.909	5.800000
476.909	5.795000
477.225	5.795000
477.225	5.754000
477.543	5.754000
477.543	5.886000
477.819	5.886000
477.819	5.929000
478.096	5.929000
478.096	5.896000
478.372	5.896000
478.372	5.840000
478.689	5.840000
478.689	5.734000
479.007	5.734000
479.007	5.716000
479.324	5.716000
479.324	5.036000
479.642	5.036000
479.642	5.061000
479.96	5.061000
479.96	5.009000
480.278	5.009000
480.278	6.029000
480.555	6.029000
480.555	6.016000
480.832	6.016000
480.832	6.020000
481.107	6.020000
