0.0	1.310000
0.353	1.310000
0.353	1.351000
0.706	1.351000
0.706	0.418000
1.023	0.418000
1.023	0.485000
1.34	0.485000
1.34	0.490000
1.657	0.490000
1.657	1.415000
1.974	1.415000
1.974	1.391000
2.291	1.391000
2.291	1.263000
2.608	1.263000
2.608	1.716000
2.96	1.716000
2.96	1.756000
3.313	1.756000
3.313	0.428000
3.63	0.428000
3.63	0.456000
3.947	0.456000
3.947	0.593000
4.264	0.593000
4.264	0.389000
4.581	0.389000
4.581	0.385000
4.898	0.385000
4.898	0.464000
5.215	0.464000
5.215	1.680000
5.568	1.680000
5.568	1.659000
5.92	1.659000
5.92	0.441000
6.237	0.441000
6.237	0.457000
6.554	0.457000
6.554	0.488000
6.871	0.488000
6.871	0.470000
7.188	0.470000
7.188	0.471000
7.505	0.471000
7.505	0.465000
7.822	0.465000
7.822	1.721000
8.175	1.721000
8.175	1.786000
8.528	1.786000
8.528	0.456000
8.845	0.456000
8.845	0.500000
9.162	0.500000
9.162	0.513000
9.479	0.513000
9.479	0.480000
9.831	0.480000
9.831	0.473000
10.183	0.473000
10.183	0.442000
10.535	0.442000
10.535	1.799000
10.887	1.799000
10.887	2.349000
11.238	2.349000
11.238	1.875000
11.588	1.875000
11.588	0.655000
11.905	0.655000
11.905	0.582000
12.22	0.582000
12.22	0.880000
12.538	0.880000
12.538	0.713000
12.89	0.713000
12.89	0.734000
13.242	0.734000
13.242	0.765000
13.593	0.765000
13.593	1.424000
13.945	1.424000
13.945	1.385000
14.297	1.385000
14.297	0.443000
14.615	0.443000
14.615	0.441000
14.933	0.441000
14.933	0.470000
15.251	0.470000
15.251	0.386000
15.603	0.386000
15.603	0.433000
15.955	0.433000
15.955	0.467000
16.307	0.467000
16.307	1.859000
16.66	1.859000
16.66	1.974000
17.013	1.974000
17.013	1.868000
17.365	1.868000
17.365	0.475000
17.682	0.475000
17.682	0.467000
17.999	0.467000
17.999	0.448000
18.316	0.448000
18.316	1.482000
18.669	1.482000
18.669	1.469000
19.022	1.469000
19.022	1.484000
19.375	1.484000
19.375	1.820000
19.728	1.820000
19.728	1.948000
20.081	1.948000
20.081	1.834000
20.434	1.834000
20.434	0.457000
20.786	0.457000
20.786	0.498000
21.139	0.498000
21.139	0.454000
21.491	0.454000
21.491	0.508000
21.808	0.508000
21.808	0.516000
22.125	0.516000
22.125	0.511000
22.442	0.511000
22.442	1.851000
22.793	1.851000
22.793	1.919000
23.145	1.919000
23.145	1.889000
23.497	1.889000
23.497	0.502000
23.814	0.502000
23.814	0.488000
24.131	0.488000
24.131	0.451000
24.448	0.451000
24.448	1.559000
24.799	1.559000
24.799	1.222000
25.151	1.222000
25.151	1.087000
25.503	1.087000
25.503	1.739000
25.856	1.739000
25.856	1.735000
26.208	1.735000
26.208	0.735000
26.56	0.735000
26.56	0.737000
26.912	0.737000
26.912	0.725000
27.264	0.725000
27.264	0.687000
27.617	0.687000
27.617	0.730000
27.97	0.730000
27.97	0.719000
28.322	0.719000
28.322	1.396000
28.674	1.396000
28.674	1.432000
29.026	1.432000
29.026	0.700000
29.378	0.700000
29.378	0.743000
29.73	0.743000
29.73	0.756000
30.082	0.756000
30.082	0.552000
30.399	0.552000
30.399	0.465000
30.716	0.465000
30.716	0.476000
31.033	0.476000
31.033	1.854000
31.384	1.854000
31.384	5.731000
31.736	5.731000
31.736	1.880000
32.087	1.880000
32.087	1.200000
32.439	1.200000
32.439	1.176000
32.791	1.176000
32.791	1.438000
33.142	1.438000
33.142	0.435000
33.459	0.435000
33.459	0.390000
33.776	0.390000
33.776	0.480000
34.093	0.480000
34.093	1.600000
34.445	1.600000
34.445	1.597000
34.797	1.597000
34.797	0.456000
35.149	0.456000
35.149	0.471000
35.501	0.471000
35.501	0.448000
35.853	0.448000
35.853	1.888000
36.208	1.888000
36.208	1.819000
36.564	1.819000
36.564	1.760000
36.919	1.760000
36.919	1.731000
37.271	1.731000
37.271	2.267000
37.623	2.267000
37.623	1.791000
37.975	1.791000
37.975	0.431000
38.287	0.431000
38.287	0.489000
38.599	0.489000
38.599	0.554000
38.911	0.554000
38.911	0.463000
39.262	0.463000
39.262	0.491000
39.614	0.491000
39.614	0.467000
39.966	0.467000
39.966	1.215000
40.319	1.215000
40.319	1.287000
40.672	1.287000
40.672	0.565000
41.014	0.565000
41.014	0.577000
41.356	0.577000
41.356	0.651000
41.698	0.651000
41.698	0.468000
41.989	0.468000
41.989	0.496000
42.28	0.496000
42.28	0.461000
42.571	0.461000
42.571	1.880000
42.924	1.880000
42.924	1.831000
43.275	1.831000
43.275	0.484000
43.592	0.484000
43.592	0.431000
43.909	0.431000
43.909	0.510000
44.226	0.510000
44.226	0.503000
44.543	0.503000
44.543	0.456000
44.86	0.456000
44.86	0.503000
45.177	0.503000
45.177	1.991000
45.488	1.991000
45.488	2.015000
45.799	2.015000
45.799	1.996000
46.11	1.996000
46.11	0.528000
46.462	0.528000
46.462	0.529000
46.814	0.529000
46.814	0.586000
47.166	0.586000
47.166	0.438000
47.477	0.438000
47.477	0.480000
47.788	0.480000
47.788	0.504000
48.099	0.504000
48.099	1.745000
48.45	1.745000
48.45	3.242000
48.802	3.242000
48.802	1.756000
49.154	1.756000
49.154	0.443000
49.471	0.443000
49.471	0.477000
49.788	0.477000
49.788	0.454000
50.105	0.454000
50.105	0.507000
50.457	0.507000
50.457	0.522000
50.809	0.522000
50.809	0.544000
51.16	0.544000
51.16	1.837000
51.477	1.837000
51.477	1.967000
51.794	1.967000
51.794	1.900000
52.111	1.900000
52.111	1.046000
52.463	1.046000
52.463	0.999000
52.815	0.999000
52.815	1.007000
53.167	1.007000
53.167	1.572000
53.519	1.572000
53.519	1.570000
53.87	1.570000
53.87	1.559000
54.222	1.559000
54.222	1.766000
54.54	1.766000
54.54	2.076000
54.859	2.076000
54.859	1.868000
55.178	1.868000
55.178	0.852000
55.53	0.852000
55.53	0.845000
55.882	0.845000
55.882	0.839000
56.234	0.839000
56.234	0.456000
56.586	0.456000
56.586	0.439000
56.938	0.439000
56.938	0.451000
57.29	0.451000
57.29	1.752000
57.607	1.752000
57.607	1.772000
57.924	1.772000
57.924	0.439000
58.276	0.439000
58.276	0.420000
58.628	0.420000
58.628	0.491000
58.98	0.491000
58.98	0.470000
59.331	0.470000
59.331	0.442000
59.683	0.442000
59.683	0.476000
60.035	0.476000
60.035	1.940000
60.388	1.940000
60.388	1.963000
60.739	1.963000
60.739	1.915000
61.091	1.915000
61.091	0.705000
61.408	0.705000
61.408	0.502000
61.725	0.502000
61.725	0.531000
62.042	0.531000
62.042	0.681000
62.394	0.681000
62.394	0.721000
62.746	0.721000
62.746	0.646000
63.098	0.646000
63.098	1.774000
63.451	1.774000
63.451	1.726000
63.804	1.726000
63.804	1.097000
64.156	1.097000
64.156	0.998000
64.508	0.998000
64.508	1.138000
64.86	1.138000
64.86	0.483000
65.212	0.483000
65.212	0.520000
65.564	0.520000
65.564	0.456000
65.916	0.456000
65.916	1.602000
66.269	1.602000
66.269	1.603000
66.622	1.603000
66.622	0.599000
66.974	0.599000
66.974	0.498000
67.326	0.498000
67.326	0.504000
67.678	0.504000
67.678	0.826000
67.995	0.826000
67.995	0.810000
68.312	0.810000
68.312	0.819000
68.629	0.819000
68.629	2.133000
68.947	2.133000
68.947	2.255000
69.265	2.255000
69.265	2.191000
69.581	2.191000
69.581	1.205000
69.898	1.205000
69.898	1.085000
70.214	1.085000
70.214	1.159000
70.531	1.159000
70.531	1.801000
70.848	1.801000
70.848	1.777000
71.164	1.777000
71.164	1.813000
71.481	1.813000
71.481	0.887000
71.833	0.887000
71.833	0.877000
72.185	0.877000
72.185	0.670000
72.502	0.670000
72.502	0.515000
72.819	0.515000
72.819	0.526000
73.136	0.526000
73.136	0.491000
73.453	0.491000
73.453	0.523000
73.77	0.523000
73.77	0.510000
74.087	0.510000
74.087	1.452000
74.439	1.452000
74.439	1.526000
74.791	1.526000
74.791	0.581000
75.143	0.581000
75.143	0.612000
75.495	0.612000
75.495	0.717000
75.847	0.717000
75.847	0.525000
76.199	0.525000
76.199	0.561000
76.551	0.561000
76.551	0.546000
76.903	0.546000
76.903	2.034000
77.255	2.034000
77.255	2.045000
77.607	2.045000
77.607	2.037000
77.959	2.037000
77.959	0.820000
78.276	0.820000
78.276	0.812000
78.593	0.812000
78.593	0.839000
78.91	0.839000
78.91	0.505000
79.262	0.505000
79.262	0.534000
79.614	0.534000
79.614	0.487000
79.966	0.487000
79.966	1.884000
80.318	1.884000
80.318	1.940000
80.668	1.940000
80.668	1.929000
81.019	1.929000
81.019	0.877000
81.37	0.877000
81.37	0.611000
81.722	0.611000
81.722	0.623000
82.074	0.623000
82.074	0.603000
82.426	0.603000
82.426	0.547000
82.778	0.547000
82.778	0.503000
83.13	0.503000
83.13	1.477000
83.481	1.477000
83.481	6.029000
83.831	6.029000
83.831	1.571000
84.183	1.571000
84.183	0.959000
84.535	0.959000
84.535	1.020000
84.887	1.020000
84.887	0.910000
85.239	0.910000
85.239	1.552000
85.592	1.552000
85.592	0.965000
85.945	0.965000
85.945	0.909000
86.298	0.909000
86.298	1.900000
86.65	1.900000
86.65	1.970000
87.002	1.970000
87.002	1.944000
87.354	1.944000
87.354	0.495000
87.671	0.495000
87.671	0.451000
87.988	0.451000
87.988	0.520000
88.305	0.520000
88.305	0.892000
88.623	0.892000
88.623	0.873000
88.941	0.873000
88.941	0.858000
89.259	0.858000
89.259	1.912000
89.611	1.912000
89.611	1.950000
89.963	1.950000
89.963	1.896000
90.315	1.896000
90.315	0.511000
90.632	0.511000
90.632	0.457000
90.949	0.457000
90.949	0.489000
91.266	0.489000
91.266	0.705000
91.583	0.705000
91.583	0.597000
91.9	0.597000
91.9	0.531000
92.217	0.531000
92.217	1.914000
92.547	1.914000
92.547	2.020000
92.899	2.020000
92.899	1.904000
93.251	1.904000
93.251	1.229000
93.568	1.229000
93.568	0.614000
93.885	0.614000
93.885	0.636000
94.202	0.636000
94.202	1.580000
94.519	1.580000
94.519	1.634000
94.836	1.634000
94.836	1.516000
95.153	1.516000
95.153	1.331000
95.505	1.331000
95.505	1.399000
95.857	1.399000
95.857	0.488000
96.209	0.488000
96.209	0.503000
96.561	0.503000
96.561	0.505000
96.913	0.505000
96.913	0.418000
97.23	0.418000
97.23	0.420000
97.547	0.420000
97.547	0.455000
97.864	0.455000
97.864	1.250000
98.214	1.250000
98.214	1.313000
98.566	1.313000
98.566	0.451000
98.918	0.451000
98.918	0.452000
99.27	0.452000
99.27	0.503000
99.622	0.503000
99.622	0.454000
99.939	0.454000
99.939	0.541000
100.256	0.541000
100.256	0.507000
100.573	0.507000
100.573	1.963000
100.925	1.963000
100.925	1.976000
101.275	1.976000
101.275	1.907000
101.627	1.907000
101.627	0.562000
101.944	0.562000
101.944	0.543000
102.261	0.543000
102.261	0.640000
102.578	0.640000
102.578	0.666000
102.93	0.666000
102.93	0.614000
103.282	0.614000
103.282	0.622000
103.634	0.622000
103.634	1.805000
103.986	1.805000
103.986	1.743000
104.339	1.743000
104.339	0.748000
104.656	0.748000
104.656	0.413000
104.973	0.413000
104.973	0.468000
105.29	0.468000
105.29	0.945000
105.607	0.945000
105.607	0.966000
105.924	0.966000
105.924	0.936000
106.24	0.936000
106.24	1.901000
106.557	1.901000
106.557	9.611000
106.873	9.611000
106.873	1.919000
107.188	1.919000
107.188	0.602000
107.54	0.602000
107.54	0.548000
107.892	0.548000
107.892	0.538000
108.244	0.538000
108.244	3.003000
108.596	3.003000
108.596	2.867000
108.948	2.867000
108.948	3.045000
109.299	3.045000
109.299	1.917000
109.651	1.917000
109.651	1.938000
110.003	1.938000
110.003	1.859000
110.355	1.859000
110.355	1.690000
110.707	1.690000
110.707	1.658000
111.059	1.658000
111.059	1.378000
111.411	1.378000
111.411	1.191000
111.731	1.191000
111.731	1.180000
112.083	1.180000
112.083	1.154000
112.435	1.154000
112.435	0.931000
112.787	0.931000
112.787	0.941000
113.138	0.941000
113.138	0.924000
113.49	0.924000
113.49	0.739000
113.842	0.739000
113.842	0.695000
114.194	0.695000
114.194	0.459000
114.511	0.459000
114.511	0.474000
114.828	0.474000
114.828	0.451000
115.145	0.451000
115.145	1.830000
115.498	1.830000
115.498	1.887000
115.851	1.887000
115.851	1.866000
116.204	1.866000
116.204	0.476000
116.556	0.476000
116.556	0.375000
116.908	0.375000
116.908	0.399000
117.26	0.399000
117.26	0.476000
117.577	0.476000
117.577	0.505000
117.894	0.505000
117.894	0.520000
118.211	0.520000
118.211	1.353000
118.564	1.353000
118.564	1.384000
118.917	1.384000
118.917	0.701000
119.234	0.701000
119.234	0.711000
119.551	0.711000
119.551	0.859000
119.868	0.859000
119.868	0.575000
120.22	0.575000
120.22	0.536000
120.572	0.536000
120.572	0.555000
120.924	0.555000
120.924	1.869000
121.276	1.869000
121.276	1.928000
121.628	1.928000
121.628	1.859000
121.98	1.859000
121.98	0.474000
122.297	0.474000
122.297	0.479000
122.614	0.479000
122.614	0.462000
122.931	0.462000
122.931	0.480000
123.248	0.480000
123.248	0.482000
123.565	0.482000
123.565	0.507000
123.882	0.507000
123.882	1.419000
124.234	1.419000
124.234	1.476000
124.586	1.476000
124.586	0.568000
124.903	0.568000
124.903	0.460000
125.22	0.460000
125.22	0.492000
125.537	0.492000
125.537	1.940000
125.853	1.940000
125.853	1.268000
126.17	1.268000
126.17	1.197000
126.487	1.197000
126.487	2.154000
126.838	2.154000
126.838	2.014000
127.191	2.014000
127.191	1.871000
127.544	1.871000
127.544	0.852000
127.861	0.852000
127.861	0.462000
128.178	0.462000
128.178	0.469000
128.495	0.469000
128.495	1.711000
128.847	1.711000
128.847	1.499000
129.199	1.499000
129.199	1.468000
129.55	1.468000
129.55	1.668000
129.903	1.668000
129.903	1.716000
130.256	1.716000
130.256	0.418000
130.532	0.418000
130.532	0.487000
130.808	0.487000
130.808	0.712000
131.084	0.712000
131.084	0.399000
131.401	0.399000
131.401	0.427000
131.718	0.427000
131.718	0.437000
132.035	0.437000
132.035	0.750000
132.387	0.750000
132.387	0.780000
132.739	0.780000
132.739	0.824000
133.05	0.824000
133.05	0.875000
133.361	0.875000
133.361	0.884000
133.672	0.884000
133.672	0.478000
134.024	0.478000
134.024	0.514000
134.376	0.514000
134.376	0.525000
134.728	0.525000
134.728	1.953000
135.079	1.953000
135.079	1.979000
135.43	1.979000
135.43	1.878000
135.782	1.878000
135.782	0.494000
136.099	0.494000
136.099	0.509000
136.416	0.509000
136.416	0.522000
136.733	0.522000
136.733	0.483000
137.05	0.483000
137.05	0.436000
137.367	0.436000
137.367	0.552000
137.682	0.552000
137.682	1.912000
138.034	1.912000
138.034	1.919000
138.385	1.919000
138.385	1.901000
138.737	1.901000
138.737	0.663000
139.054	0.663000
139.054	0.683000
139.371	0.683000
139.371	0.766000
139.687	0.766000
139.687	0.479000
139.994	0.479000
139.994	0.445000
140.301	0.445000
140.301	0.526000
140.608	0.526000
140.608	1.940000
140.959	1.940000
140.959	1.916000
141.311	1.916000
141.311	1.957000
141.662	1.957000
141.662	0.809000
141.979	0.809000
141.979	0.688000
142.295	0.688000
142.295	0.612000
142.611	0.612000
142.611	0.579000
142.963	0.579000
142.963	0.603000
143.315	0.603000
143.315	0.632000
143.667	0.632000
143.667	9.801000
144.017	9.801000
144.017	9.829000
144.369	9.829000
144.369	0.651000
144.686	0.651000
144.686	0.617000
145.003	0.617000
145.003	0.556000
145.32	0.556000
145.32	1.974000
145.674	1.974000
145.674	4.580000
146.028	4.580000
146.028	1.943000
146.382	1.943000
146.382	0.520000
146.701	0.520000
146.701	0.496000
147.02	0.496000
147.02	0.517000
147.339	0.517000
147.339	0.616000
147.692	0.616000
147.692	0.663000
148.045	0.663000
148.045	0.694000
148.398	0.694000
148.398	1.864000
148.751	1.864000
148.751	1.885000
149.104	1.885000
149.104	1.890000
149.456	1.890000
149.456	0.636000
149.81	0.636000
149.81	0.594000
150.164	0.594000
150.164	0.703000
150.518	0.703000
150.518	0.459000
150.872	0.459000
150.872	0.461000
151.225	0.461000
151.225	0.487000
151.579	0.487000
151.579	1.911000
151.932	1.911000
151.932	2.000000
152.285	2.000000
152.285	1.939000
152.638	1.939000
152.638	0.465000
152.991	0.465000
152.991	0.484000
153.344	0.484000
153.344	0.559000
153.697	0.559000
153.697	0.538000
154.051	0.538000
154.051	0.558000
154.405	0.558000
154.405	0.646000
154.758	0.646000
154.758	1.447000
155.112	1.447000
155.112	9.352000
155.466	9.352000
155.466	1.448000
155.82	1.448000
155.82	0.782000
156.139	0.782000
156.139	0.625000
156.458	0.625000
156.458	0.624000
156.776	0.624000
156.776	1.783000
157.13	1.783000
157.13	1.767000
157.483	1.767000
157.483	1.772000
157.837	1.772000
157.837	1.818000
158.188	1.818000
158.188	1.856000
158.54	1.856000
158.54	1.876000
158.891	1.876000
158.891	0.450000
159.245	0.450000
159.245	0.403000
159.599	0.403000
159.599	0.453000
159.953	0.453000
159.953	0.454000
160.271	0.454000
160.271	0.449000
160.589	0.449000
160.589	0.524000
160.908	0.524000
160.908	1.574000
161.261	1.574000
161.261	1.586000
161.615	1.586000
161.615	0.446000
161.969	0.446000
161.969	0.415000
162.323	0.415000
162.323	0.407000
162.677	0.407000
162.677	0.465000
163.031	0.465000
163.031	0.490000
163.385	0.490000
163.385	0.460000
163.739	0.460000
163.739	2.138000
164.058	2.138000
164.058	1.650000
164.376	1.650000
164.376	0.623000
164.73	0.623000
164.73	0.597000
165.084	0.597000
165.084	0.982000
165.438	0.982000
165.438	0.872000
165.756	0.872000
165.756	0.700000
166.074	0.700000
166.074	0.763000
166.392	0.763000
166.392	0.643000
166.745	0.643000
166.745	0.650000
167.098	0.650000
167.098	0.462000
167.416	0.462000
167.416	0.463000
167.734	0.463000
167.734	0.449000
168.053	0.449000
168.053	0.526000
168.406	0.526000
168.406	0.523000
168.759	0.523000
168.759	0.504000
169.112	0.504000
169.112	1.300000
169.466	1.300000
169.466	1.371000
169.82	1.371000
169.82	0.588000
170.174	0.588000
170.174	0.526000
170.527	0.526000
170.527	0.593000
170.881	0.593000
170.881	6.920000
171.195	6.920000
171.195	6.831000
171.509	6.831000
171.509	6.151000
171.828	6.151000
171.828	1.834000
172.183	1.834000
172.183	1.959000
172.538	1.959000
172.538	1.885000
172.893	1.885000
172.893	0.476000
173.246	0.476000
173.246	0.451000
173.599	0.451000
173.599	0.397000
173.952	0.397000
173.952	1.540000
174.306	1.540000
174.306	1.521000
174.66	1.521000
174.66	1.514000
175.014	1.514000
175.014	1.786000
175.368	1.786000
175.368	1.938000
175.721	1.938000
175.721	1.861000
176.074	1.861000
176.074	0.429000
176.392	0.429000
176.392	0.424000
176.71	0.424000
176.71	0.485000
177.028	0.485000
177.028	0.457000
177.381	0.457000
177.381	0.541000
177.734	0.541000
177.734	0.466000
178.087	0.466000
178.087	1.787000
178.441	1.787000
178.441	2.215000
178.795	2.215000
178.795	1.837000
179.149	1.837000
179.149	0.453000
179.502	0.453000
179.502	0.474000
179.855	0.474000
179.855	0.440000
180.208	0.440000
180.208	0.557000
180.56	0.557000
180.56	0.537000
180.912	0.537000
180.912	0.509000
181.265	0.509000
181.265	1.896000
181.617	1.896000
181.617	2.013000
181.97	2.013000
181.97	1.945000
182.323	1.945000
182.323	0.487000
182.677	0.487000
182.677	0.512000
183.031	0.512000
183.031	0.573000
183.385	0.573000
183.385	0.423000
183.704	0.423000
183.704	0.454000
184.023	0.454000
184.023	0.466000
184.342	0.466000
184.342	1.924000
184.696	1.924000
184.696	1.962000
185.05	1.962000
185.05	1.910000
185.403	1.910000
185.403	0.510000
185.721	0.510000
185.721	0.592000
186.039	0.592000
186.039	0.490000
186.357	0.490000
186.357	0.440000
186.711	0.440000
186.711	0.441000
187.065	0.441000
187.065	0.427000
187.419	0.427000
187.419	1.808000
187.772	1.808000
187.772	1.847000
188.125	1.847000
188.125	1.913000
188.478	1.913000
188.478	0.470000
188.832	0.470000
188.832	0.488000
189.186	0.488000
189.186	0.494000
189.54	0.494000
189.54	1.606000
189.894	1.606000
189.894	1.583000
190.248	1.583000
190.248	1.305000
190.601	1.305000
190.601	1.838000
190.955	1.838000
190.955	3.439000
191.309	3.439000
191.309	1.856000
191.663	1.856000
191.663	0.569000
192.016	0.569000
192.016	0.576000
192.369	0.576000
192.369	0.634000
192.723	0.634000
192.723	1.544000
193.041	1.544000
193.041	1.522000
193.359	1.522000
193.359	1.554000
193.678	1.554000
193.678	1.744000
194.031	1.744000
194.031	1.832000
194.383	1.832000
194.383	1.823000
194.737	1.823000
194.737	0.421000
195.091	0.421000
195.091	0.401000
195.445	0.401000
195.445	0.450000
195.799	0.450000
195.799	0.488000
196.153	0.488000
196.153	0.485000
196.507	0.485000
196.507	0.456000
196.861	0.456000
196.861	1.399000
197.214	1.399000
197.214	1.458000
197.566	1.458000
197.566	0.431000
197.919	0.431000
197.919	0.473000
198.272	0.473000
198.272	0.516000
198.626	0.516000
198.626	0.455000
198.944	0.455000
198.944	0.497000
199.262	0.497000
199.262	0.499000
199.58	0.499000
199.58	1.691000
199.934	1.691000
199.934	1.616000
200.288	1.616000
200.288	0.425000
200.642	0.425000
200.642	0.433000
200.996	0.433000
200.996	0.513000
201.35	0.513000
201.35	1.258000
201.669	1.258000
201.669	0.507000
201.988	0.507000
201.988	0.488000
202.307	0.488000
202.307	1.657000
202.661	1.657000
202.661	1.589000
203.014	1.589000
203.014	0.646000
203.367	0.646000
203.367	0.666000
203.721	0.666000
203.721	0.793000
204.075	0.793000
204.075	0.479000
204.392	0.479000
204.392	0.493000
204.709	0.493000
204.709	0.468000
205.028	0.468000
205.028	1.899000
205.347	1.899000
205.347	3.852000
205.666	3.852000
205.666	1.938000
205.985	1.938000
205.985	0.456000
206.339	0.456000
206.339	0.438000
206.693	0.438000
206.693	0.459000
207.047	0.459000
207.047	0.498000
207.365	0.498000
207.365	0.534000
207.683	0.534000
207.683	0.499000
208.001	0.499000
208.001	1.941000
208.356	1.941000
208.356	1.967000
208.711	1.967000
208.711	1.922000
209.066	1.922000
209.066	1.350000
209.419	1.350000
209.419	1.208000
209.772	1.208000
209.772	1.167000
210.125	1.167000
210.125	1.571000
210.479	1.571000
210.479	1.485000
210.832	1.485000
210.832	1.433000
211.186	1.433000
211.186	1.116000
211.54	1.116000
211.54	0.378000
211.894	0.378000
211.894	0.402000
212.248	0.402000
212.248	0.436000
212.602	0.436000
212.602	0.443000
212.956	0.443000
212.956	0.447000
213.31	0.447000
213.31	0.493000
213.664	0.493000
213.664	0.517000
214.018	0.517000
214.018	0.840000
214.372	0.840000
214.372	0.896000
214.726	0.896000
214.726	0.511000
215.079	0.511000
215.079	0.523000
215.432	0.523000
215.432	0.752000
215.785	0.752000
215.785	0.515000
216.139	0.515000
216.139	0.528000
216.493	0.528000
216.493	0.607000
216.847	0.607000
216.847	1.356000
217.202	1.356000
217.202	1.344000
217.557	1.344000
217.557	0.532000
217.91	0.532000
217.91	0.546000
218.263	0.546000
218.263	0.521000
218.616	0.521000
218.616	0.965000
218.934	0.965000
218.934	0.495000
219.253	0.495000
219.253	0.470000
219.572	0.470000
219.572	2.106000
219.926	2.106000
219.926	1.964000
220.28	1.964000
220.28	1.913000
220.634	1.913000
220.634	0.425000
220.988	0.425000
220.988	0.421000
221.342	0.421000
221.342	0.472000
221.696	0.472000
221.696	0.481000
222.05	0.481000
222.05	0.490000
222.404	0.490000
222.404	0.568000
222.758	0.568000
222.758	2.056000
223.112	2.056000
223.112	1.886000
223.466	1.886000
223.466	1.749000
223.82	1.749000
223.82	0.770000
224.138	0.770000
224.138	0.804000
224.456	0.804000
224.456	0.755000
224.773	0.755000
224.773	0.441000
225.091	0.441000
225.091	0.477000
225.409	0.477000
225.409	0.508000
225.727	0.508000
225.727	1.861000
226.08	1.861000
226.08	2.047000
226.434	2.047000
226.434	1.836000
226.787	1.836000
226.787	0.671000
227.14	0.671000
227.14	0.750000
227.494	0.750000
227.494	0.683000
227.848	0.683000
227.848	1.264000
228.202	1.264000
228.202	1.264000
228.556	1.264000
228.556	1.263000
228.91	1.263000
228.91	1.756000
229.264	1.756000
229.264	1.924000
229.618	1.924000
229.618	1.806000
229.972	1.806000
229.972	0.472000
230.326	0.472000
230.326	0.503000
230.68	0.503000
230.68	0.469000
231.033	0.469000
231.033	0.695000
231.386	0.695000
231.386	0.674000
231.739	0.674000
231.739	0.646000
232.092	0.646000
232.092	0.468000
232.411	0.468000
232.411	0.471000
232.73	0.471000
232.73	0.433000
233.083	0.433000
233.083	0.422000
233.436	0.422000
233.436	0.448000
233.789	0.448000
233.789	0.484000
234.143	0.484000
234.143	0.525000
234.497	0.525000
234.497	0.496000
234.851	0.496000
234.851	0.765000
235.204	0.765000
235.204	0.739000
235.557	0.739000
235.557	0.459000
235.91	0.459000
235.91	0.479000
236.263	0.479000
236.263	0.461000
236.616	0.461000
236.616	0.595000
236.97	0.595000
236.97	0.557000
237.324	0.557000
237.324	0.612000
237.677	0.612000
237.677	1.654000
238.03	1.654000
238.03	1.696000
238.381	1.696000
238.381	0.461000
238.7	0.461000
238.7	0.472000
239.019	0.472000
239.019	0.484000
239.338	0.484000
239.338	0.443000
239.657	0.443000
239.657	0.421000
239.976	0.421000
239.976	0.482000
240.295	0.482000
240.295	1.809000
240.649	1.809000
240.649	1.931000
241.002	1.931000
241.002	1.867000
241.355	1.867000
241.355	0.449000
241.674	0.449000
241.674	0.433000
241.993	0.433000
241.993	0.589000
242.312	0.589000
242.312	0.459000
242.665	0.459000
242.665	0.489000
243.018	0.489000
243.018	0.446000
243.371	0.446000
243.371	1.666000
243.724	1.666000
243.724	1.600000
244.076	1.600000
244.076	0.676000
244.429	0.676000
244.429	0.641000
244.782	0.641000
244.782	0.758000
245.136	0.758000
245.136	9.051000
245.488	9.051000
245.488	9.286000
245.84	9.286000
245.84	9.189000
246.191	9.189000
246.191	0.515000
246.545	0.515000
246.545	0.481000
246.899	0.481000
246.899	0.482000
247.253	0.482000
247.253	1.838000
247.607	1.838000
247.607	1.581000
247.961	1.581000
247.961	1.561000
248.315	1.561000
248.315	0.939000
248.669	0.939000
248.669	0.951000
249.023	0.951000
249.023	0.508000
249.376	0.508000
249.376	0.559000
249.729	0.559000
249.729	0.528000
250.082	0.528000
250.082	1.410000
250.435	1.410000
250.435	1.386000
250.788	1.386000
250.788	1.452000
251.141	1.452000
251.141	0.703000
251.496	0.703000
251.496	1.818000
251.851	1.818000
251.851	1.389000
252.205	1.389000
252.205	1.346000
252.559	1.346000
252.559	1.378000
252.913	1.378000
252.913	1.262000
253.265	1.262000
253.265	1.160000
253.617	1.160000
253.617	0.509000
253.97	0.509000
253.97	0.488000
254.323	0.488000
254.323	0.482000
254.676	0.482000
254.676	0.527000
254.995	0.527000
254.995	0.524000
255.314	0.524000
255.314	0.532000
255.633	0.532000
255.633	1.817000
255.982	1.817000
255.982	1.632000
256.331	1.632000
256.331	1.636000
256.679	1.636000
256.679	0.504000
256.998	0.504000
256.998	0.474000
257.317	0.474000
257.317	0.512000
257.636	0.512000
257.636	0.901000
257.989	0.901000
257.989	0.856000
258.342	0.856000
258.342	1.565000
258.66	1.565000
258.66	1.560000
258.978	1.560000
258.978	1.571000
259.296	1.571000
259.296	2.022000
259.649	2.022000
259.649	1.992000
260.001	1.992000
260.001	1.984000
260.354	1.984000
260.354	0.728000
260.708	0.728000
260.708	0.723000
261.062	0.723000
261.062	0.800000
261.416	0.800000
261.416	0.787000
261.769	0.787000
261.769	0.809000
262.122	0.809000
262.122	0.834000
262.475	0.834000
262.475	1.960000
262.829	1.960000
262.829	1.990000
263.183	1.990000
263.183	1.950000
263.537	1.950000
263.537	0.492000
263.891	0.492000
263.891	0.478000
264.245	0.478000
264.245	0.472000
264.599	0.472000
264.599	0.723000
264.951	0.723000
264.951	0.733000
265.303	0.733000
265.303	0.819000
265.655	0.819000
265.655	2.469000
266.007	2.469000
266.007	2.029000
266.359	2.029000
266.359	1.977000
266.711	1.977000
266.711	1.487000
267.028	1.487000
267.028	1.481000
267.345	1.481000
267.345	1.529000
267.662	1.529000
267.662	1.612000
268.014	1.612000
268.014	1.665000
268.366	1.665000
268.366	1.721000
268.718	1.721000
268.718	1.731000
269.07	1.731000
269.07	2.190000
269.422	2.190000
269.422	1.877000
269.774	1.877000
269.774	0.468000
270.091	0.468000
270.091	0.514000
270.408	0.514000
270.408	1.026000
270.725	1.026000
270.725	0.521000
271.077	0.521000
271.077	0.537000
271.429	0.537000
271.429	0.552000
271.781	0.552000
271.781	1.749000
272.133	1.749000
272.133	1.883000
272.485	1.883000
272.485	1.859000
272.836	1.859000
272.836	0.466000
273.188	0.466000
273.188	0.496000
273.54	0.496000
273.54	0.500000
273.892	0.500000
273.892	0.479000
274.21	0.479000
274.21	0.457000
274.528	0.457000
274.528	0.482000
274.846	0.482000
274.846	1.975000
275.199	1.975000
275.199	1.973000
275.552	1.973000
275.552	1.934000
275.905	1.934000
275.905	0.542000
276.257	0.542000
276.257	0.542000
276.609	0.542000
276.609	0.664000
276.961	0.664000
276.961	0.493000
277.313	0.493000
277.313	0.508000
277.664	0.508000
277.664	0.606000
278.016	0.606000
278.016	1.813000
278.366	1.813000
278.366	2.492000
278.718	2.492000
278.718	1.824000
279.068	1.824000
279.068	0.455000
279.386	0.455000
279.386	0.457000
279.704	0.457000
279.704	0.496000
280.022	0.496000
280.022	0.570000
280.358	0.570000
280.358	0.569000
280.694	0.569000
280.694	0.555000
281.03	0.555000
281.03	1.773000
281.383	1.773000
281.383	3.186000
281.735	3.186000
281.735	1.829000
282.088	1.829000
282.088	1.323000
282.406	1.323000
282.406	1.319000
282.724	1.319000
282.724	1.231000
283.042	1.231000
283.042	1.600000
283.394	1.600000
283.394	1.332000
283.746	1.332000
283.746	1.254000
284.097	1.254000
284.097	2.004000
284.449	2.004000
284.449	1.995000
284.8	1.995000
284.8	2.010000
285.151	2.010000
285.151	0.912000
285.427	0.912000
285.427	0.872000
285.703	0.872000
285.703	0.865000
285.979	0.865000
285.979	1.105000
286.331	1.105000
286.331	1.157000
286.683	1.157000
286.683	1.075000
287.035	1.075000
287.035	1.788000
287.388	1.788000
287.388	1.940000
287.741	1.940000
287.741	1.851000
288.093	1.851000
288.093	0.505000
288.445	0.505000
288.445	0.515000
288.797	0.515000
288.797	0.612000
289.149	0.612000
289.149	0.450000
289.501	0.450000
289.501	0.444000
289.853	0.444000
289.853	0.426000
290.205	0.426000
290.205	1.813000
290.558	1.813000
290.558	1.928000
290.911	1.928000
290.911	1.883000
291.263	1.883000
291.263	1.311000
291.615	1.311000
291.615	1.036000
291.966	1.036000
291.966	1.174000
292.318	1.174000
292.318	0.451000
292.67	0.451000
292.67	0.476000
293.022	0.476000
293.022	0.485000
293.374	0.485000
293.374	1.861000
293.726	1.861000
293.726	1.879000
294.078	1.879000
294.078	1.910000
294.429	1.910000
294.429	0.387000
294.747	0.387000
294.747	0.433000
295.065	0.433000
295.065	0.440000
295.383	0.440000
295.383	0.599000
295.735	0.599000
295.735	0.549000
296.087	0.549000
296.087	0.568000
296.439	0.568000
296.439	1.937000
296.79	1.937000
296.79	1.971000
297.141	1.971000
297.141	1.951000
297.493	1.951000
297.493	0.455000
297.81	0.455000
297.81	0.451000
298.127	0.451000
298.127	0.431000
298.444	0.431000
298.444	0.499000
298.761	0.499000
298.761	0.487000
299.078	0.487000
299.078	0.558000
299.395	0.558000
299.395	2.222000
299.747	2.222000
299.747	2.017000
300.1	2.017000
300.1	1.950000
300.452	1.950000
300.452	0.507000
300.804	0.507000
300.804	0.540000
301.156	0.540000
301.156	0.864000
301.508	0.864000
301.508	0.538000
301.86	0.538000
301.86	0.582000
302.212	0.582000
302.212	0.537000
302.564	0.537000
302.564	1.999000
302.916	1.999000
302.916	2.036000
303.267	2.036000
303.267	2.052000
303.618	2.052000
303.618	1.563000
303.935	1.563000
303.935	1.592000
304.252	1.592000
304.252	1.543000
304.569	1.543000
304.569	1.528000
304.919	1.528000
304.919	1.573000
305.271	1.573000
305.271	1.588000
305.623	1.588000
305.623	1.724000
305.974	1.724000
305.974	1.874000
306.326	1.874000
306.326	1.802000
306.676	1.802000
306.676	0.439000
306.993	0.439000
306.993	0.437000
307.31	0.437000
307.31	0.473000
307.627	0.473000
307.627	0.509000
307.979	0.509000
307.979	0.559000
308.331	0.559000
308.331	0.547000
308.683	0.547000
308.683	1.817000
309.035	1.817000
309.035	1.924000
309.387	1.924000
309.387	1.853000
309.738	1.853000
309.738	0.468000
310.055	0.468000
310.055	0.491000
310.372	0.491000
310.372	0.454000
310.689	0.454000
310.689	0.582000
311.041	0.582000
311.041	0.620000
311.393	0.620000
311.393	0.671000
311.745	0.671000
311.745	1.900000
312.096	1.900000
312.096	1.888000
312.447	1.888000
312.447	1.876000
312.799	1.876000
312.799	0.493000
313.116	0.493000
313.116	0.508000
313.433	0.508000
313.433	0.497000
313.75	0.497000
313.75	1.107000
314.067	1.107000
314.067	1.112000
314.384	1.112000
314.384	1.171000
314.701	1.171000
314.701	1.851000
315.051	1.851000
315.051	1.894000
315.403	1.894000
315.403	2.160000
315.754	2.160000
315.754	0.462000
316.071	0.462000
316.071	0.463000
316.388	0.463000
316.388	0.456000
316.705	0.456000
316.705	0.472000
317.023	0.472000
317.023	0.474000
317.341	0.474000
317.341	0.465000
317.659	0.465000
317.659	2.083000
318.011	2.083000
318.011	1.721000
318.362	1.721000
318.362	1.841000
318.714	1.841000
318.714	1.376000
319.066	1.376000
319.066	1.462000
319.418	1.462000
319.418	2.085000
319.77	2.085000
319.77	0.503000
320.087	0.503000
320.087	0.479000
320.404	0.479000
320.404	0.571000
320.721	0.571000
320.721	2.113000
321.073	2.113000
321.073	2.508000
321.425	2.508000
321.425	2.738000
321.777	2.738000
321.777	2.995000
322.094	2.995000
322.094	2.935000
322.41	2.935000
322.41	3.009000
322.727	3.009000
322.727	1.786000
323.079	1.786000
323.079	1.815000
323.431	1.815000
323.431	1.899000
323.783	1.899000
323.783	1.849000
324.134	1.849000
324.134	1.889000
324.488	1.889000
324.488	1.877000
324.842	1.877000
324.842	0.495000
325.159	0.495000
325.159	0.507000
325.476	0.507000
325.476	0.472000
325.793	0.472000
325.793	0.519000
326.146	0.519000
326.146	0.509000
326.499	0.509000
326.499	0.485000
326.852	0.485000
326.852	1.812000
327.202	1.812000
327.202	1.937000
327.553	1.937000
327.553	1.869000
327.902	1.869000
327.902	0.451000
328.22	0.451000
328.22	0.465000
328.538	0.465000
328.538	0.499000
328.856	0.499000
328.856	0.442000
329.173	0.442000
329.173	0.443000
329.49	0.443000
329.49	0.484000
329.806	0.484000
329.806	1.921000
330.157	1.921000
330.157	1.951000
330.509	1.951000
330.509	1.895000
330.861	1.895000
330.861	0.475000
331.213	0.475000
331.213	0.498000
331.565	0.498000
331.565	0.519000
331.917	0.519000
331.917	0.506000
332.234	0.506000
332.234	0.476000
332.551	0.476000
332.551	0.483000
332.868	0.483000
332.868	1.753000
333.22	1.753000
333.22	1.815000
333.572	1.815000
333.572	0.459000
333.89	0.459000
333.89	0.445000
334.208	0.445000
334.208	0.500000
334.526	0.500000
334.526	0.757000
334.843	0.757000
334.843	0.759000
335.16	0.759000
335.16	0.668000
335.476	0.668000
335.476	1.325000
335.828	1.325000
335.828	1.430000
336.18	1.430000
336.18	0.404000
336.497	0.404000
336.497	0.411000
336.814	0.411000
336.814	0.419000
337.131	0.419000
337.131	0.513000
337.448	0.513000
337.448	0.513000
337.765	0.513000
337.765	0.514000
338.082	0.514000
338.082	1.909000
338.434	1.909000
338.434	1.965000
338.786	1.965000
338.786	1.883000
339.137	1.883000
339.137	0.467000
339.489	0.467000
339.489	0.435000
339.841	0.435000
339.841	0.491000
340.193	0.491000
340.193	1.681000
340.545	1.681000
340.545	1.691000
340.897	1.691000
340.897	1.603000
341.249	1.603000
341.249	1.802000
341.601	1.802000
341.601	2.742000
341.954	2.742000
341.954	1.786000
342.307	1.786000
342.307	0.623000
342.659	0.623000
342.659	0.659000
343.011	0.659000
343.011	0.657000
343.363	0.657000
343.363	0.490000
343.714	0.490000
343.714	0.515000
344.066	0.515000
344.066	0.482000
344.418	0.482000
344.418	1.511000
344.769	1.511000
344.769	1.524000
345.12	1.524000
345.12	0.477000
345.472	0.477000
345.472	0.512000
345.824	0.512000
345.824	0.537000
346.176	0.537000
346.176	0.485000
346.493	0.485000
346.493	0.488000
346.81	0.488000
346.81	0.444000
347.127	0.444000
347.127	1.852000
347.478	1.852000
347.478	1.907000
347.829	1.907000
347.829	1.849000
348.18	1.849000
348.18	0.426000
348.532	0.426000
348.532	0.535000
348.884	0.535000
348.884	0.502000
349.236	0.502000
349.236	0.550000
349.553	0.550000
349.553	0.498000
349.87	0.498000
349.87	0.536000
350.187	0.536000
350.187	1.812000
350.539	1.812000
350.539	1.784000
350.892	1.784000
350.892	1.931000
351.243	1.931000
351.243	1.241000
351.595	1.241000
351.595	1.409000
351.947	1.409000
351.947	1.979000
352.298	1.979000
352.298	3.715000
352.648	3.715000
352.648	4.038000
352.999	4.038000
352.999	4.784000
353.351	4.784000
353.351	1.866000
353.703	1.866000
353.703	1.919000
354.054	1.919000
354.054	1.878000
354.406	1.878000
354.406	0.614000
354.723	0.614000
354.723	0.646000
355.04	0.646000
355.04	0.642000
355.356	0.642000
355.356	0.464000
355.708	0.464000
355.708	0.463000
356.06	0.463000
356.06	0.491000
356.412	0.491000
356.412	1.739000
356.764	1.739000
356.764	1.923000
357.115	1.923000
357.115	1.782000
357.465	1.782000
357.465	0.669000
357.816	0.669000
357.816	0.721000
358.168	0.721000
358.168	0.741000
358.52	0.741000
358.52	1.673000
358.872	1.673000
358.872	1.742000
359.224	1.742000
359.224	1.697000
359.576	1.697000
359.576	1.696000
359.927	1.696000
359.927	1.848000
360.278	1.848000
360.278	1.784000
360.63	1.784000
360.63	0.592000
360.947	0.592000
360.947	0.599000
361.264	0.599000
361.264	0.594000
361.581	0.594000
361.581	0.506000
361.892	0.506000
361.892	0.494000
362.203	0.494000
362.203	0.495000
362.514	0.495000
362.514	1.811000
362.83	1.811000
362.83	1.842000
363.147	1.842000
363.147	0.485000
363.499	0.485000
363.499	0.502000
363.851	0.502000
363.851	0.521000
364.203	0.521000
364.203	0.421000
364.555	0.421000
364.555	0.421000
364.907	0.421000
364.907	0.389000
365.259	0.389000
365.259	1.867000
365.61	1.867000
365.61	1.905000
365.959	1.905000
365.959	1.840000
366.311	1.840000
366.311	0.508000
366.628	0.508000
366.628	0.470000
366.945	0.470000
366.945	0.471000
367.262	0.471000
367.262	0.673000
367.614	0.673000
367.614	0.657000
367.966	0.657000
367.966	0.594000
368.318	0.594000
368.318	2.264000
368.671	2.264000
368.671	1.905000
369.024	1.905000
369.024	1.346000
369.341	1.346000
369.341	0.544000
369.658	0.544000
369.658	0.516000
369.975	0.516000
369.975	1.070000
370.284	1.070000
370.284	0.475000
370.593	0.475000
370.593	0.512000
370.902	0.512000
370.902	0.663000
371.219	0.663000
371.219	0.732000
371.536	0.732000
371.536	0.449000
371.853	0.449000
371.853	0.446000
372.17	0.446000
372.17	0.475000
372.487	0.475000
372.487	0.463000
372.804	0.463000
372.804	0.498000
373.121	0.498000
373.121	0.431000
373.438	0.431000
