0.0	6.581000
0.353	6.581000
0.353	7.203000
0.706	7.203000
0.706	7.315000
1.059	7.315000
1.059	8.015000
1.412	8.015000
1.412	9.069000
1.765	9.069000
1.765	8.420000
2.118	8.420000
2.118	4.249000
2.471	4.249000
2.471	4.338000
2.824	4.338000
2.824	4.304000
3.177	4.304000
3.177	9.031000
3.53	9.031000
3.53	8.668000
3.883	8.668000
3.883	8.713000
4.236	8.713000
4.236	5.406000
4.59	5.406000
4.59	7.192000
4.944	7.192000
4.944	5.942000
5.298	5.942000
5.298	2.200000
5.651	2.200000
5.651	2.593000
6.004	2.593000
6.004	2.134000
6.357	2.134000
6.357	1.894000
6.71	1.894000
6.71	1.649000
7.063	1.649000
7.063	1.618000
7.416	1.618000
7.416	2.306000
7.769	2.306000
7.769	2.297000
8.122	2.297000
8.122	2.444000
8.475	2.444000
8.475	1.926000
8.827	1.926000
8.827	1.958000
9.18	1.958000
9.18	1.596000
9.533	1.596000
9.533	1.958000
9.885	1.958000
9.885	1.941000
10.238	1.941000
10.238	1.936000
10.591	1.936000
10.591	1.839000
10.943	1.839000
10.943	1.736000
11.295	1.736000
11.295	1.803000
11.647	1.803000
11.647	1.754000
11.999	1.754000
11.999	1.477000
12.351	1.477000
12.351	1.552000
12.703	1.552000
12.703	2.803000
13.056	2.803000
13.056	3.454000
13.409	3.454000
13.409	2.791000
13.762	2.791000
13.762	1.877000
14.115	1.877000
14.115	2.270000
14.468	2.270000
14.468	1.708000
14.821	1.708000
14.821	3.157000
15.174	3.157000
15.174	2.954000
15.527	2.954000
15.527	3.161000
15.88	3.161000
15.88	2.041000
16.233	2.041000
16.233	1.637000
16.586	1.637000
16.586	1.840000
16.939	1.840000
16.939	1.907000
17.292	1.907000
17.292	1.823000
17.645	1.823000
17.645	1.404000
17.998	1.404000
17.998	3.152000
18.351	3.152000
18.351	2.788000
18.704	2.788000
18.704	3.014000
19.057	3.014000
19.057	2.319000
19.409	2.319000
19.409	2.202000
19.762	2.202000
19.762	2.167000
20.115	2.167000
20.115	2.064000
20.468	2.064000
20.468	2.360000
20.821	2.360000
20.821	1.996000
21.174	1.996000
21.174	1.684000
21.486	1.684000
21.486	1.590000
21.798	1.590000
21.798	1.782000
22.11	1.782000
22.11	1.864000
22.463	1.864000
22.463	1.605000
22.816	1.605000
22.816	1.620000
23.169	1.620000
23.169	1.836000
23.521	1.836000
23.521	1.863000
23.874	1.863000
23.874	1.528000
24.227	1.528000
24.227	1.925000
24.578	1.925000
24.578	2.344000
24.929	2.344000
24.929	1.680000
25.28	1.680000
25.28	1.772000
25.633	1.772000
25.633	1.567000
25.986	1.567000
25.986	1.472000
26.339	1.472000
26.339	1.701000
26.691	1.701000
26.691	1.755000
27.044	1.755000
27.044	1.419000
27.397	1.419000
27.397	1.682000
27.709	1.682000
27.709	1.593000
28.021	1.593000
28.021	1.463000
28.333	1.463000
28.333	2.132000
28.685	2.132000
28.685	1.995000
29.037	1.995000
29.037	1.695000
29.389	1.695000
29.389	2.074000
29.742	2.074000
29.742	1.979000
30.095	1.979000
30.095	1.974000
30.448	1.974000
30.448	2.225000
30.801	2.225000
30.801	2.408000
31.154	2.408000
31.154	1.946000
31.507	1.946000
31.507	3.905000
31.86	3.905000
31.86	3.595000
32.213	3.595000
32.213	3.565000
32.566	3.565000
32.566	3.091000
32.919	3.091000
32.919	3.773000
33.272	3.773000
33.272	3.090000
33.625	3.090000
33.625	1.808000
33.978	1.808000
33.978	2.025000
34.331	2.025000
34.331	1.590000
34.684	1.590000
34.684	7.963000
35.037	7.963000
35.037	8.380000
35.39	8.380000
35.39	8.255000
35.743	8.255000
35.743	1.804000
36.096	1.804000
36.096	2.141000
36.449	2.141000
36.449	1.616000
36.802	1.616000
36.802	1.798000
37.155	1.798000
37.155	1.581000
37.508	1.581000
37.508	1.555000
37.861	1.555000
37.861	1.848000
38.214	1.848000
38.214	1.974000
38.567	1.974000
38.567	1.483000
38.92	1.483000
38.92	1.640000
39.273	1.640000
39.273	1.703000
39.626	1.703000
39.626	1.695000
39.979	1.695000
39.979	2.022000
40.332	2.022000
40.332	1.665000
40.685	1.665000
40.685	1.622000
41.038	1.622000
41.038	1.738000
41.391	1.738000
41.391	2.064000
41.744	2.064000
41.744	1.577000
42.097	1.577000
42.097	1.865000
42.449	1.865000
42.449	2.202000
42.802	2.202000
42.802	1.544000
43.155	1.544000
43.155	2.130000
43.508	2.130000
43.508	1.881000
43.861	1.881000
43.861	1.865000
44.214	1.865000
44.214	1.942000
44.567	1.942000
44.567	2.102000
44.92	2.102000
44.92	1.588000
45.273	1.588000
45.273	2.307000
45.585	2.307000
45.585	2.020000
45.897	2.020000
45.897	1.885000
46.209	1.885000
46.209	2.155000
46.562	2.155000
46.562	2.122000
46.915	2.122000
46.915	2.237000
47.268	2.237000
47.268	5.584000
47.621	5.584000
47.621	5.549000
47.974	5.549000
47.974	5.474000
48.327	5.474000
48.327	1.851000
48.68	1.851000
48.68	1.746000
49.033	1.746000
49.033	1.704000
49.386	1.704000
49.386	1.898000
49.717	1.898000
49.717	1.681000
50.048	1.681000
50.048	1.654000
50.379	1.654000
50.379	1.707000
50.732	1.707000
50.732	1.727000
51.085	1.727000
51.085	1.720000
51.438	1.720000
51.438	1.528000
51.791	1.528000
51.791	1.645000
52.144	1.645000
52.144	1.568000
52.497	1.568000
52.497	1.899000
52.808	1.899000
52.808	1.682000
53.12	1.682000
53.12	1.623000
53.432	1.623000
53.432	1.654000
53.784	1.654000
53.784	1.694000
54.137	1.694000
54.137	1.562000
54.49	1.562000
54.49	2.449000
54.843	2.449000
54.843	2.528000
55.196	2.528000
55.196	2.167000
55.549	2.167000
55.549	6.103000
55.86	6.103000
55.86	5.880000
56.172	5.880000
56.172	5.882000
56.484	5.882000
56.484	2.177000
56.837	2.177000
56.837	1.975000
57.19	1.975000
57.19	2.165000
57.542	2.165000
57.542	2.796000
57.895	2.796000
57.895	2.502000
58.248	2.502000
58.248	2.260000
58.6	2.260000
58.6	2.079000
58.953	2.079000
58.953	1.892000
59.305	1.892000
59.305	2.144000
59.657	2.144000
59.657	5.368000
60.011	5.368000
60.011	6.875000
60.365	6.875000
60.365	6.082000
60.719	6.082000
60.719	8.963000
61.073	8.963000
61.073	8.594000
61.427	8.594000
61.427	8.612000
61.781	8.612000
61.781	6.316000
62.135	6.316000
62.135	7.729000
62.489	7.729000
62.489	6.841000
62.843	6.841000
62.843	8.289000
63.197	8.289000
63.197	8.814000
63.551	8.814000
63.551	8.346000
63.905	8.346000
63.905	2.516000
64.258	2.516000
64.258	2.354000
64.611	2.354000
64.611	2.276000
64.964	2.276000
64.964	3.143000
65.282	3.143000
65.282	3.450000
65.6	3.450000
65.6	2.987000
65.918	2.987000
65.918	1.897000
66.271	1.897000
66.271	1.897000
66.624	1.897000
66.624	1.569000
66.977	1.569000
66.977	2.572000
67.33	2.572000
67.33	2.125000
67.683	2.125000
67.683	2.075000
68.036	2.075000
68.036	1.821000
68.389	1.821000
68.389	1.794000
68.742	1.794000
68.742	1.859000
69.095	1.859000
69.095	1.750000
69.448	1.750000
69.448	1.664000
69.801	1.664000
69.801	1.365000
70.154	1.365000
70.154	1.968000
70.505	1.968000
70.505	1.781000
70.857	1.781000
70.857	1.753000
71.209	1.753000
71.209	1.833000
71.562	1.833000
71.562	1.989000
71.915	1.989000
71.915	1.657000
72.268	1.657000
72.268	3.004000
72.621	3.004000
72.621	3.355000
72.973	3.355000
72.973	3.553000
73.326	3.553000
73.326	3.720000
73.678	3.720000
73.678	3.404000
74.029	3.404000
74.029	3.337000
74.38	3.337000
74.38	2.397000
74.733	2.397000
74.733	2.452000
75.086	2.452000
75.086	2.664000
75.439	2.664000
75.439	2.944000
75.792	2.944000
75.792	3.678000
76.145	3.678000
76.145	2.916000
76.498	2.916000
76.498	2.799000
76.851	2.799000
76.851	2.568000
77.204	2.568000
77.204	2.532000
77.557	2.532000
77.557	3.903000
77.91	3.903000
77.91	4.230000
78.263	4.230000
78.263	4.393000
78.616	4.393000
78.616	2.348000
78.969	2.348000
78.969	2.564000
79.322	2.564000
79.322	2.713000
79.675	2.713000
79.675	7.346000
80.028	7.346000
80.028	6.966000
80.381	6.966000
80.381	6.887000
80.734	6.887000
80.734	3.837000
81.087	3.837000
81.087	3.944000
81.44	3.944000
81.44	4.539000
81.793	4.539000
81.793	1.626000
82.146	1.626000
82.146	1.896000
82.499	1.896000
82.499	1.432000
82.852	1.432000
82.852	1.701000
83.205	1.701000
83.205	1.433000
83.558	1.433000
83.558	1.391000
83.911	1.391000
83.911	1.735000
84.229	1.735000
84.229	1.779000
84.547	1.779000
84.547	1.382000
84.865	1.382000
84.865	1.938000
85.218	1.938000
85.218	1.902000
85.571	1.902000
85.571	1.521000
85.924	1.521000
85.924	2.309000
86.277	2.309000
86.277	2.025000
86.63	2.025000
86.63	2.054000
86.983	2.054000
86.983	1.983000
87.334	1.983000
87.334	1.846000
87.686	1.846000
87.686	1.902000
88.036	1.902000
88.036	1.880000
88.389	1.880000
88.389	2.188000
88.742	2.188000
88.742	1.686000
89.095	1.686000
89.095	3.831000
89.448	3.831000
89.448	4.377000
89.801	4.377000
89.801	4.063000
90.154	4.063000
90.154	2.071000
90.507	2.071000
90.507	1.666000
90.86	1.666000
90.86	1.682000
91.213	1.682000
91.213	1.814000
91.566	1.814000
91.566	1.948000
91.919	1.948000
91.919	1.619000
92.272	1.619000
92.272	2.114000
92.625	2.114000
92.625	2.624000
92.978	2.624000
92.978	1.757000
93.331	1.757000
93.331	2.654000
93.683	2.654000
93.683	2.467000
94.035	2.467000
94.035	2.443000
94.387	2.443000
94.387	4.358000
94.704	4.358000
94.704	4.838000
95.022	4.838000
95.022	4.559000
95.34	4.559000
95.34	5.842000
95.694	5.842000
95.694	5.851000
96.048	5.851000
96.048	5.658000
96.402	5.658000
96.402	4.444000
96.754	4.444000
96.754	4.628000
97.107	4.628000
97.107	4.386000
97.46	4.386000
97.46	6.929000
97.813	6.929000
97.813	7.321000
98.166	7.321000
98.166	6.648000
98.519	6.648000
98.519	1.952000
98.872	1.952000
98.872	2.451000
99.225	2.451000
99.225	1.943000
99.578	1.943000
99.578	1.902000
99.931	1.902000
99.931	1.518000
100.284	1.518000
100.284	1.520000
100.637	1.520000
100.637	1.878000
100.99	1.878000
100.99	2.149000
101.342	2.149000
101.342	1.619000
101.695	1.619000
101.695	1.752000
102.048	1.752000
102.048	1.644000
102.401	1.644000
102.401	1.678000
102.754	1.678000
102.754	1.974000
103.106	1.974000
103.106	1.741000
103.458	1.741000
103.458	1.613000
103.81	1.613000
103.81	1.784000
104.162	1.784000
104.162	1.754000
104.515	1.754000
104.515	1.470000
104.868	1.470000
104.868	1.876000
105.221	1.876000
105.221	2.009000
105.574	2.009000
105.574	1.616000
105.927	1.616000
105.927	1.823000
106.28	1.823000
106.28	1.550000
106.633	1.550000
106.633	1.559000
106.986	1.559000
106.986	1.793000
107.339	1.793000
107.339	1.731000
107.692	1.731000
107.692	1.972000
108.045	1.972000
108.045	2.039000
108.398	2.039000
108.398	1.757000
108.751	1.757000
108.751	1.828000
109.104	1.828000
109.104	1.801000
109.456	1.801000
109.456	1.823000
109.808	1.823000
109.808	1.823000
110.16	1.823000
110.16	2.075000
110.513	2.075000
110.513	2.016000
110.866	2.016000
110.866	1.565000
111.219	1.565000
111.219	5.385000
111.571	5.385000
111.571	5.075000
111.923	5.075000
111.923	5.177000
112.275	5.177000
112.275	6.080000
112.627	6.080000
112.627	6.419000
112.98	6.419000
112.98	6.407000
113.333	6.407000
113.333	4.467000
113.686	4.467000
113.686	4.520000
114.039	4.520000
114.039	4.069000
114.392	4.069000
114.392	1.720000
114.745	1.720000
114.745	1.828000
115.098	1.828000
115.098	1.596000
115.451	1.596000
115.451	2.079000
115.803	2.079000
115.803	1.676000
116.155	1.676000
116.155	1.634000
116.507	1.634000
116.507	1.719000
116.86	1.719000
116.86	1.591000
117.213	1.591000
117.213	1.814000
117.566	1.814000
117.566	1.640000
117.919	1.640000
117.919	1.599000
118.272	1.599000
118.272	1.883000
118.625	1.883000
118.625	1.719000
118.978	1.719000
118.978	1.443000
119.331	1.443000
119.331	1.476000
119.684	1.476000
119.684	1.862000
120.037	1.862000
120.037	1.707000
120.39	1.707000
120.39	1.839000
120.743	1.839000
120.743	1.973000
121.096	1.973000
121.096	1.800000
121.449	1.800000
121.449	1.958000
121.802	1.958000
121.802	2.023000
122.155	2.023000
122.155	1.717000
122.508	1.717000
122.508	1.788000
122.861	1.788000
122.861	1.785000
123.214	1.785000
123.214	1.684000
123.566	1.684000
123.566	1.714000
123.919	1.714000
123.919	1.711000
124.272	1.711000
124.272	1.712000
124.624	1.712000
124.624	1.762000
124.976	1.762000
124.976	2.029000
125.328	2.029000
125.328	1.986000
125.68	1.986000
125.68	1.988000
126.032	1.988000
126.032	2.184000
126.385	2.184000
126.385	2.115000
126.737	2.115000
126.737	2.176000
127.09	2.176000
127.09	3.747000
127.443	3.747000
127.443	3.623000
127.796	3.623000
127.796	3.544000
128.149	3.544000
128.149	5.887000
128.503	5.887000
128.503	6.471000
128.857	6.471000
128.857	6.742000
129.211	6.742000
129.211	1.894000
129.56	1.894000
129.56	2.247000
129.909	2.247000
129.909	1.665000
130.258	1.665000
130.258	1.599000
130.577	1.599000
130.577	1.626000
130.896	1.626000
130.896	1.259000
131.215	1.259000
131.215	1.804000
131.567	1.804000
131.567	1.662000
131.919	1.662000
131.919	1.671000
132.271	1.671000
132.271	2.006000
132.624	2.006000
132.624	2.302000
132.977	2.302000
132.977	1.851000
133.33	1.851000
133.33	2.201000
133.642	2.201000
133.642	2.610000
133.954	2.610000
133.954	1.727000
134.266	1.727000
134.266	2.174000
134.618	2.174000
134.618	2.075000
134.969	2.075000
134.969	2.098000
135.32	2.098000
135.32	1.973000
135.673	1.973000
135.673	1.963000
136.026	1.963000
136.026	1.990000
136.379	1.990000
136.379	2.121000
136.731	2.121000
136.731	1.699000
137.082	1.699000
137.082	1.764000
137.434	1.764000
137.434	1.945000
137.787	1.945000
137.787	1.809000
138.14	1.809000
138.14	1.959000
138.493	1.959000
138.493	3.411000
138.846	3.411000
138.846	3.363000
139.199	3.363000
139.199	3.392000
139.552	3.392000
139.552	3.206000
139.87	3.206000
139.87	3.403000
140.188	3.403000
140.188	2.986000
140.506	2.986000
140.506	3.634000
140.859	3.634000
140.859	3.695000
141.211	3.695000
141.211	3.833000
141.563	3.833000
141.563	2.496000
141.916	2.496000
141.916	1.981000
142.269	1.981000
142.269	2.015000
142.622	2.015000
142.622	3.043000
142.975	3.043000
142.975	3.194000
143.327	3.194000
143.327	3.481000
143.679	3.481000
143.679	1.975000
144.032	1.975000
144.032	2.236000
144.385	2.236000
144.385	2.384000
144.738	2.384000
144.738	2.043000
145.09	2.043000
145.09	1.669000
145.442	1.669000
145.442	1.634000
145.794	1.634000
145.794	1.622000
146.147	1.622000
146.147	1.651000
146.5	1.651000
146.5	1.603000
146.853	1.603000
146.853	1.719000
147.206	1.719000
147.206	1.675000
147.559	1.675000
147.559	1.349000
147.912	1.349000
147.912	1.682000
148.263	1.682000
148.263	1.423000
148.615	1.423000
148.615	1.409000
148.967	1.409000
148.967	1.857000
149.32	1.857000
149.32	1.637000
149.672	1.637000
149.672	1.714000
150.024	1.714000
150.024	2.749000
150.376	2.749000
150.376	2.286000
150.728	2.286000
150.728	2.201000
151.08	2.201000
151.08	4.458000
151.433	4.458000
151.433	4.416000
151.786	4.416000
151.786	3.952000
152.139	3.952000
152.139	1.996000
152.492	1.996000
152.492	2.549000
152.845	2.549000
152.845	2.185000
153.198	2.185000
153.198	3.040000
153.551	3.040000
153.551	3.174000
153.904	3.174000
153.904	3.189000
154.257	3.189000
154.257	3.317000
154.61	3.317000
154.61	3.699000
154.962	3.699000
154.962	3.818000
155.314	3.818000
155.314	2.753000
155.626	2.753000
155.626	3.044000
155.938	3.044000
155.938	2.828000
156.25	2.828000
156.25	3.142000
156.603	3.142000
156.603	2.746000
156.956	2.746000
156.956	2.771000
157.309	2.771000
157.309	2.456000
157.662	2.456000
157.662	2.989000
158.015	2.989000
158.015	2.307000
158.368	2.307000
158.368	1.887000
158.721	1.887000
158.721	1.797000
159.074	1.797000
159.074	1.631000
159.427	1.631000
159.427	1.595000
159.779	1.595000
159.779	1.421000
160.131	1.421000
160.131	1.397000
160.483	1.397000
160.483	1.908000
160.835	1.908000
160.835	1.988000
161.188	1.988000
161.188	1.520000
161.541	1.520000
161.541	1.695000
161.893	1.695000
161.893	1.838000
162.245	1.838000
162.245	1.464000
162.597	1.464000
162.597	1.805000
162.921	1.805000
162.921	1.487000
163.245	1.487000
163.245	1.431000
163.569	1.431000
163.569	1.888000
163.922	1.888000
163.922	1.681000
164.275	1.681000
164.275	1.539000
164.628	1.539000
164.628	2.420000
164.985	2.420000
164.985	2.806000
165.342	2.806000
165.342	2.561000
165.699	2.561000
165.699	2.145000
166.052	2.145000
166.052	1.716000
166.405	1.716000
166.405	1.727000
166.758	1.727000
166.758	1.844000
167.111	1.844000
167.111	1.937000
167.464	1.937000
167.464	1.546000
167.817	1.546000
167.817	7.306000
168.171	7.306000
168.171	7.393000
168.525	7.393000
168.525	7.446000
168.879	7.446000
168.879	4.332000
169.232	4.332000
169.232	4.303000
169.585	4.303000
169.585	4.343000
169.938	4.343000
169.938	4.704000
170.29	4.704000
170.29	5.314000
170.643	5.314000
170.643	5.090000
170.996	5.090000
170.996	1.956000
171.349	1.956000
171.349	1.971000
171.702	1.971000
171.702	1.667000
172.055	1.667000
172.055	1.700000
172.407	1.700000
172.407	1.528000
172.759	1.528000
172.759	1.586000
173.111	1.586000
173.111	1.990000
173.464	1.990000
173.464	2.049000
173.817	2.049000
173.817	1.926000
174.17	1.926000
174.17	1.663000
174.523	1.663000
174.523	1.621000
174.876	1.621000
174.876	1.725000
175.229	1.725000
175.229	1.961000
175.581	1.961000
175.581	1.596000
175.933	1.596000
175.933	1.562000
176.285	1.562000
176.285	1.655000
176.638	1.655000
176.638	1.906000
176.991	1.906000
176.991	1.523000
177.344	1.523000
177.344	1.965000
177.697	1.965000
177.697	2.009000
178.05	2.009000
178.05	1.580000
178.403	1.580000
178.403	2.110000
178.755	2.110000
178.755	2.013000
179.107	2.013000
179.107	1.966000
179.459	1.966000
179.459	2.133000
179.812	2.133000
179.812	2.522000
180.165	2.522000
180.165	2.078000
180.518	2.078000
180.518	2.227000
180.871	2.227000
180.871	2.373000
181.224	2.373000
181.224	2.254000
181.577	2.254000
181.577	5.960000
181.929	5.960000
181.929	6.199000
182.282	6.199000
182.282	6.338000
182.635	6.338000
182.635	8.493000
182.986	8.493000
182.986	8.504000
183.338	8.504000
183.338	8.441000
183.69	8.441000
183.69	2.910000
184.042	2.910000
184.042	2.901000
184.395	2.901000
184.395	2.973000
184.748	2.973000
184.748	1.974000
185.101	1.974000
185.101	2.159000
185.454	2.159000
185.454	1.656000
185.807	1.656000
185.807	2.102000
186.159	2.102000
186.159	1.717000
186.511	1.717000
186.511	1.682000
186.863	1.682000
186.863	1.763000
187.216	1.763000
187.216	1.979000
187.569	1.979000
187.569	1.439000
187.922	1.439000
187.922	1.655000
188.275	1.655000
188.275	1.779000
188.628	1.779000
188.628	1.537000
188.981	1.537000
188.981	1.694000
189.334	1.694000
189.334	1.582000
189.687	1.582000
189.687	1.602000
190.04	1.602000
190.04	1.712000
190.393	1.712000
190.393	1.608000
190.746	1.608000
190.746	1.783000
191.099	1.783000
191.099	2.134000
191.452	2.134000
191.452	1.947000
191.805	1.947000
191.805	2.135000
192.158	2.135000
192.158	3.595000
192.476	3.595000
192.476	3.798000
192.794	3.798000
192.794	3.881000
193.112	3.881000
193.112	4.156000
193.465	4.156000
193.465	4.190000
193.818	4.190000
193.818	3.914000
194.171	3.914000
194.171	2.002000
194.524	2.002000
194.524	2.586000
194.876	2.586000
194.876	1.866000
195.229	1.866000
195.229	1.597000
195.581	1.597000
195.581	1.566000
195.933	1.566000
195.933	1.569000
196.285	1.569000
196.285	1.692000
196.637	1.692000
196.637	1.553000
196.989	1.553000
196.989	1.386000
197.341	1.386000
197.341	1.709000
197.694	1.709000
197.694	1.675000
198.047	1.675000
198.047	1.697000
198.4	1.697000
198.4	1.955000
198.752	1.955000
198.752	1.709000
199.104	1.709000
199.104	1.734000
199.456	1.734000
199.456	1.650000
199.809	1.650000
199.809	2.062000
200.162	2.062000
200.162	1.612000
200.515	1.612000
200.515	1.757000
200.868	1.757000
200.868	1.707000
201.221	1.707000
201.221	1.487000
201.574	1.487000
201.574	2.272000
201.927	2.272000
201.927	1.730000
202.28	1.730000
202.28	1.784000
202.633	1.784000
202.633	1.771000
202.986	1.771000
202.986	2.034000
203.338	2.034000
203.338	1.636000
203.691	1.636000
203.691	2.919000
204.044	2.919000
204.044	3.213000
204.397	3.213000
204.397	2.825000
204.75	2.825000
204.75	3.394000
205.103	3.394000
205.103	3.222000
205.456	3.222000
205.456	3.163000
205.809	3.163000
205.809	3.641000
206.162	3.641000
206.162	4.100000
206.515	4.100000
206.515	3.263000
206.868	3.263000
206.868	4.726000
207.221	4.726000
207.221	4.772000
207.574	4.772000
207.574	4.719000
207.927	4.719000
207.927	9.886000
208.279	9.886000
208.279	9.943000
208.631	9.943000
208.631	3.464000
208.984	3.464000
208.984	3.910000
209.337	3.910000
209.337	3.281000
209.69	3.281000
209.69	1.628000
210.043	1.628000
210.043	1.442000
210.396	1.442000
210.396	1.593000
210.749	1.593000
210.749	1.762000
211.101	1.762000
211.101	1.605000
211.453	1.605000
211.453	1.563000
211.805	1.563000
211.805	3.618000
212.158	3.618000
212.158	3.780000
212.511	3.780000
212.511	3.572000
212.864	3.572000
212.864	1.695000
213.217	1.695000
213.217	1.882000
213.57	1.882000
213.57	1.518000
213.923	1.518000
213.923	1.729000
214.275	1.729000
214.275	1.602000
214.627	1.602000
214.627	1.616000
214.979	1.616000
214.979	1.746000
215.332	1.746000
215.332	1.633000
215.685	1.633000
215.685	1.691000
216.038	1.691000
216.038	2.053000
216.391	2.053000
216.391	2.065000
216.744	2.065000
216.744	1.656000
217.097	1.656000
217.097	2.126000
217.449	2.126000
217.449	2.076000
217.801	2.076000
217.801	2.135000
218.153	2.135000
218.153	2.799000
218.506	2.799000
218.506	2.683000
218.859	2.683000
218.859	2.891000
219.212	2.891000
219.212	2.508000
219.565	2.508000
219.565	1.880000
219.918	1.880000
219.918	2.062000
220.271	2.062000
220.271	6.887000
220.624	6.887000
220.624	7.517000
220.977	7.517000
220.977	7.586000
221.33	7.586000
221.33	6.319000
221.683	6.319000
221.683	7.433000
222.036	7.433000
222.036	7.509000
222.39	7.509000
222.39	1.956000
222.743	1.956000
222.743	1.935000
223.096	1.935000
223.096	1.988000
223.449	1.988000
223.449	1.924000
223.801	1.924000
223.801	1.603000
224.153	1.603000
224.153	1.728000
224.505	1.728000
224.505	1.788000
224.857	1.788000
224.857	1.707000
225.21	1.707000
225.21	1.559000
225.563	1.559000
225.563	1.921000
225.916	1.921000
225.916	2.048000
226.269	2.048000
226.269	1.749000
226.622	1.749000
226.622	1.682000
226.974	1.682000
226.974	1.366000
227.326	1.366000
227.326	1.653000
227.678	1.653000
227.678	1.706000
228.031	1.706000
228.031	1.713000
228.384	1.713000
228.384	1.816000
228.737	1.816000
228.737	1.789000
229.09	1.789000
229.09	1.668000
229.443	1.668000
229.443	1.653000
229.796	1.653000
229.796	2.032000
230.147	2.032000
230.147	1.764000
230.499	1.764000
230.499	2.034000
230.851	2.034000
230.851	1.856000
231.203	1.856000
231.203	2.027000
231.556	2.027000
231.556	1.877000
231.909	1.877000
231.909	2.112000
232.262	2.112000
232.262	2.565000
232.614	2.565000
232.614	1.899000
232.967	1.899000
232.967	2.033000
233.32	2.033000
233.32	2.337000
233.673	2.337000
233.673	2.436000
234.026	2.436000
234.026	1.857000
234.379	1.857000
234.379	1.992000
234.732	1.992000
234.732	2.019000
235.085	2.019000
235.085	1.857000
235.403	1.857000
235.403	1.966000
235.721	1.966000
235.721	2.178000
236.037	2.178000
236.037	1.721000
236.39	1.721000
236.39	1.861000
236.743	1.861000
236.743	1.376000
237.096	1.376000
237.096	1.732000
237.449	1.732000
237.449	1.763000
237.802	1.763000
237.802	1.480000
238.155	1.480000
238.155	1.677000
238.506	1.677000
238.506	1.522000
238.858	1.522000
238.858	1.516000
239.21	1.516000
239.21	1.654000
239.563	1.654000
239.563	1.584000
239.916	1.584000
239.916	1.729000
240.269	1.729000
240.269	2.004000
240.622	2.004000
240.622	1.989000
240.975	1.989000
240.975	1.997000
241.328	1.997000
241.328	2.540000
241.679	2.540000
241.679	2.293000
242.031	2.293000
242.031	2.272000
242.383	2.272000
242.383	2.085000
242.736	2.085000
242.736	2.065000
243.089	2.065000
243.089	2.034000
243.442	2.034000
243.442	4.137000
243.795	4.137000
243.795	4.831000
244.148	4.831000
244.148	4.706000
244.501	4.706000
244.501	2.529000
244.854	2.529000
244.854	2.119000
245.207	2.119000
245.207	2.439000
245.56	2.439000
245.56	1.842000
245.913	1.842000
245.913	2.200000
246.266	2.200000
246.266	2.252000
246.619	2.252000
246.619	1.949000
246.931	1.949000
246.931	1.732000
247.243	1.732000
247.243	1.857000
247.555	1.857000
247.555	6.185000
247.908	6.185000
247.908	6.396000
248.261	6.396000
248.261	6.513000
248.614	6.513000
248.614	5.027000
248.966	5.027000
248.966	5.310000
249.318	5.310000
249.318	5.726000
249.67	5.726000
249.67	6.210000
250.024	6.210000
250.024	5.947000
250.378	5.947000
250.378	6.295000
250.732	6.295000
250.732	3.608000
251.085	3.608000
251.085	3.965000
251.438	3.965000
251.438	3.965000
251.791	3.965000
251.791	5.209000
252.145	5.209000
252.145	5.413000
252.499	5.413000
252.499	5.510000
252.853	5.510000
252.853	2.271000
253.206	2.271000
253.206	2.560000
253.559	2.560000
253.559	2.895000
253.912	2.895000
253.912	1.953000
254.223	1.953000
254.223	1.727000
254.534	1.727000
254.534	1.913000
254.845	1.913000
254.845	1.467000
255.198	1.467000
255.198	1.520000
255.551	1.520000
255.551	1.672000
255.904	1.672000
255.904	1.632000
256.257	1.632000
256.257	1.570000
256.61	1.570000
256.61	1.758000
256.962	1.758000
256.962	2.368000
257.274	2.368000
257.274	2.399000
257.586	2.399000
257.586	2.481000
257.898	2.481000
257.898	1.786000
258.25	1.786000
258.25	1.751000
258.602	1.751000
258.602	1.951000
258.953	1.951000
258.953	1.800000
259.305	1.800000
259.305	1.987000
259.657	1.987000
259.657	1.730000
260.01	1.730000
260.01	2.447000
260.363	2.447000
260.363	2.360000
260.716	2.360000
260.716	2.655000
261.069	2.655000
261.069	3.193000
261.422	3.193000
261.422	2.734000
261.774	2.734000
261.774	2.933000
262.127	2.933000
262.127	3.299000
262.445	3.299000
262.445	4.093000
262.763	4.093000
262.763	3.948000
263.081	3.948000
263.081	9.934000
263.434	9.934000
263.434	5.851000
263.787	5.851000
263.787	6.354000
264.14	6.354000
264.14	6.110000
264.493	6.110000
264.493	4.315000
264.845	4.315000
264.845	4.501000
265.197	4.501000
265.197	4.993000
265.549	4.993000
265.549	1.743000
265.902	1.743000
265.902	1.888000
266.254	1.888000
266.254	2.073000
266.605	2.073000
266.605	1.568000
266.957	1.568000
266.957	1.483000
267.309	1.483000
267.309	1.581000
267.661	1.581000
267.661	1.506000
268.014	1.506000
268.014	1.614000
268.367	1.614000
268.367	1.722000
268.72	1.722000
268.72	1.660000
269.073	1.660000
269.073	1.670000
269.426	1.670000
269.426	1.631000
269.779	1.631000
269.779	1.810000
270.131	1.810000
270.131	1.809000
270.483	1.809000
270.483	1.700000
270.835	1.700000
270.835	1.741000
271.188	1.741000
271.188	1.953000
271.541	1.953000
271.541	1.832000
271.894	1.832000
271.894	2.079000
272.212	2.079000
272.212	2.571000
272.53	2.571000
272.53	2.296000
272.848	2.296000
272.848	2.385000
273.201	2.385000
273.201	2.435000
273.554	2.435000
273.554	2.231000
273.907	2.231000
273.907	1.859000
274.26	1.859000
274.26	2.038000
274.612	2.038000
274.612	1.731000
274.965	1.731000
274.965	1.877000
275.318	1.877000
275.318	2.005000
275.671	2.005000
275.671	1.947000
276.024	1.947000
276.024	2.901000
276.376	2.901000
276.376	3.071000
276.728	3.071000
276.728	2.851000
277.08	2.851000
277.08	1.936000
277.433	1.936000
277.433	2.060000
277.786	2.060000
277.786	2.234000
278.139	2.234000
278.139	2.779000
278.492	2.779000
278.492	3.154000
278.845	3.154000
278.845	3.021000
279.198	3.021000
279.198	1.665000
279.55	1.665000
279.55	1.371000
279.902	1.371000
279.902	1.447000
280.254	1.447000
280.254	1.631000
280.607	1.631000
280.607	1.819000
280.96	1.819000
280.96	1.520000
281.313	1.520000
281.313	1.440000
281.666	1.440000
281.666	1.476000
282.019	1.476000
282.019	1.501000
282.372	1.501000
282.372	1.885000
282.724	1.885000
282.724	1.738000
283.076	1.738000
283.076	1.621000
283.428	1.621000
283.428	1.781000
283.78	1.781000
283.78	1.949000
284.132	1.949000
284.132	1.782000
284.484	1.782000
284.484	2.071000
284.837	2.071000
284.837	1.837000
285.19	1.837000
285.19	1.744000
285.543	1.744000
285.543	2.085000
285.896	2.085000
285.896	2.075000
286.249	2.075000
286.249	2.057000
286.602	2.057000
286.602	2.470000
286.955	2.470000
286.955	2.073000
287.308	2.073000
287.308	2.053000
287.661	2.053000
287.661	2.209000
288.014	2.209000
288.014	2.575000
288.367	2.575000
288.367	2.364000
288.72	2.364000
288.72	4.322000
289.073	4.322000
289.073	4.219000
289.426	4.219000
289.426	4.576000
289.779	4.576000
289.779	6.192000
290.132	6.192000
290.132	6.325000
290.485	6.325000
290.485	6.081000
290.838	6.081000
290.838	1.483000
291.191	1.483000
291.191	1.502000
291.544	1.502000
291.544	1.660000
291.897	1.660000
291.897	1.816000
292.25	1.816000
292.25	1.619000
292.603	1.619000
292.603	1.569000
292.956	1.569000
292.956	1.482000
293.309	1.482000
293.309	1.583000
293.662	1.583000
293.662	1.628000
294.015	1.628000
294.015	1.966000
294.368	1.966000
294.368	1.627000
294.721	1.627000
294.721	1.669000
295.074	1.669000
295.074	1.726000
295.426	1.726000
295.426	1.676000
295.779	1.676000
295.779	1.594000
296.132	1.594000
296.132	1.501000
296.485	1.501000
296.485	1.536000
296.838	1.536000
296.838	1.527000
297.191	1.527000
297.191	1.805000
297.544	1.805000
297.544	1.778000
297.897	1.778000
297.897	1.884000
298.25	1.884000
298.25	2.936000
298.602	2.936000
298.602	2.710000
298.955	2.710000
298.955	2.929000
299.308	2.929000
299.308	2.481000
299.661	2.481000
299.661	2.765000
300.014	2.765000
300.014	2.867000
300.367	2.867000
300.367	2.366000
300.72	2.366000
300.72	1.930000
301.073	1.930000
301.073	2.388000
301.426	2.388000
301.426	2.360000
301.779	2.360000
301.779	2.324000
302.132	2.324000
302.132	2.519000
302.485	2.519000
302.485	1.703000
302.838	1.703000
302.838	1.815000
303.191	1.815000
303.191	1.515000
303.544	1.515000
303.544	1.741000
303.896	1.741000
303.896	1.415000
304.248	1.415000
304.248	1.544000
304.6	1.544000
304.6	1.736000
304.953	1.736000
304.953	2.170000
305.306	2.170000
305.306	1.840000
305.659	1.840000
305.659	1.704000
305.936	1.704000
305.936	1.820000
306.212	1.820000
306.212	1.632000
306.489	1.632000
306.489	2.003000
306.841	2.003000
306.841	1.702000
307.193	1.702000
307.193	1.921000
307.545	1.921000
307.545	1.675000
307.898	1.675000
307.898	1.722000
308.251	1.722000
308.251	1.800000
308.604	1.800000
308.604	2.055000
308.917	2.055000
308.917	2.055000
309.23	2.055000
309.23	1.897000
309.543	1.897000
309.543	1.828000
309.889	1.828000
309.889	1.687000
310.236	1.687000
310.236	1.714000
310.583	1.714000
310.583	2.144000
310.936	2.144000
310.936	2.393000
311.288	2.393000
311.288	2.056000
311.641	2.056000
311.641	2.205000
311.993	2.205000
311.993	1.910000
312.345	1.910000
312.345	2.230000
312.697	2.230000
312.697	2.119000
313.05	2.119000
313.05	2.658000
313.403	2.658000
313.403	2.168000
313.756	2.168000
313.756	1.741000
314.109	1.741000
314.109	1.819000
314.462	1.819000
314.462	1.784000
314.815	1.784000
314.815	1.945000
315.168	1.945000
315.168	1.794000
315.521	1.794000
315.521	1.945000
315.873	1.945000
315.873	3.229000
316.226	3.229000
316.226	3.568000
316.579	3.568000
316.579	4.023000
316.931	4.023000
316.931	4.278000
317.284	4.278000
317.284	3.790000
317.637	3.790000
317.637	4.081000
317.99	4.081000
317.99	3.683000
318.309	3.683000
318.309	3.754000
318.628	3.754000
318.628	4.139000
318.947	4.139000
318.947	6.000000
319.301	6.000000
319.301	5.692000
319.654	5.692000
319.654	5.887000
320.008	5.887000
320.008	1.558000
320.362	1.558000
320.362	1.961000
320.716	1.961000
320.716	1.767000
321.07	1.767000
321.07	1.792000
321.423	1.792000
321.423	1.547000
321.776	1.547000
321.776	1.785000
322.129	1.785000
322.129	1.828000
322.482	1.828000
322.482	1.969000
322.835	1.969000
322.835	1.697000
323.189	1.697000
323.189	1.576000
323.542	1.576000
323.542	1.544000
323.895	1.544000
323.895	1.746000
324.247	1.746000
324.247	1.858000
324.6	1.858000
324.6	1.618000
324.953	1.618000
324.953	1.561000
325.306	1.561000
325.306	1.575000
325.66	1.575000
325.66	1.567000
326.014	1.567000
326.014	1.559000
326.368	1.559000
326.368	2.272000
326.721	2.272000
326.721	2.314000
327.074	2.314000
327.074	2.392000
327.427	2.392000
327.427	3.537000
327.78	3.537000
327.78	3.547000
328.133	3.547000
328.133	3.470000
328.486	3.470000
328.486	4.778000
328.838	4.778000
328.838	4.681000
329.191	4.681000
329.191	4.633000
329.544	4.633000
329.544	3.935000
329.897	3.935000
329.897	4.614000
330.249	4.614000
330.249	4.638000
330.602	4.638000
330.602	2.396000
330.955	2.396000
330.955	2.752000
331.308	2.752000
331.308	3.131000
331.661	3.131000
331.661	5.680000
332.013	5.680000
332.013	5.585000
332.366	5.585000
332.366	5.454000
332.719	5.454000
332.719	3.781000
333.037	3.781000
333.037	3.962000
333.355	3.962000
333.355	4.019000
333.673	4.019000
333.673	2.828000
334.026	2.828000
334.026	2.625000
334.379	2.625000
334.379	2.437000
334.732	2.437000
334.732	3.237000
335.05	3.237000
335.05	3.318000
335.366	3.318000
335.366	3.749000
335.684	3.749000
335.684	1.762000
336.037	1.762000
336.037	1.785000
336.39	1.785000
336.39	1.882000
336.743	1.882000
336.743	1.991000
337.095	1.991000
337.095	1.756000
337.447	1.756000
337.447	1.801000
337.799	1.801000
337.799	1.584000
338.152	1.584000
338.152	1.541000
338.505	1.541000
338.505	1.621000
338.858	1.621000
338.858	1.745000
339.211	1.745000
339.211	2.011000
339.564	2.011000
339.564	1.733000
339.917	1.733000
339.917	2.001000
340.269	2.001000
340.269	1.797000
340.621	1.797000
340.621	1.813000
340.973	1.813000
340.973	1.763000
341.326	1.763000
341.326	1.669000
341.679	1.669000
341.679	1.903000
342.032	1.903000
342.032	2.029000
342.385	2.029000
342.385	2.270000
342.738	2.270000
342.738	2.230000
343.091	2.230000
343.091	2.354000
343.443	2.354000
343.443	2.294000
343.795	2.294000
343.795	2.446000
344.147	2.446000
344.147	2.081000
344.5	2.081000
344.5	2.012000
344.853	2.012000
344.853	2.002000
345.206	2.002000
345.206	6.544000
345.485	6.544000
345.485	6.731000
345.764	6.731000
345.764	7.177000
346.037	7.177000
346.037	5.331000
346.391	5.331000
346.391	5.243000
346.745	5.243000
346.745	5.132000
347.089	5.132000
347.089	2.598000
347.422	2.598000
347.422	2.710000
347.755	2.710000
347.755	2.911000
348.088	2.911000
348.088	3.576000
348.44	3.576000
348.44	3.332000
348.793	3.332000
348.793	3.435000
349.146	3.435000
349.146	3.245000
349.464	3.245000
349.464	3.440000
349.782	3.440000
349.782	3.635000
350.1	3.635000
350.1	3.703000
350.452	3.703000
350.452	3.610000
350.804	3.610000
350.804	3.710000
351.156	3.710000
351.156	3.980000
351.474	3.980000
351.474	4.295000
351.792	4.295000
351.792	4.121000
352.109	4.121000
352.109	1.753000
352.427	1.753000
352.427	1.757000
352.745	1.757000
352.745	1.605000
353.063	1.605000
353.063	1.830000
353.415	1.830000
353.415	1.549000
353.767	1.549000
353.767	1.624000
354.119	1.624000
354.119	1.746000
354.472	1.746000
354.472	1.770000
354.825	1.770000
354.825	1.980000
355.178	1.980000
355.178	1.756000
355.489	1.756000
355.489	1.565000
355.8	1.565000
355.8	1.734000
356.111	1.734000
356.111	1.531000
356.464	1.531000
356.464	1.535000
356.817	1.535000
356.817	1.611000
357.17	1.611000
357.17	2.607000
357.523	2.607000
357.523	2.037000
357.875	2.037000
357.875	1.949000
358.228	1.949000
358.228	2.192000
358.581	2.192000
358.581	2.676000
358.934	2.676000
358.934	2.187000
359.287	2.187000
359.287	3.971000
359.641	3.971000
359.641	3.988000
359.995	3.988000
359.995	3.871000
360.349	3.871000
360.349	6.549000
360.702	6.549000
360.702	8.137000
361.055	8.137000
361.055	7.108000
361.408	7.108000
361.408	8.979000
361.763	8.979000
361.763	9.462000
362.118	9.462000
362.118	5.407000
362.471	5.407000
362.471	5.131000
362.824	5.131000
362.824	5.504000
363.177	5.504000
