0.0	2.723000
0.232	2.723000
0.232	1.026000
0.464	1.026000
0.464	1.151000
0.696	1.151000
0.696	7.080000
0.87	7.080000
0.87	8.402000
1.045	8.402000
1.045	6.329000
1.219	6.329000
1.219	5.126000
1.386	5.126000
1.386	5.974000
1.552	5.974000
1.552	5.994000
1.719	5.994000
1.719	2.509000
1.971	2.509000
1.971	0.807000
2.224	0.807000
2.224	1.112000
2.477	1.112000
2.477	6.574000
2.651	6.574000
2.651	5.777000
2.824	5.777000
2.824	4.912000
2.998	4.912000
2.998	4.419000
3.267	4.419000
3.267	9.967000
3.536	9.967000
3.536	8.660000
3.804	8.660000
3.804	4.185000
3.933	4.185000
3.933	1.474000
4.062	1.474000
4.062	1.397000
4.191	1.397000
4.191	6.012000
4.385	6.012000
4.385	6.654000
4.579	6.654000
4.579	5.621000
4.774	5.621000
4.774	4.210000
4.938	4.210000
4.938	4.901000
5.102	4.901000
5.102	2.650000
5.266	2.650000
5.266	3.750000
5.524	3.750000
5.524	0.469000
5.782	0.469000
5.782	0.779000
6.04	0.779000
6.04	3.246000
6.25	3.246000
6.25	3.451000
6.461	3.451000
6.461	3.395000
6.672	3.395000
6.672	7.515000
6.835	7.515000
6.835	5.747000
6.998	5.747000
6.998	7.492000
7.161	7.492000
7.161	3.931000
7.299	3.931000
7.299	1.670000
7.437	1.670000
7.437	1.069000
7.575	1.069000
7.575	6.585000
7.737	6.585000
7.737	6.588000
7.899	6.588000
7.899	4.382000
8.061	4.382000
8.061	6.118000
8.212	6.118000
8.212	4.171000
8.362	4.171000
8.362	5.835000
8.513	5.835000
8.513	2.941000
8.689	2.941000
8.689	0.861000
8.865	0.861000
8.865	1.424000
9.041	1.424000
9.041	7.903000
9.238	7.903000
9.238	4.675000
9.435	4.675000
9.435	4.427000
9.632	4.427000
9.632	6.773000
9.828	6.773000
9.828	6.508000
10.024	6.508000
10.024	6.774000
10.22	6.774000
10.22	3.162000
10.327	3.162000
10.327	3.293000
10.434	3.293000
10.434	3.274000
10.541	3.274000
10.541	2.322000
10.746	2.322000
10.746	2.274000
10.951	2.274000
10.951	2.655000
11.155	2.655000
11.155	4.914000
11.425	4.914000
11.425	6.332000
11.694	6.332000
11.694	5.518000
11.964	5.518000
11.964	3.933000
12.067	3.933000
12.067	0.977000
12.17	0.977000
12.17	1.326000
12.273	1.326000
12.273	3.159000
12.435	3.159000
12.435	8.456000
12.597	8.456000
12.597	3.101000
12.758	3.101000
12.758	3.043000
12.941	3.043000
12.941	3.611000
13.123	3.611000
13.123	4.896000
13.306	4.896000
13.306	5.098000
13.445	5.098000
13.445	1.082000
13.584	1.082000
13.584	2.414000
13.723	2.414000
13.723	3.221000
13.899	3.221000
13.899	6.337000
14.076	6.337000
14.076	5.054000
14.253	5.054000
14.253	4.201000
14.424	4.201000
14.424	7.699000
14.596	7.699000
14.596	3.710000
14.768	3.710000
14.768	3.183000
14.924	3.183000
14.924	1.325000
15.08	1.325000
15.08	1.569000
15.236	1.569000
15.236	5.091000
15.434	5.091000
15.434	3.965000
15.632	3.965000
15.632	3.911000
15.831	3.911000
15.831	6.476000
16.011	6.476000
16.011	5.547000
16.191	5.547000
16.191	6.924000
16.371	6.924000
16.371	5.417000
16.512	5.417000
16.512	1.680000
16.653	1.680000
16.653	1.150000
16.794	1.150000
16.794	3.277000
16.966	3.277000
16.966	6.117000
17.138	6.117000
17.138	8.065000
17.31	8.065000
17.31	4.607000
17.485	4.607000
17.485	4.375000
17.66	4.375000
17.66	3.267000
17.835	3.267000
17.835	3.895000
18.0	3.895000
18.0	0.907000
18.165	0.907000
18.165	0.887000
18.33	0.887000
18.33	8.162000
18.509	8.162000
18.509	3.128000
18.689	3.128000
18.689	7.682000
18.868	7.682000
18.868	4.959000
19.073	4.959000
19.073	4.124000
19.278	4.124000
19.278	2.754000
19.483	2.754000
19.483	3.985000
19.599	3.985000
19.599	1.659000
19.715	1.659000
19.715	0.936000
19.831	0.936000
19.831	6.729000
19.989	6.729000
19.989	4.751000
20.147	4.751000
20.147	5.820000
20.304	5.820000
20.304	3.566000
20.579	3.566000
20.579	3.613000
20.854	3.613000
20.854	3.407000
21.129	3.407000
21.129	5.156000
21.343	5.156000
21.343	1.045000
21.558	1.045000
21.558	1.349000
21.772	1.349000
21.772	2.673000
21.935	2.673000
21.935	5.707000
22.098	5.707000
22.098	2.526000
22.261	2.526000
22.261	2.809000
22.437	2.809000
22.437	3.252000
22.614	3.252000
22.614	2.977000
22.791	2.977000
22.791	6.272000
22.901	6.272000
22.901	1.111000
23.011	1.111000
23.011	1.588000
23.121	1.588000
23.121	8.006000
23.276	8.006000
23.276	6.446000
23.431	6.446000
23.431	7.603000
23.586	7.603000
23.586	2.886000
23.746	2.886000
23.746	2.550000
23.906	2.550000
23.906	4.122000
24.066	4.122000
24.066	3.286000
24.228	3.286000
24.228	0.644000
24.39	0.644000
24.39	1.113000
24.552	1.113000
24.552	6.132000
24.693	6.132000
24.693	5.920000
24.834	5.920000
24.834	6.687000
24.975	6.687000
24.975	4.159000
25.125	4.159000
25.125	8.142000
25.275	8.142000
25.275	3.438000
25.425	3.438000
25.425	5.434000
25.506	5.434000
25.506	1.823000
25.587	1.823000
25.587	2.960000
25.668	2.960000
25.668	2.544000
25.839	2.544000
25.839	4.582000
26.01	4.582000
26.01	4.936000
26.181	4.936000
26.181	7.788000
26.358	7.788000
26.358	7.267000
26.535	7.267000
26.535	5.954000
26.712	5.954000
26.712	7.255000
26.786	7.255000
26.786	1.797000
26.86	1.797000
26.86	2.759000
26.934	2.759000
26.934	5.830000
27.114	5.830000
27.114	2.787000
27.294	2.787000
27.294	5.475000
27.473	5.475000
27.473	6.243000
27.749	6.243000
27.749	3.893000
28.025	3.893000
28.025	4.941000
28.301	4.941000
28.301	3.542000
28.449	3.542000
28.449	1.072000
28.597	1.072000
28.597	0.905000
28.745	0.905000
28.745	3.130000
28.976	3.130000
28.976	2.277000
29.207	2.277000
29.207	2.934000
29.438	2.934000
29.438	3.866000
29.639	3.866000
29.639	3.467000
29.84	3.467000
29.84	2.946000
30.041	2.946000
30.041	3.533000
30.169	3.533000
30.169	1.157000
30.297	1.157000
30.297	0.931000
30.425	0.931000
30.425	5.807000
30.615	5.807000
30.615	5.322000
30.806	5.322000
30.806	5.958000
30.997	5.958000
30.997	5.915000
31.176	5.915000
31.176	6.831000
31.355	6.831000
31.355	4.051000
31.535	4.051000
31.535	3.436000
31.688	3.436000
31.688	0.945000
31.84	0.945000
31.84	2.046000
31.993	2.046000
31.993	3.734000
32.163	3.734000
32.163	5.773000
32.333	5.773000
32.333	5.552000
32.503	5.552000
32.503	3.938000
32.662	3.938000
32.662	6.684000
32.821	6.684000
32.821	3.943000
32.98	3.943000
32.98	3.501000
33.16	3.501000
33.16	3.511000
33.34	3.511000
33.34	3.996000
33.52	3.996000
33.52	5.177000
33.65	5.177000
33.65	1.917000
33.78	1.917000
33.78	2.946000
33.91	2.946000
33.91	8.336000
34.069	8.336000
34.069	4.289000
34.228	4.289000
34.228	3.772000
34.387	3.772000
34.387	7.867000
34.547	7.867000
34.547	7.031000
34.707	7.031000
34.707	5.791000
34.866	5.791000
34.866	4.737000
35.007	4.737000
35.007	2.072000
35.148	2.072000
35.148	1.936000
35.289	1.936000
35.289	6.002000
35.461	6.002000
35.461	5.951000
35.633	5.951000
35.633	4.095000
35.805	4.095000
35.805	4.296000
36.076	4.296000
36.076	3.588000
36.347	3.588000
36.347	3.464000
36.616	3.464000
36.616	3.704000
36.745	3.704000
36.745	1.181000
36.875	1.181000
36.875	2.048000
37.005	2.048000
37.005	3.742000
37.167	3.742000
37.167	6.218000
37.33	6.218000
37.33	3.522000
37.493	3.522000
37.493	7.035000
37.666	7.035000
37.666	4.795000
37.839	4.795000
37.839	4.494000
38.012	4.494000
38.012	3.264000
38.219	3.264000
38.219	3.760000
38.426	3.760000
38.426	1.318000
38.633	1.318000
38.633	5.175000
38.817	5.175000
38.817	3.599000
39.001	3.599000
39.001	4.393000
39.185	4.393000
39.185	5.573000
39.358	5.573000
39.358	6.451000
39.53	6.451000
39.53	3.281000
39.703	3.281000
39.703	2.831000
39.944	2.831000
39.944	1.586000
40.185	1.586000
40.185	0.841000
40.426	0.841000
40.426	4.568000
40.614	4.568000
40.614	3.576000
40.8	3.576000
40.8	3.501000
40.988	3.501000
40.988	2.350000
41.223	2.350000
41.223	2.198000
41.458	2.198000
41.458	2.688000
41.693	2.688000
41.693	3.376000
41.838	3.376000
41.838	2.154000
41.983	2.154000
41.983	2.031000
42.128	2.031000
42.128	8.330000
42.289	8.330000
42.289	5.274000
42.45	5.274000
42.45	8.913000
42.611	8.913000
42.611	5.999000
42.763	5.999000
42.763	4.199000
42.915	4.199000
42.915	2.882000
43.066	2.882000
43.066	3.186000
43.197	3.186000
43.197	1.922000
43.328	1.922000
43.328	1.163000
43.459	1.163000
43.459	3.188000
43.653	3.188000
43.653	5.414000
43.847	5.414000
43.847	3.887000
44.04	3.887000
44.04	7.333000
44.21	7.333000
44.21	4.201000
44.38	4.201000
44.38	4.535000
44.55	4.535000
44.55	7.282000
44.637	7.282000
44.637	1.147000
44.724	1.147000
44.724	0.867000
44.811	0.867000
44.811	8.591000
44.989	8.591000
44.989	6.630000
45.167	6.630000
45.167	5.387000
45.345	5.387000
45.345	4.483000
45.612	4.483000
45.612	4.324000
45.88	4.324000
45.88	4.472000
46.148	4.472000
46.148	2.388000
46.286	2.388000
46.286	1.345000
46.424	1.345000
46.424	0.493000
46.562	0.493000
46.562	3.841000
46.802	3.841000
46.802	3.346000
47.042	3.346000
47.042	4.037000
47.281	4.037000
47.281	6.452000
47.459	6.452000
47.459	6.722000
47.637	6.722000
47.637	4.449000
47.815	4.449000
47.815	8.480000
47.925	8.480000
47.925	3.086000
48.035	3.086000
48.035	1.825000
48.145	1.825000
48.145	0.253000
48.462	0.253000
48.462	2.331000
48.778	2.331000
48.778	0.244000
49.095	0.244000
49.095	4.509000
49.266	4.509000
49.266	4.280000
49.437	4.280000
49.437	6.772000
49.608	6.772000
49.608	4.689000
49.728	4.689000
49.728	1.220000
49.848	1.220000
49.848	1.056000
49.968	1.056000
49.968	4.496000
50.165	4.496000
50.165	5.899000
50.363	5.899000
50.363	3.485000
50.56	3.485000
50.56	7.456000
50.719	7.456000
50.719	6.174000
50.879	6.174000
50.879	7.448000
51.039	7.448000
51.039	5.485000
51.197	5.485000
51.197	1.949000
51.355	1.949000
51.355	1.569000
51.514	1.569000
51.514	3.156000
51.693	3.156000
51.693	3.752000
51.872	3.752000
51.872	2.191000
52.051	2.191000
52.051	7.536000
52.214	7.536000
52.214	5.795000
52.376	5.795000
52.376	3.433000
52.628	3.433000
52.628	1.038000
52.88	1.038000
52.88	1.124000
53.132	1.124000
53.132	4.299000
53.326	4.299000
53.326	3.035000
53.521	3.035000
53.521	5.481000
53.716	5.481000
53.716	2.173000
53.972	2.173000
53.972	2.570000
54.228	2.570000
54.228	2.272000
54.484	2.272000
54.484	3.362000
54.647	3.362000
54.647	1.407000
54.811	1.407000
54.811	1.638000
54.975	1.638000
54.975	3.690000
55.176	3.690000
55.176	2.630000
55.377	2.630000
55.377	4.700000
55.577	4.700000
55.577	4.448000
55.848	4.448000
55.848	4.857000
56.119	4.857000
56.119	3.794000
56.389	3.794000
56.389	4.407000
56.62	4.407000
56.62	1.662000
56.851	1.662000
56.851	1.146000
57.082	1.146000
57.082	4.087000
57.261	4.087000
57.261	7.131000
57.44	7.131000
57.44	3.059000
57.619	3.059000
57.619	5.755000
57.777	5.755000
57.777	5.360000
57.935	5.360000
57.935	6.767000
58.093	6.767000
58.093	8.197000
58.186	8.197000
58.186	1.039000
58.279	1.039000
58.279	1.602000
58.372	1.602000
58.372	5.616000
58.523	5.616000
58.523	6.442000
58.674	6.442000
58.674	4.727000
58.825	4.727000
58.825	5.303000
58.992	5.303000
58.992	3.983000
59.159	3.983000
59.159	7.273000
59.326	7.273000
59.326	5.797000
59.461	5.797000
59.461	2.441000
59.596	2.441000
59.596	1.781000
59.731	1.781000
59.731	5.573000
59.89	5.573000
59.89	5.401000
60.049	5.401000
60.049	5.860000
60.208	5.860000
60.208	8.592000
60.385	8.592000
60.385	7.306000
60.562	7.306000
60.562	3.678000
60.704	3.678000
60.704	2.373000
60.841	2.373000
60.841	1.395000
60.983	1.395000
60.983	4.069000
61.174	4.069000
61.174	7.305000
61.357	7.305000
61.357	6.325000
61.548	6.325000
61.548	5.316000
61.725	5.316000
61.725	4.558000
61.902	4.558000
61.902	5.909000
62.079	5.909000
62.079	4.138000
62.211	4.138000
62.211	1.350000
62.343	1.350000
62.343	1.428000
62.475	1.428000
62.475	4.047000
62.677	4.047000
62.677	2.564000
62.879	2.564000
62.879	4.601000
63.081	4.601000
63.081	6.837000
63.247	6.837000
63.247	5.548000
63.413	5.548000
63.413	2.639000
63.579	2.639000
63.579	5.489000
63.739	5.489000
63.739	1.268000
63.899	1.268000
63.899	1.554000
64.059	1.554000
64.059	2.725000
64.279	2.725000
64.279	5.199000
64.499	5.199000
64.499	3.857000
64.719	3.857000
64.719	4.054000
64.982	4.054000
64.982	4.070000
65.245	4.070000
65.245	5.899000
65.508	5.899000
65.508	4.040000
65.656	4.040000
65.656	1.666000
65.804	1.666000
65.804	1.823000
65.952	1.823000
65.952	9.689000
66.106	9.689000
66.106	5.488000
66.26	5.488000
66.26	4.373000
66.414	4.373000
66.414	2.958000
66.562	2.958000
66.562	5.828000
66.71	5.828000
66.71	9.603000
66.858	9.603000
66.858	4.423000
66.965	4.423000
66.965	1.649000
67.072	1.649000
67.072	1.327000
67.179	1.327000
67.179	7.823000
67.351	7.823000
67.351	5.338000
67.524	5.338000
67.524	5.244000
67.697	5.244000
67.697	4.907000
67.883	4.907000
67.883	8.062000
68.069	8.062000
68.069	4.840000
68.255	4.840000
68.255	3.965000
68.405	3.965000
68.405	1.558000
68.554	1.558000
68.554	0.792000
68.704	0.792000
68.704	5.112000
68.884	5.112000
68.884	7.776000
69.063	7.776000
69.063	5.382000
69.243	5.382000
69.243	4.216000
69.409	4.216000
69.409	3.076000
69.575	3.076000
69.575	3.872000
69.74	3.872000
69.74	2.531000
69.968	2.531000
69.968	2.324000
70.196	2.324000
70.196	1.525000
70.424	1.525000
70.424	5.401000
70.616	5.401000
70.616	4.527000
70.808	4.527000
70.808	3.398000
71.0	3.398000
71.0	6.912000
71.151	6.912000
71.151	6.620000
71.302	6.620000
71.302	3.426000
71.453	3.426000
71.453	6.166000
71.568	6.166000
71.568	0.666000
71.683	0.666000
71.683	1.147000
71.798	1.147000
71.798	5.868000
71.969	5.868000
71.969	3.858000
72.139	3.858000
72.139	6.491000
72.31	6.491000
72.31	7.431000
72.478	7.431000
72.478	5.904000
72.646	5.904000
72.646	3.932000
72.814	3.932000
72.814	3.474000
73.015	3.474000
73.015	0.257000
73.216	0.257000
73.216	1.734000
73.417	1.734000
73.417	6.163000
73.586	6.163000
73.586	9.682000
73.755	9.682000
73.755	6.126000
73.924	6.126000
73.924	7.021000
74.191	7.021000
74.191	5.303000
74.458	5.303000
74.458	9.180000
74.725	9.180000
74.725	8.557000
74.804	8.557000
74.804	6.164000
74.883	6.164000
74.883	5.439000
74.962	5.439000
74.962	3.237000
75.151	3.237000
75.151	3.972000
75.34	3.972000
75.34	4.061000
75.528	4.061000
75.528	4.451000
75.723	4.451000
75.723	7.563000
75.917	7.563000
75.917	7.909000
76.112	7.909000
76.112	4.600000
76.203	4.600000
76.203	1.508000
76.294	1.508000
76.294	5.285000
76.468	5.285000
76.468	6.632000
76.641	6.632000
76.641	6.593000
76.815	6.593000
76.815	3.941000
77.044	3.941000
77.044	4.186000
77.273	4.186000
77.273	5.171000
77.502	5.171000
77.502	4.023000
77.657	4.023000
77.657	1.689000
77.812	1.689000
77.812	2.072000
77.967	2.072000
77.967	2.676000
78.139	2.676000
78.139	3.241000
78.311	3.241000
78.311	3.670000
78.483	3.670000
78.483	3.525000
78.635	3.525000
78.635	6.513000
78.787	6.513000
78.787	2.430000
78.939	2.430000
78.939	2.816000
79.078	2.816000
79.078	4.236000
79.217	4.236000
79.217	1.028000
79.356	1.028000
79.356	3.613000
79.506	3.613000
79.506	4.342000
79.656	4.342000
79.656	2.925000
79.805	2.925000
79.805	2.964000
80.0	2.964000
80.0	3.453000
80.194	3.453000
80.194	3.349000
80.389	3.349000
80.389	3.360000
80.517	3.360000
80.517	2.556000
80.645	2.556000
80.645	1.733000
80.773	1.733000
80.773	3.023000
80.927	3.023000
80.927	5.772000
81.082	5.772000
81.082	5.068000
81.237	5.068000
81.237	4.175000
81.397	4.175000
81.397	5.675000
81.556	5.675000
81.556	4.603000
81.716	4.603000
81.716	2.621000
82.03	2.621000
82.03	0.545000
82.344	0.545000
82.344	0.623000
82.658	0.623000
82.658	4.481000
82.83	4.481000
82.83	4.534000
83.002	4.534000
83.002	2.865000
83.174	2.865000
83.174	6.346000
83.444	6.346000
83.444	5.268000
83.714	5.268000
83.714	7.565000
83.984	7.565000
83.984	2.819000
84.196	2.819000
84.196	0.515000
84.409	0.515000
84.409	0.973000
84.622	0.973000
84.622	3.606000
84.818	3.606000
84.818	4.830000
85.014	4.830000
85.014	5.183000
85.21	5.183000
85.21	4.474000
85.411	4.474000
85.411	3.633000
85.612	3.633000
85.612	5.951000
85.813	5.951000
85.813	3.422000
85.949	3.422000
85.949	0.878000
86.085	0.878000
86.085	1.027000
86.221	1.027000
86.221	4.047000
86.425	4.047000
86.425	6.529000
86.629	6.529000
86.629	3.591000
86.833	3.591000
86.833	3.000000
87.0	3.000000
87.0	2.403000
87.167	2.403000
87.167	1.878000
87.334	1.878000
87.334	4.762000
87.478	4.762000
87.478	1.258000
87.622	1.258000
87.622	1.805000
87.766	1.805000
87.766	6.538000
87.924	6.538000
87.924	3.538000
88.082	3.538000
88.082	3.351000
88.241	3.351000
88.241	0.772000
88.553	0.772000
88.553	4.131000
88.865	4.131000
88.865	0.535000
89.177	0.535000
89.177	5.128000
89.355	5.128000
89.355	6.466000
89.532	6.466000
89.532	4.711000
89.71	4.711000
89.71	4.241000
89.852	4.241000
89.852	1.121000
89.994	1.121000
89.994	1.937000
90.136	1.937000
90.136	4.769000
90.317	4.769000
90.317	7.507000
90.498	7.507000
90.498	5.342000
90.679	5.342000
90.679	3.669000
90.852	3.669000
90.852	3.686000
91.025	3.686000
91.025	5.369000
91.198	5.369000
91.198	1.405000
91.281	1.405000
91.281	2.219000
91.364	2.219000
91.364	5.122000
91.516	5.122000
91.516	9.981000
91.668	9.981000
91.668	6.580000
91.82	6.580000
91.82	3.677000
92.098	3.677000
92.098	2.720000
92.375	2.720000
92.375	4.455000
92.653	4.455000
92.653	3.713000
92.881	3.713000
92.881	0.654000
93.109	0.654000
93.109	0.701000
93.337	0.701000
93.337	3.379000
93.536	3.379000
93.536	6.213000
93.734	6.213000
93.734	4.796000
93.933	4.796000
93.933	4.332000
94.113	4.332000
94.113	4.997000
94.293	4.997000
94.293	3.367000
94.473	3.367000
94.473	2.995000
94.593	2.995000
94.593	3.569000
94.713	3.569000
94.713	2.231000
94.833	2.231000
94.833	7.511000
95.013	7.511000
95.013	6.932000
95.193	6.932000
95.193	6.104000
95.373	6.104000
95.373	5.906000
95.533	5.906000
95.533	6.365000
95.692	6.365000
95.692	4.665000
95.852	4.665000
95.852	5.104000
95.977	5.104000
95.977	3.088000
96.102	3.088000
96.102	2.207000
96.227	2.207000
96.227	6.289000
96.387	6.289000
96.387	6.727000
96.548	6.727000
96.548	8.397000
96.709	8.397000
96.709	6.229000
96.901	6.229000
96.901	6.823000
97.087	6.823000
97.087	6.758000
97.278	6.758000
97.278	5.737000
97.411	5.737000
97.411	1.032000
97.544	1.032000
97.544	0.766000
97.677	0.766000
97.677	5.351000
97.825	5.351000
97.825	5.659000
97.974	5.659000
97.974	4.748000
98.123	4.748000
98.123	6.274000
98.282	6.274000
98.282	5.129000
98.441	5.129000
98.441	4.428000
98.6	4.428000
98.6	3.621000
98.811	3.621000
98.811	0.906000
99.022	0.906000
99.022	1.139000
99.232	1.139000
99.232	2.720000
99.442	2.720000
99.442	2.706000
99.652	2.706000
99.652	2.739000
99.862	2.739000
99.862	2.482000
100.077	2.482000
100.077	2.369000
100.292	2.369000
100.292	2.418000
100.507	2.418000
100.507	5.425000
100.634	5.425000
100.634	1.681000
100.761	1.681000
100.761	1.452000
100.888	1.452000
100.888	2.102000
101.074	2.102000
101.074	2.874000
101.259	2.874000
101.259	3.460000
101.445	3.460000
101.445	5.404000
101.706	5.404000
101.706	6.216000
101.967	6.216000
101.967	5.442000
102.227	5.442000
102.227	4.021000
102.41	4.021000
102.41	1.466000
102.59	1.466000
102.59	1.416000
102.77	1.416000
102.77	2.698000
102.965	2.698000
102.965	5.155000
103.16	5.155000
103.16	4.923000
103.355	4.923000
103.355	4.897000
103.533	4.897000
103.533	4.622000
103.711	4.622000
103.711	3.457000
103.888	3.457000
103.888	4.365000
104.088	4.365000
104.088	0.924000
104.288	0.924000
104.288	1.001000
104.488	1.001000
104.488	5.256000
104.646	5.256000
104.646	6.031000
104.803	6.031000
104.803	4.302000
104.961	4.302000
104.961	5.685000
105.161	5.685000
105.161	4.613000
105.361	4.613000
105.361	6.395000
105.561	6.395000
105.561	3.059000
105.697	3.059000
105.697	2.379000
105.833	2.379000
105.833	2.041000
105.969	2.041000
105.969	4.291000
106.151	4.291000
106.151	4.033000
106.334	4.033000
106.334	5.629000
106.517	5.629000
106.517	3.386000
106.678	3.386000
106.678	6.165000
106.839	6.165000
106.839	4.368000
107.0	4.368000
107.0	3.405000
107.13	3.405000
107.13	1.559000
107.26	1.559000
107.26	1.616000
107.39	1.616000
107.39	6.960000
107.589	6.960000
107.589	6.218000
107.788	6.218000
107.788	3.783000
107.987	3.783000
107.987	3.835000
108.198	3.835000
108.198	2.840000
108.409	2.840000
108.409	5.448000
108.621	5.448000
108.621	3.982000
108.724	3.982000
108.724	1.059000
108.827	1.059000
108.827	1.149000
108.93	1.149000
108.93	4.181000
109.1	4.181000
109.1	2.301000
109.27	2.301000
109.27	2.187000
109.44	2.187000
109.44	7.291000
109.612	7.291000
109.612	7.691000
109.784	7.691000
109.784	8.105000
109.956	8.105000
109.956	3.024000
110.107	3.024000
110.107	1.809000
110.258	1.809000
110.258	1.452000
110.409	1.452000
110.409	2.780000
110.594	2.780000
110.594	5.854000
110.779	5.854000
110.779	5.021000
110.964	5.021000
110.964	6.423000
111.229	6.423000
111.229	2.798000
111.493	2.798000
111.493	5.761000
111.758	5.761000
111.758	5.200000
111.907	5.200000
111.907	4.008000
112.057	4.008000
112.057	0.946000
112.207	0.946000
112.207	2.812000
112.376	2.812000
112.376	3.470000
112.545	3.470000
112.545	6.502000
112.714	6.502000
112.714	7.552000
112.87	7.552000
112.87	7.218000
113.026	7.218000
113.026	6.206000
113.181	6.206000
113.181	5.578000
113.314	5.578000
113.314	1.552000
113.447	1.552000
113.447	1.385000
113.58	1.385000
113.58	4.321000
113.758	4.321000
113.758	6.764000
113.936	6.764000
113.936	3.285000
114.114	3.285000
114.114	0.168000
114.466	0.168000
114.466	1.646000
114.817	1.646000
114.817	0.224000
115.169	0.224000
115.169	3.134000
115.295	3.134000
115.295	1.654000
115.421	1.654000
115.421	2.188000
115.547	2.188000
115.547	5.410000
115.749	5.410000
115.749	3.992000
115.95	3.992000
115.95	4.445000
116.152	4.445000
116.152	3.642000
116.344	3.642000
116.344	7.750000
116.536	7.750000
116.536	3.993000
116.728	3.993000
116.728	6.693000
116.854	6.693000
116.854	1.558000
116.98	1.558000
116.98	0.766000
117.106	0.766000
117.106	6.775000
117.311	6.775000
117.311	4.190000
117.516	4.190000
117.516	6.883000
117.721	6.883000
117.721	3.935000
117.886	3.935000
117.886	6.354000
118.051	6.354000
118.051	5.133000
118.215	5.133000
118.215	2.243000
118.374	2.243000
118.374	0.528000
118.533	0.528000
118.533	1.617000
118.692	1.617000
118.692	5.275000
118.842	5.275000
118.842	6.352000
118.992	6.352000
118.992	3.492000
119.158	3.492000
119.158	4.515000
119.324	4.515000
119.324	5.711000
119.49	5.711000
119.49	5.035000
119.563	5.035000
119.563	1.473000
119.636	1.473000
119.636	2.314000
119.709	2.314000
119.709	3.855000
119.874	3.855000
119.874	3.142000
120.038	3.142000
120.038	2.832000
120.203	2.832000
120.203	6.706000
120.501	6.706000
120.501	8.649000
120.799	8.649000
120.799	4.365000
121.097	4.365000
121.097	6.347000
121.192	6.347000
121.192	1.954000
121.287	1.954000
121.287	2.281000
121.382	2.281000
121.382	4.286000
121.555	4.286000
121.555	6.365000
121.728	6.365000
121.728	6.822000
121.901	6.822000
121.901	2.759000
122.107	2.759000
122.107	2.708000
122.313	2.708000
122.313	2.796000
122.519	2.796000
122.519	2.887000
122.739	2.887000
122.739	1.005000
122.959	1.005000
122.959	1.340000
123.179	1.340000
123.179	7.638000
123.357	7.638000
123.357	4.413000
123.535	4.413000
123.535	5.124000
123.713	5.124000
123.713	2.318000
123.873	2.318000
123.873	5.066000
124.033	5.066000
124.033	5.110000
124.193	5.110000
124.193	5.914000
124.344	5.914000
124.344	1.558000
124.495	1.558000
124.495	3.167000
124.646	3.167000
124.646	6.900000
124.818	6.900000
124.818	6.592000
124.99	6.592000
124.99	5.716000
125.162	5.716000
125.162	4.861000
125.329	4.861000
125.329	5.033000
125.495	5.033000
125.495	6.514000
125.662	6.514000
125.662	4.328000
125.797	4.328000
125.797	1.636000
125.933	1.636000
125.933	1.328000
126.069	1.328000
126.069	3.512000
126.233	3.512000
126.233	4.080000
126.397	4.080000
126.397	4.177000
126.561	4.177000
126.561	7.110000
126.722	7.110000
126.722	4.916000
126.882	4.916000
126.882	8.146000
127.043	8.146000
127.043	3.520000
127.174	3.520000
127.174	2.352000
127.304	2.352000
127.304	1.765000
127.435	1.765000
127.435	2.962000
127.633	2.962000
127.633	2.979000
127.829	2.979000
127.829	5.795000
128.027	5.795000
128.027	4.913000
128.2	4.913000
128.2	6.596000
128.373	6.596000
128.373	4.316000
128.546	4.316000
128.546	5.789000
128.621	5.789000
128.621	2.042000
128.696	2.042000
128.696	2.402000
128.771	2.402000
128.771	8.068000
128.935	8.068000
128.935	9.569000
129.099	9.569000
129.099	8.386000
129.263	8.386000
129.263	3.516000
129.539	3.516000
129.539	4.096000
129.814	4.096000
129.814	3.275000
130.09	3.275000
130.09	2.145000
130.166	2.145000
130.166	1.640000
130.242	1.640000
130.242	3.563000
130.459	3.563000
130.459	3.042000
130.676	3.042000
130.676	4.462000
130.893	4.462000
130.893	4.525000
131.065	4.525000
131.065	4.799000
131.237	4.799000
131.237	3.516000
131.409	3.516000
131.409	3.167000
131.613	3.167000
131.613	0.466000
131.817	0.466000
131.817	0.890000
132.021	0.890000
132.021	5.072000
132.204	5.072000
132.204	6.235000
132.386	6.235000
132.386	5.738000
132.569	5.738000
132.569	5.072000
132.727	5.072000
132.727	3.379000
132.885	3.379000
132.885	3.505000
133.043	3.505000
133.043	8.678000
133.121	8.678000
133.121	7.476000
133.199	7.476000
133.199	2.039000
133.277	2.039000
133.277	5.011000
133.461	5.011000
133.461	4.590000
133.645	4.590000
133.645	7.064000
133.829	7.064000
133.829	6.564000
133.984	6.564000
133.984	3.587000
134.139	3.587000
134.139	5.416000
134.294	5.416000
134.294	4.903000
134.491	4.903000
134.491	4.149000
134.688	4.149000
134.688	3.001000
134.884	3.001000
134.884	4.810000
134.969	4.810000
134.969	1.531000
135.054	1.531000
135.054	1.716000
135.139	1.716000
135.139	5.243000
135.331	5.243000
135.331	7.574000
135.523	7.574000
135.523	5.953000
135.715	5.953000
135.715	6.452000
135.894	6.452000
135.894	7.575000
136.074	7.575000
136.074	4.860000
136.254	4.860000
136.254	6.473000
136.399	6.473000
136.399	1.641000
136.544	1.641000
136.544	1.453000
136.689	1.453000
136.689	3.200000
136.869	3.200000
136.869	3.969000
137.05	3.969000
137.05	6.517000
137.231	6.517000
137.231	3.226000
137.509	3.226000
137.509	3.391000
137.787	3.391000
137.787	5.030000
138.064	5.030000
138.064	1.273000
138.133	1.273000
138.133	3.791000
138.202	3.791000
138.202	3.751000
138.395	3.751000
138.395	5.884000
138.588	5.884000
138.588	4.021000
138.781	4.021000
138.781	6.930000
138.97	6.930000
138.97	2.080000
139.16	2.080000
139.16	1.862000
139.348	1.862000
139.348	5.813000
139.425	5.813000
139.425	2.281000
139.502	2.281000
139.502	1.200000
139.579	1.200000
139.579	3.358000
139.774	3.358000
139.774	3.179000
139.968	3.179000
139.968	3.979000
140.163	3.979000
140.163	4.077000
140.351	4.077000
140.351	3.768000
140.539	3.768000
140.539	3.137000
140.727	3.137000
140.727	6.570000
140.849	6.570000
140.849	1.832000
140.971	1.832000
140.971	0.743000
141.093	0.743000
141.093	6.398000
141.262	6.398000
141.262	4.759000
141.429	4.759000
141.429	4.522000
141.598	4.522000
141.598	5.545000
141.756	5.545000
141.756	4.283000
141.914	4.283000
141.914	6.092000
142.072	6.092000
142.072	3.293000
142.233	3.293000
142.233	4.062000
142.394	4.062000
142.394	4.366000
142.555	4.366000
142.555	6.619000
142.68	6.619000
142.68	0.666000
142.805	0.666000
142.805	1.551000
142.93	1.551000
142.93	5.014000
143.109	5.014000
143.109	5.481000
143.289	5.481000
143.289	7.246000
143.469	7.246000
143.469	5.234000
143.634	5.234000
143.634	5.330000
143.799	5.330000
143.799	3.135000
143.964	3.135000
143.964	9.935000
144.056	9.935000
144.056	2.293000
144.148	2.293000
144.148	6.555000
144.289	6.555000
144.289	5.322000
144.431	5.322000
144.431	7.401000
144.573	7.401000
144.573	2.902000
144.861	2.902000
144.861	3.002000
145.149	3.002000
145.149	2.390000
145.437	2.390000
145.437	3.287000
145.678	3.287000
145.678	2.057000
145.919	2.057000
145.919	1.210000
146.16	1.210000
146.16	4.416000
146.389	4.416000
146.389	5.426000
146.619	5.426000
146.619	5.429000
146.848	5.429000
146.848	3.039000
147.059	3.039000
147.059	3.740000
147.27	3.740000
147.27	2.613000
147.48	2.613000
147.48	3.561000
147.603	3.561000
147.603	0.826000
147.726	0.826000
147.726	1.195000
147.849	1.195000
147.849	3.681000
148.022	3.681000
148.022	6.223000
148.194	6.223000
148.194	4.150000
148.367	4.150000
148.367	4.314000
148.537	4.314000
148.537	6.134000
148.707	6.134000
148.707	3.338000
148.877	3.338000
148.877	3.293000
149.017	3.293000
149.017	1.674000
149.156	1.674000
149.156	1.487000
149.296	1.487000
149.296	2.892000
149.499	2.892000
149.499	3.683000
149.701	3.683000
149.701	3.207000
149.903	3.207000
149.903	6.906000
150.097	6.906000
150.097	4.605000
150.292	4.605000
150.292	6.083000
150.487	6.083000
150.487	4.284000
150.635	4.284000
150.635	3.863000
150.783	3.863000
150.783	7.213000
150.931	7.213000
150.931	3.702000
151.076	3.702000
151.076	2.421000
151.221	2.421000
151.221	2.398000
151.366	2.398000
151.366	7.711000
151.544	7.711000
151.544	5.858000
151.722	5.858000
151.722	6.705000
151.9	6.705000
151.9	5.078000
152.08	5.078000
152.08	3.016000
152.261	3.016000
152.261	3.274000
152.442	3.274000
152.442	3.061000
152.633	3.061000
152.633	1.355000
152.824	1.355000
152.824	2.236000
153.015	2.236000
153.015	7.487000
153.173	7.487000
153.173	5.771000
153.331	5.771000
153.331	5.025000
153.489	5.025000
153.489	8.592000
153.767	8.592000
153.767	7.031000
154.045	7.031000
154.045	7.532000
154.323	7.532000
154.323	3.255000
154.49	3.255000
154.49	1.227000
154.657	1.227000
154.657	1.928000
154.824	1.928000
154.824	2.790000
155.068	2.790000
155.068	2.309000
155.312	2.309000
155.312	2.667000
155.557	2.667000
155.557	3.269000
155.73	3.269000
155.73	3.797000
155.902	3.797000
155.902	5.441000
156.075	5.441000
156.075	3.028000
156.227	3.028000
156.227	1.981000
156.379	1.981000
156.379	2.307000
156.531	2.307000
156.531	5.926000
156.696	5.926000
156.696	8.454000
156.861	8.454000
156.861	5.358000
157.026	5.358000
157.026	6.336000
157.172	6.336000
157.172	5.762000
157.318	5.762000
157.318	6.790000
157.464	6.790000
157.464	8.169000
157.553	8.169000
157.553	1.605000
157.642	1.605000
157.642	2.351000
157.731	2.351000
157.731	3.501000
157.893	3.501000
157.893	3.078000
158.055	3.078000
158.055	3.049000
158.216	3.049000
158.216	2.505000
158.445	2.505000
158.445	2.247000
158.674	2.247000
158.674	2.177000
158.903	2.177000
158.903	3.101000
159.149	3.101000
159.149	0.736000
159.397	0.736000
159.397	1.728000
159.645	1.728000
159.645	6.700000
159.814	6.700000
159.814	9.119000
159.983	9.119000
159.983	8.373000
160.152	8.373000
160.152	7.671000
160.313	7.671000
160.313	5.578000
160.474	5.578000
160.474	6.059000
160.635	6.059000
160.635	2.679000
160.861	2.679000
160.861	1.305000
161.087	1.305000
161.087	1.418000
161.313	1.418000
161.313	3.383000
161.522	3.383000
161.522	4.092000
161.731	4.092000
161.731	5.427000
161.94	5.427000
161.94	4.742000
162.113	4.742000
162.113	4.764000
162.286	4.764000
162.286	6.269000
162.459	6.269000
162.459	4.764000
162.576	4.764000
162.576	2.034000
162.693	2.034000
162.693	2.085000
162.81	2.085000
162.81	6.032000
162.985	6.032000
162.985	7.478000
163.16	7.478000
163.16	4.996000
163.335	4.996000
163.335	5.877000
163.606	5.877000
163.606	6.139000
163.876	6.139000
163.876	8.541000
164.146	8.541000
164.146	4.175000
164.278	4.175000
164.278	0.860000
164.41	0.860000
164.41	1.050000
164.542	1.050000
164.542	5.082000
164.707	5.082000
164.707	3.679000
164.872	3.679000
164.872	8.536000
165.037	8.536000
165.037	2.432000
165.231	2.432000
165.231	2.851000
165.425	2.851000
165.425	3.698000
165.619	3.698000
165.619	6.332000
165.736	6.332000
165.736	2.229000
165.853	2.229000
165.853	1.262000
165.97	1.262000
165.97	6.815000
166.146	6.815000
166.146	5.565000
166.322	5.565000
166.322	4.222000
166.498	4.222000
166.498	2.895000
166.699	2.895000
166.699	2.838000
166.9	2.838000
166.9	3.573000
167.101	3.573000
167.101	6.046000
167.166	6.046000
167.166	1.472000
167.231	1.472000
167.231	2.160000
167.296	2.160000
167.296	5.383000
167.466	5.383000
167.466	6.672000
167.636	6.672000
167.636	8.383000
167.806	8.383000
167.806	8.221000
167.971	8.221000
167.971	7.483000
168.135	7.483000
168.135	4.720000
168.299	4.720000
168.299	3.124000
168.474	3.124000
168.474	1.532000
168.649	1.532000
168.649	1.278000
168.824	1.278000
168.824	2.669000
169.012	2.669000
169.012	3.031000
169.2	3.031000
169.2	4.084000
169.387	4.084000
169.387	6.939000
169.55	6.939000
169.55	4.952000
169.713	4.952000
169.713	4.472000
169.876	4.472000
169.876	2.818000
170.192	2.818000
170.192	1.289000
170.508	1.289000
170.508	0.761000
170.824	0.761000
170.824	5.388000
171.022	5.388000
171.022	7.557000
171.22	7.557000
171.22	5.798000
171.419	5.798000
171.419	6.752000
171.602	6.752000
171.602	6.085000
171.785	6.085000
171.785	6.038000
171.967	6.038000
171.967	3.038000
172.163	3.038000
172.163	1.502000
172.359	1.502000
172.359	1.303000
172.555	1.303000
172.555	4.827000
172.742	4.827000
172.742	8.127000
172.929	8.127000
172.929	4.229000
173.23	4.229000
173.23	3.678000
173.53	3.678000
173.53	3.228000
173.831	3.228000
173.831	3.257000
174.046	3.257000
174.046	1.414000
174.261	1.414000
174.261	1.344000
174.476	1.344000
174.476	3.840000
174.631	3.840000
174.631	3.256000
174.786	3.256000
174.786	5.165000
174.941	5.165000
174.941	3.509000
175.116	3.509000
175.116	3.572000
175.293	3.572000
175.293	2.861000
175.47	2.861000
175.47	4.876000
175.615	4.876000
175.615	1.909000
175.76	1.909000
175.76	2.300000
175.905	2.300000
175.905	2.449000
176.061	2.449000
176.061	5.958000
176.216	5.958000
176.216	3.433000
176.372	3.433000
176.372	5.464000
176.536	5.464000
176.536	4.514000
176.7	4.514000
176.7	3.525000
176.864	3.525000
176.864	3.442000
177.076	3.442000
177.076	0.390000
177.287	0.390000
177.287	1.138000
177.499	1.138000
177.499	5.645000
177.667	5.645000
177.667	7.069000
177.835	7.069000
177.835	3.148000
178.003	3.148000
178.003	4.421000
178.162	4.421000
178.162	6.261000
178.321	6.261000
178.321	6.893000
178.48	6.893000
178.48	3.969000
178.624	3.969000
178.624	2.163000
178.768	2.163000
178.768	1.589000
178.912	1.589000
178.912	2.858000
179.097	2.858000
179.097	4.185000
179.283	4.185000
179.283	4.104000
179.469	4.104000
179.469	3.836000
179.666	3.836000
179.666	3.908000
179.863	3.908000
179.863	4.170000
180.06	4.170000
180.06	7.282000
180.198	7.282000
180.198	1.816000
180.336	1.816000
180.336	1.390000
180.474	1.390000
180.474	4.046000
180.622	4.046000
180.622	2.886000
180.77	2.886000
180.77	7.812000
180.918	7.812000
180.918	2.809000
181.127	2.809000
181.127	4.373000
181.336	4.373000
181.336	3.435000
181.545	3.435000
181.545	3.384000
181.685	3.384000
181.685	2.060000
181.825	2.060000
181.825	1.640000
181.965	1.640000
181.965	9.378000
182.137	9.378000
182.137	3.704000
182.309	3.704000
182.309	3.704000
182.481	3.704000
182.481	6.249000
182.756	6.249000
182.756	6.296000
183.032	6.296000
183.032	5.266000
183.308	5.266000
183.308	2.522000
183.539	2.522000
183.539	1.328000
183.77	1.328000
183.77	1.129000
184.001	1.129000
184.001	4.140000
184.183	4.140000
184.183	5.267000
184.365	5.267000
184.365	3.202000
184.547	3.202000
184.547	3.994000
184.786	3.994000
184.786	2.321000
185.024	2.321000
185.024	2.966000
185.263	2.966000
185.263	3.269000
185.401	3.269000
185.401	1.660000
185.539	1.660000
185.539	3.320000
185.677	3.320000
185.677	3.214000
185.909	3.214000
185.909	2.744000
186.141	2.744000
186.141	2.833000
186.373	2.833000
186.373	2.985000
186.586	2.985000
186.586	2.848000
186.798	2.848000
186.798	3.423000
187.011	3.423000
187.011	3.499000
187.138	3.499000
187.138	1.529000
187.266	1.529000
187.266	2.485000
187.394	2.485000
187.394	3.243000
187.568	3.243000
187.568	3.812000
187.742	3.812000
187.742	2.867000
187.916	2.867000
187.916	2.632000
188.109	2.632000
188.109	3.696000
188.302	3.696000
188.302	3.244000
188.495	3.244000
188.495	3.592000
188.653	3.592000
188.653	1.820000
188.812	1.820000
188.812	1.491000
188.971	1.491000
188.971	4.644000
189.148	4.644000
189.148	4.190000
189.325	4.190000
189.325	4.274000
189.502	4.274000
189.502	4.091000
189.682	4.091000
189.682	4.421000
189.862	4.421000
189.862	4.953000
190.042	4.953000
190.042	2.293000
190.266	2.293000
190.266	1.009000
190.491	1.009000
190.491	1.686000
190.716	1.686000
190.716	3.328000
190.887	3.328000
190.887	2.743000
191.057	2.743000
191.057	6.266000
191.228	6.266000
191.228	5.470000
191.407	5.470000
191.407	5.989000
191.586	5.989000
191.586	3.812000
191.765	3.812000
191.765	3.649000
191.921	3.649000
191.921	2.074000
192.077	2.074000
192.077	1.953000
192.233	1.953000
192.233	4.936000
192.409	4.936000
192.409	4.120000
192.585	4.120000
192.585	5.672000
192.761	5.672000
192.761	0.132000
193.961	0.132000
193.961	1.371000
195.161	1.371000
195.161	0.148000
196.361	0.148000
196.361	4.085000
196.396	4.085000
196.396	6.945000
196.431	6.945000
196.431	0.732000
196.466	0.732000
196.466	8.143000
196.5	8.143000
196.5	3.041000
196.534	3.041000
196.534	9.611000
196.566	9.611000
196.566	3.754000
196.598	3.754000
196.598	8.401000
196.63	8.401000
196.63	3.968000
196.666	3.968000
196.666	1.551000
196.702	1.551000
196.702	1.637000
196.738	1.637000
196.738	5.009000
196.778	5.009000
196.778	5.062000
196.818	5.062000
196.818	5.042000
196.858	5.042000
196.858	2.910000
196.888	2.910000
196.888	2.961000
196.918	2.961000
196.918	1.772000
196.949	1.772000
196.949	0.501000
196.98	0.501000
196.98	4.139000
197.021	4.139000
197.021	4.777000
197.062	4.777000
197.062	4.830000
197.103	4.830000
197.103	4.547000
197.138	4.547000
197.138	1.949000
197.173	1.949000
197.173	2.385000
197.208	2.385000
197.208	5.866000
197.243	5.866000
197.243	6.093000
197.278	6.093000
197.278	1.466000
197.307	1.466000
197.307	2.573000
197.337	2.573000
197.337	4.638000
197.366	4.638000
197.366	4.759000
197.4	4.759000
197.4	4.108000
197.435	4.108000
197.435	3.956000
197.47	3.956000
197.47	9.440000
197.512	9.440000
197.512	2.535000
197.554	2.535000
197.554	2.754000
197.595	2.754000
197.595	4.669000
197.636	4.669000
197.636	3.906000
197.677	3.906000
197.677	3.350000
197.718	3.350000
197.718	2.764000
197.753	2.764000
197.753	2.128000
197.788	2.128000
197.788	2.605000
198.068	2.605000
198.068	2.455000
198.349	2.455000
198.349	3.951000
198.63	3.951000
198.63	3.437000
198.786	3.437000
198.786	1.526000
198.942	1.526000
198.942	1.379000
199.098	1.379000
199.098	9.098000
199.254	9.098000
199.254	3.855000
199.41	3.855000
199.41	5.474000
199.566	5.474000
199.566	4.670000
199.729	4.670000
199.729	5.574000
199.892	5.574000
199.892	5.026000
200.055	5.026000
200.055	4.875000
200.239	4.875000
200.239	4.959000
200.423	4.959000
200.423	4.547000
200.607	4.547000
200.607	2.858000
200.759	2.858000
200.759	2.707000
200.911	2.707000
200.911	1.489000
201.063	1.489000
201.063	4.915000
201.236	4.915000
201.236	3.867000
201.409	3.867000
201.409	5.517000
201.582	5.517000
201.582	4.393000
201.758	4.393000
201.758	2.963000
201.934	2.963000
201.934	4.658000
202.11	4.658000
202.11	3.582000
202.252	3.582000
202.252	5.485000
202.394	5.485000
202.394	0.979000
202.536	0.979000
202.536	3.456000
202.725	3.456000
202.725	5.432000
202.913	5.432000
202.913	4.852000
203.102	4.852000
203.102	2.533000
203.254	2.533000
203.254	2.506000
203.406	2.506000
203.406	4.836000
203.559	4.836000
203.559	4.695000
203.68	4.695000
203.68	1.680000
203.801	1.680000
203.801	4.016000
203.922	4.016000
203.922	4.624000
204.123	4.624000
204.123	4.659000
204.324	4.659000
204.324	3.987000
204.525	3.987000
204.525	3.438000
204.695	3.438000
204.695	3.326000
204.865	3.326000
204.865	3.669000
205.034	3.669000
205.034	3.118000
205.175	3.118000
205.175	2.295000
205.316	2.295000
205.316	3.621000
205.457	3.621000
205.457	2.726000
205.621	2.726000
205.621	3.263000
205.785	3.263000
205.785	4.974000
205.949	4.974000
205.949	5.020000
206.211	5.020000
206.211	4.117000
206.474	4.117000
206.474	5.098000
206.737	5.098000
206.737	3.751000
206.961	3.751000
206.961	1.208000
207.185	1.208000
207.185	1.482000
207.409	1.482000
207.409	3.791000
207.574	3.791000
207.574	4.960000
207.739	4.960000
207.739	4.921000
207.904	4.921000
207.904	5.005000
208.066	5.005000
208.066	8.553000
208.227	8.553000
208.227	3.321000
208.389	3.321000
208.389	4.572000
208.552	4.572000
208.552	1.243000
208.715	1.243000
208.715	3.942000
208.892	3.942000
208.892	5.301000
209.069	5.301000
209.069	4.096000
209.246	4.096000
209.246	4.921000
209.424	4.921000
209.424	7.254000
209.602	7.254000
209.602	7.434000
209.78	7.434000
209.78	3.034000
209.921	3.034000
209.921	1.423000
210.062	1.423000
210.062	1.238000
210.203	1.238000
210.203	6.047000
210.371	6.047000
210.371	8.891000
210.538	8.891000
210.538	6.941000
210.706	6.941000
210.706	3.170000
210.872	3.170000
210.872	4.899000
211.038	4.899000
211.038	3.174000
211.202	3.174000
211.202	3.232000
211.384	3.232000
211.384	6.463000
211.567	6.463000
211.567	6.361000
211.75	6.361000
211.75	3.120000
211.875	3.120000
211.875	1.843000
212.0	1.843000
212.0	1.028000
212.125	1.028000
212.125	4.542000
212.299	4.542000
212.299	4.322000
212.473	4.322000
212.473	3.819000
212.647	3.819000
212.647	8.368000
212.844	8.368000
212.844	6.534000
213.041	6.534000
213.041	9.660000
213.238	9.660000
213.238	3.156000
213.379	3.156000
213.379	1.772000
213.52	1.772000
213.52	1.695000
213.661	1.695000
213.661	3.909000
213.811	3.909000
213.811	5.612000
213.961	5.612000
213.961	8.490000
214.236	8.490000
214.236	6.151000
214.511	6.151000
214.511	7.869000
214.786	7.869000
214.786	9.008000
215.047	9.008000
215.047	5.000000
215.309	5.000000
215.309	6.077000
215.57	6.077000
215.57	3.719000
215.689	3.719000
215.689	3.780000
215.807	3.780000
215.807	2.010000
215.926	2.010000
215.926	3.205000
216.128	3.205000
216.128	6.352000
216.331	6.352000
216.331	2.910000
216.534	2.910000
216.534	7.471000
216.69	7.471000
216.69	3.688000
216.846	3.688000
216.846	7.409000
217.002	7.409000
217.002	7.244000
217.168	7.244000
217.168	8.157000
217.335	8.157000
217.335	1.005000
217.502	1.005000
217.502	3.860000
217.731	3.860000
217.731	3.757000
217.96	3.757000
217.96	2.948000
218.189	2.948000
218.189	4.870000
218.375	4.870000
218.375	3.835000
218.561	3.835000
218.561	3.577000
218.747	3.577000
218.747	7.947000
218.992	7.947000
218.992	2.862000
219.237	2.862000
219.237	0.423000
219.481	0.423000
219.481	4.516000
219.669	4.516000
219.669	4.278000
219.857	4.278000
219.857	2.686000
220.045	2.686000
220.045	2.699000
220.202	2.699000
220.202	4.495000
220.359	4.495000
220.359	5.001000
220.516	5.001000
220.516	3.178000
220.658	3.178000
220.658	1.522000
220.8	1.522000
220.8	1.285000
220.942	1.285000
220.942	5.046000
221.131	5.046000
221.131	4.893000
221.319	4.893000
221.319	5.962000
221.507	5.962000
221.507	8.398000
221.691	8.398000
221.691	7.843000
221.875	7.843000
221.875	7.267000
222.059	7.267000
222.059	6.836000
222.401	6.836000
222.401	0.469000
222.743	0.469000
222.743	0.303000
223.085	0.303000
223.085	3.571000
223.277	3.571000
223.277	3.924000
223.468	3.924000
223.468	5.909000
223.66	5.909000
223.66	3.471000
223.944	3.471000
223.944	3.286000
224.228	3.286000
224.228	3.106000
224.512	3.106000
224.512	4.278000
224.831	4.278000
224.831	0.627000
225.149	0.627000
225.149	0.672000
225.467	0.672000
225.467	3.572000
225.65	3.572000
225.65	3.313000
225.833	3.313000
225.833	3.478000
226.015	3.478000
226.015	7.029000
226.21	7.029000
226.21	5.166000
226.405	5.166000
226.405	7.598000
226.6	7.598000
226.6	2.493000
226.897	2.493000
226.897	1.652000
227.194	1.652000
227.194	1.290000
227.491	1.290000
227.491	0.102000
227.692	0.102000
227.692	0.184000
227.893	0.184000
227.893	0.142000
228.094	0.142000
228.094	0.184000
228.447	0.184000
228.447	1.690000
228.8	1.690000
228.8	0.200000
229.153	0.200000
229.153	6.668000
229.432	6.668000
229.432	0.368000
229.711	0.368000
229.711	0.289000
229.99	0.289000
229.99	3.955000
230.08	3.955000
230.08	5.918000
230.17	5.918000
230.17	2.928000
230.294	2.928000
230.294	3.373000
230.419	3.373000
230.419	2.671000
230.544	2.671000
230.544	6.930000
230.776	6.930000
230.776	0.497000
231.008	0.497000
231.008	0.459000
231.24	0.459000
231.24	8.748000
231.328	8.748000
231.328	6.975000
231.416	6.975000
231.416	3.797000
231.504	3.797000
231.504	6.146000
231.589	6.146000
231.589	2.324000
231.674	2.324000
231.674	2.590000
231.759	2.590000
231.759	3.392000
231.834	3.392000
231.834	3.005000
231.909	3.005000
231.909	9.591000
231.997	9.591000
231.997	8.325000
232.085	8.325000
232.085	5.200000
232.193	5.200000
232.193	3.818000
232.303	3.818000
232.303	2.729000
232.413	2.729000
232.413	5.323000
232.642	5.323000
232.642	0.374000
232.872	0.374000
232.872	0.482000
233.102	0.482000
233.102	6.657000
233.199	6.657000
233.199	6.009000
233.296	6.009000
233.296	2.787000
233.587	2.787000
233.587	3.733000
233.878	3.733000
233.878	3.384000
234.169	3.384000
234.169	7.386000
234.485	7.386000
234.485	2.557000
234.801	2.557000
234.801	0.349000
235.118	0.349000
235.118	4.360000
235.314	4.360000
235.314	6.800000
235.511	6.800000
235.511	5.165000
235.708	5.165000
235.708	2.625000
235.941	2.625000
235.941	3.309000
236.173	3.309000
236.173	2.917000
236.406	2.917000
236.406	0.314000
236.715	0.314000
236.715	0.329000
237.025	0.329000
237.025	5.688000
237.211	5.688000
237.211	7.213000
237.397	7.213000
237.397	4.933000
237.583	4.933000
237.583	3.337000
237.748	3.337000
237.748	6.763000
237.913	6.763000
237.913	6.591000
238.078	6.591000
238.078	3.915000
238.24	3.915000
238.24	2.334000
238.401	2.334000
238.401	1.119000
238.563	1.119000
238.563	0.198000
238.915	0.198000
238.915	1.484000
239.257	1.484000
239.257	0.200000
239.609	0.200000
239.609	3.316000
239.827	3.316000
239.827	3.702000
240.045	3.702000
240.045	2.164000
240.264	2.164000
240.264	6.715000
240.535	6.715000
240.535	0.509000
240.806	0.509000
240.806	1.755000
241.077	1.755000
241.077	3.978000
241.24	3.978000
241.24	3.342000
241.403	3.342000
241.403	6.667000
241.567	6.667000
241.567	6.006000
241.769	6.006000
241.769	4.252000
241.971	4.252000
241.971	6.583000
242.172	6.583000
242.172	6.766000
242.502	6.766000
242.502	0.442000
242.832	0.442000
242.832	0.357000
243.162	0.357000
243.162	4.812000
243.376	4.812000
243.376	2.975000
243.59	2.975000
243.59	3.639000
243.804	3.639000
243.804	3.207000
244.024	3.207000
244.024	3.765000
244.244	3.765000
244.244	2.887000
244.464	2.887000
244.464	3.153000
244.605	3.153000
244.605	1.726000
244.746	1.726000
244.746	0.880000
244.887	0.880000
244.887	4.910000
245.062	4.910000
245.062	2.622000
245.237	2.622000
245.237	5.079000
245.412	5.079000
245.412	2.961000
245.724	2.961000
245.724	4.014000
246.035	4.014000
246.035	3.542000
246.347	3.542000
246.347	3.524000
246.533	3.524000
246.533	2.717000
246.719	2.717000
246.719	1.318000
246.905	1.318000
246.905	3.089000
247.089	3.089000
247.089	3.649000
247.274	3.649000
247.274	6.413000
247.459	6.413000
247.459	4.609000
247.683	4.609000
247.683	2.993000
247.908	2.993000
247.908	2.951000
248.133	2.951000
248.133	8.362000
248.417	8.362000
248.417	2.893000
248.701	2.893000
248.701	0.264000
248.985	0.264000
248.985	2.660000
249.158	2.660000
249.158	6.307000
249.331	6.307000
249.331	3.953000
249.504	3.953000
249.504	0.345000
249.856	0.345000
249.856	1.936000
250.208	1.936000
250.208	0.239000
250.56	0.239000
250.56	3.162000
250.739	3.162000
250.739	2.826000
250.917	2.826000
250.917	0.840000
251.096	0.840000
251.096	3.653000
251.318	3.653000
251.318	4.045000
251.539	4.045000
251.539	7.081000
251.761	7.081000
251.761	7.678000
251.939	7.678000
251.939	5.387000
252.117	5.387000
252.117	7.601000
252.295	7.601000
252.295	7.073000
252.597	7.073000
252.597	1.335000
252.893	1.335000
252.893	0.449000
253.195	0.449000
253.195	0.310000
253.546	0.310000
253.546	2.882000
253.897	2.882000
253.897	0.475000
254.249	0.475000
254.249	4.240000
254.432	4.240000
254.432	5.620000
254.615	5.620000
254.615	4.936000
254.797	4.936000
254.797	8.274000
255.053	8.274000
255.053	0.511000
255.309	0.511000
255.309	1.556000
255.565	1.556000
255.565	8.147000
255.738	8.147000
255.738	6.398000
255.911	6.398000
255.911	5.233000
256.084	5.233000
256.084	8.332000
256.258	8.332000
256.258	5.936000
256.432	5.936000
256.432	8.363000
256.606	8.363000
256.606	2.751000
256.832	2.751000
256.832	0.841000
257.057	0.841000
257.057	1.278000
257.283	1.278000
257.283	7.612000
257.466	7.612000
257.466	7.100000
257.649	7.100000
257.649	8.219000
257.832	8.219000
257.832	5.384000
258.104	5.384000
258.104	3.642000
258.375	3.642000
258.375	4.767000
258.647	4.767000
258.647	3.195000
258.809	3.195000
258.809	1.752000
258.971	1.752000
258.971	1.711000
259.133	1.711000
259.133	6.341000
259.367	6.341000
259.367	5.075000
259.601	5.075000
259.601	5.150000
259.835	5.150000
259.835	7.046000
260.013	7.046000
260.013	5.561000
260.19	5.561000
260.19	6.818000
260.368	6.818000
260.368	3.369000
260.59	3.369000
260.59	1.417000
260.812	1.417000
260.812	1.050000
261.034	1.050000
261.034	4.446000
261.218	4.446000
261.218	4.768000
261.402	4.768000
261.402	4.079000
261.586	4.079000
261.586	3.513000
261.805	3.513000
261.805	4.071000
262.024	4.071000
262.024	3.251000
262.243	3.251000
262.243	3.241000
262.382	3.241000
262.382	2.914000
262.519	2.914000
262.519	1.575000
262.657	1.575000
262.657	0.158000
263.009	0.158000
263.009	0.913000
263.349	0.913000
263.349	0.153000
263.701	0.153000
263.701	5.752000
263.881	5.752000
263.881	5.383000
264.061	5.383000
264.061	5.399000
264.241	5.399000
264.241	3.235000
264.361	3.235000
264.361	1.311000
264.48	1.311000
264.48	1.823000
264.601	1.823000
264.601	5.798000
264.758	5.798000
264.758	6.188000
264.912	6.188000
264.912	5.719000
265.069	5.719000
265.069	0.222000
265.421	0.222000
265.421	1.204000
265.756	1.204000
265.756	0.208000
266.108	0.208000
266.108	3.934000
266.253	3.934000
266.253	1.869000
266.398	1.869000
266.398	2.627000
266.543	2.627000
266.543	3.010000
266.753	3.010000
266.753	2.697000
266.963	2.697000
266.963	2.716000
267.173	2.716000
267.173	6.074000
267.36	6.074000
267.36	5.597000
267.548	5.597000
267.548	6.267000
267.736	6.267000
267.736	6.997000
267.871	6.997000
267.871	1.340000
268.006	1.340000
268.006	1.827000
268.141	1.827000
268.141	4.436000
268.365	4.436000
268.365	5.738000
268.589	5.738000
268.589	4.234000
268.813	4.234000
268.813	6.281000
269.095	6.281000
269.095	5.956000
269.377	5.956000
269.377	5.322000
269.659	5.322000
269.659	2.378000
269.896	2.378000
269.896	1.105000
270.134	1.105000
270.134	0.944000
270.371	0.944000
270.371	8.473000
270.556	8.473000
270.556	6.286000
270.741	6.286000
270.741	5.649000
270.926	5.649000
270.926	4.393000
271.097	4.393000
271.097	7.186000
271.268	7.186000
271.268	6.709000
271.438	6.709000
271.438	3.605000
271.552	3.605000
271.552	1.364000
271.666	1.364000
271.666	2.454000
271.78	2.454000
271.78	7.403000
272.01	7.403000
272.01	7.773000
272.24	7.773000
272.24	7.289000
272.47	7.289000
272.47	5.991000
272.662	5.991000
272.662	5.041000
272.855	5.041000
272.855	5.172000
273.047	5.172000
273.047	2.401000
273.202	2.401000
273.202	3.032000
273.357	3.032000
273.357	1.309000
273.511	1.309000
273.511	3.885000
273.769	3.885000
273.769	4.598000
274.027	4.598000
274.027	4.085000
274.285	4.085000
274.285	6.033000
274.45	6.033000
274.45	4.236000
274.615	4.236000
274.615	5.256000
274.781	5.256000
274.781	3.482000
274.908	3.482000
274.908	5.299000
275.035	5.299000
275.035	2.735000
275.162	2.735000
275.162	1.769000
275.445	1.769000
275.445	4.391000
275.729	4.391000
275.729	1.393000
276.012	1.393000
276.012	4.856000
276.19	4.856000
276.19	5.385000
276.368	5.385000
276.368	6.167000
276.546	6.167000
276.546	3.142000
276.684	3.142000
276.684	1.324000
276.822	1.324000
276.822	0.957000
276.96	0.957000
276.96	2.995000
277.161	2.995000
277.161	4.950000
277.362	4.950000
277.362	3.234000
277.563	3.234000
277.563	5.603000
277.745	5.603000
277.745	3.426000
277.927	3.426000
277.927	4.150000
278.109	4.150000
278.109	2.903000
278.239	2.903000
278.239	0.912000
278.369	0.912000
278.369	1.594000
278.499	1.594000
278.499	3.685000
278.637	3.685000
278.637	5.647000
278.774	5.647000
278.774	2.677000
278.912	2.677000
278.912	6.239000
279.176	6.239000
279.176	7.872000
279.44	7.872000
279.44	6.005000
279.704	6.005000
279.704	4.361000
279.848	4.361000
279.848	2.164000
279.992	2.164000
279.992	1.936000
280.136	1.936000
280.136	6.032000
280.288	6.032000
280.288	5.439000
280.44	5.439000
280.44	8.391000
280.592	8.391000
280.592	4.076000
280.761	4.076000
280.761	3.465000
280.93	3.465000
280.93	3.578000
281.099	3.578000
281.099	3.027000
281.322	3.027000
281.322	1.701000
281.545	1.701000
281.545	1.390000
281.768	1.390000
281.768	4.347000
281.982	4.347000
281.982	3.985000
282.196	3.985000
282.196	3.444000
282.41	3.444000
282.41	4.841000
282.591	4.841000
282.591	3.239000
282.772	3.239000
282.772	5.449000
282.953	5.449000
282.953	5.510000
283.055	5.510000
283.055	0.947000
283.157	0.947000
283.157	1.175000
283.259	1.175000
283.259	6.266000
283.404	6.266000
283.404	8.206000
283.549	8.206000
