0.0	5.465000
0.315	5.465000
0.315	5.755000
0.632	5.755000
0.632	5.649000
0.948	5.649000
0.948	6.451000
1.264	6.451000
1.264	6.446000
1.581	6.446000
1.581	6.444000
1.897	6.444000
1.897	8.551000
2.21	8.551000
2.21	8.328000
2.527	8.328000
2.527	8.460000
2.839	8.460000
2.839	7.926000
3.153	7.926000
3.153	7.942000
3.468	7.942000
3.468	8.017000
3.78	8.017000
3.78	6.888000
4.095	6.888000
4.095	6.794000
4.408	6.794000
4.408	6.730000
4.723	6.730000
4.723	6.236000
5.038	6.236000
5.038	6.159000
5.355	6.159000
5.355	6.270000
5.672	6.270000
5.672	5.895000
5.985	5.895000
5.985	5.942000
6.299	5.942000
6.299	5.911000
6.614	5.911000
6.614	5.503000
6.93	5.503000
6.93	5.529000
7.246	5.529000
7.246	5.502000
7.561	5.502000
7.561	6.243000
7.873	6.243000
7.873	6.172000
8.189	6.172000
8.189	6.113000
8.505	6.113000
8.505	5.570000
8.82	5.570000
8.82	5.759000
9.135	5.759000
9.135	5.403000
9.45	5.403000
9.45	6.531000
9.765	6.531000
9.765	6.655000
10.079	6.655000
10.079	6.293000
10.396	6.293000
10.396	5.914000
10.709	5.914000
10.709	5.886000
11.025	5.886000
11.025	5.767000
11.341	5.767000
11.341	6.697000
11.657	6.697000
11.657	6.895000
11.973	6.895000
11.973	6.680000
12.29	6.680000
12.29	5.807000
12.607	5.807000
12.607	5.848000
12.923	5.848000
12.923	5.787000
13.238	5.787000
13.238	6.318000
13.554	6.318000
13.554	6.202000
13.869	6.202000
13.869	6.375000
14.186	6.375000
14.186	5.839000
14.502	5.839000
14.502	5.910000
14.818	5.910000
14.818	6.008000
15.135	6.008000
15.135	7.683000
15.451	7.683000
15.451	7.961000
15.768	7.961000
15.768	7.722000
16.085	7.722000
16.085	6.328000
16.399	6.328000
16.399	6.385000
16.715	6.385000
16.715	6.184000
17.031	6.184000
17.031	6.962000
17.345	6.962000
17.345	6.798000
17.662	6.798000
17.662	6.783000
17.979	6.783000
17.979	5.621000
18.293	5.621000
18.293	5.545000
18.61	5.545000
18.61	5.536000
18.927	5.536000
18.927	6.757000
19.244	6.757000
19.244	6.763000
19.562	6.763000
19.562	6.533000
19.88	6.533000
19.88	5.988000
20.194	5.988000
20.194	6.123000
20.511	6.123000
20.511	6.140000
20.828	6.140000
20.828	5.914000
21.143	5.914000
21.143	5.924000
21.46	5.924000
21.46	5.886000
21.777	5.886000
21.777	5.798000
22.092	5.798000
22.092	6.090000
22.409	6.090000
22.409	5.887000
22.726	5.887000
22.726	5.505000
23.038	5.505000
23.038	5.560000
23.354	5.560000
23.354	5.396000
23.671	5.396000
23.671	6.862000
23.988	6.862000
23.988	6.623000
24.305	6.623000
24.305	6.584000
24.622	6.584000
24.622	6.449000
24.938	6.449000
24.938	6.272000
25.255	6.272000
25.255	6.566000
25.571	6.566000
25.571	5.682000
25.886	5.682000
25.886	6.023000
26.202	6.023000
26.202	5.799000
26.518	5.799000
26.518	7.020000
26.829	7.020000
26.829	6.922000
27.146	6.922000
27.146	6.984000
27.463	6.984000
27.463	6.169000
27.78	6.169000
27.78	6.140000
28.096	6.140000
28.096	5.899000
28.413	5.899000
28.413	5.449000
28.724	5.449000
28.724	5.584000
29.039	5.584000
29.039	5.485000
29.356	5.485000
29.356	6.478000
29.672	6.478000
29.672	6.327000
29.989	6.327000
29.989	6.393000
30.306	6.393000
30.306	6.401000
30.616	6.401000
30.616	6.582000
30.933	6.582000
30.933	6.326000
31.249	6.326000
31.249	6.406000
31.566	6.406000
31.566	6.337000
31.883	6.337000
31.883	6.150000
32.2	6.150000
32.2	7.041000
32.514	7.041000
32.514	7.048000
32.83	7.048000
32.83	7.102000
33.146	7.102000
33.146	5.706000
33.46	5.706000
33.46	6.004000
33.777	6.004000
33.777	5.904000
34.093	5.904000
34.093	5.986000
34.408	5.986000
34.408	6.036000
34.723	6.036000
34.723	6.017000
35.038	6.017000
35.038	6.613000
35.354	6.613000
35.354	6.522000
35.671	6.522000
35.671	6.509000
35.988	6.509000
35.988	5.546000
36.302	5.546000
36.302	5.700000
36.619	5.700000
36.619	5.714000
36.936	5.714000
36.936	5.790000
37.25	5.790000
37.25	6.178000
37.567	6.178000
37.567	6.051000
37.884	6.051000
37.884	6.667000
38.199	6.667000
38.199	6.505000
38.514	6.505000
38.514	6.364000
38.831	6.364000
38.831	5.489000
39.147	5.489000
39.147	5.717000
39.463	5.717000
39.463	5.517000
39.78	5.517000
39.78	5.853000
40.097	5.853000
40.097	5.872000
40.413	5.872000
40.413	5.811000
40.729	5.811000
40.729	6.112000
41.002	6.112000
41.002	6.252000
41.277	6.252000
41.277	5.881000
41.552	5.881000
41.552	5.975000
41.866	5.975000
41.866	6.024000
42.183	6.024000
42.183	5.906000
42.499	5.906000
42.499	5.876000
42.812	5.876000
42.812	6.032000
43.129	6.032000
43.129	5.924000
43.446	5.924000
43.446	6.390000
43.761	6.390000
43.761	6.536000
44.076	6.536000
44.076	6.685000
44.391	6.685000
44.391	5.904000
44.665	5.904000
44.665	5.819000
44.94	5.819000
44.94	5.761000
45.215	5.761000
45.215	5.595000
45.53	5.595000
45.53	5.577000
45.847	5.577000
45.847	5.735000
46.164	5.735000
46.164	7.137000
46.481	7.137000
46.481	7.100000
46.797	7.100000
46.797	7.245000
47.113	7.245000
47.113	9.403000
47.427	9.403000
47.427	9.367000
47.741	9.367000
47.741	9.189000
48.057	9.189000
48.057	7.062000
48.372	7.062000
48.372	7.202000
48.686	7.202000
48.686	7.285000
49.001	7.285000
49.001	5.642000
49.316	5.642000
49.316	5.591000
49.632	5.591000
49.632	5.410000
49.948	5.410000
49.948	6.715000
50.264	6.715000
50.264	6.598000
50.58	6.598000
50.58	6.549000
50.897	6.549000
50.897	5.234000
51.21	5.234000
51.21	5.594000
51.527	5.594000
51.527	5.622000
51.843	5.622000
51.843	6.113000
52.157	6.113000
52.157	6.152000
52.474	6.152000
52.474	6.120000
52.791	6.120000
52.791	5.933000
53.106	5.933000
53.106	5.952000
53.422	5.952000
53.422	6.025000
53.738	6.025000
53.738	5.613000
54.053	5.613000
54.053	5.911000
54.37	5.911000
54.37	5.675000
54.687	5.675000
54.687	6.084000
55.001	6.084000
55.001	6.014000
55.316	6.014000
55.316	6.210000
55.629	6.210000
55.629	6.635000
55.946	6.635000
55.946	6.448000
56.263	6.448000
56.263	6.439000
56.58	6.439000
56.58	5.970000
56.896	5.970000
56.896	5.992000
57.213	5.992000
57.213	6.031000
57.53	6.031000
57.53	6.066000
57.843	6.066000
57.843	6.352000
58.16	6.352000
58.16	6.309000
58.477	6.309000
58.477	5.496000
58.792	5.496000
58.792	5.436000
59.109	5.436000
59.109	5.552000
59.425	5.552000
59.425	5.921000
59.74	5.921000
59.74	5.628000
60.057	5.628000
60.057	5.672000
60.372	5.672000
60.372	6.219000
60.684	6.219000
60.684	5.133000
60.891	5.133000
60.891	6.173000
61.208	6.173000
61.208	5.421000
61.524	5.421000
61.524	5.555000
61.841	5.555000
61.841	5.472000
62.158	5.472000
62.158	6.298000
62.474	6.298000
62.474	6.110000
62.791	6.110000
62.791	6.322000
63.107	6.322000
63.107	7.059000
63.421	7.059000
63.421	7.022000
63.738	7.022000
63.738	6.841000
64.055	6.841000
64.055	5.405000
64.368	5.405000
64.368	5.521000
64.684	5.521000
64.684	5.466000
65.0	5.466000
65.0	6.056000
65.316	6.056000
65.316	5.968000
65.633	5.968000
65.633	5.790000
65.95	5.790000
65.95	6.164000
66.267	6.164000
66.267	6.028000
66.584	6.028000
66.584	6.227000
66.901	6.227000
66.901	5.404000
67.217	5.404000
67.217	5.638000
67.532	5.638000
67.532	5.586000
67.849	5.586000
67.849	5.727000
68.166	5.727000
68.166	5.907000
68.483	5.907000
68.483	5.693000
68.8	5.693000
68.8	5.639000
69.116	5.639000
69.116	5.658000
69.432	5.658000
69.432	5.713000
69.747	5.713000
69.747	5.735000
70.063	5.735000
70.063	5.824000
70.38	5.824000
70.38	5.749000
70.698	5.749000
70.698	5.807000
71.013	5.807000
71.013	5.683000
71.33	5.683000
71.33	5.679000
71.647	5.679000
71.647	5.279000
71.963	5.279000
71.963	5.336000
72.276	5.336000
72.276	5.406000
72.592	5.406000
72.592	6.036000
72.907	6.036000
72.907	5.837000
73.223	5.837000
73.223	5.934000
73.539	5.934000
73.539	6.486000
73.853	6.486000
73.853	6.406000
74.17	6.406000
74.17	6.437000
74.487	6.437000
74.487	5.714000
74.8	5.714000
74.8	5.871000
75.117	5.871000
75.117	5.551000
75.434	5.551000
75.434	5.749000
75.752	5.749000
75.752	5.849000
76.07	5.849000
76.07	5.769000
76.388	5.769000
76.388	6.823000
76.705	6.823000
76.705	6.741000
77.022	6.741000
77.022	6.545000
77.339	6.545000
77.339	6.876000
77.654	6.876000
77.654	6.959000
77.969	6.959000
77.969	6.960000
78.285	6.960000
78.285	6.669000
78.602	6.669000
78.602	6.747000
78.918	6.747000
78.918	6.766000
79.233	6.766000
79.233	5.659000
79.55	5.659000
79.55	5.742000
79.866	5.742000
79.866	5.977000
80.181	5.977000
80.181	5.463000
80.492	5.463000
80.492	5.666000
80.808	5.666000
80.808	5.545000
81.125	5.545000
81.125	5.650000
81.442	5.650000
81.442	5.684000
81.757	5.684000
81.757	5.807000
82.071	5.807000
82.071	6.095000
82.387	6.095000
82.387	6.071000
82.701	6.071000
82.701	5.843000
83.017	5.843000
83.017	5.660000
83.332	5.660000
83.332	5.652000
83.648	5.652000
83.648	5.685000
83.964	5.685000
83.964	5.117000
84.277	5.117000
84.277	5.320000
84.593	5.320000
84.593	5.289000
84.908	5.289000
84.908	6.863000
85.222	6.863000
85.222	6.787000
85.538	6.787000
85.538	6.701000
85.854	6.701000
85.854	6.313000
86.169	6.313000
86.169	6.330000
86.485	6.330000
86.485	6.157000
86.801	6.157000
86.801	5.978000
87.117	5.978000
87.117	5.853000
87.434	5.853000
87.434	6.024000
87.751	6.024000
87.751	6.027000
88.067	6.027000
88.067	6.080000
88.378	6.080000
88.378	5.993000
88.695	5.993000
88.695	5.909000
89.006	5.909000
89.006	5.761000
89.323	5.761000
89.323	5.969000
89.64	5.969000
89.64	8.195000
89.95	8.195000
89.95	8.190000
90.266	8.190000
90.266	8.157000
90.583	8.157000
90.583	6.070000
90.9	6.070000
90.9	6.054000
91.216	6.054000
91.216	6.144000
91.532	6.144000
91.532	6.238000
91.846	6.238000
91.846	6.038000
92.162	6.038000
92.162	6.004000
92.478	6.004000
92.478	7.222000
92.793	7.222000
92.793	6.870000
93.11	6.870000
93.11	7.156000
93.426	7.156000
93.426	6.028000
93.741	6.028000
93.741	6.384000
94.058	6.384000
94.058	6.136000
94.375	6.136000
94.375	6.006000
94.69	6.006000
94.69	6.060000
95.006	6.060000
95.006	6.228000
95.322	6.228000
95.322	6.249000
95.638	6.249000
95.638	6.220000
95.955	6.220000
95.955	6.216000
96.269	6.216000
96.269	6.207000
96.585	6.207000
96.585	6.303000
96.902	6.303000
96.902	6.219000
97.217	6.219000
97.217	6.457000
97.531	6.457000
97.531	6.287000
97.847	6.287000
97.847	6.576000
98.163	6.576000
98.163	5.628000
98.479	5.628000
98.479	5.440000
98.796	5.440000
98.796	5.335000
99.112	5.335000
99.112	6.455000
99.426	6.455000
99.426	6.298000
99.742	6.298000
99.742	6.436000
100.059	6.436000
100.059	6.231000
100.374	6.231000
100.374	5.955000
100.691	5.955000
100.691	5.959000
101.008	5.959000
101.008	5.556000
101.325	5.556000
101.325	5.657000
101.642	5.657000
101.642	5.595000
101.959	5.595000
101.959	5.575000
102.269	5.575000
102.269	5.667000
102.582	5.667000
102.582	5.613000
102.894	5.613000
102.894	5.689000
103.207	5.689000
103.207	5.428000
103.523	5.428000
103.523	5.559000
103.838	5.559000
103.838	5.434000
104.152	5.434000
104.152	5.613000
104.467	5.613000
104.467	5.472000
104.783	5.472000
104.783	6.374000
105.1	6.374000
105.1	6.277000
105.416	6.277000
105.416	6.427000
105.734	6.427000
105.734	6.052000
106.05	6.052000
106.05	6.070000
106.367	6.070000
106.367	6.128000
106.683	6.128000
106.683	6.376000
107.0	6.376000
107.0	6.365000
107.317	6.365000
107.317	6.380000
107.634	6.380000
107.634	8.165000
107.948	8.165000
107.948	8.296000
108.263	8.296000
108.263	8.156000
108.575	8.156000
108.575	6.859000
108.891	6.859000
108.891	6.646000
109.206	6.646000
109.206	6.728000
109.521	6.728000
109.521	6.146000
109.836	6.146000
109.836	6.209000
110.151	6.209000
110.151	5.997000
110.464	5.997000
110.464	5.374000
110.779	5.374000
110.779	5.614000
111.096	5.614000
111.096	5.444000
111.413	5.444000
111.413	5.808000
111.729	5.808000
111.729	5.824000
112.045	5.824000
112.045	5.811000
112.362	5.811000
112.362	5.960000
112.676	5.960000
112.676	6.280000
112.991	6.280000
112.991	5.958000
113.306	5.958000
113.306	6.303000
113.621	6.303000
113.621	6.573000
113.938	6.573000
113.938	6.271000
114.252	6.271000
114.252	6.316000
114.566	6.316000
114.566	6.267000
114.881	6.267000
114.881	6.288000
115.195	6.288000
115.195	5.951000
115.509	5.951000
115.509	5.525000
115.826	5.525000
115.826	5.786000
116.142	5.786000
116.142	5.552000
116.456	5.552000
116.456	5.470000
116.772	5.470000
116.772	5.719000
117.088	5.719000
117.088	6.772000
117.405	6.772000
117.405	6.883000
117.722	6.883000
117.722	6.823000
118.038	6.823000
118.038	6.035000
118.355	6.035000
118.355	6.084000
118.67	6.084000
118.67	6.013000
118.985	6.013000
118.985	5.685000
119.296	5.685000
119.296	5.894000
119.611	5.894000
119.611	5.851000
119.926	5.851000
119.926	6.439000
120.241	6.439000
120.241	6.175000
120.558	6.175000
120.558	6.412000
120.874	6.412000
120.874	5.975000
121.191	5.975000
121.191	6.105000
121.507	6.105000
121.507	5.907000
121.824	5.907000
121.824	6.947000
122.14	6.947000
122.14	6.964000
122.457	6.964000
122.457	7.008000
122.774	7.008000
122.774	6.434000
123.089	6.434000
123.089	6.079000
123.406	6.079000
123.406	6.299000
123.723	6.299000
123.723	6.240000
124.036	6.240000
124.036	6.371000
124.354	6.371000
124.354	6.432000
124.669	6.432000
124.669	5.621000
124.982	5.621000
124.982	5.364000
125.299	5.364000
125.299	5.755000
125.614	5.755000
125.614	7.115000
125.93	7.115000
125.93	6.803000
126.247	6.803000
126.247	6.909000
126.564	6.909000
126.564	5.639000
126.881	5.639000
126.881	5.590000
127.198	5.590000
127.198	5.574000
127.515	5.574000
127.515	5.531000
127.827	5.531000
127.827	5.770000
128.143	5.770000
128.143	5.641000
128.459	5.641000
128.459	5.889000
128.771	5.889000
128.771	5.968000
129.088	5.968000
129.088	5.849000
129.403	5.849000
129.403	5.998000
129.718	5.998000
129.718	5.904000
130.034	5.904000
130.034	6.086000
130.35	6.086000
130.35	5.308000
130.667	5.308000
130.667	5.363000
130.983	5.363000
130.983	5.399000
131.299	5.399000
131.299	6.452000
131.615	6.452000
131.615	6.376000
131.932	6.376000
131.932	6.372000
132.249	6.372000
132.249	5.153000
132.564	5.153000
132.564	5.418000
132.879	5.418000
132.879	5.214000
133.194	5.214000
133.194	6.136000
133.51	6.136000
133.51	5.951000
133.826	5.951000
133.826	6.042000
134.142	6.042000
134.142	6.213000
134.457	6.213000
134.457	5.974000
134.774	5.974000
134.774	6.151000
135.089	6.151000
135.089	5.869000
135.404	5.869000
135.404	5.896000
135.721	5.896000
135.721	5.971000
136.037	5.971000
136.037	6.208000
136.353	6.208000
136.353	6.305000
136.669	6.305000
136.669	6.275000
136.985	6.275000
136.985	6.977000
137.3	6.977000
137.3	7.046000
137.617	7.046000
137.617	6.965000
137.934	6.965000
137.934	6.275000
138.25	6.275000
138.25	6.160000
138.567	6.160000
138.567	6.500000
138.884	6.500000
138.884	6.152000
139.199	6.152000
139.199	6.035000
139.516	6.035000
139.516	6.210000
139.832	6.210000
139.832	6.474000
140.145	6.474000
140.145	6.306000
140.462	6.306000
140.462	6.194000
140.777	6.194000
140.777	6.494000
141.092	6.494000
141.092	6.136000
141.409	6.136000
141.409	6.212000
141.726	6.212000
141.726	5.366000
142.041	5.366000
142.041	5.484000
142.358	5.484000
142.358	5.259000
142.674	5.259000
142.674	6.273000
142.947	6.273000
142.947	6.125000
143.221	6.125000
143.221	6.298000
143.496	6.298000
143.496	6.142000
143.809	6.142000
143.809	5.934000
144.126	5.934000
144.126	5.904000
144.443	5.904000
144.443	5.950000
144.759	5.950000
144.759	6.040000
145.076	6.040000
145.076	6.087000
145.393	6.087000
145.393	6.177000
145.709	6.177000
145.709	5.930000
146.026	5.930000
146.026	6.123000
146.342	6.123000
146.342	6.366000
146.656	6.366000
146.656	6.258000
146.973	6.258000
146.973	6.290000
147.29	6.290000
147.29	6.144000
147.604	6.144000
147.604	6.190000
147.921	6.190000
147.921	6.091000
148.238	6.091000
148.238	4.879000
148.536	4.879000
148.536	4.992000
148.834	4.992000
148.834	4.907000
149.133	4.907000
149.133	5.843000
149.448	5.843000
149.448	5.620000
149.765	5.620000
149.765	5.758000
150.082	5.758000
150.082	5.940000
150.398	5.940000
150.398	5.882000
150.715	5.882000
150.715	5.883000
151.032	5.883000
151.032	6.928000
151.313	6.928000
151.313	6.955000
151.596	6.955000
151.596	6.960000
151.879	6.960000
151.879	7.696000
152.146	7.696000
152.146	6.179000
152.459	6.179000
152.459	6.053000
152.776	6.053000
152.776	5.978000
153.093	5.978000
153.093	6.879000
153.409	6.879000
153.409	6.669000
153.726	6.669000
153.726	6.927000
154.043	6.927000
154.043	6.958000
154.316	6.958000
154.316	6.768000
154.592	6.768000
154.592	6.777000
154.868	6.777000
154.868	5.303000
155.184	5.303000
155.184	5.335000
155.498	5.335000
155.498	5.145000
155.814	5.145000
155.814	6.451000
156.129	6.451000
156.129	6.330000
156.446	6.330000
156.446	6.102000
156.763	6.102000
156.763	5.921000
157.078	5.921000
157.078	5.954000
157.394	5.954000
157.394	5.881000
157.711	5.881000
157.711	5.989000
158.025	5.989000
158.025	6.162000
158.34	6.162000
158.34	5.877000
158.657	5.877000
158.657	5.616000
158.97	5.616000
158.97	5.467000
159.284	5.467000
159.284	5.580000
159.601	5.580000
159.601	5.613000
159.918	5.613000
159.918	5.788000
160.234	5.788000
160.234	5.435000
160.551	5.435000
160.551	6.175000
160.867	6.175000
160.867	6.127000
161.182	6.127000
161.182	5.948000
161.499	5.948000
161.499	6.225000
161.815	6.225000
161.815	6.339000
162.131	6.339000
162.131	6.086000
162.448	6.086000
162.448	6.156000
162.763	6.156000
162.763	6.248000
163.079	6.248000
163.079	6.069000
163.396	6.069000
163.396	5.778000
163.712	5.778000
163.712	5.656000
164.028	5.656000
164.028	5.854000
164.344	5.854000
164.344	6.127000
164.661	6.127000
164.661	6.304000
164.977	6.304000
164.977	5.956000
165.294	5.956000
165.294	6.194000
165.611	6.194000
165.611	6.397000
165.928	6.397000
165.928	6.480000
166.245	6.480000
166.245	5.607000
166.54	5.607000
166.54	5.401000
166.833	5.401000
166.833	5.609000
167.128	5.609000
167.128	6.153000
167.444	6.153000
167.444	6.147000
167.76	6.147000
167.76	5.932000
168.077	5.932000
168.077	5.930000
168.388	5.930000
168.388	6.202000
168.703	6.202000
168.703	5.987000
169.02	5.987000
169.02	6.864000
169.336	6.864000
169.336	6.877000
169.65	6.877000
169.65	6.463000
169.967	6.463000
169.967	5.900000
170.281	5.900000
170.281	5.986000
170.595	5.986000
170.595	5.804000
170.912	5.804000
170.912	6.164000
171.227	6.164000
171.227	6.061000
171.543	6.061000
171.543	5.856000
171.86	5.856000
171.86	5.722000
172.173	5.722000
172.173	5.858000
172.489	5.858000
172.489	5.569000
172.806	5.569000
172.806	5.270000
173.123	5.270000
173.123	5.204000
173.437	5.204000
173.437	5.442000
173.753	5.442000
173.753	5.466000
174.069	5.466000
174.069	5.674000
174.386	5.674000
174.386	5.375000
174.703	5.375000
174.703	6.271000
175.018	6.271000
175.018	6.227000
175.335	6.227000
175.335	6.134000
175.652	6.134000
175.652	5.792000
175.969	5.792000
175.969	5.831000
176.283	5.831000
176.283	5.926000
176.6	5.926000
176.6	6.200000
176.916	6.200000
176.916	6.221000
177.232	6.221000
177.232	5.910000
177.549	5.910000
177.549	6.609000
177.866	6.609000
177.866	6.782000
178.179	6.782000
178.179	6.418000
178.497	6.418000
178.497	6.018000
178.814	6.018000
178.814	6.153000
179.129	6.153000
179.129	5.886000
179.446	5.886000
179.446	8.257000
179.759	8.257000
179.759	8.341000
180.074	8.341000
180.074	8.024000
180.39	8.024000
180.39	6.171000
180.706	6.171000
180.706	6.119000
181.021	6.119000
181.021	6.138000
181.338	6.138000
181.338	6.555000
181.653	6.555000
181.653	6.783000
181.968	6.783000
181.968	6.473000
182.285	6.473000
182.285	6.678000
182.598	6.678000
182.598	6.657000
182.913	6.657000
182.913	6.479000
183.23	6.479000
183.23	5.775000
183.547	5.775000
183.547	5.874000
183.864	5.874000
183.864	5.766000
184.181	5.766000
184.181	6.312000
184.495	6.312000
184.495	6.199000
184.811	6.199000
184.811	6.101000
185.127	6.101000
185.127	5.708000
185.442	5.708000
185.442	5.593000
185.759	5.593000
185.759	5.498000
186.076	5.498000
186.076	5.642000
186.389	5.642000
186.389	5.502000
186.706	5.502000
186.706	5.524000
187.023	5.524000
187.023	7.490000
187.337	7.490000
187.337	7.395000
187.653	7.395000
187.653	7.381000
187.97	7.381000
187.97	7.705000
188.283	7.705000
188.283	7.699000
188.599	7.699000
188.599	7.632000
188.916	7.632000
188.916	7.110000
189.233	7.110000
189.233	6.756000
189.55	6.756000
189.55	6.752000
189.867	6.752000
189.867	5.730000
190.182	5.730000
190.182	5.678000
190.499	5.678000
190.499	5.668000
190.816	5.668000
190.816	5.595000
191.131	5.595000
191.131	5.770000
191.448	5.770000
191.448	5.821000
191.764	5.821000
191.764	6.933000
192.08	6.933000
192.08	6.726000
192.397	6.726000
192.397	6.782000
192.714	6.782000
192.714	6.932000
193.028	6.932000
193.028	7.087000
193.344	7.087000
193.344	7.024000
193.66	7.024000
193.66	6.038000
193.977	6.038000
193.977	6.011000
194.295	6.011000
194.295	6.008000
194.613	6.008000
194.613	6.725000
194.929	6.725000
194.929	6.411000
195.246	6.411000
195.246	6.450000
195.563	6.450000
195.563	7.538000
195.877	7.538000
195.877	7.534000
196.193	7.534000
196.193	7.482000
196.509	7.482000
196.509	6.069000
196.824	6.069000
196.824	6.051000
197.141	6.051000
197.141	5.970000
197.457	5.970000
197.457	8.253000
197.771	8.253000
197.771	8.023000
198.088	8.023000
198.088	7.942000
198.405	7.942000
198.405	6.363000
198.721	6.363000
198.721	6.238000
199.038	6.238000
199.038	6.028000
199.355	6.028000
199.355	6.036000
199.67	6.036000
199.67	5.756000
199.987	5.756000
199.987	5.773000
200.304	5.773000
200.304	6.027000
200.617	6.027000
200.617	6.029000
200.934	6.029000
200.934	6.030000
201.251	6.030000
201.251	6.160000
201.568	6.160000
201.568	6.388000
201.885	6.388000
201.885	6.294000
202.2	6.294000
202.2	6.634000
202.514	6.634000
202.514	6.278000
202.831	6.278000
202.831	6.216000
203.148	6.216000
203.148	6.648000
203.497	6.648000
203.497	6.457000
203.844	6.457000
203.844	6.504000
204.194	6.504000
204.194	8.675000
204.45	8.675000
204.45	8.300000
204.708	8.300000
204.708	6.840000
205.024	6.840000
205.024	6.608000
205.342	6.608000
205.342	6.705000
205.66	6.705000
205.66	5.577000
205.973	5.577000
205.973	5.726000
206.288	5.726000
206.288	5.504000
206.604	5.504000
206.604	7.012000
206.92	7.012000
206.92	7.037000
207.237	7.037000
207.237	6.983000
207.554	6.983000
207.554	7.444000
207.869	7.444000
207.869	7.424000
208.182	7.424000
208.182	7.524000
208.498	7.524000
208.498	5.435000
208.815	5.435000
208.815	5.595000
209.131	5.595000
209.131	5.620000
209.448	5.620000
209.448	6.536000
209.762	6.536000
209.762	6.493000
210.079	6.493000
210.079	6.523000
210.396	6.523000
210.396	6.043000
210.713	6.043000
210.713	5.982000
211.03	5.982000
211.03	6.095000
211.348	6.095000
211.348	6.225000
211.661	6.225000
211.661	6.283000
211.979	6.283000
211.979	6.217000
212.297	6.217000
212.297	7.038000
212.612	7.038000
212.612	6.704000
212.929	6.704000
212.929	6.739000
213.246	6.739000
213.246	5.826000
213.562	5.826000
213.562	5.949000
213.879	5.949000
213.879	5.535000
214.196	5.535000
214.196	6.241000
214.513	6.241000
214.513	6.389000
214.83	6.389000
214.83	6.219000
215.147	6.219000
215.147	6.025000
215.461	6.025000
215.461	6.060000
215.778	6.060000
215.778	5.812000
216.095	5.812000
216.095	6.362000
216.41	6.362000
216.41	6.435000
216.725	6.435000
216.725	6.370000
217.042	6.370000
217.042	6.172000
217.358	6.172000
217.358	6.297000
217.673	6.297000
217.673	6.021000
217.99	6.021000
217.99	5.752000
218.304	5.752000
218.304	5.868000
218.618	5.868000
218.618	5.611000
218.935	5.611000
218.935	6.320000
219.25	6.320000
219.25	6.334000
219.567	6.334000
219.567	6.221000
219.884	6.221000
219.884	8.596000
220.199	8.596000
220.199	8.663000
220.515	8.663000
220.515	8.519000
220.832	8.519000
220.832	5.794000
221.145	5.794000
221.145	5.900000
221.461	5.900000
221.461	5.729000
221.778	5.729000
221.778	6.750000
222.091	6.750000
222.091	6.788000
222.405	6.788000
222.405	6.841000
222.722	6.841000
222.722	8.250000
223.035	8.250000
223.035	8.240000
223.347	8.240000
223.347	8.110000
223.663	8.110000
223.663	6.186000
223.976	6.186000
223.976	6.332000
224.291	6.332000
224.291	6.164000
224.608	6.164000
224.608	5.649000
224.957	5.649000
224.957	5.618000
225.308	5.618000
225.308	5.699000
225.66	5.699000
225.66	6.049000
225.975	6.049000
225.975	5.784000
226.291	5.784000
226.291	5.929000
226.607	5.929000
226.607	5.717000
226.923	5.717000
226.923	5.636000
227.237	5.636000
227.237	5.802000
227.553	5.802000
227.553	5.788000
227.867	5.788000
227.867	5.855000
228.181	5.855000
228.181	5.787000
228.495	5.787000
228.495	6.457000
228.81	6.457000
228.81	6.544000
229.123	6.544000
229.123	6.605000
229.439	6.605000
229.439	5.728000
229.754	5.728000
229.754	5.758000
230.069	5.758000
230.069	6.029000
230.386	6.029000
230.386	6.344000
230.703	6.344000
230.703	6.585000
231.02	6.585000
231.02	6.451000
231.337	6.451000
231.337	6.891000
231.655	6.891000
231.655	6.715000
231.971	6.715000
231.971	6.615000
232.289	6.615000
232.289	6.494000
232.606	6.494000
232.606	6.692000
232.923	6.692000
232.923	6.576000
233.24	6.576000
233.24	6.955000
233.555	6.955000
233.555	6.883000
233.871	6.883000
233.871	6.906000
234.188	6.906000
234.188	6.152000
234.504	6.152000
234.504	6.197000
234.821	6.197000
234.821	6.013000
235.138	6.013000
235.138	5.867000
235.454	5.867000
235.454	5.792000
235.767	5.792000
235.767	6.011000
236.083	6.011000
236.083	6.260000
236.4	6.260000
236.4	6.403000
236.717	6.403000
236.717	6.161000
237.032	6.161000
237.032	6.592000
237.346	6.592000
237.346	6.640000
237.658	6.640000
237.658	6.549000
237.974	6.549000
237.974	8.787000
238.288	8.787000
238.288	8.800000
238.605	8.800000
238.605	8.927000
238.922	8.927000
238.922	6.628000
239.234	6.628000
239.234	6.638000
239.549	6.638000
239.549	6.520000
239.863	6.520000
239.863	6.551000
240.178	6.551000
240.178	6.304000
240.496	6.304000
240.496	6.549000
240.814	6.549000
240.814	5.299000
241.13	5.299000
241.13	5.514000
241.447	5.514000
241.447	5.221000
241.762	5.221000
241.762	5.968000
242.078	5.968000
242.078	6.080000
242.395	6.080000
242.395	6.078000
242.712	6.078000
242.712	6.342000
243.027	6.342000
243.027	6.014000
243.343	6.014000
243.343	6.190000
243.658	6.190000
243.658	6.150000
243.933	6.150000
243.933	6.014000
244.209	6.014000
244.209	5.980000
244.484	5.980000
244.484	5.103000
244.8	5.103000
244.8	5.280000
245.117	5.280000
245.117	5.260000
245.433	5.260000
245.433	6.139000
245.747	6.139000
245.747	6.111000
246.064	6.111000
246.064	6.200000
246.38	6.200000
246.38	5.466000
246.695	5.466000
246.695	5.630000
247.012	5.630000
247.012	5.413000
247.327	5.413000
247.327	6.033000
247.643	6.033000
247.643	6.163000
247.96	6.163000
247.96	6.160000
248.274	6.160000
248.274	5.761000
248.548	5.761000
248.548	5.946000
248.824	5.946000
248.824	5.857000
249.099	5.857000
249.099	5.545000
249.415	5.545000
249.415	5.811000
249.731	5.811000
249.731	5.528000
250.047	5.528000
250.047	5.831000
250.323	5.831000
250.323	5.964000
250.599	5.964000
250.599	5.919000
250.875	5.919000
250.875	6.263000
251.186	6.263000
251.186	6.044000
251.503	6.044000
251.503	6.230000
251.819	6.230000
251.819	6.066000
252.134	6.066000
252.134	6.238000
252.449	6.238000
252.449	6.089000
252.766	6.089000
252.766	6.416000
253.082	6.416000
253.082	6.206000
253.394	6.206000
253.394	6.378000
253.71	6.378000
253.71	6.527000
254.025	6.527000
254.025	6.605000
254.342	6.605000
254.342	6.501000
254.659	6.501000
254.659	6.191000
254.971	6.191000
254.971	6.349000
255.287	6.349000
255.287	6.383000
255.604	6.383000
255.604	4.941000
255.92	4.941000
255.92	4.989000
256.236	4.989000
256.236	4.871000
256.553	4.871000
256.553	5.934000
256.869	5.934000
256.869	5.871000
257.186	5.871000
257.186	5.745000
257.504	5.745000
257.504	6.220000
257.821	6.220000
257.821	6.197000
258.138	6.197000
258.138	6.371000
258.455	6.371000
258.455	6.239000
258.772	6.239000
258.772	6.119000
259.09	6.119000
259.09	6.110000
259.408	6.110000
259.408	5.789000
259.723	5.789000
259.723	5.660000
260.04	5.660000
260.04	5.583000
260.357	5.583000
260.357	6.238000
260.673	6.238000
260.673	6.263000
260.99	6.263000
260.99	6.136000
261.307	6.136000
261.307	5.350000
261.621	5.350000
261.621	5.755000
261.938	5.755000
261.938	5.580000
262.254	5.580000
262.254	6.012000
262.567	6.012000
262.567	6.026000
262.884	6.026000
262.884	5.781000
263.201	5.781000
263.201	5.863000
263.512	5.863000
263.512	6.161000
263.825	6.161000
263.825	5.726000
264.141	5.726000
264.141	6.116000
264.455	6.116000
264.455	6.095000
264.772	6.095000
264.772	6.246000
265.086	6.246000
265.086	6.563000
265.401	6.563000
265.401	6.525000
265.717	6.525000
265.717	6.422000
266.034	6.422000
266.034	5.848000
266.351	5.848000
266.351	5.971000
266.667	5.971000
266.667	5.901000
266.982	5.901000
266.982	6.469000
267.297	6.469000
267.297	6.284000
267.613	6.284000
267.613	6.440000
267.93	6.440000
267.93	6.843000
268.242	6.843000
268.242	6.642000
268.559	6.642000
268.559	6.673000
268.876	6.673000
268.876	6.146000
269.192	6.146000
269.192	6.016000
269.509	6.016000
269.509	5.871000
269.826	5.871000
269.826	5.841000
270.129	5.841000
270.129	5.938000
270.434	5.938000
270.434	5.701000
270.737	5.701000
270.737	6.175000
271.051	6.175000
271.051	6.081000
271.367	6.081000
271.367	6.352000
271.683	6.352000
271.683	5.646000
272.001	5.646000
272.001	5.634000
272.319	5.634000
272.319	5.696000
272.636	5.696000
272.636	5.539000
272.952	5.539000
272.952	5.590000
273.268	5.590000
273.268	5.653000
273.582	5.653000
273.582	5.923000
273.896	5.923000
273.896	5.788000
274.212	5.788000
274.212	5.923000
274.528	5.923000
274.528	5.815000
274.844	5.815000
274.844	5.899000
275.16	5.899000
275.16	5.861000
275.476	5.861000
275.476	5.786000
275.791	5.786000
275.791	6.065000
276.106	6.065000
276.106	5.868000
276.42	5.868000
276.42	5.954000
276.736	5.954000
276.736	5.896000
277.053	5.896000
277.053	6.003000
277.369	6.003000
277.369	5.701000
277.684	5.701000
277.684	5.807000
277.999	5.807000
277.999	5.630000
278.312	5.630000
278.312	5.997000
278.627	5.997000
278.627	6.026000
278.942	6.026000
278.942	6.020000
279.258	6.020000
279.258	6.139000
279.575	6.139000
279.575	6.342000
279.892	6.342000
279.892	6.238000
280.209	6.238000
280.209	6.081000
280.525	6.081000
280.525	6.352000
280.842	6.352000
280.842	6.270000
281.159	6.270000
281.159	6.857000
281.475	6.857000
281.475	6.610000
281.792	6.610000
281.792	6.677000
282.108	6.677000
282.108	6.030000
282.424	6.030000
282.424	5.949000
282.741	5.949000
282.741	6.059000
283.058	6.059000
283.058	5.734000
283.373	5.734000
283.373	5.800000
283.69	5.800000
283.69	5.879000
284.006	5.879000
284.006	8.763000
284.292	8.763000
284.292	6.225000
284.609	6.225000
284.609	6.506000
284.925	6.506000
284.925	6.557000
285.241	6.557000
285.241	5.611000
285.557	5.611000
285.557	5.650000
285.874	5.650000
285.874	5.664000
286.19	5.664000
286.19	6.349000
286.506	6.349000
286.506	6.048000
286.822	6.048000
286.822	6.227000
287.139	6.227000
287.139	5.478000
287.456	5.478000
287.456	5.598000
287.772	5.598000
287.772	5.588000
288.087	5.588000
288.087	5.123000
288.398	5.123000
288.398	5.309000
288.713	5.309000
288.713	5.265000
289.026	5.265000
289.026	5.665000
289.342	5.665000
289.342	5.270000
289.659	5.270000
289.659	5.519000
289.975	5.519000
289.975	5.550000
290.29	5.550000
290.29	5.621000
290.607	5.621000
290.607	5.561000
290.92	5.561000
290.92	5.559000
291.235	5.559000
291.235	5.867000
291.552	5.867000
291.552	5.710000
291.868	5.710000
291.868	6.544000
292.181	6.544000
292.181	6.398000
292.499	6.398000
292.499	6.528000
292.816	6.528000
292.816	6.086000
293.132	6.086000
293.132	6.010000
293.448	6.010000
293.448	6.219000
293.764	6.219000
293.764	5.477000
294.08	5.477000
294.08	5.532000
294.397	5.532000
294.397	5.569000
294.713	5.569000
294.713	6.680000
295.029	6.680000
295.029	6.632000
295.346	6.632000
295.346	6.792000
295.662	6.792000
295.662	5.423000
295.979	5.423000
295.979	5.388000
296.295	5.388000
296.295	5.373000
296.609	5.373000
296.609	5.496000
296.923	5.496000
296.923	5.318000
297.239	5.318000
297.239	5.554000
297.552	5.554000
297.552	6.155000
297.867	6.155000
297.867	6.261000
298.184	6.261000
298.184	6.089000
298.5	6.089000
298.5	6.255000
298.816	6.255000
298.816	6.039000
299.131	6.039000
299.131	6.110000
299.446	6.110000
299.446	5.211000
299.761	5.211000
299.761	5.359000
300.077	5.359000
300.077	5.304000
300.393	5.304000
300.393	6.665000
300.707	6.665000
300.707	6.075000
301.024	6.075000
301.024	6.397000
301.339	6.397000
301.339	5.714000
301.654	5.714000
301.654	5.748000
301.971	5.748000
301.971	5.751000
302.285	5.751000
302.285	7.556000
302.601	7.556000
302.601	7.439000
302.918	7.439000
302.918	7.534000
303.234	7.534000
303.234	6.542000
303.549	6.542000
303.549	6.377000
303.866	6.377000
303.866	6.353000
304.181	6.353000
304.181	6.313000
304.496	6.313000
304.496	5.889000
304.813	5.889000
304.813	5.966000
305.129	5.966000
305.129	5.884000
305.444	5.884000
305.444	5.998000
305.761	5.998000
305.761	6.039000
306.077	6.039000
306.077	6.164000
306.39	6.164000
306.39	5.861000
306.707	5.861000
306.707	5.884000
307.023	5.884000
307.023	5.729000
307.339	5.729000
307.339	5.316000
307.656	5.316000
307.656	5.587000
307.971	5.587000
307.971	6.356000
308.285	6.356000
308.285	6.445000
308.601	6.445000
308.601	6.242000
308.916	6.242000
308.916	6.577000
309.232	6.577000
309.232	6.330000
309.549	6.330000
309.549	6.574000
309.864	6.574000
309.864	7.827000
310.179	7.827000
310.179	7.623000
310.496	7.623000
310.496	8.008000
310.812	8.008000
310.812	6.324000
311.083	6.324000
311.083	5.682000
311.399	5.682000
311.399	5.720000
311.716	5.720000
311.716	5.793000
312.033	5.793000
312.033	6.880000
312.351	6.880000
312.351	6.662000
312.669	6.662000
312.669	6.752000
312.987	6.752000
312.987	6.374000
313.303	6.374000
313.303	6.524000
313.621	6.524000
313.621	6.563000
313.939	6.563000
313.939	5.412000
314.255	5.412000
314.255	5.482000
314.572	5.482000
314.572	5.561000
314.888	5.561000
314.888	6.855000
315.236	6.855000
315.236	6.791000
315.587	6.791000
315.587	6.838000
315.938	6.838000
315.938	7.222000
316.254	7.222000
316.254	6.945000
316.571	6.945000
316.571	6.957000
316.888	6.957000
316.888	5.208000
317.203	5.208000
317.203	5.535000
317.52	5.535000
317.52	5.498000
317.837	5.498000
317.837	5.987000
318.152	5.987000
318.152	6.072000
318.469	6.072000
318.469	6.216000
318.786	6.216000
318.786	6.770000
319.098	6.770000
319.098	6.547000
319.415	6.547000
319.415	6.627000
319.732	6.627000
319.732	5.488000
320.047	5.488000
320.047	5.333000
320.364	5.333000
320.364	5.409000
320.681	5.409000
320.681	6.634000
320.995	6.634000
320.995	6.362000
321.312	6.362000
321.312	6.373000
321.629	6.373000
321.629	6.171000
321.944	6.171000
321.944	5.805000
322.262	5.805000
322.262	5.812000
322.577	5.812000
322.577	6.029000
322.892	6.029000
322.892	5.998000
323.209	5.998000
323.209	5.780000
323.524	5.780000
323.524	8.383000
323.839	8.383000
323.839	8.257000
324.157	8.257000
324.157	8.248000
324.474	8.248000
324.474	5.724000
324.789	5.724000
324.789	5.667000
325.105	5.667000
325.105	5.848000
325.421	5.848000
325.421	6.791000
325.737	6.791000
325.737	6.520000
326.054	6.520000
326.054	6.870000
326.371	6.870000
326.371	5.918000
326.687	5.918000
326.687	5.805000
327.004	5.805000
327.004	5.992000
327.32	5.992000
327.32	7.929000
327.635	7.929000
327.635	7.798000
327.952	7.798000
327.952	7.732000
328.269	7.732000
328.269	7.693000
328.583	7.693000
328.583	7.576000
328.899	7.576000
328.899	7.659000
329.215	7.659000
329.215	7.457000
329.492	7.457000
329.492	7.478000
329.772	7.478000
329.772	5.395000
330.086	5.395000
330.086	5.553000
330.402	5.553000
330.402	5.465000
330.718	5.465000
330.718	6.447000
331.032	6.447000
331.032	6.364000
331.349	6.364000
331.349	6.306000
331.666	6.306000
331.666	9.550000
331.975	9.550000
331.975	9.594000
332.288	9.594000
332.288	9.529000
332.599	9.529000
332.599	7.430000
332.914	7.430000
332.914	7.259000
333.229	7.259000
333.229	7.473000
333.545	7.473000
333.545	6.603000
333.86	6.603000
333.86	6.798000
334.176	6.798000
334.176	6.635000
334.493	6.635000
334.493	6.331000
334.806	6.331000
334.806	5.967000
335.123	5.967000
335.123	6.041000
335.44	6.041000
335.44	5.803000
335.755	5.803000
335.755	5.837000
336.068	5.837000
336.068	5.747000
336.385	5.747000
336.385	6.266000
336.696	6.266000
336.696	6.202000
337.011	6.202000
337.011	6.044000
337.328	6.044000
337.328	6.380000
337.642	6.380000
337.642	6.334000
337.959	6.334000
337.959	6.306000
338.276	6.306000
338.276	7.122000
338.586	7.122000
338.586	7.015000
338.899	7.015000
338.899	7.637000
339.215	7.637000
339.215	5.851000
339.532	5.851000
339.532	5.839000
339.848	5.839000
339.848	5.769000
340.165	5.769000
340.165	5.757000
340.479	5.757000
340.479	5.764000
340.792	5.764000
340.792	5.612000
341.109	5.612000
341.109	6.296000
341.425	6.296000
341.425	6.064000
341.74	6.064000
341.74	6.249000
342.057	6.249000
342.057	6.199000
342.373	6.199000
342.373	6.270000
342.689	6.270000
342.689	6.172000
343.005	6.172000
343.005	6.308000
343.319	6.308000
343.319	6.230000
343.634	6.230000
343.634	6.112000
343.951	6.112000
343.951	6.272000
344.267	6.272000
344.267	6.566000
344.583	6.566000
344.583	6.043000
344.9	6.043000
344.9	7.029000
345.212	7.029000
345.212	7.062000
345.525	7.062000
345.525	7.243000
345.84	7.243000
345.84	6.747000
346.153	6.747000
346.153	6.755000
346.468	6.755000
346.468	6.626000
346.785	6.626000
346.785	6.209000
347.097	6.209000
347.097	6.459000
347.412	6.459000
347.412	6.042000
347.729	6.042000
347.729	5.857000
348.045	5.857000
348.045	6.176000
348.362	6.176000
348.362	5.989000
348.678	5.989000
348.678	5.541000
348.991	5.541000
348.991	5.716000
349.306	5.716000
349.306	5.613000
349.621	5.613000
349.621	5.792000
349.936	5.792000
349.936	5.931000
350.252	5.931000
350.252	5.576000
350.569	5.576000
350.569	5.439000
350.886	5.439000
350.886	5.699000
351.203	5.699000
351.203	5.305000
351.519	5.305000
351.519	5.926000
351.834	5.926000
351.834	5.941000
352.15	5.941000
352.15	5.872000
352.461	5.872000
352.461	5.847000
352.777	5.847000
352.777	5.818000
353.094	5.818000
353.094	5.762000
353.411	5.762000
353.411	6.981000
353.726	6.981000
353.726	6.944000
354.043	6.944000
354.043	7.283000
354.359	7.283000
354.359	5.963000
354.661	5.963000
354.661	5.840000
354.965	5.840000
354.965	5.903000
355.269	5.903000
355.269	8.643000
355.542	8.643000
355.542	8.686000
355.818	8.686000
355.818	8.747000
356.093	8.747000
356.093	6.732000
356.411	6.732000
356.411	6.792000
356.728	6.792000
356.728	6.794000
357.042	6.794000
357.042	9.712000
357.316	9.712000
357.316	9.556000
357.593	9.556000
357.593	9.554000
357.866	9.554000
357.866	6.367000
358.18	6.367000
358.18	6.203000
358.499	6.203000
358.499	6.722000
358.813	6.722000
358.813	8.461000
359.114	8.461000
359.114	8.737000
359.423	8.737000
359.423	8.933000
359.732	8.933000
359.732	6.336000
360.046	6.336000
360.046	6.085000
360.363	6.085000
360.363	6.039000
360.68	6.039000
360.68	6.129000
360.995	6.129000
360.995	6.092000
361.311	6.092000
361.311	6.233000
361.627	6.233000
361.627	5.226000
361.941	5.226000
361.941	5.321000
362.258	5.321000
362.258	5.333000
362.574	5.333000
362.574	6.489000
362.886	6.489000
362.886	6.271000
363.201	6.271000
363.201	6.235000
363.516	6.235000
363.516	5.995000
363.829	5.995000
363.829	5.740000
364.146	5.740000
364.146	5.741000
364.463	5.741000
364.463	7.185000
364.775	7.185000
364.775	7.240000
365.088	7.240000
365.088	7.279000
365.404	7.279000
365.404	8.341000
365.728	8.341000
365.728	8.255000
366.053	8.255000
366.053	8.057000
366.378	8.057000
366.378	5.987000
366.694	5.987000
366.694	5.865000
367.011	5.865000
367.011	5.733000
367.328	5.733000
367.328	6.814000
367.604	6.814000
367.604	6.891000
367.88	6.891000
367.88	7.007000
368.156	7.007000
368.156	6.705000
368.508	6.705000
368.508	6.416000
368.861	6.416000
368.861	6.544000
369.213	6.544000
369.213	6.060000
369.529	6.060000
369.529	6.251000
369.847	6.251000
369.847	6.321000
370.161	6.321000
370.161	9.647000
370.475	9.647000
370.475	9.522000
370.791	9.522000
370.791	9.582000
371.107	9.582000
371.107	6.719000
371.419	6.719000
371.419	6.744000
371.733	6.744000
371.733	6.823000
372.044	6.823000
372.044	7.405000
372.358	7.405000
372.358	7.208000
372.674	7.208000
372.674	7.357000
372.989	7.357000
372.989	7.982000
373.298	7.982000
373.298	8.159000
373.613	8.159000
373.613	8.150000
373.926	8.150000
373.926	8.131000
374.238	8.131000
374.238	8.063000
374.554	8.063000
374.554	8.254000
374.869	8.254000
374.869	6.422000
375.185	6.422000
375.185	6.366000
375.502	6.366000
375.502	6.243000
375.819	6.243000
375.819	5.362000
376.134	5.362000
376.134	5.312000
376.451	5.312000
376.451	5.391000
376.767	5.391000
376.767	6.081000
377.081	6.081000
377.081	6.048000
377.398	6.048000
377.398	6.238000
377.709	6.238000
377.709	5.504000
378.023	5.504000
378.023	5.356000
378.34	5.356000
378.34	5.720000
378.657	5.720000
378.657	4.807000
378.971	4.807000
378.971	4.757000
379.284	4.757000
379.284	4.966000
379.599	4.966000
379.599	6.448000
379.912	6.448000
379.912	6.307000
380.229	6.307000
380.229	6.414000
380.543	6.414000
380.543	6.676000
380.86	6.676000
380.86	6.620000
381.177	6.620000
381.177	6.690000
381.494	6.690000
381.494	6.594000
381.811	6.594000
381.811	6.628000
382.129	6.628000
382.129	6.768000
382.447	6.768000
382.447	6.503000
382.76	6.503000
382.76	6.480000
383.076	6.480000
383.076	6.715000
383.391	6.715000
383.391	7.842000
383.703	7.842000
383.703	8.023000
384.02	8.023000
384.02	8.004000
384.335	8.004000
384.335	8.511000
384.651	8.511000
384.651	8.505000
384.967	8.505000
384.967	8.526000
385.283	8.526000
385.283	5.832000
385.597	5.832000
385.597	5.788000
385.91	5.788000
385.91	5.807000
386.227	5.807000
386.227	5.820000
386.543	5.820000
386.543	5.642000
386.86	5.642000
386.86	5.601000
387.177	5.601000
387.177	6.029000
387.492	6.029000
387.492	6.163000
387.803	6.163000
387.803	6.264000
388.119	6.264000
388.119	5.770000
388.433	5.770000
388.433	5.958000
388.748	5.958000
388.748	5.893000
389.065	5.893000
389.065	6.419000
389.376	6.419000
389.376	6.319000
389.692	6.319000
389.692	6.375000
390.008	6.375000
390.008	5.753000
390.324	5.753000
390.324	5.967000
390.64	5.967000
390.64	5.847000
390.957	5.847000
390.957	9.984000
391.303	9.984000
391.303	6.087000
391.617	6.087000
391.617	5.986000
391.934	5.986000
391.934	5.966000
392.251	5.966000
392.251	5.520000
392.564	5.520000
392.564	5.730000
392.881	5.730000
392.881	5.594000
393.198	5.594000
393.198	6.252000
393.496	6.252000
393.496	6.528000
393.794	6.528000
393.794	6.327000
394.093	6.327000
394.093	6.711000
394.408	6.711000
394.408	6.648000
394.724	6.648000
394.724	6.582000
395.041	6.582000
395.041	5.947000
395.358	5.947000
395.358	6.081000
395.673	6.081000
395.673	6.210000
395.99	6.210000
395.99	6.928000
396.304	6.928000
396.304	6.954000
396.62	6.954000
396.62	6.866000
396.936	6.866000
396.936	6.110000
397.251	6.110000
397.251	5.953000
397.566	5.953000
397.566	6.025000
397.881	6.025000
397.881	5.748000
398.195	5.748000
398.195	5.900000
398.512	5.900000
398.512	5.808000
398.829	5.808000
398.829	5.761000
399.145	5.761000
399.145	5.886000
399.462	5.886000
399.462	5.925000
399.778	5.925000
399.778	5.602000
400.094	5.602000
400.094	5.676000
400.41	5.676000
400.41	5.659000
400.726	5.659000
400.726	5.460000
401.043	5.460000
401.043	5.435000
401.36	5.435000
401.36	5.309000
401.677	5.309000
401.677	6.758000
401.991	6.758000
401.991	6.667000
402.307	6.667000
402.307	6.705000
402.624	6.705000
402.624	5.748000
402.941	5.748000
402.941	5.986000
403.258	5.986000
403.258	5.804000
403.574	5.804000
403.574	6.093000
403.888	6.093000
403.888	6.171000
404.203	6.171000
404.203	6.243000
404.519	6.243000
404.519	6.213000
404.833	6.213000
404.833	6.349000
405.15	6.349000
405.15	6.200000
405.466	6.200000
405.466	7.514000
405.781	7.514000
405.781	7.508000
406.098	7.508000
406.098	7.751000
406.414	7.751000
406.414	9.458000
406.728	9.458000
406.728	9.208000
407.043	9.208000
407.043	9.412000
407.358	9.412000
407.358	5.993000
407.674	5.993000
407.674	6.069000
407.991	6.069000
407.991	5.883000
408.309	5.883000
408.309	7.586000
408.625	7.586000
408.625	7.778000
408.941	7.778000
408.941	7.611000
409.258	7.611000
409.258	7.836000
409.607	7.836000
409.607	7.800000
409.956	7.800000
409.956	7.741000
410.304	7.741000
410.304	6.169000
410.62	6.169000
410.62	6.037000
410.937	6.037000
410.937	6.022000
411.254	6.022000
411.254	6.199000
411.565	6.199000
411.565	6.263000
411.88	6.263000
411.88	6.248000
412.196	6.248000
412.196	6.543000
412.512	6.543000
412.512	6.351000
412.83	6.351000
412.83	6.307000
413.148	6.307000
413.148	6.151000
413.464	6.151000
413.464	6.009000
413.781	6.009000
413.781	5.933000
414.098	5.933000
414.098	5.642000
414.413	5.642000
414.413	5.557000
414.73	5.557000
414.73	5.479000
415.046	5.479000
415.046	6.804000
415.357	6.804000
415.357	6.746000
415.674	6.746000
415.674	6.761000
415.991	6.761000
415.991	6.544000
416.305	6.544000
416.305	6.498000
416.622	6.498000
416.622	6.417000
416.938	6.417000
416.938	6.467000
417.252	6.467000
417.252	6.494000
417.566	6.494000
417.566	6.611000
417.883	6.611000
417.883	5.968000
418.199	5.968000
418.199	5.784000
418.516	5.784000
418.516	5.947000
418.833	5.947000
418.833	6.631000
419.15	6.631000
419.15	6.451000
419.467	6.451000
419.467	6.401000
419.784	6.401000
419.784	6.615000
420.1	6.615000
420.1	6.766000
420.416	6.766000
420.416	6.717000
420.732	6.717000
420.732	6.047000
421.047	6.047000
421.047	6.023000
421.364	6.023000
421.364	6.033000
421.681	6.033000
421.681	5.962000
421.996	5.962000
421.996	6.043000
422.313	6.043000
422.313	6.151000
422.629	6.151000
422.629	6.138000
422.944	6.138000
422.944	6.481000
423.259	6.481000
423.259	6.307000
423.575	6.307000
423.575	7.294000
423.89	7.294000
423.89	7.200000
424.207	7.200000
424.207	7.346000
424.524	7.346000
424.524	5.747000
424.839	5.747000
424.839	5.619000
425.156	5.619000
425.156	5.614000
425.473	5.614000
425.473	5.620000
425.787	5.620000
425.787	5.659000
426.102	5.659000
426.102	5.465000
426.419	5.465000
426.419	6.323000
426.693	6.323000
426.693	6.281000
426.97	6.281000
426.97	6.308000
427.247	6.308000
427.247	6.190000
427.562	6.190000
427.562	5.933000
427.879	5.933000
427.879	5.995000
428.196	5.995000
428.196	6.385000
428.509	6.385000
428.509	6.484000
428.825	6.484000
428.825	6.449000
429.142	6.449000
429.142	6.171000
429.416	6.171000
429.416	5.816000
429.689	5.816000
429.689	5.880000
429.964	5.880000
429.964	5.732000
430.28	5.732000
430.28	5.550000
430.597	5.550000
430.597	5.556000
430.914	5.556000
430.914	5.404000
431.229	5.404000
431.229	5.565000
431.546	5.565000
431.546	5.491000
431.863	5.491000
431.863	7.062000
432.177	7.062000
432.177	6.957000
432.494	6.957000
432.494	6.842000
432.811	6.842000
432.811	8.155000
433.127	8.155000
433.127	8.122000
433.444	8.122000
433.444	8.161000
433.761	8.161000
