0.0	2.349000
0.276	2.349000
0.276	2.337000
0.551	2.337000
0.551	3.588000
0.819	3.588000
0.819	2.247000
1.135	2.247000
1.135	2.230000
1.451	2.230000
1.451	3.273000
1.752	3.273000
1.752	2.606000
2.105	2.606000
2.105	2.584000
2.457	2.584000
2.457	4.349000
2.806	4.349000
2.806	2.554000
3.118	2.554000
3.118	2.557000
3.432	2.557000
3.432	2.516000
3.748	2.516000
3.748	2.982000
4.099	2.982000
4.099	2.954000
4.449	2.954000
4.449	3.014000
4.801	3.014000
4.801	2.940000
5.153	2.940000
5.153	2.952000
5.503	2.952000
5.503	2.986000
5.855	2.986000
5.855	2.659000
6.171	2.659000
6.171	2.694000
6.488	2.694000
6.488	2.616000
6.805	2.616000
6.805	2.694000
7.155	2.694000
7.155	2.701000
7.506	2.701000
7.506	2.825000
7.858	2.825000
7.858	2.976000
8.208	2.976000
8.208	2.985000
8.557	2.985000
8.557	3.091000
8.91	3.091000
8.91	2.773000
9.227	2.773000
9.227	2.761000
9.541	2.761000
9.541	2.702000
9.858	2.702000
9.858	2.653000
10.175	2.653000
10.175	2.682000
10.492	2.682000
10.492	2.731000
10.808	2.731000
10.808	0.714000
11.161	0.714000
11.161	0.693000
11.514	0.693000
11.514	3.718000
11.867	3.718000
11.867	2.435000
12.183	2.435000
12.183	2.452000
12.499	2.452000
12.499	4.286000
12.814	4.286000
12.814	2.640000
13.132	2.640000
13.132	2.653000
13.45	2.653000
13.45	3.833000
13.764	3.833000
13.764	2.704000
14.079	2.704000
14.079	2.703000
14.394	2.703000
14.394	4.135000
14.708	4.135000
14.708	2.416000
15.025	2.416000
15.025	2.396000
15.341	2.396000
15.341	3.464000
15.65	3.464000
15.65	2.343000
15.984	2.343000
15.984	2.301000
16.317	2.301000
16.317	2.980000
16.634	2.980000
16.634	2.719000
16.95	2.719000
16.95	2.715000
17.262	2.715000
17.262	3.581000
17.575	3.581000
17.575	2.757000
17.89	2.757000
17.89	2.740000
18.202	2.740000
18.202	2.658000
18.517	2.658000
18.517	2.848000
18.867	2.848000
18.867	2.846000
19.218	2.846000
19.218	2.727000
19.57	2.727000
19.57	2.750000
19.884	2.750000
19.884	2.754000
20.201	2.754000
20.201	2.657000
20.518	2.657000
20.518	2.817000
20.835	2.817000
20.835	2.830000
21.152	2.830000
21.152	2.727000
21.469	2.727000
21.469	2.905000
21.816	2.905000
21.816	2.962000
22.166	2.962000
22.166	2.996000
22.518	2.996000
22.518	2.706000
22.833	2.706000
22.833	2.685000
23.15	2.685000
23.15	2.624000
23.466	2.624000
23.466	2.785000
23.817	2.785000
23.817	2.790000
24.169	2.790000
24.169	9.118000
24.519	9.118000
24.519	2.702000
24.834	2.702000
24.834	2.696000
25.149	2.696000
25.149	6.703000
25.465	6.703000
25.465	2.493000
25.738	2.493000
25.738	2.471000
26.013	2.471000
26.013	3.923000
26.284	3.923000
26.284	2.016000
26.601	2.016000
26.601	2.040000
26.919	2.040000
26.919	3.172000
27.229	3.172000
27.229	2.718000
27.582	2.718000
27.582	2.704000
27.935	2.704000
27.935	3.085000
28.277	3.085000
28.277	2.840000
28.594	2.840000
28.594	2.829000
28.909	2.829000
28.909	3.000000
29.219	3.000000
29.219	2.743000
29.534	2.743000
29.534	2.712000
29.847	2.712000
29.847	2.691000
30.163	2.691000
30.163	2.753000
30.48	2.753000
30.48	2.818000
30.797	2.818000
30.797	2.721000
31.113	2.721000
31.113	2.858000
31.465	2.858000
31.465	2.850000
31.815	2.850000
31.815	2.895000
32.167	2.895000
32.167	2.868000
32.483	2.868000
32.483	2.893000
32.799	2.893000
32.799	2.872000
33.114	2.872000
33.114	2.927000
33.425	2.927000
33.425	2.964000
33.74	2.964000
33.74	2.841000
34.055	2.841000
34.055	2.913000
34.407	2.913000
34.407	2.898000
34.759	2.898000
34.759	3.030000
35.112	3.030000
35.112	2.818000
35.428	2.818000
35.428	2.807000
35.743	2.807000
35.743	2.678000
36.059	2.678000
36.059	2.841000
36.406	2.841000
36.406	2.850000
36.757	2.850000
36.757	2.857000
37.109	2.857000
37.109	2.679000
37.421	2.679000
37.421	2.688000
37.737	2.688000
37.737	2.616000
38.053	2.616000
38.053	2.746000
38.404	2.746000
38.404	2.791000
38.756	2.791000
38.756	2.720000
39.108	2.720000
39.108	2.766000
39.424	2.766000
39.424	2.747000
39.741	2.747000
39.741	2.733000
40.057	2.733000
40.057	2.725000
40.374	2.725000
40.374	2.725000
40.691	2.725000
40.691	2.728000
41.008	2.728000
41.008	2.768000
41.322	2.768000
41.322	2.807000
41.638	2.807000
41.638	2.700000
41.955	2.700000
41.955	2.623000
42.273	2.623000
42.273	2.609000
42.59	2.609000
42.59	2.787000
42.908	2.787000
42.908	2.742000
43.261	2.742000
43.261	2.762000
43.614	2.762000
43.614	2.782000
43.967	2.782000
43.967	2.622000
44.28	2.622000
44.28	2.663000
44.596	2.663000
44.596	2.572000
44.912	2.572000
44.912	2.618000
45.228	2.618000
45.228	2.642000
45.544	2.642000
45.544	2.618000
45.859	2.618000
45.859	2.771000
46.176	2.771000
46.176	2.803000
46.494	2.803000
46.494	2.709000
46.812	2.709000
46.812	2.897000
47.128	2.897000
47.128	2.945000
47.445	2.945000
47.445	2.808000
47.762	2.808000
47.762	2.985000
48.078	2.985000
48.078	3.013000
48.394	3.013000
48.394	3.004000
48.71	3.004000
48.71	2.791000
49.061	2.791000
49.061	2.876000
49.417	2.876000
49.417	2.993000
49.773	2.993000
49.773	2.734000
50.087	2.734000
50.087	2.788000
50.403	2.788000
50.403	2.718000
50.719	2.718000
50.719	2.865000
51.034	2.865000
51.034	2.836000
51.35	2.836000
51.35	6.149000
51.666	6.149000
51.666	2.762000
51.983	2.762000
51.983	2.760000
52.299	2.760000
52.299	7.238000
52.615	7.238000
52.615	2.907000
52.928	2.907000
52.928	2.957000
53.244	2.957000
53.244	4.553000
53.559	4.553000
53.559	2.847000
53.91	2.847000
53.91	2.827000
54.261	2.827000
54.261	3.665000
54.61	3.665000
54.61	2.912000
54.926	2.912000
54.926	2.945000
55.242	2.945000
55.242	3.609000
55.552	3.609000
55.552	2.650000
55.869	2.650000
55.869	2.675000
56.186	2.675000
56.186	2.602000
56.503	2.602000
56.503	3.341000
56.854	3.341000
56.854	3.419000
57.207	3.419000
57.207	2.710000
57.523	2.710000
57.523	2.727000
57.839	2.727000
57.839	2.655000
58.157	2.655000
58.157	1.939000
58.51	1.939000
58.51	1.970000
58.863	1.970000
58.863	1.951000
59.216	1.951000
59.216	2.770000
59.533	2.770000
59.533	2.801000
59.849	2.801000
59.849	2.737000
60.166	2.737000
60.166	2.912000
60.481	2.912000
60.481	2.928000
60.797	2.928000
60.797	2.855000
61.114	2.855000
61.114	2.900000
61.467	2.900000
61.467	2.905000
61.819	2.905000
61.819	2.956000
62.172	2.956000
62.172	2.584000
62.52	2.584000
62.52	2.598000
62.871	2.598000
62.871	2.501000
63.222	2.501000
63.222	2.935000
63.537	2.935000
63.537	2.955000
63.851	2.955000
63.851	2.922000
64.166	2.922000
64.166	2.663000
64.481	2.663000
64.481	2.707000
64.799	2.707000
64.799	4.560000
65.116	4.560000
65.116	2.933000
65.429	2.933000
65.429	2.980000
65.744	2.980000
65.744	2.893000
66.059	2.893000
66.059	2.048000
66.378	2.048000
66.378	2.094000
66.697	2.094000
66.697	2.278000
67.016	2.278000
67.016	2.794000
67.367	2.794000
67.367	2.820000
67.718	2.820000
67.718	2.734000
68.07	2.734000
68.07	2.807000
68.386	2.807000
68.386	2.807000
68.703	2.807000
68.703	2.748000
69.02	2.748000
69.02	2.735000
69.336	2.735000
69.336	2.740000
69.65	2.740000
69.65	2.643000
69.967	2.643000
69.967	2.671000
70.282	2.671000
70.282	2.684000
70.599	2.684000
70.599	2.577000
70.915	2.577000
70.915	2.754000
71.229	2.754000
71.229	2.766000
71.546	2.766000
71.546	2.652000
71.863	2.652000
71.863	2.886000
72.213	2.886000
72.213	2.953000
72.565	2.953000
72.565	2.814000
72.916	2.814000
72.916	2.811000
73.232	2.811000
73.232	2.807000
73.547	2.807000
73.547	2.745000
73.862	2.745000
73.862	2.967000
74.213	2.967000
74.213	2.984000
74.564	2.984000
74.564	3.030000
74.916	3.030000
74.916	2.760000
75.232	2.760000
75.232	2.709000
75.547	2.709000
75.547	3.057000
75.863	3.057000
75.863	2.720000
76.214	2.720000
76.214	2.717000
76.564	2.717000
76.564	3.324000
76.914	3.324000
76.914	2.677000
77.23	2.677000
77.23	2.712000
77.546	2.712000
77.546	3.316000
77.86	3.316000
77.86	2.804000
78.209	2.804000
78.209	2.798000
78.56	2.798000
78.56	3.408000
78.911	3.408000
78.911	2.748000
79.227	2.748000
79.227	2.765000
79.542	2.765000
79.542	2.961000
79.858	2.961000
79.858	2.875000
80.211	2.875000
80.211	2.889000
80.564	2.889000
80.564	2.893000
80.917	2.893000
80.917	2.476000
81.229	2.476000
81.229	2.433000
81.54	2.433000
81.54	2.551000
81.852	2.551000
81.852	2.707000
82.169	2.707000
82.169	2.726000
82.485	2.726000
82.485	3.310000
82.8	3.310000
82.8	2.906000
83.075	2.906000
83.075	2.911000
83.352	2.911000
83.352	2.864000
83.629	2.864000
83.629	2.810000
83.944	2.810000
83.944	2.807000
84.261	2.807000
84.261	3.346000
84.578	3.346000
84.578	2.737000
84.895	2.737000
84.895	2.762000
85.212	2.762000
85.212	2.711000
85.527	2.711000
85.527	2.972000
85.88	2.972000
85.88	2.998000
86.23	2.998000
86.23	3.006000
86.583	3.006000
86.583	2.711000
86.9	2.711000
86.9	2.771000
87.218	2.771000
87.218	2.862000
87.536	2.862000
87.536	2.717000
87.888	2.717000
87.888	2.695000
88.237	2.695000
88.237	2.657000
88.587	2.657000
88.587	2.832000
88.903	2.832000
88.903	2.820000
89.217	2.820000
89.217	2.722000
89.532	2.722000
89.532	2.747000
89.849	2.747000
89.849	2.712000
90.162	2.712000
90.162	2.705000
90.477	2.705000
90.477	2.806000
90.791	2.806000
90.791	2.805000
91.106	2.805000
91.106	2.781000
91.423	2.781000
91.423	2.273000
91.735	2.273000
91.735	2.275000
92.047	2.275000
92.047	2.589000
92.359	2.589000
92.359	2.803000
92.676	2.803000
92.676	2.838000
92.993	2.838000
92.993	3.000000
93.307	3.000000
93.307	2.995000
93.66	2.995000
93.66	3.017000
94.012	3.017000
94.012	2.955000
94.365	2.955000
94.365	2.885000
94.683	2.885000
94.683	2.842000
95.0	2.842000
95.0	2.765000
95.318	2.765000
95.318	2.774000
95.634	2.774000
95.634	2.815000
95.948	2.815000
95.948	3.411000
96.264	3.411000
96.264	2.570000
96.617	2.570000
96.617	2.611000
96.97	2.611000
96.97	2.753000
97.323	2.753000
97.323	2.690000
97.639	2.690000
97.639	2.726000
97.957	2.726000
97.957	2.598000
98.275	2.598000
98.275	2.881000
98.59	2.881000
98.59	2.879000
98.905	2.879000
98.905	2.789000
99.222	2.789000
99.222	2.679000
99.532	2.679000
99.532	2.662000
99.841	2.662000
99.841	2.658000
100.153	2.658000
100.153	2.855000
100.469	2.855000
100.469	2.851000
100.785	2.851000
100.785	2.801000
101.101	2.801000
101.101	2.754000
101.418	2.754000
101.418	2.753000
101.734	2.753000
101.734	2.685000
102.051	2.685000
102.051	0.272000
102.363	0.272000
102.363	0.292000
102.675	0.292000
102.675	0.562000
102.987	0.562000
102.987	2.878000
103.303	2.878000
103.303	2.916000
103.619	2.916000
103.619	2.861000
103.937	2.861000
103.937	2.612000
104.289	2.612000
104.289	2.651000
104.639	2.651000
104.639	2.616000
104.991	2.616000
104.991	2.102000
105.345	2.102000
105.345	2.101000
105.699	2.101000
105.699	2.161000
106.053	2.161000
106.053	2.648000
106.336	2.648000
106.336	2.628000
106.619	2.628000
106.619	2.611000
106.901	2.611000
106.901	0.371000
107.222	0.371000
107.222	0.366000
107.543	0.366000
107.543	0.310000
107.864	0.310000
107.864	2.757000
108.179	2.757000
108.179	2.743000
108.494	2.743000
108.494	2.662000
108.81	2.662000
108.81	2.956000
109.162	2.956000
109.162	2.897000
109.513	2.897000
109.513	3.023000
109.866	3.023000
109.866	2.939000
110.218	2.939000
110.218	2.975000
110.57	2.975000
110.57	3.029000
110.922	3.029000
110.922	2.871000
111.238	2.871000
111.238	2.859000
111.553	2.859000
111.553	2.872000
111.869	2.872000
111.869	2.890000
112.222	2.890000
112.222	2.877000
112.575	2.877000
112.575	2.983000
112.928	2.983000
112.928	2.712000
113.279	2.712000
113.279	2.754000
113.631	2.754000
113.631	2.669000
113.983	2.669000
113.983	2.733000
114.335	2.733000
114.335	2.752000
114.687	2.752000
114.687	2.875000
115.04	2.875000
115.04	2.483000
115.392	2.483000
115.392	2.533000
115.741	2.533000
115.741	5.034000
116.09	5.034000
116.09	2.563000
116.442	2.563000
116.442	2.562000
116.793	2.562000
116.793	4.307000
117.14	4.307000
117.14	0.251000
117.493	0.251000
117.493	0.262000
117.846	0.262000
117.846	2.935000
118.196	2.935000
118.196	2.358000
118.548	2.358000
118.548	2.377000
118.899	2.377000
118.899	3.854000
119.245	3.854000
119.245	2.718000
119.56	2.718000
119.56	2.707000
119.875	2.707000
119.875	3.793000
120.186	3.793000
120.186	2.801000
120.503	2.801000
120.503	2.796000
120.816	2.796000
120.816	2.703000
121.133	2.703000
121.133	2.800000
121.451	2.800000
121.451	2.830000
121.768	2.830000
121.768	2.834000
122.086	2.834000
122.086	2.618000
122.399	2.618000
122.399	2.638000
122.714	2.638000
122.714	2.539000
123.031	2.539000
123.031	2.878000
123.346	2.878000
123.346	2.904000
123.663	2.904000
123.663	2.800000
123.98	2.800000
123.98	2.695000
124.297	2.695000
124.297	2.670000
124.614	2.670000
124.614	6.591000
124.93	6.591000
124.93	2.597000
125.246	2.597000
125.246	2.607000
125.563	2.607000
125.563	5.023000
125.876	5.023000
125.876	1.951000
126.23	1.951000
126.23	1.985000
126.584	1.985000
126.584	3.718000
126.937	3.718000
126.937	2.325000
127.253	2.325000
127.253	2.299000
127.57	2.299000
127.57	3.771000
127.88	3.771000
127.88	3.112000
128.332	3.112000
128.332	3.125000
128.78	3.125000
128.78	4.514000
129.218	4.514000
129.218	2.603000
129.57	2.603000
129.57	2.600000
129.92	2.600000
129.92	3.795000
130.267	3.795000
130.267	2.711000
130.619	2.711000
130.619	2.751000
130.97	2.751000
130.97	3.274000
131.306	3.274000
131.306	2.883000
131.619	2.883000
131.619	2.874000
131.932	2.874000
131.932	4.372000
132.245	4.372000
132.245	2.901000
132.562	2.901000
132.562	2.868000
132.876	2.868000
132.876	2.777000
133.193	2.777000
133.193	2.882000
133.545	2.882000
133.545	2.912000
133.896	2.912000
133.896	3.032000
134.249	3.032000
134.249	2.624000
134.6	2.624000
134.6	2.645000
134.951	2.645000
134.951	2.575000
135.301	2.575000
135.301	2.955000
135.617	2.955000
135.617	2.964000
135.933	2.964000
135.933	2.994000
136.251	2.994000
136.251	2.839000
136.568	2.839000
136.568	2.867000
136.883	2.867000
136.883	2.755000
137.199	2.755000
137.199	0.585000
137.552	0.585000
137.552	0.595000
137.905	0.595000
137.905	0.522000
138.258	0.522000
138.258	2.814000
138.608	2.814000
138.608	2.830000
138.956	2.830000
138.956	2.751000
139.308	2.751000
139.308	2.887000
139.624	2.887000
139.624	2.910000
139.941	2.910000
139.941	2.808000
140.258	2.808000
140.258	2.751000
140.575	2.751000
140.575	2.763000
140.888	2.763000
140.888	2.740000
141.203	2.740000
141.203	2.533000
141.556	2.533000
141.556	2.566000
141.909	2.566000
141.909	2.660000
142.262	2.660000
142.262	3.071000
142.578	3.071000
142.578	3.035000
142.894	3.035000
142.894	2.983000
143.21	2.983000
143.21	2.793000
143.558	2.793000
143.558	2.798000
143.907	2.798000
143.907	2.823000
144.259	2.823000
144.259	2.701000
144.576	2.701000
144.576	2.735000
144.894	2.735000
144.894	2.750000
145.212	2.750000
145.212	2.069000
145.565	2.069000
145.565	2.106000
145.918	2.106000
145.918	2.077000
146.271	2.077000
146.271	2.700000
146.583	2.700000
146.583	2.763000
146.899	2.763000
146.899	2.626000
147.215	2.626000
147.215	2.901000
147.566	2.901000
147.566	2.881000
147.916	2.881000
147.916	3.016000
148.268	3.016000
148.268	2.762000
148.584	2.762000
148.584	2.765000
148.899	2.765000
148.899	2.663000
149.215	2.663000
149.215	2.899000
149.567	2.899000
149.567	2.892000
149.919	2.892000
149.919	2.965000
150.272	2.965000
150.272	2.707000
150.586	2.707000
150.586	2.717000
150.904	2.717000
150.904	2.746000
151.222	2.746000
151.222	2.736000
151.538	2.736000
151.538	2.736000
151.853	2.736000
151.853	2.796000
152.171	2.796000
152.171	2.786000
152.485	2.786000
152.485	2.783000
152.8	2.783000
152.8	2.833000
153.117	2.833000
153.117	2.718000
153.431	2.718000
153.431	2.741000
153.747	2.741000
153.747	2.737000
154.064	2.737000
154.064	1.884000
154.428	1.884000
154.428	1.894000
154.792	1.894000
154.792	1.776000
155.153	1.776000
155.153	2.796000
155.47	2.796000
155.47	2.809000
155.787	2.809000
155.787	2.723000
156.105	2.723000
156.105	2.914000
156.42	2.914000
156.42	2.892000
156.735	2.892000
156.735	2.856000
157.051	2.856000
157.051	2.698000
157.365	2.698000
157.365	2.658000
157.681	2.658000
157.681	2.555000
157.998	2.555000
157.998	2.880000
158.351	2.880000
158.351	2.859000
158.703	2.859000
158.703	3.010000
159.056	3.010000
159.056	2.723000
159.373	2.723000
159.373	2.738000
159.688	2.738000
159.688	2.653000
160.005	2.653000
160.005	2.801000
160.352	2.801000
160.352	2.791000
160.702	2.791000
160.702	2.760000
161.054	2.760000
161.054	2.850000
161.406	2.850000
161.406	2.866000
161.759	2.866000
161.759	2.942000
162.112	2.942000
162.112	2.698000
162.463	2.698000
162.463	2.692000
162.815	2.692000
162.815	2.609000
163.166	2.609000
163.166	2.891000
163.478	2.891000
163.478	2.855000
163.79	2.855000
163.79	2.971000
164.102	2.971000
164.102	2.668000
164.416	2.668000
164.416	2.705000
164.731	2.705000
164.731	3.634000
165.035	3.634000
165.035	2.852000
165.353	2.852000
165.353	2.890000
165.671	2.890000
165.671	3.387000
165.978	3.387000
165.978	2.747000
166.252	2.747000
166.252	2.747000
166.527	2.747000
166.527	2.713000
166.803	2.713000
166.803	2.846000
167.119	2.846000
167.119	2.819000
167.434	2.819000
167.434	2.771000
167.75	2.771000
167.75	2.652000
168.025	2.652000
168.025	2.722000
168.301	2.722000
168.301	2.563000
168.577	2.563000
168.577	2.799000
168.853	2.799000
168.853	2.752000
169.129	2.752000
169.129	2.707000
169.404	2.707000
169.404	2.830000
169.721	2.830000
169.721	2.844000
170.036	2.844000
170.036	2.846000
170.352	2.846000
170.352	2.859000
170.668	2.859000
170.668	2.825000
170.983	2.825000
170.983	2.840000
171.298	2.840000
171.298	2.865000
171.649	2.865000
171.649	2.900000
172.0	2.900000
172.0	2.845000
172.352	2.845000
172.352	2.512000
172.669	2.512000
172.669	2.514000
172.983	2.514000
172.983	2.558000
173.297	2.558000
173.297	2.814000
173.649	2.814000
173.649	2.799000
173.998	2.799000
173.998	3.018000
174.35	3.018000
174.35	2.201000
174.668	2.201000
174.668	2.201000
174.985	2.201000
174.985	3.896000
175.297	3.896000
175.297	2.973000
175.614	2.973000
175.614	3.036000
175.93	3.036000
175.93	4.262000
176.236	4.262000
176.236	2.864000
176.551	2.864000
176.551	2.893000
176.867	2.893000
176.867	4.918000
177.178	4.918000
177.178	0.389000
177.532	0.389000
177.532	0.358000
177.885	0.358000
177.885	1.909000
178.233	1.909000
178.233	2.796000
178.544	2.796000
178.544	2.841000
178.855	2.841000
178.855	3.356000
179.159	3.356000
179.159	2.499000
179.475	2.499000
179.475	2.519000
179.792	2.519000
179.792	3.536000
180.088	3.536000
180.088	2.487000
180.404	2.487000
180.404	2.506000
180.718	2.506000
180.718	3.390000
181.017	3.390000
181.017	2.754000
181.333	2.754000
181.333	2.781000
181.647	2.781000
181.647	2.677000
181.962	2.677000
181.962	2.741000
182.278	2.741000
182.278	2.720000
182.595	2.720000
182.595	2.705000
182.911	2.705000
182.911	2.965000
183.226	2.965000
183.226	2.968000
183.541	2.968000
183.541	2.824000
183.858	2.824000
183.858	2.836000
184.18	2.836000
184.18	2.887000
184.504	2.887000
184.504	2.873000
184.829	2.873000
184.829	3.188000
185.194	3.188000
185.194	3.224000
185.559	3.224000
185.559	3.376000
185.924	3.376000
185.924	2.828000
186.241	2.828000
186.241	2.795000
186.558	2.795000
186.558	2.936000
186.875	2.936000
186.875	2.896000
187.227	2.896000
187.227	2.930000
187.579	2.930000
187.579	4.145000
187.928	4.145000
187.928	2.245000
188.247	2.245000
188.247	2.211000
188.565	2.211000
188.565	3.996000
188.88	3.996000
188.88	2.644000
189.191	2.644000
189.191	2.652000
189.507	2.652000
189.507	3.917000
189.818	3.917000
189.818	2.623000
190.133	2.623000
190.133	2.645000
190.447	2.645000
190.447	3.582000
190.762	3.582000
190.762	2.906000
191.11	2.906000
191.11	2.980000
191.461	2.980000
191.461	3.192000
191.801	3.192000
191.801	2.117000
192.12	2.117000
192.12	2.158000
192.439	2.158000
192.439	2.617000
192.745	2.617000
192.745	2.532000
193.094	2.532000
193.094	2.537000
193.441	2.537000
193.441	2.565000
193.791	2.565000
193.791	2.806000
194.139	2.806000
194.139	2.860000
194.49	2.860000
194.49	2.753000
194.842	2.753000
194.842	2.694000
195.191	2.694000
195.191	2.693000
195.541	2.693000
195.541	2.638000
195.893	2.638000
195.893	2.692000
196.209	2.692000
196.209	2.735000
196.526	2.735000
196.526	2.635000
196.842	2.635000
196.842	2.710000
197.194	2.710000
197.194	3.099000
197.545	3.099000
197.545	4.407000
197.889	4.407000
197.889	2.345000
198.205	2.345000
198.205	3.092000
198.521	3.092000
198.521	4.458000
198.835	4.458000
198.835	2.883000
199.149	2.883000
199.149	2.967000
199.464	2.967000
199.464	2.818000
199.779	2.818000
199.779	2.708000
200.091	2.708000
200.091	2.756000
200.404	2.756000
200.404	2.701000
200.718	2.701000
200.718	3.073000
201.069	3.073000
201.069	3.036000
201.418	3.036000
201.418	2.979000
201.769	2.979000
201.769	2.576000
202.086	2.576000
202.086	2.633000
202.403	2.633000
202.403	2.539000
202.718	2.539000
202.718	2.970000
203.069	2.970000
203.069	3.011000
203.421	3.011000
203.421	2.966000
203.773	2.966000
203.773	3.060000
204.126	3.060000
204.126	3.058000
204.475	3.058000
204.475	5.049000
204.828	5.049000
204.828	2.718000
205.142	2.718000
205.142	2.701000
205.456	2.701000
205.456	5.292000
205.772	5.292000
205.772	2.457000
206.122	2.457000
206.122	2.459000
206.474	2.459000
206.474	4.600000
206.821	4.600000
206.821	2.806000
207.171	2.806000
207.171	2.835000
207.522	2.835000
207.522	4.370000
207.87	4.370000
207.87	2.288000
208.186	2.288000
208.186	2.645000
208.504	2.645000
208.504	4.481000
208.82	4.481000
208.82	2.767000
209.172	2.767000
209.172	2.980000
209.524	2.980000
209.524	3.751000
209.874	3.751000
209.874	2.964000
210.226	2.964000
210.226	3.000000
210.577	3.000000
210.577	4.096000
210.924	4.096000
210.924	2.245000
211.2	2.245000
211.2	2.808000
211.476	2.808000
211.476	3.660000
211.749	3.660000
211.749	1.636000
212.067	1.636000
212.067	1.665000
212.385	1.665000
212.385	2.509000
212.693	2.509000
212.693	2.955000
213.044	2.955000
213.044	2.959000
213.391	2.959000
213.391	2.855000
213.741	2.855000
213.741	2.631000
214.056	2.631000
214.056	2.677000
214.372	2.677000
214.372	2.609000
214.684	2.609000
214.684	2.979000
215.035	2.979000
215.035	2.992000
215.385	2.992000
215.385	3.004000
215.738	3.004000
215.738	2.915000
216.091	2.915000
216.091	2.898000
216.441	2.898000
216.441	2.935000
216.793	2.935000
216.793	3.023000
217.141	3.023000
217.141	3.095000
217.493	3.095000
217.493	3.047000
217.844	3.047000
217.844	3.132000
218.196	3.132000
218.196	3.105000
218.548	3.105000
218.548	3.075000
218.901	3.075000
218.901	3.018000
219.253	3.018000
219.253	3.043000
219.604	3.043000
219.604	3.039000
219.955	3.039000
219.955	2.900000
220.306	2.900000
220.306	2.808000
220.657	2.808000
220.657	3.208000
221.009	3.208000
221.009	1.943000
221.362	1.943000
221.362	2.002000
221.715	2.002000
221.715	4.120000
222.063	4.120000
222.063	2.340000
222.415	2.340000
222.415	2.679000
222.766	2.679000
222.766	4.133000
223.108	4.133000
223.108	2.474000
223.46	2.474000
223.46	2.621000
223.809	2.621000
223.809	3.817000
224.155	3.817000
224.155	2.629000
224.471	2.629000
224.471	2.443000
224.789	2.443000
224.789	3.701000
225.1	3.701000
225.1	0.193000
225.454	0.193000
225.454	0.247000
225.807	0.247000
225.807	1.755000
226.151	1.755000
226.151	2.382000
226.503	2.382000
226.503	2.760000
226.855	2.760000
226.855	3.543000
227.2	3.543000
227.2	2.402000
227.553	2.402000
227.553	2.459000
227.906	2.459000
227.906	3.410000
228.252	3.410000
228.252	2.247000
228.568	2.247000
228.568	2.236000
228.885	2.236000
228.885	4.435000
229.2	4.435000
229.2	2.858000
229.552	2.858000
229.552	2.841000
229.903	2.841000
229.903	2.831000
230.253	2.831000
230.253	3.019000
230.605	3.019000
230.605	3.056000
230.956	3.056000
230.956	3.038000
231.307	3.038000
231.307	2.820000
231.657	2.820000
231.657	2.804000
232.009	2.804000
232.009	2.782000
232.361	2.782000
232.361	2.644000
232.71	2.644000
232.71	2.733000
233.061	2.733000
233.061	2.652000
233.408	2.652000
233.408	2.985000
233.759	2.985000
233.759	2.991000
234.108	2.991000
234.108	2.948000
234.456	2.948000
234.456	3.058000
234.807	3.058000
234.807	3.006000
235.155	3.006000
235.155	3.076000
235.507	3.076000
235.507	2.629000
235.822	2.629000
235.822	2.731000
236.138	2.731000
236.138	2.640000
236.454	2.640000
236.454	3.028000
236.807	3.028000
236.807	3.023000
237.16	3.023000
237.16	3.042000
237.513	3.042000
237.513	2.716000
237.829	2.716000
237.829	2.776000
238.145	2.776000
238.145	2.698000
238.461	2.698000
238.461	2.805000
238.813	2.805000
238.813	2.719000
239.166	2.719000
239.166	2.823000
239.519	2.823000
239.519	2.863000
239.871	2.863000
239.871	2.868000
240.219	2.868000
240.219	2.828000
240.57	2.828000
240.57	2.586000
240.921	2.586000
240.921	2.606000
241.273	2.606000
241.273	2.609000
241.624	2.609000
241.624	0.198000
241.99	0.198000
241.99	0.211000
242.356	0.211000
242.356	0.226000
242.722	0.226000
242.722	2.916000
243.074	2.916000
243.074	2.924000
243.426	2.924000
243.426	2.884000
243.775	2.884000
243.775	0.232000
244.128	0.232000
244.128	0.244000
244.481	0.244000
244.481	0.575000
244.834	0.575000
244.834	0.281000
245.152	0.281000
245.152	0.299000
245.47	0.299000
245.47	0.284000
245.788	0.284000
245.788	3.057000
246.14	3.057000
246.14	3.096000
246.49	3.096000
246.49	3.006000
246.84	3.006000
246.84	3.121000
247.192	3.121000
247.192	3.039000
247.542	3.039000
247.542	3.033000
247.892	3.033000
247.892	2.754000
248.208	2.754000
248.208	2.789000
248.525	2.789000
248.525	2.741000
248.841	2.741000
248.841	3.115000
249.192	3.115000
249.192	3.035000
249.542	3.035000
249.542	3.081000
249.894	3.081000
249.894	2.887000
250.246	2.887000
250.246	2.872000
250.597	2.872000
250.597	2.840000
250.948	2.840000
250.948	2.912000
251.298	2.912000
251.298	2.900000
251.648	2.900000
251.648	2.833000
252.001	2.833000
252.001	2.310000
252.354	2.310000
252.354	2.256000
252.707	2.256000
252.707	2.218000
253.06	2.218000
253.06	3.000000
253.412	3.000000
253.412	2.959000
253.761	2.959000
253.761	2.995000
254.113	2.995000
254.113	2.798000
254.429	2.798000
254.429	2.748000
254.746	2.748000
254.746	2.797000
255.064	2.797000
255.064	2.212000
255.382	2.212000
255.382	2.214000
255.7	2.214000
255.7	2.211000
256.018	2.211000
256.018	2.904000
256.369	2.904000
256.369	2.861000
256.719	2.861000
256.719	2.862000
257.07	2.862000
257.07	2.576000
257.42	2.576000
257.42	2.640000
257.772	2.640000
257.772	2.556000
258.123	2.556000
258.123	2.342000
258.441	2.342000
258.441	2.399000
258.759	2.399000
258.759	2.319000
259.077	2.319000
259.077	2.227000
259.43	2.227000
259.43	2.259000
259.783	2.259000
259.783	2.179000
260.136	2.179000
260.136	3.017000
260.486	3.017000
260.486	2.987000
260.836	2.987000
260.836	2.970000
261.186	2.970000
261.186	2.561000
261.497	2.561000
261.497	2.609000
261.807	2.609000
261.807	2.509000
262.115	2.509000
262.115	3.003000
262.467	3.003000
262.467	2.956000
262.819	2.956000
262.819	2.995000
263.171	2.995000
263.171	2.976000
263.523	2.976000
263.523	2.946000
263.872	2.946000
263.872	2.909000
264.221	2.909000
264.221	2.879000
264.532	2.879000
264.532	2.873000
264.843	2.873000
264.843	2.884000
265.155	2.884000
265.155	2.873000
265.507	2.873000
265.507	2.851000
265.859	2.851000
265.859	2.853000
266.211	2.853000
266.211	2.702000
266.487	2.702000
266.487	2.725000
266.764	2.725000
266.764	2.722000
267.039	2.722000
267.039	2.698000
267.355	2.698000
267.355	2.520000
267.67	2.520000
267.67	5.387000
267.981	5.387000
267.981	2.516000
268.296	2.516000
268.296	2.642000
268.613	2.642000
268.613	2.550000
268.929	2.550000
268.929	2.822000
269.281	2.822000
269.281	2.847000
269.632	2.847000
269.632	2.816000
269.981	2.816000
269.981	2.627000
270.33	2.627000
270.33	2.688000
270.681	2.688000
270.681	2.585000
271.031	2.585000
271.031	2.601000
271.348	2.601000
271.348	2.585000
271.664	2.585000
271.664	2.612000
271.981	2.612000
271.981	2.797000
272.333	2.797000
272.333	2.888000
272.682	2.888000
272.682	2.846000
273.03	2.846000
273.03	3.004000
273.381	3.004000
273.381	2.934000
273.733	2.934000
273.733	3.051000
274.084	3.051000
274.084	2.952000
274.436	2.952000
274.436	2.976000
274.787	2.976000
274.787	2.991000
275.139	2.991000
275.139	2.589000
275.456	2.589000
275.456	2.742000
275.772	2.742000
275.772	4.091000
276.081	4.091000
276.081	3.006000
276.697	3.006000
276.697	3.299000
277.312	3.299000
277.312	3.467000
277.927	3.467000
277.927	3.020000
278.284	3.020000
278.284	3.060000
278.641	3.060000
278.641	3.055000
278.998	3.055000
278.998	2.972000
279.348	2.972000
279.348	2.976000
279.7	2.976000
279.7	3.025000
280.052	3.025000
280.052	2.993000
280.405	2.993000
280.405	3.009000
280.757	3.009000
280.757	4.080000
281.105	4.080000
281.105	1.979000
281.458	1.979000
281.458	1.991000
281.811	1.991000
281.811	3.093000
282.161	3.093000
282.161	3.029000
282.514	3.029000
282.514	3.000000
282.864	3.000000
282.864	3.018000
283.215	3.018000
283.215	2.810000
283.533	2.810000
283.533	2.699000
283.85	2.699000
283.85	2.808000
284.167	2.808000
284.167	2.848000
284.518	2.848000
284.518	2.889000
284.869	2.889000
284.869	2.897000
285.218	2.897000
285.218	2.622000
285.532	2.622000
285.532	2.694000
285.848	2.694000
285.848	2.606000
286.159	2.606000
286.159	2.612000
286.509	2.612000
286.509	2.706000
286.861	2.706000
286.861	2.607000
287.211	2.607000
287.211	3.014000
287.561	3.014000
287.561	3.013000
287.912	3.013000
287.912	2.985000
288.262	2.985000
288.262	3.000000
288.614	3.000000
288.614	2.968000
288.965	2.968000
288.965	3.000000
289.318	3.000000
289.318	2.356000
289.67	2.356000
289.67	2.774000
290.021	2.774000
290.021	4.679000
290.37	4.679000
290.37	2.784000
290.72	2.784000
290.72	2.895000
291.071	2.895000
291.071	3.592000
291.418	3.592000
291.418	2.348000
291.735	2.348000
291.735	2.844000
292.051	2.844000
292.051	3.915000
292.359	3.915000
292.359	2.911000
292.71	2.911000
292.71	2.884000
293.057	2.884000
293.057	2.844000
293.408	2.844000
293.408	2.955000
293.76	2.955000
293.76	2.917000
294.113	2.917000
294.113	2.968000
294.466	2.968000
294.466	2.932000
294.819	2.932000
294.819	2.909000
295.17	2.909000
295.17	2.989000
295.523	2.989000
295.523	2.681000
295.838	2.681000
295.838	2.749000
296.153	2.749000
296.153	2.716000
296.469	2.716000
296.469	2.231000
296.819	2.231000
296.819	2.540000
297.171	2.540000
297.171	4.670000
297.521	4.670000
297.521	2.859000
297.873	2.859000
297.873	2.853000
298.223	2.853000
298.223	4.103000
298.568	4.103000
298.568	2.605000
298.919	2.605000
298.919	2.678000
299.271	2.678000
299.271	3.931000
299.616	3.931000
299.616	2.461000
299.934	2.461000
299.934	2.843000
300.25	2.843000
300.25	3.715000
300.559	3.715000
300.559	3.015000
300.911	3.015000
300.911	2.774000
301.263	2.774000
301.263	3.354000
301.595	3.354000
301.595	2.257000
301.947	2.257000
301.947	2.954000
302.3	2.954000
302.3	3.373000
302.643	3.373000
302.643	2.682000
302.958	2.682000
302.958	2.664000
303.275	2.664000
303.275	4.967000
303.591	4.967000
303.591	2.907000
303.908	2.907000
303.908	2.937000
304.223	2.937000
304.223	2.887000
304.539	2.887000
304.539	2.967000
304.89	2.967000
304.89	2.972000
305.242	2.972000
305.242	3.024000
305.595	3.024000
305.595	3.007000
305.947	3.007000
305.947	3.014000
306.299	3.014000
306.299	2.974000
306.651	2.974000
306.651	2.612000
307.001	2.612000
307.001	2.628000
307.352	2.628000
307.352	2.624000
307.7	2.624000
307.7	2.977000
308.05	2.977000
308.05	2.961000
308.402	2.961000
308.402	2.929000
308.754	2.929000
308.754	2.757000
309.107	2.757000
309.107	2.774000
309.459	2.774000
309.459	5.409000
309.811	5.409000
309.811	2.874000
310.162	2.874000
310.162	2.919000
310.512	2.919000
310.512	5.607000
310.864	5.607000
310.864	2.595000
311.18	2.595000
311.18	2.884000
311.497	2.884000
311.497	4.772000
311.812	4.772000
311.812	2.650000
312.164	2.650000
312.164	2.765000
312.513	2.765000
312.513	4.327000
312.862	4.327000
312.862	2.327000
313.178	2.327000
313.178	2.976000
313.495	2.976000
313.495	3.956000
313.807	3.956000
313.807	2.964000
314.159	2.964000
314.159	3.011000
314.51	3.011000
314.51	2.948000
314.862	2.948000
314.862	3.072000
315.214	3.072000
315.214	3.025000
315.564	3.025000
315.564	2.997000
315.916	2.997000
315.916	2.987000
316.268	2.987000
316.268	2.949000
316.62	2.949000
316.62	2.975000
316.972	2.975000
316.972	3.004000
317.324	3.004000
317.324	3.052000
317.675	3.052000
317.675	2.868000
318.028	2.868000
318.028	2.607000
318.38	2.607000
318.38	2.709000
318.732	2.709000
318.732	2.604000
319.082	2.604000
319.082	2.775000
319.4	2.775000
319.4	2.688000
319.717	2.688000
319.717	5.107000
320.035	5.107000
320.035	2.538000
320.387	2.538000
320.387	2.884000
320.737	2.884000
320.737	4.824000
321.085	4.824000
321.085	0.288000
321.438	0.288000
321.438	0.379000
321.791	0.379000
321.791	3.511000
322.143	3.511000
322.143	2.344000
322.461	2.344000
322.461	2.309000
322.78	2.309000
322.78	4.397000
323.094	4.397000
323.094	2.458000
323.445	2.458000
323.445	2.927000
323.795	2.927000
323.795	4.076000
324.146	4.076000
324.146	2.236000
324.499	2.236000
324.499	2.302000
324.852	2.302000
324.852	4.694000
325.2	4.694000
325.2	2.576000
325.551	2.576000
325.551	2.538000
325.904	2.538000
325.904	3.520000
326.251	3.520000
326.251	2.529000
326.603	2.529000
326.603	2.201000
326.955	2.201000
326.955	3.441000
327.293	3.441000
327.293	2.745000
327.609	2.745000
327.609	2.603000
327.926	2.603000
327.926	3.995000
328.23	3.995000
328.23	2.575000
328.545	2.575000
328.545	2.604000
328.862	2.604000
328.862	4.019000
329.175	4.019000
329.175	2.916000
329.527	2.916000
329.527	2.984000
329.877	2.984000
329.877	2.930000
330.228	2.930000
330.228	3.080000
330.579	3.080000
330.579	3.023000
330.931	3.023000
330.931	3.046000
331.283	3.046000
331.283	2.995000
331.635	2.995000
331.635	2.971000
331.983	2.971000
331.983	2.994000
332.335	2.994000
332.335	3.088000
332.688	3.088000
332.688	3.038000
333.041	3.038000
333.041	3.012000
333.394	3.012000
333.394	2.754000
333.708	2.754000
333.708	2.799000
334.024	2.799000
334.024	2.777000
334.34	2.777000
334.34	2.980000
334.692	2.980000
334.692	2.952000
335.042	2.952000
335.042	2.988000
335.39	2.988000
335.39	2.617000
335.7	2.617000
335.7	2.658000
336.008	2.658000
336.008	2.620000
336.316	2.620000
336.316	0.355000
336.669	0.355000
336.669	0.348000
337.022	0.348000
337.022	3.533000
337.375	3.533000
337.375	2.722000
337.727	2.722000
337.727	2.960000
338.079	2.960000
338.079	3.993000
338.426	3.993000
338.426	2.247000
338.776	2.247000
338.776	2.790000
339.128	2.790000
339.128	3.471000
339.472	3.471000
339.472	0.269000
339.825	0.269000
339.825	0.307000
340.178	0.307000
340.178	2.294000
340.529	2.294000
