0.0	8.234000
0.351	8.234000
0.351	8.178000
0.702	8.178000
0.702	8.552000
1.053	8.552000
1.053	6.936000
1.401	6.936000
1.401	7.162000
1.749	7.162000
1.749	6.950000
2.097	6.950000
2.097	7.014000
2.449	7.014000
2.449	7.120000
2.801	7.120000
2.801	7.003000
3.153	7.003000
3.153	7.155000
3.504	7.155000
3.504	7.126000
3.855	7.126000
3.855	6.728000
4.206	6.728000
4.206	5.751000
4.558	5.751000
4.558	5.271000
4.91	5.271000
4.91	5.582000
5.262	5.582000
5.262	5.614000
5.614	5.614000
5.614	6.206000
5.966	6.206000
5.966	5.704000
6.318	5.704000
6.318	7.618000
6.67	7.618000
6.67	7.492000
7.022	7.492000
7.022	7.480000
7.374	7.480000
7.374	5.497000
7.726	5.497000
7.726	5.438000
8.078	5.438000
8.078	5.756000
8.43	5.756000
8.43	5.852000
8.782	5.852000
8.782	6.480000
9.134	6.480000
9.134	5.745000
9.486	5.745000
9.486	7.795000
9.838	7.795000
9.838	7.731000
10.19	7.731000
10.19	7.746000
10.542	7.746000
10.542	4.856000
10.894	4.856000
10.894	4.886000
11.246	4.886000
11.246	5.377000
11.598	5.377000
11.598	5.824000
11.95	5.824000
11.95	6.115000
12.301	6.115000
12.301	6.059000
12.653	6.059000
12.653	5.197000
13.005	5.197000
13.005	5.323000
13.357	5.323000
13.357	4.640000
13.709	4.640000
13.709	5.891000
14.061	5.891000
14.061	5.902000
14.413	5.902000
14.413	5.880000
14.765	5.880000
14.765	6.666000
15.117	6.666000
15.117	6.662000
15.469	6.662000
15.469	6.425000
15.821	6.425000
15.821	7.591000
16.173	7.591000
16.173	7.462000
16.525	7.462000
16.525	7.006000
16.877	7.006000
16.877	6.935000
17.227	6.935000
17.227	6.355000
17.577	6.355000
17.577	6.353000
17.927	6.353000
17.927	7.336000
18.279	7.336000
18.279	7.436000
18.631	7.436000
18.631	7.365000
18.983	7.365000
18.983	6.125000
19.334	6.125000
19.334	5.934000
19.685	5.934000
19.685	5.886000
20.036	5.886000
20.036	5.838000
20.387	5.838000
20.387	6.035000
20.738	6.035000
20.738	6.110000
21.089	6.110000
21.089	7.473000
21.436	7.473000
21.436	7.622000
21.783	7.622000
21.783	7.394000
22.13	7.394000
22.13	5.921000
22.481	5.921000
22.481	5.376000
22.832	5.376000
22.832	5.460000
23.184	5.460000
23.184	6.570000
23.535	6.570000
23.535	6.757000
23.885	6.757000
23.885	6.415000
24.236	6.415000
24.236	5.927000
24.553	5.927000
24.553	6.301000
24.87	6.301000
24.87	6.249000
25.187	6.249000
25.187	5.961000
25.539	5.961000
25.539	6.200000
25.89	6.200000
25.89	5.835000
26.242	5.835000
26.242	5.752000
26.594	5.752000
26.594	6.067000
26.946	6.067000
26.946	5.803000
27.298	5.803000
27.298	5.618000
27.653	5.618000
27.653	6.236000
28.008	6.236000
28.008	5.729000
28.363	5.729000
28.363	6.533000
28.715	6.533000
28.715	6.526000
29.067	6.526000
29.067	6.457000
29.419	6.457000
29.419	6.792000
29.766	6.792000
29.766	6.496000
30.113	6.496000
30.113	6.022000
30.46	6.022000
30.46	6.048000
30.812	6.048000
30.812	5.903000
31.164	5.903000
31.164	5.914000
31.515	5.914000
31.515	6.094000
31.865	6.094000
31.865	6.090000
32.215	6.090000
32.215	6.075000
32.565	6.075000
32.565	7.795000
32.916	7.795000
32.916	7.531000
33.267	7.531000
33.267	7.483000
33.618	7.483000
33.618	6.202000
33.97	6.202000
33.97	6.187000
34.322	6.187000
34.322	5.938000
34.673	5.938000
34.673	5.910000
35.022	5.910000
35.022	5.386000
35.371	5.386000
35.371	5.424000
35.72	5.424000
35.72	7.180000
36.072	7.180000
36.072	7.014000
36.424	7.014000
36.424	6.972000
36.776	6.972000
36.776	6.397000
37.128	6.397000
37.128	6.379000
37.48	6.379000
37.48	6.425000
37.832	6.425000
37.832	7.625000
38.181	7.625000
38.181	7.525000
38.53	7.525000
38.53	7.543000
38.879	7.543000
38.879	8.644000
39.193	8.644000
39.193	9.186000
39.507	9.186000
39.507	9.066000
39.821	9.066000
39.821	5.929000
40.173	5.929000
40.173	6.028000
40.525	6.028000
40.525	6.082000
40.877	6.082000
40.877	5.704000
41.226	5.704000
41.226	5.777000
41.577	5.777000
41.577	5.634000
41.928	5.634000
41.928	5.368000
42.28	5.368000
42.28	5.275000
42.632	5.275000
42.632	4.999000
42.984	4.999000
42.984	5.388000
43.336	5.388000
43.336	5.518000
43.688	5.518000
43.688	5.195000
44.04	5.195000
44.04	6.001000
44.392	6.001000
44.392	5.771000
44.744	5.771000
44.744	5.737000
45.096	5.737000
45.096	6.650000
45.406	6.650000
45.406	6.584000
45.716	6.584000
45.716	6.701000
46.026	6.701000
46.026	5.841000
46.378	5.841000
46.378	6.074000
46.729	6.074000
46.729	5.727000
47.081	5.727000
47.081	5.579000
47.43	5.579000
47.43	5.518000
47.779	5.518000
47.779	5.772000
48.128	5.772000
48.128	7.094000
48.48	7.094000
48.48	6.975000
48.832	6.975000
48.832	7.030000
49.183	7.030000
49.183	5.652000
49.499	5.652000
49.499	5.349000
49.816	5.349000
49.816	5.616000
50.133	5.616000
50.133	5.443000
50.485	5.443000
50.485	5.604000
50.836	5.604000
50.836	5.603000
51.188	5.603000
51.188	5.692000
51.54	5.692000
51.54	6.050000
51.892	6.050000
51.892	5.612000
52.244	5.612000
52.244	6.738000
52.539	6.738000
52.539	6.764000
52.834	6.764000
52.834	6.605000
53.13	6.605000
53.13	5.746000
53.483	5.746000
53.483	5.940000
53.836	5.940000
53.836	5.825000
54.189	5.825000
54.189	5.905000
54.541	5.905000
54.541	5.540000
54.893	5.540000
54.893	5.499000
55.245	5.499000
55.245	6.943000
55.555	6.943000
55.555	6.941000
55.865	6.941000
55.865	6.641000
56.175	6.641000
56.175	6.379000
56.527	6.379000
56.527	6.780000
56.879	6.780000
56.879	6.645000
57.231	6.645000
57.231	6.200000
57.581	6.200000
57.581	5.999000
57.932	5.999000
57.932	6.070000
58.283	6.070000
58.283	6.771000
58.624	6.771000
58.624	6.511000
58.965	6.511000
58.965	6.399000
59.305	6.399000
59.305	7.138000
59.657	7.138000
59.657	6.951000
60.009	6.951000
60.009	7.390000
60.361	7.390000
60.361	6.728000
60.713	6.728000
60.713	6.373000
61.065	6.373000
61.065	6.561000
61.417	6.561000
61.417	6.129000
61.769	6.129000
61.769	5.892000
62.121	5.892000
62.121	5.846000
62.473	5.846000
62.473	5.083000
62.823	5.083000
62.823	5.470000
63.173	5.470000
63.173	5.413000
63.523	5.413000
63.523	5.850000
63.875	5.850000
63.875	5.487000
64.227	5.487000
64.227	5.296000
64.579	5.296000
64.579	5.181000
64.931	5.181000
64.931	5.242000
65.283	5.242000
65.283	4.978000
65.634	4.978000
65.634	4.834000
65.984	4.834000
65.984	5.420000
66.334	5.420000
66.334	5.582000
66.684	5.582000
66.684	7.497000
67.035	7.497000
67.035	7.616000
67.386	7.616000
67.386	7.579000
67.737	7.579000
67.737	5.545000
68.089	5.545000
68.089	5.352000
68.441	5.352000
68.441	5.661000
68.793	5.661000
68.793	5.811000
69.145	5.811000
69.145	5.957000
69.495	5.957000
69.495	6.178000
69.847	6.178000
69.847	6.473000
70.199	6.473000
70.199	6.328000
70.55	6.328000
70.55	6.530000
70.902	6.530000
70.902	6.066000
71.252	6.066000
71.252	6.226000
71.605	6.226000
71.605	6.283000
71.958	6.283000
71.958	8.053000
72.31	8.053000
72.31	7.885000
72.662	7.885000
72.662	7.720000
73.013	7.720000
73.013	6.445000
73.361	6.445000
73.361	6.727000
73.709	6.727000
73.709	6.386000
74.057	6.386000
74.057	6.525000
74.409	6.525000
74.409	6.293000
74.761	6.293000
74.761	6.458000
75.113	6.458000
75.113	6.560000
75.465	6.560000
75.465	6.403000
75.817	6.403000
75.817	6.261000
76.169	6.261000
76.169	5.201000
76.521	5.201000
76.521	5.506000
76.873	5.506000
76.873	5.032000
77.225	5.032000
77.225	5.199000
77.577	5.199000
77.577	5.250000
77.929	5.250000
77.929	5.361000
78.281	5.361000
78.281	7.006000
78.633	7.006000
78.633	7.165000
78.985	7.165000
78.985	7.054000
79.337	7.054000
79.337	7.082000
79.689	7.082000
79.689	6.906000
80.041	6.906000
80.041	6.778000
80.393	6.778000
80.393	5.750000
80.743	5.750000
80.743	5.718000
81.095	5.718000
81.095	5.664000
81.447	5.664000
81.447	5.699000
81.792	5.699000
81.792	5.743000
82.137	5.743000
82.137	5.577000
82.482	5.577000
82.482	6.816000
82.835	6.816000
82.835	7.177000
83.188	7.177000
83.188	7.137000
83.541	7.137000
83.541	6.869000
83.896	6.869000
83.896	6.459000
84.251	6.459000
84.251	6.670000
84.606	6.670000
84.606	7.088000
84.959	7.088000
84.959	7.035000
85.312	7.035000
85.312	7.041000
85.665	7.041000
85.665	6.359000
86.018	6.359000
86.018	6.601000
86.371	6.601000
86.371	6.484000
86.724	6.484000
86.724	8.567000
87.076	8.567000
87.076	8.652000
87.428	8.652000
87.428	8.574000
87.78	8.574000
87.78	9.321000
88.132	9.321000
88.132	9.389000
88.484	9.389000
88.484	9.630000
88.836	9.630000
88.836	6.299000
89.188	6.299000
89.188	6.420000
89.538	6.420000
89.538	6.412000
89.89	6.412000
89.89	5.540000
90.242	5.540000
90.242	5.324000
90.594	5.324000
90.594	5.411000
90.946	5.411000
90.946	6.218000
91.298	6.218000
91.298	6.122000
91.65	6.122000
91.65	5.921000
92.002	5.921000
92.002	4.787000
92.354	4.787000
92.354	4.760000
92.706	4.760000
92.706	4.930000
93.058	4.930000
93.058	5.564000
93.41	5.564000
93.41	4.994000
93.762	4.994000
93.762	5.283000
94.114	5.283000
94.114	7.500000
94.466	7.500000
94.466	7.333000
94.818	7.333000
94.818	7.298000
95.17	7.298000
95.17	5.291000
95.522	5.291000
95.522	5.630000
95.874	5.630000
95.874	5.139000
96.226	5.139000
96.226	6.489000
96.579	6.489000
96.579	6.213000
96.932	6.213000
96.932	6.235000
97.285	6.235000
97.285	5.782000
97.637	5.782000
97.637	6.544000
97.988	6.544000
97.988	5.837000
98.34	5.837000
98.34	7.056000
98.692	7.056000
98.692	7.306000
99.044	7.306000
99.044	6.925000
99.396	6.925000
99.396	6.635000
99.744	6.635000
99.744	6.701000
100.096	6.701000
100.096	6.676000
100.448	6.676000
100.448	6.092000
100.8	6.092000
100.8	6.616000
101.152	6.616000
101.152	6.226000
101.504	6.226000
101.504	5.621000
101.858	5.621000
101.858	6.643000
102.212	6.643000
102.212	5.648000
102.566	5.648000
102.566	5.829000
102.915	5.829000
102.915	5.589000
103.264	5.589000
103.264	5.515000
103.613	5.515000
103.613	7.768000
103.968	7.768000
103.968	7.635000
104.323	7.635000
104.323	7.447000
104.678	7.447000
104.678	6.406000
105.005	6.406000
105.005	7.058000
105.332	7.058000
105.332	6.607000
105.659	6.607000
105.659	6.107000
106.012	6.107000
106.012	5.863000
106.365	5.863000
106.365	6.012000
106.718	6.012000
106.718	6.366000
107.07	6.366000
107.07	6.531000
107.422	6.531000
107.422	6.572000
107.774	6.572000
107.774	7.083000
108.125	7.083000
108.125	6.945000
108.476	6.945000
108.476	6.757000
108.827	6.757000
108.827	5.319000
109.178	5.319000
109.178	5.026000
109.53	5.026000
109.53	5.178000
109.882	5.178000
109.882	5.785000
110.234	5.785000
110.234	6.281000
110.584	6.281000
110.584	5.741000
110.936	5.741000
110.936	6.881000
111.288	6.881000
111.288	6.929000
111.64	6.929000
111.64	6.692000
111.992	6.692000
111.992	5.676000
112.343	5.676000
112.343	5.546000
112.695	5.546000
112.695	5.508000
113.047	5.508000
113.047	5.242000
113.399	5.242000
113.399	5.611000
113.751	5.611000
113.751	5.502000
114.103	5.502000
114.103	6.964000
114.455	6.964000
114.455	6.831000
114.807	6.831000
114.807	6.856000
115.159	6.856000
115.159	6.615000
115.476	6.615000
115.476	7.019000
115.794	7.019000
115.794	6.672000
116.112	6.672000
116.112	6.217000
116.464	6.217000
116.464	6.263000
116.816	6.263000
116.816	6.063000
117.168	6.063000
117.168	6.033000
117.519	6.033000
117.519	6.484000
117.87	6.484000
117.87	6.191000
118.221	6.191000
118.221	5.579000
118.572	5.579000
118.572	5.276000
118.924	5.276000
118.924	5.449000
119.276	5.449000
119.276	6.886000
119.621	6.886000
119.621	6.725000
119.966	6.725000
119.966	6.694000
120.311	6.694000
120.311	8.564000
120.663	8.564000
120.663	8.445000
121.015	8.445000
121.015	8.302000
121.367	8.302000
121.367	6.572000
121.711	6.572000
121.711	6.798000
122.055	6.798000
122.055	6.556000
122.399	6.556000
122.399	6.890000
122.748	6.890000
122.748	7.800000
123.097	7.800000
123.097	7.217000
123.446	7.217000
123.446	6.998000
123.798	6.998000
123.798	7.537000
124.15	7.537000
124.15	7.339000
124.502	7.339000
124.502	6.613000
124.854	6.613000
124.854	6.306000
125.206	6.306000
125.206	6.326000
125.558	6.326000
125.558	7.087000
125.91	7.087000
125.91	7.571000
126.262	7.571000
126.262	6.985000
126.614	6.985000
126.614	4.315000
126.966	4.315000
126.966	4.135000
127.318	4.135000
127.318	3.999000
127.67	3.999000
127.67	6.375000
128.023	6.375000
128.023	6.372000
128.376	6.372000
128.376	5.977000
128.729	5.977000
128.729	5.252000
129.081	5.252000
129.081	5.395000
129.433	5.395000
129.433	5.500000
129.785	5.500000
129.785	5.579000
130.137	5.579000
130.137	5.876000
130.489	5.876000
130.489	5.664000
130.841	5.664000
130.841	6.114000
131.191	6.114000
131.191	5.941000
131.542	5.941000
131.542	5.821000
131.893	5.821000
131.893	7.042000
132.239	7.042000
132.239	7.934000
132.584	7.934000
132.584	7.116000
132.93	7.116000
132.93	7.294000
133.282	7.294000
133.282	7.241000
133.634	7.241000
133.634	7.230000
133.986	7.230000
133.986	6.013000
134.338	6.013000
134.338	5.791000
134.69	5.791000
134.69	5.875000
135.042	5.875000
135.042	7.412000
135.392	7.412000
135.392	7.428000
135.742	7.428000
135.742	7.161000
136.092	7.161000
136.092	7.497000
136.443	7.497000
136.443	7.619000
136.794	7.619000
136.794	7.331000
137.146	7.331000
137.146	5.180000
137.496	5.180000
137.496	4.939000
137.847	4.939000
137.847	5.136000
138.198	5.136000
138.198	5.489000
138.549	5.489000
138.549	6.125000
138.9	6.125000
138.9	5.651000
139.251	5.651000
139.251	6.229000
139.603	6.229000
139.603	6.829000
139.955	6.829000
139.955	6.259000
140.307	6.259000
140.307	6.067000
140.622	6.067000
140.622	5.818000
140.939	5.818000
140.939	5.817000
141.255	5.817000
141.255	6.091000
141.608	6.091000
141.608	6.689000
141.961	6.689000
141.961	6.443000
142.314	6.443000
142.314	5.671000
142.666	5.671000
142.666	6.363000
143.018	6.363000
143.018	5.750000
143.37	5.750000
143.37	5.437000
143.72	5.437000
143.72	5.418000
144.07	5.418000
144.07	5.496000
144.42	5.496000
144.42	5.855000
144.772	5.855000
144.772	5.733000
145.123	5.733000
145.123	5.635000
145.475	5.635000
145.475	6.499000
145.827	6.499000
145.827	6.437000
146.179	6.437000
146.179	6.473000
146.531	6.473000
146.531	6.211000
146.883	6.211000
146.883	6.123000
147.235	6.123000
147.235	5.999000
147.587	5.999000
147.587	5.327000
147.939	5.327000
147.939	5.289000
148.291	5.289000
148.291	5.153000
148.643	5.153000
148.643	7.181000
148.993	7.181000
148.993	7.130000
149.343	7.130000
149.343	7.391000
149.692	7.391000
149.692	5.825000
150.044	5.825000
150.044	6.297000
150.396	6.297000
150.396	5.935000
150.748	5.935000
150.748	7.421000
151.099	7.421000
151.099	7.495000
151.451	7.495000
151.451	6.895000
151.803	6.895000
151.803	5.680000
152.155	5.680000
152.155	6.438000
152.507	6.438000
152.507	6.036000
152.859	6.036000
152.859	8.104000
153.208	8.104000
153.208	8.107000
153.557	8.107000
153.557	7.974000
153.906	7.974000
153.906	5.686000
154.253	5.686000
154.253	5.776000
154.601	5.776000
154.601	6.061000
154.949	6.061000
154.949	6.432000
155.301	6.432000
155.301	6.790000
155.653	6.790000
155.653	6.701000
156.005	6.701000
156.005	5.721000
156.322	5.721000
156.322	5.928000
156.639	5.928000
156.639	6.047000
156.956	6.047000
156.956	5.056000
157.308	5.056000
157.308	4.971000
157.66	4.971000
157.66	5.071000
158.012	5.071000
158.012	6.666000
158.364	6.666000
158.364	7.043000
158.716	7.043000
158.716	7.006000
159.068	7.006000
159.068	4.997000
159.418	4.997000
159.418	5.339000
159.768	5.339000
159.768	5.190000
160.118	5.190000
160.118	7.757000
160.468	7.757000
160.468	7.774000
160.819	7.774000
160.819	7.479000
161.17	7.479000
161.17	6.125000
161.522	6.125000
161.522	6.455000
161.874	6.455000
161.874	6.238000
162.226	6.238000
162.226	6.157000
162.578	6.157000
162.578	5.902000
162.93	5.902000
162.93	5.901000
163.282	5.901000
163.282	5.423000
163.582	5.423000
163.582	5.423000
163.882	5.423000
163.882	5.268000
164.182	5.268000
164.182	7.951000
164.485	7.951000
164.485	7.822000
164.788	7.822000
164.788	7.487000
165.091	7.487000
165.091	7.479000
165.441	7.479000
165.441	7.429000
165.791	7.429000
165.791	7.226000
166.141	7.226000
166.141	7.516000
166.492	7.516000
166.492	7.520000
166.843	7.520000
166.843	7.802000
167.195	7.802000
167.195	8.712000
167.547	8.712000
167.547	8.674000
167.899	8.674000
167.899	8.395000
168.25	8.395000
168.25	6.089000
168.602	6.089000
168.602	5.568000
168.954	5.568000
168.954	5.780000
169.306	5.780000
169.306	5.689000
169.617	5.689000
169.617	5.964000
169.928	5.964000
169.928	5.597000
170.239	5.597000
170.239	4.496000
170.591	4.496000
170.591	4.545000
170.943	4.545000
170.943	4.756000
171.295	4.756000
171.295	5.259000
171.647	5.259000
171.647	5.299000
171.999	5.299000
171.999	5.474000
172.351	5.474000
172.351	5.145000
172.703	5.145000
172.703	5.274000
173.055	5.274000
173.055	4.890000
173.407	4.890000
173.407	6.507000
173.746	6.507000
173.746	6.243000
174.085	6.243000
174.085	6.673000
174.424	6.673000
174.424	5.405000
174.776	5.405000
174.776	5.349000
175.128	5.349000
175.128	5.498000
175.48	5.498000
175.48	5.776000
175.832	5.776000
175.832	6.345000
176.184	6.345000
176.184	5.697000
176.536	5.697000
176.536	5.396000
176.888	5.396000
176.888	5.990000
177.24	5.990000
177.24	5.342000
177.592	5.342000
177.592	6.567000
177.943	6.567000
177.943	6.040000
178.294	6.040000
178.294	6.048000
178.645	6.048000
178.645	5.428000
178.997	5.428000
178.997	6.022000
179.349	6.022000
179.349	5.690000
179.701	5.690000
179.701	7.887000
180.052	7.887000
180.052	7.755000
180.403	7.755000
180.403	7.354000
180.754	7.354000
180.754	5.565000
181.106	5.565000
181.106	5.140000
181.458	5.140000
181.458	5.306000
181.81	5.306000
181.81	5.679000
182.161	5.679000
182.161	5.805000
182.511	5.805000
182.511	5.668000
182.862	5.668000
182.862	6.698000
183.213	6.698000
183.213	6.923000
183.564	6.923000
183.564	6.863000
183.914	6.863000
183.914	6.687000
184.264	6.687000
184.264	5.947000
184.614	5.947000
184.614	5.885000
184.964	5.885000
184.964	6.790000
185.316	6.790000
185.316	6.943000
185.668	6.943000
185.668	6.946000
186.019	6.946000
186.019	5.604000
186.371	5.604000
186.371	6.214000
186.723	6.214000
186.723	5.980000
187.075	5.980000
187.075	5.166000
187.428	5.166000
187.428	5.314000
187.781	5.314000
187.781	5.128000
188.134	5.128000
188.134	5.393000
188.486	5.393000
188.486	5.721000
188.837	5.721000
188.837	5.130000
189.189	5.130000
189.189	6.158000
189.541	6.158000
189.541	6.706000
189.893	6.706000
189.893	6.432000
190.245	6.432000
190.245	5.804000
190.598	5.804000
190.598	5.985000
190.951	5.985000
190.951	6.353000
191.304	6.353000
191.304	6.466000
191.656	6.466000
191.656	6.114000
192.008	6.114000
192.008	6.238000
192.36	6.238000
192.36	5.106000
192.713	5.106000
192.713	6.004000
193.066	6.004000
193.066	5.619000
193.419	5.619000
193.419	5.294000
193.769	5.294000
193.769	6.018000
194.119	6.018000
194.119	5.440000
194.469	5.440000
194.469	6.454000
194.821	6.454000
194.821	6.519000
195.173	6.519000
195.173	6.558000
195.525	6.558000
195.525	4.748000
195.877	4.748000
195.877	4.541000
196.229	4.541000
196.229	4.639000
196.581	4.639000
196.581	8.419000
196.927	8.419000
196.927	8.590000
197.273	8.590000
197.273	8.166000
197.618	8.166000
197.618	6.422000
197.963	6.422000
197.963	6.485000
198.309	6.485000
198.309	6.745000
198.656	6.745000
198.656	8.080000
199.004	8.080000
199.004	7.919000
199.352	7.919000
199.352	7.720000
199.7	7.720000
199.7	6.140000
200.052	6.140000
200.052	6.607000
200.404	6.607000
200.404	6.093000
200.756	6.093000
200.756	5.970000
201.108	5.970000
201.108	5.189000
201.46	5.189000
201.46	5.508000
201.812	5.508000
201.812	5.389000
202.164	5.389000
202.164	5.741000
202.516	5.741000
202.516	5.332000
202.868	5.332000
202.868	4.515000
203.219	4.515000
203.219	4.494000
203.571	4.494000
203.571	4.136000
203.923	4.136000
203.923	5.641000
204.24	5.641000
204.24	5.430000
204.557	5.430000
204.557	5.562000
204.874	5.562000
204.874	4.672000
205.225	4.672000
205.225	4.942000
205.576	4.942000
205.576	4.968000
205.927	4.968000
205.927	5.619000
206.243	5.619000
206.243	5.916000
206.559	5.916000
206.559	6.059000
206.875	6.059000
206.875	5.577000
207.192	5.577000
207.192	5.526000
207.509	5.526000
207.509	5.984000
207.826	5.984000
207.826	7.431000
208.178	7.431000
208.178	7.401000
208.53	7.401000
208.53	7.236000
208.882	7.236000
208.882	5.439000
209.234	5.439000
209.234	5.612000
209.586	5.612000
209.586	5.803000
209.938	5.803000
209.938	5.789000
210.253	5.789000
210.253	5.674000
210.568	5.674000
210.568	5.876000
210.883	5.876000
210.883	7.528000
211.235	7.528000
211.235	7.408000
211.587	7.408000
211.587	7.046000
211.939	7.046000
211.939	6.347000
212.292	6.347000
212.292	6.505000
212.645	6.505000
212.645	6.413000
212.998	6.413000
212.998	5.799000
213.315	5.799000
213.315	5.804000
213.632	5.804000
213.632	6.040000
213.949	6.040000
213.949	5.424000
214.301	5.424000
214.301	5.449000
214.653	5.449000
214.653	5.725000
215.005	5.725000
215.005	5.989000
215.322	5.989000
215.322	6.072000
215.639	6.072000
215.639	6.597000
215.956	6.597000
215.956	5.125000
216.308	5.125000
216.308	5.269000
216.66	5.269000
216.66	5.696000
217.012	5.696000
217.012	6.471000
217.364	6.471000
217.364	6.483000
217.716	6.483000
217.716	6.651000
218.068	6.651000
218.068	5.679000
218.419	5.679000
218.419	5.961000
218.771	5.961000
218.771	5.656000
219.123	5.656000
219.123	5.377000
219.44	5.377000
219.44	5.284000
219.757	5.284000
219.757	5.909000
220.074	5.909000
220.074	7.100000
220.426	7.100000
220.426	7.124000
220.778	7.124000
220.778	7.116000
221.13	7.116000
221.13	5.004000
221.446	5.004000
221.446	4.990000
221.761	4.990000
221.761	5.470000
222.077	5.470000
222.077	5.947000
222.43	5.947000
222.43	5.978000
222.783	5.978000
222.783	6.334000
223.135	6.334000
223.135	5.677000
223.451	5.677000
223.451	6.130000
223.767	6.130000
223.767	5.951000
224.082	5.951000
224.082	5.456000
224.399	5.456000
224.399	5.253000
224.716	5.253000
224.716	5.392000
225.033	5.392000
225.033	7.133000
225.385	7.133000
225.385	7.172000
225.737	7.172000
225.737	6.699000
226.089	6.699000
226.089	5.062000
226.441	5.062000
226.441	5.065000
226.793	5.065000
226.793	5.338000
227.144	5.338000
227.144	7.177000
227.495	7.177000
227.495	7.167000
227.846	7.167000
227.846	6.940000
228.197	6.940000
228.197	7.436000
228.549	7.436000
228.549	7.358000
228.901	7.358000
228.901	7.207000
229.253	7.207000
229.253	5.080000
229.603	5.080000
229.603	4.958000
229.953	4.958000
229.953	5.111000
230.303	5.111000
230.303	7.048000
230.655	7.048000
230.655	7.114000
231.007	7.114000
231.007	6.951000
231.359	6.951000
231.359	6.734000
231.71	6.734000
231.71	6.933000
232.061	6.933000
232.061	6.661000
232.412	6.661000
232.412	6.192000
232.762	6.192000
232.762	5.978000
233.112	5.978000
233.112	6.218000
233.462	6.218000
233.462	6.776000
233.794	6.776000
233.794	7.036000
234.126	7.036000
234.126	6.560000
234.458	6.560000
234.458	5.849000
234.81	5.849000
234.81	5.958000
235.162	5.958000
235.162	5.965000
235.514	5.965000
235.514	5.708000
235.831	5.708000
235.831	5.775000
236.148	5.775000
236.148	6.126000
236.465	6.126000
236.465	4.821000
236.817	4.821000
236.817	4.854000
237.169	4.854000
237.169	4.310000
237.521	4.310000
237.521	5.405000
237.872	5.405000
237.872	5.481000
238.223	5.481000
238.223	5.125000
238.574	5.125000
238.574	4.573000
238.926	4.573000
238.926	4.469000
239.278	4.469000
239.278	4.789000
239.63	4.789000
239.63	5.221000
239.946	5.221000
239.946	5.676000
240.262	5.676000
240.262	5.649000
240.578	5.649000
240.578	6.716000
240.928	6.716000
240.928	6.818000
241.278	6.818000
241.278	6.772000
241.628	6.772000
241.628	5.862000
241.98	5.862000
241.98	5.957000
242.332	5.957000
242.332	6.392000
242.684	6.392000
242.684	7.892000
243.014	7.892000
243.014	7.744000
243.344	7.744000
243.344	7.914000
243.674	7.914000
243.674	8.223000
244.026	8.223000
244.026	8.186000
244.378	8.186000
244.378	8.569000
244.73	8.569000
244.73	5.769000
245.047	5.769000
245.047	5.738000
245.364	5.738000
245.364	5.900000
245.681	5.900000
245.681	5.394000
246.032	5.394000
246.032	5.679000
246.383	5.679000
246.383	5.566000
246.734	5.566000
246.734	4.809000
247.085	4.809000
247.085	5.498000
247.436	5.498000
247.436	5.307000
247.787	5.307000
247.787	4.551000
248.102	4.551000
248.102	4.960000
248.419	4.960000
248.419	5.266000
248.736	5.266000
248.736	5.706000
249.052	5.706000
249.052	5.937000
249.368	5.937000
249.368	5.842000
249.684	5.842000
249.684	5.258000
250.036	5.258000
250.036	5.424000
250.388	5.424000
250.388	5.308000
250.74	5.308000
250.74	6.146000
251.09	6.146000
251.09	6.317000
251.442	6.317000
251.442	6.342000
251.794	6.342000
251.794	7.687000
252.146	7.687000
252.146	7.819000
252.498	7.819000
252.498	7.288000
252.85	7.288000
252.85	5.237000
253.202	5.237000
253.202	5.927000
253.554	5.927000
253.554	5.674000
253.906	5.674000
253.906	4.658000
254.258	4.658000
254.258	4.697000
254.61	4.697000
254.61	4.996000
254.962	4.996000
254.962	5.850000
255.314	5.850000
255.314	5.947000
255.666	5.947000
255.666	5.888000
256.018	5.888000
256.018	4.874000
256.335	4.874000
256.335	5.097000
256.651	5.097000
256.651	5.125000
256.968	5.125000
256.968	5.157000
257.285	5.157000
257.285	5.102000
257.602	5.102000
257.602	5.560000
257.919	5.560000
257.919	5.751000
258.236	5.751000
258.236	5.973000
258.552	5.973000
258.552	6.093000
258.869	6.093000
258.869	5.137000
259.172	5.137000
259.172	5.233000
259.475	5.233000
259.475	5.392000
259.778	5.392000
259.778	5.175000
260.13	5.175000
260.13	5.133000
260.482	5.133000
260.482	4.573000
260.834	4.573000
260.834	7.178000
261.149	7.178000
261.149	7.191000
261.464	7.191000
261.464	7.318000
261.779	7.318000
261.779	5.556000
262.131	5.556000
262.131	5.630000
262.483	5.630000
262.483	6.095000
262.835	6.095000
262.835	5.727000
263.152	5.727000
263.152	5.840000
263.469	5.840000
263.469	5.965000
263.786	5.965000
263.786	7.870000
264.136	7.870000
264.136	7.816000
264.486	7.816000
264.486	8.062000
264.835	8.062000
264.835	5.663000
265.186	5.663000
265.186	5.727000
265.537	5.727000
265.537	6.032000
265.888	6.032000
265.888	7.110000
266.24	7.110000
266.24	6.988000
266.592	6.988000
266.592	6.932000
266.944	6.932000
266.944	6.273000
267.296	6.273000
267.296	6.088000
267.648	6.088000
267.648	5.922000
268.0	5.922000
268.0	5.664000
268.351	5.664000
268.351	5.793000
268.702	5.793000
268.702	5.842000
269.053	5.842000
269.053	5.328000
269.404	5.328000
269.404	5.798000
269.755	5.798000
269.755	5.767000
270.106	5.767000
270.106	6.736000
270.457	6.736000
270.457	6.478000
270.808	6.478000
270.808	6.672000
271.159	6.672000
271.159	5.677000
271.476	5.677000
271.476	5.128000
271.793	5.128000
271.793	5.667000
272.11	5.667000
272.11	5.594000
272.462	5.594000
272.462	5.551000
272.814	5.551000
272.814	5.468000
273.166	5.468000
273.166	4.082000
273.518	4.082000
273.518	4.080000
273.87	4.080000
273.87	3.665000
274.222	3.665000
274.222	4.967000
274.54	4.967000
274.54	4.869000
274.858	4.869000
274.858	5.184000
275.176	5.184000
275.176	5.762000
275.493	5.762000
275.493	6.006000
275.81	6.006000
275.81	6.019000
276.127	6.019000
276.127	5.546000
276.479	5.546000
276.479	5.712000
276.831	5.712000
276.831	5.869000
277.183	5.869000
277.183	5.296000
277.5	5.296000
277.5	5.350000
277.817	5.350000
277.817	5.648000
278.134	5.648000
278.134	6.233000
278.445	6.233000
278.445	6.081000
278.756	6.081000
278.756	6.071000
279.067	6.071000
279.067	7.175000
279.378	7.175000
279.378	7.188000
279.689	7.188000
279.689	7.322000
280.0	7.322000
280.0	6.355000
280.316	6.355000
280.316	6.344000
280.633	6.344000
280.633	6.583000
280.95	6.583000
280.95	7.029000
281.26	7.029000
281.26	7.261000
281.57	7.261000
281.57	6.776000
281.88	6.776000
281.88	8.201000
282.197	8.201000
282.197	8.307000
282.514	8.307000
282.514	8.274000
282.83	8.274000
282.83	7.601000
283.183	7.601000
283.183	7.519000
283.536	7.519000
283.536	7.536000
283.889	7.536000
283.889	6.677000
284.237	6.677000
284.237	6.853000
284.585	6.853000
284.585	6.498000
284.933	6.498000
284.933	5.405000
285.285	5.405000
285.285	5.621000
285.636	5.621000
285.636	5.833000
285.988	5.833000
285.988	6.096000
286.341	6.096000
286.341	6.472000
286.694	6.472000
286.694	6.318000
287.046	6.318000
287.046	8.212000
287.356	8.212000
287.356	8.174000
287.665	8.174000
287.665	8.142000
287.975	8.142000
287.975	6.012000
288.327	6.012000
288.327	6.014000
288.679	6.014000
288.679	5.693000
289.031	5.693000
289.031	5.636000
289.383	5.636000
289.383	5.790000
289.735	5.790000
289.735	5.992000
290.087	5.992000
290.087	5.604000
290.403	5.604000
290.403	5.784000
290.719	5.784000
290.719	6.098000
291.035	6.098000
291.035	5.420000
291.351	5.420000
291.351	5.484000
291.667	5.484000
291.667	5.260000
291.983	5.260000
291.983	5.371000
292.336	5.371000
292.336	5.538000
292.689	5.538000
292.689	5.665000
293.042	5.665000
293.042	4.653000
293.394	4.653000
293.394	4.384000
293.746	4.384000
293.746	4.306000
294.098	4.306000
294.098	5.199000
294.405	5.199000
294.405	5.254000
294.712	5.254000
294.712	5.299000
295.019	5.299000
295.019	5.146000
295.335	5.146000
295.335	5.554000
295.651	5.554000
295.651	5.945000
295.967	5.945000
295.967	4.914000
296.32	4.914000
296.32	5.199000
296.673	5.199000
296.673	5.231000
297.026	5.231000
297.026	5.175000
297.342	5.175000
297.342	5.142000
297.658	5.142000
297.658	5.561000
297.974	5.561000
297.974	6.174000
298.291	6.174000
298.291	6.610000
298.608	6.610000
298.608	6.352000
298.925	6.352000
298.925	7.261000
299.276	7.261000
299.276	7.382000
299.627	7.382000
299.627	6.888000
299.978	6.888000
299.978	6.438000
300.331	6.438000
300.331	6.303000
300.684	6.303000
300.684	6.439000
301.037	6.439000
301.037	5.199000
301.388	5.199000
301.388	5.499000
301.739	5.499000
301.739	5.514000
302.09	5.514000
302.09	6.196000
302.44	6.196000
302.44	6.259000
302.791	6.259000
302.791	5.921000
303.142	5.921000
303.142	5.295000
303.458	5.295000
303.458	5.160000
303.774	5.160000
303.774	5.735000
304.09	5.735000
304.09	7.161000
304.438	7.161000
304.438	7.110000
304.786	7.110000
304.786	7.036000
305.134	7.036000
305.134	5.246000
305.485	5.246000
305.485	5.853000
305.836	5.853000
305.836	5.784000
306.187	5.784000
306.187	5.981000
306.537	5.981000
306.537	6.051000
306.887	6.051000
306.887	6.422000
307.237	6.422000
307.237	7.087000
307.589	7.087000
307.589	7.253000
307.941	7.253000
307.941	6.555000
308.293	6.555000
308.293	5.319000
308.61	5.319000
308.61	5.345000
308.927	5.345000
308.927	5.554000
309.244	5.554000
309.244	5.702000
309.561	5.702000
309.561	5.748000
309.878	5.748000
309.878	5.984000
310.195	5.984000
310.195	4.996000
310.547	4.996000
310.547	4.969000
310.899	4.969000
310.899	4.729000
311.251	4.729000
311.251	5.060000
311.568	5.060000
311.568	5.349000
311.885	5.349000
311.885	5.351000
312.202	5.351000
312.202	4.459000
312.553	4.459000
312.553	4.473000
312.904	4.473000
312.904	4.130000
313.255	4.130000
313.255	6.214000
313.602	6.214000
313.602	6.346000
313.949	6.346000
313.949	5.839000
314.296	5.839000
314.296	6.920000
314.648	6.920000
314.648	6.578000
314.998	6.578000
314.998	7.499000
315.35	7.499000
315.35	6.542000
315.7	6.542000
315.7	6.496000
316.05	6.496000
316.05	6.397000
316.401	6.397000
316.401	5.676000
316.718	5.676000
316.718	5.623000
317.035	5.623000
317.035	5.934000
317.352	5.934000
317.352	5.911000
317.668	5.911000
317.668	6.192000
317.984	6.192000
317.984	6.227000
318.3	6.227000
318.3	5.725000
318.62	5.725000
318.62	6.039000
318.94	6.039000
318.94	6.128000
319.26	6.128000
319.26	5.573000
319.576	5.573000
319.576	5.484000
319.893	5.484000
319.893	5.802000
320.21	5.802000
320.21	5.496000
320.526	5.496000
320.526	5.677000
320.842	5.677000
320.842	5.764000
321.158	5.764000
321.158	7.290000
321.509	7.290000
321.509	7.282000
321.86	7.282000
321.86	6.662000
322.211	6.662000
322.211	6.285000
322.528	6.285000
322.528	6.387000
322.845	6.387000
322.845	6.745000
323.162	6.745000
323.162	7.014000
323.514	7.014000
323.514	6.823000
323.866	6.823000
323.866	6.618000
324.218	6.618000
324.218	5.694000
324.535	5.694000
324.535	5.893000
324.852	5.893000
324.852	6.145000
325.169	6.145000
325.169	5.330000
325.488	5.330000
325.488	5.454000
325.807	5.454000
325.807	5.695000
326.126	5.695000
326.126	6.604000
326.477	6.604000
326.477	6.568000
326.828	6.568000
326.828	6.295000
327.179	6.295000
327.179	4.574000
327.531	4.574000
327.531	4.618000
327.883	4.618000
327.883	4.056000
328.235	4.056000
328.235	6.500000
328.552	6.500000
328.552	6.872000
328.869	6.872000
328.869	6.669000
329.186	6.669000
329.186	4.531000
329.503	4.531000
329.503	4.525000
329.82	4.525000
329.82	4.811000
330.137	4.811000
330.137	5.090000
330.489	5.090000
330.489	5.043000
330.841	5.043000
330.841	4.972000
331.193	4.972000
331.193	5.704000
331.545	5.704000
331.545	5.595000
331.897	5.595000
331.897	5.300000
332.249	5.300000
332.249	7.488000
332.566	7.488000
332.566	7.294000
332.883	7.294000
332.883	7.816000
333.2	7.816000
333.2	6.883000
333.516	6.883000
333.516	7.011000
333.83	7.011000
333.83	7.087000
334.146	7.087000
334.146	5.121000
334.462	5.121000
334.462	5.185000
334.778	5.185000
334.778	5.323000
335.094	5.323000
335.094	5.150000
335.446	5.150000
335.446	5.614000
335.798	5.614000
335.798	5.443000
336.15	5.443000
336.15	5.736000
336.502	5.736000
336.502	5.861000
336.854	5.861000
336.854	6.104000
337.206	6.104000
337.206	5.360000
337.555	5.360000
337.555	5.172000
337.904	5.172000
337.904	5.666000
338.253	5.666000
338.253	7.157000
338.604	7.157000
338.604	7.044000
338.955	7.044000
338.955	6.806000
339.306	6.806000
339.306	8.373000
339.657	8.373000
339.657	8.660000
340.008	8.660000
340.008	6.275000
340.325	6.275000
340.325	6.072000
340.642	6.072000
340.642	6.264000
340.959	6.264000
340.959	7.216000
341.308	7.216000
341.308	7.180000
341.657	7.180000
341.657	6.903000
342.006	6.903000
342.006	5.141000
342.322	5.141000
342.322	5.296000
342.637	5.296000
342.637	5.568000
342.953	5.568000
342.953	5.286000
343.27	5.286000
343.27	5.060000
343.587	5.060000
343.587	5.246000
343.904	5.246000
343.904	6.910000
344.256	6.910000
344.256	6.936000
344.608	6.936000
344.608	6.301000
344.96	6.301000
344.96	6.534000
345.276	6.534000
345.276	6.712000
345.592	6.712000
345.592	6.785000
345.908	6.785000
345.908	6.273000
346.26	6.273000
346.26	6.539000
346.612	6.539000
346.612	6.656000
346.964	6.656000
346.964	5.624000
347.312	5.624000
347.312	5.605000
347.66	5.605000
347.66	5.402000
348.008	5.402000
348.008	5.719000
348.324	5.719000
348.324	5.675000
348.64	5.675000
348.64	5.682000
348.956	5.682000
348.956	6.064000
349.273	6.064000
349.273	6.323000
349.59	6.323000
349.59	6.157000
349.907	6.157000
349.907	7.638000
350.258	7.638000
350.258	7.809000
350.609	7.809000
350.609	7.517000
350.959	7.517000
350.959	5.018000
351.311	5.018000
351.311	4.832000
351.663	4.832000
351.663	4.986000
352.015	4.986000
352.015	5.761000
352.332	5.761000
352.332	6.328000
352.648	6.328000
352.648	6.146000
352.965	6.146000
352.965	5.500000
353.317	5.500000
353.317	5.410000
353.669	5.410000
353.669	4.986000
354.021	4.986000
354.021	5.114000
354.373	5.114000
354.373	5.020000
354.724	5.020000
354.724	5.304000
355.076	5.304000
355.076	5.858000
355.393	5.858000
355.393	6.119000
355.71	6.119000
355.71	6.102000
356.027	6.102000
356.027	4.913000
356.378	4.913000
356.378	5.202000
356.729	5.202000
356.729	5.321000
357.08	5.321000
357.08	6.438000
357.432	6.438000
357.432	6.031000
357.784	6.031000
357.784	6.461000
358.136	6.461000
358.136	6.908000
358.488	6.908000
358.488	6.699000
358.84	6.699000
358.84	6.850000
359.192	6.850000
359.192	6.343000
359.544	6.343000
359.544	6.461000
359.895	6.461000
359.895	6.335000
360.247	6.335000
360.247	5.454000
360.564	5.454000
360.564	5.489000
360.88	5.489000
360.88	5.630000
361.197	5.630000
361.197	5.548000
361.548	5.548000
361.548	5.447000
361.899	5.447000
361.899	5.508000
362.25	5.508000
362.25	7.448000
362.602	7.448000
362.602	7.245000
362.954	7.245000
362.954	6.974000
363.306	6.974000
363.306	5.725000
363.658	5.725000
363.658	5.698000
364.009	5.698000
364.009	5.809000
364.361	5.809000
364.361	6.788000
364.678	6.788000
364.678	6.960000
364.995	6.960000
364.995	6.980000
365.312	6.980000
365.312	7.963000
365.663	7.963000
365.663	8.011000
366.014	8.011000
366.014	7.884000
366.364	7.884000
366.364	5.642000
366.716	5.642000
366.716	5.544000
367.068	5.544000
367.068	5.781000
367.42	5.781000
367.42	7.801000
367.772	7.801000
367.772	7.724000
368.124	7.724000
368.124	7.610000
368.476	7.610000
368.476	5.125000
368.793	5.125000
368.793	5.612000
369.11	5.612000
369.11	5.349000
369.427	5.349000
369.427	6.188000
369.744	6.188000
369.744	5.813000
370.061	5.813000
370.061	6.084000
370.378	6.084000
370.378	3.929000
370.73	3.929000
370.73	4.069000
371.082	4.069000
371.082	3.595000
371.434	3.595000
371.434	6.879000
371.786	6.879000
371.786	6.855000
372.138	6.855000
372.138	6.609000
372.49	6.609000
372.49	4.721000
372.842	4.721000
372.842	4.758000
373.194	4.758000
373.194	5.136000
373.545	5.136000
373.545	5.760000
373.861	5.760000
373.861	5.945000
374.177	5.945000
374.177	6.163000
374.493	6.163000
374.493	5.249000
374.841	5.249000
374.841	5.562000
375.189	5.562000
375.189	5.340000
375.537	5.340000
375.537	5.810000
375.889	5.810000
375.889	5.477000
376.241	5.477000
376.241	6.058000
376.593	6.058000
376.593	7.132000
376.945	7.132000
376.945	7.115000
377.297	7.115000
377.297	6.819000
377.649	6.819000
377.649	7.363000
378.001	7.363000
378.001	7.564000
378.352	7.564000
378.352	7.815000
378.704	7.815000
378.704	6.121000
379.021	6.121000
379.021	5.798000
379.338	5.798000
379.338	5.939000
379.655	5.939000
379.655	6.444000
379.964	6.444000
379.964	6.869000
380.272	6.869000
380.272	6.495000
380.581	6.495000
380.581	7.509000
380.933	7.509000
380.933	8.172000
381.285	8.172000
381.285	8.289000
381.637	8.289000
381.637	6.498000
381.989	6.498000
381.989	6.549000
382.341	6.549000
382.341	6.565000
382.693	6.565000
382.693	6.058000
383.045	6.058000
383.045	6.578000
383.397	6.578000
383.397	6.327000
383.749	6.327000
383.749	6.073000
384.101	6.073000
384.101	6.176000
384.453	6.176000
384.453	6.622000
384.805	6.622000
384.805	4.808000
385.123	4.808000
385.123	5.126000
385.441	5.126000
385.441	5.295000
385.759	5.295000
385.759	5.518000
386.046	5.518000
386.046	5.838000
386.333	5.838000
386.333	5.528000
386.62	5.528000
386.62	4.677000
386.937	4.677000
386.937	5.056000
387.254	5.056000
387.254	5.075000
387.571	5.075000
387.571	4.767000
387.923	4.767000
387.923	4.621000
388.275	4.621000
388.275	4.689000
388.627	4.689000
388.627	6.663000
388.979	6.663000
388.979	6.694000
389.331	6.694000
389.331	6.248000
389.683	6.248000
389.683	5.332000
390.0	5.332000
390.0	5.243000
390.317	5.243000
390.317	5.427000
390.634	5.427000
390.634	5.896000
390.951	5.896000
390.951	6.485000
391.268	6.485000
391.268	5.966000
391.585	5.966000
391.585	5.471000
391.937	5.471000
391.937	5.485000
392.288	5.485000
392.288	5.831000
392.64	5.831000
392.64	6.015000
392.959	6.015000
392.959	5.997000
393.278	5.997000
393.278	5.909000
393.597	5.909000
393.597	5.909000
393.914	5.909000
393.914	6.406000
394.231	6.406000
394.231	6.484000
394.548	6.484000
394.548	5.711000
394.865	5.711000
394.865	5.990000
395.182	5.990000
395.182	5.956000
395.499	5.956000
395.499	6.056000
395.817	6.056000
395.817	5.720000
396.136	5.720000
396.136	5.892000
396.455	5.892000
396.455	8.206000
396.807	8.206000
396.807	8.146000
397.159	8.146000
397.159	7.756000
397.511	7.756000
397.511	7.196000
397.863	7.196000
397.863	7.315000
398.215	7.315000
398.215	6.409000
398.567	6.409000
398.567	6.045000
398.92	6.045000
398.92	5.874000
399.273	5.874000
399.273	6.055000
399.626	6.055000
399.626	7.413000
399.941	7.413000
399.941	7.621000
400.256	7.621000
400.256	7.569000
400.572	7.569000
400.572	6.942000
400.924	6.942000
400.924	7.459000
401.276	7.459000
401.276	7.384000
401.628	7.384000
401.628	5.644000
401.981	5.644000
401.981	5.649000
402.334	5.649000
402.334	6.026000
402.687	6.026000
402.687	4.296000
403.04	4.296000
403.04	4.513000
403.393	4.513000
403.393	4.202000
403.746	4.202000
403.746	6.727000
404.098	6.727000
404.098	6.583000
404.45	6.583000
404.45	6.416000
404.802	6.416000
404.802	5.768000
405.119	5.768000
405.119	5.796000
405.437	5.796000
405.437	6.251000
405.755	6.251000
405.755	4.969000
406.072	4.969000
406.072	5.578000
406.388	5.578000
406.388	5.399000
406.705	5.399000
406.705	5.070000
407.057	5.070000
407.057	5.525000
407.409	5.525000
407.409	5.435000
407.761	5.435000
407.761	5.717000
408.079	5.717000
408.079	5.699000
408.397	5.699000
408.397	5.895000
408.715	5.895000
408.715	7.596000
409.069	7.596000
409.069	7.624000
409.423	7.624000
409.423	7.196000
409.777	7.196000
409.777	8.323000
410.13	8.323000
410.13	8.309000
410.483	8.309000
410.483	8.188000
410.836	8.188000
410.836	5.983000
411.147	5.983000
411.147	5.775000
411.459	5.775000
411.459	5.844000
411.771	5.844000
411.771	6.107000
412.088	6.107000
412.088	6.655000
412.404	6.655000
412.404	6.598000
412.721	6.598000
412.721	6.690000
413.038	6.690000
413.038	7.009000
413.355	7.009000
413.355	6.963000
413.672	6.963000
413.672	6.114000
413.99	6.114000
413.99	6.353000
414.308	6.353000
414.308	6.160000
414.626	6.160000
414.626	6.530000
414.944	6.530000
414.944	6.935000
415.262	6.935000
415.262	6.901000
415.58	6.901000
415.58	6.041000
415.932	6.041000
415.932	6.327000
416.284	6.327000
416.284	6.419000
416.636	6.419000
416.636	5.725000
416.988	5.725000
416.988	5.771000
417.34	5.771000
417.34	5.837000
417.692	5.837000
417.692	5.225000
418.044	5.225000
418.044	5.393000
418.395	5.393000
418.395	5.727000
418.747	5.727000
418.747	7.272000
419.099	7.272000
419.099	7.328000
419.451	7.328000
419.451	7.281000
419.803	7.281000
419.803	5.800000
420.12	5.800000
420.12	5.591000
420.437	5.591000
420.437	5.766000
420.754	5.766000
420.754	5.651000
421.07	5.651000
421.07	5.858000
421.383	5.858000
421.383	6.096000
421.699	6.096000
421.699	6.977000
422.051	6.977000
422.051	6.978000
422.403	6.978000
422.403	6.776000
422.755	6.776000
422.755	5.270000
423.107	5.270000
423.107	5.466000
423.459	5.466000
423.459	5.675000
423.811	5.675000
423.811	6.567000
424.163	6.567000
424.163	6.536000
424.515	6.536000
424.515	6.739000
424.867	6.739000
424.867	4.894000
425.218	4.894000
425.218	5.118000
425.569	5.118000
425.569	5.329000
425.92	5.329000
425.92	6.793000
426.236	6.793000
426.236	6.364000
426.553	6.364000
426.553	6.869000
426.87	6.869000
426.87	6.890000
427.222	6.890000
427.222	7.167000
427.572	7.167000
427.572	6.988000
427.924	6.988000
427.924	6.769000
428.276	6.769000
428.276	6.726000
428.628	6.726000
428.628	6.570000
428.98	6.570000
428.98	4.799000
429.297	4.799000
429.297	4.943000
429.614	4.943000
429.614	4.710000
429.931	4.710000
429.931	5.703000
430.247	5.703000
430.247	5.823000
430.563	5.823000
430.563	5.909000
430.879	5.909000
430.879	8.192000
431.231	8.192000
431.231	7.951000
431.583	7.951000
431.583	7.887000
431.935	7.887000
431.935	4.852000
432.288	4.852000
432.288	5.015000
432.64	5.015000
432.64	5.151000
432.993	5.151000
432.993	5.931000
433.305	5.931000
433.305	6.083000
433.616	6.083000
433.616	6.310000
433.928	6.310000
433.928	7.835000
434.28	7.835000
434.28	7.864000
434.632	7.864000
434.632	7.781000
434.984	7.781000
434.984	4.548000
435.293	4.548000
435.293	4.553000
435.6	4.553000
435.6	4.889000
435.909	4.889000
435.909	7.880000
436.261	7.880000
436.261	7.837000
436.613	7.837000
436.613	7.776000
436.965	7.776000
436.965	5.837000
437.281	5.837000
437.281	5.942000
437.597	5.942000
437.597	6.120000
437.913	6.120000
437.913	4.165000
438.23	4.165000
438.23	4.187000
438.547	4.187000
438.547	4.384000
438.864	4.384000
438.864	5.707000
439.215	5.707000
439.215	5.788000
439.566	5.788000
439.566	5.826000
439.917	5.826000
439.917	4.944000
440.267	4.944000
440.267	5.003000
440.617	5.003000
440.617	5.010000
440.967	5.010000
440.967	4.427000
441.269	4.427000
441.269	4.566000
441.57	4.566000
441.57	4.777000
441.872	4.777000
441.872	6.460000
442.207	6.460000
442.207	6.487000
442.542	6.487000
442.542	6.363000
442.876	6.363000
442.876	5.566000
443.192	5.566000
443.192	5.422000
443.508	5.422000
443.508	5.643000
443.824	5.643000
443.824	6.061000
444.137	6.061000
444.137	6.071000
444.45	6.071000
444.45	6.485000
444.763	6.485000
444.763	4.112000
445.08	4.112000
445.08	3.985000
445.397	3.985000
445.397	4.053000
445.714	4.053000
445.714	5.405000
446.066	5.405000
446.066	5.326000
446.418	5.326000
446.418	5.057000
446.77	5.057000
446.77	5.628000
447.084	5.628000
447.084	5.621000
447.395	5.621000
447.395	5.580000
447.708	5.580000
447.708	4.743000
448.025	4.743000
448.025	4.948000
448.342	4.948000
448.342	5.030000
448.659	5.030000
448.659	6.526000
449.009	6.526000
449.009	6.561000
449.359	6.561000
449.359	6.858000
449.709	6.858000
449.709	4.948000
450.06	4.948000
450.06	5.289000
450.411	5.289000
450.411	5.403000
450.762	5.403000
450.762	4.404000
451.079	4.404000
451.079	4.643000
451.395	4.643000
451.395	4.749000
451.712	4.749000
451.712	6.230000
452.064	6.230000
452.064	6.526000
452.416	6.526000
452.416	6.716000
452.768	6.716000
452.768	4.590000
453.086	4.590000
453.086	4.504000
453.404	4.504000
453.404	4.656000
453.722	4.656000
453.722	5.335000
454.074	5.335000
454.074	5.589000
454.426	5.589000
454.426	5.844000
454.778	5.844000
454.778	7.564000
455.13	7.564000
455.13	7.412000
455.481	7.412000
455.481	7.186000
455.832	7.186000
455.832	6.507000
456.093	6.507000
456.093	6.397000
456.354	6.397000
456.354	6.092000
456.615	6.092000
456.615	7.348000
456.965	7.348000
456.965	7.448000
457.315	7.448000
457.315	7.383000
457.665	7.383000
457.665	7.087000
458.017	7.087000
458.017	7.214000
458.369	7.214000
458.369	7.094000
458.721	7.094000
458.721	4.631000
459.039	4.631000
459.039	5.049000
459.357	5.049000
459.357	5.401000
459.675	5.401000
459.675	7.073000
460.027	7.073000
460.027	6.904000
460.379	6.904000
460.379	6.800000
460.731	6.800000
460.731	7.564000
461.083	7.564000
461.083	7.399000
461.435	7.399000
461.435	7.212000
461.787	7.212000
461.787	4.399000
462.104	4.399000
462.104	4.392000
462.42	4.392000
462.42	4.790000
462.737	4.790000
462.737	6.757000
463.089	6.757000
463.089	6.755000
463.441	6.755000
463.441	6.641000
463.793	6.641000
463.793	5.508000
464.11	5.508000
464.11	5.891000
464.426	5.891000
464.426	5.933000
464.743	5.933000
464.743	4.619000
465.06	4.619000
465.06	4.272000
465.377	4.272000
465.377	4.730000
465.694	4.730000
465.694	6.986000
466.046	6.986000
466.046	6.807000
466.398	6.807000
466.398	6.690000
466.75	6.690000
466.75	5.716000
467.102	5.716000
467.102	5.739000
467.453	5.739000
467.453	6.033000
467.805	6.033000
467.805	4.474000
468.122	4.474000
468.122	4.123000
468.438	4.123000
468.438	4.523000
468.755	4.523000
468.755	6.460000
469.107	6.460000
469.107	6.456000
469.459	6.456000
469.459	6.351000
469.811	6.351000
469.811	5.366000
470.128	5.366000
470.128	5.716000
470.444	5.716000
470.444	5.702000
470.761	5.702000
470.761	4.335000
471.078	4.335000
471.078	4.904000
471.395	4.904000
471.395	4.897000
471.712	4.897000
471.712	5.705000
472.064	5.705000
472.064	5.758000
472.416	5.758000
472.416	5.025000
472.768	5.025000
472.768	5.010000
473.12	5.010000
473.12	5.353000
473.472	5.353000
473.472	5.347000
473.824	5.347000
473.824	6.177000
474.141	6.177000
474.141	6.029000
474.458	6.029000
474.458	6.260000
474.775	6.260000
474.775	5.491000
475.092	5.491000
475.092	5.825000
475.409	5.825000
475.409	6.084000
475.726	6.084000
475.726	7.285000
476.078	7.285000
476.078	7.172000
476.43	7.172000
476.43	7.287000
476.782	7.287000
476.782	4.235000
477.099	4.235000
477.099	4.085000
477.416	4.085000
477.416	4.552000
477.733	4.552000
477.733	6.912000
478.085	6.912000
478.085	6.832000
478.437	6.832000
478.437	6.368000
478.789	6.368000
478.789	4.669000
479.105	4.669000
479.105	5.343000
479.421	5.343000
479.421	5.027000
479.737	5.027000
479.737	4.208000
480.054	4.208000
480.054	4.230000
480.371	4.230000
480.371	4.373000
480.688	4.373000
480.688	5.864000
481.04	5.864000
481.04	6.058000
481.392	6.058000
481.392	6.009000
481.744	6.009000
481.744	5.069000
482.095	5.069000
482.095	5.329000
482.445	5.329000
482.445	5.209000
482.796	5.209000
482.796	4.001000
483.114	4.001000
483.114	3.831000
483.432	3.831000
483.432	4.596000
483.75	4.596000
483.75	5.852000
484.102	5.852000
484.102	5.930000
484.454	5.930000
484.454	5.670000
484.806	5.670000
484.806	5.536000
485.123	5.536000
485.123	5.928000
485.44	5.928000
485.44	5.763000
485.757	5.763000
485.757	4.611000
486.11	4.611000
486.11	4.545000
486.463	4.545000
486.463	4.598000
486.816	4.598000
486.816	4.974000
487.167	4.974000
487.167	5.407000
487.518	5.407000
487.518	5.161000
487.869	5.161000
487.869	5.532000
488.221	5.532000
488.221	6.148000
488.573	6.148000
488.573	5.974000
488.925	5.974000
488.925	4.810000
489.275	4.810000
489.275	4.506000
489.626	4.506000
489.626	4.870000
489.977	4.870000
489.977	6.601000
490.327	6.601000
490.327	6.892000
490.677	6.892000
490.677	6.860000
491.027	6.860000
