0.0	1.767000
0.298	1.767000
0.298	1.743000
0.598	1.743000
0.598	1.972000
0.896	1.972000
0.896	1.957000
1.212	1.957000
1.212	2.037000
1.528	2.037000
1.528	3.463000
1.844	3.463000
1.844	2.311000
2.16	2.311000
2.16	2.163000
2.475	2.163000
2.475	3.666000
2.79	3.666000
2.79	2.066000
3.103	2.066000
3.103	2.064000
3.416	2.064000
3.416	2.145000
3.727	2.145000
3.727	4.194000
4.003	4.194000
4.003	4.231000
4.278	4.231000
4.278	4.052000
4.554	4.052000
4.554	2.052000
4.87	2.052000
4.87	2.137000
5.186	2.137000
5.186	3.177000
5.502	3.177000
5.502	1.705000
5.814	1.705000
5.814	1.696000
6.126	1.696000
6.126	1.920000
6.437	1.920000
6.437	2.169000
6.753	2.169000
6.753	2.181000
7.069	2.181000
7.069	3.305000
7.385	3.305000
7.385	4.758000
7.66	4.758000
7.66	4.790000
7.935	4.790000
7.935	4.627000
8.21	4.627000
8.21	1.799000
8.496	1.799000
8.496	1.846000
8.783	1.846000
8.783	1.933000
9.069	1.933000
9.069	2.110000
9.384	2.110000
9.384	2.145000
9.7	2.145000
9.7	3.156000
10.016	3.156000
10.016	2.805000
10.323	2.805000
10.323	2.822000
10.629	2.822000
10.629	3.055000
10.938	3.055000
10.938	1.815000
11.25	1.815000
11.25	1.832000
11.564	1.832000
11.564	2.088000
11.879	2.088000
11.879	2.823000
12.183	2.823000
12.183	2.839000
12.487	2.839000
12.487	3.980000
12.792	3.980000
12.792	2.108000
13.108	2.108000
13.108	2.189000
13.424	2.189000
13.424	3.463000
13.739	3.463000
13.739	1.780000
14.08	1.780000
14.08	1.775000
14.422	1.775000
14.422	1.837000
14.761	1.837000
14.761	2.048000
15.076	2.048000
15.076	1.999000
15.392	1.999000
15.392	3.142000
15.708	3.142000
15.708	4.687000
16.015	4.687000
16.015	4.642000
16.322	4.642000
16.322	4.438000
16.628	4.438000
16.628	1.596000
16.938	1.596000
16.938	1.542000
17.248	1.542000
17.248	1.815000
17.559	1.815000
17.559	4.533000
17.846	4.533000
17.846	4.494000
18.134	4.494000
18.134	4.394000
18.422	4.394000
18.422	4.421000
18.727	4.421000
18.727	4.339000
19.032	4.339000
19.032	4.329000
19.337	4.329000
19.337	2.374000
19.637	2.374000
19.637	2.404000
19.937	2.404000
19.937	2.456000
20.237	2.456000
20.237	4.634000
20.508	4.634000
20.508	4.683000
20.78	4.683000
20.78	4.612000
21.052	4.612000
21.052	4.033000
21.356	4.033000
21.356	4.026000
21.662	4.026000
21.662	3.753000
21.968	3.753000
21.968	1.822000
22.277	1.822000
22.277	1.845000
22.586	1.845000
22.586	1.956000
22.895	1.956000
22.895	2.601000
23.198	2.601000
23.198	2.587000
23.501	2.587000
23.501	3.420000
23.804	3.420000
23.804	4.693000
24.093	4.693000
24.093	4.763000
24.382	4.763000
24.382	4.495000
24.671	4.495000
24.671	2.242000
24.961	2.242000
24.961	2.178000
25.251	2.178000
25.251	2.447000
25.541	2.447000
25.541	1.794000
25.857	1.794000
25.857	1.842000
26.173	1.842000
26.173	3.236000
26.489	3.236000
26.489	2.096000
26.804	2.096000
26.804	2.093000
27.119	2.093000
27.119	3.363000
27.434	3.363000
27.434	2.047000
27.698	2.047000
27.698	1.992000
27.961	1.992000
27.961	2.315000
28.225	2.315000
28.225	4.411000
28.517	4.411000
28.517	4.405000
28.809	4.405000
28.809	4.330000
29.101	4.330000
29.101	2.045000
29.417	2.045000
29.417	2.058000
29.733	2.058000
29.733	3.623000
30.049	3.623000
30.049	1.634000
30.36	1.634000
30.36	1.677000
30.67	1.677000
30.67	1.715000
30.981	1.715000
30.981	1.987000
31.296	1.987000
31.296	2.051000
31.611	2.051000
31.611	3.497000
31.926	3.497000
31.926	2.102000
32.241	2.102000
32.241	2.101000
32.556	2.101000
32.556	3.104000
32.872	3.104000
32.872	1.779000
33.176	1.779000
33.176	1.828000
33.479	1.828000
33.479	1.907000
33.784	1.907000
33.784	1.897000
34.099	1.897000
34.099	2.013000
34.414	2.013000
34.414	3.692000
34.729	3.692000
34.729	4.249000
35.041	4.249000
35.041	4.342000
35.352	4.342000
35.352	4.082000
35.664	4.082000
35.664	2.066000
35.977	2.066000
35.977	2.069000
36.289	2.069000
36.289	2.014000
36.6	2.014000
36.6	2.062000
36.874	2.062000
36.874	2.120000
37.149	2.120000
37.149	3.175000
37.424	3.175000
37.424	4.525000
37.694	4.525000
37.694	4.575000
37.963	4.575000
37.963	4.451000
38.233	4.451000
38.233	1.504000
38.539	1.504000
38.539	1.535000
38.844	1.535000
38.844	1.981000
39.15	1.981000
39.15	2.266000
39.466	2.266000
39.466	2.284000
39.782	2.284000
39.782	3.671000
40.098	3.671000
40.098	4.594000
40.359	4.594000
40.359	4.566000
40.619	4.566000
40.619	4.245000
40.88	4.245000
40.88	1.697000
41.19	1.697000
41.19	1.646000
41.503	1.646000
41.503	1.711000
41.815	1.711000
41.815	2.272000
42.09	2.272000
42.09	2.367000
42.364	2.367000
42.364	3.497000
42.638	3.497000
42.638	4.463000
42.967	4.463000
42.967	4.453000
43.296	4.453000
43.296	4.337000
43.625	4.337000
43.625	2.189000
43.906	2.189000
43.906	2.215000
44.189	2.215000
44.189	2.335000
44.472	2.335000
44.472	2.159000
44.749	2.159000
44.749	2.193000
45.026	2.193000
45.026	3.232000
45.303	3.232000
45.303	4.488000
45.569	4.488000
45.569	4.330000
45.835	4.330000
45.835	4.248000
46.099	4.248000
46.099	2.064000
46.375	2.064000
46.375	2.147000
46.652	2.147000
46.652	2.414000
46.929	2.414000
46.929	2.663000
47.243	2.663000
47.243	2.614000
47.559	2.614000
47.559	3.518000
47.875	3.518000
47.875	1.871000
48.19	1.871000
48.19	1.840000
48.504	1.840000
48.504	2.791000
48.82	2.791000
48.82	1.755000
49.134	1.755000
49.134	1.758000
49.448	1.758000
49.448	1.787000
49.763	1.787000
49.763	4.387000
50.053	4.387000
50.053	4.449000
50.343	4.449000
50.343	4.117000
50.633	4.117000
50.633	2.262000
50.947	2.262000
50.947	2.321000
51.262	2.321000
51.262	3.406000
51.576	3.406000
51.576	1.683000
51.89	1.683000
51.89	1.652000
52.202	1.652000
52.202	1.903000
52.517	1.903000
52.517	2.017000
52.832	2.017000
52.832	2.057000
53.147	2.057000
53.147	3.164000
53.463	3.164000
53.463	1.880000
53.779	1.880000
53.779	1.920000
54.095	1.920000
54.095	3.203000
54.411	3.203000
54.411	1.631000
54.725	1.631000
54.725	1.679000
55.038	1.679000
55.038	1.665000
55.353	1.665000
55.353	4.383000
55.611	4.383000
55.611	4.302000
55.869	4.302000
55.869	4.363000
56.126	4.363000
56.126	4.623000
56.378	4.623000
56.378	4.576000
56.63	4.576000
56.63	4.720000
56.881	4.720000
56.881	1.532000
57.195	1.532000
57.195	1.539000
57.509	1.539000
57.509	1.648000
57.819	1.648000
57.819	4.751000
58.116	4.751000
58.116	4.755000
58.413	4.755000
58.413	4.628000
58.711	4.628000
58.711	1.818000
59.026	1.818000
59.026	1.861000
59.341	1.861000
59.341	3.124000
59.656	3.124000
59.656	1.842000
59.969	1.842000
59.969	1.803000
60.282	1.803000
60.282	1.757000
60.596	1.757000
60.596	2.047000
60.912	2.047000
60.912	2.176000
61.226	2.176000
61.226	3.473000
61.542	3.473000
61.542	4.201000
61.832	4.201000
61.832	4.134000
62.121	4.134000
62.121	4.020000
62.41	4.020000
62.41	2.487000
62.723	2.487000
62.723	2.476000
63.037	2.476000
63.037	2.608000
63.349	2.608000
63.349	1.849000
63.664	1.849000
63.664	2.005000
63.98	2.005000
63.98	3.115000
64.295	3.115000
64.295	4.380000
64.61	4.380000
64.61	4.414000
64.925	4.414000
64.925	4.248000
65.241	4.248000
65.241	1.730000
65.537	1.730000
65.537	1.748000
65.829	1.748000
65.829	1.928000
66.125	1.928000
66.125	2.303000
66.437	2.303000
66.437	2.343000
66.749	2.343000
66.749	2.942000
67.061	2.942000
67.061	2.073000
67.377	2.073000
67.377	1.974000
67.693	1.974000
67.693	3.284000
68.009	3.284000
68.009	1.613000
68.318	1.613000
68.318	1.663000
68.628	1.663000
68.628	1.747000
68.938	1.747000
68.938	1.962000
69.254	1.962000
69.254	1.864000
69.569	1.864000
69.569	3.077000
69.885	3.077000
69.885	2.749000
70.127	2.749000
70.127	3.156000
70.37	3.156000
70.37	3.106000
70.613	3.106000
70.613	1.596000
70.925	1.596000
70.925	1.592000
71.235	1.592000
71.235	1.833000
71.545	1.833000
71.545	4.477000
71.833	4.477000
71.833	4.554000
72.122	4.554000
72.122	4.584000
72.411	4.584000
72.411	4.336000
72.684	4.336000
72.684	4.384000
72.957	4.384000
72.957	4.471000
73.231	4.471000
73.231	1.926000
73.545	1.926000
73.545	1.979000
73.857	1.979000
73.857	2.119000
74.169	2.119000
74.169	4.131000
74.422	4.131000
74.422	4.199000
74.674	4.199000
74.674	4.060000
74.926	4.060000
74.926	2.297000
75.243	2.297000
75.243	2.396000
75.56	2.396000
75.56	3.505000
75.877	3.505000
75.877	1.766000
76.19	1.766000
76.19	1.740000
76.503	1.740000
76.503	1.969000
76.816	1.969000
76.816	4.165000
77.118	4.165000
77.118	4.164000
77.42	4.164000
77.42	3.959000
77.722	3.959000
77.722	1.426000
78.038	1.426000
78.038	1.376000
78.354	1.376000
78.354	1.922000
78.67	1.922000
78.67	6.480000
78.984	6.480000
78.984	4.758000
79.294	4.758000
79.294	6.290000
79.607	6.290000
79.607	4.356000
79.9	4.356000
79.9	4.357000
80.191	4.357000
80.191	4.419000
80.483	4.419000
80.483	2.093000
80.797	2.093000
80.797	2.051000
81.111	2.051000
81.111	3.033000
81.426	3.033000
81.426	1.809000
81.772	1.809000
81.772	1.809000
82.117	1.809000
82.117	2.010000
82.463	2.010000
82.463	2.214000
82.777	2.214000
82.777	2.236000
83.092	2.236000
83.092	3.467000
83.407	3.467000
83.407	4.541000
83.658	4.541000
83.658	4.527000
83.909	4.527000
83.909	4.413000
84.16	4.413000
84.16	1.968000
84.441	1.968000
84.441	1.926000
84.723	1.926000
84.723	2.117000
85.005	2.117000
85.005	4.464000
85.275	4.464000
85.275	4.421000
85.546	4.421000
85.546	4.323000
85.816	4.323000
85.816	4.504000
86.057	4.504000
86.057	4.383000
86.299	4.383000
86.299	4.254000
86.54	4.254000
86.54	1.418000
86.854	1.418000
86.854	1.560000
87.168	1.560000
87.168	1.489000
87.481	1.489000
87.481	3.970000
87.705	3.970000
87.705	3.971000
87.929	3.971000
87.929	3.957000
88.153	3.957000
88.153	2.070000
88.468	2.070000
88.468	2.135000
88.784	2.135000
88.784	3.230000
89.1	3.230000
89.1	2.018000
89.439	2.018000
89.439	2.097000
89.779	2.097000
89.779	2.178000
90.118	2.178000
90.118	3.979000
90.372	3.979000
90.372	3.975000
90.628	3.975000
90.628	4.042000
90.884	4.042000
90.884	2.449000
91.2	2.449000
91.2	2.428000
91.517	2.428000
91.517	3.509000
91.834	3.509000
91.834	1.659000
92.14	1.659000
92.14	1.673000
92.446	1.673000
92.446	1.992000
92.752	1.992000
92.752	1.788000
93.066	1.788000
93.066	1.831000
93.379	1.831000
93.379	3.217000
93.694	3.217000
93.694	2.527000
94.009	2.527000
94.009	2.458000
94.325	2.458000
94.325	3.475000
94.641	3.475000
94.641	2.120000
94.954	2.120000
94.954	2.151000
95.269	2.151000
95.269	2.198000
95.585	2.198000
95.585	4.569000
95.898	4.569000
95.898	4.494000
96.211	4.494000
96.211	4.287000
96.525	4.287000
96.525	2.199000
96.841	2.199000
96.841	2.269000
97.155	2.269000
97.155	2.964000
97.471	2.964000
97.471	2.109000
97.778	2.109000
97.778	2.117000
98.086	2.117000
98.086	2.126000
98.394	2.126000
98.394	3.054000
98.664	3.054000
98.664	3.333000
98.934	3.333000
98.934	3.138000
99.204	3.138000
99.204	1.786000
99.519	1.786000
99.519	1.791000
99.834	1.791000
99.834	3.280000
100.149	3.280000
100.149	2.024000
100.449	2.024000
100.449	2.159000
100.749	2.159000
100.749	2.153000
101.049	2.153000
101.049	2.018000
101.364	2.018000
101.364	2.003000
101.679	2.003000
101.679	3.260000
101.994	3.260000
101.994	4.554000
102.293	4.554000
102.293	4.620000
102.592	4.620000
102.592	4.243000
102.891	4.243000
102.891	1.542000
103.205	1.542000
103.205	1.555000
103.518	1.555000
103.518	1.610000
103.83	1.610000
103.83	3.850000
104.101	3.850000
104.101	3.903000
104.372	3.903000
104.372	3.664000
104.642	3.664000
104.642	4.493000
104.938	4.493000
104.938	4.495000
105.234	4.495000
105.234	4.446000
105.53	4.446000
105.53	2.087000
105.841	2.087000
105.841	2.064000
106.151	2.064000
106.151	2.157000
106.462	2.157000
106.462	4.459000
106.764	4.459000
106.764	4.430000
107.066	4.430000
107.066	4.068000
107.368	4.068000
107.368	2.198000
107.684	2.198000
107.684	2.211000
108.0	2.211000
108.0	3.431000
108.316	3.431000
108.316	1.917000
108.645	1.917000
108.645	1.999000
108.976	1.999000
108.976	2.120000
109.306	2.120000
109.306	2.282000
109.621	2.282000
109.621	2.302000
109.936	2.302000
109.936	3.768000
110.251	3.768000
110.251	2.120000
110.567	2.120000
110.567	2.161000
110.882	2.161000
110.882	3.018000
111.198	3.018000
111.198	2.121000
111.506	2.121000
111.506	2.006000
111.814	2.006000
111.814	2.272000
112.123	2.272000
112.123	2.003000
112.438	2.003000
112.438	2.159000
112.753	2.159000
112.753	3.385000
113.068	3.385000
113.068	4.331000
113.329	4.331000
113.329	4.181000
113.59	4.181000
113.59	3.939000
113.851	3.939000
113.851	1.653000
114.166	1.653000
114.166	1.690000
114.481	1.690000
114.481	1.744000
114.796	1.744000
114.796	2.186000
115.112	2.186000
115.112	2.303000
115.428	2.303000
115.428	3.710000
115.744	3.710000
115.744	4.554000
115.998	4.554000
115.998	4.512000
116.251	4.512000
116.251	4.374000
116.505	4.374000
116.505	1.778000
116.814	1.778000
116.814	1.739000
117.124	1.739000
117.124	1.923000
117.433	1.923000
117.433	2.256000
117.74	2.256000
117.74	2.333000
118.047	2.333000
118.047	3.620000
118.355	3.620000
118.355	2.353000
118.671	2.353000
118.671	2.352000
118.987	2.352000
118.987	3.734000
119.303	3.734000
119.303	1.811000
119.607	1.811000
119.607	1.794000
119.913	1.794000
119.913	1.982000
120.219	1.982000
120.219	4.726000
120.512	4.726000
120.512	4.703000
120.806	4.703000
120.806	4.383000
121.098	4.383000
121.098	4.487000
121.367	4.487000
121.367	4.339000
121.636	4.339000
121.636	4.184000
121.905	4.184000
121.905	2.119000
122.2	2.119000
122.2	1.954000
122.496	1.954000
122.496	2.127000
122.791	2.127000
122.791	1.893000
123.107	1.893000
123.107	1.985000
123.423	1.985000
123.423	3.120000
123.739	3.120000
123.739	4.282000
124.055	4.282000
124.055	4.172000
124.371	4.172000
124.371	4.045000
124.687	4.045000
124.687	4.695000
125.002	4.695000
125.002	2.489000
125.317	2.489000
125.317	2.478000
125.632	2.478000
125.632	3.305000
125.947	3.305000
125.947	2.373000
126.263	2.373000
126.263	3.350000
126.579	3.350000
126.579	2.177000
126.895	2.177000
126.895	2.152000
127.211	2.152000
127.211	3.164000
127.527	3.164000
127.527	1.842000
127.842	1.842000
127.842	1.811000
128.155	1.811000
128.155	1.859000
128.47	1.859000
128.47	3.628000
128.781	3.628000
128.781	3.457000
129.091	3.457000
129.091	3.397000
129.402	3.397000
129.402	2.450000
129.709	2.450000
129.709	2.523000
130.016	2.523000
130.016	2.930000
130.323	2.930000
130.323	1.766000
130.634	1.766000
130.634	1.820000
130.945	1.820000
130.945	1.961000
131.256	1.961000
131.256	1.747000
131.571	1.747000
131.571	1.875000
131.886	1.875000
131.886	3.197000
132.201	3.197000
132.201	2.191000
132.517	2.191000
132.517	2.232000
132.833	2.232000
132.833	3.380000
133.149	3.380000
133.149	1.735000
133.442	1.735000
133.442	1.770000
133.733	1.770000
133.733	2.005000
134.026	2.005000
134.026	1.953000
134.34	1.953000
134.34	2.110000
134.655	2.110000
134.655	2.992000
134.969	2.992000
134.969	4.532000
135.276	4.532000
135.276	4.614000
135.583	4.614000
135.583	4.136000
135.89	4.136000
135.89	1.758000
136.204	1.758000
136.204	1.730000
136.519	1.730000
136.519	1.844000
136.831	1.844000
136.831	1.923000
137.147	1.923000
137.147	1.943000
137.463	1.943000
137.463	3.149000
137.779	3.149000
137.779	4.536000
138.06	4.536000
138.06	4.543000
138.341	4.543000
138.341	4.409000
138.622	4.409000
138.622	1.631000
138.936	1.631000
138.936	1.617000
139.248	1.617000
139.248	1.785000
139.563	1.785000
139.563	2.127000
139.877	2.127000
139.877	2.081000
140.192	2.081000
140.192	3.309000
140.507	3.309000
140.507	2.305000
140.822	2.305000
140.822	2.359000
141.138	2.359000
141.138	3.509000
141.454	3.509000
141.454	2.173000
141.804	2.173000
141.804	2.094000
142.152	2.094000
142.152	2.314000
142.503	2.314000
142.503	2.338000
142.818	2.338000
142.818	2.415000
143.134	2.415000
143.134	3.556000
143.45	3.556000
143.45	2.255000
143.765	2.255000
143.765	2.307000
144.081	2.307000
144.081	2.821000
144.397	2.821000
144.397	2.633000
144.702	2.633000
144.702	3.679000
145.007	3.679000
145.007	3.902000
145.31	3.902000
145.31	3.865000
145.61	3.865000
145.61	4.357000
145.91	4.357000
145.91	4.311000
146.21	4.311000
146.21	3.945000
146.519	3.945000
146.519	3.924000
146.828	3.924000
146.828	3.689000
147.138	3.689000
147.138	1.605000
147.441	1.605000
147.441	1.561000
147.745	1.561000
147.745	1.808000
148.05	1.808000
148.05	1.931000
148.366	1.931000
148.366	1.919000
148.682	1.919000
148.682	3.405000
148.998	3.405000
148.998	1.877000
149.313	1.877000
149.313	1.888000
149.627	1.888000
149.627	3.047000
149.943	3.047000
149.943	1.800000
150.244	1.800000
150.244	1.823000
150.545	1.823000
150.545	2.124000
150.845	2.124000
150.845	4.434000
151.113	4.434000
151.113	4.502000
151.381	4.502000
151.381	3.966000
151.649	3.966000
151.649	1.831000
151.965	1.831000
151.965	1.996000
152.281	1.996000
152.281	3.268000
152.597	3.268000
152.597	1.606000
152.91	1.606000
152.91	1.627000
153.225	1.627000
153.225	1.606000
153.539	1.606000
153.539	1.840000
153.855	1.840000
153.855	1.831000
154.171	1.831000
154.171	3.112000
154.487	3.112000
154.487	4.104000
154.758	4.104000
154.758	4.086000
155.03	4.086000
155.03	3.975000
155.301	3.975000
155.301	1.859000
155.596	1.859000
155.596	1.884000
155.889	1.884000
155.889	1.985000
156.183	1.985000
156.183	1.823000
156.499	1.823000
156.499	1.842000
156.815	1.842000
156.815	3.182000
157.131	3.182000
157.131	4.518000
157.432	4.518000
157.432	4.563000
157.733	4.563000
157.733	4.338000
158.033	4.338000
158.033	1.523000
158.346	1.523000
158.346	1.573000
158.66	1.573000
158.66	1.656000
158.972	1.656000
158.972	2.084000
159.288	2.084000
159.288	2.071000
159.604	2.071000
159.604	3.033000
159.92	3.033000
159.92	4.576000
160.235	4.576000
160.235	2.489000
160.551	2.489000
160.551	3.588000
160.867	3.588000
160.867	3.981000
161.18	3.981000
161.18	2.250000
161.493	2.250000
161.493	2.228000
161.806	2.228000
161.806	5.771000
162.087	5.771000
162.087	4.407000
162.369	4.407000
162.369	4.403000
162.65	4.403000
162.65	3.747000
162.957	3.747000
162.957	3.781000
163.264	3.781000
163.264	3.668000
163.57	3.668000
163.57	1.694000
163.883	1.694000
163.883	1.764000
164.196	1.764000
164.196	1.988000
164.505	1.988000
164.505	3.955000
164.82	3.955000
164.82	4.005000
165.135	4.005000
165.135	4.040000
165.45	4.040000
165.45	4.129000
165.695	4.129000
165.695	4.234000
165.94	4.234000
165.94	4.075000
166.185	4.075000
166.185	1.792000
166.48	1.792000
166.48	1.828000
166.774	1.828000
166.774	2.016000
167.069	2.016000
167.069	4.470000
167.315	4.470000
167.315	4.606000
167.561	4.606000
167.561	4.332000
167.807	4.332000
167.807	4.132000
168.071	4.132000
168.071	4.216000
168.336	4.216000
168.336	3.905000
168.601	3.905000
168.601	1.773000
168.949	1.773000
168.949	1.851000
169.296	1.851000
169.296	1.951000
169.644	1.951000
169.644	2.212000
169.959	2.212000
169.959	2.244000
170.275	2.244000
170.275	3.341000
170.591	3.341000
170.591	2.168000
170.907	2.168000
170.907	2.136000
171.222	2.136000
171.222	3.313000
171.538	3.313000
171.538	1.628000
171.886	1.628000
171.886	1.684000
172.232	1.684000
172.232	1.678000
172.576	1.678000
172.576	4.295000
172.807	4.295000
172.807	4.322000
173.038	4.322000
173.038	4.133000
173.269	4.133000
173.269	2.249000
173.584	2.249000
173.584	2.243000
173.9	2.243000
173.9	3.224000
174.216	3.224000
174.216	1.846000
174.531	1.846000
174.531	1.866000
174.847	1.866000
174.847	1.827000
175.162	1.827000
175.162	2.022000
175.478	2.022000
175.478	2.032000
175.794	2.032000
175.794	3.306000
176.11	3.306000
176.11	2.382000
176.426	2.382000
176.426	2.488000
176.741	2.488000
176.741	3.420000
177.057	3.420000
177.057	2.084000
177.407	2.084000
177.407	2.068000
177.757	2.068000
177.757	2.213000
178.107	2.213000
178.107	2.752000
178.422	2.752000
178.422	2.915000
178.737	2.915000
178.737	3.517000
179.052	3.517000
179.052	3.956000
179.357	3.956000
179.357	3.899000
179.662	3.899000
179.662	3.860000
179.967	3.860000
179.967	2.125000
180.281	2.125000
180.281	2.021000
180.596	2.021000
180.596	3.302000
180.911	3.302000
180.911	4.509000
181.186	4.509000
181.186	4.524000
181.461	4.524000
181.461	4.334000
181.736	4.334000
181.736	4.452000
182.02	4.452000
182.02	4.483000
182.304	4.483000
182.304	4.330000
182.588	4.330000
182.588	2.218000
182.904	2.218000
182.904	2.171000
183.22	2.171000
183.22	3.430000
183.536	3.430000
183.536	1.990000
183.852	1.990000
183.852	2.025000
184.167	2.025000
184.167	3.086000
184.483	3.086000
184.483	1.978000
184.799	1.978000
184.799	2.168000
185.115	2.168000
185.115	3.108000
185.431	3.108000
185.431	1.876000
185.78	1.876000
185.78	1.822000
186.129	1.822000
186.129	2.053000
186.479	2.053000
186.479	2.257000
186.796	2.257000
186.796	2.214000
187.113	2.214000
187.113	3.394000
187.43	3.394000
187.43	4.389000
187.678	4.389000
187.678	4.297000
187.926	4.297000
187.926	4.179000
188.174	4.179000
188.174	1.951000
188.489	1.951000
188.489	1.820000
188.802	1.820000
188.802	1.834000
189.117	1.834000
189.117	4.366000
189.395	4.366000
189.395	4.270000
189.673	4.270000
189.673	4.416000
189.95	4.416000
189.95	2.022000
190.266	2.022000
190.266	2.025000
190.582	2.025000
190.582	3.241000
190.898	3.241000
190.898	1.810000
191.239	1.810000
191.239	1.861000
191.581	1.861000
191.581	1.977000
191.922	1.977000
191.922	1.879000
192.237	1.879000
192.237	1.940000
192.552	1.940000
192.552	3.419000
192.867	3.419000
192.867	4.175000
193.18	4.175000
193.18	4.187000
193.493	4.187000
193.493	4.186000
193.806	4.186000
193.806	2.211000
194.156	2.211000
194.156	2.848000
194.505	2.848000
194.505	2.476000
194.855	2.476000
194.855	4.596000
195.167	4.596000
195.167	5.264000
195.479	5.264000
195.479	4.149000
195.791	4.149000
195.791	4.062000
196.103	4.062000
196.103	4.012000
196.416	4.012000
196.416	3.825000
196.729	3.825000
196.729	1.904000
197.03	1.904000
197.03	1.807000
197.331	1.807000
197.331	1.960000
197.63	1.960000
197.63	2.170000
197.946	2.170000
197.946	2.185000
198.262	2.185000
198.262	3.262000
198.578	3.262000
198.578	2.282000
198.894	2.282000
198.894	2.072000
199.21	2.072000
199.21	3.302000
199.526	3.302000
199.526	1.831000
199.842	1.831000
199.842	1.810000
200.159	1.810000
200.159	2.142000
200.475	2.142000
200.475	4.135000
200.706	4.135000
200.706	4.192000
200.936	4.192000
200.936	4.034000
201.167	4.034000
201.167	4.342000
201.435	4.342000
201.435	4.425000
201.702	4.425000
201.702	4.052000
201.97	4.052000
201.97	1.780000
202.283	1.780000
202.283	1.791000
202.596	1.791000
202.596	1.765000
202.91	1.765000
202.91	2.136000
203.226	2.136000
203.226	2.074000
203.54	2.074000
203.54	3.219000
203.856	3.219000
203.856	2.165000
204.172	2.165000
204.172	2.142000
204.487	2.142000
204.487	3.253000
204.803	3.253000
204.803	1.888000
205.116	1.888000
205.116	1.839000
205.429	1.839000
205.429	1.823000
205.743	1.823000
205.743	1.904000
206.057	1.904000
206.057	1.858000
206.372	1.858000
206.372	3.052000
206.687	3.052000
206.687	4.205000
206.96	4.205000
206.96	4.325000
207.234	4.325000
207.234	4.174000
207.508	4.174000
207.508	1.784000
207.819	1.784000
207.819	1.768000
208.131	1.768000
208.131	1.819000
208.442	1.819000
208.442	4.553000
208.717	4.553000
208.717	4.536000
208.992	4.536000
208.992	4.453000
209.267	4.453000
209.267	4.070000
209.574	4.070000
209.574	4.092000
209.881	4.092000
209.881	3.931000
210.188	3.931000
210.188	2.268000
210.502	2.268000
210.502	2.254000
210.817	2.254000
210.817	2.403000
211.132	2.403000
211.132	2.076000
211.447	2.076000
211.447	2.093000
211.761	2.093000
211.761	3.421000
212.076	3.421000
212.076	4.141000
212.39	4.141000
212.39	4.113000
212.704	4.113000
212.704	4.161000
213.017	4.161000
213.017	1.835000
213.318	1.835000
213.318	1.840000
213.619	1.840000
213.619	2.071000
213.921	2.071000
213.921	3.706000
214.154	3.706000
214.154	3.791000
214.387	3.791000
214.387	3.690000
214.62	3.690000
214.62	4.418000
214.881	4.418000
214.881	4.310000
215.142	4.310000
215.142	4.211000
215.402	4.211000
215.402	1.880000
215.717	1.880000
215.717	1.892000
216.032	1.892000
216.032	9.545000
216.346	9.545000
216.346	4.339000
216.655	4.339000
216.655	4.354000
216.964	4.354000
216.964	4.331000
217.273	4.331000
217.273	2.961000
217.624	2.961000
217.624	2.948000
217.975	2.948000
217.975	2.953000
218.326	2.953000
218.326	1.936000
218.609	1.936000
218.609	1.938000
218.891	1.938000
218.891	2.079000
219.173	2.079000
219.173	4.419000
219.483	4.419000
219.483	4.532000
219.793	4.532000
219.793	4.228000
220.103	4.228000
220.103	4.440000
220.359	4.440000
220.359	4.466000
220.615	4.466000
220.615	4.382000
220.871	4.382000
220.871	2.073000
221.179	2.073000
221.179	2.135000
221.487	2.135000
221.487	2.273000
221.793	2.273000
221.793	1.883000
222.106	1.883000
222.106	1.865000
222.421	1.865000
222.421	3.390000
222.736	3.390000
222.736	1.926000
223.05	1.926000
223.05	1.897000
223.365	1.897000
223.365	3.156000
223.68	3.156000
223.68	1.926000
223.991	1.926000
223.991	1.898000
224.302	1.898000
224.302	2.030000
224.612	2.030000
224.612	4.480000
224.917	4.480000
224.917	4.446000
225.222	4.446000
225.222	4.398000
225.527	4.398000
225.527	2.074000
225.842	2.074000
225.842	2.058000
226.157	2.058000
226.157	3.216000
226.472	3.216000
226.472	1.807000
226.787	1.807000
226.787	1.886000
227.102	1.886000
227.102	2.983000
227.417	2.983000
227.417	1.375000
227.721	1.375000
227.721	1.475000
228.028	1.475000
228.028	1.671000
228.33	1.671000
228.33	4.385000
228.571	4.385000
228.571	4.362000
228.812	4.362000
228.812	4.268000
229.052	4.268000
229.052	4.355000
229.328	4.355000
229.328	4.418000
229.604	4.418000
229.604	4.399000
229.879	4.399000
229.879	1.842000
230.152	1.842000
230.152	1.783000
230.425	1.783000
230.425	1.944000
230.697	1.944000
230.697	2.110000
231.011	2.110000
231.011	2.130000
231.325	2.130000
231.325	3.232000
231.639	3.232000
231.639	2.970000
231.94	2.970000
231.94	2.919000
232.241	2.919000
232.241	2.903000
232.542	2.903000
232.542	1.876000
232.832	1.876000
232.832	1.955000
233.12	1.955000
233.12	2.250000
233.41	2.250000
233.41	2.437000
233.697	2.437000
233.697	2.580000
233.984	2.580000
233.984	2.930000
234.27	2.930000
234.27	4.366000
234.559	4.366000
234.559	4.341000
234.849	4.341000
234.849	4.159000
235.139	4.159000
235.139	1.624000
235.449	1.624000
235.449	1.647000
235.759	1.647000
235.759	1.862000
236.068	1.862000
236.068	4.726000
236.322	4.726000
236.322	4.735000
236.576	4.735000
236.576	4.450000
236.83	4.450000
236.83	4.631000
237.138	4.631000
237.138	4.618000
237.446	4.618000
237.446	4.639000
237.755	4.639000
237.755	1.783000
238.069	1.783000
238.069	1.833000
238.383	1.833000
238.383	2.036000
238.698	2.036000
238.698	4.288000
239.096	4.288000
239.096	4.226000
239.493	4.226000
239.493	4.328000
239.891	4.328000
239.891	2.392000
240.207	2.392000
240.207	2.494000
240.523	2.494000
240.523	3.721000
240.839	3.721000
240.839	2.133000
241.114	2.133000
241.114	2.140000
241.386	2.140000
241.386	2.143000
241.661	2.143000
241.661	4.491000
241.958	4.491000
241.958	4.456000
242.253	4.456000
242.253	4.105000
242.55	4.105000
242.55	3.511000
242.858	3.511000
242.858	3.520000
243.167	3.520000
243.167	3.473000
243.476	3.473000
243.476	1.710000
243.789	1.710000
243.789	1.713000
244.104	1.713000
244.104	1.746000
244.42	1.746000
244.42	4.492000
244.757	4.492000
244.757	4.540000
245.094	4.540000
245.094	4.454000
245.431	4.454000
245.431	2.175000
245.747	2.175000
245.747	2.220000
246.064	2.220000
246.064	3.184000
246.381	3.184000
246.381	1.946000
246.659	1.946000
246.659	2.053000
246.937	2.053000
246.937	2.328000
247.215	2.328000
247.215	4.604000
247.55	4.604000
247.55	4.550000
247.885	4.550000
247.885	4.283000
248.22	4.283000
248.22	4.493000
248.554	4.493000
248.554	4.439000
248.887	4.439000
248.887	4.334000
249.222	4.334000
249.222	4.372000
249.555	4.372000
249.555	4.216000
249.888	4.216000
249.888	4.343000
250.219	4.343000
250.219	3.982000
250.472	3.982000
250.472	3.899000
250.725	3.899000
250.725	3.618000
250.978	3.618000
250.978	4.139000
251.236	4.139000
251.236	4.237000
251.494	4.237000
251.494	4.176000
251.752	4.176000
251.752	1.882000
252.042	1.882000
252.042	1.923000
252.332	1.923000
252.332	2.167000
252.62	2.167000
252.62	2.211000
252.936	2.211000
252.936	2.195000
253.252	2.195000
253.252	3.297000
253.568	3.297000
253.568	4.364000
253.853	4.364000
253.853	4.367000
254.138	4.367000
254.138	4.179000
254.423	4.179000
254.423	2.165000
254.735	2.165000
254.735	2.070000
255.047	2.070000
255.047	2.141000
255.358	2.141000
255.358	2.009000
255.673	2.009000
255.673	2.062000
255.988	2.062000
255.988	3.271000
256.303	3.271000
256.303	2.204000
256.618	2.204000
256.618	2.292000
256.934	2.292000
256.934	3.488000
257.25	3.488000
257.25	2.119000
257.569	2.119000
257.569	2.128000
257.888	2.128000
257.888	2.266000
258.205	2.266000
258.205	3.684000
258.539	3.684000
258.539	3.626000
258.873	3.626000
258.873	3.898000
259.206	3.898000
259.206	4.485000
259.551	4.485000
259.551	4.511000
259.896	4.511000
259.896	4.341000
260.241	4.341000
260.241	2.263000
260.595	2.263000
260.595	2.100000
260.948	2.100000
260.948	2.256000
261.302	2.256000
261.302	4.411000
261.566	4.411000
261.566	4.511000
261.83	4.511000
261.83	4.426000
262.094	4.426000
262.094	4.493000
262.384	4.493000
262.384	4.503000
262.674	4.503000
262.674	4.540000
262.964	4.540000
262.964	2.020000
263.283	2.020000
263.283	1.833000
263.601	1.833000
263.601	2.022000
263.92	2.022000
263.92	3.794000
264.233	3.794000
264.233	3.934000
264.546	3.934000
264.546	3.994000
264.859	3.994000
264.859	4.667000
265.147	4.667000
265.147	4.513000
265.435	4.513000
265.435	4.461000
265.723	4.461000
265.723	2.148000
266.038	2.148000
266.038	2.014000
266.357	2.014000
266.357	2.189000
266.676	2.189000
266.676	4.724000
266.973	4.724000
266.973	4.772000
267.271	4.772000
267.271	4.780000
267.568	4.780000
267.568	4.642000
267.857	4.642000
267.857	4.628000
268.146	4.628000
268.146	4.275000
268.434	4.275000
268.434	1.677000
268.749	1.677000
268.749	1.645000
269.064	1.645000
269.064	1.758000
269.379	1.758000
269.379	2.428000
269.695	2.428000
269.695	2.424000
270.011	2.424000
270.011	3.188000
270.327	3.188000
270.327	4.404000
270.64	4.404000
270.64	4.343000
270.953	4.343000
270.953	4.167000
271.266	4.167000
271.266	1.667000
271.58	1.667000
271.58	1.639000
271.894	1.639000
271.894	1.682000
272.208	1.682000
272.208	3.954000
272.519	3.954000
272.519	4.007000
272.83	4.007000
272.83	3.946000
273.14	3.946000
273.14	3.102000
273.489	3.102000
273.489	3.033000
273.838	3.033000
273.838	3.258000
274.188	3.258000
274.188	3.675000
274.501	3.675000
274.501	3.656000
274.817	3.656000
274.817	4.574000
275.133	4.574000
275.133	4.154000
275.448	4.154000
275.448	4.273000
275.763	4.273000
275.763	4.589000
276.078	4.589000
276.078	3.875000
276.384	3.875000
276.384	4.003000
276.69	4.003000
276.69	3.911000
276.996	3.911000
276.996	1.802000
277.332	1.802000
277.332	1.886000
277.668	1.886000
277.668	1.910000
278.003	1.910000
278.003	1.937000
278.319	1.937000
278.319	1.990000
278.635	1.990000
278.635	3.456000
278.951	3.456000
278.951	1.803000
279.266	1.803000
279.266	1.915000
279.581	1.915000
279.581	3.229000
279.896	3.229000
279.896	1.765000
280.21	1.765000
280.21	1.812000
280.524	1.812000
280.524	1.896000
280.836	1.896000
280.836	4.496000
281.131	4.496000
281.131	4.542000
281.427	4.542000
281.427	4.495000
281.722	4.495000
281.722	4.430000
281.98	4.430000
281.98	4.484000
282.238	4.484000
282.238	4.561000
282.496	4.561000
282.496	1.972000
282.823	1.972000
282.823	2.005000
283.148	2.005000
283.148	2.254000
283.474	2.254000
283.474	4.559000
283.784	4.559000
283.784	4.641000
284.094	4.641000
284.094	4.393000
284.404	4.393000
284.404	4.826000
284.673	4.826000
284.673	4.873000
284.942	4.873000
284.942	4.731000
285.211	4.731000
285.211	2.110000
285.49	2.110000
285.49	2.080000
285.768	2.080000
285.768	2.215000
286.047	2.215000
286.047	1.902000
286.363	1.902000
286.363	1.871000
286.679	1.871000
286.679	3.119000
286.995	3.119000
286.995	2.061000
287.311	2.061000
287.311	2.081000
287.627	2.081000
287.627	3.116000
287.943	3.116000
287.943	2.048000
288.235	2.048000
288.235	2.057000
288.527	2.057000
288.527	2.107000
288.817	2.107000
288.817	2.301000
289.133	2.301000
289.133	2.350000
289.449	2.350000
289.449	3.202000
289.765	3.202000
289.765	1.990000
290.079	1.990000
290.079	2.122000
290.393	2.122000
290.393	3.064000
290.707	3.064000
290.707	2.008000
291.022	2.008000
291.022	2.047000
291.338	2.047000
291.338	2.084000
291.654	2.084000
291.654	3.943000
291.962	3.943000
291.962	3.952000
292.27	3.952000
292.27	3.933000
292.578	3.933000
292.578	3.206000
292.885	3.206000
292.885	3.231000
293.192	3.231000
293.192	3.372000
293.499	3.372000
293.499	1.929000
293.849	1.929000
293.849	1.947000
294.198	1.947000
294.198	2.107000
294.548	2.107000
294.548	4.357000
294.864	4.357000
294.864	4.398000
295.18	4.398000
295.18	2.022000
295.495	2.022000
295.495	2.075000
295.81	2.075000
295.81	2.124000
296.124	2.124000
296.124	4.379000
296.439	4.379000
296.439	1.647000
296.726	1.647000
296.726	1.619000
297.013	1.619000
297.013	1.874000
297.3	1.874000
297.3	2.040000
297.616	2.040000
297.616	2.125000
297.932	2.125000
297.932	3.285000
298.247	3.285000
298.247	4.391000
298.517	4.391000
298.517	4.434000
298.787	4.434000
298.787	4.226000
299.057	4.226000
299.057	1.781000
299.403	1.781000
299.403	1.758000
299.749	1.758000
299.749	1.868000
300.095	1.868000
300.095	2.183000
300.411	2.183000
300.411	2.137000
300.727	2.137000
300.727	3.266000
301.043	3.266000
301.043	3.557000
301.359	3.557000
301.359	3.558000
301.675	3.558000
301.675	3.295000
301.991	3.295000
301.991	1.858000
302.304	1.858000
302.304	1.805000
302.616	1.805000
302.616	1.937000
302.93	1.937000
302.93	4.157000
303.219	4.157000
303.219	4.219000
303.509	4.219000
303.509	4.133000
303.798	4.133000
303.798	2.036000
304.112	2.036000
304.112	2.070000
304.426	2.070000
304.426	3.405000
304.74	3.405000
304.74	1.904000
305.054	1.904000
305.054	1.924000
305.369	1.924000
305.369	1.955000
305.682	1.955000
305.682	2.077000
305.998	2.077000
305.998	2.060000
306.313	2.060000
306.313	3.241000
306.629	3.241000
306.629	2.266000
306.944	2.266000
306.944	2.261000
307.259	2.261000
307.259	3.416000
307.575	3.416000
307.575	2.260000
307.915	2.260000
307.915	2.226000
308.255	2.226000
308.255	2.397000
308.596	2.397000
308.596	2.821000
308.912	2.821000
308.912	2.774000
309.228	2.774000
309.228	2.880000
309.543	2.880000
309.543	3.544000
309.845	3.544000
309.845	3.478000
310.146	3.478000
310.146	3.597000
310.448	3.597000
310.448	2.093000
310.767	2.093000
310.767	2.027000
311.087	2.027000
311.087	2.186000
311.409	2.186000
311.409	4.269000
311.663	4.269000
311.663	4.343000
311.916	4.343000
311.916	4.188000
312.17	4.188000
312.17	2.005000
312.485	2.005000
312.485	2.041000
312.8	2.041000
312.8	3.278000
313.115	3.278000
313.115	1.863000
313.43	1.863000
313.43	1.868000
313.744	1.868000
313.744	1.975000
314.059	1.975000
314.059	2.029000
314.375	2.029000
314.375	2.038000
314.691	2.038000
314.691	3.265000
315.007	3.265000
315.007	4.280000
315.31	4.280000
315.31	4.268000
315.613	4.268000
315.613	4.213000
315.915	4.213000
315.915	1.741000
316.222	1.741000
316.222	1.720000
316.53	1.720000
316.53	2.037000
316.839	2.037000
316.839	4.077000
317.105	4.077000
317.105	4.190000
317.372	4.190000
317.372	4.115000
317.639	4.115000
317.639	4.661000
317.962	4.661000
317.962	4.631000
318.285	4.631000
318.285	4.402000
318.608	4.402000
318.608	1.777000
318.913	1.777000
318.913	1.714000
319.217	1.714000
319.217	1.853000
319.524	1.853000
319.524	3.983000
319.774	3.983000
319.774	4.064000
320.025	4.064000
320.025	3.994000
320.276	3.994000
320.276	4.406000
320.592	4.406000
320.592	0.000000
320.592	0.000000
320.592	4.144000
320.908	4.144000
320.908	1.760000
321.221	1.760000
321.221	1.807000
321.535	1.807000
321.535	1.831000
321.85	1.831000
321.85	2.076000
322.165	2.076000
322.165	2.143000
322.48	2.143000
322.48	3.388000
322.796	3.388000
322.796	1.856000
323.111	1.856000
323.111	2.057000
323.427	2.057000
323.427	2.457000
323.742	2.457000
323.742	2.253000
324.058	2.253000
324.058	2.171000
324.374	2.171000
324.374	3.273000
324.69	3.273000
324.69	2.095000
325.005	2.095000
325.005	2.121000
325.321	2.121000
325.321	3.230000
325.637	3.230000
325.637	2.100000
325.952	2.100000
325.952	2.120000
326.268	2.120000
326.268	2.858000
326.583	2.858000
326.583	1.918000
326.889	1.918000
326.889	1.953000
327.195	1.953000
327.195	1.963000
327.503	1.963000
327.503	2.174000
327.818	2.174000
327.818	2.141000
328.134	2.141000
328.134	3.335000
328.45	3.335000
328.45	1.887000
328.766	1.887000
328.766	1.871000
329.082	1.871000
329.082	3.240000
329.398	3.240000
329.398	1.808000
329.709	1.808000
329.709	1.797000
330.02	1.797000
330.02	1.784000
330.33	1.784000
330.33	2.080000
330.645	2.080000
330.645	2.130000
330.959	2.130000
330.959	3.267000
331.274	3.267000
331.274	4.388000
331.563	4.388000
331.563	4.268000
331.852	4.268000
331.852	4.163000
332.141	4.163000
332.141	1.921000
332.434	1.921000
332.434	1.936000
332.727	1.936000
332.727	2.024000
333.02	2.024000
333.02	4.413000
333.284	4.413000
333.284	4.504000
333.548	4.504000
333.548	4.253000
333.813	4.253000
333.813	4.743000
334.121	4.743000
334.121	4.665000
334.429	4.665000
334.429	4.336000
334.737	4.336000
334.737	1.855000
335.05	1.855000
335.05	1.768000
335.362	1.768000
335.362	1.833000
335.675	1.833000
335.675	2.238000
335.991	2.238000
335.991	2.285000
336.306	2.285000
336.306	3.441000
336.622	3.441000
336.622	4.401000
336.895	4.401000
336.895	4.420000
337.168	4.420000
337.168	4.197000
337.441	4.197000
337.441	1.741000
337.75	1.741000
337.75	1.751000
338.059	1.751000
338.059	2.037000
338.368	2.037000
338.368	4.181000
338.663	4.181000
338.663	4.345000
338.958	4.345000
338.958	4.046000
339.253	4.046000
339.253	4.122000
339.519	4.122000
339.519	4.169000
339.786	4.169000
339.786	4.081000
340.053	4.081000
340.053	1.986000
340.367	1.986000
340.367	1.928000
340.681	1.928000
340.681	2.026000
340.996	2.026000
340.996	2.721000
341.312	2.721000
341.312	2.848000
341.628	2.848000
341.628	3.567000
341.944	3.567000
341.944	1.998000
342.26	1.998000
342.26	1.972000
342.576	1.972000
342.576	2.955000
342.892	2.955000
342.892	1.875000
343.209	1.875000
343.209	1.976000
343.526	1.976000
343.526	3.052000
343.843	3.052000
343.843	2.291000
344.157	2.291000
344.157	2.268000
344.472	2.268000
344.472	3.341000
344.788	3.341000
344.788	4.193000
345.023	4.193000
345.023	4.150000
345.258	4.150000
345.258	3.949000
345.493	3.949000
345.493	2.144000
345.805	2.144000
345.805	2.100000
346.121	2.100000
346.121	3.416000
346.437	3.416000
346.437	2.123000
346.752	2.123000
346.752	2.051000
347.068	2.051000
347.068	3.340000
347.384	3.340000
347.384	1.844000
347.659	1.844000
347.659	1.970000
347.934	1.970000
347.934	3.294000
348.209	3.294000
348.209	2.223000
348.524	2.223000
348.524	2.124000
348.839	2.124000
348.839	3.265000
349.154	3.265000
349.154	4.487000
349.459	4.487000
349.459	4.433000
349.764	4.433000
349.764	4.120000
350.069	4.120000
350.069	2.071000
350.384	2.071000
350.384	2.058000
350.7	2.058000
350.7	3.176000
351.016	3.176000
351.016	2.082000
351.332	2.082000
351.332	2.123000
351.648	2.123000
351.648	3.177000
351.964	3.177000
351.964	1.847000
352.279	1.847000
352.279	1.775000
352.593	1.775000
352.593	2.942000
352.909	2.942000
352.909	2.209000
353.183	2.209000
353.183	2.216000
353.458	2.216000
353.458	3.357000
353.733	3.357000
353.733	2.282000
354.049	2.282000
354.049	2.273000
354.365	2.273000
354.365	3.578000
354.68	3.578000
354.68	3.836000
354.989	3.836000
354.989	3.777000
355.297	3.777000
355.297	3.758000
355.605	3.758000
355.605	2.209000
355.92	2.209000
355.92	2.133000
356.235	2.133000
356.235	3.348000
356.551	3.348000
356.551	2.000000
356.866	2.000000
356.866	1.973000
357.182	1.973000
357.182	3.245000
357.497	3.245000
357.497	2.338000
357.81	2.338000
357.81	2.287000
358.126	2.287000
358.126	3.361000
358.442	3.361000
358.442	3.855000
358.753	3.855000
358.753	3.839000
359.065	3.839000
359.065	3.793000
359.377	3.793000
359.377	1.872000
359.693	1.872000
359.693	1.909000
360.009	1.909000
360.009	3.431000
360.325	3.431000
360.325	2.002000
360.641	2.002000
360.641	2.065000
360.957	2.065000
360.957	3.329000
361.273	3.329000
361.273	2.211000
361.589	2.211000
361.589	2.254000
361.904	2.254000
361.904	3.460000
362.22	3.460000
362.22	1.932000
362.534	1.932000
362.534	1.924000
362.849	1.924000
362.849	2.957000
363.164	2.957000
363.164	4.668000
363.494	4.668000
363.494	4.607000
363.822	4.607000
363.822	4.512000
364.15	4.512000
364.15	2.063000
364.465	2.063000
364.465	1.987000
364.781	1.987000
364.781	3.329000
365.097	3.329000
365.097	2.141000
365.411	2.141000
365.411	2.086000
365.724	2.086000
365.724	3.096000
366.038	3.096000
366.038	4.426000
366.363	4.426000
366.363	4.369000
366.685	4.369000
366.685	4.153000
367.011	4.153000
367.011	4.222000
367.241	4.222000
367.241	4.346000
367.471	4.346000
367.471	3.991000
367.701	3.991000
367.701	2.184000
368.017	2.184000
368.017	2.181000
368.332	2.181000
368.332	3.209000
368.648	3.209000
368.648	4.316000
368.918	4.316000
368.918	4.323000
369.188	4.323000
369.188	4.196000
369.458	4.196000
369.458	4.193000
369.692	4.193000
369.692	4.225000
369.925	4.225000
369.925	3.899000
370.159	3.899000
370.159	2.161000
370.476	2.161000
370.476	2.228000
370.792	2.228000
370.792	3.290000
371.108	3.290000
371.108	2.110000
371.425	2.110000
371.425	2.084000
371.741	2.084000
371.741	3.127000
372.058	3.127000
372.058	2.538000
372.374	2.538000
372.374	2.538000
372.69	2.538000
372.69	3.696000
373.006	3.696000
373.006	2.165000
373.323	2.165000
373.323	2.143000
373.64	2.143000
373.64	3.243000
373.957	3.243000
373.957	2.076000
374.274	2.076000
374.274	2.303000
374.591	2.303000
374.591	3.215000
374.908	3.215000
374.908	3.897000
375.214	3.897000
375.214	3.883000
375.52	3.883000
375.52	3.836000
375.827	3.836000
375.827	2.269000
376.142	2.269000
376.142	2.235000
376.456	2.235000
376.456	3.366000
376.771	3.366000
376.771	2.273000
377.088	2.273000
377.088	2.332000
377.405	2.332000
377.405	3.219000
377.722	3.219000
377.722	2.025000
378.039	2.025000
378.039	2.008000
378.355	2.008000
378.355	3.107000
378.672	3.107000
378.672	2.014000
378.989	2.014000
378.989	2.022000
379.306	2.022000
379.306	3.067000
379.623	3.067000
379.623	2.087000
379.94	2.087000
379.94	2.155000
380.257	2.155000
380.257	3.196000
380.574	3.196000
380.574	2.415000
380.891	2.415000
380.891	2.415000
381.208	2.415000
381.208	3.413000
381.525	3.413000
381.525	2.203000
381.841	2.203000
381.841	2.028000
382.157	2.028000
382.157	3.173000
382.473	3.173000
382.473	1.983000
382.789	1.983000
382.789	2.012000
383.104	2.012000
383.104	3.359000
383.42	3.359000
383.42	2.267000
383.734	2.267000
383.734	2.265000
384.05	2.265000
384.05	3.591000
384.366	3.591000
384.366	2.213000
384.682	2.213000
384.682	2.206000
384.998	2.206000
384.998	3.490000
385.314	3.490000
385.314	4.335000
385.613	4.335000
385.613	4.390000
385.912	4.390000
385.912	4.265000
386.21	4.265000
386.21	2.188000
386.527	2.188000
386.527	2.230000
386.843	2.230000
386.843	3.335000
387.16	3.335000
387.16	2.821000
387.462	2.821000
387.462	2.844000
387.764	2.844000
387.764	3.108000
388.066	3.108000
388.066	4.450000
388.327	4.450000
388.327	4.416000
388.588	4.416000
388.588	4.218000
388.85	4.218000
388.85	2.080000
389.165	2.080000
389.165	2.149000
389.479	2.149000
389.479	3.441000
389.796	3.441000
389.796	2.620000
390.111	2.620000
390.111	2.638000
390.426	2.638000
390.426	3.603000
390.741	3.603000
390.741	3.730000
391.09	3.730000
391.09	3.795000
391.44	3.795000
391.44	3.654000
391.791	3.654000
391.791	1.822000
392.106	1.822000
392.106	1.849000
392.421	1.849000
392.421	2.740000
392.736	2.740000
392.736	1.948000
393.052	1.948000
393.052	1.953000
393.368	1.953000
393.368	3.249000
393.684	3.249000
393.684	2.419000
394.0	2.419000
394.0	2.405000
394.316	2.405000
394.316	3.583000
394.632	3.583000
394.632	4.854000
394.895	4.854000
394.895	4.787000
395.158	4.787000
395.158	4.667000
395.422	4.667000
395.422	1.738000
395.737	1.738000
395.737	1.681000
396.052	1.681000
396.052	2.986000
396.367	2.986000
396.367	2.361000
396.679	2.361000
396.679	2.369000
396.99	2.369000
396.99	3.131000
397.301	3.131000
397.301	4.324000
397.568	4.324000
397.568	4.364000
397.836	4.364000
397.836	4.267000
398.103	4.267000
398.103	2.984000
398.401	2.984000
398.401	2.970000
398.698	2.970000
398.698	2.951000
398.996	2.951000
398.996	4.402000
399.25	4.402000
399.25	4.407000
399.505	4.407000
399.505	4.295000
399.76	4.295000
399.76	1.939000
400.076	1.939000
400.076	1.919000
400.392	1.919000
400.392	3.195000
400.708	3.195000
400.708	2.200000
401.021	2.200000
401.021	2.268000
401.334	2.268000
401.334	2.977000
401.648	2.977000
401.648	2.128000
401.964	2.128000
401.964	2.082000
402.28	2.082000
402.28	3.029000
402.596	3.029000
402.596	4.626000
402.885	4.626000
402.885	4.574000
403.173	4.574000
403.173	4.381000
403.462	4.381000
403.462	2.509000
403.776	2.509000
403.776	2.480000
404.089	2.480000
404.089	3.056000
404.403	3.056000
404.403	4.466000
404.691	4.466000
404.691	4.592000
404.981	4.592000
404.981	4.131000
405.271	4.131000
405.271	2.075000
405.585	2.075000
405.585	2.218000
405.901	2.218000
405.901	2.608000
406.217	2.608000
406.217	1.921000
406.532	1.921000
406.532	1.934000
406.848	1.934000
406.848	2.961000
407.164	2.961000
407.164	2.106000
407.481	2.106000
407.481	1.999000
407.798	1.999000
407.798	3.200000
408.115	3.200000
408.115	2.155000
408.431	2.155000
408.431	2.121000
408.747	2.121000
408.747	3.346000
409.063	3.346000
409.063	4.520000
409.311	4.520000
409.311	4.539000
409.56	4.539000
409.56	4.353000
409.809	4.353000
409.809	1.878000
410.124	1.878000
410.124	1.965000
410.439	1.965000
410.439	3.235000
410.754	3.235000
410.754	2.057000
411.07	2.057000
411.07	2.139000
411.386	2.139000
411.386	3.432000
411.702	3.432000
411.702	4.395000
411.989	4.395000
411.989	4.380000
412.277	4.380000
412.277	4.207000
412.565	4.207000
412.565	2.440000
412.874	2.440000
412.874	2.463000
413.183	2.463000
413.183	3.123000
413.492	3.123000
413.492	1.947000
413.807	1.947000
413.807	1.933000
414.121	1.933000
414.121	3.399000
414.436	3.399000
414.436	4.744000
414.724	4.744000
414.724	4.777000
415.012	4.777000
415.012	4.238000
415.299	4.238000
415.299	2.423000
415.611	2.423000
415.611	2.379000
415.924	2.379000
415.924	2.938000
416.237	2.938000
416.237	4.423000
416.473	4.423000
416.473	4.469000
416.709	4.469000
416.709	4.226000
416.944	4.226000
416.944	1.709000
417.26	1.709000
417.26	1.800000
417.576	1.800000
417.576	3.049000
417.892	3.049000
417.892	1.968000
418.208	1.968000
418.208	2.030000
418.524	2.030000
418.524	3.147000
418.84	3.147000
418.84	4.653000
419.116	4.653000
419.116	4.676000
419.393	4.676000
419.393	4.422000
419.67	4.422000
419.67	4.381000
419.981	4.381000
419.981	4.373000
420.292	4.373000
420.292	4.088000
420.603	4.088000
420.603	2.058000
420.918	2.058000
420.918	2.225000
421.233	2.225000
421.233	3.090000
421.548	3.090000
421.548	4.601000
421.823	4.601000
421.823	4.716000
422.099	4.716000
422.099	4.495000
422.374	4.495000
422.374	4.185000
422.682	4.185000
422.682	4.158000
422.991	4.158000
422.991	3.950000
423.299	3.950000
423.299	2.446000
423.611	2.446000
423.611	2.396000
423.924	2.396000
423.924	3.069000
424.237	3.069000
424.237	4.403000
424.485	4.403000
424.485	4.281000
424.733	4.281000
424.733	4.166000
424.979	4.166000
424.979	4.451000
425.225	4.451000
425.225	4.426000
425.472	4.426000
425.472	4.038000
425.719	4.038000
425.719	2.020000
426.035	2.020000
426.035	2.039000
426.351	2.039000
426.351	3.235000
426.667	3.235000
426.667	4.421000
426.925	4.421000
426.925	4.417000
427.184	4.417000
427.184	4.132000
427.443	4.132000
427.443	1.913000
427.759	1.913000
427.759	1.966000
428.075	1.966000
428.075	3.098000
428.391	3.098000
428.391	2.250000
428.706	2.250000
428.706	2.269000
429.022	2.269000
429.022	3.657000
429.338	3.657000
429.338	1.951000
429.653	1.951000
429.653	2.061000
429.968	2.061000
429.968	3.229000
430.283	3.229000
430.283	4.448000
430.588	4.448000
430.588	4.434000
430.893	4.434000
430.893	4.365000
431.198	4.365000
431.198	1.712000
431.513	1.712000
431.513	1.715000
431.828	1.715000
431.828	3.195000
432.143	3.195000
432.143	2.302000
432.459	2.302000
432.459	2.394000
432.775	2.394000
432.775	3.512000
433.091	3.512000
433.091	1.991000
433.407	1.991000
433.407	2.098000
433.723	2.098000
433.723	3.303000
434.039	3.303000
434.039	2.148000
434.355	2.148000
434.355	2.134000
434.671	2.134000
434.671	3.304000
434.987	3.304000
434.987	2.259000
435.303	2.259000
435.303	2.300000
435.619	2.300000
435.619	3.264000
435.935	3.264000
435.935	2.239000
436.251	2.239000
436.251	2.248000
436.567	2.248000
436.567	3.429000
436.883	3.429000
436.883	2.042000
437.199	2.042000
437.199	2.035000
437.515	2.035000
437.515	3.173000
437.831	3.173000
437.831	2.193000
438.147	2.193000
438.147	2.257000
438.461	2.257000
438.461	3.256000
438.777	3.256000
438.777	4.528000
439.091	4.528000
439.091	4.485000
439.405	4.485000
439.405	4.283000
439.719	4.283000
439.719	1.869000
440.033	1.869000
440.033	1.919000
440.348	1.919000
440.348	3.118000
440.663	3.118000
440.663	1.986000
440.979	1.986000
440.979	2.030000
441.295	2.030000
441.295	3.184000
441.61	3.184000
441.61	1.812000
441.925	1.812000
441.925	1.831000
442.24	1.831000
442.24	3.201000
442.555	3.201000
442.555	2.158000
442.871	2.158000
442.871	2.123000
443.187	2.123000
443.187	3.426000
443.503	3.426000
443.503	2.939000
443.804	2.939000
443.804	2.918000
444.106	2.918000
444.106	2.827000
444.407	2.827000
444.407	2.127000
444.723	2.127000
444.723	2.044000
445.039	2.044000
445.039	3.291000
445.355	3.291000
445.355	2.072000
445.67	2.072000
445.67	2.064000
445.985	2.064000
445.985	2.978000
446.3	2.978000
446.3	1.873000
446.615	1.873000
446.615	1.836000
446.929	1.836000
446.929	3.185000
447.244	3.185000
447.244	2.011000
447.56	2.011000
447.56	2.054000
447.876	2.054000
447.876	3.372000
448.191	3.372000
448.191	2.077000
448.505	2.077000
448.505	2.040000
448.82	2.040000
448.82	3.251000
449.136	3.251000
449.136	4.036000
449.425	4.036000
449.425	4.084000
449.714	4.084000
449.714	3.834000
450.003	3.834000
450.003	4.559000
450.312	4.559000
450.312	4.573000
450.622	4.573000
450.622	4.485000
450.931	4.485000
450.931	2.103000
451.246	2.103000
451.246	2.041000
451.558	2.041000
451.558	3.156000
451.873	3.156000
451.873	2.177000
452.189	2.177000
452.189	2.175000
452.505	2.175000
452.505	2.872000
452.821	2.872000
452.821	2.050000
453.137	2.050000
453.137	2.059000
453.453	2.059000
453.453	3.289000
453.769	3.289000
453.769	2.146000
454.084	2.146000
454.084	2.098000
454.399	2.098000
454.399	3.518000
454.714	3.518000
454.714	2.504000
455.029	2.504000
455.029	2.608000
455.345	2.608000
455.345	3.396000
455.66	3.396000
455.66	3.742000
455.962	3.742000
455.962	3.738000
456.263	3.738000
456.263	3.671000
456.565	3.671000
456.565	2.354000
456.881	2.354000
456.881	2.332000
457.197	2.332000
457.197	3.465000
457.513	3.465000
457.513	4.186000
457.822	4.186000
457.822	4.149000
458.131	4.149000
458.131	4.273000
458.439	4.273000
458.439	4.653000
458.723	4.653000
458.723	4.666000
459.007	4.666000
459.007	4.345000
459.291	4.345000
459.291	2.395000
459.607	2.395000
459.607	2.326000
459.923	2.326000
459.923	3.231000
460.239	3.231000
460.239	4.587000
460.551	4.587000
460.551	4.574000
460.863	4.574000
460.863	4.450000
461.175	4.450000
461.175	4.580000
461.437	4.580000
461.437	4.465000
461.699	4.465000
461.699	4.088000
461.961	4.088000
461.961	2.012000
462.277	2.012000
462.277	2.116000
462.593	2.116000
462.593	3.264000
462.909	3.264000
462.909	2.291000
463.222	2.291000
463.222	2.272000
463.533	2.272000
463.533	2.923000
463.846	2.923000
463.846	2.246000
464.119	2.246000
464.119	2.160000
464.392	2.160000
464.392	2.667000
464.663	2.667000
464.663	2.268000
464.979	2.268000
464.979	2.160000
465.294	2.160000
465.294	3.362000
465.61	3.362000
465.61	3.779000
465.923	3.779000
465.923	3.811000
466.236	3.811000
466.236	3.402000
466.549	3.402000
466.549	2.526000
466.859	2.526000
466.859	2.520000
467.168	2.520000
467.168	2.827000
467.477	2.827000
