0.0	7.374000
0.318	7.374000
0.318	7.126000
0.636	7.126000
0.636	7.082000
0.954	7.082000
0.954	8.252000
1.307	8.252000
1.307	8.128000
1.659	8.128000
1.659	8.036000
2.012	8.036000
2.012	6.693000
2.365	6.693000
2.365	7.097000
2.718	7.097000
2.718	6.957000
3.071	6.957000
3.071	9.186000
3.389	9.186000
3.389	8.883000
3.707	8.883000
3.707	8.822000
4.025	8.822000
4.025	8.241000
4.378	8.241000
4.378	8.294000
4.73	8.294000
4.73	8.057000
5.083	8.057000
5.083	8.820000
5.436	8.820000
5.436	9.040000
5.789	9.040000
5.789	9.111000
6.142	9.111000
6.142	8.666000
6.46	8.666000
6.46	8.369000
6.778	8.369000
6.778	8.396000
7.096	8.396000
7.096	8.289000
7.449	8.289000
7.449	8.585000
7.801	8.585000
7.801	8.563000
8.153	8.563000
8.153	9.099000
8.506	9.099000
8.506	9.230000
8.859	9.230000
8.859	8.935000
9.212	8.935000
9.212	8.137000
9.53	8.137000
9.53	8.090000
9.848	8.090000
9.848	8.194000
10.166	8.194000
10.166	9.511000
10.519	9.511000
10.519	9.882000
10.872	9.882000
10.872	9.433000
11.225	9.433000
11.225	7.252000
11.578	7.252000
11.578	7.644000
11.931	7.644000
11.931	7.540000
12.284	7.540000
12.284	8.223000
12.602	8.223000
12.602	8.109000
12.92	8.109000
12.92	8.301000
13.238	8.301000
13.238	8.508000
13.591	8.508000
13.591	8.560000
13.944	8.560000
13.944	8.460000
14.297	8.460000
14.297	9.321000
14.65	9.321000
14.65	9.473000
15.003	9.473000
15.003	9.482000
15.356	9.482000
15.356	9.171000
15.674	9.171000
15.674	9.133000
15.992	9.133000
15.992	9.197000
16.31	9.197000
16.31	8.547000
16.663	8.547000
16.663	8.805000
17.016	8.805000
17.016	8.468000
17.369	8.468000
17.369	8.342000
17.722	8.342000
17.722	8.084000
18.075	8.084000
18.075	8.247000
18.428	8.247000
18.428	7.758000
18.746	7.758000
18.746	7.811000
19.064	7.811000
19.064	7.909000
19.382	7.909000
19.382	9.285000
19.735	9.285000
19.735	9.009000
20.088	9.009000
20.088	9.145000
20.441	9.145000
20.441	7.956000
20.794	7.956000
20.794	8.155000
21.147	8.155000
21.147	8.203000
21.5	8.203000
21.5	7.161000
21.818	7.161000
21.818	6.847000
22.136	6.847000
22.136	6.909000
22.454	6.909000
22.454	9.611000
22.807	9.611000
22.807	9.686000
23.16	9.686000
23.16	9.704000
23.513	9.704000
23.513	7.918000
23.866	7.918000
23.866	7.669000
24.219	7.669000
24.219	7.496000
24.572	7.496000
24.572	8.398000
24.889	8.398000
24.889	8.074000
25.207	8.074000
25.207	8.067000
25.525	8.067000
25.525	8.157000
25.842	8.157000
25.842	8.064000
26.159	8.064000
26.159	8.124000
26.476	8.124000
26.476	8.900000
26.829	8.900000
26.829	9.100000
27.182	9.100000
27.182	9.060000
27.535	9.060000
27.535	9.587000
27.888	9.587000
27.888	9.936000
28.241	9.936000
28.241	9.689000
28.594	9.689000
28.594	8.392000
28.911	8.392000
28.911	8.333000
29.228	8.333000
29.228	8.343000
29.545	8.343000
29.545	8.901000
29.898	8.901000
29.898	9.135000
30.251	9.135000
30.251	9.081000
30.604	9.081000
30.604	7.544000
30.957	7.544000
30.957	8.101000
31.31	8.101000
31.31	7.993000
31.663	7.993000
31.663	7.395000
31.981	7.395000
31.981	7.191000
32.299	7.191000
32.299	7.290000
32.617	7.290000
32.617	8.367000
32.935	8.367000
32.935	8.261000
33.253	8.261000
33.253	8.631000
33.571	8.631000
33.571	7.294000
33.888	7.294000
33.888	7.030000
34.205	7.030000
34.205	6.992000
34.522	6.992000
34.522	8.915000
34.875	8.915000
34.875	8.717000
35.228	8.717000
35.228	8.842000
35.581	8.842000
35.581	7.892000
35.899	7.892000
35.899	8.028000
36.217	8.028000
36.217	8.096000
36.535	8.096000
36.535	8.259000
36.888	8.259000
36.888	8.194000
37.241	8.194000
37.241	8.228000
37.594	8.228000
37.594	8.561000
37.912	8.561000
37.912	8.751000
38.23	8.751000
38.23	8.582000
38.548	8.582000
38.548	8.400000
38.901	8.400000
38.901	8.613000
39.254	8.613000
39.254	8.304000
39.607	8.304000
39.607	9.521000
39.96	9.521000
39.96	9.372000
40.313	9.372000
40.313	9.205000
40.666	9.205000
40.666	7.912000
40.983	7.912000
40.983	7.636000
41.3	7.636000
41.3	7.912000
41.617	7.912000
41.617	9.953000
41.97	9.953000
41.97	9.793000
42.323	9.793000
42.323	9.772000
42.676	9.772000
42.676	8.674000
43.029	8.674000
43.029	8.712000
43.382	8.712000
43.382	8.701000
43.735	8.701000
43.735	8.127000
44.052	8.127000
44.052	8.087000
44.37	8.087000
44.37	8.280000
44.688	8.280000
44.688	8.098000
45.041	8.098000
45.041	7.999000
45.394	7.999000
45.394	8.016000
45.747	8.016000
45.747	7.474000
46.064	7.474000
46.064	7.195000
46.381	7.195000
46.381	7.165000
46.698	7.165000
46.698	8.527000
47.051	8.527000
47.051	8.754000
47.404	8.754000
47.404	8.707000
47.757	8.707000
47.757	7.873000
48.11	7.873000
48.11	7.786000
48.463	7.786000
48.463	7.897000
48.816	7.897000
48.816	7.867000
49.134	7.867000
49.134	7.865000
49.452	7.865000
49.452	7.935000
49.77	7.935000
49.77	8.886000
50.123	8.886000
50.123	8.782000
50.476	8.782000
50.476	8.805000
50.829	8.805000
50.829	8.374000
51.182	8.374000
51.182	8.319000
51.535	8.319000
51.535	8.416000
51.888	8.416000
51.888	7.436000
52.205	7.436000
52.205	7.144000
52.522	7.144000
52.522	7.141000
52.839	7.141000
52.839	9.030000
53.192	9.030000
53.192	8.956000
53.545	8.956000
53.545	8.609000
53.898	8.609000
53.898	9.968000
54.251	9.968000
54.251	9.799000
54.604	9.799000
54.604	7.967000
54.922	7.967000
54.922	7.797000
55.24	7.797000
55.24	7.843000
55.558	7.843000
55.558	6.985000
55.911	6.985000
55.911	7.017000
56.263	7.017000
56.263	7.067000
56.615	7.067000
56.615	8.902000
56.968	8.902000
56.968	8.759000
57.32	8.759000
57.32	8.798000
57.673	8.798000
57.673	7.879000
57.99	7.879000
57.99	8.181000
58.307	8.181000
58.307	8.274000
58.624	8.274000
58.624	9.873000
58.977	9.873000
58.977	7.925000
59.33	7.925000
59.33	7.783000
59.683	7.783000
59.683	7.671000
60.036	7.671000
60.036	8.524000
60.354	8.524000
60.354	8.544000
60.672	8.544000
60.672	8.538000
60.99	8.538000
60.99	8.379000
61.343	8.379000
61.343	8.690000
61.696	8.690000
61.696	8.536000
62.048	8.536000
62.048	9.655000
62.401	9.655000
62.401	9.049000
62.754	9.049000
62.754	9.230000
63.107	9.230000
63.107	7.734000
63.424	7.734000
63.424	7.570000
63.741	7.570000
63.741	7.366000
64.058	7.366000
64.058	8.598000
64.411	8.598000
64.411	8.774000
64.764	8.774000
64.764	8.724000
65.117	8.724000
65.117	7.359000
65.434	7.359000
65.434	7.159000
65.751	7.159000
65.751	7.571000
66.068	7.571000
66.068	7.463000
66.421	7.463000
66.421	7.388000
66.774	7.388000
66.774	7.511000
67.127	7.511000
67.127	8.104000
67.445	8.104000
67.445	8.167000
67.763	8.167000
67.763	8.228000
68.081	8.228000
68.081	9.424000
68.434	9.424000
68.434	9.268000
68.787	9.268000
68.787	9.209000
69.14	9.209000
69.14	7.879000
69.493	7.879000
69.493	7.869000
69.846	7.869000
69.846	7.682000
70.199	7.682000
70.199	7.680000
70.517	7.680000
70.517	7.588000
70.835	7.588000
70.835	7.744000
71.153	7.744000
71.153	7.216000
71.471	7.216000
71.471	7.295000
71.789	7.295000
71.789	7.156000
72.107	7.156000
72.107	7.307000
72.46	7.307000
72.46	7.397000
72.813	7.397000
72.813	7.363000
73.166	7.363000
73.166	8.424000
73.484	8.424000
73.484	8.477000
73.802	8.477000
73.802	8.254000
74.12	8.254000
74.12	9.054000
74.473	9.054000
74.473	8.946000
74.826	8.946000
74.826	8.770000
75.179	8.770000
75.179	7.864000
75.496	7.864000
75.496	7.887000
75.813	7.887000
75.813	7.657000
76.13	7.657000
76.13	8.296000
76.483	8.296000
76.483	8.350000
76.836	8.350000
76.836	8.386000
77.189	8.386000
77.189	8.679000
77.542	8.679000
77.542	9.033000
77.895	9.033000
77.895	8.919000
78.248	8.919000
78.248	7.669000
78.566	7.669000
78.566	7.418000
78.884	7.418000
78.884	7.532000
79.202	7.532000
79.202	9.086000
79.555	9.086000
79.555	9.353000
79.906	9.353000
79.906	9.303000
80.259	9.303000
80.259	9.678000
80.612	9.678000
80.612	9.728000
80.965	9.728000
80.965	9.537000
81.318	9.537000
81.318	7.882000
81.635	7.882000
81.635	7.986000
81.952	7.986000
81.952	7.967000
82.269	7.967000
82.269	8.631000
82.622	8.631000
82.622	8.807000
82.975	8.807000
82.975	8.582000
83.328	8.582000
83.328	6.867000
83.646	6.867000
83.646	7.214000
83.964	7.214000
83.964	7.251000
84.282	7.251000
84.282	8.240000
84.635	8.240000
84.635	8.551000
84.988	8.551000
84.988	8.420000
85.341	8.420000
85.341	9.890000
85.694	9.890000
85.694	9.924000
86.046	9.924000
86.046	9.805000
86.398	9.805000
86.398	7.760000
86.715	7.760000
86.715	8.042000
87.032	8.042000
87.032	7.993000
87.349	7.993000
87.349	9.027000
87.702	9.027000
87.702	9.149000
88.055	9.149000
88.055	8.995000
88.408	8.995000
88.408	8.195000
88.761	8.195000
88.761	8.006000
89.113	8.006000
89.113	7.884000
89.466	7.884000
89.466	8.812000
89.784	8.812000
89.784	8.573000
90.102	8.573000
90.102	8.557000
90.42	8.557000
90.42	6.382000
90.773	6.382000
90.773	6.575000
91.126	6.575000
91.126	6.419000
91.479	6.419000
91.479	9.717000
91.832	9.717000
91.832	9.892000
92.185	9.892000
92.185	9.588000
92.538	9.588000
92.538	8.253000
92.855	8.253000
92.855	8.237000
93.172	8.237000
93.172	8.235000
93.489	8.235000
93.489	8.199000
93.842	8.199000
93.842	8.826000
94.195	8.826000
94.195	8.695000
94.548	8.695000
94.548	8.688000
94.9	8.688000
94.9	8.889000
95.253	8.889000
95.253	8.668000
95.606	8.668000
95.606	7.698000
95.924	7.698000
95.924	7.580000
96.242	7.580000
96.242	7.724000
96.56	7.724000
96.56	7.362000
96.913	7.362000
96.913	7.431000
97.266	7.431000
97.266	7.315000
97.619	7.315000
97.619	7.836000
97.937	7.836000
97.937	7.858000
98.255	7.858000
98.255	7.790000
98.573	7.790000
98.573	8.927000
98.926	8.927000
98.926	8.852000
99.278	8.852000
99.278	9.061000
99.631	9.061000
99.631	9.344000
99.984	9.344000
99.984	9.561000
100.337	9.561000
100.337	9.019000
100.69	9.019000
100.69	7.432000
101.007	7.432000
101.007	7.394000
101.324	7.394000
101.324	7.700000
101.641	7.700000
101.641	8.259000
101.994	8.259000
101.994	8.402000
102.347	8.402000
102.347	8.194000
102.7	8.194000
102.7	6.931000
103.053	6.931000
103.053	6.687000
103.406	6.687000
103.406	6.998000
103.759	6.998000
103.759	7.601000
104.076	7.601000
104.076	7.661000
104.393	7.661000
104.393	7.569000
104.71	7.569000
104.71	8.058000
105.028	8.058000
105.028	7.560000
105.346	7.560000
105.346	7.483000
105.664	7.483000
105.664	8.210000
106.017	8.210000
106.017	8.570000
106.37	8.570000
106.37	8.146000
106.723	8.146000
106.723	8.116000
107.076	8.116000
107.076	7.937000
107.429	7.937000
107.429	7.959000
107.782	7.959000
107.782	9.961000
108.1	9.961000
108.1	9.843000
108.418	9.843000
108.418	9.728000
108.736	9.728000
108.736	7.605000
109.089	7.605000
109.089	7.646000
109.442	7.646000
109.442	7.723000
109.795	7.723000
109.795	7.978000
110.113	7.978000
110.113	7.664000
110.431	7.664000
110.431	7.676000
110.749	7.676000
110.749	8.928000
111.102	8.928000
111.102	8.787000
111.455	8.787000
111.455	8.885000
111.808	8.885000
111.808	7.928000
112.125	7.928000
112.125	7.936000
112.442	7.936000
112.442	8.065000
112.759	8.065000
112.759	9.190000
113.112	9.190000
113.112	9.164000
113.464	9.164000
113.464	9.003000
113.817	9.003000
113.817	8.144000
114.135	8.144000
114.135	8.336000
114.453	8.336000
114.453	8.646000
114.771	8.646000
114.771	7.355000
115.124	7.355000
115.124	7.361000
115.477	7.361000
115.477	7.126000
115.83	7.126000
115.83	9.211000
116.183	9.211000
116.183	9.220000
116.536	9.220000
116.536	9.129000
116.889	9.129000
116.889	6.232000
117.206	6.232000
117.206	6.355000
117.523	6.355000
117.523	6.583000
117.84	6.583000
117.84	9.868000
118.193	9.868000
118.193	9.699000
118.546	9.699000
118.546	8.739000
118.899	8.739000
118.899	8.828000
119.252	8.828000
119.252	8.615000
119.605	8.615000
119.605	6.781000
119.921	6.781000
119.921	6.745000
120.238	6.745000
120.238	6.514000
120.555	6.514000
120.555	9.899000
120.908	9.899000
120.908	9.897000
121.261	9.897000
121.261	9.653000
121.614	9.653000
121.614	8.011000
121.967	8.011000
121.967	8.070000
122.32	8.070000
122.32	8.188000
122.673	8.188000
122.673	8.881000
122.991	8.881000
122.991	8.847000
123.309	8.847000
123.309	9.165000
123.627	9.165000
123.627	8.449000
123.98	8.449000
123.98	8.323000
124.333	8.323000
124.333	8.312000
124.686	8.312000
124.686	9.448000
125.039	9.448000
125.039	9.431000
125.392	9.431000
125.392	9.333000
125.745	9.333000
125.745	8.314000
126.063	8.314000
126.063	8.283000
126.381	8.283000
126.381	8.437000
126.699	8.437000
126.699	8.369000
127.052	8.369000
127.052	8.017000
127.405	8.017000
127.405	8.285000
127.758	8.285000
127.758	9.058000
128.111	9.058000
128.111	8.718000
128.463	8.718000
128.463	8.949000
128.816	8.949000
128.816	8.341000
129.134	8.341000
129.134	8.339000
129.452	8.339000
129.452	8.561000
129.77	8.561000
129.77	8.934000
130.123	8.934000
130.123	8.848000
130.476	8.848000
130.476	8.750000
130.829	8.750000
130.829	9.969000
131.182	9.969000
131.182	9.736000
131.535	9.736000
131.535	9.998000
131.888	9.998000
131.888	6.438000
132.206	6.438000
132.206	6.458000
132.524	6.458000
132.524	6.757000
132.842	6.757000
132.842	7.592000
133.195	7.592000
133.195	7.786000
133.548	7.786000
133.548	8.051000
133.901	8.051000
133.901	7.080000
134.254	7.080000
134.254	7.093000
134.607	7.093000
134.607	6.983000
134.96	6.983000
134.96	6.177000
135.277	6.177000
135.277	5.865000
135.594	5.865000
135.594	6.134000
135.911	6.134000
135.911	7.428000
136.264	7.428000
136.264	7.603000
136.617	7.603000
136.617	7.379000
136.97	7.379000
136.97	7.252000
137.323	7.252000
137.323	7.508000
137.676	7.508000
137.676	7.579000
138.029	7.579000
138.029	8.376000
138.347	8.376000
138.347	7.924000
138.665	7.924000
138.665	8.160000
138.983	8.160000
138.983	7.613000
139.336	7.613000
139.336	7.715000
139.689	7.715000
139.689	7.714000
140.042	7.714000
140.042	7.486000
140.395	7.486000
140.395	7.337000
140.748	7.337000
140.748	7.378000
141.101	7.378000
141.101	6.583000
141.417	6.583000
141.417	6.161000
141.734	6.161000
141.734	6.130000
142.051	6.130000
142.051	8.567000
142.404	8.567000
142.404	8.610000
142.757	8.610000
142.757	8.596000
143.11	8.596000
143.11	6.827000
143.463	6.827000
143.463	6.874000
143.816	6.874000
143.816	6.821000
144.168	6.821000
144.168	8.256000
144.486	8.256000
144.486	8.402000
144.804	8.402000
144.804	8.449000
145.122	8.449000
145.122	9.119000
145.475	9.119000
145.475	9.303000
145.827	9.303000
145.827	9.076000
146.18	9.076000
146.18	9.036000
146.533	9.036000
146.533	9.481000
146.886	9.481000
146.886	9.423000
147.239	9.423000
147.239	8.099000
147.557	8.099000
147.557	7.844000
147.875	7.844000
147.875	7.921000
148.193	7.921000
148.193	9.013000
148.546	9.013000
148.546	9.121000
148.899	9.121000
148.899	9.100000
149.252	9.100000
149.252	8.751000
149.605	8.751000
149.605	8.644000
149.958	8.644000
149.958	8.666000
150.311	8.666000
150.311	8.193000
150.628	8.193000
150.628	7.732000
150.945	7.732000
150.945	7.798000
151.262	7.798000
151.262	9.065000
151.615	9.065000
151.615	9.238000
151.967	9.238000
151.967	9.255000
152.32	9.255000
152.32	7.345000
152.673	7.345000
152.673	7.220000
153.026	7.220000
153.026	7.171000
153.379	7.171000
153.379	6.708000
153.697	6.708000
153.697	6.901000
154.015	6.901000
154.015	6.862000
154.333	6.862000
154.333	7.871000
154.686	7.871000
154.686	8.066000
155.039	8.066000
155.039	8.050000
155.392	8.050000
155.392	7.396000
155.71	7.396000
155.71	7.122000
156.028	7.122000
156.028	7.117000
156.346	7.117000
156.346	9.902000
156.699	9.902000
156.699	9.949000
157.052	9.949000
157.052	9.922000
157.405	9.922000
157.405	8.188000
157.758	8.188000
157.758	8.689000
158.111	8.689000
158.111	8.366000
158.464	8.366000
158.464	9.276000
158.782	9.276000
158.782	8.710000
159.1	8.710000
159.1	8.576000
159.418	8.576000
159.418	9.815000
159.771	9.815000
159.771	7.812000
160.089	7.812000
160.089	7.791000
160.407	7.791000
160.407	7.951000
160.725	7.951000
160.725	6.901000
161.078	6.901000
161.078	6.852000
161.431	6.852000
161.431	7.165000
161.784	7.165000
161.784	7.861000
162.102	7.861000
162.102	7.619000
162.42	7.619000
162.42	7.727000
162.738	7.727000
162.738	8.754000
163.091	8.754000
163.091	8.737000
163.444	8.737000
163.444	8.779000
163.797	8.779000
163.797	9.914000
164.15	9.914000
164.15	9.839000
164.503	9.839000
164.503	9.769000
164.856	9.769000
164.856	9.220000
165.133	9.220000
165.133	8.876000
165.41	8.876000
165.41	8.897000
165.687	8.897000
165.687	6.347000
166.04	6.347000
166.04	6.380000
166.393	6.380000
166.393	6.347000
166.746	6.347000
166.746	9.079000
167.099	9.079000
167.099	8.868000
167.452	8.868000
167.452	8.871000
167.805	8.871000
167.805	8.654000
168.123	8.654000
168.123	8.099000
168.441	8.099000
168.441	8.223000
168.759	8.223000
168.759	7.772000
169.107	7.772000
169.107	7.579000
169.455	7.579000
169.455	7.755000
169.803	7.755000
169.803	9.918000
170.107	9.918000
170.107	9.825000
170.411	9.825000
170.411	7.471000
170.764	7.471000
170.764	7.748000
171.117	7.748000
171.117	7.537000
171.47	7.537000
171.47	6.352000
171.823	6.352000
171.823	6.317000
172.176	6.317000
172.176	6.200000
172.529	6.200000
172.529	8.728000
172.882	8.728000
172.882	8.490000
173.235	8.490000
173.235	8.437000
173.588	8.437000
173.588	9.978000
173.939	9.978000
173.939	9.911000
174.291	9.911000
174.291	7.832000
174.608	7.832000
174.608	7.446000
174.925	7.446000
174.925	7.493000
175.242	7.493000
175.242	9.934000
175.595	9.934000
175.595	9.797000
175.948	9.797000
175.948	9.825000
176.301	9.825000
176.301	9.866000
176.654	9.866000
176.654	9.576000
177.007	9.576000
177.007	8.767000
177.324	8.767000
177.324	8.501000
177.642	8.501000
177.642	8.573000
177.96	8.573000
177.96	9.632000
178.313	9.632000
178.313	9.639000
178.666	9.639000
178.666	9.408000
179.019	9.408000
179.019	9.958000
179.372	9.958000
179.372	7.634000
179.689	7.634000
179.689	7.431000
180.006	7.431000
180.006	7.434000
180.323	7.434000
180.323	8.130000
180.641	8.130000
180.641	7.884000
180.959	7.884000
180.959	7.909000
181.277	7.909000
181.277	8.167000
181.63	8.167000
181.63	8.256000
181.983	8.256000
181.983	8.148000
182.336	8.148000
182.336	8.646000
182.689	8.646000
182.689	8.077000
183.042	8.077000
183.042	8.311000
183.395	8.311000
183.395	9.705000
183.711	9.705000
183.711	9.745000
184.028	9.745000
184.028	9.674000
184.345	9.674000
184.345	8.800000
184.698	8.800000
184.698	8.918000
185.051	8.918000
185.051	8.364000
185.403	8.364000
185.403	8.217000
185.72	8.217000
185.72	8.351000
186.037	8.351000
186.037	8.345000
186.354	8.345000
186.354	9.211000
186.707	9.211000
186.707	9.152000
187.06	9.152000
187.06	9.451000
187.413	9.451000
187.413	8.229000
187.731	8.229000
187.731	7.867000
188.049	7.867000
188.049	8.193000
188.367	8.193000
188.367	9.044000
188.719	9.044000
188.719	8.717000
189.071	8.717000
189.071	8.761000
189.423	8.761000
189.423	9.234000
189.776	9.234000
189.776	8.899000
190.129	8.899000
190.129	8.962000
190.482	8.962000
190.482	8.501000
190.798	8.501000
190.798	8.042000
191.115	8.042000
191.115	8.282000
191.432	8.282000
191.432	7.959000
191.75	7.959000
191.75	7.675000
192.068	7.675000
192.068	7.966000
192.386	7.966000
192.386	7.668000
192.703	7.668000
192.703	7.623000
193.02	7.623000
193.02	7.747000
193.337	7.747000
193.337	9.387000
193.69	9.387000
193.69	9.308000
194.042	9.308000
194.042	9.169000
194.395	9.169000
194.395	8.651000
194.713	8.651000
194.713	8.248000
195.031	8.248000
195.031	8.378000
195.349	8.378000
195.349	9.862000
195.702	9.862000
195.702	9.771000
196.055	9.771000
196.055	9.851000
196.408	9.851000
196.408	9.397000
196.76	9.397000
196.76	9.545000
197.113	9.545000
197.113	9.412000
197.466	9.412000
197.466	8.715000
197.783	8.715000
197.783	8.299000
198.1	8.299000
198.1	8.621000
198.417	8.621000
198.417	8.625000
198.769	8.625000
198.769	8.978000
199.121	8.978000
199.121	8.804000
199.473	8.804000
199.473	8.531000
199.826	8.531000
199.826	8.606000
200.179	8.606000
200.179	8.440000
200.532	8.440000
200.532	8.479000
200.849	8.479000
200.849	8.473000
201.166	8.473000
201.166	8.485000
201.483	8.485000
201.483	7.997000
201.836	7.997000
201.836	8.114000
202.189	8.114000
202.189	8.049000
202.542	8.049000
202.542	7.571000
202.894	7.571000
202.894	7.499000
203.246	7.499000
203.246	7.460000
203.599	7.460000
203.599	8.531000
203.917	8.531000
203.917	8.170000
204.235	8.170000
204.235	8.140000
204.553	8.140000
204.553	8.949000
204.906	8.949000
204.906	8.888000
205.259	8.888000
205.259	8.525000
205.612	8.525000
205.612	8.916000
205.93	8.916000
205.93	8.337000
206.248	8.337000
206.248	8.325000
206.566	8.325000
206.566	9.251000
206.919	9.251000
206.919	9.048000
207.272	9.048000
207.272	9.204000
207.625	9.204000
207.625	8.410000
207.943	8.410000
207.943	8.409000
208.261	8.409000
208.261	8.463000
208.579	8.463000
208.579	8.641000
208.932	8.641000
208.932	8.931000
209.285	8.931000
209.285	8.551000
209.638	8.551000
209.638	8.870000
209.991	8.870000
209.991	8.598000
210.344	8.598000
210.344	8.584000
210.697	8.584000
210.697	8.332000
211.015	8.332000
211.015	8.285000
211.333	8.285000
211.333	8.228000
211.651	8.228000
211.651	9.793000
212.003	9.793000
212.003	9.936000
212.356	9.936000
212.356	9.561000
212.709	9.561000
212.709	9.478000
213.062	9.478000
213.062	9.538000
213.415	9.538000
213.415	9.466000
213.768	9.466000
213.768	7.423000
214.086	7.423000
214.086	7.356000
214.404	7.356000
214.404	7.393000
214.722	7.393000
214.722	8.780000
215.075	8.780000
215.075	8.984000
215.428	8.984000
215.428	8.891000
215.781	8.891000
215.781	7.946000
216.134	7.946000
216.134	7.912000
216.486	7.912000
216.486	7.692000
216.839	7.692000
216.839	7.370000
217.155	7.370000
217.155	7.263000
217.472	7.263000
217.472	7.291000
217.789	7.291000
217.789	8.377000
218.142	8.377000
218.142	8.050000
218.495	8.050000
218.495	7.850000
218.848	7.850000
218.848	7.034000
219.165	7.034000
219.165	6.681000
219.482	6.681000
219.482	6.630000
219.799	6.630000
219.799	9.068000
220.152	9.068000
220.152	9.215000
220.505	9.215000
220.505	9.069000
220.858	9.069000
220.858	7.875000
221.175	7.875000
221.175	7.867000
221.492	7.867000
221.492	7.817000
221.809	7.817000
221.809	7.538000
222.126	7.538000
222.126	7.288000
222.443	7.288000
222.443	7.317000
222.76	7.317000
222.76	9.172000
223.113	9.172000
223.113	9.135000
223.466	9.135000
223.466	8.986000
223.819	8.986000
223.819	9.115000
224.172	9.115000
224.172	9.099000
224.525	9.099000
224.525	9.066000
224.878	9.066000
224.878	8.509000
225.196	8.509000
225.196	8.453000
225.514	8.453000
225.514	8.333000
225.832	8.333000
225.832	8.385000
226.185	8.385000
226.185	8.526000
226.538	8.526000
226.538	8.265000
226.891	8.265000
226.891	9.779000
227.244	9.779000
227.244	9.977000
227.597	9.977000
227.597	8.142000
227.913	8.142000
227.913	7.879000
228.23	7.879000
228.23	7.820000
228.547	7.820000
228.547	8.835000
228.9	8.835000
228.9	8.796000
229.253	8.796000
229.253	8.524000
229.606	8.524000
229.606	8.985000
229.959	8.985000
229.959	8.948000
230.312	8.948000
230.312	9.090000
230.665	9.090000
230.665	8.673000
230.983	8.673000
230.983	8.591000
231.301	8.591000
231.301	8.386000
231.619	8.386000
231.619	7.945000
231.972	7.945000
231.972	7.965000
232.325	7.965000
232.325	8.084000
232.678	8.084000
232.678	9.732000
233.031	9.732000
233.031	9.723000
233.384	9.723000
233.384	9.432000
233.737	9.432000
233.737	7.917000
234.054	7.917000
234.054	7.389000
234.371	7.389000
234.371	7.576000
234.688	7.576000
234.688	8.547000
235.041	8.547000
235.041	8.404000
235.394	8.404000
235.394	8.288000
235.747	8.288000
235.747	8.650000
236.1	8.650000
236.1	8.618000
236.453	8.618000
236.453	8.753000
236.806	8.753000
236.806	7.044000
237.124	7.044000
237.124	7.152000
237.442	7.152000
237.442	7.068000
237.76	7.068000
237.76	7.370000
238.113	7.370000
238.113	7.406000
238.466	7.406000
238.466	6.995000
238.819	6.995000
238.819	9.803000
239.172	9.803000
239.172	9.886000
239.525	9.886000
239.525	8.804000
239.843	8.804000
239.843	8.573000
240.161	8.573000
240.161	8.696000
240.479	8.696000
240.479	8.484000
240.832	8.484000
240.832	8.103000
241.185	8.103000
241.185	8.188000
241.537	8.188000
241.537	9.561000
241.89	9.561000
241.89	9.289000
242.243	9.289000
242.243	9.437000
242.596	9.437000
242.596	7.923000
242.914	7.923000
242.914	7.777000
243.232	7.777000
243.232	7.661000
243.55	7.661000
243.55	7.785000
243.903	7.785000
243.903	8.273000
244.256	8.273000
244.256	7.787000
244.609	7.787000
244.609	8.642000
244.962	8.642000
244.962	8.807000
245.315	8.807000
245.315	8.756000
245.668	8.756000
245.668	8.441000
245.986	8.441000
245.986	8.101000
246.304	8.101000
246.304	8.160000
246.622	8.160000
246.622	8.949000
246.975	8.949000
246.975	9.043000
247.328	9.043000
247.328	9.064000
247.681	9.064000
247.681	7.906000
248.034	7.906000
248.034	7.918000
248.387	7.918000
248.387	7.973000
248.74	7.973000
248.74	8.214000
249.057	8.214000
249.057	8.254000
249.374	8.254000
249.374	8.201000
249.691	8.201000
249.691	7.801000
250.044	7.801000
250.044	7.952000
250.397	7.952000
250.397	7.895000
250.75	7.895000
250.75	9.810000
251.103	9.810000
251.103	9.846000
251.456	9.846000
251.456	9.939000
251.809	9.939000
251.809	8.156000
252.125	8.156000
252.125	8.130000
252.442	8.130000
252.442	7.945000
252.759	7.945000
252.759	8.548000
253.112	8.548000
253.112	8.292000
253.465	8.292000
253.465	8.301000
253.818	8.301000
253.818	8.942000
254.171	8.942000
254.171	8.790000
254.524	8.790000
254.524	8.866000
254.877	8.866000
254.877	7.852000
255.194	7.852000
255.194	7.671000
255.511	7.671000
255.511	7.821000
255.828	7.821000
255.828	7.997000
256.181	7.997000
256.181	7.906000
256.534	7.906000
256.534	7.933000
256.887	7.933000
256.887	9.419000
257.24	9.419000
257.24	9.322000
257.593	9.322000
257.593	9.513000
257.946	9.513000
257.946	8.692000
258.264	8.692000
258.264	7.981000
258.582	7.981000
258.582	8.268000
258.9	8.268000
258.9	8.862000
259.253	8.862000
259.253	8.712000
259.606	8.712000
259.606	8.830000
259.959	8.830000
259.959	6.691000
260.276	6.691000
260.276	6.595000
260.594	6.595000
260.594	6.747000
260.912	6.747000
260.912	8.232000
261.265	8.232000
261.265	8.057000
261.617	8.057000
261.617	8.189000
261.97	8.189000
261.97	7.780000
262.323	7.780000
262.323	8.117000
262.676	8.117000
262.676	8.058000
263.029	8.058000
263.029	7.431000
263.347	7.431000
263.347	7.564000
263.665	7.564000
263.665	7.571000
263.983	7.571000
263.983	9.151000
264.336	9.151000
264.336	9.063000
264.689	9.063000
264.689	9.123000
265.042	9.123000
265.042	9.352000
265.395	9.352000
265.395	9.331000
265.748	9.331000
265.748	9.384000
266.101	9.384000
266.101	6.721000
266.418	6.721000
266.418	6.342000
266.735	6.342000
266.735	6.328000
267.052	6.328000
267.052	9.576000
267.405	9.576000
267.405	9.899000
267.758	9.899000
267.758	9.434000
268.111	9.434000
268.111	8.187000
268.429	8.187000
268.429	8.352000
268.747	8.352000
268.747	8.265000
269.065	8.265000
269.065	8.875000
269.417	8.875000
269.417	8.880000
269.769	8.880000
269.769	8.861000
270.121	8.861000
270.121	6.651000
270.439	6.651000
270.439	6.488000
270.757	6.488000
270.757	6.414000
271.075	6.414000
271.075	8.181000
271.428	8.181000
271.428	7.930000
271.781	7.930000
271.781	8.025000
272.134	8.025000
272.134	9.097000
272.487	9.097000
272.487	8.974000
272.84	8.974000
272.84	9.090000
273.193	9.090000
273.193	8.088000
273.51	8.088000
273.51	8.198000
273.827	8.198000
273.827	8.035000
274.144	8.035000
274.144	9.084000
274.497	9.084000
274.497	8.968000
274.85	8.968000
274.85	9.296000
275.203	9.296000
275.203	9.160000
275.556	9.160000
275.556	9.008000
275.909	9.008000
275.909	8.944000
276.262	8.944000
276.262	8.321000
276.542	8.321000
276.542	8.391000
276.822	8.391000
276.822	8.099000
277.102	8.099000
277.102	9.518000
277.456	9.518000
277.456	9.393000
277.81	9.393000
277.81	9.323000
278.164	9.323000
278.164	8.449000
278.517	8.449000
278.517	8.455000
278.87	8.455000
278.87	8.185000
279.223	8.185000
279.223	8.158000
279.5	8.158000
279.5	8.180000
279.777	8.180000
279.777	8.072000
280.054	8.072000
280.054	8.265000
280.407	8.265000
280.407	8.107000
280.76	8.107000
280.76	7.929000
281.113	7.929000
281.113	9.726000
281.466	9.726000
281.466	9.595000
281.819	9.595000
281.819	9.735000
282.172	9.735000
282.172	6.758000
282.49	6.758000
282.49	7.447000
282.808	7.447000
282.808	7.084000
283.126	7.084000
283.126	8.317000
283.479	8.317000
283.479	8.135000
283.832	8.135000
283.832	8.411000
284.185	8.411000
284.185	9.201000
284.538	9.201000
284.538	9.400000
284.891	9.400000
284.891	9.022000
285.244	9.022000
285.244	8.263000
285.561	8.263000
285.561	8.127000
285.878	8.127000
285.878	8.275000
286.195	8.275000
286.195	8.579000
286.548	8.579000
286.548	8.814000
286.901	8.814000
286.901	8.650000
287.254	8.650000
287.254	8.803000
287.607	8.803000
287.607	8.903000
287.96	8.903000
287.96	8.856000
288.313	8.856000
288.313	7.971000
288.63	7.971000
288.63	7.942000
288.947	7.942000
288.947	8.063000
289.264	8.063000
289.264	8.360000
289.581	8.360000
289.581	8.312000
289.899	8.312000
289.899	8.219000
290.217	8.219000
290.217	8.526000
290.57	8.526000
290.57	8.247000
290.923	8.247000
290.923	8.458000
291.276	8.458000
291.276	8.033000
291.594	8.033000
291.594	7.749000
291.912	7.749000
291.912	7.814000
292.23	7.814000
292.23	6.639000
292.583	6.639000
292.583	6.700000
292.936	6.700000
292.936	6.708000
293.289	6.708000
293.289	7.346000
293.642	7.346000
293.642	7.271000
293.994	7.271000
293.994	7.174000
294.347	7.174000
294.347	7.703000
294.664	7.703000
294.664	7.622000
294.982	7.622000
294.982	7.807000
295.3	7.807000
295.3	8.664000
295.653	8.664000
295.653	9.079000
296.006	9.079000
296.006	8.763000
296.359	8.763000
296.359	7.541000
296.677	7.541000
296.677	7.378000
296.995	7.378000
296.995	7.497000
297.313	7.497000
297.313	9.045000
297.666	9.045000
297.666	9.440000
298.019	9.440000
298.019	8.653000
298.372	8.653000
298.372	8.682000
298.725	8.682000
298.725	8.568000
299.078	8.568000
299.078	8.220000
299.395	8.220000
299.395	8.872000
299.712	8.872000
299.712	8.980000
300.029	8.980000
300.029	8.588000
300.382	8.588000
300.382	8.453000
300.735	8.453000
300.735	8.508000
301.088	8.508000
301.088	8.502000
301.406	8.502000
301.406	8.338000
301.724	8.338000
301.724	8.345000
302.042	8.345000
302.042	9.015000
302.395	9.015000
302.395	9.003000
302.748	9.003000
302.748	8.976000
303.101	8.976000
303.101	7.683000
303.419	7.683000
303.419	7.991000
303.737	7.991000
303.737	8.001000
304.055	8.001000
304.055	7.720000
304.407	7.720000
304.407	7.632000
304.758	7.632000
304.758	7.561000
305.11	7.561000
305.11	9.070000
305.463	9.070000
305.463	9.017000
305.816	9.017000
305.816	8.815000
306.169	8.815000
306.169	7.761000
306.487	7.761000
306.487	8.128000
306.805	8.128000
306.805	8.187000
307.123	8.187000
307.123	8.361000
307.475	8.361000
307.475	8.317000
307.828	8.317000
307.828	7.790000
308.181	7.790000
308.181	7.728000
308.534	7.728000
308.534	7.942000
308.886	7.942000
308.886	7.501000
309.239	7.501000
309.239	8.409000
309.557	8.409000
309.557	8.410000
309.875	8.410000
309.875	8.506000
310.193	8.506000
310.193	7.528000
310.51	7.528000
310.51	7.064000
310.827	7.064000
310.827	7.513000
311.144	7.513000
311.144	9.864000
311.497	9.864000
311.497	7.715000
311.815	7.715000
311.815	7.235000
312.133	7.235000
312.133	7.490000
312.451	7.490000
312.451	8.702000
312.804	8.702000
312.804	8.705000
313.157	8.705000
313.157	8.903000
313.51	8.903000
313.51	8.691000
313.863	8.691000
313.863	8.435000
314.216	8.435000
314.216	9.399000
314.569	9.399000
314.569	8.747000
314.886	8.747000
314.886	8.894000
315.203	8.894000
315.203	9.276000
315.52	9.276000
315.52	8.712000
315.873	8.712000
315.873	8.643000
316.226	8.643000
316.226	8.715000
316.579	8.715000
316.579	7.207000
316.932	7.207000
316.932	7.659000
317.285	7.659000
317.285	7.111000
317.638	7.111000
317.638	7.690000
317.955	7.690000
317.955	7.526000
318.272	7.526000
318.272	7.480000
318.589	7.480000
318.589	9.049000
318.942	9.049000
318.942	9.009000
319.295	9.009000
319.295	9.038000
319.648	9.038000
319.648	8.235000
319.966	8.235000
319.966	8.072000
320.284	8.072000
320.284	8.044000
320.602	8.044000
320.602	8.237000
320.955	8.237000
320.955	8.066000
321.308	8.066000
321.308	8.029000
321.661	8.029000
321.661	8.872000
322.014	8.872000
322.014	8.865000
322.367	8.865000
322.367	8.918000
322.72	8.918000
322.72	7.855000
323.038	7.855000
323.038	7.959000
323.356	7.959000
323.356	7.902000
323.674	7.902000
323.674	8.066000
324.027	8.066000
324.027	7.949000
324.38	7.949000
324.38	7.978000
324.733	7.978000
324.733	7.544000
325.086	7.544000
325.086	7.646000
325.439	7.646000
325.439	7.468000
325.792	7.468000
325.792	8.577000
326.145	8.577000
326.145	8.679000
326.498	8.679000
326.498	8.822000
326.851	8.822000
326.851	7.791000
327.168	7.791000
327.168	7.537000
327.485	7.537000
327.485	7.571000
327.802	7.571000
327.802	9.929000
328.155	9.929000
328.155	9.821000
328.507	9.821000
328.507	9.682000
328.86	9.682000
328.86	8.926000
329.213	8.926000
329.213	8.838000
329.565	8.838000
329.565	8.958000
329.917	8.958000
329.917	7.953000
330.234	7.953000
330.234	7.893000
330.551	7.893000
330.551	7.807000
330.868	7.807000
330.868	9.554000
331.221	9.554000
331.221	9.556000
331.574	9.556000
331.574	9.697000
331.927	9.697000
331.927	8.534000
332.28	8.534000
332.28	8.452000
332.633	8.452000
332.633	8.519000
332.986	8.519000
332.986	7.857000
333.304	7.857000
333.304	7.668000
333.622	7.668000
333.622	7.668000
333.94	7.668000
333.94	8.352000
334.293	8.352000
334.293	8.020000
334.646	8.020000
334.646	8.243000
334.999	8.243000
334.999	8.221000
335.352	8.221000
335.352	8.372000
335.705	8.372000
335.705	8.103000
336.058	8.103000
336.058	8.304000
336.376	8.304000
336.376	7.958000
336.694	7.958000
336.694	7.838000
337.012	7.838000
337.012	8.287000
337.365	8.287000
337.365	8.247000
337.718	8.247000
337.718	8.276000
338.071	8.276000
338.071	7.727000
338.389	7.727000
338.389	7.902000
338.707	7.902000
338.707	7.753000
339.025	7.753000
339.025	8.458000
339.378	8.458000
339.378	8.600000
339.731	8.600000
339.731	8.611000
340.084	8.611000
340.084	8.882000
340.437	8.882000
340.437	8.740000
340.79	8.740000
340.79	8.773000
341.143	8.773000
341.143	8.192000
341.497	8.192000
341.497	8.057000
341.851	8.057000
341.851	8.278000
342.205	8.278000
342.205	8.970000
342.559	8.970000
342.559	8.952000
342.913	8.952000
342.913	9.029000
343.267	9.029000
343.267	8.845000
343.621	8.845000
343.621	8.689000
343.975	8.689000
343.975	8.771000
344.329	8.771000
344.329	8.194000
344.647	8.194000
344.647	7.882000
344.965	7.882000
344.965	8.018000
345.283	8.018000
345.283	8.553000
345.637	8.553000
345.637	8.326000
345.991	8.326000
345.991	8.495000
346.345	8.495000
346.345	9.799000
346.699	9.799000
346.699	9.634000
347.053	9.634000
347.053	7.309000
347.371	7.309000
347.371	7.006000
347.689	7.006000
347.689	7.212000
348.007	7.212000
348.007	8.647000
348.361	8.647000
348.361	8.575000
348.715	8.575000
348.715	8.530000
349.069	8.530000
349.069	9.789000
349.422	9.789000
349.422	9.910000
349.775	9.910000
349.775	9.500000
350.128	9.500000
350.128	7.319000
350.444	7.319000
350.444	6.742000
350.761	6.742000
350.761	7.435000
351.078	7.435000
351.078	8.510000
351.43	8.510000
351.43	8.289000
351.783	8.289000
351.783	8.581000
352.136	8.581000
352.136	7.592000
352.489	7.592000
352.489	7.523000
352.842	7.523000
352.842	7.742000
353.195	7.742000
353.195	8.367000
353.512	8.367000
353.512	8.368000
353.829	8.368000
353.829	8.394000
354.146	8.394000
354.146	8.450000
354.499	8.450000
354.499	8.807000
354.852	8.807000
354.852	8.633000
355.205	8.633000
355.205	9.195000
355.558	9.195000
355.558	8.958000
355.911	8.958000
355.911	9.245000
356.264	9.245000
356.264	7.648000
356.582	7.648000
356.582	7.635000
356.9	7.635000
356.9	7.741000
357.218	7.741000
357.218	8.631000
357.571	8.631000
357.571	8.859000
357.924	8.859000
357.924	8.535000
358.277	8.535000
358.277	7.779000
358.63	7.779000
358.63	7.342000
358.983	7.342000
358.983	7.346000
359.336	7.346000
359.336	7.877000
359.654	7.877000
359.654	7.400000
359.972	7.400000
359.972	7.707000
360.29	7.707000
360.29	9.030000
360.643	9.030000
360.643	8.565000
360.996	8.565000
360.996	8.691000
361.349	8.691000
361.349	9.880000
361.701	9.880000
361.701	9.835000
362.054	9.835000
362.054	8.131000
362.371	8.131000
362.371	7.915000
362.688	7.915000
362.688	7.922000
363.005	7.922000
363.005	8.840000
363.322	8.840000
363.322	8.641000
363.64	8.641000
363.64	8.458000
363.958	8.458000
363.958	8.583000
364.311	8.583000
364.311	8.567000
364.664	8.567000
364.664	8.564000
365.017	8.564000
365.017	9.154000
365.37	9.154000
365.37	9.122000
365.723	9.122000
365.723	8.977000
366.076	8.977000
366.076	6.594000
366.393	6.594000
366.393	6.345000
366.71	6.345000
366.71	6.082000
367.027	6.082000
367.027	7.628000
367.379	7.628000
367.379	7.445000
367.731	7.445000
367.731	7.568000
368.083	7.568000
368.083	9.221000
368.436	9.221000
368.436	8.832000
368.789	8.832000
368.789	9.027000
369.142	9.027000
369.142	7.856000
369.46	7.856000
369.46	7.974000
369.778	7.974000
369.778	7.790000
370.096	7.790000
370.096	7.935000
370.449	7.935000
370.449	7.858000
370.802	7.858000
370.802	7.980000
371.155	7.980000
371.155	9.358000
371.473	9.358000
371.473	9.479000
371.791	9.479000
371.791	9.496000
372.109	9.496000
372.109	7.183000
372.426	7.183000
372.426	7.003000
372.744	7.003000
372.744	7.088000
373.062	7.088000
373.062	5.058000
373.378	5.058000
373.378	5.080000
373.694	5.080000
373.694	5.231000
374.01	5.231000
374.01	7.628000
374.363	7.628000
374.363	7.462000
374.716	7.462000
374.716	7.680000
375.069	7.680000
375.069	8.337000
375.387	8.337000
375.387	8.080000
375.705	8.080000
375.705	8.054000
376.023	8.054000
376.023	7.794000
376.34	7.794000
376.34	7.476000
376.658	7.476000
376.658	7.421000
376.976	7.421000
376.976	8.284000
377.329	8.284000
377.329	8.091000
377.682	8.091000
377.682	8.160000
378.035	8.160000
378.035	7.631000
378.329	7.631000
378.329	7.529000
378.624	7.529000
378.624	7.544000
378.919	7.544000
378.919	8.789000
379.272	8.789000
379.272	8.977000
379.624	8.977000
379.624	8.942000
379.977	8.942000
379.977	9.322000
380.289	9.322000
380.289	8.994000
380.601	8.994000
380.601	9.182000
380.913	9.182000
380.913	8.533000
381.23	8.533000
381.23	8.579000
381.547	8.579000
381.547	8.596000
381.864	8.596000
381.864	9.261000
382.217	9.261000
382.217	9.529000
382.57	9.529000
382.57	9.443000
382.923	9.443000
382.923	7.939000
383.235	7.939000
383.235	8.372000
383.547	8.372000
383.547	8.218000
383.859	8.218000
383.859	7.369000
384.177	7.369000
384.177	7.153000
384.495	7.153000
384.495	7.591000
384.813	7.591000
384.813	8.341000
385.166	8.341000
385.166	8.169000
385.519	8.169000
385.519	8.310000
385.872	8.310000
385.872	9.006000
386.225	9.006000
386.225	8.990000
386.577	8.990000
386.577	8.999000
386.93	8.999000
386.93	7.256000
387.248	7.256000
387.248	6.973000
387.566	6.973000
387.566	7.325000
387.884	7.325000
387.884	8.963000
388.237	8.963000
388.237	9.090000
388.589	9.090000
388.589	8.627000
388.942	8.627000
388.942	8.912000
389.26	8.912000
389.26	8.703000
389.578	8.703000
389.578	8.624000
389.896	8.624000
389.896	9.175000
390.249	9.175000
390.249	9.222000
390.602	9.222000
390.602	8.947000
390.955	8.947000
390.955	6.641000
391.308	6.641000
391.308	6.831000
391.661	6.831000
391.661	6.743000
392.014	6.743000
392.014	9.433000
392.367	9.433000
392.367	9.688000
392.719	9.688000
392.719	9.159000
393.072	9.159000
393.072	9.060000
393.425	9.060000
393.425	9.018000
393.778	9.018000
393.778	9.063000
394.131	9.063000
394.131	6.755000
394.448	6.755000
394.448	6.263000
394.765	6.263000
394.765	6.847000
395.082	6.847000
395.082	8.700000
395.435	8.700000
395.435	8.617000
395.788	8.617000
395.788	8.734000
396.141	8.734000
396.141	8.812000
396.494	8.812000
396.494	8.734000
396.847	8.734000
396.847	8.976000
397.2	8.976000
397.2	8.624000
397.517	8.624000
397.517	8.554000
397.835	8.554000
397.835	8.539000
398.153	8.539000
398.153	8.305000
398.506	8.305000
398.506	8.483000
398.859	8.483000
398.859	8.579000
399.212	8.579000
399.212	7.052000
399.53	7.052000
399.53	6.812000
399.848	6.812000
399.848	7.068000
400.166	7.068000
400.166	8.409000
400.519	8.409000
400.519	8.430000
400.872	8.430000
400.872	8.413000
401.225	8.413000
401.225	8.975000
401.578	8.975000
401.578	8.804000
401.931	8.804000
401.931	8.722000
402.283	8.722000
402.283	9.217000
402.601	9.217000
402.601	9.296000
402.919	9.296000
402.919	9.362000
403.237	9.362000
403.237	9.584000
403.59	9.584000
403.59	9.195000
403.943	9.195000
403.943	9.378000
404.296	9.378000
404.296	8.156000
404.613	8.156000
404.613	7.743000
404.93	7.743000
404.93	7.741000
405.247	7.741000
405.247	8.677000
405.6	8.677000
405.6	8.414000
405.953	8.414000
405.953	8.577000
406.306	8.577000
406.306	8.055000
406.622	8.055000
406.622	8.005000
406.939	8.005000
406.939	8.082000
407.256	8.082000
407.256	9.943000
407.609	9.943000
407.609	9.739000
407.962	9.739000
407.962	9.517000
408.315	9.517000
408.315	8.701000
408.632	8.701000
408.632	8.686000
408.95	8.686000
408.95	8.740000
409.268	8.740000
409.268	8.846000
409.621	8.846000
409.621	8.806000
409.974	8.806000
409.974	8.748000
410.327	8.748000
410.327	9.847000
410.68	9.847000
410.68	9.841000
411.033	9.841000
411.033	9.791000
411.386	9.791000
411.386	8.464000
411.703	8.464000
411.703	8.069000
412.02	8.069000
412.02	8.048000
412.337	8.048000
412.337	8.005000
412.69	8.005000
412.69	8.205000
413.043	8.205000
413.043	8.025000
413.396	8.025000
413.396	8.414000
413.749	8.414000
413.749	8.586000
414.102	8.586000
414.102	8.154000
414.455	8.154000
414.455	8.875000
414.773	8.875000
414.773	8.519000
415.091	8.519000
415.091	8.370000
415.409	8.370000
415.409	8.279000
415.762	8.279000
415.762	8.659000
416.115	8.659000
416.115	8.412000
416.468	8.412000
416.468	7.883000
416.786	7.883000
416.786	7.772000
417.104	7.772000
417.104	7.871000
417.422	7.871000
417.422	8.755000
417.775	8.755000
417.775	8.504000
418.128	8.504000
418.128	8.555000
418.481	8.555000
418.481	8.119000
418.799	8.119000
418.799	8.342000
419.117	8.342000
419.117	8.159000
419.435	8.159000
419.435	8.629000
419.788	8.629000
419.788	8.635000
420.141	8.635000
420.141	8.641000
420.494	8.641000
420.494	8.376000
420.846	8.376000
420.846	8.386000
421.198	8.386000
421.198	8.423000
421.55	8.423000
421.55	8.765000
421.868	8.765000
421.868	8.663000
422.186	8.663000
422.186	8.722000
422.504	8.722000
422.504	7.529000
422.856	7.529000
422.856	7.564000
423.208	7.564000
423.208	7.545000
423.56	7.545000
423.56	9.561000
423.913	9.561000
423.913	9.413000
424.266	9.413000
424.266	9.601000
424.619	9.601000
424.619	8.671000
424.937	8.671000
424.937	8.568000
425.255	8.568000
425.255	8.784000
425.573	8.784000
425.573	7.977000
425.926	7.977000
425.926	8.215000
426.279	8.215000
426.279	8.001000
426.632	8.001000
426.632	6.598000
426.985	6.598000
426.985	6.681000
427.338	6.681000
427.338	6.825000
427.691	6.825000
427.691	7.542000
428.009	7.542000
428.009	7.749000
428.327	7.749000
428.327	7.843000
428.645	7.843000
428.645	9.521000
428.998	9.521000
428.998	9.667000
429.351	9.667000
429.351	9.772000
429.704	9.772000
429.704	7.399000
430.057	7.399000
430.057	7.588000
430.41	7.588000
430.41	7.620000
430.763	7.620000
430.763	8.109000
431.081	8.109000
431.081	8.092000
431.399	8.092000
431.399	8.271000
431.717	8.271000
431.717	8.813000
432.07	8.813000
432.07	8.830000
432.423	8.830000
432.423	8.695000
432.776	8.695000
432.776	9.076000
433.094	9.076000
433.094	9.086000
433.412	9.086000
433.412	9.103000
433.73	9.103000
433.73	9.650000
434.082	9.650000
434.082	9.922000
434.435	9.922000
434.435	9.515000
434.787	9.515000
434.787	8.590000
435.105	8.590000
435.105	8.445000
435.423	8.445000
435.423	8.370000
435.741	8.370000
435.741	9.033000
436.094	9.033000
436.094	8.714000
436.447	8.714000
436.447	8.685000
436.8	8.685000
436.8	8.480000
437.153	8.480000
437.153	8.243000
437.506	8.243000
437.506	8.258000
437.859	8.258000
437.859	7.819000
438.176	7.819000
438.176	7.548000
438.493	7.548000
438.493	7.701000
438.81	7.701000
438.81	9.223000
439.163	9.223000
439.163	9.439000
439.516	9.439000
439.516	9.203000
439.869	9.203000
439.869	7.456000
440.222	7.456000
440.222	7.299000
440.575	7.299000
440.575	7.336000
440.928	7.336000
440.928	8.551000
441.245	8.551000
441.245	8.439000
441.562	8.439000
441.562	8.218000
441.879	8.218000
441.879	9.046000
442.232	9.046000
442.232	9.114000
442.585	9.114000
442.585	9.045000
442.938	9.045000
442.938	8.100000
443.291	8.100000
443.291	8.005000
443.644	8.005000
443.644	7.879000
443.997	7.879000
443.997	7.853000
444.315	7.853000
444.315	8.100000
444.633	8.100000
444.633	8.068000
444.951	8.068000
444.951	8.769000
445.304	8.769000
445.304	8.680000
445.657	8.680000
445.657	8.952000
446.01	8.952000
446.01	8.020000
446.363	8.020000
446.363	7.888000
446.716	7.888000
446.716	7.978000
447.069	7.978000
447.069	6.833000
447.387	6.833000
447.387	6.605000
447.705	6.605000
447.705	6.605000
448.023	6.605000
448.023	9.483000
448.376	9.483000
448.376	9.683000
448.729	9.683000
448.729	9.643000
449.082	9.643000
449.082	8.990000
449.435	8.990000
449.435	8.777000
449.788	8.777000
449.788	8.710000
450.141	8.710000
450.141	7.642000
450.493	7.642000
450.493	7.297000
450.845	7.297000
450.845	7.306000
451.197	7.306000
451.197	9.562000
451.55	9.562000
451.55	9.483000
451.903	9.483000
451.903	9.258000
452.256	9.258000
452.256	7.286000
452.572	7.286000
452.572	7.264000
452.889	7.264000
452.889	7.201000
453.206	7.201000
453.206	8.436000
453.559	8.436000
453.559	8.433000
453.912	8.433000
453.912	8.350000
454.265	8.350000
454.265	9.112000
454.618	9.112000
454.618	8.907000
454.971	8.907000
454.971	9.174000
455.324	9.174000
455.324	8.456000
455.641	8.456000
455.641	8.352000
455.959	8.352000
455.959	8.357000
456.277	8.357000
456.277	8.145000
456.63	8.145000
456.63	8.107000
456.983	8.107000
456.983	8.270000
457.336	8.270000
457.336	9.263000
457.689	9.263000
457.689	9.330000
458.042	9.330000
458.042	9.229000
458.395	9.229000
458.395	8.600000
458.713	8.600000
458.713	8.229000
459.031	8.229000
459.031	8.286000
459.349	8.286000
459.349	8.381000
459.702	8.381000
459.702	8.628000
460.055	8.628000
460.055	8.294000
460.408	8.294000
460.408	8.914000
460.761	8.914000
460.761	8.961000
461.114	8.961000
461.114	9.000000
461.467	9.000000
461.467	8.168000
461.785	8.168000
461.785	8.526000
462.103	8.526000
462.103	8.491000
462.421	8.491000
462.421	8.290000
462.774	8.290000
462.774	8.579000
463.127	8.579000
463.127	8.077000
463.479	8.077000
463.479	7.946000
463.832	7.946000
463.832	8.066000
464.185	8.066000
464.185	7.877000
464.538	7.877000
464.538	9.192000
464.891	9.192000
464.891	9.107000
465.244	9.107000
465.244	8.934000
465.597	8.934000
465.597	8.623000
465.915	8.623000
465.915	8.000000
466.233	8.000000
466.233	8.087000
466.551	8.087000
466.551	9.373000
466.904	9.373000
466.904	9.061000
467.256	9.061000
467.256	9.235000
467.609	9.235000
467.609	6.820000
467.926	6.820000
467.926	6.851000
468.244	6.851000
468.244	6.807000
468.562	6.807000
468.562	8.383000
468.915	8.383000
468.915	8.071000
469.268	8.071000
469.268	7.978000
469.621	7.978000
469.621	8.639000
469.974	8.639000
469.974	8.640000
470.327	8.640000
470.327	8.397000
470.68	8.397000
470.68	7.901000
470.996	7.901000
470.996	7.808000
471.313	7.808000
471.313	7.919000
471.63	7.919000
471.63	8.922000
471.983	8.922000
471.983	9.095000
472.336	9.095000
472.336	8.726000
472.689	8.726000
472.689	7.786000
473.042	7.786000
473.042	7.319000
473.394	7.319000
473.394	7.432000
473.746	7.432000
473.746	6.751000
474.064	6.751000
474.064	6.551000
474.382	6.551000
474.382	6.584000
474.7	6.584000
474.7	8.593000
475.053	8.593000
475.053	8.466000
475.406	8.466000
475.406	8.540000
475.759	8.540000
475.759	8.051000
476.112	8.051000
476.112	7.782000
476.465	7.782000
476.465	8.130000
476.818	8.130000
476.818	6.316000
477.135	6.316000
477.135	6.374000
477.453	6.374000
477.453	6.377000
477.77	6.377000
477.77	9.332000
478.123	9.332000
478.123	9.346000
478.476	9.346000
478.476	9.436000
478.829	9.436000
478.829	8.655000
479.182	8.655000
479.182	8.799000
479.535	8.799000
479.535	8.620000
479.888	8.620000
479.888	7.936000
480.241	7.936000
480.241	8.189000
480.594	8.189000
480.594	7.843000
480.947	7.843000
480.947	9.826000
481.299	9.826000
481.299	9.953000
481.651	9.953000
481.651	9.264000
482.004	9.264000
