0.0	7.174000
0.335	7.174000
0.335	6.222000
0.67	6.222000
0.67	6.633000
1.005	6.633000
1.005	6.858000
1.254	6.858000
1.254	7.077000
1.503	7.077000
1.503	6.875000
1.752	6.875000
1.752	5.723000
2.052	5.723000
2.052	5.374000
2.352	5.374000
2.352	6.367000
2.652	6.367000
2.652	6.772000
2.945	6.772000
2.945	6.337000
3.238	6.337000
3.238	6.084000
3.53	6.084000
3.53	6.411000
3.815	6.411000
3.815	6.364000
4.1	6.364000
4.1	6.345000
4.385	6.345000
4.385	6.253000
4.682	6.253000
4.682	6.155000
4.979	6.155000
4.979	6.349000
5.276	6.349000
5.276	5.875000
5.559	5.875000
5.559	5.554000
5.841	5.554000
5.841	6.001000
6.123	6.001000
6.123	6.028000
6.407	6.028000
6.407	6.217000
6.691	6.217000
6.691	5.694000
6.975	5.694000
6.975	6.992000
7.247	6.992000
7.247	6.495000
7.518	6.495000
7.518	6.615000
7.789	6.615000
7.789	5.953000
8.072	5.953000
8.072	6.038000
8.355	6.038000
8.355	5.934000
8.638	5.934000
8.638	6.225000
8.907	6.225000
8.907	6.848000
9.175	6.848000
9.175	6.016000
9.442	6.016000
9.442	3.517000
9.795	3.517000
9.795	3.780000
10.147	3.780000
10.147	3.802000
10.5	3.802000
10.5	4.517000
10.853	4.517000
10.853	4.892000
11.206	4.892000
11.206	4.715000
11.559	4.715000
11.559	5.167000
11.909	5.167000
11.909	5.569000
12.26	5.569000
12.26	5.458000
12.608	5.458000
12.608	6.267000
12.879	6.267000
12.879	6.312000
13.15	6.312000
13.15	6.140000
13.421	6.140000
13.421	6.230000
13.7	6.230000
13.7	6.173000
13.979	6.173000
13.979	6.191000
14.257	6.191000
14.257	6.381000
14.532	6.381000
14.532	6.463000
14.807	6.463000
14.807	6.336000
15.083	6.336000
15.083	5.713000
15.401	5.713000
15.401	5.796000
15.719	5.796000
15.719	6.079000
16.037	6.079000
16.037	6.147000
16.302	6.147000
16.302	6.320000
16.567	6.320000
16.567	5.931000
16.831	5.931000
16.831	6.331000
17.113	6.331000
17.113	6.214000
17.395	6.214000
17.395	6.361000
17.678	6.361000
17.678	6.688000
17.965	6.688000
17.965	6.794000
18.251	6.794000
18.251	6.492000
18.537	6.492000
18.537	6.777000
18.815	6.777000
18.815	6.092000
19.093	6.092000
19.093	5.808000
19.37	5.808000
19.37	6.046000
19.659	6.046000
19.659	6.250000
19.946	6.250000
19.946	6.275000
20.234	6.275000
20.234	6.145000
20.499	6.145000
20.499	6.157000
20.764	6.157000
20.764	6.250000
21.029	6.250000
21.029	6.618000
21.32	6.618000
21.32	6.406000
21.612	6.406000
21.612	5.949000
21.903	5.949000
21.903	6.251000
22.173	6.251000
22.173	6.435000
22.443	6.435000
22.443	5.777000
22.713	5.777000
22.713	5.788000
22.986	5.788000
22.986	5.984000
23.26	5.984000
23.26	6.129000
23.534	6.129000
23.534	6.889000
23.82	6.889000
23.82	6.699000
24.106	6.699000
24.106	6.458000
24.391	6.458000
24.391	5.907000
24.67	5.907000
24.67	6.568000
24.949	6.568000
24.949	6.324000
25.228	6.324000
25.228	3.746000
25.58	3.746000
25.58	3.827000
25.932	3.827000
25.932	4.548000
26.284	4.548000
26.284	5.305000
26.578	5.305000
26.578	4.903000
26.872	4.903000
26.872	5.368000
27.166	5.368000
27.166	6.157000
27.418	6.157000
27.418	6.260000
27.67	6.260000
27.67	5.622000
27.922	5.622000
27.922	6.565000
28.152	6.565000
28.152	6.560000
28.383	6.560000
28.383	6.294000
28.612	6.294000
28.612	6.798000
28.9	6.798000
28.9	6.467000
29.187	6.467000
29.187	6.642000
29.475	6.642000
29.475	6.246000
29.763	6.246000
29.763	6.528000
30.051	6.528000
30.051	6.263000
30.339	6.263000
30.339	5.621000
30.679	5.621000
30.679	5.449000
31.019	5.449000
31.019	5.659000
31.359	5.659000
31.359	5.965000
31.554	5.965000
31.554	5.851000
31.749	5.851000
31.749	6.088000
31.944	6.088000
31.944	6.193000
32.21	6.193000
32.21	6.157000
32.476	6.157000
32.476	6.138000
32.742	6.138000
32.742	5.862000
33.03	5.862000
33.03	6.409000
33.318	6.409000
33.318	6.423000
33.605	6.423000
33.605	6.383000
33.881	6.383000
33.881	6.069000
34.158	6.069000
34.158	5.609000
34.435	5.609000
34.435	5.722000
34.729	5.722000
34.729	6.514000
35.023	6.514000
35.023	6.149000
35.316	6.149000
35.316	6.141000
35.589	6.141000
35.589	6.765000
35.862	6.765000
35.862	6.050000
36.134	6.050000
36.134	5.912000
36.415	5.912000
36.415	4.935000
36.695	4.935000
36.695	4.813000
36.976	4.813000
36.976	5.363000
37.283	5.363000
37.283	5.904000
37.59	5.904000
37.59	6.027000
37.897	6.027000
37.897	5.450000
38.188	5.450000
38.188	5.964000
38.479	5.964000
38.479	5.697000
38.769	5.697000
38.769	6.968000
39.052	6.968000
39.052	6.109000
39.333	6.109000
39.333	6.065000
39.615	6.065000
39.615	5.857000
39.889	5.857000
39.889	6.300000
40.162	6.300000
40.162	6.400000
40.436	6.400000
40.436	3.700000
40.734	3.700000
40.734	4.479000
41.032	4.479000
41.032	4.764000
41.33	4.764000
41.33	6.652000
41.603	6.652000
41.603	6.116000
41.875	6.116000
41.875	6.714000
42.148	6.714000
42.148	5.624000
42.45	5.624000
42.45	6.384000
42.752	6.384000
42.752	6.310000
43.054	6.310000
43.054	6.225000
43.314	6.225000
43.314	6.363000
43.573	6.363000
43.573	6.681000
43.832	6.681000
43.832	6.088000
44.097	6.088000
44.097	5.840000
44.363	5.840000
44.363	5.905000
44.629	5.905000
44.629	5.123000
44.967	5.123000
44.967	5.848000
45.263	5.848000
45.263	6.373000
45.559	6.373000
45.559	6.365000
45.839	6.365000
45.839	6.150000
46.119	6.150000
46.119	6.160000
46.398	6.160000
46.398	6.271000
46.692	6.271000
46.692	6.376000
46.985	6.376000
46.985	6.405000
47.279	6.405000
47.279	6.059000
47.566	6.059000
47.566	6.095000
47.853	6.095000
47.853	6.306000
48.14	6.306000
48.14	6.327000
48.432	6.327000
48.432	6.214000
48.724	6.214000
48.724	5.800000
49.015	5.800000
49.015	6.619000
49.283	6.619000
49.283	6.619000
49.551	6.619000
49.551	6.025000
49.819	6.025000
49.819	5.888000
50.113	5.888000
50.113	6.129000
50.407	6.129000
50.407	5.749000
50.701	5.749000
50.701	6.315000
50.974	6.315000
50.974	5.853000
51.248	5.853000
51.248	5.907000
51.521	5.907000
51.521	6.106000
51.8	6.106000
51.8	6.256000
52.079	6.256000
52.079	6.268000
52.358	6.268000
52.358	5.820000
52.618	5.820000
52.618	6.147000
52.879	6.147000
52.879	6.194000
53.14	6.194000
53.14	6.372000
53.398	6.372000
53.398	5.777000
53.656	5.777000
53.656	5.532000
53.914	5.532000
53.914	3.533000
54.266	3.533000
54.266	4.009000
54.618	4.009000
54.618	3.735000
54.97	3.735000
54.97	5.688000
55.191	5.688000
55.191	5.483000
55.413	5.483000
55.413	5.658000
55.635	5.658000
55.635	6.721000
55.912	6.721000
55.912	6.389000
56.189	6.389000
56.189	6.471000
56.464	6.471000
56.464	5.584000
56.725	5.584000
56.725	5.982000
56.986	5.982000
56.986	5.638000
57.247	5.638000
57.247	6.749000
57.538	6.749000
57.538	6.725000
57.828	6.725000
57.828	6.875000
58.119	6.875000
58.119	6.337000
58.371	6.337000
58.371	6.154000
58.622	6.154000
58.622	6.223000
58.872	6.223000
58.872	6.264000
59.205	6.264000
59.205	6.231000
59.538	6.231000
59.538	6.328000
59.871	6.328000
59.871	6.271000
60.162	6.271000
60.162	5.875000
60.453	5.875000
60.453	5.722000
60.744	5.722000
60.744	6.342000
61.023	6.342000
61.023	6.524000
61.302	6.524000
61.302	6.329000
61.58	6.329000
61.58	6.690000
61.871	6.690000
61.871	6.552000
62.162	6.552000
62.162	6.107000
62.453	6.107000
62.453	5.909000
62.756	5.909000
62.756	6.050000
63.059	6.050000
63.059	6.345000
63.363	6.345000
63.363	6.168000
63.637	6.168000
63.637	6.211000
63.91	6.211000
63.91	6.292000
64.183	6.292000
64.183	6.645000
64.433	6.645000
64.433	6.420000
64.683	6.420000
64.683	6.002000
64.933	6.002000
64.933	6.111000
65.229	6.111000
65.229	6.044000
65.524	6.044000
65.524	6.202000
65.82	6.202000
65.82	6.249000
66.076	6.249000
66.076	6.331000
66.332	6.331000
66.332	6.262000
66.586	6.262000
66.586	5.841000
66.891	5.841000
66.891	6.233000
67.197	6.233000
67.197	6.129000
67.503	6.129000
67.503	6.395000
67.786	6.395000
67.786	5.999000
68.069	5.999000
68.069	6.404000
68.352	6.404000
68.352	6.282000
68.638	6.282000
68.638	5.958000
68.924	5.958000
68.924	6.032000
69.209	6.032000
69.209	6.727000
69.489	6.727000
69.489	6.766000
69.769	6.766000
69.769	6.177000
70.048	6.177000
70.048	7.574000
70.353	7.574000
70.353	7.452000
70.651	7.452000
70.651	7.629000
70.967	7.629000
70.967	7.374000
71.289	7.374000
71.289	7.542000
71.615	7.542000
71.615	7.744000
71.947	7.744000
71.947	4.454000
72.27	4.454000
72.27	4.452000
72.593	4.452000
72.593	4.468000
72.916	4.468000
72.916	5.816000
73.189	5.816000
73.189	5.542000
73.462	5.542000
73.462	5.942000
73.733	5.942000
73.733	5.564000
74.072	5.564000
74.072	6.095000
74.41	6.095000
74.41	6.533000
74.749	6.533000
74.749	6.701000
75.021	6.701000
75.021	5.908000
75.293	5.908000
75.293	5.994000
75.564	5.994000
75.564	5.909000
75.841	5.909000
75.841	6.548000
76.119	6.548000
76.119	6.063000
76.395	6.063000
76.395	5.988000
76.661	5.988000
76.661	6.166000
76.927	6.166000
76.927	6.131000
77.193	6.131000
77.193	6.158000
77.488	6.158000
77.488	5.142000
77.782	5.142000
77.782	5.120000
78.077	5.120000
78.077	5.210000
78.333	5.210000
78.333	5.886000
78.588	5.886000
78.588	6.072000
78.844	6.072000
78.844	5.631000
79.128	5.631000
79.128	6.845000
79.413	6.845000
79.413	6.976000
79.697	6.976000
79.697	5.295000
79.905	5.295000
79.905	5.125000
80.113	5.125000
80.113	5.151000
80.322	5.151000
80.322	5.050000
80.624	5.050000
80.624	6.442000
80.927	6.442000
80.927	6.272000
81.23	6.272000
81.23	6.502000
81.58	6.502000
81.58	6.092000
81.927	6.092000
81.927	6.181000
82.275	6.181000
82.275	5.347000
82.622	5.347000
82.622	5.335000
82.972	5.335000
82.972	5.232000
83.32	5.232000
83.32	9.656000
83.635	9.656000
83.635	9.682000
83.946	9.682000
83.946	8.652000
84.278	8.652000
84.278	8.223000
84.611	8.223000
84.611	8.058000
84.948	8.058000
84.948	8.763000
85.373	8.763000
85.373	8.304000
85.804	8.304000
85.804	8.858000
86.234	8.858000
86.234	5.683000
86.543	5.683000
86.543	5.792000
86.853	5.792000
86.853	5.949000
87.161	5.949000
87.161	4.765000
87.471	4.765000
87.471	4.667000
87.78	4.667000
87.78	4.493000
88.09	4.493000
88.09	4.047000
88.38	4.047000
88.38	5.306000
88.67	5.306000
88.67	5.253000
88.96	5.253000
88.96	5.799000
89.291	5.799000
89.291	6.115000
89.622	6.115000
89.622	6.388000
89.953	6.388000
89.953	5.723000
90.4	5.723000
90.4	5.561000
90.845	5.561000
90.845	5.693000
91.288	5.693000
91.288	6.016000
91.637	6.016000
91.637	5.891000
91.985	5.891000
91.985	6.116000
92.333	6.116000
92.333	5.252000
92.648	5.252000
92.648	5.147000
92.963	5.147000
92.963	5.003000
93.277	5.003000
93.277	5.107000
93.593	5.107000
93.593	4.693000
93.911	4.693000
93.911	4.589000
94.226	4.589000
94.226	5.386000
94.541	5.386000
94.541	4.629000
94.857	4.629000
94.857	4.772000
95.172	4.772000
95.172	4.924000
95.523	4.924000
95.523	4.507000
95.874	4.507000
95.874	4.931000
96.225	4.931000
96.225	6.444000
96.573	6.444000
96.573	6.619000
96.919	6.619000
96.919	6.205000
97.262	6.205000
97.262	6.365000
97.61	6.365000
97.61	6.116000
97.959	6.116000
97.959	5.791000
98.307	5.791000
98.307	6.734000
98.597	6.734000
98.597	7.050000
98.904	7.050000
98.904	7.505000
99.224	7.505000
99.224	7.112000
99.567	7.112000
99.567	6.224000
99.912	6.224000
99.912	6.566000
100.254	6.566000
100.254	7.335000
100.597	7.335000
100.597	7.675000
100.939	7.675000
100.939	7.312000
101.283	7.312000
101.283	7.110000
101.6	7.110000
101.6	6.472000
101.916	6.472000
101.916	7.091000
102.232	7.091000
102.232	5.011000
102.58	5.011000
102.58	4.676000
102.931	4.676000
102.931	5.392000
103.282	5.392000
103.282	5.947000
103.598	5.947000
103.598	5.266000
103.914	5.266000
103.914	5.261000
104.231	5.261000
104.231	5.552000
104.581	5.552000
104.581	5.282000
104.932	5.282000
104.932	5.355000
105.284	5.355000
105.284	4.601000
105.636	4.601000
105.636	4.067000
105.988	4.067000
105.988	4.388000
106.34	4.388000
106.34	4.207000
106.658	4.207000
106.658	4.025000
106.975	4.025000
106.975	3.670000
107.292	3.670000
107.292	3.753000
107.644	3.753000
107.644	4.063000
107.995	4.063000
107.995	3.846000
108.347	3.846000
108.347	6.093000
108.664	6.093000
108.664	5.547000
108.975	5.547000
108.975	6.042000
109.294	6.042000
109.294	6.109000
109.605	6.109000
109.605	6.100000
109.924	6.100000
109.924	6.094000
110.249	6.094000
110.249	4.945000
110.555	4.945000
110.555	6.119000
110.861	6.119000
110.861	6.061000
111.166	6.061000
111.166	7.601000
111.478	7.601000
111.478	7.053000
111.776	7.053000
111.776	7.589000
112.094	7.589000
112.094	4.062000
112.445	4.062000
112.445	3.950000
112.796	3.950000
112.796	3.866000
113.146	3.866000
113.146	4.196000
113.496	4.196000
113.496	4.578000
113.845	4.578000
113.845	4.986000
114.195	4.986000
114.195	5.906000
114.547	5.906000
114.547	5.124000
114.899	5.124000
114.899	5.070000
115.25	5.070000
115.25	7.676000
115.593	7.676000
115.593	7.169000
115.944	7.169000
115.944	6.377000
116.285	6.377000
116.285	6.816000
116.629	6.816000
116.629	6.775000
116.973	6.775000
116.973	7.142000
117.314	7.142000
117.314	0.000000
117.314	0.000000
117.314	0.000000
117.314	0.000000
117.314	0.000000
117.314	0.000000
117.314	0.000000
117.314	0.000000
117.314	0.000000
117.314	0.000000
117.314	0.000000
117.314	0.000000
117.314	0.000000
117.314	0.000000
117.314	0.000000
117.314	0.000000
117.314	0.000000
117.314	0.000000
117.314	5.550000
117.664	5.550000
117.664	5.588000
118.013	5.588000
118.013	5.685000
118.359	5.685000
118.359	6.347000
118.635	6.347000
118.635	6.215000
118.912	6.215000
118.912	5.780000
119.189	5.780000
119.189	6.510000
119.472	6.510000
119.472	6.844000
119.754	6.844000
119.754	6.261000
120.037	6.261000
120.037	6.556000
120.382	6.556000
120.382	6.924000
120.727	6.924000
120.727	6.328000
121.071	6.328000
121.071	6.046000
121.346	6.046000
121.346	5.846000
121.621	5.846000
121.621	6.010000
121.896	6.010000
121.896	5.937000
122.134	5.937000
122.134	5.758000
122.372	5.758000
122.372	5.968000
122.61	5.968000
122.61	6.430000
122.881	6.430000
122.881	6.980000
123.151	6.980000
123.151	6.740000
123.421	6.740000
123.421	6.678000
123.725	6.678000
123.725	6.072000
124.029	6.072000
124.029	6.356000
124.333	6.356000
124.333	5.532000
124.637	5.532000
124.637	5.816000
124.941	5.816000
124.941	5.581000
125.245	5.581000
125.245	6.654000
125.534	6.654000
125.534	6.633000
125.822	6.633000
125.822	6.273000
126.111	6.273000
126.111	6.093000
126.373	6.093000
126.373	5.895000
126.636	5.895000
126.636	5.478000
126.898	5.478000
126.898	6.202000
127.212	6.202000
127.212	6.480000
127.525	6.480000
127.525	5.689000
127.837	5.689000
127.837	4.347000
128.132	4.347000
128.132	4.537000
128.428	4.537000
128.428	4.796000
128.722	4.796000
128.722	6.384000
128.978	6.384000
128.978	6.165000
129.234	6.165000
129.234	5.769000
129.49	5.769000
129.49	5.621000
129.773	5.621000
129.773	5.807000
130.055	5.807000
130.055	5.845000
130.338	5.845000
130.338	5.637000
130.628	5.637000
130.628	5.713000
130.918	5.713000
130.918	6.087000
131.208	6.087000
131.208	6.754000
131.456	6.754000
131.456	6.327000
131.705	6.327000
131.705	5.839000
131.954	5.839000
131.954	6.387000
132.248	6.387000
132.248	5.948000
132.542	5.948000
132.542	5.713000
132.836	5.713000
132.836	6.502000
133.083	6.502000
133.083	6.093000
133.329	6.093000
133.329	6.043000
133.575	6.043000
133.575	4.956000
133.905	4.956000
133.905	5.814000
134.234	5.814000
134.234	5.550000
134.564	5.550000
134.564	6.229000
134.843	6.229000
134.843	6.466000
135.122	6.466000
135.122	6.360000
135.401	6.360000
135.401	6.232000
135.674	6.232000
135.674	6.148000
135.947	6.148000
135.947	6.319000
136.22	6.319000
136.22	5.972000
136.492	5.972000
136.492	6.714000
136.764	6.714000
136.764	6.749000
137.036	6.749000
137.036	6.485000
137.256	6.485000
137.256	6.814000
137.476	6.814000
137.476	6.793000
137.696	6.793000
137.696	6.701000
137.996	6.701000
137.996	6.565000
138.296	6.565000
138.296	6.652000
138.596	6.652000
138.596	6.517000
138.881	6.517000
138.881	6.827000
139.166	6.827000
139.166	6.629000
139.45	6.629000
139.45	5.942000
139.73	5.942000
139.73	5.730000
140.01	5.730000
140.01	5.564000
140.29	5.564000
140.29	6.194000
140.539	6.194000
140.539	6.406000
140.788	6.406000
140.788	6.139000
141.036	6.139000
141.036	4.033000
141.388	4.033000
141.388	3.653000
141.74	3.653000
141.74	4.324000
142.091	4.324000
142.091	0.000000
142.091	0.000000
142.091	0.000000
142.091	0.000000
142.091	0.000000
142.091	0.000000
142.091	0.000000
142.091	0.000000
142.091	0.000000
142.091	0.000000
142.091	0.000000
142.091	0.000000
142.091	4.706000
142.442	4.706000
142.442	4.382000
142.793	4.382000
142.793	4.514000
143.144	4.514000
143.144	4.255000
143.496	4.255000
143.496	4.252000
143.848	4.252000
143.848	4.290000
144.199	4.290000
144.199	8.097000
144.533	8.097000
144.533	8.645000
144.882	8.645000
144.882	8.219000
145.23	8.219000
145.23	8.529000
145.539	8.529000
145.539	8.251000
145.846	8.251000
145.846	8.198000
146.162	8.198000
146.162	0.000000
146.162	0.000000
146.162	0.000000
146.162	0.000000
146.162	0.000000
146.162	0.000000
146.162	7.778000
146.565	7.778000
146.565	7.697000
146.968	7.697000
146.968	8.023000
147.368	8.023000
147.368	7.145000
147.635	7.145000
147.635	6.549000
147.903	6.549000
147.903	6.724000
148.171	6.724000
148.171	5.920000
148.402	5.920000
148.402	5.647000
148.633	5.647000
148.633	5.602000
148.863	5.602000
148.863	5.709000
149.145	5.709000
149.145	6.161000
149.427	6.161000
149.427	6.121000
149.708	6.121000
149.708	6.933000
150.003	6.933000
150.003	6.945000
150.297	6.945000
150.297	6.958000
150.592	6.958000
150.592	5.430000
150.862	5.430000
150.862	6.104000
151.133	6.104000
151.133	5.734000
151.404	5.734000
151.404	5.876000
151.666	5.876000
151.666	6.030000
151.927	6.030000
151.927	5.739000
152.188	5.739000
152.188	3.685000
152.505	3.685000
152.505	3.588000
152.822	3.588000
152.822	3.391000
153.139	3.391000
153.139	4.269000
153.456	4.269000
153.456	4.071000
153.773	4.071000
153.773	3.573000
154.09	3.573000
154.09	0.000000
154.09	0.000000
154.09	0.000000
154.09	0.000000
154.09	0.000000
154.09	0.000000
154.09	6.526000
154.431	6.526000
154.431	6.526000
154.775	6.526000
154.775	6.380000
155.116	6.380000
155.116	7.945000
155.533	7.945000
155.533	7.919000
155.944	7.919000
155.944	8.030000
156.353	8.030000
156.353	7.942000
156.626	7.942000
156.626	8.007000
156.914	8.007000
156.914	8.027000
157.208	8.027000
157.208	6.393000
157.536	6.393000
157.536	6.675000
157.881	6.675000
157.881	6.984000
158.22	6.984000
158.22	6.665000
158.548	6.665000
158.548	6.823000
158.887	6.823000
158.887	6.852000
159.226	6.852000
159.226	8.285000
159.558	8.285000
159.558	7.851000
159.882	7.851000
159.882	7.965000
160.212	7.965000
160.212	8.302000
160.544	8.302000
160.544	7.855000
160.879	7.855000
160.879	8.130000
161.216	8.130000
161.216	7.414000
161.514	7.414000
161.514	7.478000
161.818	7.478000
161.818	7.512000
162.122	7.512000
162.122	6.820000
162.461	6.820000
162.461	6.836000
162.81	6.836000
162.81	6.804000
163.152	6.804000
163.152	7.376000
163.485	7.376000
163.485	7.115000
163.824	7.115000
163.824	7.194000
164.164	7.194000
164.164	3.968000
164.48	3.968000
164.48	4.336000
164.797	4.336000
164.797	4.227000
165.113	4.227000
165.113	0.000000
165.113	0.000000
165.113	0.000000
165.113	0.000000
165.113	0.000000
165.113	0.000000
165.113	0.000000
165.113	0.000000
165.113	0.000000
165.113	0.000000
165.113	0.000000
165.113	0.000000
165.113	0.000000
165.113	0.000000
165.113	0.000000
165.113	0.000000
165.113	0.000000
165.113	0.000000
165.113	5.228000
165.452	5.228000
165.452	6.350000
165.791	6.350000
165.791	6.194000
166.13	6.194000
166.13	6.572000
166.423	6.572000
166.423	6.449000
166.716	6.449000
166.716	5.921000
167.009	5.921000
167.009	6.086000
167.257	6.086000
167.257	6.482000
167.504	6.482000
167.504	6.011000
167.75	6.011000
167.75	5.687000
167.992	5.687000
167.992	5.531000
168.233	5.531000
168.233	5.119000
168.474	5.119000
168.474	5.757000
168.734	5.757000
168.734	6.096000
168.994	6.096000
168.994	5.953000
169.254	5.953000
169.254	6.427000
169.539	6.427000
169.539	6.759000
169.824	6.759000
169.824	6.622000
170.109	6.622000
170.109	6.098000
170.395	6.098000
170.395	5.797000
170.681	5.797000
170.681	5.926000
170.967	5.926000
170.967	6.218000
171.294	6.218000
171.294	6.688000
171.621	6.688000
171.621	6.392000
171.948	6.392000
171.948	6.119000
172.239	6.119000
172.239	6.385000
172.529	6.385000
172.529	6.222000
172.82	6.222000
172.82	6.778000
173.084	6.778000
173.084	6.198000
173.348	6.198000
173.348	6.801000
173.612	6.801000
173.612	6.382000
173.904	6.382000
173.904	6.619000
174.196	6.619000
174.196	6.976000
174.489	6.976000
174.489	5.824000
174.7	5.824000
174.7	5.258000
174.911	5.258000
174.911	4.877000
175.121	4.877000
175.121	4.470000
175.406	4.470000
175.406	4.916000
175.689	4.916000
175.689	5.162000
175.974	5.162000
175.974	6.128000
176.263	6.128000
176.263	6.634000
176.551	6.634000
176.551	6.282000
176.84	6.282000
176.84	6.990000
177.106	6.990000
177.106	5.730000
177.372	5.730000
177.372	5.879000
177.638	5.879000
177.638	5.893000
177.936	5.893000
177.936	6.517000
178.234	6.517000
178.234	6.398000
178.531	6.398000
178.531	6.429000
178.801	6.429000
178.801	6.045000
179.072	6.045000
179.072	6.117000
179.343	6.117000
179.343	6.146000
179.639	6.146000
179.639	6.037000
179.935	6.037000
179.935	6.044000
180.231	6.044000
180.231	6.669000
180.526	6.669000
180.526	6.434000
180.821	6.434000
180.821	6.191000
181.116	6.191000
181.116	5.791000
181.371	5.791000
181.371	5.435000
181.625	5.435000
181.625	5.746000
181.879	5.746000
181.879	6.344000
182.154	6.344000
182.154	6.104000
182.429	6.104000
182.429	6.119000
182.704	6.119000
182.704	5.892000
183.01	5.892000
183.01	5.943000
183.316	5.943000
183.316	6.205000
183.622	6.205000
183.622	6.188000
183.909	6.188000
183.909	6.020000
184.196	6.020000
184.196	5.565000
184.482	5.565000
184.482	6.014000
184.775	6.014000
184.775	6.311000
185.068	6.311000
185.068	5.958000
185.361	5.958000
185.361	6.191000
185.646	6.191000
185.646	6.537000
185.931	6.537000
185.931	6.087000
186.214	6.087000
186.214	5.845000
186.498	5.845000
186.498	6.031000
186.782	6.031000
186.782	5.824000
187.065	5.824000
187.065	6.684000
187.333	6.684000
187.333	6.353000
187.601	6.353000
187.601	6.041000
187.87	6.041000
187.87	6.692000
188.147	6.692000
188.147	6.285000
188.424	6.285000
188.424	6.231000
188.701	6.231000
188.701	6.109000
188.933	6.109000
188.933	6.218000
189.165	6.218000
189.165	5.825000
189.396	5.825000
189.396	6.671000
189.646	6.671000
189.646	6.611000
189.896	6.611000
189.896	6.279000
190.147	6.279000
190.147	5.469000
190.433	5.469000
190.433	5.447000
190.718	5.447000
190.718	5.194000
191.003	5.194000
191.003	6.678000
191.286	6.678000
191.286	6.482000
191.569	6.482000
191.569	6.507000
191.852	6.507000
191.852	6.471000
192.093	6.471000
192.093	6.443000
192.334	6.443000
192.334	6.679000
192.574	6.679000
192.574	6.501000
192.845	6.501000
192.845	6.294000
193.114	6.294000
193.114	6.484000
193.384	6.484000
193.384	6.320000
193.64	6.320000
193.64	6.350000
193.896	6.350000
193.896	6.337000
194.152	6.337000
194.152	5.583000
194.468	5.583000
194.468	6.178000
194.784	6.178000
194.784	6.153000
195.1	6.153000
195.1	6.463000
195.38	6.463000
195.38	5.787000
195.661	5.787000
195.661	5.825000
195.943	5.825000
195.943	5.690000
196.267	5.690000
196.267	6.300000
196.591	6.300000
196.591	6.504000
196.914	6.504000
196.914	6.797000
197.264	6.797000
197.264	7.021000
197.614	7.021000
197.614	6.901000
197.962	6.901000
197.962	6.654000
198.238	6.654000
198.238	6.183000
198.513	6.183000
198.513	5.995000
198.788	5.995000
198.788	6.493000
199.086	6.493000
199.086	6.133000
199.384	6.133000
199.384	6.301000
199.682	6.301000
199.682	6.318000
199.974	6.318000
199.974	6.361000
200.266	6.361000
200.266	6.595000
200.556	6.595000
200.556	5.959000
200.829	5.959000
200.829	5.431000
201.101	5.431000
201.101	5.840000
201.373	5.840000
201.373	5.652000
201.651	5.652000
201.651	6.423000
201.929	6.423000
201.929	6.372000
202.208	6.372000
202.208	5.755000
202.477	5.755000
202.477	6.229000
202.745	6.229000
202.745	6.238000
203.013	6.238000
203.013	6.070000
203.282	6.070000
203.282	6.162000
203.551	6.162000
203.551	6.075000
203.82	6.075000
203.82	4.415000
204.131	4.415000
204.131	5.170000
204.442	5.170000
204.442	5.020000
204.751	5.020000
204.751	5.315000
205.055	5.315000
205.055	5.589000
205.359	5.589000
205.359	6.173000
205.663	6.173000
205.663	6.661000
205.946	6.661000
205.946	6.133000
206.229	6.133000
206.229	6.042000
206.512	6.042000
206.512	6.090000
206.807	6.090000
206.807	6.565000
207.103	6.565000
207.103	6.631000
207.398	6.631000
207.398	5.527000
207.69	5.527000
207.69	5.912000
207.982	5.912000
207.982	5.922000
208.273	5.922000
208.273	6.034000
208.549	6.034000
208.549	5.951000
208.824	5.951000
208.824	5.435000
209.098	5.435000
209.098	6.888000
209.421	6.888000
209.421	7.091000
209.744	7.091000
209.744	6.461000
210.067	6.461000
210.067	6.053000
210.407	6.053000
210.407	6.155000
210.748	6.155000
210.748	6.254000
211.089	6.254000
211.089	5.918000
211.331	5.918000
211.331	5.393000
211.573	5.393000
211.573	5.702000
211.816	5.702000
211.816	5.901000
212.105	5.901000
212.105	5.749000
212.394	5.749000
212.394	5.964000
212.683	5.964000
212.683	6.599000
212.987	6.599000
212.987	6.067000
213.29	6.067000
213.29	6.264000
213.594	6.264000
213.594	5.777000
213.913	5.777000
213.913	5.829000
214.232	5.829000
214.232	5.452000
214.551	5.452000
214.551	6.772000
214.819	6.772000
214.819	6.574000
215.087	6.574000
215.087	6.486000
215.354	6.486000
215.354	6.779000
215.639	6.779000
215.639	6.857000
215.924	6.857000
215.924	6.510000
216.209	6.510000
216.209	7.122000
216.507	7.122000
216.507	6.292000
216.805	6.292000
216.805	6.481000
217.103	6.481000
217.103	6.239000
217.419	6.239000
217.419	6.208000
217.735	6.208000
217.735	6.580000
218.051	6.580000
218.051	6.003000
218.312	6.003000
218.312	6.201000
218.573	6.201000
218.573	5.983000
218.834	5.983000
218.834	5.907000
219.12	5.907000
219.12	6.372000
219.405	6.372000
219.405	6.824000
219.691	6.824000
219.691	6.250000
219.926	6.250000
219.926	6.452000
220.162	6.452000
220.162	6.526000
220.398	6.526000
220.398	5.926000
220.692	5.926000
220.692	6.146000
220.986	6.146000
220.986	6.331000
221.279	6.331000
221.279	6.585000
221.553	6.585000
221.553	6.457000
221.826	6.457000
221.826	6.383000
222.099	6.383000
222.099	6.957000
222.428	6.957000
222.428	6.273000
222.757	6.273000
222.757	6.371000
223.086	6.371000
223.086	6.040000
223.337	6.040000
223.337	6.691000
223.588	6.691000
223.588	6.126000
223.84	6.126000
223.84	6.324000
224.191	6.324000
224.191	6.571000
224.541	6.571000
224.541	6.292000
224.892	6.292000
224.892	6.609000
225.196	6.609000
225.196	6.351000
225.499	6.351000
225.499	5.819000
225.803	5.819000
225.803	5.912000
226.071	5.912000
226.071	6.651000
226.339	6.651000
226.339	6.056000
226.606	6.056000
226.606	5.908000
226.678	5.908000
226.678	5.585000
226.75	5.585000
226.75	5.200000
226.822	5.200000
226.822	6.376000
227.174	6.376000
227.174	5.616000
227.525	5.616000
227.525	5.429000
227.877	5.429000
227.877	6.252000
228.107	6.252000
228.107	6.135000
228.338	6.135000
228.338	6.428000
228.569	6.428000
228.569	6.500000
228.774	6.500000
228.774	6.566000
228.979	6.566000
228.979	6.481000
229.184	6.481000
229.184	6.360000
229.43	6.360000
229.43	5.989000
229.676	5.989000
229.676	5.827000
229.922	5.827000
229.922	6.117000
230.188	6.117000
230.188	6.694000
230.454	6.694000
230.454	6.004000
230.719	6.004000
230.719	6.324000
230.975	6.324000
230.975	6.526000
231.231	6.526000
231.231	6.423000
231.487	6.423000
231.487	5.620000
231.742	5.620000
231.742	5.457000
231.998	5.457000
231.998	5.481000
232.254	5.481000
232.254	6.221000
232.557	6.221000
232.557	6.146000
232.86	6.146000
232.86	6.364000
233.163	6.364000
233.163	4.402000
233.447	4.402000
233.447	4.689000
233.732	4.689000
233.732	4.629000
234.016	4.629000
234.016	6.306000
234.296	6.306000
234.296	5.964000
234.576	5.964000
234.576	6.158000
234.856	6.158000
234.856	6.566000
235.104	6.566000
235.104	7.050000
235.353	7.050000
235.353	6.806000
235.602	6.806000
235.602	5.781000
235.92	5.781000
235.92	6.280000
236.238	6.280000
236.238	6.394000
236.556	6.394000
236.556	6.738000
236.833	6.738000
236.833	5.945000
237.111	5.945000
237.111	6.396000
237.389	6.396000
237.389	5.658000
237.696	5.658000
237.696	5.741000
238.003	5.741000
238.003	5.721000
238.31	5.721000
238.31	6.681000
238.637	6.681000
238.637	6.930000
238.965	6.930000
238.965	6.594000
239.292	6.594000
239.292	5.770000
239.575	5.770000
239.575	5.510000
239.858	5.510000
239.858	5.449000
240.14	5.449000
240.14	6.560000
240.396	6.560000
240.396	6.741000
240.651	6.741000
240.651	6.779000
240.905	6.779000
240.905	6.381000
241.163	6.381000
241.163	6.644000
241.421	6.644000
241.421	6.666000
241.679	6.666000
241.679	6.558000
241.942	6.558000
241.942	6.525000
242.203	6.525000
242.203	6.326000
242.466	6.326000
242.466	6.124000
242.756	6.124000
242.756	6.808000
243.046	6.808000
243.046	6.371000
243.336	6.371000
243.336	6.853000
243.612	6.853000
243.612	6.424000
243.887	6.424000
243.887	6.571000
244.162	6.571000
244.162	5.075000
244.463	5.075000
244.463	4.596000
244.765	4.596000
244.765	4.695000
245.066	4.695000
245.066	6.086000
245.371	6.086000
245.371	6.548000
245.676	6.548000
245.676	6.539000
245.981	6.539000
245.981	6.476000
246.247	6.476000
246.247	6.640000
246.513	6.640000
246.513	5.741000
246.779	5.741000
246.779	6.044000
247.053	6.044000
247.053	6.216000
247.327	6.216000
247.327	5.843000
247.601	5.843000
247.601	6.421000
247.878	6.421000
247.878	6.393000
248.155	6.393000
248.155	6.348000
248.431	6.348000
248.431	5.756000
248.701	5.756000
248.701	6.085000
248.97	6.085000
248.97	5.765000
249.239	5.765000
249.239	5.614000
249.534	5.614000
249.534	5.562000
249.83	5.562000
249.83	4.983000
250.125	4.983000
250.125	6.571000
250.429	6.571000
250.429	6.938000
250.733	6.938000
250.733	6.467000
251.037	6.467000
251.037	6.160000
251.32	6.160000
251.32	6.446000
251.603	6.446000
251.603	6.487000
251.886	6.487000
251.886	5.982000
252.169	5.982000
252.169	5.587000
252.453	5.587000
252.453	5.644000
252.737	5.644000
252.737	6.176000
253.016	6.176000
253.016	6.522000
253.296	6.522000
253.296	6.165000
253.576	6.165000
253.576	5.512000
253.917	5.512000
253.917	6.227000
254.258	6.227000
254.258	6.156000
254.599	6.156000
254.599	5.856000
254.832	5.856000
254.832	5.518000
255.065	5.518000
255.065	5.831000
255.298	5.831000
255.298	6.409000
255.453	6.409000
255.453	6.241000
255.607	6.241000
255.607	6.709000
255.762	6.709000
255.762	5.775000
256.051	5.775000
256.051	6.191000
256.34	6.191000
256.34	6.467000
256.629	6.467000
256.629	6.243000
256.922	6.243000
256.922	5.909000
257.215	5.909000
257.215	5.859000
257.508	5.859000
257.508	5.270000
257.8	5.270000
257.8	5.402000
258.091	5.402000
258.091	5.997000
258.383	5.997000
258.383	5.825000
258.635	5.825000
258.635	6.470000
258.887	6.470000
258.887	6.145000
259.139	6.145000
259.139	6.462000
259.412	6.462000
259.412	5.933000
259.684	5.933000
259.684	5.798000
259.957	5.798000
259.957	6.134000
260.277	6.134000
260.277	6.407000
260.597	6.407000
260.597	6.365000
260.917	6.365000
260.917	5.791000
261.212	5.791000
261.212	6.720000
261.507	6.720000
261.507	6.591000
261.802	6.591000
261.802	5.985000
262.089	5.985000
262.089	5.683000
262.376	5.683000
262.376	5.707000
262.663	5.707000
262.663	6.055000
262.962	6.055000
262.962	6.638000
263.261	6.638000
263.261	6.252000
263.56	6.252000
263.56	6.362000
263.871	6.362000
263.871	6.405000
264.182	6.405000
264.182	6.338000
264.492	6.338000
264.492	6.113000
264.756	6.113000
264.756	5.779000
265.02	5.779000
265.02	5.720000
265.284	5.720000
265.284	5.918000
265.557	5.918000
265.557	5.823000
265.83	5.823000
265.83	5.435000
266.103	5.435000
266.103	6.300000
266.377	6.300000
266.377	7.332000
266.651	7.332000
266.651	6.949000
266.925	6.949000
266.925	6.875000
267.209	6.875000
267.209	6.217000
267.493	6.217000
267.493	6.028000
267.776	6.028000
267.776	5.864000
268.057	5.864000
268.057	6.086000
268.338	6.086000
268.338	6.330000
268.619	6.330000
268.619	5.785000
268.949	5.785000
268.949	6.138000
269.28	6.138000
269.28	6.135000
269.611	6.135000
269.611	5.828000
269.931	5.828000
269.931	5.510000
270.25	5.510000
270.25	5.684000
270.57	5.684000
270.57	6.508000
270.835	6.508000
270.835	6.220000
271.1	6.220000
271.1	6.150000
271.365	6.150000
271.365	6.585000
271.625	6.585000
271.625	6.087000
271.885	6.087000
271.885	6.070000
272.145	6.070000
272.145	5.333000
272.418	5.333000
272.418	4.928000
272.691	4.928000
272.691	4.734000
272.964	4.734000
272.964	6.628000
273.096	6.628000
273.096	6.371000
273.228	6.371000
273.228	6.745000
273.358	6.745000
273.358	6.612000
273.519	6.612000
273.519	6.128000
273.68	6.128000
273.68	6.314000
273.841	6.314000
273.841	5.613000
274.108	5.613000
274.108	5.916000
274.375	5.916000
274.375	5.529000
274.642	5.529000
274.642	5.808000
274.894	5.808000
274.894	5.909000
275.146	5.909000
275.146	6.013000
275.398	6.013000
275.398	6.097000
275.657	6.097000
275.657	6.474000
275.916	6.474000
275.916	6.401000
276.175	6.401000
276.175	6.149000
276.444	6.149000
276.444	6.355000
276.713	6.355000
276.713	6.044000
276.982	6.044000
276.982	5.530000
277.262	5.530000
277.262	5.016000
277.543	5.016000
277.543	5.288000
277.824	5.288000
277.824	6.096000
278.081	6.096000
278.081	6.124000
278.339	6.124000
278.339	5.864000
278.597	5.864000
278.597	6.387000
278.84	6.387000
278.84	6.314000
279.083	6.314000
279.083	6.141000
279.326	6.141000
279.326	6.018000
279.578	6.018000
279.578	5.360000
279.83	5.360000
279.83	5.648000
280.081	5.648000
280.081	6.170000
280.19	6.170000
280.19	6.386000
280.299	6.386000
280.299	5.930000
280.408	5.930000
280.408	6.382000
280.751	6.382000
280.751	6.454000
281.094	6.454000
281.094	6.374000
281.437	6.374000
281.437	5.713000
281.687	5.713000
281.687	5.721000
281.938	5.721000
281.938	5.743000
282.188	5.743000
282.188	5.866000
282.433	5.866000
282.433	6.696000
282.678	6.696000
282.678	6.101000
282.923	6.101000
282.923	4.950000
283.223	4.950000
283.223	5.361000
283.523	5.361000
283.523	5.203000
283.822	5.203000
283.822	6.323000
284.115	6.323000
284.115	5.879000
284.409	5.879000
284.409	5.769000
284.703	5.769000
284.703	6.246000
284.791	6.246000
284.791	6.438000
284.88	6.438000
284.88	6.942000
284.969	6.942000
284.969	6.398000
285.214	6.398000
285.214	5.793000
285.46	5.793000
285.46	6.196000
285.706	6.196000
285.706	5.278000
285.948	5.278000
285.948	5.247000
286.191	5.247000
286.191	4.838000
286.433	4.838000
286.433	6.531000
286.701	6.531000
286.701	6.529000
286.969	6.529000
286.969	6.065000
287.237	6.065000
287.237	5.671000
287.472	5.671000
287.472	6.201000
287.707	6.201000
287.707	5.801000
287.942	5.801000
287.942	5.780000
288.204	5.780000
288.204	5.600000
288.466	5.600000
288.466	5.858000
288.727	5.858000
288.727	5.986000
288.968	5.986000
288.968	6.104000
289.209	6.104000
289.209	5.569000
289.45	5.569000
289.45	6.051000
289.744	6.051000
289.744	6.140000
290.038	6.140000
290.038	6.195000
290.331	6.195000
290.331	6.706000
290.612	6.706000
290.612	6.404000
290.892	6.404000
290.892	6.441000
291.172	6.441000
291.172	5.962000
291.416	5.962000
291.416	6.151000
291.659	6.151000
291.659	5.780000
291.903	5.780000
291.903	5.440000
292.207	5.440000
292.207	5.920000
292.511	5.920000
292.511	6.074000
292.815	6.074000
292.815	5.389000
293.128	5.389000
293.128	5.940000
293.44	5.940000
293.44	6.248000
293.753	6.248000
293.753	6.612000
294.058	6.612000
294.058	5.786000
294.364	5.786000
294.364	5.909000
294.668	5.909000
294.668	6.234000
295.005	6.234000
295.005	7.224000
295.342	7.224000
295.342	7.073000
295.678	7.073000
295.678	5.570000
295.999	5.570000
295.999	6.298000
296.32	6.298000
296.32	6.318000
296.641	6.318000
296.641	6.515000
296.946	6.515000
296.946	5.398000
297.251	5.398000
297.251	4.907000
297.556	4.907000
297.556	6.309000
297.861	6.309000
297.861	6.926000
298.167	6.926000
298.167	6.822000
298.473	6.822000
298.473	5.547000
298.725	5.547000
298.725	6.214000
298.978	6.214000
298.978	6.409000
299.23	6.409000
299.23	5.954000
299.484	5.954000
299.484	5.787000
299.737	5.787000
299.737	5.802000
299.99	5.802000
299.99	5.813000
300.268	5.813000
300.268	6.810000
300.546	6.810000
300.546	6.420000
300.824	6.420000
300.824	5.875000
301.124	5.875000
301.124	6.123000
301.424	6.123000
301.424	6.039000
301.723	6.039000
301.723	4.551000
302.014	4.551000
302.014	5.340000
302.306	5.340000
302.306	5.038000
302.597	5.038000
302.597	6.319000
302.892	6.319000
302.892	6.199000
303.187	6.199000
303.187	6.150000
303.482	6.150000
303.482	5.528000
303.774	5.528000
303.774	5.810000
304.066	5.810000
304.066	5.999000
304.358	5.999000
304.358	5.533000
304.602	5.533000
304.602	6.380000
304.846	6.380000
304.846	6.367000
305.089	6.367000
305.089	6.764000
305.379	6.764000
305.379	5.781000
305.669	5.781000
305.669	5.704000
305.959	5.704000
305.959	5.839000
306.265	5.839000
306.265	6.275000
306.571	6.275000
306.571	6.268000
306.877	6.268000
306.877	5.709000
307.22	5.709000
307.22	6.140000
307.563	6.140000
307.563	6.144000
307.906	6.144000
307.906	6.774000
308.213	6.774000
308.213	6.698000
308.521	6.698000
308.521	6.207000
308.829	6.207000
308.829	6.562000
309.16	6.562000
309.16	6.606000
309.491	6.606000
309.491	6.882000
309.821	6.882000
309.821	5.619000
310.104	5.619000
310.104	6.594000
310.385	6.594000
310.385	6.691000
310.667	6.691000
310.667	7.031000
310.941	7.031000
310.941	6.265000
311.215	6.265000
311.215	5.919000
311.489	5.919000
311.489	5.733000
311.797	5.733000
311.797	6.834000
312.105	6.834000
312.105	6.255000
312.413	6.255000
312.413	6.352000
312.684	6.352000
312.684	6.350000
312.954	6.350000
312.954	6.288000
313.225	6.288000
313.225	6.654000
313.571	6.654000
313.571	6.996000
313.916	6.996000
313.916	6.585000
314.262	6.585000
314.262	5.318000
314.591	5.318000
314.591	6.096000
314.92	6.096000
314.92	6.446000
315.248	6.446000
315.248	6.368000
315.492	6.368000
315.492	6.432000
315.736	6.432000
315.736	6.001000
315.98	6.001000
315.98	5.296000
316.285	5.296000
316.285	5.681000
316.59	5.681000
316.59	5.782000
316.895	5.782000
316.895	5.873000
317.217	5.873000
317.217	6.430000
317.539	6.430000
317.539	6.324000
317.86	6.324000
317.86	6.306000
318.148	6.306000
318.148	6.089000
318.437	6.089000
318.437	6.072000
318.726	6.072000
318.726	5.633000
318.995	5.633000
318.995	6.535000
319.264	6.535000
319.264	6.343000
319.533	6.343000
319.533	5.933000
319.848	5.933000
319.848	6.410000
320.163	6.410000
320.163	6.231000
320.478	6.231000
320.478	6.497000
320.753	6.497000
320.753	5.757000
321.026	5.757000
321.026	6.068000
321.3	6.068000
321.3	6.025000
321.533	6.025000
321.533	5.949000
321.766	5.949000
321.766	5.710000
321.999	5.710000
321.999	6.363000
322.345	6.363000
322.345	6.154000
322.691	6.154000
322.691	6.390000
323.037	6.390000
323.037	6.580000
323.296	6.580000
323.296	6.002000
323.555	6.002000
323.555	6.020000
323.813	6.020000
323.813	6.600000
324.078	6.600000
324.078	6.746000
324.345	6.746000
324.345	6.427000
324.612	6.427000
324.612	5.875000
324.91	5.875000
324.91	6.340000
325.207	6.340000
325.207	5.668000
325.505	5.668000
325.505	6.302000
325.799	6.302000
325.799	6.034000
326.092	6.034000
326.092	6.097000
326.386	6.097000
326.386	6.203000
326.607	6.203000
326.607	6.274000
326.826	6.274000
326.826	6.288000
327.047	6.288000
327.047	6.221000
327.324	6.221000
327.324	6.433000
327.601	6.433000
327.601	6.252000
327.878	6.252000
327.878	6.899000
328.144	6.899000
328.144	6.493000
328.409	6.493000
328.409	6.182000
328.675	6.182000
328.675	5.929000
328.937	5.929000
328.937	5.962000
329.199	5.962000
329.199	5.981000
329.462	5.981000
329.462	6.652000
329.766	6.652000
329.766	6.571000
330.07	6.571000
330.07	6.441000
330.374	6.441000
330.374	6.732000
330.62	6.732000
330.62	6.469000
330.867	6.469000
330.867	6.061000
331.114	6.061000
331.114	5.957000
331.35	5.957000
331.35	6.278000
331.585	6.278000
331.585	5.692000
331.82	5.692000
331.82	7.076000
332.053	7.076000
332.053	6.739000
332.285	6.739000
332.285	6.515000
332.517	6.515000
332.517	6.408000
332.801	6.408000
332.801	6.228000
333.083	6.228000
333.083	5.979000
333.365	5.979000
333.365	6.585000
333.666	6.585000
333.666	6.931000
333.967	6.931000
333.967	6.606000
334.269	6.606000
334.269	6.615000
334.513	6.615000
334.513	6.173000
334.757	6.173000
334.757	6.114000
335.001	6.114000
335.001	6.522000
335.292	6.522000
335.292	6.299000
335.584	6.299000
335.584	6.539000
335.875	6.539000
335.875	6.545000
336.124	6.545000
336.124	6.358000
336.373	6.358000
336.373	6.252000
336.622	6.252000
336.622	6.673000
336.955	6.673000
336.955	6.242000
337.288	6.242000
337.288	6.185000
337.62	6.185000
337.62	6.470000
337.885	6.470000
337.885	6.493000
338.149	6.493000
338.149	6.405000
338.414	6.405000
338.414	6.351000
338.695	6.351000
338.695	6.627000
338.975	6.627000
338.975	6.394000
339.255	6.394000
339.255	6.561000
339.53	6.561000
339.53	6.348000
339.805	6.348000
339.805	6.179000
340.079	6.179000
340.079	6.450000
340.366	6.450000
340.366	6.013000
340.653	6.013000
340.653	6.089000
340.94	6.089000
340.94	6.245000
341.239	6.245000
341.239	6.077000
341.538	6.077000
341.538	6.222000
341.836	6.222000
341.836	6.286000
342.128	6.286000
342.128	6.270000
342.42	6.270000
342.42	6.542000
342.712	6.542000
342.712	6.727000
343.004	6.727000
343.004	6.507000
343.296	6.507000
343.296	6.454000
343.588	6.454000
343.588	6.463000
343.865	6.463000
343.865	6.518000
344.142	6.518000
344.142	6.612000
344.418	6.612000
344.418	6.003000
344.743	6.003000
344.743	6.329000
345.068	6.329000
345.068	5.923000
345.393	5.923000
345.393	6.347000
345.697	6.347000
345.697	6.063000
346.0	6.063000
346.0	5.780000
346.303	5.780000
346.303	6.079000
346.548	6.079000
346.548	6.610000
346.792	6.610000
346.792	6.683000
347.037	6.683000
347.037	6.591000
347.385	6.591000
347.385	7.079000
347.733	7.079000
347.733	6.297000
348.079	6.297000
348.079	6.307000
348.344	6.307000
348.344	6.453000
348.609	6.453000
348.609	5.972000
348.874	5.972000
348.874	6.638000
349.138	6.638000
349.138	6.853000
349.402	6.853000
349.402	6.051000
349.666	6.051000
349.666	6.729000
349.942	6.729000
349.942	6.380000
350.217	6.380000
350.217	5.703000
350.493	5.703000
350.493	6.467000
350.798	6.467000
350.798	6.362000
351.102	6.362000
351.102	5.944000
351.405	5.944000
351.405	6.525000
351.698	6.525000
351.698	6.340000
351.99	6.340000
351.99	6.236000
352.283	6.236000
352.283	6.627000
352.587	6.627000
352.587	7.137000
352.891	7.137000
352.891	6.563000
353.195	6.563000
353.195	6.230000
353.477	6.230000
353.477	6.058000
353.759	6.058000
353.759	6.364000
354.041	6.364000
354.041	4.945000
354.311	4.945000
354.311	5.069000
354.58	5.069000
354.58	4.775000
354.849	4.775000
354.849	5.762000
355.058	5.762000
355.058	5.429000
355.267	5.429000
355.267	5.172000
355.477	5.172000
355.477	4.253000
355.751	4.253000
355.751	4.689000
356.025	4.689000
356.025	4.608000
356.299	4.608000
356.299	6.638000
356.64	6.638000
356.64	6.615000
356.981	6.615000
356.981	6.625000
357.322	6.625000
357.322	6.300000
357.648	6.300000
357.648	6.190000
357.975	6.190000
357.975	6.271000
358.302	6.271000
358.302	6.497000
358.585	6.497000
358.585	6.067000
358.868	6.067000
358.868	6.344000
359.151	6.344000
359.151	6.440000
359.441	6.440000
359.441	6.872000
359.732	6.872000
359.732	6.427000
360.023	6.427000
360.023	5.971000
360.322	5.971000
360.322	5.558000
360.62	5.558000
360.62	5.160000
360.919	5.160000
360.919	6.590000
361.212	6.590000
361.212	6.596000
361.504	6.596000
361.504	6.376000
361.796	6.376000
361.796	6.055000
362.126	6.055000
362.126	6.372000
362.456	6.372000
362.456	6.510000
362.786	6.510000
362.786	6.205000
363.086	6.205000
363.086	6.114000
363.386	6.114000
363.386	6.157000
363.686	6.157000
363.686	6.468000
363.98	6.468000
363.98	6.401000
364.274	6.401000
364.274	6.228000
364.568	6.228000
364.568	5.900000
364.829	5.900000
364.829	6.073000
365.09	6.073000
365.09	6.256000
365.351	6.256000
365.351	5.419000
365.643	5.419000
365.643	5.751000
365.935	5.751000
365.935	5.686000
366.227	5.686000
366.227	5.870000
366.526	5.870000
366.526	5.747000
366.825	5.747000
366.825	5.433000
367.123	5.433000
367.123	6.781000
367.413	6.781000
367.413	6.776000
367.702	6.776000
367.702	6.455000
367.991	6.455000
367.991	5.940000
368.254	5.940000
368.254	6.581000
368.517	6.581000
368.517	6.099000
368.78	6.099000
368.78	5.888000
369.054	5.888000
369.054	6.889000
369.328	6.889000
369.328	5.995000
369.601	5.995000
369.601	5.216000
369.861	5.216000
369.861	5.228000
370.121	5.228000
370.121	5.016000
370.381	5.016000
370.381	6.327000
370.655	6.327000
370.655	6.178000
370.929	6.178000
370.929	5.991000
371.203	5.991000
371.203	1.124000
371.205	1.124000
371.205	0.933000
371.207	0.933000
371.207	1.191000
371.209	1.191000
371.209	6.209000
371.462	6.209000
371.462	6.393000
371.715	6.393000
371.715	6.344000
371.967	6.344000
371.967	6.688000
372.242	6.688000
372.242	6.780000
372.517	6.780000
372.517	6.257000
372.792	6.257000
372.792	6.711000
373.036	6.711000
373.036	6.922000
373.281	6.922000
373.281	6.304000
373.526	6.304000
373.526	6.687000
373.829	6.687000
373.829	6.388000
374.132	6.388000
374.132	6.813000
374.435	6.813000
374.435	6.139000
374.716	6.139000
374.716	6.094000
374.997	6.094000
374.997	6.008000
375.278	6.008000
375.278	6.919000
375.549	6.919000
375.549	7.066000
375.821	7.066000
375.821	6.560000
376.092	6.560000
376.092	5.930000
376.371	5.930000
376.371	5.985000
376.65	5.985000
376.65	6.518000
376.929	6.518000
376.929	6.299000
377.271	6.299000
377.271	6.208000
377.614	6.208000
377.614	6.364000
377.957	6.364000
377.957	6.422000
378.217	6.422000
378.217	6.988000
378.478	6.988000
378.478	6.577000
378.737	6.577000
378.737	6.699000
379.017	6.699000
379.017	6.668000
379.296	6.668000
379.296	6.124000
379.577	6.124000
379.577	6.019000
379.848	6.019000
379.848	6.038000
380.119	6.038000
380.119	6.221000
380.39	6.221000
380.39	6.376000
380.637	6.376000
380.637	6.549000
380.884	6.549000
380.884	6.135000
381.132	6.135000
381.132	6.285000
381.379	6.285000
381.379	6.822000
381.625	6.822000
381.625	6.638000
381.872	6.638000
381.872	6.475000
382.139	6.475000
382.139	6.158000
382.406	6.158000
382.406	6.590000
382.673	6.590000
382.673	6.506000
382.877	6.506000
382.877	6.427000
383.081	6.427000
383.081	6.488000
383.285	6.488000
383.285	6.294000
383.578	6.294000
383.578	6.422000
383.872	6.422000
383.872	6.266000
384.165	6.266000
384.165	7.192000
384.37	7.192000
384.37	6.980000
384.575	6.980000
384.575	6.823000
384.778	6.823000
384.778	7.355000
384.868	7.355000
384.868	7.418000
384.959	7.418000
384.959	6.151000
385.05	6.151000
385.05	6.447000
385.324	6.447000
385.324	6.118000
385.598	6.118000
385.598	5.767000
385.872	5.767000
385.872	6.352000
386.072	6.352000
386.072	6.057000
386.273	6.057000
386.273	6.583000
386.473	6.583000
386.473	6.321000
386.764	6.321000
386.764	6.256000
387.055	6.256000
387.055	6.630000
387.346	6.630000
387.346	6.668000
387.568	6.668000
387.568	6.879000
387.791	6.879000
387.791	6.691000
388.014	6.691000
388.014	5.653000
388.236	5.653000
388.236	5.894000
388.458	5.894000
388.458	6.109000
388.68	6.109000
388.68	6.143000
389.0	6.143000
389.0	6.225000
389.321	6.225000
389.321	6.331000
389.642	6.331000
389.642	6.879000
389.889	6.879000
389.889	6.716000
390.138	6.716000
390.138	6.619000
390.387	6.619000
390.387	6.674000
390.637	6.674000
390.637	6.231000
390.887	6.231000
390.887	6.555000
391.137	6.555000
391.137	6.259000
391.402	6.259000
391.402	6.487000
391.665	6.487000
391.665	5.893000
391.93	5.893000
391.93	6.861000
392.154	6.861000
392.154	6.593000
392.38	6.593000
392.38	6.503000
392.601	6.503000
392.601	6.171000
392.839	6.171000
392.839	6.483000
393.077	6.483000
393.077	6.125000
393.314	6.125000
393.314	6.514000
393.593	6.514000
393.593	6.100000
393.872	6.100000
393.872	6.106000
394.151	6.106000
394.151	5.665000
394.38	5.665000
394.38	5.456000
394.609	5.456000
394.609	5.266000
394.838	5.266000
394.838	6.896000
395.109	6.896000
395.109	6.325000
395.38	6.325000
395.38	6.687000
395.651	6.687000
395.651	6.637000
395.884	6.637000
395.884	6.710000
396.118	6.710000
396.118	6.517000
396.351	6.517000
396.351	6.462000
396.65	6.462000
396.65	6.573000
396.95	6.573000
396.95	5.960000
397.249	5.960000
397.249	5.899000
397.535	5.899000
397.535	6.727000
397.821	6.727000
397.821	6.115000
398.107	6.115000
398.107	6.374000
398.337	6.374000
398.337	6.481000
398.568	6.481000
398.568	6.443000
398.798	6.443000
398.798	5.443000
399.025	5.443000
399.025	5.174000
399.252	5.174000
399.252	5.636000
399.479	5.636000
