0.0	1.838000
0.353	1.838000
0.353	1.764000
0.705	1.764000
0.705	1.774000
1.059	1.774000
1.059	1.838000
1.413	1.838000
1.413	1.835000
1.767	1.835000
1.767	1.838000
2.121	1.838000
2.121	1.926000
2.44	1.926000
2.44	1.981000
2.757	1.981000
2.757	1.966000
3.076	1.966000
3.076	2.477000
3.43	2.477000
3.43	2.478000
3.784	2.478000
3.784	2.481000
4.136	2.481000
4.136	1.557000
4.455	1.557000
4.455	1.596000
4.774	1.596000
4.774	1.629000
5.093	1.629000
5.093	2.430000
5.447	2.430000
5.447	2.448000
5.798	2.448000
5.798	2.391000
6.151	2.391000
6.151	2.678000
6.505	2.678000
6.505	2.712000
6.857	2.712000
6.857	2.710000
7.21	2.710000
7.21	2.032000
7.564	2.032000
7.564	1.995000
7.918	1.995000
7.918	2.006000
8.272	2.006000
8.272	2.115000
8.626	2.115000
8.626	2.137000
8.98	2.137000
8.98	2.130000
9.334	2.130000
9.334	2.597000
9.688	2.597000
9.688	2.653000
10.04	2.653000
10.04	2.666000
10.393	2.666000
10.393	2.233000
10.711	2.233000
10.711	2.240000
11.029	2.240000
11.029	2.192000
11.346	2.192000
11.346	1.045000
11.7	1.045000
11.7	1.269000
12.054	1.269000
12.054	1.120000
12.408	1.120000
12.408	2.427000
12.762	2.427000
12.762	2.442000
13.115	2.442000
13.115	2.438000
13.469	2.438000
13.469	1.751000
13.823	1.751000
13.823	1.785000
14.177	1.785000
14.177	1.782000
14.531	1.782000
14.531	2.372000
14.885	2.372000
14.885	2.409000
15.237	2.409000
15.237	2.389000
15.591	2.389000
15.591	2.344000
15.945	2.344000
15.945	2.385000
16.299	2.385000
16.299	2.382000
16.653	2.382000
16.653	2.358000
17.006	2.358000
17.006	2.380000
17.358	2.380000
17.358	2.375000
17.711	2.375000
17.711	2.519000
18.064	2.519000
18.064	2.555000
18.418	2.555000
18.418	2.570000
18.772	2.570000
18.772	2.183000
19.125	2.183000
19.125	2.235000
19.478	2.235000
19.478	2.200000
19.831	2.200000
19.831	2.414000
20.149	2.414000
20.149	2.429000
20.466	2.429000
20.466	2.409000
20.784	2.409000
20.784	2.489000
21.138	2.489000
21.138	2.529000
21.491	2.529000
21.491	2.536000
21.845	2.536000
21.845	1.541000
22.199	1.541000
22.199	1.545000
22.553	1.545000
22.553	1.525000
22.907	1.525000
22.907	1.449000
23.224	1.449000
23.224	1.503000
23.542	1.503000
23.542	1.486000
23.86	1.486000
23.86	2.704000
24.214	2.704000
24.214	2.756000
24.567	2.756000
24.567	2.769000
24.92	2.769000
24.92	2.311000
25.274	2.311000
25.274	2.384000
25.628	2.384000
25.628	2.358000
25.982	2.358000
25.982	1.952000
26.334	1.952000
26.334	1.997000
26.687	1.997000
26.687	2.010000
27.04	2.010000
27.04	2.272000
27.394	2.272000
27.394	2.367000
27.748	2.367000
27.748	2.302000
28.1	2.302000
28.1	1.961000
28.418	1.961000
28.418	2.029000
28.736	2.029000
28.736	1.992000
29.054	1.992000
29.054	2.196000
29.372	2.196000
29.372	2.172000
29.69	2.172000
29.69	2.145000
30.007	2.145000
30.007	9.048000
30.36	9.048000
30.36	9.184000
30.709	9.184000
30.709	9.486000
31.059	9.486000
31.059	1.877000
31.378	1.877000
31.378	1.909000
31.697	1.909000
31.697	1.919000
32.016	1.919000
32.016	2.444000
32.37	2.444000
32.37	2.424000
32.722	2.424000
32.722	2.483000
33.076	2.483000
33.076	2.216000
33.43	2.216000
33.43	2.242000
33.784	2.242000
33.784	2.237000
34.138	2.237000
34.138	1.206000
34.491	1.206000
34.491	1.193000
34.845	1.193000
34.845	1.223000
35.199	1.223000
35.199	1.665000
35.554	1.665000
35.554	1.710000
35.909	1.710000
35.909	1.696000
36.263	1.696000
36.263	2.099000
36.616	2.099000
36.616	2.097000
36.969	2.097000
36.969	2.103000
37.322	2.103000
37.322	2.487000
37.676	2.487000
37.676	2.461000
38.026	2.461000
38.026	2.527000
38.38	2.527000
38.38	2.207000
38.699	2.207000
38.699	2.233000
39.018	2.233000
39.018	2.231000
39.337	2.231000
39.337	2.034000
39.656	2.034000
39.656	1.999000
39.975	1.999000
39.975	1.973000
40.293	1.973000
40.293	2.717000
40.647	2.717000
40.647	2.730000
40.999	2.730000
40.999	2.730000
41.352	2.730000
41.352	2.301000
41.669	2.301000
41.669	2.763000
41.986	2.763000
41.986	2.375000
42.304	2.375000
42.304	2.188000
42.623	2.188000
42.623	2.267000
42.942	2.267000
42.942	2.256000
43.26	2.256000
43.26	2.535000
43.614	2.535000
43.614	2.542000
43.966	2.542000
43.966	2.549000
44.32	2.549000
44.32	2.376000
44.674	2.376000
44.674	2.302000
45.028	2.302000
45.028	2.376000
45.382	2.376000
45.382	2.271000
45.736	2.271000
45.736	2.336000
46.09	2.336000
46.09	2.325000
46.444	2.325000
46.444	1.379000
46.798	1.379000
46.798	1.385000
47.152	1.385000
47.152	1.314000
47.506	1.314000
47.506	2.011000
47.822	2.011000
47.822	2.053000
48.138	2.053000
48.138	2.055000
48.454	2.055000
48.454	2.331000
48.808	2.331000
48.808	2.377000
49.161	2.377000
49.161	2.359000
49.514	2.359000
49.514	1.927000
49.868	1.927000
49.868	1.961000
50.222	1.961000
50.222	1.866000
50.574	1.866000
50.574	2.304000
50.927	2.304000
50.927	2.330000
51.28	2.330000
51.28	2.299000
51.633	2.299000
51.633	2.630000
51.952	2.630000
51.952	2.629000
52.271	2.629000
52.271	2.615000
52.59	2.615000
52.59	5.685000
52.908	5.685000
52.908	6.089000
53.223	6.089000
53.223	6.158000
53.536	6.158000
53.536	2.220000
53.854	2.220000
53.854	2.229000
54.172	2.229000
54.172	2.223000
54.489	2.223000
54.489	1.916000
54.843	1.916000
54.843	1.997000
55.197	1.997000
55.197	2.002000
55.551	2.002000
55.551	1.983000
55.863	1.983000
55.863	1.972000
56.175	1.972000
56.175	1.947000
56.487	1.947000
56.487	2.220000
56.8	2.220000
56.8	2.264000
57.113	2.264000
57.113	2.249000
57.426	2.249000
57.426	2.706000
57.78	2.706000
57.78	2.727000
58.134	2.727000
58.134	2.716000
58.488	2.716000
58.488	2.182000
58.807	2.182000
58.807	2.201000
59.126	2.201000
59.126	2.174000
59.445	2.174000
59.445	2.102000
59.764	2.102000
59.764	2.124000
60.083	2.124000
60.083	2.100000
60.402	2.100000
60.402	2.535000
60.756	2.535000
60.756	2.558000
61.109	2.558000
61.109	2.570000
61.463	2.570000
61.463	2.336000
61.817	2.336000
61.817	2.364000
62.171	2.364000
62.171	2.371000
62.525	2.371000
62.525	1.576000
62.879	1.576000
62.879	1.558000
63.233	1.558000
63.233	1.565000
63.587	1.565000
63.587	2.191000
63.941	2.191000
63.941	2.272000
64.295	2.272000
64.295	2.253000
64.649	2.253000
64.649	2.235000
65.003	2.235000
65.003	2.279000
65.357	2.279000
65.357	2.263000
65.711	2.263000
65.711	2.193000
66.029	2.193000
66.029	2.146000
66.347	2.146000
66.347	2.089000
66.664	2.089000
66.664	2.379000
67.018	2.379000
67.018	2.415000
67.37	2.415000
67.37	2.427000
67.724	2.427000
67.724	1.839000
68.043	1.839000
68.043	1.840000
68.362	1.840000
68.362	1.843000
68.681	1.843000
68.681	1.840000
68.999	1.840000
68.999	1.880000
69.317	1.880000
69.317	1.809000
69.634	1.809000
69.634	2.568000
69.988	2.568000
69.988	2.577000
70.341	2.577000
70.341	2.589000
70.695	2.589000
70.695	1.893000
71.013	1.893000
71.013	1.921000
71.331	1.921000
71.331	1.904000
71.649	1.904000
71.649	1.863000
72.003	1.863000
72.003	1.924000
72.357	1.924000
72.357	1.952000
72.711	1.952000
72.711	2.638000
73.065	2.638000
73.065	2.691000
73.419	2.691000
73.419	2.673000
73.772	2.673000
73.772	2.456000
74.125	2.456000
74.125	2.509000
74.478	2.509000
74.478	2.462000
74.83	2.462000
74.83	2.739000
75.184	2.739000
75.184	2.743000
75.534	2.743000
75.534	2.753000
75.888	2.753000
75.888	2.156000
76.207	2.156000
76.207	2.209000
76.526	2.209000
76.526	2.148000
76.845	2.148000
76.845	1.430000
77.164	1.430000
77.164	1.447000
77.483	1.447000
77.483	1.431000
77.802	1.431000
77.802	1.567000
78.156	1.567000
78.156	1.549000
78.509	1.549000
78.509	1.552000
78.863	1.552000
78.863	2.190000
79.181	2.190000
79.181	2.245000
79.499	2.245000
79.499	2.230000
79.817	2.230000
79.817	2.274000
80.171	2.274000
80.171	2.313000
80.525	2.313000
80.525	2.304000
80.879	2.304000
80.879	2.269000
81.233	2.269000
81.233	2.247000
81.587	2.247000
81.587	2.213000
81.94	2.213000
81.94	1.702000
82.293	1.702000
82.293	1.656000
82.646	1.656000
82.646	1.660000
82.999	1.660000
82.999	1.910000
83.317	1.910000
83.317	1.965000
83.636	1.965000
83.636	1.956000
83.955	1.956000
83.955	2.222000
84.313	2.222000
84.313	2.245000
84.669	2.245000
84.669	2.306000
85.027	2.306000
85.027	2.296000
85.381	2.296000
85.381	2.272000
85.735	2.272000
85.735	2.268000
86.089	2.268000
86.089	1.619000
86.408	1.619000
86.408	1.690000
86.727	1.690000
86.727	1.676000
87.046	1.676000
87.046	2.244000
87.4	2.244000
87.4	2.280000
87.753	2.280000
87.753	2.280000
88.106	2.280000
88.106	1.885000
88.424	1.885000
88.424	1.893000
88.742	1.893000
88.742	1.840000
89.06	1.840000
89.06	1.821000
89.414	1.821000
89.414	1.860000
89.768	1.860000
89.768	1.873000
90.122	1.873000
90.122	2.679000
90.476	2.679000
90.476	2.709000
90.827	2.709000
90.827	2.757000
91.181	2.757000
91.181	2.056000
91.499	2.056000
91.499	2.068000
91.818	2.068000
91.818	2.014000
92.136	2.014000
92.136	2.000000
92.489	2.000000
92.489	2.060000
92.842	2.060000
92.842	2.025000
93.194	2.025000
93.194	2.480000
93.548	2.480000
93.548	2.480000
93.899	2.480000
93.899	2.557000
94.253	2.557000
94.253	1.843000
94.607	1.843000
94.607	1.896000
94.961	1.896000
94.961	1.877000
95.315	1.877000
95.315	1.963000
95.668	1.963000
95.668	1.969000
96.021	1.969000
96.021	1.983000
96.375	1.983000
96.375	1.757000
96.694	1.757000
96.694	1.812000
97.013	1.812000
97.013	1.797000
97.332	1.797000
97.332	1.984000
97.686	1.984000
97.686	2.014000
98.04	2.014000
98.04	1.997000
98.394	1.997000
98.394	2.299000
98.748	2.299000
98.748	2.312000
99.102	2.312000
99.102	2.266000
99.455	2.266000
99.455	2.128000
99.773	2.128000
99.773	2.168000
100.091	2.168000
100.091	2.148000
100.409	2.148000
100.409	2.399000
100.764	2.399000
100.764	2.408000
101.117	2.408000
101.117	2.423000
101.471	2.423000
101.471	2.224000
101.825	2.224000
101.825	2.236000
102.178	2.236000
102.178	2.249000
102.532	2.249000
102.532	1.696000
102.885	1.696000
102.885	1.773000
103.239	1.773000
103.239	1.758000
103.593	1.758000
103.593	2.062000
103.947	2.062000
103.947	2.057000
104.3	2.057000
104.3	2.057000
104.653	2.057000
104.653	2.349000
105.006	2.349000
105.006	2.374000
105.36	2.374000
105.36	2.400000
105.713	2.400000
105.713	4.951000
106.031	4.951000
106.031	4.991000
106.344	4.991000
106.344	5.183000
106.657	5.183000
106.657	2.775000
107.011	2.775000
107.011	2.795000
107.363	2.795000
107.363	2.798000
107.717	2.798000
107.717	2.511000
108.035	2.511000
108.035	2.922000
108.353	2.922000
108.353	2.492000
108.669	2.492000
108.669	1.641000
109.022	1.641000
109.022	1.665000
109.375	1.665000
109.375	1.643000
109.727	1.643000
109.727	2.460000
110.081	2.460000
110.081	2.429000
110.434	2.429000
110.434	2.453000
110.788	2.453000
110.788	2.028000
111.141	2.028000
111.141	2.098000
111.494	2.098000
111.494	2.063000
111.847	2.063000
111.847	2.397000
112.2	2.397000
112.2	2.396000
112.551	2.396000
112.551	2.406000
112.902	2.406000
112.902	2.197000
113.22	2.197000
113.22	2.218000
113.538	2.218000
113.538	2.187000
113.856	2.187000
113.856	2.040000
114.209	2.040000
114.209	2.079000
114.562	2.079000
114.562	2.041000
114.914	2.041000
114.914	1.666000
115.268	1.666000
115.268	1.639000
115.622	1.639000
115.622	1.586000
115.975	1.586000
115.975	2.658000
116.328	2.658000
116.328	2.651000
116.681	2.651000
116.681	2.594000
117.033	2.594000
117.033	1.937000
117.351	1.937000
117.351	1.943000
117.669	1.943000
117.669	1.940000
117.987	1.940000
117.987	2.363000
118.34	2.363000
118.34	2.380000
118.692	2.380000
118.692	2.385000
119.045	2.385000
119.045	2.132000
119.363	2.132000
119.363	2.095000
119.681	2.095000
119.681	2.079000
119.998	2.079000
119.998	1.409000
120.352	1.409000
120.352	1.488000
120.706	1.488000
120.706	1.471000
121.06	1.471000
121.06	2.341000
121.414	2.341000
121.414	2.356000
121.766	2.356000
121.766	2.397000
122.12	2.397000
122.12	2.303000
122.439	2.303000
122.439	2.304000
122.757	2.304000
122.757	2.300000
123.076	2.300000
123.076	2.615000
123.429	2.615000
123.429	2.698000
123.783	2.698000
123.783	2.663000
124.137	2.663000
124.137	2.661000
124.491	2.661000
124.491	2.648000
124.843	2.648000
124.843	2.641000
125.195	2.641000
125.195	2.584000
125.547	2.584000
125.547	2.628000
125.9	2.628000
125.9	2.621000
126.252	2.621000
126.252	2.561000
126.606	2.561000
126.606	2.564000
126.96	2.564000
126.96	2.568000
127.314	2.568000
127.314	2.093000
127.667	2.093000
127.667	2.082000
128.021	2.082000
128.021	2.071000
128.374	2.071000
128.374	1.794000
128.692	1.794000
128.692	1.825000
129.01	1.825000
129.01	1.802000
129.328	1.802000
129.328	1.871000
129.681	1.871000
129.681	1.816000
130.033	1.816000
130.033	1.830000
130.386	1.830000
130.386	2.223000
130.704	2.223000
130.704	2.216000
131.022	2.216000
131.022	2.219000
131.34	2.219000
131.34	2.340000
131.694	2.340000
131.694	2.357000
132.048	2.357000
132.048	2.337000
132.402	2.337000
132.402	2.470000
132.756	2.470000
132.756	2.458000
133.109	2.458000
133.109	2.482000
133.463	2.482000
133.463	2.198000
133.816	2.198000
133.816	2.174000
134.168	2.174000
134.168	2.166000
134.52	2.166000
134.52	2.712000
134.874	2.712000
134.874	2.753000
135.228	2.753000
135.228	2.761000
135.582	2.761000
135.582	1.826000
135.901	1.826000
135.901	1.813000
136.219	1.813000
136.219	1.835000
136.538	1.835000
136.538	2.581000
136.892	2.581000
136.892	2.653000
137.245	2.653000
137.245	2.658000
137.597	2.658000
137.597	2.074000
137.915	2.074000
137.915	2.191000
138.233	2.191000
138.233	2.147000
138.551	2.147000
138.551	2.386000
138.869	2.386000
138.869	2.385000
139.187	2.385000
139.187	2.333000
139.504	2.333000
139.504	2.500000
139.858	2.500000
139.858	2.531000
140.212	2.531000
140.212	2.516000
140.566	2.516000
140.566	1.758000
140.884	1.758000
140.884	1.789000
141.202	1.789000
141.202	1.751000
141.52	1.751000
141.52	1.745000
141.873	1.745000
141.873	1.702000
142.226	1.702000
142.226	1.684000
142.579	1.684000
142.579	2.230000
142.932	2.230000
142.932	2.284000
143.286	2.284000
143.286	2.282000
143.64	2.282000
143.64	2.396000
143.993	2.396000
143.993	2.430000
144.346	2.430000
144.346	2.421000
144.699	2.421000
144.699	2.459000
145.053	2.459000
145.053	2.523000
145.407	2.523000
145.407	2.528000
145.761	2.528000
145.761	2.397000
146.079	2.397000
146.079	2.432000
146.396	2.432000
146.396	2.436000
146.714	2.436000
146.714	2.247000
147.033	2.247000
147.033	2.328000
147.352	2.328000
147.352	2.342000
147.671	2.342000
147.671	2.544000
148.025	2.544000
148.025	2.587000
148.379	2.587000
148.379	2.602000
148.733	2.602000
148.733	1.856000
149.086	1.856000
149.086	1.913000
149.439	1.913000
149.439	1.908000
149.792	1.908000
149.792	2.434000
150.145	2.434000
150.145	2.469000
150.498	2.469000
150.498	2.476000
150.851	2.476000
150.851	2.612000
151.206	2.612000
151.206	2.683000
151.56	2.683000
151.56	2.671000
151.914	2.671000
151.914	2.269000
152.268	2.269000
152.268	2.316000
152.622	2.316000
152.622	2.298000
152.975	2.298000
152.975	2.681000
153.288	2.681000
153.288	2.686000
153.601	2.686000
153.601	2.679000
153.914	2.679000
153.914	2.539000
154.268	2.539000
154.268	2.586000
154.622	2.586000
154.622	2.586000
154.976	2.586000
154.976	2.269000
155.33	2.269000
155.33	2.315000
155.684	2.315000
155.684	2.296000
156.038	2.296000
156.038	2.540000
156.351	2.540000
156.351	2.593000
156.664	2.593000
156.664	2.582000
156.977	2.582000
156.977	2.730000
157.29	2.730000
157.29	2.634000
157.603	2.634000
157.603	2.708000
157.914	2.708000
157.914	1.638000
158.233	1.638000
158.233	1.642000
158.552	1.642000
158.552	1.613000
158.871	1.613000
158.871	1.915000
159.225	1.915000
159.225	1.985000
159.579	1.985000
159.579	1.948000
159.933	1.948000
159.933	2.069000
160.287	2.069000
160.287	2.168000
160.641	2.168000
160.641	2.152000
160.995	2.152000
160.995	2.626000
161.348	2.626000
161.348	2.592000
161.697	2.592000
161.697	2.578000
162.047	2.578000
162.047	2.150000
162.366	2.150000
162.366	2.160000
162.685	2.160000
162.685	2.111000
163.004	2.111000
163.004	2.017000
163.357	2.017000
163.357	2.023000
163.71	2.023000
163.71	2.016000
164.063	2.016000
164.063	2.604000
164.376	2.604000
164.376	2.654000
164.688	2.654000
164.688	2.819000
164.998	2.819000
164.998	0.459000
165.317	0.459000
165.317	1.002000
165.636	1.002000
165.636	1.273000
165.953	1.273000
165.953	2.271000
166.307	2.271000
166.307	2.329000
166.661	2.329000
166.661	2.313000
167.014	2.313000
167.014	2.714000
167.368	2.714000
167.368	2.720000
167.721	2.720000
167.721	2.697000
168.072	2.697000
168.072	1.941000
168.425	1.941000
168.425	2.294000
168.776	2.294000
168.776	1.963000
169.129	1.963000
169.129	2.187000
169.447	2.187000
169.447	2.160000
169.765	2.160000
169.765	2.150000
170.083	2.150000
170.083	2.141000
170.436	2.141000
170.436	2.173000
170.788	2.173000
170.788	2.205000
171.141	2.205000
171.141	2.285000
171.494	2.285000
171.494	2.343000
171.847	2.343000
171.847	2.263000
172.2	2.263000
172.2	2.406000
172.554	2.406000
172.554	2.436000
172.908	2.436000
172.908	2.399000
173.261	2.399000
173.261	2.536000
173.58	2.536000
173.58	2.529000
173.898	2.529000
173.898	2.531000
174.216	2.531000
174.216	1.959000
174.535	1.959000
174.535	1.944000
174.854	1.944000
174.854	1.950000
175.173	1.950000
175.173	2.460000
175.527	2.460000
175.527	2.446000
175.88	2.446000
175.88	2.434000
176.232	2.434000
176.232	2.182000
176.585	2.182000
176.585	2.173000
176.938	2.173000
176.938	2.189000
177.291	2.189000
177.291	1.532000
177.644	1.532000
177.644	1.758000
177.997	1.758000
177.997	1.744000
178.35	1.744000
178.35	1.225000
178.704	1.225000
178.704	1.222000
179.057	1.222000
179.057	1.253000
179.411	1.253000
179.411	1.885000
179.765	1.885000
179.765	1.904000
180.119	1.904000
180.119	1.904000
180.473	1.904000
180.473	2.317000
180.826	2.317000
180.826	2.374000
181.179	2.374000
181.179	2.352000
181.532	2.352000
181.532	2.217000
181.886	2.217000
181.886	2.233000
182.239	2.233000
182.239	2.187000
182.592	2.187000
182.592	2.018000
182.91	2.018000
182.91	2.004000
183.228	2.004000
183.228	2.005000
183.547	2.005000
183.547	2.691000
183.901	2.691000
183.901	2.692000
184.254	2.692000
184.254	2.696000
184.607	2.696000
184.607	2.703000
184.961	2.703000
184.961	2.730000
185.314	2.730000
185.314	2.760000
185.668	2.760000
185.668	2.050000
186.02	2.050000
186.02	2.070000
186.373	2.070000
186.373	2.062000
186.726	2.062000
186.726	2.742000
187.081	2.742000
187.081	2.700000
187.436	2.700000
187.436	2.720000
187.791	2.720000
187.791	2.303000
188.147	2.303000
188.147	2.265000
188.503	2.265000
188.503	2.254000
188.859	2.254000
188.859	2.782000
189.214	2.782000
189.214	2.836000
189.569	2.836000
189.569	2.780000
189.924	2.780000
189.924	2.604000
190.28	2.604000
190.28	2.557000
190.636	2.557000
190.636	2.583000
190.99	2.583000
190.99	2.160000
191.346	2.160000
191.346	2.133000
191.702	2.133000
191.702	2.052000
192.058	2.052000
192.058	2.713000
192.412	2.713000
192.412	2.745000
192.767	2.745000
192.767	2.769000
193.121	2.769000
193.121	2.683000
193.476	2.683000
193.476	2.751000
193.832	2.751000
193.832	2.756000
194.188	2.756000
194.188	2.115000
194.509	2.115000
194.509	2.110000
194.83	2.110000
194.83	2.106000
195.151	2.106000
195.151	2.721000
195.506	2.721000
195.506	2.748000
195.861	2.748000
195.861	2.716000
196.214	2.716000
196.214	2.274000
196.57	2.274000
196.57	2.248000
196.926	2.248000
196.926	2.247000
197.282	2.247000
197.282	2.705000
197.637	2.705000
197.637	2.681000
197.992	2.681000
197.992	2.675000
198.347	2.675000
198.347	2.752000
198.702	2.752000
198.702	2.782000
199.056	2.782000
199.056	2.774000
199.409	2.774000
199.409	2.162000
199.765	2.162000
199.765	2.117000
200.12	2.117000
200.12	2.171000
200.476	2.171000
200.476	2.592000
200.832	2.592000
200.832	2.527000
201.188	2.527000
201.188	2.610000
201.544	2.610000
201.544	2.460000
201.863	2.460000
201.863	2.627000
202.182	2.627000
202.182	2.603000
202.501	2.603000
202.501	2.694000
202.855	2.694000
202.855	2.747000
203.208	2.747000
203.208	2.746000
203.561	2.746000
203.561	2.790000
203.913	2.790000
203.913	2.859000
204.266	2.859000
204.266	2.770000
204.617	2.770000
204.617	2.554000
204.971	2.554000
204.971	2.604000
205.324	2.604000
205.324	2.598000
205.676	2.598000
205.676	2.747000
206.029	2.747000
206.029	2.766000
206.382	2.766000
206.382	2.742000
206.735	2.742000
206.735	2.814000
207.089	2.814000
207.089	2.821000
207.442	2.821000
207.442	2.838000
207.796	2.838000
207.796	2.677000
208.15	2.677000
208.15	2.783000
208.504	2.783000
208.504	2.717000
208.855	2.717000
208.855	2.810000
209.208	2.810000
209.208	2.780000
209.561	2.780000
209.561	2.763000
209.914	2.763000
209.914	2.701000
210.268	2.701000
210.268	2.768000
210.622	2.768000
210.622	2.788000
210.976	2.788000
210.976	2.545000
211.33	2.545000
211.33	2.608000
211.684	2.608000
211.684	2.594000
212.037	2.594000
212.037	2.671000
212.39	2.671000
212.39	2.702000
212.743	2.702000
212.743	2.669000
213.096	2.669000
213.096	2.581000
213.415	2.581000
213.415	2.621000
213.734	2.621000
213.734	2.601000
214.051	2.601000
214.051	2.667000
214.405	2.667000
214.405	2.766000
214.759	2.766000
214.759	2.730000
215.112	2.730000
215.112	2.727000
215.465	2.727000
215.465	2.772000
215.817	2.772000
215.817	2.780000
216.169	2.780000
216.169	2.745000
216.523	2.745000
216.523	2.771000
216.875	2.771000
216.875	2.793000
217.228	2.793000
217.228	2.528000
217.583	2.528000
217.583	2.625000
217.936	2.625000
217.936	2.671000
218.291	2.671000
218.291	2.765000
218.643	2.765000
218.643	2.795000
218.995	2.795000
218.995	2.787000
219.348	2.787000
219.348	2.621000
219.703	2.621000
219.703	2.659000
220.057	2.659000
220.057	2.678000
220.411	2.678000
220.411	2.685000
220.764	2.685000
220.764	2.667000
221.118	2.667000
221.118	2.683000
221.471	2.683000
221.471	2.782000
221.832	2.782000
221.832	2.718000
222.193	2.718000
222.193	2.718000
222.554	2.718000
222.554	2.549000
222.908	2.549000
222.908	2.672000
223.261	2.672000
223.261	2.655000
223.615	2.655000
223.615	2.676000
223.969	2.676000
223.969	2.716000
224.322	2.716000
224.322	2.704000
224.674	2.704000
224.674	2.755000
225.026	2.755000
225.026	2.790000
225.38	2.790000
225.38	2.751000
225.732	2.751000
225.732	2.730000
226.087	2.730000
226.087	2.763000
226.439	2.763000
226.439	2.775000
226.794	2.775000
226.794	2.704000
227.148	2.704000
227.148	2.757000
227.502	2.757000
227.502	2.758000
227.855	2.758000
227.855	2.738000
228.209	2.738000
228.209	2.759000
228.562	2.759000
228.562	2.765000
228.916	2.765000
228.916	2.580000
229.27	2.580000
229.27	2.698000
229.624	2.698000
229.624	2.663000
229.975	2.663000
229.975	2.690000
230.328	2.690000
230.328	2.712000
230.681	2.712000
230.681	2.711000
231.035	2.711000
231.035	2.744000
231.389	2.744000
231.389	2.740000
231.743	2.740000
231.743	2.724000
232.096	2.724000
232.096	2.729000
232.45	2.729000
232.45	2.757000
232.803	2.757000
232.803	2.790000
233.157	2.790000
233.157	2.756000
233.511	2.756000
233.511	2.779000
233.865	2.779000
233.865	2.774000
234.219	2.774000
234.219	2.626000
234.572	2.626000
234.572	2.625000
234.925	2.625000
234.925	2.634000
235.277	2.634000
235.277	1.993000
235.631	1.993000
235.631	2.135000
235.984	2.135000
235.984	2.095000
236.336	2.095000
236.336	2.764000
236.689	2.764000
236.689	2.797000
237.043	2.797000
237.043	2.819000
237.397	2.819000
237.397	2.462000
237.751	2.462000
237.751	2.575000
238.103	2.575000
238.103	2.545000
238.455	2.545000
238.455	2.720000
238.809	2.720000
238.809	2.755000
239.163	2.755000
239.163	2.743000
239.517	2.743000
239.517	2.779000
239.871	2.779000
239.871	2.785000
240.224	2.785000
240.224	2.780000
240.578	2.780000
240.578	2.148000
240.931	2.148000
240.931	2.268000
241.285	2.268000
241.285	2.248000
241.639	2.248000
241.639	2.798000
241.992	2.798000
241.992	2.784000
242.345	2.784000
242.345	2.762000
242.697	2.762000
242.697	2.720000
243.051	2.720000
243.051	2.742000
243.404	2.742000
243.404	2.747000
243.758	2.747000
243.758	2.217000
244.112	2.217000
244.112	2.297000
244.466	2.297000
244.466	2.261000
244.819	2.261000
244.819	2.730000
245.173	2.730000
245.173	2.802000
245.527	2.802000
245.527	2.764000
245.88	2.764000
245.88	2.763000
246.233	2.763000
246.233	2.819000
246.586	2.819000
246.586	2.789000
246.937	2.789000
246.937	2.579000
247.291	2.579000
247.291	2.700000
247.645	2.700000
247.645	2.684000
247.998	2.684000
247.998	2.766000
248.351	2.766000
248.351	2.784000
248.704	2.784000
248.704	2.804000
249.057	2.804000
249.057	2.773000
249.41	2.773000
249.41	2.800000
249.762	2.800000
249.762	2.819000
250.115	2.819000
250.115	2.709000
250.469	2.709000
250.469	2.729000
250.82	2.729000
250.82	2.735000
251.172	2.735000
251.172	2.691000
251.525	2.691000
251.525	2.682000
251.878	2.682000
251.878	2.721000
252.232	2.721000
252.232	2.725000
252.587	2.725000
252.587	2.637000
252.938	2.637000
252.938	2.665000
253.29	2.665000
253.29	2.441000
253.644	2.441000
253.644	2.559000
253.997	2.559000
253.997	2.563000
254.351	2.563000
254.351	2.840000
254.705	2.840000
254.705	2.856000
255.057	2.856000
255.057	2.865000
255.409	2.865000
255.409	2.625000
255.763	2.625000
255.763	2.734000
256.115	2.734000
256.115	2.764000
256.469	2.764000
256.469	2.783000
256.822	2.783000
256.822	2.830000
257.174	2.830000
257.174	2.846000
257.527	2.846000
257.527	2.654000
257.88	2.654000
257.88	2.658000
258.232	2.658000
258.232	2.677000
258.585	2.677000
258.585	2.562000
258.939	2.562000
258.939	2.682000
259.289	2.682000
259.289	2.733000
259.643	2.733000
259.643	2.812000
259.997	2.812000
259.997	2.830000
260.351	2.830000
260.351	2.817000
260.705	2.817000
260.705	2.747000
261.057	2.747000
261.057	2.787000
261.411	2.787000
261.411	2.772000
261.764	2.772000
261.764	2.683000
262.118	2.683000
262.118	2.677000
262.468	2.677000
262.468	2.659000
262.82	2.659000
262.82	2.707000
263.174	2.707000
263.174	2.741000
263.528	2.741000
263.528	2.765000
263.882	2.765000
263.882	2.750000
264.236	2.750000
264.236	2.791000
264.59	2.791000
264.59	2.783000
264.944	2.783000
264.944	2.669000
265.298	2.669000
265.298	2.726000
265.652	2.726000
265.652	2.675000
266.003	2.675000
266.003	2.744000
266.355	2.744000
266.355	2.813000
266.707	2.813000
266.707	2.773000
267.058	2.773000
267.058	2.701000
267.413	2.701000
267.413	2.681000
267.765	2.681000
267.765	2.712000
268.12	2.712000
268.12	2.674000
268.474	2.674000
268.474	2.743000
268.826	2.743000
268.826	2.723000
269.18	2.723000
269.18	2.702000
269.534	2.702000
269.534	2.741000
269.886	2.741000
269.886	2.705000
270.239	2.705000
270.239	2.585000
270.593	2.585000
270.593	2.667000
270.944	2.667000
270.944	2.706000
271.297	2.706000
271.297	2.732000
271.648	2.732000
271.648	2.763000
272.002	2.763000
272.002	2.779000
272.355	2.779000
272.355	2.527000
272.709	2.527000
272.709	2.552000
273.06	2.552000
273.06	2.579000
273.413	2.579000
273.413	2.817000
273.767	2.817000
273.767	2.868000
274.119	2.868000
274.119	2.894000
274.472	2.894000
274.472	2.014000
274.826	2.014000
274.826	2.048000
275.18	2.048000
275.18	2.069000
275.534	2.069000
275.534	2.732000
275.888	2.732000
275.888	2.758000
276.241	2.758000
276.241	2.778000
276.593	2.778000
276.593	2.731000
276.947	2.731000
276.947	2.714000
277.298	2.714000
277.298	2.739000
277.652	2.739000
277.652	2.330000
278.006	2.330000
278.006	2.453000
278.36	2.453000
278.36	2.436000
278.713	2.436000
278.713	2.716000
279.066	2.716000
279.066	2.711000
279.42	2.711000
279.42	2.731000
279.774	2.731000
279.774	2.647000
280.128	2.647000
280.128	2.578000
280.481	2.578000
280.481	2.567000
280.833	2.567000
280.833	2.448000
281.187	2.448000
281.187	2.571000
281.54	2.571000
281.54	2.604000
281.894	2.604000
281.894	2.696000
282.247	2.696000
282.247	2.723000
282.599	2.723000
282.599	2.737000
282.952	2.737000
282.952	2.700000
283.306	2.700000
283.306	2.738000
283.659	2.738000
283.659	2.759000
284.012	2.759000
284.012	2.689000
284.366	2.689000
284.366	2.716000
284.718	2.716000
284.718	2.686000
285.071	2.686000
285.071	5.201000
285.425	5.201000
285.425	5.803000
285.778	5.803000
285.778	5.243000
286.133	5.243000
286.133	2.725000
286.487	2.725000
286.487	2.732000
286.838	2.732000
286.838	2.763000
287.191	2.763000
287.191	2.555000
287.545	2.555000
287.545	2.674000
287.898	2.674000
287.898	2.673000
288.252	2.673000
288.252	2.733000
288.605	2.733000
288.605	3.118000
288.956	3.118000
288.956	2.746000
289.308	2.746000
289.308	2.645000
289.661	2.645000
289.661	2.658000
290.009	2.658000
290.009	2.697000
290.362	2.697000
290.362	2.709000
290.716	2.709000
290.716	2.758000
291.07	2.758000
291.07	2.721000
291.422	2.721000
291.422	2.702000
291.74	2.702000
291.74	2.692000
292.058	2.692000
292.058	2.690000
292.377	2.690000
292.377	2.774000
292.73	2.774000
292.73	2.813000
293.084	2.813000
293.084	2.823000
293.438	2.823000
293.438	4.063000
293.756	4.063000
293.756	3.213000
294.075	3.213000
294.075	8.033000
294.392	8.033000
294.392	7.543000
294.696	7.543000
294.696	8.421000
295.004	8.421000
295.004	2.722000
295.355	2.722000
295.355	2.748000
295.707	2.748000
295.707	2.746000
296.059	2.746000
296.059	2.203000
296.413	2.203000
296.413	2.325000
296.764	2.325000
296.764	2.349000
297.117	2.349000
297.117	2.704000
297.469	2.704000
297.469	2.759000
297.822	2.759000
297.822	2.746000
298.175	2.746000
298.175	2.683000
298.529	2.683000
298.529	2.761000
298.883	2.761000
298.883	2.746000
299.235	2.746000
299.235	2.669000
299.589	2.669000
299.589	2.715000
299.941	2.715000
299.941	2.695000
300.294	2.695000
300.294	2.632000
300.645	2.632000
300.645	2.691000
300.998	2.691000
300.998	2.711000
301.352	2.711000
301.352	2.692000
301.671	2.692000
301.671	2.714000
301.99	2.714000
301.99	2.731000
302.309	2.731000
302.309	2.663000
302.663	2.663000
302.663	2.670000
303.014	2.670000
303.014	2.658000
303.365	2.658000
303.365	2.661000
303.719	2.661000
303.719	2.720000
304.073	2.720000
304.073	2.696000
304.425	2.696000
304.425	2.721000
304.779	2.721000
304.779	2.761000
305.133	2.761000
305.133	2.735000
305.487	2.735000
305.487	2.455000
305.841	2.455000
305.841	2.563000
306.195	2.563000
306.195	2.556000
306.549	2.556000
306.549	2.673000
306.868	2.673000
306.868	2.697000
307.183	2.697000
307.183	2.717000
307.502	2.717000
307.502	2.664000
307.82	2.664000
307.82	2.706000
308.139	2.706000
308.139	2.704000
308.458	2.704000
308.458	2.504000
308.812	2.504000
308.812	2.633000
309.163	2.633000
309.163	2.623000
309.516	2.623000
309.516	2.674000
309.87	2.674000
309.87	2.680000
310.222	2.680000
310.222	2.685000
310.576	2.685000
310.576	2.744000
310.93	2.744000
310.93	2.800000
311.282	2.800000
311.282	2.776000
311.635	2.776000
311.635	2.500000
311.989	2.500000
311.989	2.644000
312.343	2.644000
312.343	2.601000
312.694	2.601000
312.694	2.684000
313.013	2.684000
313.013	2.738000
313.331	2.738000
313.331	2.742000
313.65	2.742000
313.65	2.771000
314.001	2.771000
314.001	2.777000
314.352	2.777000
314.352	2.792000
314.704	2.792000
