0.0	8.430000
0.317	8.430000
0.317	8.351000
0.632	8.351000
0.632	8.391000
0.949	8.391000
0.949	7.474000
1.264	7.474000
1.264	7.543000
1.58	7.543000
1.58	7.502000
1.898	7.502000
1.898	7.766000
2.215	7.766000
2.215	7.703000
2.533	7.703000
2.533	7.793000
2.85	7.793000
2.85	7.250000
3.167	7.250000
3.167	7.219000
3.484	7.219000
3.484	7.249000
3.8	7.249000
3.8	7.949000
4.115	7.949000
4.115	8.002000
4.433	8.002000
4.433	7.944000
4.749	7.944000
4.749	7.008000
5.067	7.008000
5.067	6.988000
5.384	6.988000
5.384	7.045000
5.701	7.045000
5.701	7.827000
6.016	7.827000
6.016	7.865000
6.333	7.865000
6.333	7.835000
6.649	7.835000
6.649	7.353000
6.963	7.353000
6.963	7.372000
7.279	7.372000
7.279	7.404000
7.596	7.404000
7.596	7.972000
7.912	7.972000
7.912	7.969000
8.229	7.969000
8.229	7.951000
8.547	7.951000
8.547	7.485000
8.865	7.485000
8.865	7.545000
9.183	7.545000
9.183	7.509000
9.5	7.509000
9.5	7.582000
9.816	7.582000
9.816	7.521000
10.131	7.521000
10.131	7.587000
10.448	7.587000
10.448	6.613000
10.765	6.613000
10.765	6.584000
11.081	6.584000
11.081	6.651000
11.399	6.651000
11.399	7.753000
11.712	7.753000
11.712	7.653000
12.029	7.653000
12.029	7.598000
12.346	7.598000
12.346	7.495000
12.662	7.495000
12.662	7.579000
12.978	7.579000
12.978	7.464000
13.296	7.464000
13.296	6.918000
13.613	6.918000
13.613	6.840000
13.928	6.840000
13.928	6.939000
14.245	6.939000
14.245	6.787000
14.561	6.787000
14.561	6.845000
14.876	6.845000
14.876	6.760000
15.192	6.760000
15.192	7.471000
15.506	7.471000
15.506	7.484000
15.823	7.484000
15.823	7.509000
16.138	7.509000
16.138	7.068000
16.491	7.068000
16.491	6.944000
16.844	6.944000
16.844	7.044000
17.196	7.044000
17.196	6.785000
17.511	6.785000
17.511	6.805000
17.827	6.805000
17.827	6.786000
18.145	6.786000
18.145	7.687000
18.46	7.687000
18.46	7.693000
18.776	7.693000
18.776	7.681000
19.093	7.681000
19.093	7.144000
19.41	7.144000
19.41	7.212000
19.726	7.212000
19.726	7.323000
20.044	7.323000
20.044	7.016000
20.362	7.016000
20.362	6.938000
20.677	6.938000
20.677	7.003000
20.995	7.003000
20.995	7.676000
21.306	7.676000
21.306	7.724000
21.622	7.724000
21.622	7.663000
21.937	7.663000
21.937	7.581000
22.255	7.581000
22.255	7.567000
22.572	7.567000
22.572	7.649000
22.89	7.649000
22.89	7.562000
23.207	7.562000
23.207	7.482000
23.525	7.482000
23.525	7.490000
23.839	7.490000
23.839	7.895000
24.156	7.895000
24.156	7.897000
24.473	7.897000
24.473	7.845000
24.788	7.845000
24.788	7.180000
25.104	7.180000
25.104	7.183000
25.421	7.183000
25.421	7.117000
25.739	7.117000
25.739	7.094000
26.055	7.094000
26.055	6.997000
26.369	6.997000
26.369	7.065000
26.684	7.065000
26.684	8.495000
27.0	8.495000
27.0	8.509000
27.317	8.509000
27.317	8.478000
27.632	8.478000
27.632	6.828000
27.95	6.828000
27.95	6.828000
28.267	6.828000
28.267	6.836000
28.585	6.836000
28.585	7.216000
28.901	7.216000
28.901	7.143000
29.216	7.143000
29.216	7.266000
29.533	7.266000
29.533	7.924000
29.851	7.924000
29.851	7.925000
30.168	7.925000
30.168	7.927000
30.484	7.927000
30.484	8.440000
30.801	8.440000
30.801	8.371000
31.116	8.371000
31.116	8.408000
31.433	8.408000
31.433	7.170000
31.751	7.170000
31.751	7.174000
32.069	7.174000
32.069	7.110000
32.386	7.110000
32.386	8.103000
32.705	8.103000
32.705	8.220000
33.022	8.220000
33.022	8.245000
33.341	8.245000
33.341	7.484000
33.659	7.484000
33.659	7.444000
33.975	7.444000
33.975	7.520000
34.293	7.520000
34.293	7.407000
34.645	7.407000
34.645	7.347000
34.996	7.347000
34.996	7.447000
35.348	7.447000
35.348	7.574000
35.66	7.574000
35.66	7.586000
35.975	7.586000
35.975	7.654000
36.29	7.654000
36.29	6.870000
36.605	6.870000
36.605	6.893000
36.919	6.893000
36.919	6.908000
37.234	6.908000
37.234	7.472000
37.552	7.472000
37.552	7.547000
37.87	7.547000
37.87	7.456000
38.187	7.456000
38.187	6.854000
38.501	6.854000
38.501	6.893000
38.814	6.893000
38.814	6.873000
39.13	6.873000
39.13	8.019000
39.447	8.019000
39.447	7.899000
39.765	7.899000
39.765	7.918000
40.083	7.918000
40.083	7.934000
40.401	7.934000
40.401	7.950000
40.716	7.950000
40.716	7.956000
41.033	7.956000
41.033	8.046000
41.348	8.046000
41.348	8.065000
41.661	8.065000
41.661	8.031000
41.978	8.031000
41.978	6.738000
42.292	6.738000
42.292	6.789000
42.607	6.789000
42.607	6.713000
42.922	6.713000
42.922	6.688000
43.239	6.688000
43.239	6.670000
43.554	6.670000
43.554	6.676000
43.872	6.676000
43.872	7.032000
44.187	7.032000
44.187	6.990000
44.501	6.990000
44.501	7.054000
44.817	7.054000
44.817	7.182000
45.133	7.182000
45.133	7.312000
45.447	7.312000
45.447	7.129000
45.764	7.129000
45.764	7.974000
46.077	7.974000
46.077	7.893000
46.393	7.893000
46.393	7.917000
46.71	7.917000
46.71	7.147000
47.026	7.147000
47.026	7.132000
47.343	7.132000
47.343	7.148000
47.659	7.148000
47.659	7.436000
47.977	7.436000
47.977	7.540000
48.294	7.540000
48.294	7.485000
48.612	7.485000
48.612	7.329000
48.93	7.329000
48.93	7.339000
49.246	7.339000
49.246	7.367000
49.563	7.367000
49.563	7.773000
49.88	7.773000
49.88	7.787000
50.196	7.787000
50.196	7.766000
50.513	7.766000
50.513	7.167000
50.829	7.167000
50.829	7.107000
51.146	7.107000
51.146	7.110000
51.462	7.110000
51.462	7.553000
51.779	7.553000
51.779	7.538000
52.096	7.538000
52.096	7.542000
52.413	7.542000
52.413	7.088000
52.729	7.088000
52.729	7.077000
53.044	7.077000
53.044	7.057000
53.362	7.057000
53.362	7.162000
53.679	7.162000
53.679	7.142000
53.997	7.142000
53.997	7.169000
54.314	7.169000
54.314	7.921000
54.631	7.921000
54.631	7.851000
54.948	7.851000
54.948	7.964000
55.264	7.964000
55.264	7.821000
55.578	7.821000
55.578	7.848000
55.892	7.848000
55.892	7.861000
56.203	7.861000
56.203	7.103000
56.52	7.103000
56.52	7.126000
56.836	7.126000
56.836	7.311000
57.153	7.311000
57.153	7.589000
57.47	7.589000
57.47	7.564000
57.785	7.564000
57.785	7.548000
58.101	7.548000
58.101	7.440000
58.417	7.440000
58.417	7.528000
58.732	7.528000
58.732	7.492000
59.047	7.492000
59.047	7.244000
59.363	7.244000
59.363	7.285000
59.679	7.285000
59.679	7.325000
59.997	7.325000
59.997	7.604000
60.314	7.604000
60.314	7.531000
60.627	7.531000
60.627	7.497000
60.944	7.497000
60.944	7.354000
61.261	7.354000
61.261	7.361000
61.578	7.361000
61.578	7.293000
61.896	7.293000
61.896	7.598000
62.214	7.598000
62.214	7.695000
62.53	7.695000
62.53	7.609000
62.848	7.609000
62.848	7.566000
63.165	7.566000
63.165	7.550000
63.481	7.550000
63.481	7.557000
63.798	7.557000
63.798	6.996000
64.116	6.996000
64.116	6.956000
64.432	6.956000
64.432	6.973000
64.749	6.973000
64.749	7.256000
65.064	7.256000
65.064	7.238000
65.378	7.238000
65.378	7.269000
65.694	7.269000
65.694	7.571000
66.009	7.571000
66.009	7.574000
66.326	7.574000
66.326	7.547000
66.643	7.547000
66.643	7.079000
66.96	7.079000
66.96	7.867000
67.274	7.867000
67.274	7.082000
67.589	7.082000
67.589	7.677000
67.907	7.677000
67.907	7.603000
68.225	7.603000
68.225	7.658000
68.543	7.658000
68.543	7.191000
68.861	7.191000
68.861	7.162000
69.175	7.162000
69.175	7.201000
69.491	7.201000
69.491	7.250000
69.807	7.250000
69.807	7.306000
70.121	7.306000
70.121	7.207000
70.437	7.207000
70.437	7.687000
70.753	7.687000
70.753	7.633000
71.068	7.633000
71.068	7.711000
71.383	7.711000
71.383	7.535000
71.701	7.535000
71.701	7.512000
72.017	7.512000
72.017	7.508000
72.334	7.508000
72.334	6.854000
72.648	6.854000
72.648	6.868000
72.965	6.868000
72.965	6.915000
73.282	6.915000
73.282	7.670000
73.599	7.670000
73.599	7.660000
73.913	7.660000
73.913	7.649000
74.228	7.649000
74.228	7.383000
74.544	7.383000
74.544	7.385000
74.86	7.385000
74.86	7.364000
75.178	7.364000
75.178	7.345000
75.496	7.345000
75.496	7.314000
75.814	7.314000
75.814	7.261000
76.13	7.261000
76.13	7.414000
76.448	7.414000
76.448	7.474000
76.764	7.474000
76.764	7.486000
77.081	7.486000
77.081	7.448000
77.397	7.448000
77.397	7.438000
77.714	7.438000
77.714	7.457000
78.031	7.457000
78.031	7.409000
78.348	7.409000
78.348	7.401000
78.665	7.401000
78.665	7.510000
78.981	7.510000
78.981	7.357000
79.298	7.357000
79.298	7.412000
79.612	7.412000
79.612	7.291000
79.927	7.291000
79.927	6.828000
80.281	6.828000
80.281	6.571000
80.632	6.571000
80.632	6.851000
80.986	6.851000
80.986	8.835000
81.304	8.835000
81.304	8.673000
81.621	8.673000
81.621	8.678000
81.938	8.678000
81.938	7.187000
82.255	7.187000
82.255	7.447000
82.559	7.447000
82.559	7.195000
82.876	7.195000
82.876	9.162000
83.229	9.162000
83.229	9.607000
83.58	9.607000
83.58	9.278000
83.933	9.278000
83.933	8.339000
84.25	8.339000
84.25	8.337000
84.566	8.337000
84.566	8.314000
84.883	8.314000
84.883	7.172000
85.199	7.172000
85.199	7.124000
85.515	7.124000
85.515	7.199000
85.833	7.199000
85.833	7.825000
86.151	7.825000
86.151	7.825000
86.468	7.825000
86.468	7.857000
86.786	7.857000
86.786	7.604000
87.104	7.604000
87.104	7.845000
87.42	7.845000
87.42	7.602000
87.737	7.602000
87.737	7.655000
88.051	7.655000
88.051	7.858000
88.367	7.858000
88.367	7.706000
88.682	7.706000
88.682	7.407000
88.998	7.407000
88.998	7.439000
89.314	7.439000
89.314	7.630000
89.629	7.630000
89.629	7.253000
89.943	7.253000
89.943	7.337000
90.26	7.337000
90.26	7.192000
90.574	7.192000
90.574	7.375000
90.889	7.375000
90.889	7.480000
91.204	7.480000
91.204	7.427000
91.52	7.427000
91.52	6.544000
91.838	6.544000
91.838	6.558000
92.151	6.558000
92.151	6.568000
92.468	6.568000
92.468	6.964000
92.786	6.964000
92.786	6.938000
93.102	6.938000
93.102	6.955000
93.42	6.955000
93.42	6.869000
93.735	6.869000
93.735	6.812000
94.051	6.812000
94.051	6.872000
94.368	6.872000
94.368	8.069000
94.686	8.069000
94.686	8.133000
95.003	8.133000
95.003	8.126000
95.321	8.126000
95.321	8.032000
95.638	8.032000
95.638	8.003000
95.955	8.003000
95.955	8.059000
96.272	8.059000
96.272	7.102000
96.588	7.102000
96.588	7.595000
96.905	7.595000
96.905	7.194000
97.221	7.194000
97.221	7.515000
97.537	7.515000
97.537	7.498000
97.85	7.498000
97.85	7.540000
98.166	7.540000
98.166	7.816000
98.483	7.816000
98.483	7.806000
98.799	7.806000
98.799	7.844000
99.117	7.844000
99.117	7.310000
99.436	7.310000
99.436	7.300000
99.754	7.300000
99.754	7.340000
100.073	7.340000
100.073	6.992000
100.389	6.992000
100.389	7.018000
100.706	7.018000
100.706	7.018000
101.023	7.018000
101.023	7.853000
101.339	7.853000
101.339	8.127000
101.657	8.127000
101.657	8.023000
101.974	8.023000
101.974	8.191000
102.289	8.191000
102.289	8.157000
102.601	8.157000
102.601	8.205000
102.916	8.205000
102.916	7.479000
103.233	7.479000
103.233	7.536000
103.55	7.536000
103.55	7.594000
103.867	7.594000
103.867	7.370000
104.183	7.370000
104.183	7.394000
104.499	7.394000
104.499	7.383000
104.815	7.383000
104.815	7.314000
105.133	7.314000
105.133	7.328000
105.45	7.328000
105.45	7.313000
105.767	7.313000
105.767	6.993000
106.083	6.993000
106.083	6.978000
106.395	6.978000
106.395	6.971000
106.712	6.971000
106.712	7.485000
107.029	7.485000
107.029	7.509000
107.345	7.509000
107.345	7.397000
107.661	7.397000
107.661	7.692000
107.978	7.692000
107.978	7.516000
108.295	7.516000
108.295	7.783000
108.613	7.783000
108.613	8.093000
108.93	8.093000
108.93	8.060000
109.248	8.060000
109.248	8.093000
109.566	8.093000
109.566	6.637000
109.882	6.637000
109.882	6.633000
110.197	6.633000
110.197	6.615000
110.513	6.615000
110.513	7.070000
110.83	7.070000
110.83	7.012000
111.145	7.012000
111.145	7.049000
111.46	7.049000
111.46	7.653000
111.777	7.653000
111.777	7.628000
112.095	7.628000
112.095	7.681000
112.413	7.681000
112.413	9.478000
112.727	9.478000
112.727	9.477000
113.04	9.477000
113.04	7.719000
113.356	7.719000
113.356	7.499000
113.673	7.499000
113.673	7.694000
113.99	7.694000
113.99	7.593000
114.306	7.593000
114.306	7.612000
114.621	7.612000
114.621	7.575000
114.938	7.575000
114.938	7.169000
115.255	7.169000
115.255	7.248000
115.565	7.248000
115.565	7.223000
115.883	7.223000
115.883	8.026000
116.201	8.026000
116.201	8.174000
116.511	8.174000
116.511	8.096000
116.825	8.096000
116.825	7.787000
117.142	7.787000
117.142	7.797000
117.46	7.797000
117.46	7.749000
117.777	7.749000
117.777	6.780000
118.125	6.780000
118.125	6.545000
118.464	6.545000
118.464	6.905000
118.814	6.905000
118.814	7.856000
119.134	7.856000
119.134	8.058000
119.442	8.058000
119.442	7.885000
119.762	7.885000
119.762	7.609000
120.08	7.609000
120.08	7.597000
120.398	7.597000
120.398	7.567000
120.715	7.567000
120.715	7.725000
121.032	7.725000
121.032	7.670000
121.348	7.670000
121.348	7.701000
121.666	7.701000
121.666	7.412000
121.983	7.412000
121.983	7.305000
122.297	7.305000
122.297	7.389000
122.613	7.389000
122.613	7.390000
122.93	7.390000
122.93	7.405000
123.246	7.405000
123.246	7.399000
123.562	7.399000
123.562	7.789000
123.877	7.789000
123.877	7.792000
124.193	7.792000
124.193	7.769000
124.508	7.769000
124.508	7.711000
124.825	7.711000
124.825	7.786000
125.141	7.786000
125.141	7.715000
125.457	7.715000
125.457	7.332000
125.774	7.332000
125.774	7.414000
126.092	7.414000
126.092	7.304000
126.409	7.304000
126.409	7.475000
126.727	7.475000
126.727	7.461000
127.044	7.461000
127.044	7.478000
127.362	7.478000
127.362	6.465000
127.678	6.465000
127.678	6.457000
127.992	6.457000
127.992	6.439000
128.306	6.439000
128.306	7.722000
128.624	7.722000
128.624	7.661000
128.939	7.661000
128.939	7.650000
129.258	7.650000
129.258	7.228000
129.576	7.228000
129.576	7.292000
129.895	7.292000
129.895	7.188000
130.215	7.188000
130.215	8.095000
130.536	8.095000
130.536	8.132000
130.857	8.132000
130.857	8.131000
131.178	8.131000
131.178	7.780000
131.497	7.780000
131.497	7.830000
131.816	7.830000
131.816	7.791000
132.134	7.791000
132.134	7.772000
132.453	7.772000
132.453	7.739000
132.773	7.739000
132.773	7.773000
133.093	7.773000
133.093	7.972000
133.413	7.972000
133.413	7.947000
133.732	7.947000
133.732	7.913000
134.051	7.913000
134.051	7.727000
134.368	7.727000
134.368	7.762000
134.687	7.762000
134.687	7.760000
135.004	7.760000
135.004	7.681000
135.32	7.681000
135.32	7.810000
135.637	7.810000
135.637	7.698000
135.955	7.698000
135.955	7.175000
136.274	7.175000
136.274	7.645000
136.59	7.645000
136.59	7.195000
136.908	7.195000
136.908	7.516000
137.226	7.516000
137.226	7.359000
137.543	7.359000
137.543	7.464000
137.861	7.464000
137.861	7.730000
138.178	7.730000
138.178	7.724000
138.491	7.724000
138.491	7.702000
138.807	7.702000
138.807	6.911000
139.125	6.911000
139.125	6.867000
139.443	6.867000
139.443	6.851000
139.761	6.851000
139.761	7.009000
140.078	7.009000
140.078	7.067000
140.395	7.067000
140.395	7.056000
140.712	7.056000
140.712	7.897000
141.029	7.897000
141.029	7.876000
141.345	7.876000
141.345	7.977000
141.662	7.977000
141.662	7.170000
141.98	7.170000
141.98	7.141000
142.293	7.141000
142.293	7.199000
142.611	7.199000
142.611	7.661000
142.928	7.661000
142.928	7.555000
143.242	7.555000
143.242	7.612000
143.559	7.612000
143.559	9.061000
143.871	9.061000
143.871	9.192000
144.187	9.192000
144.187	9.077000
144.5	9.077000
144.5	7.363000
144.815	7.363000
144.815	7.327000
145.131	7.327000
145.131	7.273000
145.448	7.273000
145.448	7.298000
145.766	7.298000
145.766	7.283000
146.08	7.283000
146.08	7.294000
146.397	7.294000
146.397	7.410000
146.712	7.410000
146.712	7.406000
147.026	7.406000
147.026	7.385000
147.342	7.385000
147.342	7.566000
147.657	7.566000
147.657	7.595000
147.974	7.595000
147.974	7.652000
148.289	7.652000
148.289	7.139000
148.607	7.139000
148.607	7.141000
148.924	7.141000
148.924	7.044000
149.241	7.044000
149.241	7.211000
149.555	7.211000
149.555	7.189000
149.87	7.189000
149.87	7.215000
150.187	7.215000
150.187	7.131000
150.505	7.131000
150.505	7.159000
150.82	7.159000
150.82	7.130000
151.137	7.130000
151.137	5.452000
151.49	5.452000
151.49	5.546000
151.837	5.546000
151.837	5.445000
152.19	5.445000
152.19	7.684000
152.506	7.684000
152.506	8.274000
152.819	8.274000
152.819	7.682000
153.134	7.682000
153.134	9.286000
153.488	9.286000
153.488	9.204000
153.838	9.204000
153.838	9.394000
154.192	9.394000
154.192	7.520000
154.509	7.520000
154.509	7.522000
154.826	7.522000
154.826	7.477000
155.141	7.477000
155.141	6.864000
155.456	6.864000
155.456	6.919000
155.772	6.919000
155.772	6.894000
156.087	6.894000
156.087	7.115000
156.405	7.115000
156.405	7.023000
156.723	7.023000
156.723	7.105000
157.041	7.105000
157.041	7.434000
157.356	7.434000
157.356	7.364000
157.671	7.364000
157.671	7.323000
157.986	7.323000
157.986	7.554000
158.304	7.554000
158.304	7.654000
158.621	7.654000
158.621	7.547000
158.938	7.547000
158.938	7.274000
159.255	7.274000
159.255	7.282000
159.571	7.282000
159.571	7.247000
159.889	7.247000
159.889	7.200000
160.204	7.200000
160.204	7.263000
160.521	7.263000
160.521	7.182000
160.839	7.182000
160.839	6.721000
161.155	6.721000
161.155	6.808000
161.472	6.808000
161.472	6.716000
161.788	6.716000
161.788	7.030000
162.106	7.030000
162.106	6.975000
162.423	6.975000
162.423	7.043000
162.741	7.043000
162.741	7.237000
163.058	7.237000
163.058	7.060000
163.373	7.060000
163.373	7.209000
163.689	7.209000
163.689	7.723000
164.007	7.723000
164.007	7.778000
164.323	7.778000
164.323	7.725000
164.642	7.725000
164.642	7.977000
164.959	7.977000
164.959	7.970000
165.274	7.970000
165.274	8.070000
165.592	8.070000
165.592	7.456000
165.909	7.456000
165.909	7.855000
166.224	7.855000
166.224	7.428000
166.54	7.428000
166.54	7.429000
166.856	7.429000
166.856	7.448000
167.173	7.448000
167.173	7.460000
167.489	7.460000
167.489	6.943000
167.807	6.943000
167.807	6.884000
168.125	6.884000
168.125	6.849000
168.442	6.849000
168.442	7.702000
168.758	7.702000
168.758	7.740000
169.075	7.740000
169.075	7.764000
169.391	7.764000
169.391	7.250000
169.708	7.250000
169.708	7.810000
170.023	7.810000
170.023	7.348000
170.34	7.348000
170.34	8.976000
170.658	8.976000
170.658	8.780000
170.976	8.780000
170.976	9.014000
171.294	9.014000
171.294	8.294000
171.612	8.294000
171.612	8.346000
171.928	8.346000
171.928	8.369000
172.244	8.369000
172.244	7.312000
172.593	7.312000
172.593	7.452000
172.941	7.452000
172.941	7.337000
173.292	7.337000
173.292	7.071000
173.608	7.071000
173.608	7.070000
173.922	7.070000
173.922	7.131000
174.238	7.131000
174.238	7.380000
174.556	7.380000
174.556	7.347000
174.87	7.347000
174.87	7.334000
175.187	7.334000
175.187	6.990000
175.503	6.990000
175.503	6.970000
175.819	6.970000
175.819	6.965000
176.134	6.965000
176.134	7.522000
176.452	7.522000
176.452	7.538000
176.766	7.538000
176.766	7.556000
177.084	7.556000
177.084	7.306000
177.401	7.306000
177.401	7.384000
177.717	7.384000
177.717	7.298000
178.032	7.298000
178.032	8.232000
178.349	8.232000
178.349	8.260000
178.666	8.260000
178.666	8.339000
178.983	8.339000
178.983	7.412000
179.299	7.412000
179.299	7.305000
179.615	7.305000
179.615	7.389000
179.932	7.389000
179.932	7.596000
180.247	7.596000
180.247	7.733000
180.564	7.733000
180.564	7.573000
180.878	7.573000
180.878	7.115000
181.195	7.115000
181.195	7.299000
181.512	7.299000
181.512	7.127000
181.829	7.127000
181.829	6.897000
182.147	6.897000
182.147	6.904000
182.464	6.904000
182.464	6.908000
182.782	6.908000
182.782	7.801000
183.098	7.801000
183.098	7.784000
183.415	7.784000
183.415	7.777000
183.732	7.777000
183.732	7.166000
184.05	7.166000
184.05	7.112000
184.367	7.112000
184.367	7.206000
184.684	7.206000
184.684	7.448000
185.001	7.448000
185.001	7.556000
185.283	7.556000
185.283	7.393000
185.599	7.393000
185.599	7.422000
185.913	7.422000
185.913	7.487000
186.229	7.487000
186.229	7.385000
186.545	7.385000
186.545	6.720000
186.863	6.720000
186.863	6.611000
187.18	6.611000
187.18	6.644000
187.498	6.644000
187.498	7.620000
187.817	7.620000
187.817	7.677000
188.136	7.677000
188.136	7.657000
188.454	7.657000
188.454	7.145000
188.771	7.145000
188.771	7.176000
189.089	7.176000
189.089	7.146000
189.406	7.146000
189.406	7.543000
189.723	7.543000
189.723	7.476000
190.037	7.476000
190.037	7.547000
190.353	7.547000
190.353	7.042000
190.669	7.042000
190.669	7.121000
190.984	7.121000
190.984	7.181000
191.302	7.181000
191.302	7.089000
191.619	7.089000
191.619	7.115000
191.935	7.115000
191.935	7.049000
192.252	7.049000
192.252	7.172000
192.57	7.172000
192.57	7.167000
192.887	7.167000
192.887	7.147000
193.204	7.147000
193.204	7.779000
193.522	7.779000
193.522	7.738000
193.839	7.738000
193.839	7.806000
194.157	7.806000
194.157	7.797000
194.472	7.797000
194.472	7.798000
194.788	7.798000
194.788	7.794000
195.103	7.794000
195.103	7.957000
195.419	7.957000
195.419	7.888000
195.734	7.888000
195.734	7.936000
196.051	7.936000
196.051	7.116000
196.366	7.116000
196.366	7.905000
196.677	7.905000
196.677	7.219000
196.992	7.219000
196.992	7.285000
197.308	7.285000
197.308	8.953000
197.621	8.953000
197.621	7.327000
197.936	7.327000
197.936	7.505000
198.289	7.505000
198.289	7.574000
198.636	7.574000
198.636	7.528000
198.989	7.528000
198.989	8.370000
199.305	8.370000
199.305	8.598000
199.606	8.598000
199.606	8.327000
199.922	8.327000
199.922	1.726000
200.275	1.726000
200.275	2.515000
200.617	2.515000
200.617	1.753000
200.97	1.753000
200.97	0.927000
201.323	0.927000
201.323	0.792000
201.666	0.792000
201.666	0.836000
202.019	0.836000
202.019	6.916000
202.336	6.916000
202.336	7.773000
202.651	7.773000
202.651	6.885000
202.967	6.885000
202.967	8.368000
203.285	8.368000
203.285	7.810000
203.602	7.810000
203.602	8.382000
203.918	8.382000
203.918	7.328000
204.232	7.328000
204.232	7.267000
204.547	7.267000
204.547	7.320000
204.862	7.320000
204.862	7.605000
205.179	7.605000
205.179	7.595000
205.495	7.595000
205.495	7.654000
205.814	7.654000
205.814	8.058000
206.132	8.058000
206.132	8.077000
206.449	8.077000
206.449	8.035000
206.767	8.035000
206.767	7.215000
207.085	7.215000
207.085	7.172000
207.403	7.172000
207.403	7.121000
207.72	7.121000
207.72	7.463000
208.038	7.463000
208.038	7.425000
208.355	7.425000
208.355	7.428000
208.673	7.428000
208.673	7.431000
208.992	7.431000
208.992	7.403000
209.309	7.403000
209.309	7.426000
209.628	7.426000
209.628	7.479000
209.947	7.479000
209.947	7.430000
210.263	7.430000
210.263	7.416000
210.581	7.416000
210.581	7.754000
210.899	7.754000
210.899	7.898000
211.219	7.898000
211.219	7.804000
211.539	7.804000
211.539	7.289000
211.858	7.289000
211.858	7.352000
212.173	7.352000
212.173	7.287000
212.491	7.287000
212.491	7.827000
212.81	7.827000
212.81	7.812000
213.128	7.812000
213.128	7.833000
213.448	7.833000
213.448	8.633000
213.766	8.633000
213.766	8.605000
214.085	8.605000
214.085	8.642000
214.403	8.642000
214.403	7.887000
214.722	7.887000
214.722	7.867000
215.039	7.867000
215.039	7.864000
215.358	7.864000
215.358	7.704000
215.677	7.704000
215.677	7.640000
215.996	7.640000
215.996	7.691000
216.315	7.691000
216.315	7.970000
216.631	7.970000
216.631	7.770000
216.946	7.770000
216.946	7.940000
217.264	7.940000
217.264	9.837000
217.584	9.837000
217.584	9.870000
217.903	9.870000
217.903	7.781000
218.221	7.781000
218.221	7.860000
218.535	7.860000
218.535	7.817000
218.853	7.817000
218.853	7.415000
219.171	7.415000
219.171	7.424000
219.487	7.424000
219.487	7.451000
219.803	7.451000
219.803	7.347000
220.121	7.347000
220.121	7.317000
220.436	7.317000
220.436	7.366000
220.754	7.366000
220.754	7.758000
221.072	7.758000
221.072	7.765000
221.386	7.765000
221.386	7.821000
221.703	7.821000
221.703	8.442000
222.022	8.442000
222.022	8.297000
222.337	8.297000
222.337	8.343000
222.654	8.343000
222.654	7.921000
222.973	7.921000
222.973	7.876000
223.292	7.876000
223.292	7.917000
223.611	7.917000
223.611	8.382000
223.928	8.382000
223.928	8.376000
224.247	8.376000
224.247	8.371000
224.564	8.371000
224.564	7.858000
224.883	7.858000
224.883	7.842000
225.201	7.842000
225.201	7.898000
225.52	7.898000
225.52	7.646000
225.839	7.646000
225.839	8.800000
226.155	8.800000
226.155	7.559000
226.474	7.559000
226.474	8.731000
226.826	8.731000
226.826	8.962000
227.177	8.962000
227.177	8.678000
227.529	8.678000
227.529	7.452000
227.846	7.452000
227.846	8.147000
228.163	8.147000
228.163	7.536000
228.48	7.536000
228.48	7.986000
228.798	7.986000
228.798	8.191000
229.117	8.191000
229.117	8.023000
229.436	8.023000
229.436	8.218000
229.751	8.218000
229.751	8.292000
230.067	8.292000
230.067	8.233000
230.383	8.233000
230.383	8.344000
230.699	8.344000
230.699	8.357000
231.018	8.357000
231.018	8.270000
231.337	8.270000
231.337	8.425000
231.657	8.425000
231.657	8.421000
231.975	8.421000
231.975	8.383000
232.294	8.383000
232.294	7.432000
232.613	7.432000
232.613	7.485000
232.932	7.485000
232.932	7.523000
233.251	7.523000
233.251	7.850000
233.57	7.850000
233.57	7.769000
233.887	7.769000
233.887	7.824000
234.205	7.824000
234.205	7.603000
234.516	7.603000
234.516	7.597000
234.83	7.597000
234.83	7.620000
235.147	7.620000
235.147	7.329000
235.464	7.329000
235.464	7.259000
235.783	7.259000
235.783	7.266000
236.102	7.266000
236.102	8.558000
236.42	8.558000
236.42	8.656000
236.737	8.656000
236.737	8.621000
237.055	8.621000
237.055	7.211000
237.371	7.211000
237.371	7.169000
237.686	7.169000
237.686	7.269000
238.004	7.269000
238.004	7.335000
238.321	7.335000
238.321	7.350000
238.638	7.350000
238.638	7.276000
238.955	7.276000
238.955	7.350000
239.272	7.350000
239.272	7.377000
239.589	7.377000
239.589	7.369000
239.907	7.369000
239.907	7.763000
240.222	7.763000
240.222	8.747000
240.534	8.747000
240.534	7.782000
240.848	7.782000
240.848	9.699000
241.164	9.699000
241.164	9.759000
241.482	9.759000
241.482	9.681000
241.797	9.681000
241.797	7.596000
242.115	7.596000
242.115	7.590000
242.433	7.590000
242.433	7.572000
242.751	7.572000
242.751	7.797000
243.067	7.797000
243.067	7.875000
243.384	7.875000
243.384	7.831000
243.701	7.831000
243.701	6.962000
244.019	6.962000
244.019	6.901000
244.336	6.901000
244.336	6.925000
244.654	6.925000
244.654	7.123000
244.972	7.123000
244.972	8.576000
245.287	8.576000
245.287	7.093000
245.605	7.093000
245.605	7.494000
245.921	7.494000
245.921	7.471000
246.237	7.471000
246.237	7.452000
246.554	7.452000
246.554	7.974000
246.872	7.974000
246.872	7.910000
247.188	7.910000
247.188	7.989000
247.506	7.989000
247.506	7.952000
247.821	7.952000
247.821	7.963000
248.138	7.963000
248.138	7.973000
248.454	7.973000
248.454	7.233000
248.77	7.233000
248.77	7.290000
249.084	7.290000
249.084	7.291000
249.401	7.291000
249.401	7.911000
249.719	7.911000
249.719	7.863000
250.036	7.863000
250.036	7.940000
250.354	7.940000
250.354	7.706000
250.666	7.706000
250.666	7.789000
250.983	7.789000
250.983	7.741000
251.3	7.741000
251.3	7.683000
251.618	7.683000
251.618	7.687000
251.937	7.687000
251.937	7.678000
252.256	7.678000
252.256	7.428000
252.573	7.428000
252.573	7.374000
252.891	7.374000
252.891	7.440000
253.208	7.440000
253.208	7.962000
253.526	7.962000
253.526	8.105000
253.842	8.105000
253.842	8.003000
254.16	8.003000
254.16	7.572000
254.476	7.572000
254.476	7.572000
254.792	7.572000
254.792	7.560000
255.109	7.560000
255.109	7.876000
255.426	7.876000
255.426	7.924000
255.741	7.924000
255.741	7.876000
256.058	7.876000
256.058	7.403000
256.374	7.403000
256.374	7.474000
256.69	7.474000
256.69	7.401000
257.005	7.401000
257.005	6.897000
257.32	6.897000
257.32	7.335000
257.636	7.335000
257.636	6.886000
257.951	6.886000
257.951	7.793000
258.266	7.793000
258.266	7.772000
258.582	7.772000
258.582	7.786000
258.898	7.786000
258.898	7.744000
259.214	7.744000
259.214	7.734000
259.531	7.734000
259.531	7.739000
259.847	7.739000
259.847	7.390000
260.159	7.390000
260.159	7.398000
260.473	7.398000
260.473	7.381000
260.787	7.381000
260.787	7.263000
261.104	7.263000
261.104	7.283000
261.422	7.283000
261.422	7.266000
261.739	7.266000
261.739	7.877000
262.056	7.877000
262.056	7.984000
262.371	7.984000
262.371	7.880000
262.688	7.880000
262.688	7.158000
263.003	7.158000
263.003	7.205000
263.319	7.205000
263.319	7.236000
263.636	7.236000
263.636	7.809000
263.953	7.809000
263.953	7.783000
264.269	7.783000
264.269	7.820000
264.586	7.820000
264.586	7.751000
264.904	7.751000
264.904	7.737000
265.222	7.737000
265.222	7.757000
265.54	7.757000
265.54	7.392000
265.857	7.392000
265.857	7.462000
266.172	7.462000
266.172	7.479000
266.489	7.479000
266.489	7.152000
266.807	7.152000
266.807	7.212000
267.124	7.212000
267.124	7.208000
267.442	7.208000
267.442	7.740000
267.759	7.740000
267.759	7.746000
268.073	7.746000
268.073	7.749000
268.388	7.749000
268.388	7.652000
268.704	7.652000
268.704	7.680000
269.02	7.680000
269.02	7.665000
269.334	7.665000
269.334	7.519000
269.652	7.519000
269.652	7.537000
269.97	7.537000
269.97	7.515000
270.287	7.515000
270.287	7.400000
270.605	7.400000
270.605	7.363000
270.923	7.363000
270.923	7.427000
271.24	7.427000
271.24	7.728000
271.552	7.728000
271.552	7.776000
271.869	7.776000
271.869	7.747000
272.184	7.747000
272.184	7.810000
272.502	7.810000
272.502	7.857000
272.818	7.857000
272.818	7.789000
273.134	7.789000
273.134	7.686000
273.451	7.686000
273.451	7.692000
273.765	7.692000
273.765	7.694000
274.081	7.694000
274.081	7.422000
274.396	7.422000
274.396	7.536000
274.709	7.536000
274.709	7.344000
275.025	7.344000
275.025	7.373000
275.343	7.373000
275.343	7.361000
275.66	7.361000
275.66	9.220000
275.974	9.220000
275.974	9.566000
276.291	9.566000
276.291	9.242000
276.607	9.242000
276.607	8.000000
276.923	8.000000
276.923	7.968000
277.24	7.968000
277.24	8.030000
277.557	8.030000
277.557	7.393000
277.874	7.393000
277.874	7.330000
278.191	7.330000
278.191	7.319000
278.507	7.319000
278.507	7.730000
278.823	7.730000
278.823	8.052000
279.139	8.052000
279.139	7.745000
279.457	7.745000
279.457	7.275000
279.773	7.275000
279.773	7.276000
280.087	7.276000
280.087	7.296000
280.402	7.296000
280.402	6.803000
280.719	6.803000
280.719	6.712000
281.035	6.712000
281.035	6.755000
281.352	6.755000
281.352	7.574000
281.669	7.574000
281.669	7.592000
281.985	7.592000
281.985	7.560000
282.302	7.560000
282.302	7.602000
282.619	7.602000
282.619	7.657000
282.936	7.657000
282.936	7.609000
283.253	7.609000
283.253	7.230000
283.57	7.230000
283.57	7.228000
283.886	7.228000
283.886	7.225000
284.203	7.225000
284.203	7.691000
284.521	7.691000
284.521	7.694000
284.837	7.694000
284.837	7.636000
285.154	7.636000
285.154	7.510000
285.472	7.510000
285.472	7.564000
285.79	7.564000
285.79	7.510000
286.109	7.510000
286.109	7.469000
286.425	7.469000
286.425	7.500000
286.74	7.500000
286.74	7.532000
287.057	7.532000
287.057	6.998000
287.372	6.998000
287.372	6.965000
287.687	6.965000
287.687	6.919000
288.002	6.919000
288.002	7.860000
288.315	7.860000
288.315	7.931000
288.63	7.931000
288.63	7.920000
288.947	7.920000
288.947	7.867000
289.263	7.867000
289.263	7.839000
289.578	7.839000
289.578	7.823000
289.893	7.823000
289.893	7.455000
290.209	7.455000
290.209	7.471000
290.524	7.471000
290.524	7.434000
290.842	7.434000
290.842	7.358000
291.16	7.358000
291.16	7.293000
291.473	7.293000
291.473	7.323000
291.79	7.323000
291.79	7.590000
292.105	7.590000
292.105	7.634000
292.41	7.634000
292.41	7.781000
292.728	7.781000
292.728	0.964000
293.046	0.964000
293.046	1.376000
293.354	1.376000
293.354	0.966000
293.672	0.966000
293.672	8.477000
293.989	8.477000
293.989	8.462000
294.305	8.462000
294.305	8.439000
294.621	8.439000
294.621	7.877000
294.936	7.877000
294.936	7.883000
295.252	7.883000
295.252	7.861000
295.568	7.861000
295.568	8.171000
295.885	8.171000
295.885	8.280000
296.2	8.280000
296.2	8.234000
296.517	8.234000
296.517	7.398000
296.835	7.398000
296.835	7.348000
297.15	7.348000
297.15	7.388000
297.468	7.388000
297.468	7.405000
297.784	7.405000
297.784	7.400000
298.1	7.400000
298.1	7.395000
298.416	7.395000
298.416	7.036000
298.733	7.036000
298.733	7.010000
299.05	7.010000
299.05	7.029000
299.367	7.029000
299.367	6.972000
299.683	6.972000
299.683	6.892000
299.999	6.892000
299.999	6.952000
300.316	6.952000
300.316	7.160000
300.632	7.160000
300.632	7.197000
300.947	7.197000
300.947	7.216000
301.262	7.216000
301.262	8.130000
301.58	8.130000
301.58	8.099000
301.896	8.099000
301.896	8.081000
302.214	8.081000
302.214	7.113000
302.532	7.113000
302.532	7.172000
302.849	7.172000
302.849	7.147000
303.166	7.147000
303.166	7.136000
303.483	7.136000
303.483	7.158000
303.799	7.158000
303.799	7.178000
304.114	7.178000
304.114	7.570000
304.431	7.570000
304.431	7.678000
304.749	7.678000
304.749	7.543000
305.066	7.543000
305.066	7.027000
305.382	7.027000
305.382	7.107000
305.697	7.107000
305.697	6.955000
306.015	6.955000
306.015	6.946000
306.332	6.946000
306.332	6.970000
306.65	6.970000
306.65	6.966000
306.968	6.966000
306.968	7.640000
307.286	7.640000
307.286	7.657000
307.603	7.657000
307.603	7.553000
307.92	7.553000
