0.0	7.920000
0.318	7.920000
0.318	7.883000
0.637	7.883000
0.637	7.968000
0.954	7.968000
0.954	7.596000
1.274	7.596000
1.274	7.619000
1.594	7.619000
1.594	7.623000
1.911	7.623000
1.911	6.945000
2.23	6.945000
2.23	6.744000
2.548	6.744000
2.548	7.115000
2.865	7.115000
2.865	7.597000
3.219	7.597000
3.219	7.696000
3.573	7.696000
3.573	7.701000
3.927	7.701000
3.927	6.436000
4.246	6.436000
4.246	6.272000
4.565	6.272000
4.565	6.403000
4.882	6.403000
4.882	8.051000
5.2	8.051000
5.2	7.962000
5.518	7.962000
5.518	7.698000
5.836	7.698000
5.836	7.270000
6.154	7.270000
6.154	7.298000
6.472	7.298000
6.472	7.138000
6.79	7.138000
6.79	8.297000
7.105	8.297000
7.105	8.390000
7.424	8.390000
7.424	8.100000
7.743	8.100000
7.743	6.568000
8.061	6.568000
8.061	6.480000
8.378	6.480000
8.378	6.359000
8.696	6.359000
8.696	7.278000
9.015	7.278000
9.015	7.457000
9.334	7.457000
9.334	7.274000
9.653	7.274000
9.653	6.324000
9.971	6.324000
9.971	6.367000
10.288	6.367000
10.288	6.618000
10.605	6.618000
10.605	7.422000
10.923	7.422000
10.923	7.150000
11.242	7.150000
11.242	7.434000
11.561	7.434000
11.561	7.607000
11.878	7.607000
11.878	7.288000
12.197	7.288000
12.197	7.367000
12.515	7.367000
12.515	7.315000
12.833	7.315000
12.833	7.224000
13.151	7.224000
13.151	7.119000
13.467	7.119000
13.467	6.597000
13.786	6.597000
13.786	6.664000
14.104	6.664000
14.104	6.810000
14.423	6.810000
14.423	7.111000
14.742	7.111000
14.742	7.278000
15.061	7.278000
15.061	7.203000
15.378	7.203000
15.378	7.824000
15.696	7.824000
15.696	7.902000
16.013	7.902000
16.013	7.777000
16.328	7.777000
16.328	7.764000
16.645	7.764000
16.645	7.808000
16.963	7.808000
16.963	7.310000
17.281	7.310000
17.281	7.264000
17.599	7.264000
17.599	7.280000
17.918	7.280000
17.918	7.417000
18.236	7.417000
18.236	6.871000
18.554	6.871000
18.554	7.142000
18.872	7.142000
18.872	6.952000
19.189	6.952000
19.189	6.602000
19.506	6.602000
19.506	6.294000
19.824	6.294000
19.824	6.426000
20.14	6.426000
20.14	7.419000
20.459	7.419000
20.459	7.352000
20.778	7.352000
20.778	7.187000
21.097	7.187000
21.097	7.267000
21.415	7.267000
21.415	7.366000
21.733	7.366000
21.733	7.158000
22.051	7.158000
22.051	6.434000
22.37	6.434000
22.37	6.568000
22.689	6.568000
22.689	6.549000
23.006	6.549000
23.006	7.091000
23.324	7.091000
23.324	6.945000
23.641	6.945000
23.641	7.057000
23.958	7.057000
23.958	7.145000
24.276	7.145000
24.276	7.281000
24.593	7.281000
24.593	7.204000
24.91	7.204000
24.91	9.047000
25.227	9.047000
25.227	9.060000
25.545	9.060000
25.545	8.623000
25.86	8.623000
25.86	6.165000
26.179	6.165000
26.179	6.418000
26.498	6.418000
26.498	6.220000
26.817	6.220000
26.817	7.594000
27.134	7.594000
27.134	7.816000
27.452	7.816000
27.452	7.548000
27.77	7.548000
27.77	7.042000
28.088	7.042000
28.088	6.866000
28.405	6.866000
28.405	6.953000
28.722	6.953000
28.722	6.590000
29.04	6.590000
29.04	6.410000
29.355	6.410000
29.355	6.665000
29.671	6.665000
29.671	7.086000
29.987	7.086000
29.987	7.329000
30.305	7.329000
30.305	7.217000
30.622	7.217000
30.622	6.268000
30.939	6.268000
30.939	6.222000
31.257	6.222000
31.257	6.204000
31.573	6.204000
31.573	7.644000
31.892	7.644000
31.892	7.688000
32.21	7.688000
32.21	7.591000
32.528	7.591000
32.528	7.095000
32.846	7.095000
32.846	7.196000
33.164	7.196000
33.164	7.329000
33.482	7.329000
33.482	6.577000
33.8	6.577000
33.8	6.823000
34.118	6.823000
34.118	6.583000
34.433	6.583000
34.433	7.823000
34.787	7.823000
34.787	8.030000
35.141	8.030000
35.141	7.761000
35.488	7.761000
35.488	7.419000
35.806	7.419000
35.806	7.281000
36.124	7.281000
36.124	7.358000
36.442	7.358000
36.442	6.810000
36.76	6.810000
36.76	6.814000
37.076	6.814000
37.076	6.951000
37.39	6.951000
37.39	7.061000
37.708	7.061000
37.708	7.241000
38.026	7.241000
38.026	6.956000
38.344	6.956000
38.344	7.511000
38.661	7.511000
38.661	7.691000
38.979	7.691000
38.979	7.783000
39.295	7.783000
39.295	6.409000
39.608	6.409000
39.608	6.276000
39.925	6.276000
39.925	6.322000
40.242	6.322000
40.242	7.595000
40.559	7.595000
40.559	7.586000
40.879	7.586000
40.879	7.601000
41.198	7.601000
41.198	8.251000
41.515	8.251000
41.515	8.093000
41.833	8.093000
41.833	8.212000
42.15	8.212000
42.15	6.523000
42.467	6.523000
42.467	6.633000
42.785	6.633000
42.785	6.480000
43.103	6.480000
43.103	8.665000
43.422	8.665000
43.422	8.577000
43.741	8.577000
43.741	8.464000
44.054	8.464000
44.054	7.789000
44.372	7.789000
44.372	7.851000
44.69	7.851000
44.69	7.764000
45.007	7.764000
45.007	7.050000
45.325	7.050000
45.325	6.894000
45.644	6.894000
45.644	7.237000
45.96	7.237000
45.96	7.144000
46.278	7.144000
46.278	7.015000
46.597	7.015000
46.597	7.056000
46.915	7.056000
46.915	7.054000
47.234	7.054000
47.234	7.240000
47.553	7.240000
47.553	7.293000
47.871	7.293000
47.871	6.890000
48.187	6.890000
48.187	7.128000
48.505	7.128000
48.505	6.925000
48.821	6.925000
48.821	7.163000
49.137	7.163000
49.137	7.304000
49.454	7.304000
49.454	7.339000
49.771	7.339000
49.771	7.381000
50.088	7.381000
50.088	7.524000
50.405	7.524000
50.405	7.393000
50.722	7.393000
50.722	8.617000
51.041	8.617000
51.041	8.836000
51.36	8.836000
51.36	8.451000
51.678	8.451000
51.678	7.840000
51.997	7.840000
51.997	7.419000
52.315	7.419000
52.315	7.790000
52.633	7.790000
52.633	7.378000
52.986	7.378000
52.986	7.504000
53.339	7.504000
53.339	7.712000
53.69	7.712000
53.69	6.646000
54.008	6.646000
54.008	6.640000
54.326	6.640000
54.326	6.555000
54.643	6.555000
54.643	6.892000
54.936	6.892000
54.936	7.029000
55.229	7.029000
55.229	6.995000
55.521	6.995000
55.521	7.465000
55.838	7.465000
55.838	7.564000
56.156	7.564000
56.156	7.575000
56.474	7.575000
56.474	7.101000
56.793	7.101000
56.793	7.188000
57.111	7.188000
57.111	7.222000
57.429	7.222000
57.429	7.426000
57.746	7.426000
57.746	7.424000
58.064	7.424000
58.064	7.301000
58.381	7.301000
58.381	7.637000
58.699	7.637000
58.699	8.071000
59.017	8.071000
59.017	7.919000
59.335	7.919000
59.335	6.441000
59.654	6.441000
59.654	6.334000
59.973	6.334000
59.973	6.817000
60.292	6.817000
60.292	6.704000
60.61	6.704000
60.61	6.677000
60.928	6.677000
60.928	6.676000
61.245	6.676000
61.245	7.639000
61.563	7.639000
61.563	7.850000
61.881	7.850000
61.881	8.082000
62.198	8.082000
62.198	8.135000
62.516	8.135000
62.516	8.328000
62.835	8.328000
62.835	8.318000
63.154	8.318000
63.154	6.803000
63.469	6.803000
63.469	6.406000
63.787	6.406000
63.787	6.570000
64.103	6.570000
64.103	7.674000
64.456	7.674000
64.456	7.922000
64.807	7.922000
64.807	7.592000
65.16	7.592000
65.16	7.088000
65.479	7.088000
65.479	6.900000
65.798	6.900000
65.798	7.276000
66.115	7.276000
66.115	8.077000
66.434	8.077000
66.434	8.281000
66.753	8.281000
66.753	8.328000
67.072	8.328000
67.072	7.899000
67.39	7.899000
67.39	7.962000
67.708	7.962000
67.708	7.960000
68.025	7.960000
68.025	9.182000
68.343	9.182000
68.343	9.078000
68.659	9.078000
68.659	9.067000
68.976	9.067000
68.976	6.751000
69.293	6.751000
69.293	6.779000
69.612	6.779000
69.612	7.300000
69.93	7.300000
69.93	6.640000
70.249	6.640000
70.249	7.143000
70.568	7.143000
70.568	7.080000
70.884	7.080000
70.884	9.584000
71.201	9.584000
71.201	9.559000
71.519	9.559000
71.519	9.625000
71.833	9.625000
71.833	7.502000
72.152	7.502000
72.152	7.810000
72.471	7.810000
72.471	7.471000
72.79	7.471000
72.79	7.580000
73.108	7.580000
73.108	7.891000
73.426	7.891000
73.426	7.733000
73.742	7.733000
73.742	7.454000
74.06	7.454000
74.06	7.304000
74.379	7.304000
74.379	7.361000
74.698	7.361000
74.698	7.202000
75.015	7.202000
75.015	6.888000
75.334	6.888000
75.334	7.251000
75.652	7.251000
75.652	8.902000
75.967	8.902000
75.967	8.675000
76.285	8.675000
76.285	8.766000
76.602	8.766000
76.602	6.662000
76.92	6.662000
76.92	6.387000
77.239	6.387000
77.239	6.504000
77.557	6.504000
77.557	8.708000
77.875	8.708000
77.875	8.837000
78.193	8.837000
78.193	8.934000
78.511	8.934000
78.511	7.955000
78.831	7.955000
78.831	7.836000
79.151	7.836000
79.151	8.100000
79.473	8.100000
79.473	7.447000
79.791	7.447000
79.791	7.427000
80.109	7.427000
80.109	7.603000
80.427	7.603000
80.427	8.070000
80.739	8.070000
80.739	7.619000
81.057	7.619000
81.057	7.765000
81.373	7.765000
81.373	7.627000
81.726	7.627000
81.726	7.708000
82.079	7.708000
82.079	7.728000
82.429	7.728000
82.429	7.699000
82.782	7.699000
82.782	7.631000
83.135	7.631000
83.135	7.978000
83.485	7.978000
83.485	7.440000
83.802	7.440000
83.802	7.146000
84.12	7.146000
84.12	7.679000
84.436	7.679000
84.436	9.284000
84.755	9.284000
84.755	9.420000
85.074	9.420000
85.074	8.998000
85.393	8.998000
85.393	6.715000
85.71	6.715000
85.71	6.887000
86.028	6.887000
86.028	6.568000
86.345	6.568000
86.345	6.691000
86.662	6.691000
86.662	6.239000
86.98	6.239000
86.98	6.206000
87.298	6.206000
87.298	8.178000
87.651	8.178000
87.651	8.149000
88.005	8.149000
88.005	8.066000
88.358	8.066000
88.358	7.784000
88.707	7.784000
88.707	7.746000
89.061	7.746000
89.061	7.651000
89.415	7.651000
89.415	8.234000
89.733	8.234000
89.733	8.547000
90.051	8.547000
90.051	8.470000
90.368	8.470000
90.368	8.611000
90.687	8.611000
90.687	8.521000
91.006	8.521000
91.006	8.476000
91.324	8.476000
91.324	9.683000
91.642	9.683000
91.642	9.647000
91.961	9.647000
91.961	9.712000
92.278	9.712000
92.278	9.176000
92.596	9.176000
92.596	9.409000
92.914	9.409000
92.914	9.368000
93.231	9.368000
93.231	8.338000
93.55	8.338000
93.55	8.097000
93.868	8.097000
93.868	8.039000
94.182	8.039000
94.182	6.854000
94.499	6.854000
94.499	6.613000
94.817	6.613000
94.817	6.517000
95.133	6.517000
95.133	9.019000
95.449	9.019000
95.449	9.002000
95.767	9.002000
95.767	9.022000
96.085	9.022000
96.085	9.854000
96.404	9.854000
96.404	7.544000
96.722	7.544000
96.722	7.585000
97.04	7.585000
97.04	7.357000
97.358	7.357000
97.358	6.410000
97.676	6.410000
97.676	6.555000
97.994	6.555000
97.994	6.538000
98.312	6.538000
98.312	7.589000
98.629	7.589000
98.629	7.224000
98.947	7.224000
98.947	7.494000
99.264	7.494000
99.264	8.709000
99.583	8.709000
99.583	8.747000
99.902	8.747000
99.902	8.675000
100.218	8.675000
100.218	7.304000
100.536	7.304000
100.536	7.446000
100.855	7.446000
100.855	7.217000
101.173	7.217000
101.173	6.647000
101.492	6.647000
101.492	6.582000
101.811	6.582000
101.811	6.616000
102.129	6.616000
102.129	7.241000
102.449	7.241000
102.449	7.230000
102.769	7.230000
102.769	7.373000
103.086	7.373000
103.086	7.455000
103.405	7.455000
103.405	7.509000
103.724	7.509000
103.724	7.532000
104.043	7.532000
104.043	7.717000
104.36	7.717000
104.36	7.736000
104.678	7.736000
104.678	7.834000
104.996	7.834000
104.996	8.856000
105.315	8.856000
105.315	8.900000
105.634	8.900000
105.634	8.745000
105.952	8.745000
105.952	8.038000
106.271	8.038000
106.271	8.026000
106.59	8.026000
106.59	8.027000
106.909	8.027000
106.909	9.506000
107.228	9.506000
107.228	9.666000
107.548	9.666000
107.548	9.447000
107.868	9.447000
107.868	9.365000
108.187	9.365000
108.187	9.398000
108.506	9.398000
108.506	9.210000
108.822	9.210000
108.822	7.168000
109.137	7.168000
109.137	7.234000
109.454	7.234000
109.454	7.254000
109.772	7.254000
109.772	7.271000
110.09	7.271000
110.09	7.131000
110.408	7.131000
110.408	7.027000
110.725	7.027000
110.725	8.367000
111.043	8.367000
111.043	8.366000
111.361	8.366000
111.361	8.196000
111.677	8.196000
111.677	7.780000
111.995	7.780000
111.995	8.053000
112.313	8.053000
112.313	7.896000
112.631	7.896000
112.631	8.917000
112.949	8.917000
112.949	9.014000
113.268	9.014000
113.268	8.745000
113.587	8.745000
113.587	5.850000
113.905	5.850000
113.905	5.890000
114.223	5.890000
114.223	6.152000
114.541	6.152000
114.541	9.242000
114.859	9.242000
114.859	9.376000
115.177	9.376000
115.177	9.219000
115.493	9.219000
115.493	7.049000
115.812	7.049000
115.812	6.946000
116.13	6.946000
116.13	7.136000
116.448	7.136000
116.448	8.878000
116.767	8.878000
116.767	9.160000
117.086	9.160000
117.086	9.266000
117.404	9.266000
117.404	6.806000
117.72	6.806000
117.72	6.785000
118.038	6.785000
118.038	6.727000
118.354	6.727000
118.354	8.304000
118.672	8.304000
118.672	8.513000
118.99	8.513000
118.99	8.322000
119.308	8.322000
119.308	6.971000
119.625	6.971000
119.625	7.049000
119.943	7.049000
119.943	6.945000
120.261	6.945000
120.261	8.870000
120.578	8.870000
120.578	8.785000
120.896	8.785000
120.896	8.829000
121.215	8.829000
121.215	7.375000
121.532	7.375000
121.532	7.563000
121.85	7.563000
121.85	7.259000
122.168	7.259000
122.168	6.853000
122.486	6.853000
122.486	6.928000
122.803	6.928000
122.803	6.932000
123.119	6.932000
123.119	8.545000
123.438	8.545000
123.438	8.431000
123.757	8.431000
123.757	8.387000
124.074	8.387000
124.074	7.905000
124.391	7.905000
124.391	7.987000
124.709	7.987000
124.709	8.010000
125.026	8.010000
125.026	8.134000
125.345	8.134000
125.345	8.385000
125.664	8.385000
125.664	8.121000
125.981	8.121000
125.981	6.419000
126.299	6.419000
126.299	6.555000
126.616	6.555000
126.616	6.467000
126.932	6.467000
126.932	6.922000
127.25	6.922000
127.25	7.083000
127.568	7.083000
127.568	7.027000
127.885	7.027000
127.885	6.436000
128.203	6.436000
128.203	6.428000
128.521	6.428000
128.521	6.507000
128.838	6.507000
128.838	6.714000
129.157	6.714000
129.157	6.835000
129.476	6.835000
129.476	6.929000
129.795	6.929000
129.795	7.506000
130.113	7.506000
130.113	7.484000
130.431	7.484000
130.431	7.639000
130.749	7.639000
130.749	7.043000
131.065	7.043000
131.065	6.947000
131.383	6.947000
131.383	7.141000
131.701	7.141000
131.701	8.539000
132.019	8.539000
132.019	8.394000
132.337	8.394000
132.337	8.284000
132.655	8.284000
132.655	7.956000
132.972	7.956000
132.972	8.018000
133.291	8.018000
133.291	8.137000
133.608	8.137000
133.608	7.082000
133.961	7.082000
133.961	7.045000
134.314	7.045000
134.314	7.016000
134.665	7.016000
134.665	6.962000
134.982	6.962000
134.982	6.973000
135.3	6.973000
135.3	7.005000
135.618	7.005000
135.618	6.392000
135.937	6.392000
135.937	6.625000
136.255	6.625000
136.255	6.283000
136.574	6.283000
136.574	6.882000
136.894	6.882000
136.894	7.084000
137.213	7.084000
137.213	6.988000
137.532	6.988000
137.532	6.967000
137.85	6.967000
137.85	7.131000
138.168	7.131000
138.168	6.931000
138.486	6.931000
138.486	7.266000
138.805	7.266000
138.805	7.268000
139.124	7.268000
139.124	7.578000
139.443	7.578000
139.443	8.060000
139.797	8.060000
139.797	8.271000
140.151	8.271000
140.151	7.864000
140.505	7.864000
140.505	8.228000
140.824	8.228000
140.824	8.282000
141.143	8.282000
141.143	8.129000
141.462	8.129000
141.462	7.972000
141.816	7.972000
141.816	7.882000
142.17	7.882000
142.17	7.796000
142.523	7.796000
142.523	8.665000
142.842	8.665000
142.842	8.636000
143.161	8.636000
143.161	8.484000
143.479	8.484000
143.479	7.071000
143.798	7.071000
143.798	6.867000
144.117	6.867000
144.117	7.022000
144.435	7.022000
144.435	6.890000
144.752	6.890000
144.752	6.900000
145.069	6.900000
145.069	6.586000
145.387	6.586000
145.387	6.455000
145.704	6.455000
145.704	6.330000
146.022	6.330000
146.022	6.585000
146.339	6.585000
146.339	8.354000
146.658	8.354000
146.658	8.196000
146.977	8.196000
146.977	8.261000
147.293	8.261000
147.293	7.572000
147.611	7.572000
147.611	7.602000
147.928	7.602000
147.928	7.650000
148.246	7.650000
148.246	6.763000
148.524	6.763000
148.524	6.741000
148.802	6.741000
148.802	7.053000
149.08	7.053000
149.08	6.807000
149.398	6.807000
149.398	6.843000
149.716	6.843000
149.716	6.841000
150.033	6.841000
150.033	7.025000
150.35	7.025000
150.35	7.247000
150.668	7.247000
150.668	7.036000
150.985	7.036000
150.985	9.457000
151.304	9.457000
151.304	9.249000
151.623	9.249000
151.623	9.124000
151.94	9.124000
151.94	7.537000
152.258	7.537000
152.258	7.217000
152.575	7.217000
152.575	7.262000
152.894	7.262000
152.894	7.450000
153.248	7.450000
153.248	7.629000
153.602	7.629000
153.602	7.356000
153.955	7.356000
153.955	7.897000
154.274	7.897000
154.274	7.942000
154.593	7.942000
154.593	7.788000
154.911	7.788000
154.911	6.767000
155.229	6.767000
155.229	6.735000
155.547	6.735000
155.547	6.863000
155.864	6.863000
155.864	7.101000
156.183	7.101000
156.183	7.636000
156.502	7.636000
156.502	7.529000
156.819	7.529000
156.819	8.646000
157.173	8.646000
157.173	8.592000
157.527	8.592000
157.527	8.482000
157.881	8.482000
157.881	8.437000
158.2	8.437000
158.2	8.766000
158.519	8.766000
158.519	8.299000
158.836	8.299000
158.836	8.269000
159.114	8.269000
159.114	8.529000
159.391	8.529000
159.391	8.380000
159.668	8.380000
159.668	8.146000
159.986	8.146000
159.986	8.176000
160.303	8.176000
160.303	8.434000
160.621	8.434000
160.621	6.744000
160.939	6.744000
160.939	6.617000
161.257	6.617000
161.257	6.679000
161.575	6.679000
161.575	7.359000
161.894	7.359000
161.894	7.447000
162.212	7.447000
162.212	7.496000
162.529	7.496000
162.529	6.546000
162.846	6.546000
162.846	6.756000
163.164	6.756000
163.164	6.557000
163.48	6.557000
163.48	6.339000
163.798	6.339000
163.798	6.322000
164.116	6.322000
164.116	6.326000
164.435	6.326000
164.435	7.284000
164.753	7.284000
164.753	7.340000
165.071	7.340000
165.071	7.562000
165.387	7.562000
165.387	8.878000
165.741	8.878000
165.741	8.929000
166.095	8.929000
166.095	8.533000
166.449	8.533000
166.449	8.405000
166.768	8.405000
166.768	8.374000
167.086	8.374000
167.086	8.502000
167.402	8.502000
167.402	9.772000
167.721	9.772000
167.721	9.953000
168.04	9.953000
168.04	9.595000
168.359	9.595000
168.359	7.305000
168.676	7.305000
168.676	7.509000
168.994	7.509000
168.994	7.408000
169.312	7.408000
169.312	7.451000
169.631	7.451000
169.631	7.436000
169.95	7.436000
169.95	7.380000
170.267	7.380000
170.267	8.203000
170.585	8.203000
170.585	8.403000
170.904	8.403000
170.904	8.034000
171.223	8.034000
171.223	8.673000
171.577	8.673000
171.577	8.482000
171.931	8.482000
171.931	8.303000
172.285	8.303000
172.285	7.522000
172.603	7.522000
172.603	7.239000
172.922	7.239000
172.922	7.279000
173.24	7.279000
173.24	9.651000
173.594	9.651000
173.594	9.517000
173.948	9.517000
173.948	9.187000
174.302	9.187000
174.302	6.901000
174.621	6.901000
174.621	6.834000
174.94	6.834000
174.94	6.967000
175.258	6.967000
175.258	7.198000
175.575	7.198000
175.575	7.100000
175.893	7.100000
175.893	7.028000
176.21	7.028000
176.21	7.819000
176.528	7.819000
176.528	7.862000
176.845	7.862000
176.845	8.015000
177.163	8.015000
177.163	8.735000
177.482	8.735000
177.482	8.805000
177.801	8.805000
177.801	8.358000
178.119	8.358000
178.119	7.154000
178.437	7.154000
178.437	6.857000
178.754	6.857000
178.754	6.986000
179.072	6.986000
179.072	8.928000
179.388	8.928000
179.388	9.151000
179.704	9.151000
179.704	9.098000
180.02	9.098000
180.02	9.612000
180.338	9.612000
180.338	9.471000
180.657	9.471000
180.657	9.322000
180.976	9.322000
180.976	6.852000
181.294	6.852000
181.294	6.711000
181.61	6.711000
181.61	6.755000
181.927	6.755000
181.927	8.133000
182.245	8.133000
182.245	8.391000
182.563	8.391000
182.563	8.165000
182.879	8.165000
182.879	7.731000
183.196	7.731000
183.196	7.889000
183.515	7.889000
183.515	7.964000
183.834	7.964000
183.834	8.774000
184.153	8.774000
184.153	8.807000
184.471	8.807000
184.471	8.897000
184.788	8.897000
184.788	7.503000
185.106	7.503000
185.106	7.921000
185.424	7.921000
185.424	7.723000
185.74	7.723000
185.74	9.388000
186.093	9.388000
186.093	9.401000
186.447	9.401000
186.447	9.171000
186.801	9.171000
186.801	9.258000
187.12	9.258000
187.12	9.203000
187.439	9.203000
187.439	9.004000
187.757	9.004000
187.757	6.807000
188.076	6.807000
188.076	6.722000
188.395	6.722000
188.395	6.836000
188.714	6.836000
188.714	7.033000
189.032	7.033000
189.032	7.005000
189.349	7.005000
189.349	7.195000
189.666	7.195000
189.666	8.435000
189.985	8.435000
189.985	8.448000
190.304	8.448000
190.304	8.077000
190.62	8.077000
190.62	7.652000
190.97	7.652000
190.97	7.807000
191.324	7.807000
191.324	8.138000
191.678	8.138000
191.678	8.185000
192.031	8.185000
192.031	8.336000
192.384	8.336000
192.384	7.925000
192.735	7.925000
192.735	6.433000
193.053	6.433000
193.053	6.382000
193.37	6.382000
193.37	6.317000
193.687	6.317000
193.687	6.987000
194.004	6.987000
194.004	7.145000
194.322	7.145000
194.322	7.006000
194.64	7.006000
194.64	6.610000
194.957	6.610000
194.957	6.410000
195.275	6.410000
195.275	6.397000
195.588	6.397000
195.588	8.655000
195.907	8.655000
195.907	8.390000
196.226	8.390000
196.226	8.317000
196.545	8.317000
196.545	7.718000
196.862	7.718000
196.862	7.750000
197.181	7.750000
197.181	7.625000
197.5	7.625000
197.5	6.889000
197.819	6.889000
197.819	6.844000
198.138	6.844000
198.138	6.902000
198.457	6.902000
198.457	8.733000
198.81	8.733000
198.81	8.654000
199.164	8.654000
199.164	8.553000
199.518	8.553000
199.518	8.834000
199.837	8.834000
199.837	8.928000
200.156	8.928000
200.156	8.677000
200.475	8.677000
200.475	7.317000
200.829	7.317000
200.829	7.177000
201.183	7.177000
201.183	7.436000
201.536	7.436000
201.536	8.682000
201.89	8.682000
201.89	8.804000
202.244	8.804000
202.244	8.612000
202.596	8.612000
202.596	6.288000
202.915	6.288000
202.915	6.377000
203.234	6.377000
203.234	6.299000
203.551	6.299000
203.551	7.734000
203.869	7.734000
203.869	7.762000
204.187	7.762000
204.187	7.874000
204.505	7.874000
204.505	8.149000
204.823	8.149000
204.823	8.259000
205.14	8.259000
205.14	8.316000
205.456	8.316000
205.456	8.545000
205.779	8.545000
205.779	8.399000
206.101	8.399000
206.101	8.195000
206.423	8.195000
206.423	7.369000
206.777	7.369000
206.777	7.559000
207.13	7.559000
207.13	7.552000
207.484	7.552000
207.484	9.267000
207.838	9.267000
207.838	9.142000
208.192	9.142000
208.192	9.121000
208.546	9.121000
208.546	8.656000
208.9	8.656000
208.9	8.639000
209.254	8.639000
209.254	8.314000
209.608	8.314000
209.608	7.395000
209.926	7.395000
209.926	7.186000
210.244	7.186000
210.244	7.117000
210.56	7.117000
210.56	8.891000
210.879	8.891000
210.879	8.777000
211.197	8.777000
211.197	8.666000
211.513	8.666000
211.513	8.065000
211.831	8.065000
211.831	8.215000
212.15	8.215000
212.15	7.924000
212.467	7.924000
212.467	8.784000
212.821	8.784000
212.821	9.128000
213.175	9.128000
213.175	8.850000
213.527	8.850000
213.527	7.218000
213.845	7.218000
213.845	7.323000
214.163	7.323000
214.163	7.302000
214.482	7.302000
214.482	8.173000
214.798	8.173000
214.798	7.975000
215.116	7.975000
215.116	8.013000
215.434	8.013000
215.434	7.668000
215.753	7.668000
215.753	7.746000
216.072	7.746000
216.072	7.592000
216.39	7.592000
216.39	7.942000
216.709	7.942000
216.709	8.115000
217.028	8.115000
217.028	8.166000
217.345	8.166000
217.345	9.537000
217.664	9.537000
217.664	9.460000
217.983	9.460000
217.983	9.212000
218.302	9.212000
218.302	8.014000
218.621	8.014000
218.621	7.973000
218.939	7.973000
218.939	7.758000
219.258	7.758000
219.258	7.126000
219.577	7.126000
219.577	7.105000
219.895	7.105000
219.895	7.211000
220.213	7.211000
220.213	7.729000
220.531	7.729000
220.531	7.746000
220.849	7.746000
220.849	7.511000
221.164	7.511000
221.164	7.701000
221.482	7.701000
221.482	7.376000
221.801	7.376000
221.801	7.543000
222.12	7.543000
222.12	7.708000
222.437	7.708000
222.437	7.974000
222.756	7.974000
222.756	8.218000
223.075	8.218000
223.075	6.927000
223.394	6.927000
223.394	6.990000
223.711	6.990000
223.711	6.868000
224.03	6.868000
224.03	9.896000
224.349	9.896000
224.349	9.992000
224.667	9.992000
224.667	9.654000
224.982	9.654000
224.982	6.995000
225.299	6.995000
225.299	6.934000
225.618	6.934000
225.618	7.024000
225.936	7.024000
225.936	6.965000
226.255	6.965000
226.255	6.554000
226.574	6.554000
226.574	6.810000
226.892	6.810000
226.892	7.047000
227.208	7.047000
227.208	6.919000
227.525	6.919000
227.525	6.943000
227.843	6.943000
227.843	8.263000
228.197	8.263000
228.197	8.039000
228.549	8.039000
228.549	7.941000
228.902	7.941000
228.902	7.227000
229.22	7.227000
229.22	7.273000
229.537	7.273000
229.537	7.286000
229.855	7.286000
229.855	7.645000
230.171	7.645000
230.171	7.602000
230.488	7.602000
230.488	7.505000
230.805	7.505000
230.805	6.583000
231.122	6.583000
231.122	6.464000
231.44	6.464000
231.44	6.745000
231.756	6.745000
231.756	7.603000
232.073	7.603000
232.073	7.706000
232.392	7.706000
232.392	7.541000
232.71	7.541000
232.71	8.639000
233.029	8.639000
233.029	8.772000
233.347	8.772000
233.347	8.752000
233.665	8.752000
233.665	6.971000
233.983	6.971000
233.983	7.093000
234.301	7.093000
234.301	6.900000
234.619	6.900000
234.619	7.519000
234.937	7.519000
234.937	7.719000
235.255	7.719000
235.255	7.410000
235.573	7.410000
235.573	6.769000
235.891	6.769000
235.891	6.805000
236.209	6.805000
236.209	6.972000
236.525	6.972000
236.525	6.898000
236.844	6.898000
236.844	6.903000
237.163	6.903000
237.163	6.998000
237.48	6.998000
237.48	8.439000
237.797	8.439000
237.797	8.329000
238.115	8.329000
238.115	8.640000
238.432	8.640000
238.432	8.078000
238.751	8.078000
238.751	8.054000
239.07	8.054000
239.07	7.608000
239.389	7.608000
239.389	7.265000
239.707	7.265000
239.707	7.107000
240.025	7.107000
240.025	7.197000
240.343	7.197000
240.343	8.473000
240.694	8.473000
240.694	8.556000
241.046	8.556000
241.046	8.606000
241.397	8.606000
241.397	7.185000
241.716	7.185000
241.716	7.276000
242.033	7.276000
242.033	7.240000
242.351	7.240000
242.351	6.686000
242.669	6.686000
242.669	6.824000
242.988	6.824000
242.988	6.893000
243.306	6.893000
243.306	7.128000
243.624	7.128000
243.624	7.226000
243.943	7.226000
243.943	7.287000
244.262	7.287000
244.262	9.414000
244.615	9.414000
244.615	9.648000
244.969	9.648000
244.969	9.438000
245.323	9.438000
245.323	7.915000
245.642	7.915000
245.642	7.856000
245.961	7.856000
245.961	7.778000
246.28	7.778000
246.28	7.392000
246.599	7.392000
246.599	7.635000
246.918	7.635000
246.918	7.246000
247.237	7.246000
247.237	6.885000
247.555	6.885000
247.555	7.017000
247.873	7.017000
247.873	6.781000
248.188	6.781000
248.188	8.281000
248.509	8.281000
248.509	8.159000
248.829	8.159000
248.829	8.232000
249.149	8.232000
249.149	7.402000
249.467	7.402000
249.467	7.530000
249.786	7.530000
249.786	7.346000
250.104	7.346000
250.104	8.446000
250.458	8.446000
250.458	8.322000
250.812	8.322000
250.812	7.970000
251.165	7.970000
251.165	6.954000
251.481	6.954000
251.481	6.703000
251.799	6.703000
251.799	6.871000
252.117	6.871000
252.117	7.839000
252.435	7.839000
252.435	8.000000
252.753	8.000000
252.753	7.992000
253.07	7.992000
253.07	7.724000
253.424	7.724000
253.424	8.027000
253.778	8.027000
253.778	7.893000
254.132	7.893000
254.132	8.926000
254.486	8.926000
254.486	8.997000
254.84	8.997000
254.84	8.524000
255.194	8.524000
255.194	8.986000
255.546	8.986000
255.546	8.975000
255.899	8.975000
255.899	8.845000
256.253	8.845000
256.253	7.249000
256.572	7.249000
256.572	7.477000
256.889	7.477000
256.889	7.758000
257.208	7.758000
257.208	8.407000
257.561	8.407000
257.561	8.575000
257.915	8.575000
257.915	8.228000
258.269	8.228000
258.269	7.401000
258.621	7.401000
258.621	7.389000
258.974	7.389000
258.974	7.501000
259.327	7.501000
259.327	6.664000
259.646	6.664000
259.646	6.665000
259.964	6.665000
259.964	6.772000
260.28	6.772000
260.28	7.306000
260.597	7.306000
260.597	7.195000
260.916	7.195000
260.916	7.437000
261.231	7.437000
261.231	7.353000
261.55	7.353000
261.55	7.590000
261.869	7.590000
261.869	7.485000
262.186	7.485000
262.186	7.273000
262.463	7.273000
262.463	7.473000
262.74	7.473000
262.74	7.568000
263.016	7.568000
263.016	7.382000
263.334	7.382000
263.334	7.060000
263.653	7.060000
263.653	7.153000
263.97	7.153000
263.97	8.005000
264.289	8.005000
264.289	7.867000
264.607	7.867000
264.607	7.882000
264.925	7.882000
264.925	7.564000
265.24	7.564000
265.24	7.479000
265.558	7.479000
265.558	7.431000
265.877	7.431000
265.877	6.923000
266.198	6.923000
266.198	7.021000
266.518	7.021000
266.518	7.213000
266.839	7.213000
266.839	7.195000
267.157	7.195000
267.157	7.296000
267.474	7.296000
267.474	7.251000
267.791	7.251000
267.791	7.279000
268.11	7.279000
268.11	7.148000
268.429	7.148000
268.429	7.254000
268.746	7.254000
268.746	7.419000
269.065	7.419000
269.065	7.644000
269.384	7.644000
269.384	7.629000
269.702	7.629000
269.702	7.485000
270.054	7.485000
270.054	7.422000
270.407	7.422000
270.407	7.461000
270.758	7.461000
270.758	7.904000
271.076	7.904000
271.076	8.222000
271.394	8.222000
271.394	8.216000
271.712	8.216000
271.712	6.762000
272.03	6.762000
272.03	6.781000
272.349	6.781000
272.349	6.859000
272.666	6.859000
272.666	7.361000
273.02	7.361000
273.02	7.462000
273.373	7.462000
273.373	7.449000
273.727	7.449000
273.727	7.110000
274.044	7.110000
274.044	7.006000
274.362	7.006000
274.362	6.982000
274.677	6.982000
274.677	9.090000
275.031	9.090000
275.031	9.164000
275.385	9.164000
275.385	8.513000
275.739	8.513000
275.739	6.851000
276.056	6.851000
276.056	6.810000
276.374	6.810000
276.374	6.918000
276.692	6.918000
276.692	6.740000
277.01	6.740000
277.01	6.764000
277.328	6.764000
277.328	6.733000
277.645	6.733000
277.645	7.021000
277.964	7.021000
277.964	6.928000
278.283	6.928000
278.283	7.239000
278.601	7.239000
278.601	8.381000
278.92	8.381000
278.92	8.730000
279.239	8.730000
279.239	8.983000
279.557	8.983000
279.557	7.518000
279.876	7.518000
279.876	7.464000
280.195	7.464000
280.195	7.324000
280.514	7.324000
280.514	7.265000
280.832	7.265000
280.832	6.772000
281.15	6.772000
281.15	6.892000
281.466	6.892000
281.466	8.933000
281.782	8.933000
281.782	9.318000
282.099	9.318000
282.099	9.212000
282.414	9.212000
282.414	8.895000
282.733	8.895000
282.733	8.870000
283.052	8.870000
283.052	8.568000
283.371	8.568000
283.371	7.153000
283.688	7.153000
283.688	6.682000
284.006	6.682000
284.006	7.032000
284.323	7.032000
284.323	7.248000
284.641	7.248000
284.641	7.332000
284.958	7.332000
284.958	7.369000
285.275	7.369000
285.275	7.240000
285.592	7.240000
285.592	6.835000
285.91	6.835000
285.91	7.010000
286.226	7.010000
286.226	8.724000
286.545	8.724000
286.545	8.673000
286.863	8.673000
286.863	8.556000
287.182	8.556000
287.182	7.914000
287.498	7.914000
287.498	7.840000
287.816	7.840000
287.816	7.805000
288.131	7.805000
288.131	8.316000
288.45	8.316000
288.45	8.398000
288.769	8.398000
288.769	8.147000
289.084	8.147000
289.084	7.082000
289.438	7.082000
289.438	6.867000
289.792	6.867000
289.792	7.000000
290.144	7.000000
290.144	8.468000
290.461	8.468000
290.461	8.361000
290.779	8.361000
290.779	8.283000
291.097	8.283000
291.097	6.811000
291.415	6.811000
291.415	6.837000
291.733	6.837000
291.733	6.869000
292.049	6.869000
292.049	6.640000
292.366	6.640000
292.366	6.616000
292.684	6.616000
292.684	6.781000
292.999	6.781000
292.999	7.177000
293.317	7.177000
293.317	7.338000
293.635	7.338000
293.635	7.489000
293.952	7.489000
293.952	8.138000
294.27	8.138000
294.27	8.473000
294.589	8.473000
294.589	8.042000
294.908	8.042000
294.908	7.663000
295.226	7.663000
295.226	7.667000
295.545	7.667000
295.545	7.735000
295.863	7.735000
295.863	8.635000
296.182	8.635000
296.182	8.905000
296.499	8.905000
296.499	8.594000
296.818	8.594000
296.818	7.483000
297.136	7.483000
297.136	7.538000
297.454	7.538000
297.454	7.730000
297.771	7.730000
297.771	7.856000
298.09	7.856000
298.09	7.853000
298.409	7.853000
298.409	7.774000
298.727	7.774000
298.727	8.058000
299.08	8.058000
299.08	8.282000
299.434	8.282000
299.434	8.163000
299.787	8.163000
299.787	7.178000
300.14	7.178000
300.14	7.200000
300.493	7.200000
300.493	7.197000
300.846	7.197000
300.846	8.333000
301.165	8.333000
301.165	8.379000
301.483	8.379000
301.483	8.155000
301.799	8.155000
301.799	2.372000
302.155	2.372000
302.155	2.217000
302.511	2.217000
302.511	2.336000
302.867	2.336000
302.867	8.394000
303.186	8.394000
303.186	8.512000
303.505	8.512000
303.505	8.203000
303.824	8.203000
303.824	8.170000
304.143	8.170000
304.143	8.126000
304.462	8.126000
304.462	7.972000
304.781	7.972000
304.781	7.555000
305.099	7.555000
305.099	7.881000
305.416	7.881000
305.416	7.619000
305.733	7.619000
305.733	7.249000
306.051	7.249000
306.051	7.315000
306.369	7.315000
306.369	7.523000
306.687	7.523000
306.687	7.958000
307.006	7.958000
307.006	8.003000
307.325	8.003000
307.325	8.154000
307.643	8.154000
307.643	7.065000
307.963	7.065000
307.963	6.991000
308.283	6.991000
308.283	7.054000
308.601	7.054000
308.601	7.948000
308.918	7.948000
308.918	8.113000
309.236	8.113000
309.236	7.907000
309.553	7.907000
309.553	8.314000
309.87	8.314000
309.87	8.171000
310.187	8.171000
310.187	8.252000
310.505	8.252000
310.505	7.537000
310.823	7.537000
310.823	7.496000
311.142	7.496000
311.142	7.375000
311.459	7.375000
311.459	8.114000
311.81	8.114000
311.81	8.249000
312.163	8.249000
312.163	8.369000
312.516	8.369000
312.516	6.120000
312.834	6.120000
312.834	5.924000
313.152	5.924000
313.152	5.892000
313.47	5.892000
313.47	8.406000
313.788	8.406000
313.788	8.465000
314.106	8.465000
314.106	8.151000
314.424	8.151000
314.424	6.974000
314.742	6.974000
314.742	7.146000
315.06	7.146000
315.06	7.289000
315.378	7.289000
315.378	7.231000
315.696	7.231000
315.696	7.413000
316.014	7.413000
316.014	7.202000
316.324	7.202000
316.324	6.974000
316.64	6.974000
316.64	6.881000
316.958	6.881000
316.958	6.972000
317.276	6.972000
317.276	7.747000
317.595	7.747000
317.595	7.949000
317.913	7.949000
317.913	7.729000
318.23	7.729000
318.23	7.541000
318.549	7.541000
318.549	7.676000
318.868	7.676000
318.868	7.482000
319.187	7.482000
319.187	7.838000
319.506	7.838000
319.506	8.275000
319.825	8.275000
319.825	7.938000
320.142	7.938000
320.142	7.658000
320.459	7.658000
320.459	7.683000
320.778	7.683000
320.778	7.608000
321.096	7.608000
321.096	7.434000
321.413	7.434000
321.413	7.027000
321.731	7.027000
321.731	7.634000
322.048	7.634000
322.048	7.629000
322.367	7.629000
322.367	7.811000
322.686	7.811000
322.686	7.834000
323.004	7.834000
323.004	7.901000
323.281	7.901000
323.281	7.890000
323.556	7.890000
323.556	7.613000
323.829	7.613000
323.829	9.267000
324.147	9.267000
324.147	9.286000
324.466	9.286000
324.466	9.202000
324.785	9.202000
324.785	7.339000
325.104	7.339000
325.104	7.426000
325.423	7.426000
325.423	7.477000
325.742	7.477000
325.742	7.305000
326.06	7.305000
326.06	6.931000
326.378	6.931000
326.378	7.342000
326.696	7.342000
326.696	7.519000
327.014	7.519000
327.014	7.696000
327.332	7.696000
327.332	7.558000
327.649	7.558000
327.649	7.752000
327.967	7.752000
327.967	7.813000
328.285	7.813000
328.285	7.657000
328.603	7.657000
328.603	7.921000
328.921	7.921000
328.921	8.071000
329.238	8.071000
329.238	7.828000
329.554	7.828000
329.554	9.150000
329.873	9.150000
329.873	9.093000
330.192	9.093000
330.192	9.104000
330.507	9.104000
330.507	8.158000
330.823	8.158000
330.823	8.218000
331.14	8.218000
331.14	7.900000
331.457	7.900000
331.457	7.407000
331.775	7.407000
331.775	7.926000
332.093	7.926000
332.093	7.770000
332.411	7.770000
332.411	8.761000
332.765	8.761000
332.765	8.995000
333.119	8.995000
333.119	8.463000
333.471	8.463000
333.471	6.501000
333.788	6.501000
333.788	6.192000
334.106	6.192000
334.106	6.946000
334.423	6.946000
334.423	7.455000
334.742	7.455000
334.742	7.543000
335.061	7.543000
335.061	7.619000
335.377	7.619000
335.377	7.836000
335.731	7.836000
335.731	7.774000
336.085	7.774000
336.085	8.137000
336.437	8.137000
336.437	8.477000
336.755	8.477000
336.755	8.578000
337.073	8.578000
337.073	8.476000
337.389	8.476000
337.389	8.178000
337.74	8.178000
337.74	8.354000
338.093	8.354000
338.093	8.082000
338.445	8.082000
338.445	7.818000
338.764	7.818000
338.764	8.067000
339.083	8.067000
339.083	7.864000
339.402	7.864000
339.402	8.610000
339.756	8.610000
339.756	8.510000
340.11	8.510000
340.11	8.292000
340.464	8.292000
340.464	7.999000
340.782	7.999000
340.782	8.147000
341.1	8.147000
341.1	8.186000
341.417	8.186000
341.417	7.995000
341.736	7.995000
341.736	8.086000
342.055	8.086000
342.055	8.153000
342.374	8.153000
342.374	7.476000
342.693	7.476000
342.693	7.251000
343.012	7.251000
343.012	7.465000
343.331	7.465000
343.331	7.098000
343.649	7.098000
343.649	7.102000
343.967	7.102000
343.967	7.351000
344.283	7.351000
344.283	6.120000
344.601	6.120000
344.601	6.167000
344.919	6.167000
344.919	6.427000
345.237	6.427000
345.237	6.880000
345.555	6.880000
345.555	6.859000
345.873	6.859000
345.873	6.696000
346.19	6.696000
346.19	7.578000
346.505	7.578000
346.505	7.556000
346.823	7.556000
346.823	7.770000
347.14	7.770000
347.14	8.528000
347.459	8.528000
347.459	8.758000
347.778	8.758000
347.778	8.616000
348.097	8.616000
348.097	8.544000
348.415	8.544000
348.415	8.454000
348.734	8.454000
348.734	8.280000
349.053	8.280000
349.053	7.133000
349.371	7.133000
349.371	7.364000
349.689	7.364000
349.689	7.210000
350.006	7.210000
350.006	7.946000
350.324	7.946000
350.324	7.786000
350.642	7.786000
350.642	7.467000
350.959	7.467000
350.959	7.175000
351.276	7.175000
351.276	7.275000
351.595	7.275000
351.595	7.107000
351.912	7.107000
351.912	7.040000
352.227	7.040000
352.227	7.300000
352.545	7.300000
352.545	6.993000
352.861	6.993000
352.861	8.318000
353.18	8.318000
353.18	8.633000
353.499	8.633000
353.499	7.991000
353.816	7.991000
353.816	8.424000
354.134	8.424000
354.134	8.424000
354.453	8.424000
354.453	8.396000
354.772	8.396000
354.772	7.937000
355.091	7.937000
355.091	7.997000
355.41	7.997000
355.41	7.696000
355.728	7.696000
355.728	7.231000
356.043	7.231000
356.043	7.199000
356.361	7.199000
356.361	7.127000
356.679	7.127000
356.679	6.999000
356.995	6.999000
356.995	6.278000
357.313	6.278000
357.313	6.408000
357.629	6.408000
357.629	7.172000
357.946	7.172000
357.946	7.377000
358.264	7.377000
358.264	7.031000
358.581	7.031000
358.581	8.732000
358.9	8.732000
358.9	8.777000
359.219	8.777000
359.219	8.458000
359.536	8.458000
359.536	9.062000
359.855	9.062000
359.855	8.856000
360.173	8.856000
360.173	8.591000
360.492	8.591000
360.492	7.489000
360.809	7.489000
360.809	7.769000
361.127	7.769000
361.127	7.720000
361.445	7.720000
361.445	9.076000
361.763	9.076000
361.763	9.068000
362.08	9.068000
362.08	8.891000
362.395	8.891000
362.395	7.273000
362.672	7.273000
362.672	7.371000
362.949	7.371000
362.949	7.165000
363.225	7.165000
363.225	7.415000
363.578	7.415000
363.578	7.602000
363.931	7.602000
363.931	7.423000
364.284	7.423000
364.284	9.142000
364.602	9.142000
364.602	9.031000
364.92	9.031000
364.92	9.103000
365.237	9.103000
365.237	7.039000
365.556	7.039000
365.556	6.925000
365.875	6.925000
365.875	7.175000
366.194	7.175000
366.194	8.032000
366.511	8.032000
366.511	8.354000
366.829	8.354000
366.829	7.810000
367.147	7.810000
367.147	6.789000
367.465	6.789000
367.465	6.952000
367.782	6.952000
367.782	7.069000
368.098	7.069000
368.098	7.751000
368.417	7.751000
368.417	7.793000
368.736	7.793000
368.736	7.611000
369.052	7.611000
369.052	7.583000
369.37	7.583000
369.37	7.656000
369.688	7.656000
369.688	7.781000
370.004	7.781000
370.004	7.681000
370.322	7.681000
370.322	8.067000
370.641	8.067000
370.641	7.513000
370.96	7.513000
370.96	6.577000
371.237	6.577000
371.237	6.509000
371.512	6.509000
371.512	6.794000
371.79	6.794000
371.79	7.200000
372.108	7.200000
372.108	7.349000
372.425	7.349000
372.425	7.149000
372.743	7.149000
372.743	6.670000
373.06	6.670000
373.06	6.697000
373.379	6.697000
373.379	6.743000
373.698	6.743000
373.698	7.485000
373.975	7.485000
373.975	7.446000
374.252	7.446000
374.252	7.433000
374.527	7.433000
374.527	7.997000
374.845	7.997000
374.845	8.061000
375.163	8.061000
375.163	7.832000
375.479	7.832000
375.479	9.828000
375.797	9.828000
375.797	9.839000
376.115	9.839000
376.115	9.837000
376.432	9.837000
376.432	6.886000
376.742	6.886000
376.742	6.811000
377.053	6.811000
377.053	6.924000
377.363	6.924000
377.363	7.154000
377.68	7.154000
377.68	7.353000
377.998	7.353000
377.998	7.172000
378.311	7.172000
378.311	8.020000
378.629	8.020000
378.629	8.241000
378.947	8.241000
378.947	8.108000
379.265	8.108000
379.265	7.261000
379.581	7.261000
379.581	6.999000
379.9	6.999000
379.9	7.294000
380.216	7.294000
380.216	8.122000
380.534	8.122000
380.534	8.189000
380.852	8.189000
380.852	8.527000
381.169	8.527000
381.169	7.948000
381.487	7.948000
381.487	7.929000
381.806	7.929000
381.806	7.992000
382.125	7.992000
382.125	7.938000
382.444	7.938000
382.444	8.004000
382.763	8.004000
382.763	7.717000
383.082	7.717000
383.082	8.611000
383.399	8.611000
383.399	8.790000
383.718	8.790000
383.718	8.542000
384.037	8.542000
384.037	7.196000
384.355	7.196000
384.355	7.114000
384.674	7.114000
384.674	7.060000
384.993	7.060000
384.993	7.598000
385.312	7.598000
385.312	7.713000
385.63	7.713000
385.63	7.819000
385.949	7.819000
385.949	8.710000
386.268	8.710000
386.268	8.733000
386.587	8.733000
386.587	8.617000
386.903	8.617000
386.903	7.851000
387.221	7.851000
387.221	7.622000
387.539	7.622000
387.539	7.925000
387.855	7.925000
387.855	8.421000
388.208	8.421000
388.208	8.306000
388.561	8.306000
388.561	8.480000
388.914	8.480000
388.914	8.201000
389.232	8.201000
389.232	8.171000
389.55	8.171000
389.55	7.817000
389.868	7.817000
389.868	8.135000
390.146	8.135000
390.146	8.016000
390.424	8.016000
390.424	7.871000
390.701	7.871000
390.701	7.161000
391.018	7.161000
391.018	7.387000
391.336	7.387000
391.336	7.359000
391.654	7.359000
391.654	7.030000
391.974	7.030000
391.974	6.992000
392.294	6.992000
392.294	6.916000
392.611	6.916000
392.611	9.281000
392.965	9.281000
392.965	9.277000
393.319	9.277000
393.319	9.016000
393.673	9.016000
393.673	7.645000
393.992	7.645000
393.992	7.628000
394.31	7.628000
394.31	7.704000
394.626	7.704000
394.626	6.963000
394.942	6.963000
394.942	7.078000
395.26	7.078000
395.26	6.974000
395.578	6.974000
395.578	6.246000
395.897	6.246000
395.897	6.363000
396.216	6.363000
396.216	6.147000
396.535	6.147000
396.535	9.004000
396.85	9.004000
396.85	9.157000
397.169	9.157000
397.169	9.040000
397.488	9.040000
397.488	8.257000
397.836	8.257000
397.836	8.469000
398.189	8.469000
398.189	8.622000
398.54	8.622000
398.54	9.258000
398.859	9.258000
398.859	9.415000
399.178	9.415000
399.178	8.966000
399.497	8.966000
399.497	8.729000
399.815	8.729000
399.815	8.755000
400.133	8.755000
400.133	8.682000
400.448	8.682000
400.448	8.396000
400.766	8.396000
400.766	8.533000
401.084	8.533000
401.084	8.369000
401.403	8.369000
401.403	9.938000
401.722	9.938000
401.722	9.875000
402.04	9.875000
402.04	9.563000
402.358	9.563000
402.358	8.746000
402.676	8.746000
402.676	8.861000
402.993	8.861000
402.993	8.707000
403.307	8.707000
403.307	7.313000
403.586	7.313000
403.586	7.513000
403.865	7.513000
403.865	7.557000
404.143	7.557000
404.143	7.591000
404.462	7.591000
404.462	7.186000
404.781	7.186000
404.781	7.433000
405.1	7.433000
405.1	7.013000
405.454	7.013000
405.454	7.178000
405.808	7.178000
405.808	7.299000
406.162	7.299000
406.162	7.569000
406.479	7.569000
406.479	7.282000
406.797	7.282000
406.797	7.379000
407.113	7.379000
407.113	6.765000
407.431	6.765000
407.431	6.801000
407.744	6.801000
407.744	6.743000
408.06	6.743000
408.06	7.756000
408.378	7.756000
408.378	7.947000
408.696	7.947000
408.696	7.820000
409.014	7.820000
409.014	8.349000
409.333	8.349000
409.333	8.492000
409.652	8.492000
409.652	8.407000
409.971	8.407000
409.971	7.394000
410.29	7.394000
410.29	7.238000
410.609	7.238000
410.609	7.241000
410.928	7.241000
410.928	8.187000
411.246	8.187000
411.246	8.280000
411.564	8.280000
411.564	8.290000
411.88	8.290000
411.88	8.903000
412.199	8.903000
412.199	9.004000
412.518	9.004000
412.518	8.552000
412.837	8.552000
412.837	7.427000
413.189	7.427000
413.189	7.363000
413.543	7.363000
413.543	6.950000
413.897	6.950000
413.897	7.339000
414.213	7.339000
414.213	7.455000
414.531	7.455000
414.531	7.345000
414.847	7.345000
414.847	7.887000
415.166	7.887000
415.166	8.026000
415.484	8.026000
415.484	7.753000
415.802	7.753000
415.802	8.499000
416.121	8.499000
416.121	8.357000
416.44	8.357000
416.44	8.146000
416.759	8.146000
416.759	7.143000
417.077	7.143000
417.077	7.167000
417.395	7.167000
417.395	7.097000
417.711	7.097000
417.711	8.593000
418.03	8.593000
418.03	8.405000
418.349	8.405000
418.349	8.152000
418.668	8.152000
418.668	7.387000
418.987	7.387000
418.987	7.212000
419.306	7.212000
419.306	7.486000
419.624	7.486000
419.624	7.110000
419.977	7.110000
419.977	7.223000
420.33	7.223000
420.33	7.068000
420.682	7.068000
420.682	8.096000
421.0	8.096000
421.0	8.184000
421.319	8.184000
421.319	8.237000
421.638	8.237000
421.638	7.097000
421.957	7.097000
421.957	7.042000
422.276	7.042000
422.276	6.942000
422.594	6.942000
422.594	7.380000
422.912	7.380000
422.912	7.210000
423.23	7.210000
423.23	7.421000
423.546	7.421000
423.546	8.001000
423.863	8.001000
423.863	8.026000
424.181	8.026000
424.181	8.127000
424.498	8.127000
424.498	9.520000
424.817	9.520000
424.817	9.476000
425.135	9.476000
425.135	9.460000
425.452	9.460000
425.452	7.263000
425.771	7.263000
425.771	6.943000
426.089	6.943000
426.089	7.421000
426.408	7.421000
426.408	8.640000
426.725	8.640000
426.725	8.577000
427.043	8.577000
427.043	8.823000
427.361	8.823000
427.361	9.426000
427.679	9.426000
427.679	9.450000
427.997	9.450000
427.997	9.277000
428.313	9.277000
428.313	7.277000
428.628	7.277000
428.628	7.047000
428.946	7.047000
428.946	7.304000
429.263	7.304000
429.263	7.532000
429.582	7.532000
429.582	7.538000
429.901	7.538000
429.901	7.757000
430.219	7.757000
430.219	8.157000
430.538	8.157000
430.538	8.038000
430.857	8.038000
430.857	7.926000
431.176	7.926000
431.176	6.738000
431.495	6.738000
431.495	6.652000
431.813	6.652000
431.813	6.720000
432.131	6.720000
432.131	7.659000
432.449	7.659000
432.449	7.588000
432.768	7.588000
432.768	7.670000
433.087	7.670000
433.087	7.981000
433.404	7.981000
433.404	7.989000
433.723	7.989000
433.723	7.972000
434.042	7.972000
434.042	8.271000
434.36	8.271000
434.36	8.036000
434.678	8.036000
434.678	7.648000
434.995	7.648000
434.995	8.296000
435.348	8.296000
435.348	8.477000
435.701	8.477000
435.701	8.320000
436.053	8.320000
436.053	7.450000
436.371	7.450000
436.371	7.388000
436.69	7.388000
436.69	7.176000
437.008	7.176000
437.008	8.423000
437.325	8.423000
437.325	8.592000
437.644	8.592000
437.644	8.269000
437.96	8.269000
437.96	9.448000
438.314	9.448000
438.314	9.465000
438.668	9.465000
438.668	8.941000
439.022	8.941000
439.022	7.772000
439.374	7.772000
439.374	8.127000
439.728	8.127000
439.728	7.461000
440.08	7.461000
440.08	8.993000
440.4	8.993000
440.4	9.214000
440.72	9.214000
440.72	8.540000
441.039	8.540000
441.039	8.143000
441.391	8.143000
441.391	8.104000
441.744	8.104000
441.744	8.175000
442.093	8.175000
442.093	8.209000
442.446	8.209000
442.446	8.037000
442.798	8.037000
442.798	7.940000
443.149	7.940000
443.149	8.898000
443.469	8.898000
443.469	8.959000
443.789	8.959000
443.789	8.430000
444.109	8.430000
444.109	8.493000
444.429	8.493000
444.429	8.571000
444.749	8.571000
444.749	8.418000
445.069	8.418000
445.069	8.636000
445.388	8.636000
445.388	8.502000
445.707	8.502000
445.707	8.691000
446.026	8.691000
446.026	6.680000
446.345	6.680000
446.345	6.669000
446.664	6.669000
446.664	6.668000
446.982	6.668000
446.982	7.726000
447.336	7.726000
447.336	7.717000
447.69	7.717000
447.69	7.872000
448.044	7.872000
448.044	7.213000
448.362	7.213000
448.362	7.325000
448.68	7.325000
448.68	7.253000
448.998	7.253000
448.998	7.445000
449.317	7.445000
449.317	7.263000
449.636	7.263000
449.636	7.267000
449.954	7.267000
449.954	8.050000
450.274	8.050000
450.274	7.949000
450.595	7.949000
450.595	8.295000
450.913	8.295000
450.913	6.712000
451.231	6.712000
451.231	7.056000
451.549	7.056000
451.549	6.871000
451.866	6.871000
451.866	8.914000
452.184	8.914000
452.184	8.793000
452.502	8.793000
452.502	8.581000
452.818	8.581000
452.818	7.266000
453.136	7.266000
453.136	7.210000
453.453	7.210000
453.453	7.428000
453.768	7.428000
453.768	8.480000
454.087	8.480000
454.087	8.475000
454.406	8.475000
454.406	8.474000
454.723	8.474000
454.723	7.378000
455.077	7.378000
455.077	7.529000
455.43	7.529000
455.43	7.573000
455.782	7.573000
455.782	7.178000
456.101	7.178000
456.101	7.365000
456.42	7.365000
456.42	7.110000
456.738	7.110000
456.738	7.170000
457.035	7.170000
457.035	7.050000
457.332	7.050000
457.332	7.015000
457.627	7.015000
457.627	7.656000
457.946	7.656000
457.946	7.952000
458.265	7.952000
458.265	7.520000
458.584	7.520000
458.584	8.230000
458.902	8.230000
458.902	8.393000
459.221	8.393000
459.221	7.841000
459.538	7.841000
459.538	7.427000
459.856	7.427000
459.856	7.375000
460.175	7.375000
460.175	7.169000
460.494	7.169000
