0.0	5.314000
0.317	5.314000
0.317	5.551000
0.633	5.551000
0.633	5.387000
0.95	5.387000
0.95	4.601000
1.268	4.601000
1.268	4.497000
1.586	4.497000
1.586	4.600000
1.904	4.600000
1.904	4.265000
2.221	4.265000
2.221	4.239000
2.537	4.239000
2.537	4.261000
2.854	4.261000
2.854	4.533000
3.207	4.533000
3.207	4.518000
3.56	4.518000
3.56	4.456000
3.913	4.456000
3.913	4.593000
4.23	4.593000
4.23	4.640000
4.547	4.640000
4.547	4.711000
4.864	4.711000
4.864	4.624000
5.181	4.624000
5.181	4.661000
5.498	4.661000
5.498	4.621000
5.815	4.621000
5.815	4.481000
6.168	4.481000
6.168	4.386000
6.521	4.386000
6.521	4.365000
6.874	4.365000
6.874	5.432000
7.191	5.432000
7.191	5.472000
7.508	5.472000
7.508	5.480000
7.825	5.480000
7.825	4.595000
8.142	4.595000
8.142	4.611000
8.459	4.611000
8.459	4.612000
8.776	4.612000
8.776	5.425000
9.129	5.425000
9.129	5.306000
9.482	5.306000
9.482	5.257000
9.835	5.257000
9.835	5.175000
10.153	5.175000
10.153	5.231000
10.471	5.231000
10.471	5.203000
10.789	5.203000
10.789	5.415000
11.14	5.415000
11.14	5.173000
11.492	5.173000
11.492	5.132000
11.844	5.132000
11.844	4.514000
12.162	4.514000
12.162	4.529000
12.48	4.529000
12.48	4.478000
12.798	4.478000
12.798	3.966000
13.116	3.966000
13.116	4.075000
13.434	4.075000
13.434	4.027000
13.752	4.027000
13.752	5.084000
14.104	5.084000
14.104	4.971000
14.457	4.971000
14.457	5.010000
14.81	5.010000
14.81	5.280000
15.127	5.280000
15.127	5.287000
15.444	5.287000
15.444	5.246000
15.761	5.246000
15.761	7.560000
16.114	7.560000
16.114	7.608000
16.467	7.608000
16.467	7.694000
16.82	7.694000
16.82	4.821000
17.138	4.821000
17.138	4.741000
17.456	4.741000
17.456	4.818000
17.773	4.818000
17.773	5.434000
18.124	5.434000
18.124	5.426000
18.475	5.426000
18.475	5.396000
18.826	5.396000
18.826	4.517000
19.143	4.517000
19.143	4.468000
19.461	4.468000
19.461	4.578000
19.778	4.578000
19.778	5.058000
20.096	5.058000
20.096	4.993000
20.414	4.993000
20.414	5.040000
20.732	5.040000
20.732	8.151000
21.085	8.151000
21.085	8.069000
21.438	8.069000
21.438	8.025000
21.791	8.025000
21.791	5.754000
22.108	5.754000
22.108	5.726000
22.426	5.726000
22.426	5.785000
22.742	5.785000
22.742	4.917000
23.06	4.917000
23.06	4.991000
23.378	4.991000
23.378	4.934000
23.696	4.934000
23.696	5.324000
24.049	5.324000
24.049	5.386000
24.402	5.386000
24.402	5.323000
24.753	5.323000
24.753	5.255000
25.105	5.255000
25.105	5.250000
25.457	5.250000
25.457	5.208000
25.809	5.208000
25.809	4.598000
26.127	4.598000
26.127	4.710000
26.445	4.710000
26.445	4.646000
26.759	4.646000
26.759	5.016000
27.109	5.016000
27.109	4.793000
27.462	4.793000
27.462	4.919000
27.815	4.919000
27.815	4.695000
28.166	4.695000
28.166	4.572000
28.519	4.572000
28.519	4.510000
28.872	4.510000
28.872	4.794000
29.225	4.794000
29.225	4.813000
29.577	4.813000
29.577	4.851000
29.93	4.851000
29.93	4.703000
30.283	4.703000
30.283	4.567000
30.636	4.567000
30.636	4.765000
30.989	4.765000
30.989	5.392000
31.341	5.392000
31.341	5.422000
31.693	5.422000
31.693	5.411000
32.045	5.411000
32.045	6.194000
32.362	6.194000
32.362	6.313000
32.679	6.313000
32.679	6.143000
32.996	6.143000
32.996	5.164000
33.349	5.164000
33.349	5.311000
33.701	5.311000
33.701	5.292000
34.054	5.292000
34.054	4.639000
34.406	4.639000
34.406	4.629000
34.758	4.629000
34.758	4.533000
35.11	4.533000
35.11	4.626000
35.463	4.626000
35.463	4.591000
35.816	4.591000
35.816	4.684000
36.169	4.684000
36.169	4.893000
36.519	4.893000
36.519	4.802000
36.871	4.802000
36.871	4.750000
37.223	4.750000
37.223	4.753000
37.575	4.753000
37.575	4.702000
37.927	4.702000
37.927	4.879000
38.279	4.879000
38.279	4.575000
38.597	4.575000
38.597	4.699000
38.914	4.699000
38.914	4.538000
39.23	4.538000
39.23	4.822000
39.58	4.822000
39.58	4.755000
39.932	4.755000
39.932	4.750000
40.284	4.750000
40.284	4.635000
40.636	4.635000
40.636	4.605000
40.987	4.605000
40.987	4.715000
41.339	4.715000
41.339	4.764000
41.657	4.764000
41.657	4.780000
41.975	4.780000
41.975	4.778000
42.293	4.778000
42.293	5.061000
42.645	5.061000
42.645	4.961000
42.997	4.961000
42.997	4.961000
43.349	4.961000
43.349	4.467000
43.701	4.467000
43.701	4.631000
44.053	4.631000
44.053	4.548000
44.404	4.548000
44.404	4.708000
44.757	4.708000
44.757	4.839000
45.11	4.839000
45.11	4.760000
45.463	4.760000
45.463	5.203000
45.815	5.203000
45.815	5.223000
46.167	5.223000
46.167	5.216000
46.519	5.216000
46.519	4.631000
46.837	4.631000
46.837	4.688000
47.155	4.688000
47.155	4.688000
47.471	4.688000
47.471	4.881000
47.789	4.881000
47.789	4.695000
48.107	4.695000
48.107	4.963000
48.425	4.963000
48.425	4.587000
48.778	4.587000
48.778	4.528000
49.131	4.528000
49.131	4.531000
49.484	4.531000
49.484	4.023000
49.802	4.023000
49.802	4.117000
50.12	4.117000
50.12	3.989000
50.437	3.989000
50.437	4.636000
50.754	4.636000
50.754	4.882000
51.071	4.882000
51.071	4.827000
51.388	4.827000
51.388	5.341000
51.739	5.341000
51.739	5.306000
52.092	5.306000
52.092	5.362000
52.445	5.362000
52.445	4.649000
52.763	4.649000
52.763	4.789000
53.081	4.789000
53.081	4.678000
53.398	4.678000
53.398	4.706000
53.716	4.706000
53.716	4.633000
54.034	4.633000
54.034	4.703000
54.351	4.703000
54.351	4.995000
54.702	4.995000
54.702	4.940000
55.054	4.940000
55.054	4.915000
55.406	4.915000
55.406	4.214000
55.724	4.214000
55.724	4.275000
56.042	4.275000
56.042	4.224000
56.36	4.224000
56.36	5.271000
56.678	5.271000
56.678	5.347000
56.996	5.347000
56.996	5.297000
57.314	5.297000
57.314	4.663000
57.667	4.663000
57.667	4.547000
58.02	4.547000
58.02	4.445000
58.373	4.445000
58.373	4.638000
58.691	4.638000
58.691	4.810000
59.008	4.810000
59.008	4.836000
59.324	4.836000
59.324	4.465000
59.676	4.465000
59.676	4.284000
60.026	4.284000
60.026	4.343000
60.378	4.343000
60.378	4.913000
60.73	4.913000
60.73	5.010000
61.082	5.010000
61.082	4.877000
61.434	4.877000
61.434	5.060000
61.751	5.060000
61.751	5.201000
62.069	5.201000
62.069	5.103000
62.386	5.103000
62.386	4.973000
62.704	4.973000
62.704	4.945000
63.022	4.945000
63.022	4.949000
63.339	4.949000
63.339	4.670000
63.69	4.670000
63.69	4.488000
64.042	4.488000
64.042	4.425000
64.394	4.425000
64.394	5.444000
64.746	5.444000
64.746	5.373000
65.098	5.373000
65.098	5.481000
65.45	5.481000
65.45	4.171000
65.767	4.171000
65.767	4.038000
66.085	4.038000
66.085	4.105000
66.402	4.105000
66.402	5.118000
66.72	5.118000
66.72	5.076000
67.038	5.076000
67.038	5.051000
67.354	5.051000
67.354	4.299000
67.671	4.299000
67.671	4.249000
67.989	4.249000
67.989	4.249000
68.307	4.249000
68.307	5.247000
68.659	5.247000
68.659	5.198000
69.012	5.198000
69.012	5.166000
69.365	5.166000
69.365	4.959000
69.717	4.959000
69.717	5.050000
70.07	5.050000
70.07	5.030000
70.423	5.030000
70.423	4.640000
70.775	4.640000
70.775	4.633000
71.127	4.633000
71.127	4.819000
71.479	4.819000
71.479	5.453000
71.829	5.453000
71.829	5.510000
72.181	5.510000
72.181	5.381000
72.533	5.381000
72.533	5.131000
72.85	5.131000
72.85	5.117000
73.164	5.117000
73.164	5.115000
73.48	5.115000
73.48	4.877000
73.796	4.877000
73.796	4.981000
74.113	4.981000
74.113	4.890000
74.43	4.890000
74.43	5.731000
74.783	5.731000
74.783	5.843000
75.136	5.843000
75.136	5.718000
75.489	5.718000
75.489	6.963000
75.806	6.963000
75.806	6.853000
76.123	6.853000
76.123	7.033000
76.44	7.033000
76.44	4.924000
76.758	4.924000
76.758	4.702000
77.076	4.702000
77.076	4.569000
77.394	4.569000
77.394	6.653000
77.747	6.653000
77.747	6.696000
78.1	6.696000
78.1	6.664000
78.453	6.664000
78.453	7.183000
78.771	7.183000
78.771	6.810000
79.089	6.810000
79.089	6.910000
79.407	6.910000
79.407	5.952000
79.759	5.952000
79.759	5.880000
80.112	5.880000
80.112	5.796000
80.465	5.796000
80.465	6.498000
80.818	6.498000
80.818	6.291000
81.171	6.291000
81.171	6.310000
81.523	6.310000
81.523	4.541000
81.841	4.541000
81.841	4.615000
82.159	4.615000
82.159	4.324000
82.477	4.324000
82.477	4.288000
82.795	4.288000
82.795	4.156000
83.113	4.156000
83.113	4.190000
83.431	4.190000
83.431	5.794000
83.783	5.794000
83.783	5.623000
84.135	5.623000
84.135	5.858000
84.485	5.858000
84.485	4.470000
84.803	4.470000
84.803	4.463000
85.121	4.463000
85.121	4.478000
85.439	4.478000
85.439	5.319000
85.792	5.319000
85.792	5.357000
86.145	5.357000
86.145	5.408000
86.497	5.408000
86.497	5.393000
86.849	5.393000
86.849	5.384000
87.201	5.384000
87.201	5.598000
87.551	5.598000
87.551	4.697000
87.869	4.697000
87.869	5.129000
88.187	5.129000
88.187	4.792000
88.505	4.792000
88.505	5.701000
88.857	5.701000
88.857	5.419000
89.209	5.419000
89.209	5.462000
89.56	5.462000
89.56	6.523000
89.877	6.523000
89.877	6.326000
90.194	6.326000
90.194	6.267000
90.508	6.267000
90.508	4.828000
90.825	4.828000
90.825	5.078000
91.143	5.078000
91.143	4.928000
91.461	4.928000
91.461	5.311000
91.813	5.311000
91.813	5.394000
92.165	5.394000
92.165	5.235000
92.514	5.235000
92.514	4.351000
92.832	4.351000
92.832	4.456000
93.15	4.456000
93.15	4.501000
93.468	4.501000
93.468	4.959000
93.786	4.959000
93.786	4.925000
94.103	4.925000
94.103	4.792000
94.418	4.792000
94.418	5.755000
94.735	5.755000
94.735	5.942000
95.052	5.942000
95.052	5.863000
95.368	5.863000
95.368	4.478000
95.72	4.478000
95.72	4.597000
96.072	4.597000
96.072	4.610000
96.424	4.610000
96.424	5.023000
96.742	5.023000
96.742	4.910000
97.06	4.910000
97.06	4.805000
97.376	4.805000
97.376	4.583000
97.693	4.583000
97.693	4.659000
98.011	4.659000
98.011	4.627000
98.329	4.627000
98.329	4.807000
98.682	4.807000
98.682	4.801000
99.035	4.801000
99.035	4.770000
99.384	4.770000
99.384	5.213000
99.702	5.213000
99.702	5.219000
100.02	5.219000
100.02	5.247000
100.337	5.247000
100.337	4.183000
100.654	4.183000
100.654	4.229000
100.971	4.229000
100.971	4.236000
101.288	4.236000
101.288	4.663000
101.64	4.663000
101.64	4.545000
101.992	4.545000
101.992	4.620000
102.344	4.620000
102.344	4.326000
102.697	4.326000
102.697	4.424000
103.05	4.424000
103.05	4.447000
103.4	4.447000
103.4	3.731000
103.717	3.731000
103.717	3.943000
104.034	3.943000
104.034	3.897000
104.351	3.897000
104.351	5.050000
104.704	5.050000
104.704	5.017000
105.057	5.017000
105.057	5.079000
105.409	5.079000
105.409	5.482000
105.762	5.482000
105.762	5.701000
106.11	5.701000
106.11	5.599000
106.463	5.599000
106.463	5.181000
106.781	5.181000
106.781	5.259000
107.099	5.259000
107.099	5.354000
107.417	5.354000
107.417	5.048000
107.734	5.048000
107.734	5.140000
108.051	5.140000
108.051	5.013000
108.366	5.013000
108.366	4.840000
108.684	4.840000
108.684	4.939000
109.002	4.939000
109.002	5.046000
109.317	5.046000
109.317	4.647000
109.669	4.647000
109.669	4.985000
110.021	4.985000
110.021	4.924000
110.374	4.924000
110.374	5.046000
110.726	5.046000
110.726	4.926000
111.078	4.926000
111.078	5.150000
111.429	5.150000
111.429	5.469000
111.782	5.469000
111.782	5.465000
112.135	5.465000
112.135	5.382000
112.488	5.382000
112.488	4.528000
112.806	4.528000
112.806	4.305000
113.124	4.305000
113.124	4.341000
113.442	4.341000
113.442	5.187000
113.76	5.187000
113.76	4.926000
114.078	4.926000
114.078	5.023000
114.396	5.023000
114.396	4.817000
114.747	4.817000
114.747	5.193000
115.1	5.193000
115.1	5.124000
115.453	5.124000
115.453	4.467000
115.771	4.467000
115.771	4.368000
116.089	4.368000
116.089	4.355000
116.407	4.355000
116.407	4.963000
116.725	4.963000
116.725	4.765000
117.043	4.765000
117.043	4.837000
117.361	4.837000
117.361	4.713000
117.679	4.713000
117.679	4.972000
117.996	4.972000
117.996	4.849000
118.314	4.849000
118.314	5.254000
118.632	5.254000
118.632	5.123000
118.95	5.123000
118.95	5.029000
119.268	5.029000
119.268	4.999000
119.619	4.999000
119.619	5.069000
119.97	5.069000
119.97	5.007000
120.322	5.007000
120.322	6.607000
120.639	6.607000
120.639	6.709000
120.957	6.709000
120.957	6.763000
121.275	6.763000
121.275	5.815000
121.593	5.815000
121.593	5.673000
121.911	5.673000
121.911	5.719000
122.229	5.719000
122.229	5.738000
122.546	5.738000
122.546	5.874000
122.863	5.874000
122.863	5.754000
123.179	5.754000
123.179	4.942000
123.496	4.942000
123.496	5.104000
123.814	5.104000
123.814	5.078000
124.132	5.078000
124.132	6.345000
124.485	6.345000
124.485	6.191000
124.837	6.191000
124.837	6.220000
125.19	6.220000
125.19	8.454000
125.508	8.454000
125.508	8.512000
125.826	8.512000
125.826	8.446000
126.143	8.446000
126.143	4.460000
126.46	4.460000
126.46	4.326000
126.778	4.326000
126.778	4.217000
127.096	4.217000
127.096	5.270000
127.449	5.270000
127.449	5.214000
127.802	5.214000
127.802	5.498000
128.155	5.498000
128.155	4.900000
128.508	4.900000
128.508	4.934000
128.861	4.934000
128.861	5.182000
129.214	5.182000
129.214	4.459000
129.531	4.459000
129.531	4.244000
129.849	4.244000
129.849	4.142000
130.167	4.142000
130.167	5.010000
130.484	5.010000
130.484	4.937000
130.801	4.937000
130.801	4.973000
131.117	4.973000
131.117	9.358000
131.435	9.358000
131.435	8.966000
131.753	8.966000
131.753	9.070000
132.069	9.070000
132.069	4.751000
132.422	4.751000
132.422	4.722000
132.775	4.722000
132.775	4.625000
133.128	4.625000
133.128	4.432000
133.445	4.432000
133.445	4.337000
133.762	4.337000
133.762	4.342000
134.075	4.342000
134.075	4.656000
134.393	4.656000
134.393	4.331000
134.711	4.331000
134.711	4.755000
135.028	4.755000
135.028	4.299000
135.38	4.299000
135.38	4.564000
135.733	4.564000
135.733	4.269000
136.086	4.269000
136.086	4.167000
136.403	4.167000
136.403	3.779000
136.72	3.779000
136.72	3.919000
137.036	3.919000
137.036	4.319000
137.354	4.319000
137.354	4.167000
137.672	4.167000
137.672	4.043000
137.986	4.043000
137.986	4.607000
138.303	4.607000
138.303	4.520000
138.62	4.520000
138.62	4.422000
138.937	4.422000
138.937	4.643000
139.254	4.643000
139.254	4.367000
139.571	4.367000
139.571	4.692000
139.884	4.692000
139.884	4.824000
140.237	4.824000
140.237	5.074000
140.589	5.074000
140.589	4.863000
140.941	4.863000
140.941	4.829000
141.258	4.829000
141.258	4.755000
141.576	4.755000
141.576	4.616000
141.894	4.616000
141.894	4.980000
142.247	4.980000
142.247	4.656000
142.6	4.656000
142.6	4.913000
142.953	4.913000
142.953	4.426000
143.306	4.426000
143.306	4.423000
143.659	4.423000
143.659	4.419000
144.01	4.419000
144.01	4.839000
144.327	4.839000
144.327	4.948000
144.643	4.948000
144.643	4.908000
144.959	4.908000
144.959	4.351000
145.277	4.351000
145.277	4.422000
145.595	4.422000
145.595	4.433000
145.913	4.433000
145.913	4.700000
146.231	4.700000
146.231	4.642000
146.549	4.642000
146.549	4.703000
146.865	4.703000
146.865	5.212000
147.217	5.212000
147.217	5.308000
147.57	5.308000
147.57	5.449000
147.922	5.449000
147.922	4.748000
148.24	4.748000
148.24	4.696000
148.555	4.696000
148.555	4.720000
148.873	4.720000
148.873	5.774000
149.226	5.774000
149.226	5.859000
149.579	5.859000
149.579	5.495000
149.931	5.495000
149.931	4.960000
150.284	4.960000
150.284	4.734000
150.63	4.734000
150.63	4.716000
150.982	4.716000
150.982	5.295000
151.335	5.295000
151.335	5.032000
151.687	5.032000
151.687	5.026000
152.04	5.026000
152.04	4.291000
152.357	4.291000
152.357	4.228000
152.675	4.228000
152.675	4.978000
152.993	4.978000
152.993	5.185000
153.311	5.185000
153.311	5.216000
153.629	5.216000
153.629	5.251000
153.946	5.251000
153.946	5.240000
154.264	5.240000
154.264	5.352000
154.58	5.352000
154.58	5.321000
154.897	5.321000
154.897	4.644000
155.213	4.644000
155.213	4.535000
155.53	4.535000
155.53	4.607000
155.847	4.607000
155.847	4.514000
156.164	4.514000
156.164	4.494000
156.481	4.494000
156.481	4.511000
156.798	4.511000
156.798	4.634000
157.116	4.634000
157.116	4.510000
157.431	4.510000
157.431	4.462000
157.749	4.462000
157.749	4.514000
158.066	4.514000
158.066	4.463000
158.384	4.463000
158.384	4.466000
158.702	4.466000
158.702	4.939000
159.054	4.939000
159.054	5.099000
159.406	5.099000
159.406	5.001000
159.758	5.001000
159.758	5.214000
160.11	5.214000
160.11	5.338000
160.462	5.338000
160.462	5.337000
160.812	5.337000
160.812	4.779000
161.13	4.779000
161.13	4.949000
161.448	4.949000
161.448	5.024000
161.766	5.024000
161.766	5.361000
162.118	5.361000
162.118	4.879000
162.47	4.879000
162.47	4.991000
162.82	4.991000
162.82	5.057000
163.173	5.057000
163.173	5.017000
163.526	5.017000
163.526	4.986000
163.877	4.986000
163.877	4.354000
164.229	4.354000
164.229	4.620000
164.582	4.620000
164.582	4.685000
164.935	4.685000
164.935	4.898000
165.253	4.898000
165.253	4.791000
165.571	4.791000
165.571	4.973000
165.888	4.973000
165.888	6.407000
166.206	6.407000
166.206	6.108000
166.523	6.108000
166.523	5.904000
166.837	5.904000
166.837	4.804000
167.154	4.804000
167.154	4.898000
167.472	4.898000
167.472	4.926000
167.79	4.926000
167.79	4.587000
168.107	4.587000
168.107	4.543000
168.424	4.543000
168.424	4.473000
168.738	4.473000
168.738	5.394000
169.091	5.394000
169.091	5.041000
169.444	5.041000
169.444	5.139000
169.797	5.139000
169.797	4.625000
170.115	4.625000
170.115	5.081000
170.433	5.081000
170.433	5.084000
170.751	5.084000
170.751	5.082000
171.068	5.082000
171.068	4.936000
171.385	4.936000
171.385	4.988000
171.701	4.988000
171.701	4.349000
172.019	4.349000
172.019	4.394000
172.337	4.394000
172.337	4.334000
172.653	4.334000
172.653	5.167000
172.97	5.167000
172.97	5.026000
173.288	5.026000
173.288	5.097000
173.606	5.097000
173.606	5.463000
173.836	5.463000
173.836	4.677000
174.153	4.677000
174.153	4.496000
174.471	4.496000
174.471	4.591000
174.787	4.591000
174.787	4.400000
175.104	4.400000
175.104	4.531000
175.422	4.531000
175.422	4.515000
175.74	4.515000
175.74	4.612000
176.057	4.612000
176.057	4.329000
176.374	4.329000
176.374	4.463000
176.69	4.463000
176.69	4.718000
177.007	4.718000
177.007	4.633000
177.324	4.633000
177.324	4.694000
177.641	4.694000
177.641	4.104000
177.957	4.104000
177.957	4.100000
178.275	4.100000
178.275	4.052000
178.593	4.052000
178.593	4.838000
178.946	4.838000
178.946	4.693000
179.299	4.693000
179.299	4.718000
179.651	4.718000
179.651	5.343000
180.004	5.343000
180.004	5.182000
180.357	5.182000
180.357	5.433000
180.709	5.433000
180.709	4.522000
181.026	4.522000
181.026	4.693000
181.343	4.693000
181.343	4.666000
181.66	4.666000
181.66	5.753000
181.978	5.753000
181.978	5.403000
182.296	5.403000
182.296	5.550000
182.613	5.550000
182.613	4.031000
182.931	4.031000
182.931	4.138000
183.248	4.138000
183.248	3.819000
183.563	3.819000
183.563	4.801000
183.88	4.801000
183.88	4.789000
184.198	4.789000
184.198	4.779000
184.516	4.779000
184.516	5.086000
184.869	5.086000
184.869	5.147000
185.221	5.147000
185.221	5.289000
185.574	5.289000
185.574	4.552000
185.926	4.552000
185.926	4.633000
186.277	4.633000
186.277	4.668000
186.627	4.668000
186.627	4.743000
186.979	4.743000
186.979	5.104000
187.332	5.104000
187.332	4.966000
187.685	4.966000
187.685	4.643000
188.002	4.643000
188.002	4.536000
188.319	4.536000
188.319	4.429000
188.635	4.429000
188.635	4.538000
188.952	4.538000
188.952	4.690000
189.269	4.690000
189.269	4.563000
189.585	4.563000
189.585	4.534000
189.902	4.534000
189.902	4.536000
190.22	4.536000
190.22	4.451000
190.538	4.451000
190.538	4.828000
190.855	4.828000
190.855	4.807000
191.172	4.807000
191.172	4.733000
191.488	4.733000
191.488	5.133000
191.806	5.133000
191.806	5.056000
192.124	5.056000
192.124	5.155000
192.442	5.155000
192.442	4.727000
192.76	4.727000
192.76	4.678000
193.078	4.678000
193.078	4.710000
193.396	4.710000
193.396	5.616000
193.749	5.616000
193.749	5.324000
194.102	5.324000
194.102	5.555000
194.455	5.555000
194.455	4.633000
194.773	4.633000
194.773	4.566000
195.091	4.566000
195.091	4.430000
195.409	4.430000
195.409	4.460000
195.726	4.460000
195.726	4.571000
196.044	4.571000
196.044	4.570000
196.362	4.570000
196.362	5.866000
196.679	5.866000
196.679	5.674000
196.996	5.674000
196.996	5.751000
197.313	5.751000
197.313	5.189000
197.666	5.189000
197.666	5.007000
198.019	5.007000
198.019	5.093000
198.372	5.093000
198.372	4.499000
198.69	4.499000
198.69	4.356000
199.008	4.356000
199.008	4.372000
199.324	4.372000
199.324	4.735000
199.641	4.735000
199.641	4.316000
199.958	4.316000
199.958	4.423000
200.273	4.423000
200.273	4.474000
200.591	4.474000
200.591	4.541000
200.908	4.541000
200.908	4.604000
201.225	4.604000
201.225	5.138000
201.543	5.138000
201.543	4.970000
201.86	4.970000
201.86	5.165000
202.176	5.165000
202.176	5.029000
202.494	5.029000
202.494	4.494000
202.812	4.494000
202.812	4.420000
203.128	4.420000
203.128	5.685000
203.457	5.685000
203.457	5.743000
203.785	5.743000
203.785	5.672000
204.114	5.672000
204.114	4.161000
204.431	4.161000
204.431	3.924000
204.748	3.924000
204.748	3.843000
205.063	3.843000
205.063	4.430000
205.381	4.430000
205.381	4.388000
205.699	4.388000
205.699	4.199000
206.016	4.199000
206.016	5.018000
206.333	5.018000
206.333	5.062000
206.65	5.062000
206.65	5.084000
206.967	5.084000
206.967	5.718000
207.284	5.718000
207.284	5.615000
207.601	5.615000
207.601	5.393000
207.914	5.393000
207.914	4.678000
208.232	4.678000
208.232	4.635000
208.55	4.635000
208.55	4.655000
208.867	4.655000
208.867	4.255000
209.185	4.255000
209.185	4.583000
209.502	4.583000
209.502	4.506000
209.819	4.506000
209.819	5.033000
210.137	5.033000
210.137	4.489000
210.455	4.489000
210.455	4.475000
210.773	4.475000
210.773	5.713000
211.126	5.713000
211.126	5.697000
211.479	5.697000
211.479	5.726000
211.832	5.726000
211.832	4.446000
212.15	4.446000
212.15	4.364000
212.468	4.364000
212.468	4.619000
212.786	4.619000
212.786	4.468000
213.138	4.468000
213.138	4.403000
213.487	4.403000
213.487	4.358000
213.839	4.358000
213.839	4.885000
214.156	4.885000
214.156	4.803000
214.473	4.803000
214.473	4.821000
214.79	4.821000
214.79	6.388000
215.107	6.388000
215.107	6.362000
215.425	6.362000
215.425	6.386000
215.743	6.386000
215.743	4.122000
216.061	4.122000
216.061	4.330000
216.378	4.330000
216.378	4.301000
216.696	4.301000
216.696	5.062000
217.014	5.062000
217.014	5.042000
217.332	5.042000
217.332	4.926000
217.65	4.926000
217.65	4.603000
218.003	4.603000
218.003	4.497000
218.356	4.497000
218.356	4.592000
218.709	4.592000
218.709	4.757000
219.027	4.757000
219.027	4.795000
219.345	4.795000
219.345	4.856000
219.662	4.856000
219.662	4.886000
219.98	4.886000
219.98	4.632000
220.298	4.632000
220.298	4.818000
220.616	4.818000
220.616	4.289000
220.933	4.289000
220.933	4.301000
221.251	4.301000
221.251	4.302000
221.569	4.302000
221.569	4.874000
221.887	4.874000
221.887	4.859000
222.202	4.859000
222.202	4.808000
222.519	4.808000
222.519	5.214000
222.837	5.214000
222.837	5.243000
223.153	5.243000
223.153	5.164000
223.471	5.164000
223.471	5.351000
223.789	5.351000
223.789	5.161000
224.107	5.161000
224.107	5.254000
224.425	5.254000
224.425	5.778000
224.742	5.778000
224.742	5.632000
225.059	5.632000
225.059	5.688000
225.376	5.688000
225.376	4.961000
225.729	4.961000
225.729	5.058000
226.082	5.058000
226.082	4.959000
226.435	4.959000
226.435	4.256000
226.753	4.256000
226.753	4.248000
227.071	4.248000
227.071	4.329000
227.389	4.329000
227.389	4.619000
227.707	4.619000
227.707	4.623000
228.025	4.623000
228.025	4.506000
228.342	4.506000
228.342	5.352000
228.695	5.352000
228.695	5.497000
229.048	5.497000
229.048	5.415000
229.401	5.415000
229.401	4.505000
229.718	4.505000
229.718	4.415000
230.035	4.415000
230.035	4.357000
230.352	4.357000
230.352	5.141000
230.67	5.141000
230.67	5.123000
230.988	5.123000
230.988	5.182000
231.305	5.182000
231.305	4.089000
231.622	4.089000
231.622	4.220000
231.939	4.220000
231.939	4.193000
232.255	4.193000
232.255	4.193000
232.608	4.193000
232.608	4.278000
232.961	4.278000
232.961	4.317000
233.314	4.317000
233.314	5.061000
233.632	5.061000
233.632	4.894000
233.95	4.894000
233.95	4.840000
234.267	4.840000
234.267	4.512000
234.619	4.512000
234.619	4.366000
234.972	4.366000
234.972	4.346000
235.325	4.346000
235.325	5.249000
235.677	5.249000
235.677	5.321000
236.028	5.321000
236.028	5.195000
236.376	5.195000
236.376	6.923000
236.693	6.923000
236.693	6.757000
237.01	6.757000
237.01	6.823000
237.327	6.823000
237.327	4.515000
237.644	4.515000
237.644	4.380000
237.961	4.380000
237.961	4.427000
238.278	4.427000
238.278	5.357000
238.631	5.357000
238.631	4.908000
238.984	4.908000
238.984	4.933000
239.337	4.933000
239.337	4.768000
239.689	4.768000
239.689	4.813000
240.041	4.813000
240.041	4.846000
240.392	4.846000
240.392	5.420000
240.71	5.420000
240.71	5.254000
241.028	5.254000
241.028	5.341000
241.346	5.341000
241.346	5.178000
241.663	5.178000
241.663	5.179000
241.98	5.179000
241.98	5.100000
242.297	5.100000
242.297	4.637000
242.614	4.637000
242.614	4.287000
242.931	4.287000
242.931	4.412000
243.247	4.412000
243.247	4.791000
243.564	4.791000
243.564	4.723000
243.882	4.723000
243.882	4.824000
244.2	4.824000
244.2	5.431000
244.553	5.431000
244.553	5.466000
244.906	5.466000
244.906	5.827000
245.258	5.827000
245.258	5.614000
245.61	5.614000
245.61	5.666000
245.96	5.666000
245.96	5.651000
246.311	5.651000
246.311	4.847000
246.628	4.847000
246.628	4.792000
246.946	4.792000
246.946	4.714000
247.264	4.714000
247.264	5.218000
247.582	5.218000
247.582	5.214000
247.895	5.214000
247.895	5.510000
248.211	5.510000
248.211	4.528000
248.528	4.528000
248.528	4.574000
248.845	4.574000
248.845	4.536000
249.16	4.536000
249.16	4.494000
249.478	4.494000
249.478	4.542000
249.796	4.542000
249.796	4.533000
250.114	4.533000
250.114	5.177000
250.466	5.177000
250.466	5.258000
250.818	5.258000
250.818	5.149000
251.17	5.149000
251.17	5.333000
251.523	5.333000
251.523	5.180000
251.875	5.180000
251.875	5.170000
252.228	5.170000
252.228	4.211000
252.546	4.211000
252.546	4.470000
252.864	4.470000
252.864	4.464000
253.182	4.464000
253.182	4.559000
253.499	4.559000
253.499	4.527000
253.814	4.527000
253.814	4.584000
254.131	4.584000
254.131	5.005000
254.484	5.005000
254.484	4.653000
254.835	4.653000
254.835	4.679000
255.187	4.679000
255.187	4.280000
255.505	4.280000
255.505	4.345000
255.823	4.345000
255.823	4.413000
256.141	4.413000
256.141	4.943000
256.459	4.943000
256.459	4.882000
256.774	4.882000
256.774	4.904000
257.09	4.904000
257.09	5.463000
257.408	5.463000
257.408	5.298000
257.726	5.298000
257.726	5.319000
258.044	5.319000
258.044	4.410000
258.362	4.410000
258.362	4.329000
258.68	4.329000
258.68	4.335000
258.998	4.335000
258.998	4.803000
259.315	4.803000
259.315	4.884000
259.629	4.884000
259.629	4.807000
259.946	4.807000
259.946	4.694000
260.263	4.694000
260.263	4.615000
260.574	4.615000
260.574	4.633000
260.891	4.633000
260.891	4.401000
261.208	4.401000
261.208	4.334000
261.525	4.334000
261.525	4.361000
261.842	4.361000
261.842	5.297000
262.16	5.297000
262.16	5.300000
262.476	5.300000
262.476	5.189000
262.794	5.189000
262.794	4.510000
263.111	4.510000
263.111	4.572000
263.428	4.572000
263.428	4.478000
263.743	4.478000
263.743	4.576000
264.059	4.576000
264.059	4.487000
264.377	4.487000
264.377	4.387000
264.695	4.387000
264.695	5.079000
265.013	5.079000
265.013	4.879000
265.331	4.879000
265.331	4.920000
265.649	4.920000
265.649	5.036000
266.002	5.036000
266.002	4.735000
266.353	4.735000
266.353	4.816000
266.704	4.816000
266.704	4.807000
267.021	4.807000
267.021	4.864000
267.339	4.864000
267.339	4.915000
267.657	4.915000
267.657	5.445000
268.01	5.445000
268.01	5.438000
268.363	5.438000
268.363	5.352000
268.714	5.352000
268.714	4.743000
269.032	4.743000
269.032	4.871000
269.348	4.871000
269.348	4.784000
269.664	4.784000
269.664	4.986000
269.982	4.986000
269.982	4.883000
270.3	4.883000
270.3	5.125000
270.617	5.125000
270.617	4.302000
270.934	4.302000
270.934	4.260000
271.251	4.260000
271.251	4.409000
271.568	4.409000
271.568	5.216000
271.885	5.216000
271.885	4.961000
272.201	4.961000
272.201	5.021000
272.518	5.021000
272.518	5.178000
272.836	5.178000
272.836	5.049000
273.154	5.049000
273.154	5.224000
273.472	5.224000
273.472	4.608000
273.789	4.608000
273.789	4.631000
274.106	4.631000
274.106	4.595000
274.423	4.595000
274.423	4.775000
274.775	4.775000
274.775	4.794000
275.126	4.794000
275.126	4.853000
275.476	4.853000
275.476	4.963000
275.829	4.963000
275.829	4.562000
276.178	4.562000
276.178	4.830000
276.531	4.830000
276.531	4.374000
276.849	4.374000
276.849	4.453000
277.167	4.453000
277.167	4.379000
277.484	4.379000
277.484	4.767000
277.801	4.767000
277.801	4.658000
278.118	4.658000
278.118	4.942000
278.434	4.942000
278.434	4.284000
278.751	4.284000
278.751	4.756000
279.069	4.756000
279.069	4.354000
279.387	4.354000
279.387	4.751000
279.704	4.751000
279.704	4.642000
280.021	4.642000
280.021	4.751000
280.335	4.751000
280.335	4.714000
280.687	4.714000
280.687	4.455000
281.039	4.455000
281.039	4.615000
281.391	4.615000
281.391	4.461000
281.709	4.461000
281.709	4.521000
282.026	4.521000
282.026	4.449000
282.344	4.449000
282.344	4.925000
282.697	4.925000
282.697	4.789000
283.05	4.789000
283.05	4.923000
283.403	4.923000
283.403	4.999000
283.755	4.999000
283.755	4.572000
284.107	4.572000
284.107	4.655000
284.459	4.655000
284.459	4.689000
284.777	4.689000
284.777	4.773000
285.095	4.773000
285.095	4.460000
285.413	4.460000
285.413	4.677000
285.73	4.677000
285.73	4.538000
286.047	4.538000
286.047	4.834000
286.364	4.834000
286.364	5.193000
286.681	5.193000
286.681	4.978000
286.997	4.978000
286.997	5.041000
287.313	5.041000
287.313	4.202000
287.63	4.202000
287.63	4.339000
287.947	4.339000
287.947	4.124000
288.264	4.124000
288.264	5.124000
288.616	5.124000
288.616	5.055000
288.968	5.055000
288.968	5.300000
289.32	5.300000
289.32	4.418000
289.637	4.418000
289.637	4.181000
289.954	4.181000
289.954	4.273000
290.271	4.273000
290.271	4.887000
290.624	4.887000
290.624	4.755000
290.977	4.755000
290.977	4.544000
291.33	4.544000
291.33	4.841000
291.646	4.841000
291.646	4.787000
291.963	4.787000
291.963	4.833000
292.28	4.833000
292.28	5.219000
292.632	5.219000
292.632	5.152000
292.984	5.152000
292.984	5.325000
293.335	5.325000
293.335	4.503000
293.653	4.503000
293.653	4.487000
293.971	4.487000
293.971	4.315000
294.288	4.315000
294.288	5.210000
294.641	5.210000
294.641	5.280000
294.994	5.280000
294.994	5.304000
295.347	5.304000
295.347	4.841000
295.665	4.841000
295.665	4.893000
295.983	4.893000
295.983	4.969000
296.301	4.969000
296.301	4.797000
296.618	4.797000
296.618	4.655000
296.936	4.655000
296.936	4.715000
297.253	4.715000
297.253	5.190000
297.571	5.190000
297.571	5.154000
297.889	5.154000
297.889	5.114000
298.207	5.114000
298.207	4.750000
298.56	4.750000
298.56	4.740000
298.913	4.740000
298.913	4.695000
299.266	4.695000
299.266	4.565000
299.583	4.565000
299.583	4.442000
299.9	4.442000
299.9	4.583000
300.217	4.583000
300.217	4.524000
300.534	4.524000
300.534	4.796000
300.849	4.796000
300.849	4.590000
301.166	4.590000
301.166	4.436000
301.483	4.436000
301.483	4.342000
301.8	4.342000
301.8	4.311000
302.117	4.311000
302.117	4.498000
302.468	4.498000
302.468	4.508000
302.82	4.508000
302.82	4.571000
303.172	4.571000
303.172	5.770000
303.525	5.770000
303.525	5.810000
303.878	5.810000
303.878	5.561000
304.231	5.561000
304.231	4.295000
304.548	4.295000
304.548	4.205000
304.866	4.205000
304.866	4.298000
305.184	4.298000
305.184	5.390000
305.536	5.390000
305.536	5.586000
305.888	5.586000
305.888	5.391000
306.24	5.391000
306.24	6.317000
306.557	6.317000
306.557	6.293000
306.874	6.293000
306.874	6.349000
307.191	6.349000
307.191	4.065000
307.508	4.065000
307.508	4.110000
307.825	4.110000
307.825	4.234000
308.142	4.234000
308.142	4.828000
308.494	4.828000
308.494	4.691000
308.846	4.691000
308.846	4.774000
309.197	4.774000
309.197	6.793000
309.515	6.793000
309.515	6.677000
309.832	6.677000
309.832	6.657000
310.15	6.657000
310.15	6.346000
310.502	6.346000
310.502	6.406000
310.854	6.406000
310.854	6.274000
311.205	6.274000
311.205	5.320000
311.558	5.320000
311.558	5.357000
311.911	5.357000
311.911	5.280000
312.263	5.280000
312.263	9.918000
312.58	9.918000
312.58	9.898000
312.898	9.898000
312.898	9.873000
313.216	9.873000
313.216	4.934000
313.533	4.934000
313.533	4.795000
313.85	4.795000
313.85	4.701000
314.163	4.701000
314.163	9.114000
314.515	9.114000
314.515	9.212000
314.865	9.212000
314.865	9.217000
315.215	9.217000
315.215	9.122000
315.568	9.122000
315.568	9.044000
315.921	9.044000
315.921	9.091000
316.274	9.091000
316.274	7.313000
316.591	7.313000
316.591	7.357000
316.908	7.357000
316.908	7.313000
317.224	7.313000
317.224	6.616000
317.541	6.616000
317.541	6.568000
317.859	6.568000
317.859	6.554000
318.177	6.554000
318.177	7.091000
318.494	7.091000
318.494	6.922000
318.811	6.922000
318.811	6.488000
319.124	6.488000
319.124	5.251000
319.476	5.251000
319.476	5.402000
319.828	5.402000
319.828	5.512000
320.178	5.512000
320.178	4.674000
320.496	4.674000
320.496	4.563000
320.814	4.563000
320.814	4.582000
321.132	4.582000
321.132	4.302000
321.449	4.302000
321.449	4.210000
321.766	4.210000
321.766	4.269000
322.083	4.269000
322.083	4.497000
322.4	4.497000
322.4	4.448000
322.717	4.448000
322.717	4.274000
323.034	4.274000
323.034	4.501000
323.388	4.501000
323.388	4.704000
323.742	4.704000
323.742	4.690000
324.096	4.690000
324.096	4.260000
324.413	4.260000
324.413	4.149000
324.73	4.149000
324.73	4.086000
325.045	4.086000
325.045	5.133000
325.398	5.133000
325.398	5.218000
325.748	5.218000
325.748	5.175000
326.1	5.175000
326.1	4.382000
326.418	4.382000
326.418	4.394000
326.736	4.394000
326.736	4.435000
327.054	4.435000
327.054	4.932000
327.407	4.932000
327.407	4.871000
327.758	4.871000
327.758	4.865000
328.111	4.865000
328.111	4.301000
328.429	4.301000
328.429	4.185000
328.747	4.185000
328.747	4.406000
329.065	4.406000
329.065	4.384000
329.382	4.384000
329.382	4.518000
329.699	4.518000
329.699	4.462000
330.016	4.462000
330.016	4.614000
330.334	4.614000
330.334	4.482000
330.652	4.482000
330.652	4.393000
330.97	4.393000
330.97	4.763000
331.323	4.763000
331.323	4.743000
331.676	4.743000
331.676	4.878000
332.029	4.878000
332.029	5.323000
332.382	5.323000
332.382	5.319000
332.734	5.319000
332.734	5.239000
333.087	5.239000
333.087	4.760000
333.44	4.760000
333.44	4.536000
333.791	4.536000
333.791	4.622000
334.144	4.622000
334.144	4.093000
334.462	4.093000
334.462	4.168000
334.78	4.168000
334.78	4.240000
335.098	4.240000
335.098	4.980000
335.45	4.980000
335.45	4.783000
335.8	4.783000
335.8	4.693000
336.152	4.693000
336.152	9.963000
336.469	9.963000
336.469	9.987000
336.786	9.987000
336.786	9.896000
337.1	9.896000
337.1	4.317000
337.417	4.317000
337.417	4.330000
337.734	4.330000
337.734	4.339000
338.051	4.339000
338.051	4.791000
338.368	4.791000
338.368	4.740000
338.685	4.740000
338.685	4.685000
339.002	4.685000
339.002	4.687000
339.319	4.687000
339.319	4.716000
339.634	4.716000
339.634	4.681000
339.951	4.681000
339.951	4.672000
340.269	4.672000
340.269	4.531000
340.587	4.531000
340.587	4.583000
340.905	4.583000
340.905	4.387000
341.222	4.387000
341.222	4.818000
341.539	4.818000
341.539	4.553000
341.855	4.553000
341.855	5.459000
342.172	5.459000
342.172	5.170000
342.486	5.170000
342.486	5.206000
342.803	5.206000
342.803	4.742000
343.121	4.742000
343.121	4.791000
343.439	4.791000
343.439	4.861000
343.757	4.861000
343.757	5.462000
344.11	5.462000
344.11	5.435000
344.462	5.435000
344.462	5.447000
344.815	5.447000
344.815	5.254000
345.133	5.254000
345.133	5.151000
345.451	5.151000
345.451	5.106000
345.767	5.106000
345.767	4.633000
346.12	4.633000
346.12	5.007000
346.473	5.007000
346.473	4.504000
346.826	4.504000
346.826	4.704000
347.179	4.704000
347.179	4.446000
347.532	4.446000
347.532	4.502000
347.885	4.502000
347.885	4.715000
348.203	4.715000
348.203	4.526000
348.521	4.526000
348.521	4.450000
348.839	4.450000
348.839	4.729000
349.156	4.729000
349.156	4.771000
349.474	4.771000
349.474	4.737000
349.792	4.737000
349.792	5.281000
350.11	5.281000
350.11	4.713000
350.428	4.713000
350.428	4.822000
350.746	4.822000
350.746	5.014000
351.064	5.014000
351.064	4.887000
351.382	4.887000
351.382	4.827000
351.7	4.827000
351.7	4.672000
352.018	4.672000
352.018	4.514000
352.336	4.514000
352.336	4.719000
352.651	4.719000
352.651	5.100000
352.968	5.100000
352.968	4.893000
353.285	4.893000
353.285	5.113000
353.602	5.113000
353.602	4.502000
353.92	4.502000
353.92	4.588000
354.238	4.588000
354.238	4.381000
354.556	4.381000
354.556	4.679000
354.873	4.679000
354.873	4.460000
355.19	4.460000
355.19	4.549000
355.507	4.549000
355.507	4.999000
355.824	4.999000
355.824	4.897000
356.141	4.897000
356.141	5.169000
356.458	5.169000
356.458	5.983000
356.775	5.983000
356.775	6.057000
357.093	6.057000
357.093	5.994000
357.411	5.994000
357.411	3.914000
357.728	3.914000
357.728	3.858000
358.045	3.858000
358.045	3.929000
358.355	3.929000
358.355	4.737000
358.708	4.737000
358.708	4.996000
359.061	4.996000
359.061	4.859000
359.414	4.859000
359.414	5.725000
359.767	5.725000
359.767	5.643000
360.12	5.643000
360.12	5.669000
360.473	5.669000
360.473	4.596000
360.79	4.596000
360.79	4.508000
361.107	4.508000
361.107	4.559000
361.424	4.559000
361.424	5.285000
361.742	5.285000
361.742	5.013000
362.057	5.013000
362.057	5.225000
362.374	5.225000
362.374	4.129000
362.691	4.129000
362.691	3.796000
363.008	3.796000
363.008	3.981000
363.324	3.981000
363.324	4.602000
363.641	4.602000
363.641	4.721000
363.959	4.721000
363.959	4.668000
364.277	4.668000
364.277	5.030000
364.594	5.030000
364.594	4.900000
364.911	4.900000
364.911	4.914000
365.227	4.914000
365.227	5.177000
365.579	5.177000
365.579	5.018000
365.93	5.018000
365.93	4.862000
366.283	4.862000
366.283	4.543000
366.601	4.543000
366.601	4.455000
366.919	4.455000
366.919	4.447000
367.237	4.447000
367.237	5.031000
367.555	5.031000
367.555	5.042000
367.871	5.042000
367.871	4.958000
368.188	4.958000
368.188	4.285000
368.504	4.285000
368.504	4.193000
368.821	4.193000
368.821	3.915000
369.138	3.915000
369.138	4.718000
369.456	4.718000
369.456	4.678000
369.774	4.678000
369.774	4.871000
370.092	4.871000
370.092	4.455000
370.41	4.455000
370.41	4.466000
370.728	4.466000
370.728	4.468000
371.046	4.468000
371.046	4.525000
371.363	4.525000
371.363	4.533000
371.68	4.533000
371.68	4.545000
371.997	4.545000
371.997	4.566000
372.314	4.566000
372.314	4.635000
372.631	4.635000
372.631	4.650000
372.948	4.650000
372.948	4.732000
373.265	4.732000
373.265	4.585000
373.582	4.585000
373.582	4.670000
373.899	4.670000
373.899	5.971000
374.252	5.971000
374.252	5.916000
374.602	5.916000
374.602	6.110000
374.955	6.110000
374.955	4.644000
375.273	4.644000
375.273	4.692000
375.591	4.692000
375.591	4.572000
375.909	4.572000
375.909	4.379000
376.226	4.379000
376.226	4.531000
376.541	4.531000
376.541	4.566000
376.858	4.566000
376.858	4.350000
377.176	4.350000
377.176	4.186000
377.494	4.186000
377.494	4.287000
377.808	4.287000
377.808	4.792000
378.125	4.792000
378.125	4.853000
378.443	4.853000
378.443	4.730000
378.761	4.730000
378.761	5.471000
379.079	5.471000
379.079	5.411000
379.395	5.411000
379.395	5.430000
379.713	5.430000
379.713	4.938000
380.031	4.938000
380.031	4.848000
380.349	4.848000
380.349	4.924000
380.666	4.924000
380.666	4.709000
380.983	4.709000
380.983	4.791000
381.3	4.791000
381.3	4.831000
381.617	4.831000
381.617	5.123000
381.97	5.123000
381.97	5.004000
382.323	5.004000
382.323	5.216000
382.676	5.216000
382.676	4.703000
383.029	4.703000
383.029	4.655000
383.379	4.655000
383.379	4.658000
383.732	4.658000
383.732	4.392000
384.048	4.392000
384.048	4.495000
384.365	4.495000
384.365	4.383000
384.682	4.383000
384.682	4.430000
384.999	4.430000
384.999	4.502000
385.314	4.502000
385.314	4.563000
385.631	4.563000
385.631	4.210000
385.948	4.210000
385.948	4.196000
386.265	4.196000
386.265	4.186000
386.581	4.186000
386.581	3.963000
386.898	3.963000
386.898	3.950000
387.216	3.950000
387.216	3.927000
387.534	3.927000
387.534	5.843000
387.886	5.843000
387.886	5.691000
388.238	5.691000
388.238	5.761000
388.59	5.761000
388.59	4.542000
388.907	4.542000
388.907	4.449000
389.224	4.449000
389.224	4.470000
389.538	4.470000
389.538	4.736000
389.855	4.736000
389.855	4.862000
390.173	4.862000
390.173	4.779000
390.491	4.779000
390.491	4.648000
390.808	4.648000
390.808	4.342000
391.124	4.342000
391.124	4.355000
391.441	4.355000
391.441	4.764000
391.758	4.764000
391.758	4.609000
392.075	4.609000
392.075	4.582000
392.391	4.582000
392.391	4.278000
392.709	4.278000
392.709	4.320000
393.027	4.320000
393.027	4.305000
393.345	4.305000
393.345	4.507000
393.662	4.507000
393.662	4.609000
393.979	4.609000
393.979	4.707000
394.295	4.707000
394.295	4.625000
394.648	4.625000
394.648	4.770000
395.0	4.770000
395.0	4.554000
395.352	4.554000
395.352	5.075000
395.705	5.075000
395.705	4.596000
396.058	4.596000
396.058	4.596000
396.411	4.596000
396.411	5.069000
396.764	5.069000
396.764	5.077000
397.117	5.077000
397.117	5.211000
397.469	5.211000
397.469	5.229000
397.787	5.229000
397.787	5.080000
398.105	5.080000
398.105	5.362000
398.423	5.362000
398.423	4.801000
398.741	4.801000
398.741	4.727000
399.059	4.727000
399.059	4.714000
399.377	4.714000
399.377	5.610000
399.73	5.610000
399.73	5.672000
400.08	5.672000
400.08	5.591000
400.432	5.591000
400.432	5.476000
400.785	5.476000
400.785	5.338000
401.138	5.338000
401.138	5.694000
401.49	5.694000
401.49	4.669000
401.808	4.669000
401.808	4.578000
402.126	4.578000
402.126	4.614000
402.444	4.614000
402.444	5.658000
402.796	5.658000
402.796	5.352000
403.148	5.352000
403.148	5.374000
403.499	5.374000
403.499	4.055000
403.851	4.055000
403.851	3.981000
404.202	3.981000
404.202	4.047000
404.553	4.047000
404.553	5.107000
404.868	5.107000
404.868	5.128000
405.185	5.128000
405.185	5.034000
405.502	5.034000
405.502	5.095000
405.812	5.095000
405.812	5.165000
406.122	5.165000
406.122	5.243000
406.431	5.243000
406.431	5.075000
406.749	5.075000
406.749	5.050000
407.067	5.050000
407.067	5.095000
407.385	5.095000
407.385	5.847000
407.701	5.847000
407.701	5.916000
408.019	5.916000
408.019	5.913000
408.337	5.913000
408.337	4.872000
408.69	4.872000
408.69	4.993000
409.041	4.993000
409.041	4.940000
409.394	4.940000
409.394	4.805000
409.746	4.805000
409.746	4.842000
410.098	4.842000
410.098	4.862000
410.449	4.862000
410.449	5.268000
410.767	5.268000
410.767	5.709000
411.085	5.709000
411.085	5.676000
411.403	5.676000
411.403	5.481000
411.72	5.481000
411.72	5.318000
412.037	5.318000
412.037	5.149000
412.352	5.149000
412.352	5.103000
412.705	5.103000
412.705	5.044000
413.057	5.044000
413.057	5.096000
413.41	5.096000
413.41	7.696000
413.728	7.696000
413.728	7.669000
414.046	7.669000
414.046	7.770000
414.364	7.770000
414.364	6.701000
414.716	6.701000
414.716	6.634000
415.068	6.634000
415.068	6.513000
415.419	6.513000
415.419	5.177000
415.77	5.177000
415.77	5.075000
416.122	5.075000
416.122	5.095000
416.471	5.095000
416.471	4.362000
416.789	4.362000
416.789	4.311000
417.107	4.311000
417.107	4.350000
417.425	4.350000
417.425	4.471000
417.742	4.471000
417.742	4.592000
418.057	4.592000
418.057	4.600000
418.371	4.600000
418.371	0.000000
418.371	0.000000
418.371	0.000000
418.371	0.000000
418.371	0.000000
418.371	0.000000
418.371	4.875000
418.688	4.875000
418.688	4.631000
419.005	4.631000
419.005	4.718000
419.32	4.718000
419.32	4.103000
419.637	4.103000
419.637	4.020000
419.955	4.020000
419.955	4.115000
420.273	4.115000
420.273	4.423000
420.59	4.423000
420.59	4.567000
420.906	4.567000
420.906	4.464000
421.221	4.464000
421.221	4.360000
421.538	4.360000
421.538	4.568000
421.854	4.568000
421.854	4.259000
422.171	4.259000
422.171	4.172000
422.489	4.172000
422.489	4.051000
422.807	4.051000
422.807	4.059000
423.125	4.059000
423.125	4.162000
423.442	4.162000
423.442	4.280000
423.757	4.280000
423.757	4.131000
424.074	4.131000
424.074	5.689000
424.426	5.689000
424.426	5.556000
424.778	5.556000
424.778	5.599000
425.13	5.599000
425.13	4.259000
425.447	4.259000
425.447	4.214000
425.765	4.214000
425.765	4.215000
426.083	4.215000
426.083	5.027000
426.436	5.027000
426.436	5.036000
426.783	5.036000
426.783	5.013000
427.134	5.013000
427.134	5.219000
427.452	5.219000
427.452	5.236000
427.769	5.236000
427.769	5.066000
428.084	5.066000
428.084	7.548000
428.402	7.548000
428.402	7.546000
428.72	7.546000
428.72	7.503000
429.038	7.503000
429.038	6.360000
429.356	6.360000
429.356	6.386000
429.673	6.386000
429.673	6.198000
429.99	6.198000
429.99	4.158000
430.308	4.158000
430.308	4.211000
430.626	4.211000
430.626	4.236000
430.944	4.236000
430.944	4.144000
431.261	4.144000
431.261	4.021000
431.578	4.021000
431.578	4.078000
431.895	4.078000
431.895	4.716000
432.212	4.716000
432.212	4.651000
432.529	4.651000
432.529	4.684000
432.844	4.684000
432.844	4.422000
433.196	4.422000
433.196	4.453000
433.547	4.453000
433.547	4.673000
433.896	4.673000
433.896	4.288000
434.248	4.288000
434.248	4.163000
434.601	4.163000
434.601	4.335000
434.954	4.335000
434.954	4.611000
435.271	4.611000
435.271	4.634000
435.587	4.634000
435.587	4.636000
435.904	4.636000
435.904	4.857000
436.221	4.857000
436.221	4.796000
436.538	4.796000
436.538	4.708000
436.854	4.708000
436.854	4.968000
437.205	4.968000
437.205	4.866000
437.557	4.866000
437.557	4.802000
437.908	4.802000
437.908	4.953000
438.26	4.953000
438.26	4.906000
438.611	4.906000
438.611	4.964000
438.961	4.964000
438.961	4.789000
439.278	4.789000
439.278	4.842000
439.595	4.842000
439.595	4.961000
439.911	4.961000
439.911	4.747000
440.228	4.747000
440.228	4.535000
440.546	4.535000
440.546	4.584000
440.864	4.584000
440.864	4.048000
441.181	4.048000
441.181	4.217000
441.498	4.217000
441.498	4.133000
441.814	4.133000
441.814	4.898000
442.166	4.898000
442.166	5.037000
442.518	5.037000
442.518	4.921000
442.87	4.921000
442.87	3.108000
443.188	3.108000
443.188	3.410000
443.506	3.410000
443.506	3.436000
443.822	3.436000
443.822	4.393000
444.14	4.393000
444.14	4.219000
444.458	4.219000
444.458	4.441000
444.776	4.441000
444.776	5.163000
445.094	5.163000
445.094	5.207000
445.411	5.207000
445.411	5.131000
445.729	5.131000
445.729	3.342000
446.047	3.342000
446.047	3.577000
446.364	3.577000
446.364	3.549000
446.681	3.549000
446.681	4.813000
446.999	4.813000
446.999	4.891000
447.317	4.891000
447.317	4.713000
447.635	4.713000
447.635	2.884000
447.988	2.884000
447.988	3.193000
448.341	3.193000
448.341	3.283000
448.694	3.283000
448.694	4.838000
449.011	4.838000
449.011	4.855000
449.327	4.855000
449.327	4.882000
449.644	4.882000
449.644	4.378000
449.961	4.378000
449.961	4.281000
450.278	4.281000
450.278	4.477000
450.594	4.477000
450.594	3.173000
450.912	3.173000
450.912	3.186000
451.23	3.186000
451.23	3.327000
451.547	3.327000
451.547	4.285000
451.864	4.285000
451.864	4.287000
452.181	4.287000
452.181	4.117000
452.498	4.117000
452.498	4.823000
452.815	4.823000
452.815	4.751000
453.132	4.751000
453.132	4.765000
453.448	4.765000
453.448	7.294000
453.765	7.294000
453.765	7.240000
454.082	7.240000
454.082	7.267000
454.398	7.267000
454.398	5.267000
454.715	5.267000
454.715	5.210000
455.032	5.210000
455.032	5.169000
455.349	5.169000
455.349	6.390000
455.666	6.390000
455.666	6.405000
455.983	6.405000
455.983	6.377000
456.3	6.377000
456.3	3.501000
456.618	3.501000
456.618	3.634000
456.936	3.634000
456.936	3.731000
457.253	3.731000
457.253	4.710000
457.606	4.710000
457.606	4.683000
457.958	4.683000
457.958	4.554000
458.311	4.554000
458.311	4.988000
458.662	4.988000
458.662	4.786000
459.013	4.786000
459.013	4.906000
459.361	4.906000
459.361	3.941000
459.676	3.941000
459.676	4.441000
459.992	4.441000
459.992	4.459000
460.302	4.459000
460.302	5.284000
460.62	5.284000
460.62	5.245000
460.938	5.245000
460.938	5.189000
461.256	5.189000
461.256	5.061000
461.571	5.061000
461.571	5.041000
461.887	5.041000
461.887	4.873000
462.204	4.873000
462.204	3.331000
462.522	3.331000
462.522	3.428000
462.837	3.428000
462.837	3.665000
463.151	3.665000
463.151	5.032000
463.469	5.032000
463.469	4.891000
463.787	4.891000
463.787	4.911000
464.1	4.911000
464.1	5.247000
464.418	5.247000
464.418	5.042000
464.735	5.042000
464.735	4.960000
465.051	4.960000
465.051	4.022000
465.368	4.022000
465.368	4.693000
465.683	4.693000
465.683	4.550000
465.995	4.550000
465.995	5.287000
466.347	5.287000
466.347	5.074000
466.699	5.074000
466.699	5.133000
467.051	5.133000
467.051	4.399000
467.369	4.399000
467.369	4.158000
467.687	4.158000
467.687	4.113000
468.005	4.113000
468.005	3.410000
468.322	3.410000
468.322	3.454000
468.639	3.454000
468.639	3.476000
468.949	3.476000
468.949	4.817000
469.301	4.817000
469.301	4.528000
469.653	4.528000
469.653	4.616000
470.004	4.616000
470.004	4.264000
470.321	4.264000
470.321	4.258000
470.637	4.258000
470.637	4.215000
470.954	4.215000
470.954	2.981000
471.269	2.981000
471.269	2.947000
471.586	2.947000
471.586	3.291000
471.898	3.291000
471.898	4.254000
472.215	4.254000
472.215	4.160000
472.532	4.160000
472.532	4.234000
472.849	4.234000
472.849	4.787000
473.2	4.787000
473.2	4.837000
473.552	4.837000
473.552	4.819000
473.904	4.819000
473.904	6.524000
474.221	6.524000
474.221	6.402000
474.539	6.402000
474.539	6.618000
474.854	6.618000
474.854	4.517000
475.17	4.517000
475.17	4.250000
475.487	4.250000
475.487	4.346000
475.802	4.346000
475.802	7.445000
476.152	7.445000
476.152	7.436000
476.503	7.436000
476.503	7.268000
476.855	7.268000
476.855	5.205000
477.172	5.205000
477.172	5.062000
477.489	5.062000
477.489	5.253000
477.805	5.253000
477.805	6.387000
478.122	6.387000
478.122	6.583000
478.439	6.583000
478.439	6.492000
478.756	6.492000
478.756	4.322000
479.074	4.322000
479.074	4.285000
479.389	4.285000
479.389	4.270000
479.705	4.270000
479.705	3.344000
480.022	3.344000
480.022	3.178000
480.34	3.178000
480.34	3.587000
480.655	3.587000
480.655	4.837000
481.006	4.837000
481.006	4.774000
481.356	4.774000
481.356	4.650000
481.708	4.650000
481.708	7.621000
482.06	7.621000
482.06	7.631000
482.408	7.631000
482.408	7.464000
482.76	7.464000
482.76	3.542000
483.078	3.542000
483.078	3.404000
483.396	3.404000
483.396	3.965000
483.714	3.965000
483.714	3.745000
484.031	3.745000
484.031	3.731000
484.348	3.731000
484.348	3.769000
484.665	3.769000
484.665	5.153000
484.981	5.153000
484.981	4.818000
485.298	4.818000
485.298	4.811000
485.614	4.811000
485.614	3.518000
485.932	3.518000
485.932	3.511000
486.25	3.511000
486.25	3.682000
486.564	3.682000
486.564	4.994000
486.917	4.994000
486.917	5.003000
487.268	5.003000
487.268	4.925000
487.621	4.925000
487.621	4.622000
487.973	4.622000
487.973	4.489000
488.323	4.489000
488.323	4.488000
488.674	4.488000
488.674	3.563000
488.991	3.563000
488.991	3.254000
489.309	3.254000
489.309	3.631000
489.626	3.631000
489.626	4.529000
489.943	4.529000
489.943	4.319000
490.26	4.319000
490.26	4.426000
490.577	4.426000
490.577	4.745000
490.93	4.745000
490.93	4.881000
491.28	4.881000
491.28	4.654000
491.633	4.654000
491.633	3.223000
491.951	3.223000
491.951	3.142000
492.269	3.142000
492.269	3.521000
492.585	3.521000
492.585	5.088000
492.901	5.088000
492.901	5.120000
493.218	5.120000
493.218	4.958000
493.535	4.958000
493.535	4.881000
493.887	4.881000
493.887	4.637000
494.239	4.637000
494.239	4.795000
494.589	4.795000
494.589	3.187000
494.907	3.187000
494.907	3.123000
495.225	3.123000
495.225	3.458000
495.539	3.458000
495.539	4.713000
495.857	4.713000
495.857	4.607000
496.174	4.607000
496.174	4.477000
496.49	4.477000
496.49	4.613000
496.807	4.613000
496.807	4.423000
497.124	4.423000
497.124	4.525000
497.441	4.525000
497.441	5.929000
497.757	5.929000
497.757	5.992000
498.074	5.992000
498.074	6.228000
498.384	6.228000
498.384	6.825000
498.735	6.825000
498.735	6.809000
499.087	6.809000
499.087	6.725000
499.439	6.725000
499.439	6.779000
499.791	6.779000
499.791	6.877000
500.143	6.877000
500.143	6.801000
500.494	6.801000
500.494	3.267000
500.81	3.267000
500.81	3.176000
501.128	3.176000
501.128	3.578000
501.445	3.578000
501.445	4.842000
501.762	4.842000
501.762	4.663000
502.079	4.663000
502.079	4.881000
502.392	4.881000
502.392	5.198000
502.745	5.198000
502.745	5.275000
503.097	5.275000
503.097	5.102000
503.449	5.102000
503.449	3.198000
503.767	3.198000
503.767	2.899000
504.085	2.899000
504.085	3.502000
504.395	3.502000
504.395	4.429000
504.711	4.429000
504.711	4.502000
505.028	4.502000
505.028	4.547000
505.343	4.547000
505.343	4.450000
505.659	4.450000
505.659	4.593000
505.976	4.593000
505.976	4.541000
506.293	4.541000
506.293	3.534000
506.61	3.534000
506.61	3.030000
506.927	3.030000
506.927	3.606000
507.238	3.606000
507.238	5.318000
507.59	5.318000
507.59	5.146000
507.942	5.146000
507.942	5.209000
508.291	5.209000
508.291	3.453000
508.607	3.453000
508.607	3.281000
508.924	3.281000
508.924	3.633000
509.236	3.633000
509.236	5.145000
509.553	5.145000
509.553	4.980000
509.87	4.980000
509.87	5.027000
510.187	5.027000
510.187	4.987000
510.502	4.987000
510.502	5.045000
510.819	5.045000
510.819	4.993000
511.135	4.993000
511.135	4.736000
511.487	4.736000
511.487	4.736000
511.839	4.736000
511.839	4.685000
512.191	4.685000
