0.0	5.851000
0.354	5.851000
0.354	5.497000
0.708	5.497000
0.708	5.400000
1.062	5.400000
1.062	5.510000
1.38	5.510000
1.38	5.410000
1.7	5.410000
1.7	5.319000
2.02	5.319000
2.02	6.263000
2.374	6.263000
2.374	5.941000
2.728	5.941000
2.728	5.970000
3.082	5.970000
3.082	5.848000
3.435	5.848000
3.435	6.024000
3.787	6.024000
3.787	5.599000
4.14	5.599000
4.14	4.940000
4.456	4.940000
4.456	4.746000
4.774	4.746000
4.774	4.875000
5.093	4.875000
5.093	6.665000
5.443	6.665000
5.443	6.552000
5.792	6.552000
5.792	6.295000
6.142	6.295000
6.142	5.481000
6.459	5.481000
6.459	6.015000
6.775	6.015000
6.775	6.391000
7.094	6.391000
7.094	5.089000
7.409	5.089000
7.409	5.331000
7.722	5.331000
7.722	5.399000
8.036	5.399000
8.036	6.239000
8.387	6.239000
8.387	5.871000
8.737	5.871000
8.737	5.832000
9.087	5.832000
9.087	5.806000
9.406	5.806000
9.406	5.863000
9.725	5.863000
9.725	5.765000
10.044	5.765000
10.044	5.113000
10.361	5.113000
10.361	4.822000
10.68	4.822000
10.68	4.896000
10.999	4.896000
10.999	5.804000
11.317	5.804000
11.317	5.745000
11.636	5.745000
11.636	5.704000
11.954	5.704000
11.954	5.190000
12.308	5.190000
12.308	5.419000
12.662	5.419000
12.662	4.905000
13.016	4.905000
13.016	4.657000
13.334	4.657000
13.334	4.461000
13.653	4.461000
13.653	4.438000
13.972	4.438000
13.972	5.654000
14.326	5.654000
14.326	6.117000
14.68	6.117000
14.68	6.008000
15.034	6.008000
15.034	5.495000
15.388	5.495000
15.388	5.725000
15.741	5.725000
15.741	5.298000
16.095	5.298000
16.095	5.321000
16.414	5.321000
16.414	5.182000
16.732	5.182000
16.732	5.373000
17.051	5.373000
17.051	6.176000
17.405	6.176000
17.405	6.076000
17.758	6.076000
17.758	5.766000
18.112	5.766000
18.112	5.961000
18.465	5.961000
18.465	6.060000
18.817	6.060000
18.817	6.174000
19.17	6.174000
19.17	4.884000
19.486	4.884000
19.486	5.076000
19.807	5.076000
19.807	5.093000
20.128	5.093000
20.128	6.276000
20.482	6.276000
20.482	5.738000
20.836	5.738000
20.836	5.873000
21.188	5.873000
21.188	5.804000
21.541	5.804000
21.541	6.106000
21.893	6.106000
21.893	5.691000
22.245	5.691000
22.245	5.037000
22.563	5.037000
22.563	4.958000
22.882	4.958000
22.882	4.926000
23.201	4.926000
23.201	5.476000
23.554	5.476000
23.554	5.329000
23.907	5.329000
23.907	5.127000
24.26	5.127000
24.26	5.637000
24.613	5.637000
24.613	6.423000
24.966	6.423000
24.966	5.987000
25.319	5.987000
25.319	4.868000
25.637	4.868000
25.637	4.676000
25.957	4.676000
25.957	4.714000
26.277	4.714000
26.277	5.185000
26.631	5.185000
26.631	5.678000
26.983	5.678000
26.983	5.413000
27.336	5.413000
27.336	5.550000
27.689	5.550000
27.689	5.770000
28.039	5.770000
28.039	5.707000
28.389	5.707000
28.389	5.038000
28.705	5.038000
28.705	5.154000
29.023	5.154000
29.023	5.123000
29.342	5.123000
29.342	5.279000
29.696	5.279000
29.696	5.504000
30.05	5.504000
30.05	5.210000
30.402	5.210000
30.402	6.107000
30.756	6.107000
30.756	6.165000
31.108	6.165000
31.108	6.301000
31.461	6.301000
31.461	4.954000
31.814	4.954000
31.814	4.837000
32.168	4.837000
32.168	5.061000
32.522	5.061000
32.522	6.048000
32.876	6.048000
32.876	6.527000
33.229	6.527000
33.229	6.292000
33.582	6.292000
33.582	5.845000
33.936	5.845000
33.936	6.101000
34.289	6.101000
34.289	5.956000
34.642	5.956000
34.642	4.430000
34.958	4.430000
34.958	4.387000
35.278	4.387000
35.278	4.505000
35.598	4.505000
35.598	5.862000
35.952	5.862000
35.952	5.521000
36.306	5.521000
36.306	5.967000
36.66	5.967000
36.66	5.763000
37.014	5.763000
37.014	5.609000
37.368	5.609000
37.368	5.539000
37.722	5.539000
37.722	5.225000
38.038	5.225000
38.038	5.282000
38.355	5.282000
38.355	5.334000
38.674	5.334000
38.674	5.518000
39.028	5.518000
39.028	5.656000
39.381	5.656000
39.381	5.210000
39.735	5.210000
39.735	5.584000
40.089	5.584000
40.089	5.853000
40.441	5.853000
40.441	5.320000
40.795	5.320000
40.795	4.876000
41.113	4.876000
41.113	4.893000
41.433	4.893000
41.433	4.857000
41.753	4.857000
41.753	6.037000
42.106	6.037000
42.106	5.743000
42.459	5.743000
42.459	5.599000
42.811	5.599000
42.811	5.951000
43.13	5.951000
43.13	5.824000
43.449	5.824000
43.449	5.911000
43.768	5.911000
43.768	4.644000
44.083	4.644000
44.083	4.466000
44.401	4.466000
44.401	4.503000
44.719	4.503000
44.719	5.311000
45.073	5.311000
45.073	5.436000
45.426	5.436000
45.426	5.028000
45.78	5.028000
45.78	5.940000
46.134	5.940000
46.134	6.265000
46.485	6.265000
46.485	5.792000
46.839	5.792000
46.839	4.879000
47.158	4.879000
47.158	5.357000
47.478	5.357000
47.478	5.472000
47.798	5.472000
47.798	5.137000
48.117	5.137000
48.117	5.097000
48.436	5.097000
48.436	5.138000
48.755	5.138000
48.755	5.610000
49.109	5.610000
49.109	6.167000
49.462	6.167000
49.462	5.728000
49.816	5.728000
49.816	5.788000
50.135	5.788000
50.135	5.717000
50.455	5.717000
50.455	5.827000
50.775	5.827000
50.775	5.384000
51.129	5.384000
51.129	5.320000
51.483	5.320000
51.483	6.111000
51.837	6.111000
51.837	5.943000
52.19	5.943000
52.19	5.716000
52.544	5.716000
52.544	5.640000
52.897	5.640000
52.897	4.863000
53.245	4.863000
53.245	4.756000
53.599	4.756000
53.599	4.742000
53.952	4.742000
53.952	6.319000
54.236	6.319000
54.236	6.065000
54.52	6.065000
54.52	6.745000
54.804	6.745000
54.804	6.086000
55.158	6.086000
55.158	5.872000
55.512	5.872000
55.512	5.799000
55.866	5.799000
55.866	5.329000
56.218	5.329000
56.218	5.481000
56.573	5.481000
56.573	5.491000
56.928	5.491000
56.928	5.420000
57.282	5.420000
57.282	5.658000
57.634	5.658000
57.634	5.428000
57.988	5.428000
57.988	5.162000
58.342	5.162000
58.342	5.676000
58.695	5.676000
58.695	5.353000
59.049	5.353000
59.049	4.577000
59.403	4.577000
59.403	4.406000
59.757	4.406000
59.757	4.369000
60.111	4.369000
60.111	5.580000
60.465	5.580000
60.465	5.403000
60.818	5.403000
60.818	5.452000
61.171	5.452000
61.171	5.005000
61.525	5.005000
61.525	5.121000
61.877	5.121000
61.877	4.935000
62.231	4.935000
62.231	4.981000
62.549	4.981000
62.549	5.001000
62.869	5.001000
62.869	4.977000
63.189	4.977000
63.189	6.283000
63.543	6.283000
63.543	6.011000
63.897	6.011000
63.897	5.688000
64.251	5.688000
64.251	6.569000
64.605	6.569000
64.605	6.819000
64.959	6.819000
64.959	6.392000
65.313	6.392000
65.313	4.853000
65.63	4.853000
65.63	4.909000
65.949	4.909000
65.949	4.947000
66.268	4.947000
66.268	5.719000
66.587	5.719000
66.587	5.568000
66.906	5.568000
66.906	5.576000
67.225	5.576000
67.225	5.586000
67.579	5.586000
67.579	5.415000
67.933	5.415000
67.933	5.409000
68.287	5.409000
68.287	4.652000
68.607	4.652000
68.607	4.508000
68.927	4.508000
68.927	4.533000
69.247	4.533000
69.247	6.286000
69.601	6.286000
69.601	6.890000
69.955	6.890000
69.955	6.380000
70.309	6.380000
70.309	6.691000
70.628	6.691000
70.628	6.493000
70.947	6.493000
70.947	5.802000
71.266	5.802000
71.266	4.750000
71.583	4.750000
71.583	4.647000
71.901	4.647000
71.901	4.545000
72.218	4.545000
72.218	5.930000
72.572	5.930000
72.572	6.215000
72.926	6.215000
72.926	5.590000
73.28	5.590000
73.28	5.475000
73.634	5.475000
73.634	5.701000
73.988	5.701000
73.988	5.708000
74.341	5.708000
74.341	4.625000
74.658	4.625000
74.658	4.778000
74.977	4.778000
74.977	4.715000
75.296	4.715000
75.296	5.429000
75.65	5.429000
75.65	5.605000
76.004	5.605000
76.004	5.573000
76.357	5.573000
76.357	5.270000
76.711	5.270000
76.711	5.105000
77.065	5.105000
77.065	5.149000
77.419	5.149000
77.419	5.642000
77.737	5.642000
77.737	5.441000
78.056	5.441000
78.056	5.429000
78.375	5.429000
78.375	5.758000
78.693	5.758000
78.693	5.395000
79.011	5.395000
79.011	5.888000
79.328	5.888000
79.328	5.106000
79.682	5.106000
79.682	4.963000
80.036	4.963000
80.036	5.402000
80.389	5.402000
80.389	4.981000
80.743	4.981000
80.743	4.832000
81.098	4.832000
81.098	4.802000
81.453	4.802000
81.453	5.247000
81.807	5.247000
81.807	5.397000
82.161	5.397000
82.161	5.332000
82.515	5.332000
82.515	5.337000
82.869	5.337000
82.869	5.306000
83.223	5.306000
83.223	5.784000
83.577	5.784000
83.577	4.919000
83.896	4.919000
83.896	4.667000
84.215	4.667000
84.215	4.590000
84.534	4.590000
84.534	5.888000
84.887	5.888000
84.887	5.871000
85.24	5.871000
85.24	6.196000
85.592	6.196000
85.592	5.241000
85.946	5.241000
85.946	5.256000
86.3	5.256000
86.3	5.657000
86.653	5.657000
86.653	4.996000
87.006	4.996000
87.006	4.882000
87.36	4.882000
87.36	4.811000
87.714	4.811000
87.714	6.087000
88.068	6.087000
88.068	6.339000
88.422	6.339000
88.422	6.193000
88.775	6.193000
88.775	6.106000
89.129	6.106000
89.129	6.150000
89.483	6.150000
89.483	6.350000
89.835	6.350000
89.835	6.017000
90.187	6.017000
90.187	6.303000
90.541	6.303000
90.541	6.170000
90.894	6.170000
90.894	5.750000
91.248	5.750000
91.248	5.856000
91.602	5.856000
91.602	6.089000
91.953	6.089000
91.953	5.041000
92.307	5.041000
92.307	4.529000
92.661	4.529000
92.661	4.656000
93.015	4.656000
93.015	5.518000
93.367	5.518000
93.367	6.023000
93.724	6.023000
93.724	6.060000
94.08	6.060000
94.08	6.035000
94.435	6.035000
94.435	6.028000
94.79	6.028000
94.79	5.958000
95.144	5.958000
95.144	5.500000
95.462	5.500000
95.462	5.180000
95.78	5.180000
95.78	5.445000
96.095	5.445000
96.095	5.289000
96.412	5.289000
96.412	5.403000
96.731	5.403000
96.731	5.364000
97.05	5.364000
97.05	5.879000
97.403	5.879000
97.403	5.561000
97.756	5.561000
97.756	5.782000
98.107	5.782000
98.107	5.310000
98.461	5.310000
98.461	5.264000
98.814	5.264000
98.814	5.336000
99.168	5.336000
99.168	5.527000
99.487	5.527000
99.487	5.285000
99.807	5.285000
99.807	5.254000
100.127	5.254000
100.127	5.222000
100.481	5.222000
100.481	5.412000
100.835	5.412000
100.835	5.537000
101.188	5.537000
101.188	6.299000
101.542	6.299000
101.542	6.470000
101.896	6.470000
101.896	6.446000
102.25	6.446000
102.25	6.047000
102.602	6.047000
102.602	5.829000
102.956	5.829000
102.956	5.851000
103.31	5.851000
103.31	6.566000
103.664	6.566000
103.664	6.272000
104.018	6.272000
104.018	6.605000
104.369	6.605000
104.369	5.776000
104.723	5.776000
104.723	5.979000
105.077	5.979000
105.077	6.392000
105.431	6.392000
105.431	5.445000
105.783	5.445000
105.783	5.270000
106.138	5.270000
106.138	5.262000
106.493	5.262000
106.493	5.851000
106.812	5.851000
106.812	5.589000
107.131	5.589000
107.131	5.952000
107.447	5.952000
107.447	5.894000
107.766	5.894000
107.766	5.565000
108.085	5.565000
108.085	5.776000
108.403	5.776000
108.403	5.640000
108.752	5.640000
108.752	5.522000
109.105	5.522000
109.105	5.313000
109.458	5.313000
109.458	5.698000
109.812	5.698000
109.812	5.507000
110.166	5.507000
110.166	5.497000
110.52	5.497000
110.52	5.740000
110.874	5.740000
110.874	5.707000
111.228	5.707000
111.228	5.657000
111.581	5.657000
111.581	5.523000
111.898	5.523000
111.898	5.224000
112.218	5.224000
112.218	5.313000
112.538	5.313000
112.538	5.829000
112.893	5.829000
112.893	5.763000
113.247	5.763000
113.247	5.534000
113.602	5.534000
113.602	5.936000
113.958	5.936000
113.958	6.360000
114.314	6.360000
114.314	5.468000
114.67	5.468000
114.67	5.492000
114.988	5.492000
114.988	5.317000
115.305	5.317000
115.305	5.303000
115.621	5.303000
115.621	5.664000
115.974	5.664000
115.974	5.671000
116.327	5.671000
116.327	5.774000
116.679	5.774000
116.679	5.888000
117.032	5.888000
117.032	6.017000
117.384	6.017000
117.384	5.879000
117.734	5.879000
117.734	4.644000
118.053	4.644000
118.053	4.861000
118.372	4.861000
118.372	4.789000
118.692	4.789000
118.692	6.142000
119.046	6.142000
119.046	6.385000
119.399	6.385000
119.399	6.368000
119.751	6.368000
119.751	5.574000
120.105	5.574000
120.105	5.734000
120.458	5.734000
120.458	5.247000
120.812	5.247000
120.812	4.834000
121.166	4.834000
121.166	4.604000
121.521	4.604000
121.521	4.655000
121.876	4.655000
121.876	6.263000
122.23	6.263000
122.23	6.635000
122.584	6.635000
122.584	6.610000
122.938	6.610000
122.938	6.123000
123.292	6.123000
123.292	6.195000
123.645	6.195000
123.645	6.167000
123.996	6.167000
123.996	4.518000
124.316	4.518000
124.316	4.594000
124.636	4.594000
124.636	4.547000
124.956	4.547000
124.956	5.498000
125.31	5.498000
125.31	5.900000
125.662	5.900000
125.662	5.919000
126.016	5.919000
126.016	5.436000
126.37	5.436000
126.37	6.107000
126.722	6.107000
126.722	5.603000
127.076	5.603000
127.076	5.252000
127.392	5.252000
127.392	5.363000
127.712	5.363000
127.712	5.318000
128.032	5.318000
128.032	6.399000
128.351	6.399000
128.351	6.338000
128.669	6.338000
128.669	6.143000
128.987	6.143000
128.987	6.107000
129.341	6.107000
129.341	6.354000
129.693	6.354000
129.693	5.879000
130.047	5.879000
130.047	5.003000
130.398	5.003000
130.398	5.076000
130.751	5.076000
130.751	5.026000
131.105	5.026000
131.105	5.426000
131.459	5.426000
131.459	5.511000
131.812	5.511000
131.812	5.262000
132.166	5.262000
132.166	5.745000
132.519	5.745000
132.519	5.520000
132.872	5.520000
132.872	5.956000
133.225	5.956000
133.225	4.360000
133.577	4.360000
133.577	4.685000
133.928	4.685000
133.928	4.680000
134.279	4.680000
134.279	5.933000
134.632	5.933000
134.632	5.394000
134.985	5.394000
134.985	5.344000
135.338	5.344000
135.338	5.285000
135.692	5.285000
135.692	5.478000
136.046	5.478000
136.046	5.098000
136.4	5.098000
136.4	5.064000
136.754	5.064000
136.754	5.053000
137.109	5.053000
137.109	5.045000
137.464	5.045000
137.464	5.095000
137.818	5.095000
137.818	4.843000
138.172	4.843000
138.172	4.846000
138.526	4.846000
138.526	6.488000
138.88	6.488000
138.88	6.855000
139.233	6.855000
139.233	6.420000
139.587	6.420000
139.587	4.694000
139.904	4.694000
139.904	4.487000
140.223	4.487000
140.223	4.489000
140.542	4.489000
140.542	5.855000
140.896	5.855000
140.896	5.642000
141.25	5.642000
141.25	5.825000
141.604	5.825000
141.604	5.982000
141.924	5.982000
141.924	5.784000
142.244	5.784000
142.244	5.782000
142.564	5.782000
142.564	5.430000
142.917	5.430000
142.917	5.418000
143.272	5.418000
143.272	5.376000
143.627	5.376000
143.627	5.683000
143.982	5.683000
143.982	5.830000
144.337	5.830000
144.337	5.549000
144.692	5.549000
144.692	6.410000
145.048	6.410000
145.048	6.606000
145.403	6.606000
145.403	6.212000
145.759	6.212000
145.759	5.069000
146.076	5.069000
146.076	4.967000
146.397	4.967000
146.397	5.045000
146.718	5.045000
146.718	5.834000
147.073	5.834000
147.073	6.042000
147.428	6.042000
147.428	5.565000
147.783	5.565000
147.783	5.604000
148.137	5.604000
148.137	6.045000
148.49	6.045000
148.49	6.012000
148.844	6.012000
148.844	4.957000
149.16	4.957000
149.16	5.069000
149.481	5.069000
149.481	4.977000
149.802	4.977000
149.802	6.612000
150.156	6.612000
150.156	6.627000
150.509	6.627000
150.509	6.421000
150.863	6.421000
150.863	5.772000
151.217	5.772000
151.217	5.617000
151.57	5.617000
151.57	5.519000
151.924	5.519000
151.924	4.873000
152.244	4.873000
152.244	4.816000
152.564	4.816000
152.564	4.829000
152.884	4.829000
152.884	5.984000
153.238	5.984000
153.238	5.967000
153.591	5.967000
153.591	6.057000
153.944	6.057000
153.944	5.522000
154.298	5.522000
154.298	5.404000
154.652	5.404000
154.652	5.137000
155.006	5.137000
155.006	5.282000
155.359	5.282000
155.359	4.763000
155.713	4.763000
155.713	4.753000
156.067	4.753000
156.067	5.748000
156.421	5.748000
156.421	5.615000
156.773	5.615000
156.773	5.734000
157.126	5.734000
157.126	5.635000
157.48	5.635000
157.48	5.671000
157.833	5.671000
157.833	5.433000
158.187	5.433000
158.187	5.088000
158.502	5.088000
158.502	4.826000
158.821	4.826000
158.821	4.821000
159.14	4.821000
159.14	5.845000
159.494	5.845000
159.494	6.253000
159.848	6.253000
159.848	5.714000
160.202	5.714000
160.202	5.473000
160.52	5.473000
160.52	5.404000
160.838	5.404000
160.838	5.140000
161.156	5.140000
161.156	4.789000
161.474	4.789000
161.474	4.574000
161.793	4.574000
161.793	4.597000
162.112	4.597000
162.112	5.669000
162.466	5.669000
162.466	5.571000
162.818	5.571000
162.818	5.768000
163.171	5.768000
163.171	5.268000
163.525	5.268000
163.525	5.732000
163.878	5.732000
163.878	5.438000
164.232	5.438000
164.232	4.913000
164.586	4.913000
164.586	4.837000
164.94	4.837000
164.94	4.781000
165.294	4.781000
165.294	6.004000
165.646	6.004000
165.646	6.417000
165.997	6.417000
165.997	6.432000
166.349	6.432000
166.349	5.686000
166.668	5.686000
166.668	6.321000
166.987	6.321000
166.987	5.742000
167.306	5.742000
167.306	5.669000
167.661	5.669000
167.661	5.531000
168.016	5.531000
168.016	5.542000
168.371	5.542000
168.371	5.492000
168.714	5.492000
168.714	5.521000
169.056	5.521000
169.056	5.645000
169.398	5.645000
169.398	5.722000
169.752	5.722000
169.752	6.010000
170.102	6.010000
170.102	5.952000
170.453	5.952000
170.453	5.537000
170.772	5.537000
170.772	5.184000
171.091	5.184000
171.091	5.209000
171.41	5.209000
171.41	4.631000
171.723	4.631000
171.723	4.924000
172.036	4.924000
172.036	5.017000
172.348	5.017000
172.348	5.242000
172.702	5.242000
172.702	5.058000
173.056	5.058000
173.056	5.436000
173.408	5.436000
173.408	5.623000
173.728	5.623000
173.728	5.579000
174.047	5.579000
174.047	5.551000
174.367	5.551000
174.367	5.102000
174.721	5.102000
174.721	5.273000
175.075	5.273000
175.075	5.347000
175.429	5.347000
175.429	6.135000
175.783	6.135000
175.783	6.347000
176.136	6.347000
176.136	6.433000
176.487	6.433000
176.487	6.126000
176.84	6.126000
176.84	6.119000
177.194	6.119000
177.194	6.081000
177.548	6.081000
177.548	6.651000
177.866	6.651000
177.866	6.176000
178.185	6.176000
178.185	6.442000
178.503	6.442000
178.503	5.223000
178.857	5.223000
178.857	5.040000
179.211	5.040000
179.211	5.028000
179.565	5.028000
179.565	5.148000
179.885	5.148000
179.885	4.964000
180.204	4.964000
180.204	5.021000
180.523	5.021000
180.523	5.555000
180.877	5.555000
180.877	5.608000
181.231	5.608000
181.231	5.675000
181.584	5.675000
181.584	6.590000
181.939	6.590000
181.939	6.386000
182.294	6.386000
182.294	6.267000
182.649	6.267000
182.649	4.834000
182.966	4.834000
182.966	4.428000
183.284	4.428000
183.284	4.546000
183.602	4.546000
183.602	6.184000
183.915	6.184000
183.915	5.864000
184.228	5.864000
184.228	5.773000
184.541	5.773000
184.541	5.933000
184.894	5.933000
184.894	5.350000
185.247	5.350000
185.247	5.952000
185.6	5.952000
185.6	4.688000
185.951	4.688000
185.951	4.518000
186.304	4.518000
186.304	4.484000
186.657	4.484000
186.657	6.535000
187.01	6.535000
187.01	6.582000
187.362	6.582000
187.362	6.587000
187.713	6.587000
187.713	6.061000
188.067	6.061000
188.067	5.874000
188.42	5.874000
188.42	5.821000
188.774	5.821000
188.774	5.042000
189.092	5.042000
189.092	5.005000
189.41	5.005000
189.41	4.908000
189.728	4.908000
189.728	6.162000
190.081	6.162000
190.081	6.116000
190.436	6.116000
190.436	6.015000
190.791	6.015000
190.791	5.757000
191.145	5.757000
191.145	5.935000
191.497	5.935000
191.497	5.834000
191.85	5.834000
191.85	4.835000
192.169	4.835000
192.169	4.560000
192.488	4.560000
192.488	4.470000
192.807	4.470000
192.807	6.371000
193.161	6.371000
193.161	6.731000
193.512	6.731000
193.512	6.245000
193.866	6.245000
193.866	5.958000
194.185	5.958000
194.185	6.241000
194.5	6.241000
194.5	6.144000
194.817	6.144000
194.817	4.782000
195.136	4.782000
195.136	4.620000
195.456	4.620000
195.456	4.616000
195.776	4.616000
195.776	5.759000
196.13	5.759000
196.13	5.717000
196.483	5.717000
196.483	5.351000
196.837	5.351000
196.837	5.863000
197.191	5.863000
197.191	6.125000
197.545	6.125000
197.545	6.072000
197.896	6.072000
197.896	4.776000
198.216	4.776000
198.216	4.756000
198.536	4.756000
198.536	4.785000
198.856	4.785000
198.856	5.458000
199.174	5.458000
199.174	5.819000
199.491	5.819000
199.491	5.434000
199.808	5.434000
199.808	6.068000
200.126	6.068000
200.126	6.419000
200.443	6.419000
200.443	6.217000
200.76	6.217000
200.76	5.589000
201.114	5.589000
201.114	5.396000
201.468	5.396000
201.468	5.402000
201.822	5.402000
201.822	5.693000
202.176	5.693000
202.176	5.760000
202.529	5.760000
202.529	5.578000
202.883	5.578000
202.883	5.987000
203.237	5.987000
203.237	6.297000
203.588	6.297000
203.588	6.213000
203.942	6.213000
203.942	4.674000
204.26	4.674000
204.26	4.810000
204.58	4.810000
204.58	4.716000
204.9	4.716000
204.9	5.768000
205.254	5.768000
205.254	5.762000
205.606	5.762000
205.606	5.400000
205.96	5.400000
205.96	6.463000
206.279	6.463000
206.279	6.744000
206.594	6.744000
206.594	6.545000
206.913	6.545000
206.913	5.415000
207.227	5.415000
207.227	5.160000
207.546	5.160000
207.546	5.230000
207.865	5.230000
207.865	6.309000
208.219	6.309000
208.219	6.481000
208.572	6.481000
208.572	6.033000
208.926	6.033000
208.926	5.455000
209.28	5.455000
209.28	5.814000
209.634	5.814000
209.634	5.269000
209.988	5.269000
209.988	4.729000
210.34	4.729000
210.34	4.921000
210.694	4.921000
210.694	4.850000
211.048	4.850000
211.048	5.754000
211.403	5.754000
211.403	5.971000
211.758	5.971000
211.758	5.376000
212.113	5.376000
212.113	6.117000
212.432	6.117000
212.432	6.157000
212.75	6.157000
212.75	6.090000
213.068	6.090000
213.068	5.224000
213.416	5.224000
213.416	0.000000
213.416	0.000000
213.416	5.144000
213.771	5.144000
213.771	2.391000
213.874	2.391000
213.874	0.000000
213.874	0.000000
213.874	2.412000
213.977	2.412000
213.977	5.823000
214.331	5.823000
214.331	0.000000
214.331	0.000000
214.331	6.231000
214.685	6.231000
214.685	4.661000
215.037	4.661000
215.037	4.519000
215.392	4.519000
215.392	4.518000
215.747	4.518000
215.747	5.506000
216.101	5.506000
216.101	5.558000
216.454	5.558000
216.454	5.387000
216.808	5.387000
216.808	5.203000
217.162	5.203000
217.162	5.848000
217.516	5.848000
217.516	5.339000
217.87	5.339000
217.87	4.223000
218.188	4.223000
218.188	4.170000
218.507	4.170000
218.507	4.176000
218.826	4.176000
218.826	5.073000
219.18	5.073000
219.18	5.302000
219.532	5.302000
219.532	4.797000
219.886	4.797000
219.886	5.914000
220.24	5.914000
220.24	5.677000
220.594	5.677000
220.594	6.099000
220.945	6.099000
220.945	4.974000
221.264	4.974000
221.264	4.691000
221.584	4.691000
221.584	4.578000
221.904	4.578000
221.904	5.161000
222.258	5.161000
222.258	5.679000
222.612	5.679000
222.612	5.469000
222.965	5.469000
222.965	5.890000
223.319	5.890000
223.319	5.985000
223.671	5.985000
223.671	5.939000
224.025	5.939000
224.025	5.951000
224.379	5.951000
224.379	5.833000
224.733	5.833000
224.733	5.880000
225.087	5.880000
225.087	5.540000
225.441	5.540000
225.441	5.500000
225.794	5.500000
225.794	5.656000
226.146	5.656000
226.146	5.891000
226.5	5.891000
226.5	6.154000
226.853	6.154000
226.853	6.090000
227.205	6.090000
227.205	4.449000
227.56	4.449000
227.56	4.749000
227.915	4.749000
227.915	4.748000
228.27	4.748000
228.27	6.133000
228.624	6.133000
228.624	5.843000
228.977	5.843000
228.977	5.895000
229.331	5.895000
229.331	5.168000
229.65	5.168000
229.65	5.236000
229.969	5.236000
229.969	5.338000
230.285	5.338000
230.285	5.278000
230.604	5.278000
230.604	5.378000
230.923	5.378000
230.923	5.091000
231.242	5.091000
231.242	5.321000
231.561	5.321000
231.561	5.859000
231.88	5.859000
231.88	5.674000
232.199	5.674000
232.199	5.883000
232.554	5.883000
232.554	5.883000
232.908	5.883000
232.908	5.782000
233.262	5.782000
233.262	5.699000
233.618	5.699000
233.618	6.312000
233.974	6.312000
233.974	6.324000
234.33	6.324000
234.33	5.403000
234.685	5.403000
234.685	5.797000
235.04	5.797000
235.04	5.526000
235.395	5.526000
235.395	5.546000
235.749	5.546000
235.749	6.174000
236.102	6.174000
236.102	5.691000
236.452	5.691000
236.452	5.290000
236.805	5.290000
236.805	5.314000
237.158	5.314000
237.158	5.364000
237.512	5.364000
237.512	5.891000
237.866	5.891000
237.866	5.901000
238.22	5.901000
238.22	5.663000
238.574	5.663000
238.574	4.686000
238.894	4.686000
238.894	4.948000
239.214	4.948000
239.214	4.930000
239.534	4.930000
239.534	5.287000
239.888	5.287000
239.888	5.543000
240.239	5.543000
240.239	5.254000
240.593	5.254000
240.593	5.882000
240.946	5.882000
240.946	5.487000
241.299	5.487000
241.299	5.745000
241.652	5.745000
241.652	5.002000
241.972	5.002000
241.972	4.994000
242.292	4.994000
242.292	5.010000
242.612	5.010000
242.612	6.502000
242.966	6.502000
242.966	6.469000
243.319	6.469000
243.319	6.299000
243.673	6.299000
243.673	5.490000
243.992	5.490000
243.992	5.120000
244.311	5.120000
244.311	5.146000
244.63	5.146000
244.63	4.850000
244.984	4.850000
244.984	4.951000
245.338	4.951000
245.338	4.975000
245.692	4.975000
245.692	5.857000
246.046	5.857000
246.046	5.991000
246.4	5.991000
246.4	6.083000
246.753	6.083000
246.753	6.023000
247.072	6.023000
247.072	5.502000
247.391	5.502000
247.391	5.604000
247.71	5.604000
247.71	4.750000
248.027	4.750000
248.027	4.684000
248.346	4.684000
248.346	4.879000
248.664	4.879000
248.664	6.304000
248.982	6.304000
248.982	6.227000
249.3	6.227000
249.3	6.256000
249.618	6.256000
249.618	5.983000
249.972	5.983000
249.972	5.810000
250.326	5.810000
250.326	5.869000
250.68	5.869000
250.68	5.493000
251.0	5.493000
251.0	6.106000
251.32	6.106000
251.32	6.087000
251.64	6.087000
251.64	5.872000
251.994	5.872000
251.994	5.822000
252.348	5.822000
252.348	5.624000
252.702	5.624000
252.702	5.577000
253.021	5.577000
253.021	5.499000
253.339	5.499000
253.339	5.578000
253.658	5.578000
253.658	4.860000
253.976	4.860000
253.976	4.874000
254.295	4.874000
254.295	4.874000
254.614	4.874000
254.614	5.412000
254.968	5.412000
254.968	5.104000
255.322	5.104000
255.322	5.044000
255.676	5.044000
255.676	5.483000
256.03	5.483000
256.03	5.708000
256.384	5.708000
256.384	5.405000
256.738	5.405000
256.738	5.224000
257.091	5.224000
257.091	5.066000
257.445	5.066000
257.445	4.961000
257.799	4.961000
257.799	5.852000
258.153	5.852000
258.153	5.909000
258.507	5.909000
258.507	5.739000
258.861	5.739000
258.861	5.858000
259.215	5.858000
259.215	6.175000
259.566	6.175000
259.566	5.955000
259.92	5.955000
259.92	4.879000
260.238	4.879000
260.238	4.483000
260.556	4.483000
260.556	4.521000
260.875	4.521000
260.875	6.140000
261.229	6.140000
261.229	5.823000
261.582	5.823000
261.582	5.605000
261.936	5.605000
261.936	5.630000
262.29	5.630000
262.29	6.025000
262.644	6.025000
262.644	5.812000
262.997	5.812000
262.997	5.850000
263.315	5.850000
263.315	5.380000
263.634	5.380000
263.634	5.564000
263.953	5.564000
263.953	5.968000
264.307	5.968000
264.307	5.864000
264.66	5.864000
264.66	5.522000
265.014	5.522000
265.014	6.468000
265.333	6.468000
265.333	6.311000
265.652	6.311000
265.652	6.267000
265.968	6.267000
265.968	4.935000
266.287	4.935000
266.287	4.786000
266.606	4.786000
266.606	4.907000
266.925	4.907000
266.925	6.532000
267.279	6.532000
267.279	6.468000
267.632	6.468000
267.632	6.083000
267.986	6.083000
267.986	6.418000
268.34	6.418000
268.34	6.707000
268.692	6.707000
268.692	6.239000
269.046	6.239000
269.046	5.817000
269.398	5.817000
269.398	5.596000
269.753	5.596000
269.753	5.653000
270.108	5.653000
270.108	6.570000
270.461	6.570000
270.461	6.778000
270.811	6.778000
270.811	6.332000
271.165	6.332000
271.165	5.416000
271.519	5.416000
271.519	5.459000
271.872	5.459000
271.872	5.271000
272.226	5.271000
272.226	5.518000
272.58	5.518000
272.58	5.592000
272.935	5.592000
272.935	5.632000
273.29	5.632000
273.29	5.705000
273.644	5.705000
273.644	5.350000
273.993	5.350000
273.993	5.297000
274.347	5.297000
274.347	5.545000
274.702	5.545000
274.702	5.618000
275.057	5.618000
275.057	5.260000
275.412	5.260000
275.412	5.366000
275.764	5.366000
275.764	5.549000
276.119	5.549000
276.119	5.594000
276.474	5.594000
276.474	5.473000
276.828	5.473000
276.828	5.674000
277.181	5.674000
277.181	5.637000
277.535	5.637000
277.535	5.342000
277.889	5.342000
277.889	5.714000
278.24	5.714000
278.24	5.328000
278.594	5.328000
278.594	5.416000
278.947	5.416000
278.947	5.058000
279.302	5.058000
279.302	5.079000
279.657	5.079000
279.657	5.567000
280.011	5.567000
280.011	5.588000
280.362	5.588000
280.362	5.332000
280.716	5.332000
280.716	5.133000
281.07	5.133000
281.07	5.402000
281.424	5.402000
281.424	5.210000
281.778	5.210000
281.778	5.252000
282.132	5.252000
282.132	5.116000
282.487	5.116000
282.487	5.182000
282.842	5.182000
282.842	5.025000
283.196	5.025000
283.196	5.648000
283.55	5.648000
283.55	4.813000
283.904	4.813000
283.904	6.195000
284.259	6.195000
284.259	6.420000
284.612	6.420000
284.612	6.346000
284.967	6.346000
284.967	4.931000
285.281	4.931000
285.281	4.843000
285.6	4.843000
285.6	4.846000
285.92	4.846000
285.92	5.732000
286.274	5.732000
286.274	6.022000
286.626	6.022000
286.626	5.977000
286.979	5.977000
286.979	6.090000
287.332	6.090000
287.332	6.168000
287.683	6.168000
287.683	5.844000
288.036	5.844000
288.036	5.118000
288.391	5.118000
288.391	5.074000
288.747	5.074000
288.747	5.158000
289.103	5.158000
289.103	6.479000
289.457	6.479000
289.457	6.606000
289.81	6.606000
289.81	6.263000
290.164	6.263000
290.164	0.000000
290.164	0.000000
290.164	0.000000
290.164	0.000000
290.164	0.000000
290.164	0.000000
290.164	4.768000
290.483	4.768000
290.483	4.647000
290.803	4.647000
290.803	4.565000
291.123	4.565000
291.123	5.556000
291.478	5.556000
291.478	5.540000
291.832	5.540000
291.832	5.629000
292.187	5.629000
292.187	5.953000
292.542	5.953000
292.542	5.827000
292.895	5.827000
292.895	5.433000
293.25	5.433000
293.25	4.815000
293.568	4.815000
293.568	4.685000
293.888	4.685000
293.888	4.689000
294.207	4.689000
294.207	5.818000
294.561	5.818000
294.561	5.896000
294.916	5.896000
294.916	5.725000
295.271	5.725000
295.271	6.226000
295.626	6.226000
295.626	6.386000
295.98	6.386000
295.98	6.140000
296.335	6.140000
296.335	5.240000
296.69	5.240000
296.69	5.205000
297.045	5.205000
297.045	5.195000
297.4	5.195000
297.4	5.751000
297.72	5.751000
297.72	6.360000
298.04	6.360000
298.04	5.959000
298.36	5.959000
298.36	6.566000
298.714	6.566000
298.714	6.224000
299.068	6.224000
299.068	6.401000
299.422	6.401000
299.422	4.904000
299.741	4.904000
299.741	5.136000
300.061	5.136000
300.061	5.114000
300.381	5.114000
300.381	5.771000
300.736	5.771000
300.736	6.002000
301.09	6.002000
301.09	5.703000
301.445	5.703000
301.445	6.016000
301.799	6.016000
301.799	5.425000
302.153	5.425000
302.153	5.478000
302.506	5.478000
302.506	5.245000
302.86	5.245000
302.86	5.383000
303.215	5.383000
303.215	5.395000
303.57	5.395000
303.57	5.334000
303.924	5.334000
303.924	5.073000
304.278	5.073000
304.278	5.304000
304.632	5.304000
304.632	5.686000
304.987	5.686000
304.987	5.438000
305.342	5.438000
305.342	5.935000
305.697	5.935000
305.697	4.799000
306.014	4.799000
306.014	4.757000
306.333	4.757000
306.333	4.735000
306.652	4.735000
306.652	6.923000
307.005	6.923000
307.005	6.648000
307.359	6.648000
307.359	6.637000
307.713	6.637000
307.713	5.283000
308.031	5.283000
308.031	5.099000
308.351	5.099000
308.351	5.015000
308.671	5.015000
308.671	5.815000
309.026	5.815000
309.026	5.500000
309.381	5.500000
309.381	5.511000
309.736	5.511000
309.736	2.377000
310.091	2.377000
310.091	2.739000
310.433	2.739000
310.433	2.275000
310.788	2.275000
310.788	5.763000
311.141	5.763000
311.141	5.597000
311.496	5.597000
311.496	5.697000
311.851	5.697000
311.851	5.972000
312.205	5.972000
312.205	6.015000
312.559	6.015000
312.559	5.514000
312.913	5.514000
312.913	6.069000
313.269	6.069000
313.269	6.060000
313.623	6.060000
313.623	5.656000
313.979	5.656000
313.979	4.932000
314.334	4.932000
314.334	4.715000
314.689	4.715000
314.689	4.815000
315.044	4.815000
315.044	5.471000
315.398	5.471000
315.398	5.661000
315.752	5.661000
315.752	5.442000
316.106	5.442000
316.106	5.900000
316.461	5.900000
316.461	6.272000
316.815	6.272000
316.815	5.633000
317.17	5.633000
317.17	4.938000
317.489	4.938000
317.489	4.889000
317.809	4.889000
317.809	4.911000
318.129	4.911000
318.129	5.569000
318.483	5.569000
318.483	5.665000
318.834	5.665000
318.834	5.624000
319.189	5.624000
319.189	5.504000
319.544	5.504000
319.544	5.603000
319.897	5.603000
319.897	5.286000
320.252	5.286000
320.252	4.708000
320.574	4.708000
320.574	5.066000
320.896	5.066000
320.896	5.159000
321.218	5.159000
321.218	5.531000
321.576	5.531000
321.576	5.654000
321.934	5.654000
321.934	5.964000
322.291	5.964000
322.291	6.344000
322.646	6.344000
322.646	6.564000
322.998	6.564000
322.998	6.580000
323.353	6.580000
323.353	5.937000
323.708	5.937000
323.708	5.847000
324.061	5.847000
324.061	5.736000
324.416	5.736000
324.416	5.420000
324.769	5.420000
324.769	5.323000
325.123	5.323000
325.123	5.262000
325.477	5.262000
325.477	5.502000
325.832	5.502000
325.832	5.575000
326.187	5.575000
326.187	5.442000
326.542	5.442000
326.542	5.629000
326.897	5.629000
326.897	5.943000
327.252	5.943000
327.252	5.862000
327.607	5.862000
327.607	6.127000
327.925	6.127000
327.925	5.969000
328.245	5.969000
328.245	5.846000
328.565	5.846000
328.565	5.783000
328.92	5.783000
328.92	5.688000
329.275	5.688000
329.275	5.803000
329.63	5.803000
329.63	5.650000
329.985	5.650000
329.985	5.922000
330.338	5.922000
330.338	5.922000
330.693	5.922000
330.693	5.579000
331.013	5.579000
331.013	5.543000
331.332	5.543000
331.332	5.430000
331.652	5.430000
331.652	6.135000
332.008	6.135000
332.008	6.423000
332.361	6.423000
332.361	6.370000
332.716	6.370000
332.716	6.545000
333.07	6.545000
333.07	6.378000
333.424	6.378000
333.424	6.691000
333.778	6.691000
333.778	5.189000
334.097	5.189000
334.097	4.919000
334.417	4.919000
334.417	4.880000
334.737	4.880000
334.737	5.494000
335.092	5.494000
335.092	5.196000
335.447	5.196000
335.447	5.679000
335.8	5.679000
335.8	5.591000
336.154	5.591000
336.154	5.797000
336.508	5.797000
336.508	5.859000
336.861	5.859000
336.861	5.784000
337.215	5.784000
337.215	5.618000
337.57	5.618000
337.57	5.594000
337.925	5.594000
337.925	5.538000
338.279	5.538000
338.279	5.356000
338.633	5.356000
338.633	6.146000
338.985	6.146000
338.985	5.643000
339.34	5.643000
339.34	6.161000
339.692	6.161000
339.692	5.959000
340.045	5.959000
340.045	4.833000
340.363	4.833000
340.363	4.648000
340.683	4.648000
340.683	4.563000
341.003	4.563000
341.003	5.609000
341.322	5.609000
341.322	5.427000
341.641	5.427000
341.641	5.555000
341.959	5.555000
341.959	6.109000
342.314	6.109000
342.314	6.333000
342.669	6.333000
342.669	6.480000
343.022	6.480000
343.022	4.627000
343.341	4.627000
343.341	4.454000
343.661	4.454000
343.661	4.393000
343.981	4.393000
343.981	5.945000
344.336	5.945000
344.336	6.055000
344.689	6.055000
344.689	6.010000
345.044	6.010000
345.044	6.335000
345.398	6.335000
345.398	6.428000
345.749	6.428000
345.749	6.510000
346.098	6.510000
346.098	4.306000
346.452	4.306000
346.452	4.578000
346.806	4.578000
346.806	4.590000
347.16	4.590000
347.16	5.205000
347.514	5.205000
347.514	5.147000
347.868	5.147000
347.868	5.301000
348.222	5.301000
348.222	5.590000
348.576	5.590000
348.576	5.425000
348.93	5.425000
348.93	5.714000
349.283	5.714000
349.283	4.998000
349.6	4.998000
349.6	4.892000
349.919	4.892000
349.919	4.805000
350.238	4.805000
350.238	6.251000
350.593	6.251000
350.593	6.457000
350.947	6.457000
350.947	6.477000
351.3	6.477000
351.3	5.706000
351.654	5.706000
351.654	5.561000
352.005	5.561000
352.005	5.756000
352.358	5.756000
352.358	5.847000
352.676	5.847000
352.676	5.926000
352.997	5.926000
352.997	5.921000
353.318	5.921000
353.318	5.793000
353.673	5.793000
353.673	5.811000
354.028	5.811000
354.028	5.680000
354.382	5.680000
354.382	5.637000
354.736	5.637000
354.736	5.940000
355.09	5.940000
355.09	5.609000
355.443	5.609000
355.443	5.287000
355.76	5.287000
355.76	5.144000
356.08	5.144000
356.08	5.172000
356.4	5.172000
356.4	5.741000
356.755	5.741000
356.755	6.150000
357.109	6.150000
357.109	6.076000
357.462	6.076000
357.462	5.244000
357.817	5.244000
357.817	5.531000
358.17	5.531000
358.17	5.706000
358.523	5.706000
358.523	4.797000
358.841	4.797000
358.841	4.536000
359.162	4.536000
359.162	4.571000
359.483	4.571000
359.483	5.563000
359.838	5.563000
359.838	5.823000
360.19	5.823000
360.19	5.825000
360.545	5.825000
360.545	5.553000
360.9	5.553000
360.9	5.686000
361.199	5.686000
361.199	5.588000
361.553	5.588000
361.553	5.434000
361.905	5.434000
361.905	5.476000
362.26	5.476000
362.26	5.507000
362.615	5.507000
362.615	5.026000
362.969	5.026000
362.969	5.437000
363.323	5.437000
363.323	5.293000
363.676	5.293000
363.676	6.342000
364.031	6.342000
364.031	6.382000
364.386	6.382000
364.386	6.265000
364.739	6.265000
364.739	1.245000
365.42	1.245000
365.42	1.261000
366.101	1.261000
366.101	1.312000
366.782	1.312000
366.782	1.271000
367.982	1.271000
367.982	1.286000
369.182	1.286000
369.182	1.302000
370.382	1.302000
370.382	5.981000
370.735	5.981000
370.735	5.863000
371.089	5.863000
371.089	5.841000
371.439	5.841000
371.439	4.816000
371.758	4.816000
371.758	4.671000
372.078	4.671000
372.078	4.734000
372.395	4.734000
372.395	6.707000
372.748	6.707000
372.748	6.320000
373.102	6.320000
373.102	6.659000
373.452	6.659000
373.452	6.467000
373.806	6.467000
373.806	6.487000
374.16	6.487000
374.16	6.264000
374.511	6.264000
374.511	4.610000
374.829	4.610000
374.829	4.819000
375.149	4.819000
375.149	4.821000
375.469	4.821000
375.469	5.253000
375.823	5.253000
375.823	4.692000
376.177	4.692000
376.177	5.050000
376.531	5.050000
376.531	5.885000
376.886	5.885000
376.886	6.391000
377.239	6.391000
377.239	6.427000
377.59	6.427000
377.59	5.206000
377.909	5.206000
377.909	5.188000
378.23	5.188000
378.23	5.326000
378.551	5.326000
378.551	5.188000
378.905	5.188000
378.905	5.157000
379.259	5.157000
379.259	5.316000
379.613	5.316000
379.613	5.495000
379.968	5.495000
379.968	5.175000
380.321	5.175000
380.321	5.475000
380.675	5.475000
380.675	4.884000
380.994	4.884000
380.994	5.260000
381.313	5.260000
381.313	5.120000
381.632	5.120000
381.632	6.530000
381.987	6.530000
381.987	6.740000
382.341	6.740000
382.341	6.693000
382.693	6.693000
382.693	2.366000
383.048	2.366000
383.048	2.390000
383.373	2.390000
383.373	2.345000
383.728	2.345000
383.728	5.103000
384.046	5.103000
384.046	5.476000
384.365	5.476000
384.365	5.289000
384.685	5.289000
384.685	6.310000
385.038	6.310000
385.038	6.160000
385.391	6.160000
385.391	6.112000
385.744	6.112000
385.744	6.509000
386.063	6.509000
386.063	6.250000
386.382	6.250000
386.382	6.041000
386.701	6.041000
386.701	4.602000
387.02	4.602000
387.02	4.438000
387.338	4.438000
387.338	4.485000
387.657	4.485000
387.657	5.387000
388.011	5.387000
388.011	5.452000
388.363	5.452000
388.363	5.224000
388.717	5.224000
388.717	5.908000
389.07	5.908000
389.07	5.816000
389.422	5.816000
389.422	5.645000
389.776	5.645000
389.776	4.340000
390.096	4.340000
390.096	4.575000
390.415	4.575000
390.415	4.513000
390.735	4.513000
390.735	6.495000
391.054	6.495000
391.054	6.306000
391.371	6.306000
391.371	6.130000
391.689	6.130000
391.689	6.507000
392.044	6.507000
392.044	6.189000
392.397	6.189000
392.397	5.950000
392.752	5.950000
392.752	4.372000
393.071	4.372000
393.071	4.478000
393.389	4.478000
393.389	4.587000
393.709	4.587000
393.709	6.095000
394.063	6.095000
394.063	6.222000
394.418	6.222000
394.418	5.746000
394.773	5.746000
394.773	6.775000
395.127	6.775000
395.127	6.187000
395.481	6.187000
395.481	6.031000
395.835	6.031000
395.835	4.982000
396.153	4.982000
396.153	4.972000
396.473	4.972000
396.473	4.974000
396.794	4.974000
396.794	6.898000
397.148	6.898000
397.148	7.032000
397.498	7.032000
397.498	7.296000
397.852	7.296000
397.852	5.661000
398.206	5.661000
398.206	5.534000
398.559	5.534000
398.559	5.433000
398.913	5.433000
398.913	6.523000
399.232	6.523000
399.232	6.092000
399.551	6.092000
399.551	6.059000
399.869	6.059000
399.869	4.801000
400.189	4.801000
400.189	5.146000
400.51	5.146000
400.51	5.007000
400.831	5.007000
400.831	5.583000
401.186	5.583000
401.186	5.335000
401.54	5.335000
401.54	5.286000
401.894	5.286000
401.894	5.859000
402.249	5.859000
402.249	5.878000
402.601	5.878000
402.601	5.919000
402.955	5.919000
402.955	5.092000
403.31	5.092000
403.31	5.347000
403.665	5.347000
403.665	5.434000
404.017	5.434000
404.017	6.115000
404.372	6.115000
404.372	6.083000
404.727	6.083000
404.727	6.000000
405.082	6.000000
405.082	6.414000
405.437	6.414000
405.437	6.416000
405.79	6.416000
405.79	6.338000
406.144	6.338000
406.144	4.587000
406.464	4.587000
406.464	4.650000
406.781	4.650000
406.781	4.832000
407.099	4.832000
407.099	6.153000
407.453	6.153000
407.453	6.200000
407.803	6.200000
407.803	6.151000
408.156	6.151000
408.156	7.154000
408.51	7.154000
408.51	7.404000
408.863	7.404000
408.863	7.389000
409.214	7.389000
409.214	5.247000
409.568	5.247000
409.568	5.226000
409.922	5.226000
409.922	5.235000
410.276	5.235000
410.276	6.341000
410.63	6.341000
410.63	6.639000
410.984	6.639000
410.984	6.122000
411.338	6.122000
411.338	6.631000
411.692	6.631000
411.692	6.763000
412.045	6.763000
412.045	6.622000
412.398	6.622000
412.398	4.461000
412.718	4.461000
412.718	4.943000
413.038	4.943000
413.038	4.998000
413.358	4.998000
413.358	6.210000
413.677	6.210000
413.677	6.253000
413.995	6.253000
413.995	5.967000
414.314	5.967000
414.314	6.083000
414.668	6.083000
414.668	6.075000
415.022	6.075000
415.022	5.965000
415.375	5.965000
415.375	5.835000
415.729	5.835000
415.729	6.117000
416.084	6.117000
416.084	6.141000
416.439	6.141000
416.439	6.453000
416.792	6.453000
416.792	6.758000
417.141	6.758000
417.141	6.730000
417.489	6.730000
417.489	6.255000
417.843	6.255000
417.843	6.163000
418.197	6.163000
418.197	6.245000
418.551	6.245000
418.551	4.649000
418.867	4.649000
418.867	4.732000
419.186	4.732000
419.186	4.482000
419.505	4.482000
419.505	5.839000
419.859	5.839000
419.859	5.237000
420.213	5.237000
420.213	5.370000
420.567	5.370000
420.567	6.281000
420.921	6.281000
420.921	5.791000
421.275	5.791000
421.275	5.992000
421.628	5.992000
421.628	4.556000
421.948	4.556000
421.948	4.821000
422.268	4.821000
422.268	4.831000
422.588	4.831000
422.588	5.860000
422.942	5.860000
422.942	5.806000
423.296	5.806000
423.296	5.838000
423.649	5.838000
423.649	5.737000
424.001	5.737000
424.001	5.399000
424.355	5.399000
424.355	5.314000
424.707	5.314000
424.707	4.488000
425.025	4.488000
425.025	4.693000
425.344	4.693000
425.344	4.643000
425.662	4.643000
425.662	5.534000
426.015	5.534000
426.015	5.435000
426.369	5.435000
426.369	5.391000
426.722	5.391000
426.722	5.660000
427.077	5.660000
427.077	5.517000
427.432	5.517000
427.432	5.654000
427.787	5.654000
427.787	4.481000
428.106	4.481000
428.106	4.646000
428.425	4.646000
428.425	4.649000
428.743	4.649000
428.743	6.269000
429.097	6.269000
429.097	5.997000
429.452	5.997000
429.452	6.140000
429.806	6.140000
429.806	6.515000
430.125	6.515000
430.125	6.345000
430.444	6.345000
430.444	6.418000
430.762	6.418000
430.762	4.679000
431.117	4.679000
431.117	5.077000
431.47	5.077000
431.47	4.960000
431.823	4.960000
431.823	6.544000
432.177	6.544000
432.177	6.380000
432.53	6.380000
432.53	6.553000
432.883	6.553000
432.883	6.191000
433.237	6.191000
433.237	6.239000
433.59	6.239000
433.59	5.951000
433.938	5.951000
433.938	4.686000
434.29	4.686000
434.29	5.017000
434.643	5.017000
434.643	5.034000
434.994	5.034000
434.994	6.472000
435.306	6.472000
435.306	6.281000
435.618	6.281000
435.618	6.194000
435.93	6.194000
435.93	6.927000
436.249	6.927000
436.249	6.762000
436.567	6.762000
436.567	6.534000
436.886	6.534000
436.886	5.514000
437.204	5.514000
437.204	5.515000
437.523	5.515000
437.523	5.576000
437.843	5.576000
437.843	6.491000
438.196	6.491000
438.196	6.382000
438.549	6.382000
438.549	5.822000
438.903	5.822000
438.903	5.363000
439.257	5.363000
439.257	4.946000
439.609	4.946000
439.609	4.962000
439.963	4.962000
439.963	5.145000
440.279	5.145000
440.279	5.433000
440.597	5.433000
440.597	5.520000
440.917	5.520000
440.917	5.346000
441.271	5.346000
441.271	5.169000
441.625	5.169000
441.625	5.002000
441.979	5.002000
441.979	5.538000
442.299	5.538000
442.299	5.056000
442.618	5.056000
442.618	5.134000
442.938	5.134000
442.938	5.072000
443.257	5.072000
443.257	5.184000
443.575	5.184000
443.575	5.149000
443.894	5.149000
443.894	6.426000
444.246	6.426000
444.246	6.304000
444.597	6.304000
444.597	6.220000
444.949	6.220000
444.949	6.830000
445.267	6.830000
445.267	6.824000
445.585	6.824000
445.585	6.665000
445.904	6.665000
445.904	4.741000
446.223	4.741000
446.223	4.741000
446.542	4.741000
446.542	4.765000
446.861	4.765000
446.861	5.728000
447.215	5.728000
447.215	5.682000
447.569	5.682000
447.569	5.673000
447.923	5.673000
447.923	5.931000
448.275	5.931000
448.275	6.055000
448.626	6.055000
448.626	5.919000
448.978	5.919000
448.978	5.769000
449.333	5.769000
449.333	5.304000
449.687	5.304000
449.687	5.219000
450.042	5.219000
450.042	5.391000
450.359	5.391000
450.359	5.254000
450.679	5.254000
450.679	5.294000
450.999	5.294000
450.999	5.831000
451.312	5.831000
451.312	6.431000
451.625	6.431000
451.625	5.788000
451.938	5.788000
451.938	5.924000
452.293	5.924000
452.293	5.954000
452.647	5.954000
452.647	5.606000
453.002	5.606000
453.002	4.685000
453.32	4.685000
453.32	5.146000
453.639	5.146000
453.639	5.071000
453.957	5.071000
453.957	5.817000
454.315	5.817000
454.315	5.754000
454.673	5.754000
454.673	5.506000
455.031	5.506000
455.031	5.354000
455.385	5.354000
455.385	5.505000
455.739	5.505000
455.739	4.923000
456.093	4.923000
456.093	4.403000
456.412	4.403000
456.412	4.642000
456.73	4.642000
456.73	4.690000
457.047	4.690000
457.047	5.536000
457.401	5.536000
457.401	4.928000
457.754	4.928000
457.754	5.062000
458.108	5.062000
458.108	6.077000
458.461	6.077000
458.461	5.481000
458.815	5.481000
458.815	5.446000
459.169	5.446000
459.169	4.992000
459.488	4.992000
459.488	5.046000
459.808	5.046000
459.808	5.063000
460.128	5.063000
460.128	5.944000
460.482	5.944000
460.482	5.561000
460.836	5.561000
460.836	5.634000
461.19	5.634000
461.19	6.106000
461.545	6.106000
461.545	6.103000
461.899	6.103000
461.899	5.966000
462.254	5.966000
462.254	4.840000
462.61	4.840000
462.61	4.731000
462.966	4.731000
462.966	4.671000
463.321	4.671000
463.321	6.414000
463.675	6.414000
463.675	6.105000
464.029	6.105000
464.029	6.324000
464.383	6.324000
464.383	4.949000
464.702	4.949000
464.702	5.202000
465.022	5.202000
465.022	5.220000
465.342	5.220000
465.342	5.938000
465.661	5.938000
465.661	5.773000
465.979	5.773000
465.979	5.634000
466.297	5.634000
466.297	6.320000
466.616	6.320000
466.616	6.061000
466.935	6.061000
466.935	6.051000
467.254	6.051000
467.254	5.211000
467.574	5.211000
467.574	5.212000
467.894	5.212000
467.894	5.126000
468.212	5.126000
468.212	6.345000
468.566	6.345000
468.566	6.337000
468.918	6.337000
468.918	6.302000
469.27	6.302000
469.27	5.985000
469.589	5.985000
469.589	5.614000
469.908	5.614000
469.908	5.614000
470.227	5.614000
470.227	4.698000
470.545	4.698000
470.545	4.789000
470.865	4.789000
470.865	4.789000
471.185	4.789000
471.185	6.444000
471.538	6.444000
471.538	6.059000
471.891	6.059000
471.891	6.206000
472.244	6.206000
472.244	5.731000
472.598	5.731000
472.598	5.368000
472.952	5.368000
472.952	5.419000
473.306	5.419000
473.306	4.801000
473.625	4.801000
473.625	4.784000
473.944	4.784000
473.944	4.976000
474.262	4.976000
474.262	6.856000
474.617	6.856000
474.617	6.531000
474.972	6.531000
474.972	6.711000
475.323	6.711000
475.323	5.727000
475.676	5.727000
475.676	5.570000
476.03	5.570000
476.03	5.592000
476.384	5.592000
476.384	4.446000
476.703	4.446000
476.703	4.917000
477.022	4.917000
477.022	4.865000
477.341	4.865000
477.341	5.753000
477.695	5.753000
477.695	5.223000
478.049	5.223000
478.049	5.360000
478.401	5.360000
478.401	5.431000
478.755	5.431000
478.755	4.913000
479.109	4.913000
479.109	5.140000
479.461	5.140000
479.461	4.620000
479.781	4.620000
479.781	4.575000
480.101	4.575000
480.101	4.644000
480.421	4.644000
480.421	5.896000
480.775	5.896000
480.775	5.814000
481.129	5.814000
481.129	5.672000
481.483	5.672000
481.483	6.392000
481.837	6.392000
481.837	6.230000
482.189	6.230000
482.189	6.178000
482.541	6.178000
482.541	3.925000
482.856	3.925000
482.856	4.188000
483.172	4.188000
483.172	4.198000
483.488	4.198000
483.488	4.984000
483.842	4.984000
483.842	5.221000
484.196	5.221000
484.196	5.219000
484.55	5.219000
484.55	5.915000
484.869	5.915000
484.869	5.594000
485.188	5.594000
485.188	5.809000
485.506	5.809000
485.506	3.991000
485.824	3.991000
485.824	4.057000
486.144	4.057000
486.144	4.166000
486.463	4.166000
486.463	6.497000
486.816	6.497000
486.816	6.539000
487.17	6.539000
487.17	6.518000
487.518	6.518000
487.518	7.258000
487.862	7.258000
487.862	7.278000
488.203	7.278000
488.203	6.532000
488.545	6.532000
488.545	3.763000
488.862	3.763000
488.862	4.266000
489.18	4.266000
489.18	4.306000
489.499	4.306000
489.499	7.094000
489.853	7.094000
489.853	7.321000
490.207	7.321000
490.207	6.969000
490.561	6.969000
490.561	5.796000
490.88	5.796000
490.88	6.007000
491.199	6.007000
491.199	6.094000
491.517	6.094000
491.517	3.565000
491.837	3.565000
491.837	3.980000
492.156	3.980000
492.156	3.812000
492.476	3.812000
492.476	5.878000
492.83	5.878000
492.83	5.736000
493.184	5.736000
493.184	5.441000
493.538	5.441000
493.538	6.116000
493.856	6.116000
493.856	5.897000
494.174	5.897000
494.174	5.636000
494.492	5.636000
494.492	4.852000
494.81	4.852000
494.81	4.862000
495.128	4.862000
495.128	4.803000
495.446	4.803000
495.446	5.985000
495.8	5.985000
495.8	5.932000
496.154	5.932000
496.154	5.779000
496.508	5.779000
496.508	5.481000
496.862	5.481000
496.862	5.545000
497.214	5.545000
497.214	5.282000
497.568	5.282000
497.568	3.915000
497.886	3.915000
497.886	3.972000
498.205	3.972000
498.205	4.016000
498.524	4.016000
498.524	6.075000
498.878	6.075000
498.878	5.547000
499.232	5.547000
499.232	5.246000
499.586	5.246000
499.586	6.242000
499.94	6.242000
499.94	6.222000
500.291	6.222000
500.291	5.889000
500.645	5.889000
500.645	3.959000
500.964	3.959000
500.964	4.042000
501.283	4.042000
501.283	4.177000
501.603	4.177000
501.603	6.205000
501.957	6.205000
501.957	6.039000
502.311	6.039000
502.311	5.741000
502.665	5.741000
502.665	5.849000
503.018	5.849000
503.018	5.763000
503.371	5.763000
503.371	5.572000
503.725	5.572000
503.725	4.546000
504.039	4.546000
504.039	4.915000
504.359	4.915000
504.359	4.911000
504.679	4.911000
504.679	5.970000
504.997	5.970000
504.997	5.805000
505.313	5.805000
505.313	5.599000
505.631	5.599000
505.631	6.767000
505.985	6.767000
505.985	6.488000
506.338	6.488000
506.338	6.125000
506.692	6.125000
506.692	3.871000
507.009	3.871000
507.009	4.373000
507.328	4.373000
507.328	4.366000
507.646	4.366000
507.646	6.207000
508.0	6.207000
508.0	5.974000
508.354	5.974000
508.354	6.193000
508.706	6.193000
508.706	6.094000
509.06	6.094000
509.06	5.639000
509.414	5.639000
509.414	6.079000
509.766	6.079000
509.766	4.270000
510.08	4.270000
510.08	4.226000
510.396	4.226000
510.396	4.212000
510.712	4.212000
510.712	6.508000
511.065	6.508000
511.065	5.987000
511.418	5.987000
511.418	5.926000
511.772	5.926000
511.772	5.703000
512.123	5.703000
512.123	5.519000
512.476	5.519000
512.476	5.964000
512.829	5.964000
512.829	4.304000
513.147	4.304000
513.147	4.255000
513.465	4.255000
513.465	3.672000
513.782	3.672000
513.782	5.621000
514.131	5.621000
514.131	5.504000
514.484	5.504000
514.484	6.170000
514.837	6.170000
514.837	5.585000
515.19	5.585000
515.19	5.322000
515.544	5.322000
515.544	5.860000
515.897	5.860000
515.897	3.844000
516.215	3.844000
516.215	3.734000
516.532	3.734000
516.532	3.421000
516.85	3.421000
516.85	5.113000
517.203	5.113000
517.203	4.956000
517.557	4.956000
517.557	5.169000
517.911	5.169000
517.911	5.972000
518.264	5.972000
518.264	5.770000
518.618	5.770000
518.618	6.434000
518.971	6.434000
518.971	3.953000
519.29	3.953000
519.29	3.824000
519.607	3.824000
519.607	3.833000
519.923	3.833000
519.923	5.698000
520.277	5.698000
520.277	5.413000
520.631	5.413000
520.631	5.999000
520.985	5.999000
520.985	5.942000
521.335	5.942000
521.335	5.433000
521.689	5.433000
521.689	5.962000
522.043	5.962000
522.043	4.251000
522.361	4.251000
522.361	4.293000
522.679	4.293000
522.679	3.949000
522.998	3.949000
522.998	6.165000
523.35	6.165000
523.35	5.706000
523.704	5.706000
523.704	6.284000
524.058	6.284000
524.058	6.970000
524.412	6.970000
524.412	6.909000
524.766	6.909000
524.766	6.920000
525.12	6.920000
525.12	5.294000
525.439	5.294000
525.439	5.367000
525.758	5.367000
525.758	5.119000
526.07	5.119000
526.07	6.319000
526.422	6.319000
526.422	5.774000
526.775	5.774000
526.775	6.344000
527.129	6.344000
527.129	5.819000
527.482	5.819000
527.482	5.773000
527.835	5.773000
527.835	5.850000
528.189	5.850000
528.189	4.034000
528.507	4.034000
528.507	4.057000
528.825	4.057000
528.825	3.697000
529.14	3.697000
529.14	6.263000
529.455	6.263000
529.455	6.128000
529.773	6.128000
529.773	6.404000
530.09	6.404000
530.09	6.105000
530.408	6.105000
530.408	5.842000
530.727	5.842000
530.727	6.083000
531.046	6.083000
531.046	3.755000
531.362	3.755000
531.362	3.774000
531.679	3.774000
531.679	3.380000
531.997	3.380000
531.997	5.063000
532.348	5.063000
532.348	5.255000
532.701	5.255000
532.701	5.481000
533.054	5.481000
533.054	6.138000
533.372	6.138000
533.372	6.025000
533.69	6.025000
533.69	5.789000
534.008	5.789000
534.008	3.768000
534.325	3.768000
534.325	3.741000
534.642	3.741000
534.642	3.435000
534.96	3.435000
534.96	6.504000
535.313	6.504000
535.313	6.446000
535.666	6.446000
535.666	6.684000
536.019	6.684000
536.019	5.948000
536.371	5.948000
536.371	5.740000
536.723	5.740000
536.723	5.521000
537.076	5.521000
537.076	4.127000
537.393	4.127000
537.393	4.142000
537.711	4.142000
537.711	3.862000
538.027	3.862000
538.027	6.343000
538.378	6.343000
538.378	6.373000
538.731	6.373000
538.731	6.405000
539.085	6.405000
539.085	5.403000
539.437	5.403000
539.437	5.312000
539.79	5.312000
539.79	5.237000
540.142	5.237000
540.142	6.550000
540.46	6.550000
540.46	6.465000
540.778	6.465000
540.778	6.246000
541.096	6.246000
541.096	6.301000
541.448	6.301000
541.448	6.299000
541.8	6.299000
541.8	6.361000
542.154	6.361000
542.154	6.565000
542.508	6.565000
542.508	6.498000
542.862	6.498000
542.862	6.289000
543.216	6.289000
543.216	3.771000
543.534	3.771000
543.534	3.875000
543.853	3.875000
543.853	3.880000
544.171	3.880000
544.171	5.969000
544.49	5.969000
544.49	5.690000
544.808	5.690000
544.808	5.790000
545.127	5.790000
545.127	5.780000
545.481	5.780000
545.481	5.442000
545.833	5.442000
545.833	5.527000
546.187	5.527000
546.187	3.787000
546.504	3.787000
546.504	3.898000
546.823	3.898000
546.823	3.924000
547.142	3.924000
547.142	6.447000
547.496	6.447000
547.496	6.315000
547.849	6.315000
547.849	6.335000
548.204	6.335000
548.204	5.686000
548.558	5.686000
548.558	5.673000
548.912	5.673000
548.912	5.320000
549.266	5.320000
549.266	3.956000
549.581	3.956000
549.581	3.985000
549.9	3.985000
549.9	4.043000
550.217	4.043000
550.217	5.396000
550.571	5.396000
550.571	5.752000
550.924	5.752000
550.924	5.236000
551.278	5.236000
551.278	6.044000
551.631	6.044000
551.631	5.429000
551.984	5.429000
551.984	5.401000
552.337	5.401000
552.337	3.817000
552.655	3.817000
552.655	3.818000
552.974	3.818000
552.974	3.743000
553.292	3.743000
553.292	6.822000
553.61	6.822000
553.61	6.787000
553.928	6.787000
553.928	6.805000
554.245	6.805000
554.245	6.469000
554.564	6.469000
554.564	6.105000
554.883	6.105000
554.883	6.023000
555.202	6.023000
555.202	5.496000
555.521	5.496000
555.521	5.585000
555.841	5.585000
555.841	5.616000
556.16	5.616000
556.16	6.657000
556.479	6.657000
556.479	6.313000
556.798	6.313000
556.798	6.270000
557.117	6.270000
557.117	7.144000
557.47	7.144000
557.47	6.457000
557.823	6.457000
557.823	6.471000
558.176	6.471000
558.176	5.106000
558.494	5.106000
558.494	5.219000
558.811	5.219000
558.811	5.290000
559.129	5.290000
559.129	6.416000
559.484	6.416000
559.484	6.267000
559.837	6.267000
559.837	5.614000
560.192	5.614000
