0.0	2.362000
0.317	2.362000
0.317	2.374000
0.634	2.374000
0.634	3.372000
0.95	3.372000
0.95	2.487000
1.267	2.487000
1.267	2.563000
1.584	2.563000
1.584	3.346000
1.9	3.346000
1.9	2.410000
2.216	2.410000
2.216	2.456000
2.532	2.456000
2.532	3.350000
2.848	3.350000
2.848	2.337000
3.165	2.337000
3.165	2.368000
3.482	2.368000
3.482	3.176000
3.799	3.176000
3.799	3.604000
4.116	3.604000
4.116	3.543000
4.433	3.543000
4.433	3.389000
4.75	3.389000
4.75	6.513000
5.067	6.513000
5.067	6.485000
5.384	6.485000
5.384	7.720000
5.701	7.720000
5.701	3.713000
6.053	3.713000
6.053	3.663000
6.405	3.663000
6.405	3.464000
6.757	3.464000
6.757	3.321000
7.105	3.321000
7.105	3.319000
7.456	3.319000
7.456	4.756000
7.772	4.756000
7.772	4.777000
8.089	4.777000
8.089	6.179000
8.406	6.179000
8.406	4.179000
8.723	4.179000
8.723	4.126000
9.04	4.126000
9.04	9.400000
9.357	9.400000
9.357	6.118000
9.675	6.118000
9.675	6.207000
9.993	6.207000
9.993	7.627000
10.311	7.627000
10.311	2.689000
10.663	2.689000
10.663	2.667000
11.015	2.667000
11.015	4.149000
11.366	4.149000
11.366	8.278000
11.718	8.278000
11.718	8.391000
12.07	8.391000
12.07	9.014000
12.421	9.014000
12.421	2.321000
12.738	2.321000
12.738	2.333000
13.055	2.333000
13.055	3.467000
13.372	3.467000
13.372	3.548000
13.689	3.548000
13.689	3.622000
14.006	3.622000
14.006	3.270000
14.323	3.270000
14.323	2.328000
14.64	2.328000
14.64	2.340000
14.957	2.340000
14.957	3.494000
15.274	3.494000
15.274	2.418000
15.591	2.418000
15.591	2.408000
15.908	2.408000
15.908	3.421000
16.225	3.421000
16.225	2.586000
16.542	2.586000
16.542	2.593000
16.859	2.593000
16.859	3.409000
17.176	3.409000
17.176	3.754000
17.493	3.754000
17.493	3.900000
17.81	3.900000
17.81	3.672000
18.127	3.672000
18.127	2.647000
18.444	2.647000
18.444	2.638000
18.761	2.638000
18.761	3.595000
19.078	3.595000
19.078	2.553000
19.43	2.553000
19.43	2.551000
19.782	2.551000
19.782	3.589000
20.134	3.589000
20.134	3.598000
20.486	3.598000
20.486	3.655000
20.838	3.655000
20.838	3.461000
21.19	3.461000
21.19	2.395000
21.507	2.395000
21.507	2.445000
21.824	2.445000
21.824	3.563000
22.141	3.563000
22.141	3.668000
22.458	3.668000
22.458	3.860000
22.775	3.860000
22.775	3.483000
23.092	3.483000
23.092	2.197000
23.39	2.197000
23.39	2.215000
23.688	2.215000
23.688	3.556000
23.986	3.556000
23.986	3.893000
24.303	3.893000
24.303	3.887000
24.619	3.887000
24.619	3.610000
24.936	3.610000
24.936	3.655000
25.253	3.655000
25.253	3.586000
25.57	3.586000
25.57	3.383000
25.887	3.383000
25.887	2.404000
26.163	2.404000
26.163	2.362000
26.439	2.362000
26.439	3.245000
26.715	3.245000
26.715	2.479000
27.068	2.479000
27.068	2.464000
27.421	2.464000
27.421	3.447000
27.774	3.447000
27.774	2.421000
28.091	2.421000
28.091	2.434000
28.408	2.434000
28.408	3.317000
28.725	3.317000
28.725	2.560000
29.044	2.560000
29.044	2.597000
29.363	2.597000
29.363	4.035000
29.682	4.035000
29.682	2.523000
29.999	2.523000
29.999	2.561000
30.316	2.561000
30.316	3.434000
30.631	3.434000
30.631	3.575000
30.983	3.575000
30.983	3.567000
31.335	3.567000
31.335	3.539000
31.687	3.539000
31.687	3.863000
32.004	3.863000
32.004	3.798000
32.321	3.798000
32.321	3.673000
32.638	3.673000
32.638	2.520000
32.954	2.520000
32.954	2.523000
33.27	2.523000
33.27	3.241000
33.586	3.241000
33.586	2.529000
33.903	2.529000
33.903	2.549000
34.22	2.549000
34.22	3.429000
34.537	3.429000
34.537	2.482000
34.855	2.482000
34.855	2.513000
35.173	2.513000
35.173	3.523000
35.491	3.523000
35.491	2.382000
35.807	2.382000
35.807	2.353000
36.123	2.353000
36.123	3.318000
36.439	3.318000
36.439	3.639000
36.791	3.639000
36.791	3.944000
37.143	3.944000
37.143	3.673000
37.495	3.673000
37.495	1.600000
37.907	1.600000
37.907	1.573000
38.332	1.573000
38.332	3.773000
38.755	3.773000
38.755	3.441000
39.06	3.441000
39.06	3.459000
39.367	3.459000
39.367	3.698000
39.671	3.698000
39.671	2.209000
40.097	2.209000
40.097	2.278000
40.523	2.278000
40.523	3.389000
40.948	3.389000
40.948	2.407000
41.266	2.407000
41.266	2.413000
41.584	2.413000
41.584	3.349000
41.902	3.349000
41.902	2.307000
42.219	2.307000
42.219	2.323000
42.536	2.323000
42.536	3.439000
42.853	3.439000
42.853	3.770000
43.17	3.770000
43.17	3.725000
43.486	3.725000
43.486	3.439000
43.803	3.439000
43.803	2.569000
44.12	2.569000
44.12	2.558000
44.437	2.558000
44.437	3.231000
44.754	3.231000
44.754	2.320000
45.071	2.320000
45.071	2.320000
45.388	2.320000
45.388	3.512000
45.705	3.512000
45.705	2.498000
46.023	2.498000
46.023	2.534000
46.341	2.534000
46.341	3.364000
46.659	3.364000
46.659	1.621000
46.958	1.621000
46.958	1.536000
47.258	1.536000
47.258	4.292000
47.555	4.292000
47.555	1.839000
47.883	1.839000
47.883	1.898000
48.211	1.898000
48.211	2.705000
48.541	2.705000
48.541	1.864000
48.884	1.864000
48.884	1.767000
49.224	1.767000
49.224	1.686000
49.565	1.686000
49.565	2.813000
49.883	2.813000
49.883	2.766000
50.201	2.766000
50.201	3.477000
50.519	3.477000
50.519	2.458000
50.836	2.458000
50.836	2.504000
51.153	2.504000
51.153	3.344000
51.469	3.344000
51.469	2.520000
51.786	2.520000
51.786	2.478000
52.103	2.478000
52.103	3.424000
52.42	3.424000
52.42	2.345000
52.736	2.345000
52.736	2.354000
53.052	2.354000
53.052	3.325000
53.368	3.325000
53.368	2.469000
53.685	2.469000
53.685	2.437000
54.002	2.437000
54.002	3.212000
54.318	3.212000
54.318	2.316000
54.635	2.316000
54.635	2.328000
54.952	2.328000
54.952	3.496000
55.269	3.496000
55.269	3.018000
55.579	3.018000
55.579	2.967000
55.884	2.967000
55.884	3.161000
56.187	3.161000
56.187	2.070000
56.617	2.070000
56.617	2.018000
57.047	2.018000
57.047	3.957000
57.46	3.957000
57.46	1.998000
57.802	1.998000
57.802	2.093000
58.138	2.093000
58.138	2.251000
58.477	2.251000
58.477	2.659000
58.795	2.659000
58.795	2.637000
59.113	2.637000
59.113	3.485000
59.431	3.485000
59.431	2.482000
59.748	2.482000
59.748	2.450000
60.065	2.450000
60.065	3.322000
60.382	3.322000
60.382	2.447000
60.699	2.447000
60.699	2.422000
61.016	2.422000
61.016	3.415000
61.333	3.415000
61.333	2.416000
61.651	2.416000
61.651	2.379000
61.969	2.379000
61.969	3.451000
62.286	3.451000
62.286	2.382000
62.603	2.382000
62.603	2.394000
62.92	2.394000
62.92	3.336000
63.236	3.336000
63.236	3.630000
63.588	3.630000
63.588	3.574000
63.939	3.574000
63.939	3.358000
64.291	3.358000
64.291	2.442000
64.609	2.442000
64.609	2.443000
64.927	2.443000
64.927	3.275000
65.245	3.275000
65.245	2.457000
65.562	2.457000
65.562	2.507000
65.879	2.507000
65.879	3.555000
66.195	3.555000
66.195	3.744000
66.546	3.744000
66.546	3.697000
66.897	3.697000
66.897	3.518000
67.249	3.518000
67.249	3.487000
67.601	3.487000
67.601	3.542000
67.953	3.542000
67.953	3.374000
68.305	3.374000
68.305	2.405000
68.622	2.405000
68.622	2.402000
68.939	2.402000
68.939	3.516000
69.255	3.516000
69.255	3.544000
69.607	3.544000
69.607	3.531000
69.959	3.531000
69.959	3.366000
70.311	3.366000
70.311	3.705000
70.628	3.705000
70.628	3.615000
70.945	3.615000
70.945	3.316000
71.262	3.316000
71.262	2.213000
71.578	2.213000
71.578	2.187000
71.894	2.187000
71.894	3.213000
72.21	3.213000
72.21	2.459000
72.526	2.459000
72.526	2.403000
72.842	2.403000
72.842	3.419000
73.158	3.419000
73.158	4.172000
73.469	4.172000
73.469	4.229000
73.78	4.229000
73.78	3.932000
74.093	3.932000
74.093	1.444000
74.417	1.444000
74.417	1.490000
74.733	1.490000
74.733	1.867000
75.063	1.867000
75.063	1.707000
75.356	1.707000
75.356	1.694000
75.655	1.694000
75.655	1.657000
75.951	1.657000
75.951	3.547000
76.267	3.547000
76.267	3.732000
76.584	3.732000
76.584	3.374000
76.901	3.374000
76.901	2.467000
77.217	2.467000
77.217	2.572000
77.533	2.572000
77.533	3.595000
77.849	3.595000
77.849	3.699000
78.2	3.699000
78.2	3.684000
78.551	3.684000
78.551	3.306000
78.902	3.306000
78.902	2.300000
79.218	2.300000
79.218	2.264000
79.534	2.264000
79.534	3.318000
79.85	3.318000
79.85	2.214000
80.166	2.214000
80.166	2.261000
80.482	2.261000
80.482	3.144000
80.798	3.144000
80.798	2.481000
81.115	2.481000
81.115	2.519000
81.432	2.519000
81.432	3.435000
81.749	3.435000
81.749	2.255000
82.056	2.255000
82.056	2.246000
82.363	2.246000
82.363	3.675000
82.665	3.675000
82.665	2.934000
82.937	2.934000
82.937	2.882000
83.212	2.882000
83.212	3.444000
83.484	3.444000
83.484	3.279000
83.797	3.279000
83.797	3.265000
84.106	3.265000
84.106	5.051000
84.419	5.051000
84.419	3.583000
84.735	3.583000
84.735	3.358000
85.052	3.358000
85.052	3.141000
85.369	3.141000
85.369	2.490000
85.686	2.490000
85.686	2.481000
86.003	2.481000
86.003	3.302000
86.32	3.302000
86.32	2.452000
86.637	2.452000
86.637	2.461000
86.954	2.461000
86.954	3.317000
87.27	3.317000
87.27	2.413000
87.588	2.413000
87.588	2.415000
87.906	2.415000
87.906	3.192000
88.224	3.192000
88.224	2.501000
88.5	2.501000
88.5	2.467000
88.776	2.467000
88.776	3.301000
89.052	3.301000
89.052	2.732000
89.371	2.732000
89.371	2.736000
89.69	2.736000
89.69	3.395000
90.009	3.395000
90.009	3.339000
90.322	3.339000
90.322	3.299000
90.631	3.299000
90.631	3.893000
90.942	3.893000
90.942	2.859000
91.257	2.859000
91.257	2.811000
91.571	2.811000
91.571	3.643000
91.886	3.643000
91.886	1.789000
92.194	1.789000
92.194	1.891000
92.489	1.891000
92.489	3.993000
92.785	3.993000
92.785	2.836000
93.1	2.836000
93.1	2.885000
93.413	2.885000
93.413	4.513000
93.727	4.513000
93.727	3.522000
94.077	3.522000
94.077	3.601000
94.425	3.601000
94.425	3.733000
94.773	3.733000
94.773	3.716000
95.125	3.716000
95.125	3.795000
95.477	3.795000
95.477	3.429000
95.829	3.429000
95.829	2.302000
96.145	2.302000
96.145	2.276000
96.461	2.276000
96.461	3.408000
96.777	3.408000
96.777	2.538000
97.093	2.538000
97.093	2.486000
97.409	2.486000
97.409	3.035000
97.725	3.035000
97.725	3.294000
98.043	3.294000
98.043	3.337000
98.361	3.337000
98.361	4.802000
98.679	4.802000
98.679	3.413000
98.99	3.413000
98.99	3.548000
99.302	3.548000
99.302	5.818000
99.614	5.818000
99.614	2.516000
100.023	2.516000
100.023	2.385000
100.434	2.385000
100.434	3.880000
100.842	3.880000
100.842	2.427000
101.161	2.427000
101.161	2.517000
101.48	2.517000
101.48	3.525000
101.799	3.525000
101.799	2.607000
102.151	2.607000
102.151	2.620000
102.503	2.620000
102.503	4.771000
102.854	4.771000
102.854	4.280000
103.171	4.280000
103.171	4.120000
103.488	4.120000
103.488	4.290000
103.805	4.290000
103.805	2.374000
104.123	2.374000
104.123	2.441000
104.441	2.441000
104.441	3.311000
104.758	3.311000
104.758	2.350000
105.075	2.350000
105.075	2.427000
105.392	2.427000
105.392	3.559000
105.708	3.559000
105.708	3.869000
106.025	3.869000
106.025	3.923000
106.342	3.923000
106.342	3.549000
106.659	3.549000
106.659	2.297000
106.994	2.297000
106.994	2.229000
107.337	2.229000
107.337	2.763000
107.678	2.763000
107.678	4.051000
108.082	4.051000
108.082	3.938000
108.488	3.938000
108.488	4.503000
108.896	4.503000
108.896	2.382000
109.198	2.382000
109.198	2.323000
109.505	2.323000
109.505	2.135000
109.819	2.135000
109.819	3.640000
110.136	3.640000
110.136	3.795000
110.453	3.795000
110.453	3.851000
110.77	3.851000
110.77	2.596000
111.086	2.596000
111.086	2.593000
111.402	2.593000
111.402	3.816000
111.718	3.816000
111.718	2.284000
112.034	2.284000
112.034	2.265000
112.35	2.265000
112.35	6.124000
112.666	6.124000
112.666	5.242000
113.018	5.242000
113.018	5.197000
113.37	5.197000
113.37	4.764000
113.722	4.764000
113.722	3.684000
114.039	3.684000
114.039	3.642000
114.356	3.642000
114.356	5.637000
114.673	5.637000
114.673	4.349000
115.026	4.349000
115.026	4.256000
115.379	4.256000
115.379	4.531000
115.732	4.531000
115.732	4.280000
116.142	4.280000
116.142	4.318000
116.551	4.318000
116.551	3.964000
116.964	3.964000
116.964	3.013000
117.276	3.013000
117.276	2.898000
117.59	2.898000
117.59	3.645000
117.905	3.645000
117.905	3.901000
118.222	3.901000
118.222	3.850000
118.537	3.850000
118.537	3.705000
118.852	3.705000
118.852	3.681000
119.204	3.681000
119.204	3.681000
119.556	3.681000
119.556	3.418000
119.908	3.418000
119.908	2.306000
120.225	2.306000
120.225	2.237000
120.542	2.237000
120.542	3.365000
120.859	3.365000
120.859	2.568000
121.176	2.568000
121.176	2.552000
121.493	2.552000
121.493	3.429000
121.81	3.429000
121.81	2.595000
122.128	2.595000
122.128	2.512000
122.446	2.512000
122.446	3.587000
122.763	3.587000
122.763	2.350000
123.079	2.350000
123.079	2.310000
123.395	2.310000
123.395	3.549000
123.709	3.549000
123.709	2.460000
124.025	2.460000
124.025	2.368000
124.341	2.368000
124.341	3.131000
124.657	3.131000
124.657	2.198000
124.962	2.198000
124.962	2.149000
125.261	2.149000
125.261	2.204000
125.564	2.204000
125.564	3.122000
125.875	3.122000
125.875	3.226000
126.188	3.226000
126.188	3.810000
126.499	3.810000
126.499	3.227000
126.838	3.227000
126.838	3.138000
127.179	3.138000
127.179	2.812000
127.523	2.812000
127.523	3.558000
127.84	3.558000
127.84	3.573000
128.157	3.573000
128.157	3.341000
128.474	3.341000
128.474	2.318000
128.79	2.318000
128.79	2.356000
129.106	2.356000
129.106	3.391000
129.422	3.391000
129.422	3.779000
129.773	3.779000
129.773	3.737000
130.124	3.737000
130.124	3.357000
130.475	3.357000
130.475	2.516000
130.794	2.516000
130.794	2.560000
131.113	2.560000
131.113	3.415000
131.431	3.415000
131.431	2.328000
131.748	2.328000
131.748	2.361000
132.065	2.361000
132.065	3.667000
132.367	3.667000
132.367	2.262000
132.684	2.262000
132.684	2.326000
133.001	2.326000
133.001	3.315000
133.318	3.315000
133.318	3.004000
133.626	3.004000
133.626	3.034000
133.931	3.034000
133.931	3.392000
134.242	3.392000
134.242	2.810000
134.557	2.810000
134.557	2.802000
134.872	2.802000
134.872	3.753000
135.189	3.753000
135.189	2.723000
135.506	2.723000
135.506	2.726000
135.821	2.726000
135.821	3.547000
136.137	3.547000
136.137	2.592000
136.454	2.592000
136.454	2.569000
136.77	2.569000
136.77	3.520000
137.087	3.520000
137.087	2.352000
137.404	2.352000
137.404	2.392000
137.721	2.392000
137.721	3.525000
138.038	3.525000
138.038	2.428000
138.356	2.428000
138.356	2.434000
138.674	2.434000
138.674	3.121000
138.991	3.121000
138.991	2.384000
139.307	2.384000
139.307	2.383000
139.623	2.383000
139.623	3.313000
139.938	3.313000
139.938	2.286000
140.254	2.286000
140.254	2.239000
140.57	2.239000
140.57	3.439000
140.885	3.439000
140.885	3.538000
141.201	3.538000
141.201	3.475000
141.517	3.475000
141.517	3.277000
141.833	3.277000
141.833	2.588000
142.153	2.588000
142.153	2.595000
142.473	2.595000
142.473	3.522000
142.793	3.522000
142.793	3.603000
143.109	3.603000
143.109	3.729000
143.425	3.729000
143.425	3.325000
143.742	3.325000
143.742	3.235000
144.05	3.235000
144.05	3.203000
144.357	3.203000
144.357	4.378000
144.667	4.378000
144.667	2.363000
144.984	2.363000
144.984	2.414000
145.301	2.414000
145.301	3.318000
145.616	3.318000
145.616	4.000000
145.931	4.000000
145.931	4.039000
146.247	4.039000
146.247	3.674000
146.562	3.674000
146.562	2.351000
146.838	2.351000
146.838	2.440000
147.114	2.440000
147.114	3.487000
147.39	3.487000
147.39	2.822000
147.707	2.822000
147.707	2.888000
148.024	2.888000
148.024	7.108000
148.341	7.108000
148.341	2.551000
148.657	2.551000
148.657	2.654000
148.973	2.654000
148.973	3.437000
149.289	3.437000
149.289	2.297000
149.606	2.297000
149.606	2.329000
149.923	2.329000
149.923	3.413000
150.24	3.413000
150.24	2.421000
150.557	2.421000
150.557	2.516000
150.874	2.516000
150.874	3.291000
151.191	3.291000
151.191	2.333000
151.543	2.333000
151.543	2.313000
151.895	2.313000
151.895	3.394000
152.247	3.394000
152.247	2.802000
152.553	2.802000
152.553	2.746000
152.864	2.746000
152.864	4.154000
153.165	4.154000
153.165	2.050000
153.503	2.050000
153.503	1.986000
153.837	1.986000
153.837	3.459000
154.174	3.459000
154.174	3.202000
154.511	3.202000
154.511	3.295000
154.854	3.295000
154.854	4.032000
155.2	4.032000
155.2	2.395000
155.517	2.395000
155.517	2.384000
155.834	2.384000
155.834	3.367000
156.151	3.367000
156.151	2.546000
156.468	2.546000
156.468	2.544000
156.785	2.544000
156.785	3.786000
157.1	3.786000
157.1	2.674000
157.417	2.674000
157.417	2.712000
157.734	2.712000
157.734	3.654000
158.05	3.654000
158.05	2.986000
158.368	2.986000
158.368	2.917000
158.686	2.917000
158.686	3.600000
159.004	3.600000
159.004	4.418000
159.321	4.418000
159.321	4.412000
159.638	4.412000
159.638	5.445000
159.954	5.445000
159.954	4.985000
160.271	4.985000
160.271	5.006000
160.588	5.006000
160.588	4.836000
160.905	4.836000
160.905	1.874000
161.327	1.874000
161.327	1.859000
161.749	1.859000
161.749	4.244000
162.18	4.244000
162.18	3.789000
162.68	3.789000
162.68	4.270000
163.18	4.270000
163.18	5.873000
163.686	5.873000
163.686	2.426000
163.993	2.426000
163.993	2.400000
164.297	2.400000
164.297	3.013000
164.607	3.013000
164.607	3.763000
164.959	3.763000
164.959	3.751000
165.311	3.751000
165.311	3.491000
165.663	3.491000
165.663	6.184000
165.98	6.184000
165.98	6.053000
166.297	6.053000
166.297	7.411000
166.611	7.411000
166.611	2.952000
166.928	2.952000
166.928	2.986000
167.245	2.986000
167.245	4.269000
167.561	4.269000
167.561	3.954000
167.878	3.954000
167.878	3.872000
168.195	3.872000
168.195	3.500000
168.512	3.500000
168.512	2.360000
168.829	2.360000
168.829	2.361000
169.145	2.361000
169.145	3.444000
169.462	3.444000
169.462	2.576000
169.779	2.576000
169.779	2.626000
170.096	2.626000
170.096	3.471000
170.413	3.471000
170.413	2.994000
170.73	2.994000
170.73	2.944000
171.039	2.944000
171.039	3.495000
171.35	3.495000
171.35	2.851000
171.718	2.851000
171.718	2.846000
172.084	2.846000
172.084	3.510000
172.456	3.510000
172.456	3.973000
172.802	3.973000
172.802	4.106000
173.145	4.106000
173.145	5.243000
173.493	5.243000
173.493	3.604000
173.845	3.604000
173.845	3.700000
174.197	3.700000
174.197	3.226000
174.549	3.226000
174.549	2.507000
174.866	2.507000
174.866	2.486000
175.183	2.486000
175.183	3.526000
175.499	3.526000
175.499	3.629000
175.851	3.629000
175.851	3.657000
176.203	3.657000
176.203	3.508000
176.555	3.508000
176.555	2.438000
176.872	2.438000
176.872	2.374000
177.189	2.374000
177.189	3.103000
177.506	3.103000
177.506	2.509000
177.823	2.509000
177.823	2.506000
178.14	2.506000
178.14	3.437000
178.457	3.437000
178.457	3.533000
178.808	3.533000
178.808	3.700000
179.16	3.700000
179.16	3.474000
179.512	3.474000
179.512	1.561000
179.937	1.561000
179.937	1.534000
180.362	1.534000
180.362	3.293000
180.776	3.293000
180.776	2.559000
181.074	2.559000
181.074	2.315000
181.385	2.315000
181.385	3.235000
181.686	3.235000
181.686	2.127000
181.979	2.127000
181.979	2.044000
182.278	2.044000
182.278	4.335000
182.59	4.335000
182.59	3.768000
182.907	3.768000
182.907	3.807000
183.224	3.807000
183.224	3.681000
183.54	3.681000
183.54	2.444000
183.857	2.444000
183.857	2.402000
184.174	2.402000
184.174	3.216000
184.49	3.216000
184.49	2.502000
184.807	2.502000
184.807	2.420000
185.124	2.420000
185.124	3.504000
185.441	3.504000
185.441	3.661000
185.793	3.661000
185.793	3.694000
186.145	3.694000
186.145	3.345000
186.496	3.345000
186.496	2.533000
186.813	2.533000
186.813	2.504000
187.13	2.504000
187.13	3.282000
187.447	3.282000
187.447	4.175000
187.764	4.175000
187.764	4.101000
188.081	4.101000
188.081	4.102000
188.398	4.102000
188.398	3.267000
188.71	3.267000
188.71	3.234000
189.022	3.234000
189.022	5.181000
189.33	5.181000
189.33	3.580000
189.642	3.580000
189.642	2.853000
189.956	2.853000
189.956	4.397000
190.27	4.397000
190.27	3.844000
190.618	3.844000
190.618	4.236000
190.968	4.236000
190.968	4.832000
191.313	4.832000
191.313	3.797000
191.665	3.797000
191.665	3.759000
192.017	3.759000
192.017	3.313000
192.369	3.313000
192.369	2.285000
192.686	2.285000
192.686	2.362000
193.003	2.362000
193.003	3.413000
193.32	3.413000
193.32	2.420000
193.637	2.420000
193.637	2.433000
193.954	2.433000
193.954	3.187000
194.271	3.187000
194.271	3.789000
194.623	3.789000
194.623	3.693000
194.975	3.693000
194.975	3.428000
195.327	3.428000
195.327	2.429000
195.644	2.429000
195.644	2.382000
195.961	2.382000
195.961	3.515000
196.278	3.515000
196.278	3.764000
196.595	3.764000
196.595	3.716000
196.912	3.716000
196.912	3.436000
197.229	3.436000
197.229	3.874000
197.546	3.874000
197.546	3.768000
197.863	3.768000
197.863	3.562000
198.18	3.562000
198.18	3.411000
198.493	3.411000
198.493	3.375000
198.804	3.375000
198.804	5.150000
199.117	5.150000
199.117	3.392000
199.427	3.392000
199.427	3.306000
199.74	3.306000
199.74	4.177000
200.051	4.177000
200.051	2.385000
200.327	2.385000
200.327	2.313000
200.603	2.313000
200.603	3.626000
200.878	3.626000
200.878	2.222000
201.195	2.222000
201.195	2.168000
201.512	2.168000
201.512	3.266000
201.829	3.266000
201.829	3.941000
202.181	3.941000
202.181	4.013000
202.533	4.013000
202.533	3.570000
202.885	3.570000
202.885	2.512000
203.161	2.512000
203.161	2.470000
203.437	2.470000
203.437	3.601000
203.713	3.601000
203.713	1.719000
204.021	1.719000
204.021	1.666000
204.33	1.666000
204.33	2.177000
204.64	2.177000
204.64	3.231000
204.947	3.231000
204.947	3.056000
205.255	3.056000
205.255	5.506000
205.563	5.506000
205.563	2.289000
205.907	2.289000
205.907	2.325000
206.247	2.325000
206.247	2.388000
206.587	2.388000
206.587	2.491000
206.863	2.491000
206.863	2.465000
207.139	2.465000
207.139	3.483000
207.414	3.483000
207.414	3.227000
207.766	3.227000
207.766	3.004000
208.118	3.004000
208.118	4.421000
208.47	4.421000
208.47	5.921000
208.787	5.921000
208.787	5.994000
209.103	5.994000
209.103	5.924000
209.42	5.924000
209.42	4.463000
209.738	4.463000
209.738	4.350000
210.056	4.350000
210.056	4.342000
210.374	4.342000
210.374	2.594000
210.691	2.594000
210.691	2.465000
211.008	2.465000
211.008	3.275000
211.325	3.275000
211.325	2.444000
211.642	2.444000
211.642	2.378000
211.959	2.378000
211.959	3.185000
212.276	3.185000
212.276	4.362000
212.684	4.362000
212.684	4.104000
213.088	4.104000
213.088	5.582000
213.498	5.582000
213.498	3.735000
213.812	3.735000
213.812	3.653000
214.126	3.653000
214.126	5.349000
214.443	5.349000
214.443	5.464000
214.761	5.464000
214.761	6.450000
215.079	6.450000
215.079	6.898000
215.396	6.898000
215.396	6.844000
215.713	6.844000
215.713	6.878000
216.03	6.878000
216.03	2.255000
216.37	2.255000
216.37	2.294000
216.71	2.294000
216.71	9.422000
217.05	9.422000
217.05	8.653000
217.371	8.653000
217.371	8.619000
217.692	8.619000
217.692	6.868000
218.013	6.868000
218.013	3.677000
218.365	3.677000
218.365	3.749000
218.716	3.749000
218.716	3.323000
219.068	3.323000
219.068	2.438000
219.385	2.438000
219.385	2.359000
219.702	2.359000
219.702	3.348000
220.019	3.348000
220.019	3.557000
220.336	3.557000
220.336	3.596000
220.653	3.596000
220.653	3.085000
220.97	3.085000
220.97	2.993000
221.247	2.993000
221.247	3.040000
221.524	3.040000
221.524	4.791000
221.8	4.791000
221.8	2.628000
222.116	2.628000
222.116	2.652000
222.433	2.652000
222.433	4.768000
222.75	4.768000
222.75	2.473000
223.066	2.473000
223.066	2.511000
223.382	2.511000
223.382	4.250000
223.699	4.250000
223.699	3.531000
224.009	3.531000
224.009	3.556000
224.32	3.556000
224.32	3.332000
224.631	3.332000
224.631	2.601000
224.948	2.601000
224.948	2.561000
225.265	2.561000
225.265	3.866000
225.581	3.866000
225.581	3.303000
225.898	3.303000
225.898	3.323000
226.215	3.323000
226.215	4.771000
226.532	4.771000
226.532	9.657000
226.884	9.657000
226.884	9.674000
227.236	9.674000
227.236	8.148000
227.588	8.148000
227.588	2.385000
227.904	2.385000
227.904	2.332000
228.22	2.332000
228.22	3.657000
228.536	3.657000
228.536	4.736000
228.853	4.736000
228.853	4.690000
229.17	4.690000
229.17	6.035000
229.487	6.035000
229.487	8.262000
229.821	8.262000
229.821	7.995000
230.152	7.995000
230.152	8.180000
230.491	8.180000
230.491	7.343000
230.869	7.343000
230.869	7.358000
231.249	7.358000
231.249	8.286000
231.627	8.286000
231.627	4.483000
231.942	4.483000
231.942	4.673000
232.253	4.673000
232.253	7.336000
232.564	7.336000
232.564	2.533000
232.882	2.533000
232.882	2.546000
233.2	2.546000
233.2	9.865000
233.518	9.865000
233.518	2.444000
233.834	2.444000
233.834	2.414000
234.15	2.414000
234.15	3.259000
234.466	3.259000
234.466	2.505000
234.783	2.505000
234.783	2.575000
235.1	2.575000
235.1	3.271000
235.417	3.271000
235.417	6.382000
235.769	6.382000
235.769	6.382000
236.12	6.382000
236.12	6.424000
236.472	6.424000
236.472	2.456000
236.789	2.456000
236.789	2.518000
237.106	2.518000
237.106	3.312000
237.423	3.312000
237.423	3.689000
237.775	3.689000
237.775	3.592000
238.127	3.592000
238.127	3.182000
238.479	3.182000
238.479	9.399000
238.771	9.399000
238.771	9.187000
239.076	9.187000
239.076	9.754000
239.379	9.754000
239.379	4.111000
239.722	4.111000
239.722	4.113000
240.059	4.113000
240.059	4.484000
240.397	4.484000
240.397	6.010000
240.745	6.010000
240.745	5.996000
241.088	5.996000
241.088	6.162000
241.43	6.162000
241.43	7.964000
241.782	7.964000
241.782	7.958000
242.132	7.958000
242.132	7.955000
242.484	7.955000
242.484	9.230000
242.801	9.230000
242.801	9.227000
243.118	9.227000
243.118	8.216000
243.435	8.216000
243.435	4.252000
243.758	4.252000
243.758	4.330000
244.081	4.330000
244.081	9.185000
244.404	9.185000
244.404	2.615000
244.721	2.615000
244.721	2.644000
245.038	2.644000
245.038	4.087000
245.355	4.087000
245.355	2.526000
245.672	2.526000
245.672	2.602000
245.989	2.602000
245.989	3.617000
246.306	3.617000
246.306	3.631000
246.658	3.631000
246.658	3.556000
247.01	3.556000
247.01	4.706000
247.363	4.706000
247.363	2.928000
247.679	2.928000
247.679	3.004000
247.995	3.004000
247.995	9.938000
248.311	9.938000
248.311	5.248000
248.625	5.248000
248.625	5.198000
248.941	5.198000
248.941	6.183000
249.257	6.183000
249.257	7.642000
249.574	7.642000
249.574	8.814000
249.89	8.814000
249.89	8.789000
250.207	8.789000
250.207	2.321000
250.559	2.321000
250.559	2.313000
250.911	2.313000
250.911	6.205000
251.263	6.205000
251.263	3.939000
251.615	3.939000
251.615	4.043000
251.967	4.043000
251.967	3.794000
252.319	3.794000
252.319	5.317000
252.671	5.317000
252.671	5.384000
253.024	5.384000
253.024	5.349000
253.377	5.349000
253.377	2.352000
253.694	2.352000
253.694	2.361000
254.011	2.361000
254.011	3.363000
254.328	3.363000
254.328	2.410000
254.645	2.410000
254.645	2.412000
254.962	2.412000
254.962	3.458000
255.279	3.458000
255.279	4.752000
255.627	4.752000
255.627	4.523000
255.973	4.523000
255.973	9.684000
256.32	9.684000
256.32	3.973000
256.634	3.973000
256.634	4.023000
256.943	4.023000
256.943	4.167000
257.256	4.167000
257.256	2.942000
257.57	2.942000
257.57	2.915000
257.881	2.915000
257.881	3.861000
258.194	3.861000
258.194	3.823000
258.511	3.823000
258.511	3.654000
258.828	3.654000
258.828	3.506000
259.145	3.506000
259.145	8.232000
259.462	8.232000
259.462	8.088000
259.779	8.088000
259.779	8.377000
260.095	8.377000
260.095	8.835000
260.412	8.835000
260.412	8.816000
260.729	8.816000
260.729	6.857000
261.046	6.857000
261.046	3.836000
261.363	3.836000
261.363	3.918000
261.68	3.918000
261.68	3.782000
261.997	3.782000
